You need to install the group's fork of aRMSD and put it in your path https://github.mit.edu/MLMat/aRMSD
[ 0.        +404.56575763j  0.          +4.12692693j
  0.          +2.22628544j  0.          +1.56637348j
  0.          +1.16081786j  0.          +0.81435746j
  3.03602284  +0.j         17.0466442   +0.j
 18.36695524  +0.j         21.15544826  +0.j
 25.05510076  +0.j         27.00858221  +0.j
 39.8863963   +0.j         51.8518992   +0.j
 58.1806054   +0.j         62.22508528  +0.j
 64.46892023  +0.j         71.1872458   +0.j
 75.06927437  +0.j         83.10307417  +0.j        ]
Entropy components at T = 298.15 K and P = 101325.0 Pa:
=================================================
                           S               T*S
S_trans (1 bar)    0.0019505 eV/K        0.582 eV
S_rot              0.0016508 eV/K        0.492 eV
S_elec             0.0000000 eV/K        0.000 eV
S_vib              0.0056824 eV/K        1.694 eV
S (1 bar -> P)    -0.0000011 eV/K       -0.000 eV
-------------------------------------------------
S                  0.0092825 eV/K        2.768 eV
=================================================
Enthalpy components at T = 298.15 K:
===============================
E_pot                 -3.035 eV
E_ZPE                  9.167 eV
Cv_trans (0->T)        0.039 eV
Cv_rot (0->T)          0.039 eV
Cv_vib (0->T)          0.794 eV
(C_v -> C_p)           0.026 eV
-------------------------------
H                      7.029 eV
===============================
RMS: 0.017350196838378906, MAX: 0.4779665172100067
RMS: 0.0067461952567100525, MAX: 0.1293363869190216
RMS: 0.007674100808799267, MAX: 0.23792944848537445
RMS: 0.0062375254929065704, MAX: 0.08102557063102722
RMS: 0.006544758565723896, MAX: 0.0847586840391159
RMS: 0.0032935691997408867, MAX: 0.050078194588422775
RMS: 0.003435504622757435, MAX: 0.02497565932571888
RMS: 0.0022150056902319193, MAX: 0.011416357010602951
RMS: 0.002435987815260887, MAX: 0.024183746427297592
RMS: 0.0021261083893477917, MAX: 0.029368752613663673
RMS: 0.0018610444385558367, MAX: 0.03175181895494461
RMS: 0.001793202944099903, MAX: 0.030611112713813782
RMS: 0.0014110853662714362, MAX: 0.01663733646273613
RMS: 0.0012502558529376984, MAX: 0.008613151498138905
RMS: 0.001955378567799926, MAX: 0.014712223783135414
RMS: 0.001500164857134223, MAX: 0.014264904893934727
RMS: 0.0019596160855144262, MAX: 0.022412749007344246
RMS: 0.0027396471705287695, MAX: 0.044629037380218506
RMS: 0.002320253988727927, MAX: 0.03096870705485344
RMS: 0.0033621308393776417, MAX: 0.056387342512607574
RMS: 0.0038514749612659216, MAX: 0.0646677240729332
RMS: 0.0026024028193205595, MAX: 0.04039758816361427
RMS: 0.0010017959866672754, MAX: 0.005189636256545782
RMS: 0.0026824851520359516, MAX: 0.018112538382411003
RMS: 0.0015163463540375233, MAX: 0.019984139129519463
RMS: 0.002915965160354972, MAX: 0.0230525191873312
RMS: 0.0018739902880042791, MAX: 0.025611011311411858
RMS: 0.0013844319619238377, MAX: 0.006256536114960909
RMS: 0.0009004591847769916, MAX: 0.008950755931437016
RMS: 0.0012204812373965979, MAX: 0.010771223343908787
RMS: 0.0015329414745792747, MAX: 0.015962399542331696
RMS: 0.0016679884865880013, MAX: 0.017424792051315308
RMS: 0.0018565051723271608, MAX: 0.019839808344841003
RMS: 0.0013938494957983494, MAX: 0.012954089790582657
RMS: 0.0007796051795594394, MAX: 0.00574210612103343
RMS: 0.0010026219533756375, MAX: 0.01130784209817648
RMS: 0.0015795861836522818, MAX: 0.02206743136048317
RMS: 0.0014817877672612667, MAX: 0.018884316086769104
RMS: 0.0018574080895632505, MAX: 0.025040946900844574
RMS: 0.001900531118735671, MAX: 0.026481622830033302
RMS: 0.003130424302071333, MAX: 0.0517457015812397
RMS: 0.0025939238257706165, MAX: 0.04001372307538986
RMS: 0.0034540367778390646, MAX: 0.05690408870577812
RMS: 0.003092358587309718, MAX: 0.05014404281973839
RMS: 0.001355574349872768, MAX: 0.012833449058234692
RMS: 0.0023063684348016977, MAX: 0.027327392250299454
RMS: 0.002014372032135725, MAX: 0.022206423804163933
RMS: 0.0015028209891170263, MAX: 0.02437901869416237
RMS: 0.0007149593438953161, MAX: 0.010775289498269558
RMS: 0.0005874349735677242, MAX: 0.0045185452327132225
Optimization converged!
Eigenvector following terminated normally.
[ 0.        +405.56387105j  0.          +2.49683693j
  0.          +1.94877517j  0.          +1.47264158j
  0.          +1.05042586j  0.          +0.78628379j
  0.          +0.6963795j  16.46261682  +0.j
 18.3639133   +0.j         20.13503473  +0.j
 27.030263    +0.j         28.19353249  +0.j
 39.43438469  +0.j         50.54303144  +0.j
 56.94396871  +0.j         63.86169076  +0.j
 65.58650574  +0.j         70.41700439  +0.j
 75.20250834  +0.j         85.462096    +0.j        ]
Flipping all imaginary frequencies except the lowest one
Entropy components at T = 298.15 K and P = 101325.0 Pa:
=================================================
                           S               T*S
S_trans (1 bar)    0.0019505 eV/K        0.582 eV
S_rot              0.0016506 eV/K        0.492 eV
S_elec             0.0000000 eV/K        0.000 eV
S_vib              0.0056637 eV/K        1.689 eV
S (1 bar -> P)    -0.0000011 eV/K       -0.000 eV
-------------------------------------------------
S                  0.0092636 eV/K        2.762 eV
=================================================
Enthalpy components at T = 298.15 K:
===============================
E_pot                 -3.051 eV
E_ZPE                  9.169 eV
Cv_trans (0->T)        0.039 eV
Cv_rot (0->T)          0.039 eV
Cv_vib (0->T)          0.792 eV
(C_v -> C_p)           0.026 eV
-------------------------------
H                      7.013 eV
===============================
