[ 0.        +3.85281703e+02j  0.        +1.96286500e+00j
  0.        +1.64721529e+00j  0.        +7.45821108e-01j
  0.        +5.82372180e-01j  0.        +3.01216790e-01j
  0.36637998+0.00000000e+00j 16.98781327+0.00000000e+00j
 24.49808999+0.00000000e+00j 27.18380177+0.00000000e+00j
 33.17042417+0.00000000e+00j 36.11134511+0.00000000e+00j
 39.41269163+0.00000000e+00j 43.87527182+0.00000000e+00j
 50.39988525+0.00000000e+00j 53.30229962+0.00000000e+00j
 62.93355538+0.00000000e+00j 67.84713313+0.00000000e+00j
 78.1987328 +0.00000000e+00j 85.92284973+0.00000000e+00j]
Entropy components at T = 298.15 K and P = 101325.0 Pa:
=================================================
                           S               T*S
S_trans (1 bar)    0.0019477 eV/K        0.581 eV
S_rot              0.0016553 eV/K        0.494 eV
S_elec             0.0000000 eV/K        0.000 eV
S_vib              0.0066065 eV/K        1.970 eV
S (1 bar -> P)    -0.0000011 eV/K       -0.000 eV
-------------------------------------------------
S                  0.0102084 eV/K        3.044 eV
=================================================
Enthalpy components at T = 298.15 K:
===============================
E_pot                 -2.609 eV
E_ZPE                 17.465 eV
Cv_trans (0->T)        0.039 eV
Cv_rot (0->T)          0.039 eV
Cv_vib (0->T)          0.955 eV
(C_v -> C_p)           0.026 eV
-------------------------------
H                     15.914 eV
===============================
Generating initial displacements from TS... 
Generated displacements!
Generating forward IRC path
IRC converged after 36 steps!
Generating backward IRC path
IRC converged after 19 steps!
IRC saved to ./irc.pickle
Neural IRC terminated normally.
