You need to install the group's fork of aRMSD and put it in your path https://github.mit.edu/MLMat/aRMSD
[ 0.        +397.41057057j  0.          +5.8733496j
  0.          +0.5826575j   0.          +0.47224626j
  0.4339702   +0.j          5.7509923   +0.j
  7.0103225   +0.j         17.38452817  +0.j
 24.62178379  +0.j         26.04251987  +0.j
 32.7842598   +0.j         35.56699326  +0.j
 38.09771974  +0.j         45.45808999  +0.j
 48.22827363  +0.j         55.16259649  +0.j
 61.73365321  +0.j         68.26324618  +0.j
 76.69461597  +0.j         82.59661232  +0.j        ]
Entropy components at T = 298.15 K and P = 101325.0 Pa:
=================================================
                           S               T*S
S_trans (1 bar)    0.0019477 eV/K        0.581 eV
S_rot              0.0016560 eV/K        0.494 eV
S_elec             0.0000000 eV/K        0.000 eV
S_vib              0.0066416 eV/K        1.980 eV
S (1 bar -> P)    -0.0000011 eV/K       -0.000 eV
-------------------------------------------------
S                  0.0102441 eV/K        3.054 eV
=================================================
Enthalpy components at T = 298.15 K:
===============================
E_pot                 -2.571 eV
E_ZPE                 17.461 eV
Cv_trans (0->T)        0.039 eV
Cv_rot (0->T)          0.039 eV
Cv_vib (0->T)          0.958 eV
(C_v -> C_p)           0.026 eV
-------------------------------
H                     15.951 eV
===============================
RMS: 0.0187813900411129, MAX: 0.6174864172935486
RMS: 0.01059699896723032, MAX: 0.3347482681274414
RMS: 0.0034505787771195173, MAX: 0.07205807417631149
RMS: 0.005364657379686832, MAX: 0.14767396450042725
RMS: 0.004873781930655241, MAX: 0.11758379638195038
RMS: 0.004890107084065676, MAX: 0.06725352257490158
RMS: 0.004274326376616955, MAX: 0.06860119849443436
RMS: 0.003065429162234068, MAX: 0.058109670877456665
RMS: 0.0020598676055669785, MAX: 0.029781753197312355
RMS: 0.0010463603539392352, MAX: 0.006422694772481918
RMS: 0.0006605205126106739, MAX: 0.009484400041401386
RMS: 0.00053716532420367, MAX: 0.0073670377023518085
RMS: 0.00030393971246667206, MAX: 0.0035554789938032627
Optimization converged!
Eigenvector following terminated normally.
[ 0.        +3.85386532e+02j  0.        +1.66737356e+00j
  0.        +1.48905223e+00j  0.        +9.42989101e-01j
  0.        +6.57498925e-01j  0.        +5.49861627e-01j
  0.        +2.39888193e-01j 17.11449694+0.00000000e+00j
 24.51490495+0.00000000e+00j 27.1193361 +0.00000000e+00j
 33.1925775 +0.00000000e+00j 36.05766024+0.00000000e+00j
 39.53812264+0.00000000e+00j 43.53629925+0.00000000e+00j
 50.40814179+0.00000000e+00j 53.19556236+0.00000000e+00j
 63.02776905+0.00000000e+00j 67.94428658+0.00000000e+00j
 78.62284994+0.00000000e+00j 85.86003106+0.00000000e+00j]
Flipping all imaginary frequencies except the lowest one
Entropy components at T = 298.15 K and P = 101325.0 Pa:
=================================================
                           S               T*S
S_trans (1 bar)    0.0019477 eV/K        0.581 eV
S_rot              0.0016553 eV/K        0.494 eV
S_elec             0.0000000 eV/K        0.000 eV
S_vib              0.0066047 eV/K        1.969 eV
S (1 bar -> P)    -0.0000011 eV/K       -0.000 eV
-------------------------------------------------
S                  0.0102065 eV/K        3.043 eV
=================================================
Enthalpy components at T = 298.15 K:
===============================
E_pot                 -2.609 eV
E_ZPE                 17.466 eV
Cv_trans (0->T)        0.039 eV
Cv_rot (0->T)          0.039 eV
Cv_vib (0->T)          0.954 eV
(C_v -> C_p)           0.026 eV
-------------------------------
H                     15.914 eV
===============================
