[  0.        +7.73818253e+02j   0.        +1.33484630e+00j
   0.        +1.17042767e+00j   0.        +9.85352659e-01j
   0.        +7.76099375e-01j   0.        +5.34835467e-01j
   0.93907115+0.00000000e+00j  14.29551397+0.00000000e+00j
  21.35895535+0.00000000e+00j  29.81141433+0.00000000e+00j
  30.80749838+0.00000000e+00j  33.36316192+0.00000000e+00j
  35.13079171+0.00000000e+00j  42.93204976+0.00000000e+00j
  49.36040294+0.00000000e+00j  50.20528433+0.00000000e+00j
  60.86454836+0.00000000e+00j  75.37702511+0.00000000e+00j
  96.42553703+0.00000000e+00j 100.47938146+0.00000000e+00j]
Entropy components at T = 298.15 K and P = 101325.0 Pa:
=================================================
                           S               T*S
S_trans (1 bar)    0.0019301 eV/K        0.575 eV
S_rot              0.0016217 eV/K        0.484 eV
S_elec             0.0000000 eV/K        0.000 eV
S_vib              0.0057749 eV/K        1.722 eV
S (1 bar -> P)    -0.0000011 eV/K       -0.000 eV
-------------------------------------------------
S                  0.0093255 eV/K        2.780 eV
=================================================
Enthalpy components at T = 298.15 K:
===============================
E_pot                 -5.106 eV
E_ZPE                 15.304 eV
Cv_trans (0->T)        0.039 eV
Cv_rot (0->T)          0.039 eV
Cv_vib (0->T)          0.818 eV
(C_v -> C_p)           0.026 eV
-------------------------------
H                     11.119 eV
===============================
Generating forward path to find forward triplet crossing
Found a triplet crossing after 10 steps!
Minimizing average (singlet, triplet) energy while keeping the gap as small as possible
      Step     Time          Energy         fmax
BFGS:    0 10:10:28       -5.181306        0.3587
BFGS:    1 10:10:29       -5.184765        0.1413
BFGS:    2 10:10:30       -5.185719        0.1214
BFGS:    3 10:10:31       -5.186197        0.0875
BFGS:    4 10:10:31       -5.186443        0.0771
BFGS:    5 10:10:32       -5.186939        0.0672
BFGS:    6 10:10:33       -5.187791        0.0749
BFGS:    7 10:10:33       -5.188526        0.0379
BFGS:    8 10:10:34       -5.189090        0.0365
BFGS:    9 10:10:34       -5.189493        0.0471
BFGS:   10 10:10:35       -5.189885        0.0609
BFGS:   11 10:10:36       -5.190152        0.0658
BFGS:   12 10:10:37       -5.190328        0.0560
BFGS:   13 10:10:37       -5.190496        0.0433
BFGS:   14 10:10:38       -5.190732        0.0451
BFGS:   15 10:10:39       -5.191061        0.0474
BFGS:   16 10:10:40       -5.191520        0.0550
BFGS:   17 10:10:40       -5.192187        0.0548
BFGS:   18 10:10:41       -5.192979        0.0580
BFGS:   19 10:10:42       -5.193533        0.0454
BFGS:   20 10:10:42       -5.193665        0.0364
BFGS:   21 10:10:43       -5.193543        0.0324
BFGS:   22 10:10:44       -5.193330        0.0434
BFGS:   23 10:10:45       -5.193218        0.0428
BFGS:   24 10:10:45       -5.193349        0.0310
BFGS:   25 10:10:46       -5.193738        0.0286
BFGS:   26 10:10:47       -5.194378        0.0340
BFGS:   27 10:10:48       -5.195130        0.0329
BFGS:   28 10:10:48       -5.195646        0.0252
BFGS:   29 10:10:49       -5.195775        0.0253
BFGS:   30 10:10:50       -5.195604        0.0274
BFGS:   31 10:10:51       -5.195276        0.0232
BFGS:   32 10:10:52       -5.194980        0.0264
BFGS:   33 10:10:52       -5.194836        0.0317
BFGS:   34 10:10:53       -5.194939        0.0372
BFGS:   35 10:10:54       -5.195366        0.0382
BFGS:   36 10:10:55       -5.196054        0.0264
BFGS:   37 10:10:56       -5.196780        0.0255
BFGS:   38 10:10:57       -5.197372        0.0291
BFGS:   39 10:10:57       -5.197741        0.0309
BFGS:   40 10:10:58       -5.197817        0.0297
BFGS:   41 10:10:59       -5.197630        0.0300
BFGS:   42 10:11:00       -5.197355        0.0317
BFGS:   43 10:11:00       -5.197181        0.0271
BFGS:   44 10:11:01       -5.197248        0.0229
BFGS:   45 10:11:02       -5.197588        0.0238
BFGS:   46 10:11:03       -5.198120        0.0268
BFGS:   47 10:11:04       -5.198722        0.0305
BFGS:   48 10:11:05       -5.199189        0.0211
BFGS:   49 10:11:05       -5.199378        0.0189
BFGS:   50 10:11:06       -5.199280        0.0211
BFGS:   51 10:11:07       -5.199018        0.0225
BFGS:   52 10:11:07       -5.198699        0.0210
BFGS:   53 10:11:08       -5.198499        0.0267
BFGS:   54 10:11:09       -5.198561        0.0235
BFGS:   55 10:11:09       -5.198920        0.0233
BFGS:   56 10:11:10       -5.199526        0.0258
BFGS:   57 10:11:11       -5.200188        0.0272
BFGS:   58 10:11:12       -5.200661        0.0237
BFGS:   59 10:11:13       -5.200778        0.0200
BFGS:   60 10:11:14       -5.200614        0.0159
BFGS:   61 10:11:15       -5.200315        0.0164
BFGS:   62 10:11:16       -5.200033        0.0199
BFGS:   63 10:11:16       -5.199920        0.0198
BFGS:   64 10:11:17       -5.200011        0.0160
BFGS:   65 10:11:17       -5.200292        0.0158
BFGS:   66 10:11:18       -5.200695        0.0143
BFGS:   67 10:11:18       -5.201068        0.0131
BFGS:   68 10:11:19       -5.201254        0.0110
BFGS:   69 10:11:19       -5.201230        0.0131
BFGS:   70 10:11:20       -5.201056        0.0125
BFGS:   71 10:11:20       -5.200828        0.0101
BFGS:   72 10:11:21       -5.200667        0.0156
BFGS:   73 10:11:21       -5.200649        0.0163
BFGS:   74 10:11:22       -5.200785        0.0120
BFGS:   75 10:11:22       -5.201050        0.0118
BFGS:   76 10:11:22       -5.201371        0.0121
BFGS:   77 10:11:23       -5.201639        0.0166
BFGS:   78 10:11:23       -5.201757        0.0156
BFGS:   79 10:11:24       -5.201699        0.0125
BFGS:   80 10:11:24       -5.201516        0.0119
BFGS:   81 10:11:25       -5.201313        0.0146
BFGS:   82 10:11:25       -5.201182        0.0167
BFGS:   83 10:11:25       -5.201189        0.0173
BFGS:   84 10:11:26       -5.201359        0.0143
BFGS:   85 10:11:26       -5.201633        0.0130
BFGS:   86 10:11:27       -5.201917        0.0144
BFGS:   87 10:11:27       -5.202149        0.0147
BFGS:   88 10:11:27       -5.202278        0.0158
BFGS:   89 10:11:28       -5.202266        0.0140
BFGS:   90 10:11:28       -5.202150        0.0099
BFGS:   91 10:11:29       -5.202035        0.0081
BFGS:   92 10:11:29       -5.201986        0.0075
BFGS:   93 10:11:30       -5.202008        0.0067
BFGS:   94 10:11:30       -5.202082        0.0070
BFGS:   95 10:11:30       -5.202178        0.0071
BFGS:   96 10:11:31       -5.202262        0.0070
BFGS:   97 10:11:31       -5.202306        0.0057
BFGS:   98 10:11:32       -5.202312        0.0053
BFGS:   99 10:11:32       -5.202290        0.0054
BFGS:  100 10:11:32       -5.202255        0.0065
BFGS:  101 10:11:33       -5.202226        0.0055
BFGS:  102 10:11:34       -5.202215        0.0068
BFGS:  103 10:11:34       -5.202229        0.0083
BFGS:  104 10:11:35       -5.202273        0.0075
BFGS:  105 10:11:35       -5.202340        0.0079
BFGS:  106 10:11:35       -5.202409        0.0066
BFGS:  107 10:11:36       -5.202459        0.0073
BFGS:  108 10:11:36       -5.202483        0.0065
BFGS:  109 10:11:36       -5.202485        0.0060
BFGS:  110 10:11:37       -5.202465        0.0059
BFGS:  111 10:11:38       -5.202435        0.0057
BFGS:  112 10:11:38       -5.202412        0.0070
BFGS:  113 10:11:38       -5.202409        0.0069
BFGS:  114 10:11:39       -5.202440        0.0061
BFGS:  115 10:11:39       -5.202499        0.0070
BFGS:  116 10:11:40       -5.202579        0.0083
BFGS:  117 10:11:40       -5.202651        0.0087
BFGS:  118 10:11:41       -5.202687        0.0073
BFGS:  119 10:11:41       -5.202680        0.0064
BFGS:  120 10:11:42       -5.202641        0.0061
BFGS:  121 10:11:42       -5.202589        0.0071
BFGS:  122 10:11:43       -5.202557        0.0052
BFGS:  123 10:11:43       -5.202562        0.0056
BFGS:  124 10:11:44       -5.202607        0.0053
BFGS:  125 10:11:44       -5.202671        0.0060
BFGS:  126 10:11:45       -5.202727        0.0050
BFGS:  127 10:11:45       -5.202749        0.0040
Generating backward path to find backward triplet crossing
Found a triplet crossing after 14 steps!
Minimizing average (singlet, triplet) energy while keeping the gap as small as possible
      Step     Time          Energy         fmax
BFGS:    0 10:11:49       -5.196221        0.3201
BFGS:    1 10:11:49       -5.201687        0.2029
BFGS:    2 10:11:50       -5.206727        0.1578
BFGS:    3 10:11:50       -5.208845        0.1298
BFGS:    4 10:11:51       -5.210382        0.2099
BFGS:    5 10:11:51       -5.211595        0.0619
BFGS:    6 10:11:51       -5.212892        0.1115
BFGS:    7 10:11:52       -5.214736        0.1142
BFGS:    8 10:11:52       -5.215986        0.0837
BFGS:    9 10:11:53       -5.217373        0.0951
BFGS:   10 10:11:53       -5.218696        0.0910
BFGS:   11 10:11:54       -5.220105        0.0818
BFGS:   12 10:11:54       -5.221524        0.0932
BFGS:   13 10:11:54       -5.222869        0.0690
BFGS:   14 10:11:55       -5.223995        0.0635
BFGS:   15 10:11:55       -5.224926        0.0659
BFGS:   16 10:11:56       -5.225804        0.0669
BFGS:   17 10:11:56       -5.226707        0.0740
BFGS:   18 10:11:56       -5.227564        0.0542
BFGS:   19 10:11:57       -5.228314        0.0538
BFGS:   20 10:11:57       -5.228967        0.0497
BFGS:   21 10:11:58       -5.229607        0.0569
BFGS:   22 10:11:58       -5.230248        0.0480
BFGS:   23 10:11:59       -5.230755        0.0366
BFGS:   24 10:11:59       -5.231110        0.0313
BFGS:   25 10:12:00       -5.231453        0.0374
BFGS:   26 10:12:00       -5.231908        0.0468
BFGS:   27 10:12:00       -5.232486        0.0432
BFGS:   28 10:12:01       -5.233047        0.0452
BFGS:   29 10:12:01       -5.233508        0.0310
BFGS:   30 10:12:02       -5.233920        0.0387
BFGS:   31 10:12:03       -5.234383        0.0505
BFGS:   32 10:12:03       -5.234908        0.0455
BFGS:   33 10:12:04       -5.235429        0.0384
BFGS:   34 10:12:07       -5.235961        0.0417
BFGS:   35 10:12:08       -5.236545        0.0460
BFGS:   36 10:12:09       -5.237156        0.0425
BFGS:   37 10:12:10       -5.237700        0.0325
BFGS:   38 10:12:10       -5.238125        0.0296
BFGS:   39 10:12:11       -5.238464        0.0346
BFGS:   40 10:12:12       -5.238740        0.0353
BFGS:   41 10:12:12       -5.238962        0.0276
BFGS:   42 10:12:13       -5.239165        0.0274
BFGS:   43 10:12:13       -5.239395        0.0313
BFGS:   44 10:12:14       -5.239653        0.0314
BFGS:   45 10:12:17       -5.239922        0.0279
BFGS:   46 10:12:19       -5.240189        0.0252
BFGS:   47 10:12:19       -5.240437        0.0267
BFGS:   48 10:12:20       -5.240661        0.0347
BFGS:   49 10:12:21       -5.240866        0.0244
BFGS:   50 10:12:22       -5.241061        0.0211
BFGS:   51 10:12:23       -5.241256        0.0305
BFGS:   52 10:12:23       -5.241459        0.0359
BFGS:   53 10:12:26       -5.241676        0.0267
BFGS:   54 10:12:27       -5.241927        0.0281
BFGS:   55 10:12:28       -5.242231        0.0296
BFGS:   56 10:12:28       -5.242583        0.0392
BFGS:   57 10:12:29       -5.242955        0.0396
BFGS:   58 10:12:30       -5.243316        0.0307
BFGS:   59 10:12:30       -5.243651        0.0294
BFGS:   60 10:12:31       -5.243936        0.0259
BFGS:   61 10:12:32       -5.244144        0.0230
BFGS:   62 10:12:33       -5.244277        0.0212
BFGS:   63 10:12:33       -5.244377        0.0211
BFGS:   64 10:12:34       -5.244483        0.0190
BFGS:   65 10:12:37       -5.244611        0.0210
BFGS:   66 10:12:38       -5.244757        0.0189
BFGS:   67 10:12:39       -5.244903        0.0169
BFGS:   68 10:12:40       -5.245051        0.0161
BFGS:   69 10:12:41       -5.245197        0.0177
BFGS:   70 10:12:42       -5.245332        0.0178
BFGS:   71 10:12:42       -5.245452        0.0198
BFGS:   72 10:12:43       -5.245558        0.0178
BFGS:   73 10:12:43       -5.245662        0.0164
BFGS:   74 10:12:44       -5.245773        0.0174
BFGS:   75 10:12:47       -5.245905        0.0177
BFGS:   76 10:12:48       -5.246058        0.0230
BFGS:   77 10:12:49       -5.246227        0.0220
BFGS:   78 10:12:49       -5.246411        0.0227
BFGS:   79 10:12:50       -5.246609        0.0256
BFGS:   80 10:12:51       -5.246809        0.0238
BFGS:   81 10:12:52       -5.246975        0.0232
BFGS:   82 10:12:52       -5.247093        0.0171
BFGS:   83 10:12:53       -5.247179        0.0157
BFGS:   84 10:12:54       -5.247265        0.0162
BFGS:   85 10:12:54       -5.247367        0.0238
BFGS:   86 10:12:55       -5.247492        0.0218
BFGS:   87 10:12:57       -5.247636        0.0185
BFGS:   88 10:12:59       -5.247806        0.0196
BFGS:   89 10:13:00       -5.248007        0.0195
BFGS:   90 10:13:02       -5.248219        0.0205
BFGS:   91 10:13:02       -5.248381        0.0172
BFGS:   92 10:13:03       -5.248469        0.0161
BFGS:   93 10:13:03       -5.248507        0.0167
BFGS:   94 10:13:03       -5.248530        0.0157
BFGS:   95 10:13:04       -5.248563        0.0163
BFGS:   96 10:13:07       -5.248628        0.0146
BFGS:   97 10:13:08       -5.248741        0.0165
BFGS:   98 10:13:08       -5.248899        0.0193
BFGS:   99 10:13:09       -5.249084        0.0171
BFGS:  100 10:13:10       -5.249261        0.0179
BFGS:  101 10:13:11       -5.249406        0.0172
BFGS:  102 10:13:12       -5.249514        0.0241
BFGS:  103 10:13:12       -5.249575        0.0239
BFGS:  104 10:13:13       -5.249605        0.0194
BFGS:  105 10:13:13       -5.249641        0.0143
BFGS:  106 10:13:13       -5.249720        0.0148
BFGS:  107 10:13:14       -5.249845        0.0152
BFGS:  108 10:13:17       -5.250010        0.0143
BFGS:  109 10:13:18       -5.250183        0.0131
BFGS:  110 10:13:19       -5.250342        0.0139
BFGS:  111 10:13:20       -5.250462        0.0181
BFGS:  112 10:13:21       -5.250529        0.0172
BFGS:  113 10:13:22       -5.250555        0.0218
BFGS:  114 10:13:22       -5.250576        0.0193
BFGS:  115 10:13:23       -5.250639        0.0182
BFGS:  116 10:13:23       -5.250763        0.0160
BFGS:  117 10:13:23       -5.250937        0.0197
BFGS:  118 10:13:27       -5.251119        0.0154
BFGS:  119 10:13:28       -5.251285        0.0151
BFGS:  120 10:13:29       -5.251414        0.0144
BFGS:  121 10:13:31       -5.251492        0.0152
BFGS:  122 10:13:32       -5.251514        0.0132
BFGS:  123 10:13:32       -5.251514        0.0127
BFGS:  124 10:13:33       -5.251521        0.0140
BFGS:  125 10:13:33       -5.251554        0.0132
BFGS:  126 10:13:33       -5.251616        0.0114
BFGS:  127 10:13:34       -5.251700        0.0117
BFGS:  128 10:13:35       -5.251792        0.0108
BFGS:  129 10:13:38       -5.251882        0.0152
BFGS:  130 10:13:39       -5.251959        0.0163
BFGS:  131 10:13:40       -5.252014        0.0108
BFGS:  132 10:13:41       -5.252046        0.0102
BFGS:  133 10:13:42       -5.252056        0.0108
BFGS:  134 10:13:42       -5.252057        0.0115
BFGS:  135 10:13:43       -5.252059        0.0097
BFGS:  136 10:13:43       -5.252072        0.0102
BFGS:  137 10:13:43       -5.252104        0.0105
BFGS:  138 10:13:44       -5.252160        0.0116
BFGS:  139 10:13:44       -5.252234        0.0111
BFGS:  140 10:13:45       -5.252314        0.0105
BFGS:  141 10:13:45       -5.252374        0.0088
BFGS:  142 10:13:46       -5.252407        0.0103
BFGS:  143 10:13:46       -5.252416        0.0126
BFGS:  144 10:13:47       -5.252410        0.0107
BFGS:  145 10:13:47       -5.252398        0.0105
BFGS:  146 10:13:47       -5.252400        0.0081
BFGS:  147 10:13:48       -5.252429        0.0103
BFGS:  148 10:13:48       -5.252494        0.0112
BFGS:  149 10:13:48       -5.252594        0.0105
BFGS:  150 10:13:49       -5.252707        0.0107
BFGS:  151 10:13:50       -5.252789        0.0108
BFGS:  152 10:13:50       -5.252820        0.0084
BFGS:  153 10:13:50       -5.252807        0.0093
BFGS:  154 10:13:51       -5.252777        0.0108
BFGS:  155 10:13:51       -5.252747        0.0097
BFGS:  156 10:13:51       -5.252738        0.0109
BFGS:  157 10:13:52       -5.252770        0.0076
BFGS:  158 10:13:52       -5.252835        0.0074
BFGS:  159 10:13:53       -5.252912        0.0069
BFGS:  160 10:13:53       -5.252984        0.0085
BFGS:  161 10:13:54       -5.253037        0.0085
BFGS:  162 10:13:54       -5.253051        0.0058
BFGS:  163 10:13:54       -5.253029        0.0067
BFGS:  164 10:13:55       -5.252986        0.0084
BFGS:  165 10:13:55       -5.252935        0.0091
BFGS:  166 10:13:56       -5.252897        0.0083
BFGS:  167 10:13:56       -5.252905        0.0074
BFGS:  168 10:13:57       -5.252965        0.0071
BFGS:  169 10:13:57       -5.253067        0.0077
BFGS:  170 10:13:58       -5.253185        0.0077
BFGS:  171 10:13:58       -5.253291        0.0064
BFGS:  172 10:13:59       -5.253350        0.0065
BFGS:  173 10:13:59       -5.253348        0.0068
BFGS:  174 10:14:00       -5.253294        0.0067
BFGS:  175 10:14:00       -5.253219        0.0070
BFGS:  176 10:14:00       -5.253154        0.0082
BFGS:  177 10:14:01       -5.253129        0.0083
BFGS:  178 10:14:01       -5.253170        0.0100
BFGS:  179 10:14:02       -5.253280        0.0094
BFGS:  180 10:14:02       -5.253426        0.0081
BFGS:  181 10:14:03       -5.253564        0.0071
BFGS:  182 10:14:03       -5.253674        0.0084
BFGS:  183 10:14:04       -5.253735        0.0088
BFGS:  184 10:14:04       -5.253734        0.0092
BFGS:  185 10:14:05       -5.253676        0.0103
BFGS:  186 10:14:05       -5.253601        0.0108
BFGS:  187 10:14:05       -5.253543        0.0107
BFGS:  188 10:14:06       -5.253537        0.0111
BFGS:  189 10:14:06       -5.253616        0.0136
BFGS:  190 10:14:06       -5.253778        0.0114
BFGS:  191 10:14:07       -5.253963        0.0107
BFGS:  192 10:14:08       -5.254119        0.0095
BFGS:  193 10:14:08       -5.254213        0.0106
BFGS:  194 10:14:09       -5.254234        0.0093
BFGS:  195 10:14:09       -5.254192        0.0083
BFGS:  196 10:14:09       -5.254131        0.0076
BFGS:  197 10:14:10       -5.254077        0.0089
BFGS:  198 10:14:10       -5.254056        0.0095
BFGS:  199 10:14:10       -5.254092        0.0087
BFGS:  200 10:14:11       -5.254181        0.0091
BFGS:  201 10:14:12       -5.254293        0.0091
BFGS:  202 10:14:12       -5.254405        0.0086
BFGS:  203 10:14:12       -5.254495        0.0095
BFGS:  204 10:14:13       -5.254534        0.0087
BFGS:  205 10:14:13       -5.254510        0.0075
BFGS:  206 10:14:14       -5.254456        0.0075
BFGS:  207 10:14:14       -5.254387        0.0089
BFGS:  208 10:14:14       -5.254337        0.0098
BFGS:  209 10:14:15       -5.254336        0.0106
BFGS:  210 10:14:15       -5.254427        0.0109
BFGS:  211 10:14:16       -5.254593        0.0112
BFGS:  212 10:14:16       -5.254812        0.0115
BFGS:  213 10:14:17       -5.255045        0.0130
BFGS:  214 10:14:17       -5.255219        0.0132
BFGS:  215 10:14:17       -5.255254        0.0132
BFGS:  216 10:14:18       -5.255173        0.0129
BFGS:  217 10:14:18       -5.255042        0.0120
BFGS:  218 10:14:19       -5.254927        0.0105
BFGS:  219 10:14:19       -5.254885        0.0123
BFGS:  220 10:14:19       -5.254961        0.0097
BFGS:  221 10:14:20       -5.255135        0.0100
BFGS:  222 10:14:20       -5.255344        0.0093
BFGS:  223 10:14:21       -5.255516        0.0086
BFGS:  224 10:14:21       -5.255602        0.0093
BFGS:  225 10:14:22       -5.255606        0.0095
BFGS:  226 10:14:22       -5.255537        0.0091
BFGS:  227 10:14:22       -5.255436        0.0101
BFGS:  228 10:14:23       -5.255367        0.0093
BFGS:  229 10:14:23       -5.255375        0.0084
BFGS:  230 10:14:24       -5.255459        0.0074
BFGS:  231 10:14:24       -5.255583        0.0061
BFGS:  232 10:14:25       -5.255685        0.0051
BFGS:  233 10:14:25       -5.255736        0.0048
Neural IRC terminated normally.
