[ 0.        +7.38223903e+02j  0.        +1.85735442e+00j
  0.        +1.36245323e+00j  0.        +1.17676116e+00j
  0.        +7.56972970e-01j  0.        +6.15495985e-01j
  0.        +4.24202209e-01j 10.6956984 +0.00000000e+00j
 15.8881602 +0.00000000e+00j 20.35828232+0.00000000e+00j
 22.73826022+0.00000000e+00j 30.30359803+0.00000000e+00j
 33.7879649 +0.00000000e+00j 39.89405564+0.00000000e+00j
 44.11587505+0.00000000e+00j 48.82281269+0.00000000e+00j
 51.97122721+0.00000000e+00j 60.92304658+0.00000000e+00j
 66.0822619 +0.00000000e+00j 75.17807889+0.00000000e+00j]
Entropy components at T = 298.15 K and P = 101325.0 Pa:
=================================================
                           S               T*S
S_trans (1 bar)    0.0019477 eV/K        0.581 eV
S_rot              0.0016667 eV/K        0.497 eV
S_elec             0.0000000 eV/K        0.000 eV
S_vib              0.0069451 eV/K        2.071 eV
S (1 bar -> P)    -0.0000011 eV/K       -0.000 eV
-------------------------------------------------
S                  0.0105584 eV/K        3.148 eV
=================================================
Enthalpy components at T = 298.15 K:
===============================
E_pot                 -2.517 eV
E_ZPE                 17.382 eV
Cv_trans (0->T)        0.039 eV
Cv_rot (0->T)          0.039 eV
Cv_vib (0->T)          0.969 eV
(C_v -> C_p)           0.026 eV
-------------------------------
H                     15.937 eV
===============================
Generating initial displacements from TS... 
Generated displacements!
Generating forward IRC path
IRC converged after 9 steps!
Generating backward IRC path
IRC converged after 20 steps!
IRC saved to ./irc.pickle
Neural IRC terminated normally.
