You need to install the group's fork of aRMSD and put it in your path https://github.mit.edu/MLMat/aRMSD
[ 0.        +380.71528547j  0.          +2.73822251j
  0.          +1.61743047j  0.          +1.11670842j
  0.          +0.79963177j  4.19231727  +0.j
  4.92823934  +0.j         15.82181178  +0.j
 20.33302691  +0.j         27.67532306  +0.j
 32.88242207  +0.j         35.57931983  +0.j
 41.24701952  +0.j         45.16557329  +0.j
 51.12368634  +0.j         53.05668003  +0.j
 63.15782474  +0.j         67.15033248  +0.j
 73.83778623  +0.j         81.13316183  +0.j        ]
Entropy components at T = 298.15 K and P = 101325.0 Pa:
=================================================
                           S               T*S
S_trans (1 bar)    0.0019477 eV/K        0.581 eV
S_rot              0.0016681 eV/K        0.497 eV
S_elec             0.0000000 eV/K        0.000 eV
S_vib              0.0066892 eV/K        1.994 eV
S (1 bar -> P)    -0.0000011 eV/K       -0.000 eV
-------------------------------------------------
S                  0.0103039 eV/K        3.072 eV
=================================================
Enthalpy components at T = 298.15 K:
===============================
E_pot                 -2.607 eV
E_ZPE                 17.407 eV
Cv_trans (0->T)        0.039 eV
Cv_rot (0->T)          0.039 eV
Cv_vib (0->T)          0.965 eV
(C_v -> C_p)           0.026 eV
-------------------------------
H                     15.867 eV
===============================
RMS: 0.008749627508223057, MAX: 0.4360921084880829
RMS: 0.003587038954719901, MAX: 0.1725313663482666
RMS: 0.0013843560591340065, MAX: 0.032444067299366
RMS: 0.0013356488198041916, MAX: 0.027324793860316277
RMS: 0.0014425379922613502, MAX: 0.01929955929517746
RMS: 0.0015464250463992357, MAX: 0.013481320813298225
RMS: 0.0015667349798604846, MAX: 0.013264748267829418
RMS: 0.0014447516296058893, MAX: 0.010872634127736092
RMS: 0.001200433587655425, MAX: 0.00878481287509203
RMS: 0.0009959940798580647, MAX: 0.006838000845164061
RMS: 0.0007198659586720169, MAX: 0.008702130056917667
RMS: 0.0006705059204250574, MAX: 0.00861088652163744
RMS: 0.0006643526721745729, MAX: 0.009122073650360107
RMS: 0.0004498925991356373, MAX: 0.007291815709322691
RMS: 0.0003499355516396463, MAX: 0.003094517160207033
Optimization converged!
Eigenvector following terminated normally.
[ 0.        +3.92517263e+02j  0.        +2.70287017e+00j
  0.        +1.84242887e+00j  0.        +1.03348103e+00j
  0.        +7.86001833e-01j  0.        +5.53681135e-01j
  0.        +4.60379944e-02j 14.89757993+0.00000000e+00j
 20.2161437 +0.00000000e+00j 27.67178549+0.00000000e+00j
 32.37209391+0.00000000e+00j 35.41591293+0.00000000e+00j
 40.77266346+0.00000000e+00j 44.663859  +0.00000000e+00j
 50.76540936+0.00000000e+00j 52.30951377+0.00000000e+00j
 62.04915711+0.00000000e+00j 66.37459014+0.00000000e+00j
 72.91948814+0.00000000e+00j 80.68424893+0.00000000e+00j]
Flipping all imaginary frequencies except the lowest one
Entropy components at T = 298.15 K and P = 101325.0 Pa:
=================================================
                           S               T*S
S_trans (1 bar)    0.0019477 eV/K        0.581 eV
S_rot              0.0016673 eV/K        0.497 eV
S_elec             0.0000000 eV/K        0.000 eV
S_vib              0.0067102 eV/K        2.001 eV
S (1 bar -> P)    -0.0000011 eV/K       -0.000 eV
-------------------------------------------------
S                  0.0103241 eV/K        3.078 eV
=================================================
Enthalpy components at T = 298.15 K:
===============================
E_pot                 -2.615 eV
E_ZPE                 17.404 eV
Cv_trans (0->T)        0.039 eV
Cv_rot (0->T)          0.039 eV
Cv_vib (0->T)          0.966 eV
(C_v -> C_p)           0.026 eV
-------------------------------
H                     15.858 eV
===============================
