You need to install the group's fork of aRMSD and put it in your path https://github.mit.edu/MLMat/aRMSD
[ 0.        +8.59483977e+02j  0.        +7.31272015e-01j
  0.        +5.11197979e-01j  0.36761347+0.00000000e+00j
  3.04881565+0.00000000e+00j  7.5596213 +0.00000000e+00j
  8.2985112 +0.00000000e+00j 12.90143834+0.00000000e+00j
 18.78643835+0.00000000e+00j 22.21511302+0.00000000e+00j
 25.04657675+0.00000000e+00j 34.33688206+0.00000000e+00j
 36.55800257+0.00000000e+00j 40.87287024+0.00000000e+00j
 46.38048044+0.00000000e+00j 50.42965677+0.00000000e+00j
 54.72625984+0.00000000e+00j 63.80549553+0.00000000e+00j
 70.2071955 +0.00000000e+00j 77.12679917+0.00000000e+00j]
Entropy components at T = 298.15 K and P = 101325.0 Pa:
=================================================
                           S               T*S
S_trans (1 bar)    0.0019477 eV/K        0.581 eV
S_rot              0.0016659 eV/K        0.497 eV
S_elec             0.0000000 eV/K        0.000 eV
S_vib              0.0068372 eV/K        2.039 eV
S (1 bar -> P)    -0.0000011 eV/K       -0.000 eV
-------------------------------------------------
S                  0.0104496 eV/K        3.116 eV
=================================================
Enthalpy components at T = 298.15 K:
===============================
E_pot                 -2.470 eV
E_ZPE                 17.375 eV
Cv_trans (0->T)        0.039 eV
Cv_rot (0->T)          0.039 eV
Cv_vib (0->T)          0.966 eV
(C_v -> C_p)           0.026 eV
-------------------------------
H                     15.974 eV
===============================
RMS: 0.052350956946611404, MAX: 1.5813394784927368
RMS: 0.013742383569478989, MAX: 0.3589601516723633
RMS: 0.006300956942141056, MAX: 0.13717666268348694
RMS: 0.009306635707616806, MAX: 0.23678427934646606
RMS: 0.004902662243694067, MAX: 0.08918243646621704
RMS: 0.005470165982842445, MAX: 0.11427813768386841
RMS: 0.0035013400483876467, MAX: 0.05778593197464943
RMS: 0.00465694535523653, MAX: 0.09603312611579895
RMS: 0.004109855275601149, MAX: 0.08094953000545502
RMS: 0.0038351856637746096, MAX: 0.05567161738872528
RMS: 0.00352879730053246, MAX: 0.04050267115235329
RMS: 0.0035159504041075706, MAX: 0.03101140633225441
RMS: 0.0038360452745109797, MAX: 0.026178644970059395
RMS: 0.004462035838514566, MAX: 0.03283785283565521
RMS: 0.005288158543407917, MAX: 0.03990497440099716
RMS: 0.005914096720516682, MAX: 0.04783336818218231
RMS: 0.005858766380697489, MAX: 0.0436103455722332
RMS: 0.005113508552312851, MAX: 0.0313904844224453
RMS: 0.004091471433639526, MAX: 0.024307342246174812
RMS: 0.0031265621073544025, MAX: 0.019770417362451553
RMS: 0.002818722976371646, MAX: 0.01982773095369339
RMS: 0.0032266508787870407, MAX: 0.01637410745024681
RMS: 0.0027325921691954136, MAX: 0.03077232651412487
RMS: 0.007537553086876869, MAX: 0.07562315464019775
RMS: 0.005498188082128763, MAX: 0.028465362265706062
RMS: 0.004670167341828346, MAX: 0.0886131301522255
RMS: 0.0025605494156479836, MAX: 0.023316066712141037
RMS: 0.0025414235424250364, MAX: 0.028944259509444237
RMS: 0.002051180461421609, MAX: 0.01682388409972191
RMS: 0.0022160280495882034, MAX: 0.017529498785734177
RMS: 0.0020321167539805174, MAX: 0.014857406727969646
RMS: 0.0025989015121012926, MAX: 0.01683627814054489
RMS: 0.0041286698542535305, MAX: 0.021743984892964363
RMS: 0.0018091724487021565, MAX: 0.00948348455131054
RMS: 0.0027419389225542545, MAX: 0.0140340281650424
RMS: 0.0014030956663191319, MAX: 0.00922529585659504
RMS: 0.0013918804470449686, MAX: 0.01056321058422327
RMS: 0.0012561469338834286, MAX: 0.014478478580713272
RMS: 0.0018211137503385544, MAX: 0.012687280774116516
RMS: 0.003452136879786849, MAX: 0.036170583218336105
RMS: 0.0023767834063619375, MAX: 0.03182196244597435
RMS: 0.003909690771251917, MAX: 0.052524566650390625
RMS: 0.0036662884522229433, MAX: 0.05278802290558815
RMS: 0.0031153017189353704, MAX: 0.025307295843958855
RMS: 0.0018870822386816144, MAX: 0.020364785566926003
RMS: 0.000997484428808093, MAX: 0.00708621134981513
RMS: 0.003035179805010557, MAX: 0.0220914538949728
RMS: 0.004293020814657211, MAX: 0.036900755017995834
RMS: 0.004782785661518574, MAX: 0.035485606640577316
RMS: 0.006148011889308691, MAX: 0.05031004548072815
RMS: 0.0034043611958622932, MAX: 0.01714317686855793
RMS: 0.0013804009649902582, MAX: 0.007450537756085396
RMS: 0.0021937289275228977, MAX: 0.024797216057777405
RMS: 0.002585016656666994, MAX: 0.026764249429106712
RMS: 0.0009516067802906036, MAX: 0.008653135038912296
RMS: 0.0011392119340598583, MAX: 0.012005647644400597
RMS: 0.0025956565514206886, MAX: 0.02209971472620964
RMS: 0.005629391875118017, MAX: 0.036914896219968796
RMS: 0.00435082521289587, MAX: 0.03165816143155098
RMS: 0.006416779011487961, MAX: 0.04350979998707771
RMS: 0.006703088525682688, MAX: 0.045220378786325455
RMS: 0.0033835212234407663, MAX: 0.04174022749066353
RMS: 0.006684606894850731, MAX: 0.05365530773997307
RMS: 0.0035307665821164846, MAX: 0.03229895606637001
RMS: 0.002683335682377219, MAX: 0.01850072294473648
RMS: 0.0036116603296250105, MAX: 0.022318417206406593
RMS: 0.0029021012596786022, MAX: 0.0184333473443985
RMS: 0.003503735177218914, MAX: 0.025454478338360786
RMS: 0.002900531981140375, MAX: 0.020394494757056236
RMS: 0.0019551117438822985, MAX: 0.014982985332608223
RMS: 0.0024089287035167217, MAX: 0.0189055148512125
RMS: 0.004464628640562296, MAX: 0.03663478046655655
RMS: 0.002802372444421053, MAX: 0.020815500989556313
RMS: 0.004869312979280949, MAX: 0.037293966859579086
RMS: 0.0033352223690599203, MAX: 0.026409069076180458
RMS: 0.00491162808611989, MAX: 0.04487154632806778
RMS: 0.002157464623451233, MAX: 0.014929319731891155
RMS: 0.004712741356343031, MAX: 0.04924597963690758
RMS: 0.002033621072769165, MAX: 0.02046952024102211
RMS: 0.002991168759763241, MAX: 0.031917061656713486
RMS: 0.0033046065364032984, MAX: 0.028437690809369087
RMS: 0.0036154724657535553, MAX: 0.03863145411014557
RMS: 0.0037858684081584215, MAX: 0.03179308399558067
RMS: 0.00468544103205204, MAX: 0.043087802827358246
RMS: 0.0027875511441379786, MAX: 0.02995547093451023
RMS: 0.004824930336326361, MAX: 0.045800380408763885
RMS: 0.002868203679099679, MAX: 0.03468326851725578
RMS: 0.0046567535027861595, MAX: 0.05292852595448494
RMS: 0.004348399117588997, MAX: 0.06361167877912521
RMS: 0.004914204124361277, MAX: 0.06746795028448105
RMS: 0.0046190908178687096, MAX: 0.07450388371944427
RMS: 0.004919060505926609, MAX: 0.07794272899627686
RMS: 0.0025604513939470053, MAX: 0.027614813297986984
RMS: 0.004664236679673195, MAX: 0.0858955904841423
RMS: 0.002885514637455344, MAX: 0.04694480076432228
RMS: 0.0038432134315371513, MAX: 0.07047732174396515
RMS: 0.0021492182277143, MAX: 0.019868578761816025
RMS: 0.003863602178171277, MAX: 0.07180052250623703
RMS: 0.002653940813615918, MAX: 0.0367189422249794
RMS: 0.0027794328052550554, MAX: 0.04396241158246994
RMS: 0.0017925129504874349, MAX: 0.013192798011004925
RMS: 0.0027202449273318052, MAX: 0.03883153572678566
RMS: 0.0023529911413788795, MAX: 0.01821885257959366
RMS: 0.00040388162597082555, MAX: 0.0022104294039309025
Optimization converged!
Eigenvector following terminated normally.
[ 0.        +7.38222357e+02j  0.        +1.89069464e+00j
  0.        +1.35893661e+00j  0.        +1.14096531e+00j
  0.        +7.93347537e-01j  0.        +4.47002470e-01j
  0.3113567 +0.00000000e+00j 10.69433104+0.00000000e+00j
 15.8910653 +0.00000000e+00j 20.36052602+0.00000000e+00j
 22.73426094+0.00000000e+00j 30.30151306+0.00000000e+00j
 33.79212725+0.00000000e+00j 39.89314907+0.00000000e+00j
 44.11063941+0.00000000e+00j 48.82100823+0.00000000e+00j
 51.97040124+0.00000000e+00j 60.92272045+0.00000000e+00j
 66.08213802+0.00000000e+00j 75.18027256+0.00000000e+00j]
Flipping all imaginary frequencies except the lowest one
Entropy components at T = 298.15 K and P = 101325.0 Pa:
=================================================
                           S               T*S
S_trans (1 bar)    0.0019477 eV/K        0.581 eV
S_rot              0.0016667 eV/K        0.497 eV
S_elec             0.0000000 eV/K        0.000 eV
S_vib              0.0069452 eV/K        2.071 eV
S (1 bar -> P)    -0.0000011 eV/K       -0.000 eV
-------------------------------------------------
S                  0.0105584 eV/K        3.148 eV
=================================================
Enthalpy components at T = 298.15 K:
===============================
E_pot                 -2.517 eV
E_ZPE                 17.382 eV
Cv_trans (0->T)        0.039 eV
Cv_rot (0->T)          0.039 eV
Cv_vib (0->T)          0.969 eV
(C_v -> C_p)           0.026 eV
-------------------------------
H                     15.937 eV
===============================
