Optimizing input structure...
      Step     Time          Energy         fmax
BFGS:    0 00:48:01       -2.021747        3.6014
BFGS:    1 00:48:01       -3.323145        4.0165
BFGS:    2 00:48:01       -3.631598        2.4528
BFGS:    3 00:48:02       -3.819486        0.8982
BFGS:    4 00:48:02       -3.909268        0.5193
BFGS:    5 00:48:02       -3.966005        0.5787
BFGS:    6 00:48:02       -4.036724        0.6063
BFGS:    7 00:48:02       -4.103497        0.6128
BFGS:    8 00:48:02       -4.153972        0.4179
BFGS:    9 00:48:02       -4.183933        0.3280
BFGS:   10 00:48:02       -4.204682        0.4257
BFGS:   11 00:48:02       -4.225046        0.3926
BFGS:   12 00:48:02       -4.239835        0.2425
BFGS:   13 00:48:02       -4.252912        0.2004
BFGS:   14 00:48:02       -4.266156        0.2794
BFGS:   15 00:48:02       -4.279509        0.3780
BFGS:   16 00:48:02       -4.292700        0.3343
BFGS:   17 00:48:02       -4.305633        0.2516
BFGS:   18 00:48:02       -4.317319        0.2099
BFGS:   19 00:48:02       -4.326260        0.2010
BFGS:   20 00:48:02       -4.332094        0.1482
BFGS:   21 00:48:02       -4.335997        0.1166
BFGS:   22 00:48:02       -4.339225        0.1134
BFGS:   23 00:48:02       -4.343500        0.1785
BFGS:   24 00:48:02       -4.349771        0.2157
BFGS:   25 00:48:02       -4.357326        0.1878
BFGS:   26 00:48:03       -4.364035        0.1526
BFGS:   27 00:48:03       -4.369481        0.1236
BFGS:   28 00:48:03       -4.374896        0.1561
BFGS:   29 00:48:03       -4.381701        0.1843
BFGS:   30 00:48:03       -4.388418        0.1482
BFGS:   31 00:48:03       -4.393313        0.2839
BFGS:   32 00:48:03       -4.396976        0.1550
BFGS:   33 00:48:03       -4.399948        0.1442
BFGS:   34 00:48:03       -4.402850        0.0933
BFGS:   35 00:48:03       -4.405525        0.0846
BFGS:   36 00:48:03       -4.407334        0.0784
BFGS:   37 00:48:03       -4.409294        0.0837
BFGS:   38 00:48:03       -4.411204        0.0612
BFGS:   39 00:48:03       -4.413041        0.0749
BFGS:   40 00:48:03       -4.414665        0.0685
BFGS:   41 00:48:03       -4.416208        0.0570
BFGS:   42 00:48:03       -4.417799        0.0544
BFGS:   43 00:48:03       -4.419424        0.0808
BFGS:   44 00:48:03       -4.421175        0.0838
BFGS:   45 00:48:03       -4.423064        0.0975
BFGS:   46 00:48:04       -4.425124        0.1241
BFGS:   47 00:48:04       -4.427386        0.1159
BFGS:   48 00:48:04       -4.429918        0.0972
BFGS:   49 00:48:04       -4.432575        0.0874
BFGS:   50 00:48:04       -4.435193        0.0838
BFGS:   51 00:48:04       -4.437562        0.0832
BFGS:   52 00:48:04       -4.439587        0.0827
BFGS:   53 00:48:04       -4.441279        0.0605
BFGS:   54 00:48:04       -4.442668        0.1020
BFGS:   55 00:48:04       -4.443835        0.0857
BFGS:   56 00:48:04       -4.444947        0.0647
BFGS:   57 00:48:04       -4.446045        0.0636
BFGS:   58 00:48:04       -4.447004        0.0497
Optimization complete!
Performing a relaxed scan over 20 steps...
      Step     Time          Energy         fmax
BFGS:    0 00:48:04       -4.303391        3.4715
BFGS:    1 00:48:04       -4.384029        2.8307
BFGS:    2 00:48:04       -4.411175        3.3905
BFGS:    3 00:48:04       -4.379790        2.0046
BFGS:    4 00:48:04       -4.425162        0.3469
BFGS:    5 00:48:04       -4.428637        0.2240
BFGS:    6 00:48:05       -4.431479        0.2855
BFGS:    7 00:48:05       -4.431934        0.1055
BFGS:    8 00:48:05       -4.432991        0.0894
BFGS:    9 00:48:05       -4.434300        0.1150
BFGS:   10 00:48:05       -4.435380        0.0820
BFGS:   11 00:48:05       -4.436316        0.0538
BFGS:   12 00:48:05       -4.437352        0.0876
BFGS:   13 00:48:05       -4.438253        0.1362
BFGS:   14 00:48:05       -4.439355        0.1320
BFGS:   15 00:48:05       -4.440483        0.0926
BFGS:   16 00:48:05       -4.441565        0.0802
BFGS:   17 00:48:05       -4.442495        0.0763
BFGS:   18 00:48:05       -4.443305        0.1219
BFGS:   19 00:48:05       -4.444217        0.1388
BFGS:   20 00:48:05       -4.445406        0.1249
BFGS:   21 00:48:05       -4.446422        0.0845
BFGS:   22 00:48:05       -4.447463        0.0740
BFGS:   23 00:48:06       -4.448491        0.0778
BFGS:   24 00:48:06       -4.449499        0.0630
BFGS:   25 00:48:06       -4.450505        0.0700
BFGS:   26 00:48:06       -4.451186        0.0504
BFGS:   27 00:48:06       -4.451856        0.0489
      Step     Time          Energy         fmax
BFGS:    0 00:48:06       -4.261548        3.8084
BFGS:    1 00:48:06       -4.372581        3.2250
BFGS:    2 00:48:06       -4.398378        4.1495
BFGS:    3 00:48:06       -4.365006        1.9637
BFGS:    4 00:48:06       -4.414307        0.4454
BFGS:    5 00:48:06       -4.418970        0.2452
BFGS:    6 00:48:06       -4.420983        0.3197
BFGS:    7 00:48:06       -4.420681        0.1102
BFGS:    8 00:48:06       -4.421623        0.0944
BFGS:    9 00:48:06       -4.422756        0.1040
BFGS:   10 00:48:06       -4.423617        0.0851
BFGS:   11 00:48:06       -4.424468        0.0496
      Step     Time          Energy         fmax
BFGS:    0 00:48:06       -4.126584        4.8257
BFGS:    1 00:48:06       -4.309190        4.2923
BFGS:    2 00:48:06       -4.340834        5.2348
BFGS:    3 00:48:06       -4.275101        2.5413
BFGS:    4 00:48:06       -4.359268        0.5756
BFGS:    5 00:48:06       -4.365851        0.3055
BFGS:    6 00:48:06       -4.367033        0.3544
BFGS:    7 00:48:06       -4.365618        0.1492
BFGS:    8 00:48:06       -4.367023        0.1188
BFGS:    9 00:48:07       -4.368746        0.1404
BFGS:   10 00:48:07       -4.370447        0.1326
BFGS:   11 00:48:07       -4.372076        0.0837
BFGS:   12 00:48:07       -4.372995        0.0772
BFGS:   13 00:48:07       -4.374334        0.1537
BFGS:   14 00:48:07       -4.375237        0.1408
BFGS:   15 00:48:07       -4.376402        0.1066
BFGS:   16 00:48:07       -4.377392        0.0787
BFGS:   17 00:48:07       -4.378446        0.0836
BFGS:   18 00:48:07       -4.379112        0.1440
BFGS:   19 00:48:07       -4.379996        0.1840
BFGS:   20 00:48:07       -4.381215        0.1998
BFGS:   21 00:48:07       -4.382494        0.1588
BFGS:   22 00:48:07       -4.384399        0.1400
BFGS:   23 00:48:07       -4.386565        0.1641
BFGS:   24 00:48:07       -4.389371        0.1471
BFGS:   25 00:48:07       -4.393087        0.1259
BFGS:   26 00:48:07       -4.395856        0.1135
BFGS:   27 00:48:07       -4.398528        0.1021
BFGS:   28 00:48:08       -4.400445        0.1286
BFGS:   29 00:48:08       -4.402280        0.1263
BFGS:   30 00:48:08       -4.403530        0.1205
BFGS:   31 00:48:08       -4.404438        0.0837
BFGS:   32 00:48:08       -4.405783        0.0886
BFGS:   33 00:48:08       -4.407644        0.0946
BFGS:   34 00:48:08       -4.409706        0.1207
BFGS:   35 00:48:08       -4.411558        0.0882
BFGS:   36 00:48:08       -4.412903        0.0606
BFGS:   37 00:48:08       -4.414083        0.0688
BFGS:   38 00:48:08       -4.415171        0.0793
BFGS:   39 00:48:08       -4.416426        0.0679
BFGS:   40 00:48:08       -4.417750        0.0779
BFGS:   41 00:48:08       -4.419018        0.0856
BFGS:   42 00:48:08       -4.420001        0.0810
BFGS:   43 00:48:08       -4.420618        0.0640
BFGS:   44 00:48:08       -4.421158        0.0599
BFGS:   45 00:48:08       -4.421741        0.0829
BFGS:   46 00:48:08       -4.422579        0.0897
BFGS:   47 00:48:08       -4.423461        0.0591
BFGS:   48 00:48:08       -4.424170        0.0509
BFGS:   49 00:48:09       -4.424726        0.0404
      Step     Time          Energy         fmax
BFGS:    0 00:48:09       -4.179172        4.3817
BFGS:    1 00:48:09       -4.325223        4.7395
BFGS:    2 00:48:09       -4.343453        4.8719
BFGS:    3 00:48:09       -4.298364        2.4976
BFGS:    4 00:48:09       -4.369314        0.5139
BFGS:    5 00:48:09       -4.374633        0.2710
BFGS:    6 00:48:09       -4.376210        0.3513
BFGS:    7 00:48:09       -4.375201        0.1255
BFGS:    8 00:48:09       -4.376486        0.0968
BFGS:    9 00:48:09       -4.377695        0.1104
BFGS:   10 00:48:09       -4.378660        0.1012
BFGS:   11 00:48:09       -4.379511        0.0531
BFGS:   12 00:48:09       -4.379843        0.0589
BFGS:   13 00:48:09       -4.380287        0.1084
BFGS:   14 00:48:09       -4.380596        0.0960
BFGS:   15 00:48:09       -4.380918        0.0669
BFGS:   16 00:48:09       -4.381175        0.0481
      Step     Time          Energy         fmax
BFGS:    0 00:48:09       -4.048889        4.9737
BFGS:    1 00:48:09       -4.260461        5.4974
BFGS:    2 00:48:09       -4.279717        5.5984
BFGS:    3 00:48:09       -4.211845        2.7466
BFGS:    4 00:48:10       -4.301816        0.6280
BFGS:    5 00:48:10       -4.310511        0.3073
BFGS:    6 00:48:10       -4.310976        0.3585
BFGS:    7 00:48:10       -4.308126        0.1381
BFGS:    8 00:48:10       -4.309824        0.0972
BFGS:    9 00:48:10       -4.310788        0.1051
BFGS:   10 00:48:10       -4.311713        0.0903
BFGS:   11 00:48:10       -4.312471        0.0605
BFGS:   12 00:48:10       -4.312603        0.0639
BFGS:   13 00:48:10       -4.312926        0.1193
BFGS:   14 00:48:10       -4.313039        0.1169
BFGS:   15 00:48:10       -4.313175        0.0934
BFGS:   16 00:48:10       -4.313411        0.0560
BFGS:   17 00:48:10       -4.313709        0.0555
BFGS:   18 00:48:10       -4.313810        0.0760
BFGS:   19 00:48:10       -4.313897        0.0930
BFGS:   20 00:48:10       -4.314076        0.0954
BFGS:   21 00:48:10       -4.314092        0.0706
BFGS:   22 00:48:10       -4.314585        0.0697
BFGS:   23 00:48:10       -4.315218        0.0812
BFGS:   24 00:48:10       -4.316261        0.0731
BFGS:   25 00:48:10       -4.317780        0.0847
BFGS:   26 00:48:10       -4.318713        0.0756
BFGS:   27 00:48:11       -4.319724        0.0730
BFGS:   28 00:48:11       -4.320231        0.0930
BFGS:   29 00:48:11       -4.320323        0.0974
BFGS:   30 00:48:11       -4.320721        0.1030
BFGS:   31 00:48:11       -4.320891        0.0687
BFGS:   32 00:48:11       -4.321814        0.0805
BFGS:   33 00:48:11       -4.323060        0.0964
BFGS:   34 00:48:11       -4.324730        0.1298
BFGS:   35 00:48:11       -4.326640        0.1030
BFGS:   36 00:48:11       -4.328095        0.0745
BFGS:   37 00:48:11       -4.329770        0.0893
BFGS:   38 00:48:11       -4.331553        0.1044
BFGS:   39 00:48:11       -4.333623        0.1252
BFGS:   40 00:48:11       -4.336154        0.1088
BFGS:   41 00:48:11       -4.338360        0.1289
BFGS:   42 00:48:11       -4.340122        0.1424
BFGS:   43 00:48:11       -4.341101        0.0707
BFGS:   44 00:48:11       -4.341551        0.0730
BFGS:   45 00:48:11       -4.342342        0.1118
BFGS:   46 00:48:11       -4.343250        0.1036
BFGS:   47 00:48:11       -4.344641        0.1216
BFGS:   48 00:48:11       -4.345857        0.0696
BFGS:   49 00:48:11       -4.346842        0.0580
BFGS:   50 00:48:11       -4.347435        0.0587
BFGS:   51 00:48:11       -4.347849        0.0466
      Step     Time          Energy         fmax
BFGS:    0 00:48:12       -4.045667        4.7358
BFGS:    1 00:48:12       -4.233963        6.0969
BFGS:    2 00:48:12       -4.243428        4.9526
BFGS:    3 00:48:12       -4.187112        2.7882
BFGS:    4 00:48:12       -4.273488        0.5339
BFGS:    5 00:48:12       -4.280351        0.2682
BFGS:    6 00:48:12       -4.281715        0.3593
BFGS:    7 00:48:12       -4.279762        0.1306
BFGS:    8 00:48:12       -4.281231        0.1001
BFGS:    9 00:48:12       -4.281960        0.1113
BFGS:   10 00:48:12       -4.283230        0.0929
BFGS:   11 00:48:12       -4.284074        0.0551
BFGS:   12 00:48:12       -4.284484        0.0636
BFGS:   13 00:48:12       -4.284970        0.1016
BFGS:   14 00:48:12       -4.285182        0.0937
BFGS:   15 00:48:12       -4.285286        0.0669
BFGS:   16 00:48:12       -4.285491        0.0434
      Step     Time          Energy         fmax
BFGS:    0 00:48:12       -3.901427        5.0769
BFGS:    1 00:48:12       -4.160729        6.6903
BFGS:    2 00:48:12       -4.167234        5.3687
BFGS:    3 00:48:12       -4.090788        2.8334
BFGS:    4 00:48:12       -4.185451        0.6604
BFGS:    5 00:48:12       -4.197925        0.2953
BFGS:    6 00:48:12       -4.197591        0.3635
BFGS:    7 00:48:12       -4.193439        0.1419
BFGS:    8 00:48:12       -4.195251        0.1027
BFGS:    9 00:48:13       -4.195594        0.0901
BFGS:   10 00:48:13       -4.196866        0.0759
BFGS:   11 00:48:13       -4.197628        0.0571
BFGS:   12 00:48:13       -4.197866        0.0605
BFGS:   13 00:48:13       -4.198190        0.1045
BFGS:   14 00:48:13       -4.198034        0.1047
BFGS:   15 00:48:13       -4.197846        0.0819
BFGS:   16 00:48:13       -4.197804        0.0470
      Step     Time          Energy         fmax
BFGS:    0 00:48:13       -3.732719        5.3833
BFGS:    1 00:48:13       -4.066505        7.4030
BFGS:    2 00:48:13       -4.068580        5.6169
BFGS:    3 00:48:13       -3.971668        2.8815
BFGS:    4 00:48:13       -4.073328        0.7744
BFGS:    5 00:48:13       -4.092600        0.3172
BFGS:    6 00:48:13       -4.090218        0.3640
BFGS:    7 00:48:13       -4.083925        0.1580
BFGS:    8 00:48:13       -4.086272        0.1158
BFGS:    9 00:48:13       -4.086699        0.0956
BFGS:   10 00:48:13       -4.088293        0.0726
BFGS:   11 00:48:13       -4.089090        0.0675
BFGS:   12 00:48:13       -4.089327        0.0656
BFGS:   13 00:48:13       -4.089637        0.1126
BFGS:   14 00:48:14       -4.089307        0.1195
BFGS:   15 00:48:14       -4.089056        0.0970
BFGS:   16 00:48:14       -4.088902        0.0589
BFGS:   17 00:48:14       -4.089041        0.0609
BFGS:   18 00:48:14       -4.089355        0.0927
BFGS:   19 00:48:14       -4.089497        0.1178
BFGS:   20 00:48:14       -4.089637        0.1254
BFGS:   21 00:48:14       -4.089643        0.0979
BFGS:   22 00:48:14       -4.089793        0.0894
BFGS:   23 00:48:14       -4.090394        0.1005
BFGS:   24 00:48:14       -4.091348        0.0865
BFGS:   25 00:48:14       -4.092899        0.0792
BFGS:   26 00:48:14       -4.094033        0.0796
BFGS:   27 00:48:14       -4.094910        0.0767
BFGS:   28 00:48:14       -4.095302        0.0870
BFGS:   29 00:48:14       -4.094775        0.0897
BFGS:   30 00:48:14       -4.094521        0.1010
BFGS:   31 00:48:14       -4.094319        0.0711
BFGS:   32 00:48:15       -4.094873        0.0815
BFGS:   33 00:48:15       -4.096210        0.0832
BFGS:   34 00:48:15       -4.097512        0.1023
BFGS:   35 00:48:15       -4.099208        0.0600
BFGS:   36 00:48:15       -4.100200        0.0525
BFGS:   37 00:48:15       -4.101324        0.0565
BFGS:   38 00:48:15       -4.102295        0.0742
BFGS:   39 00:48:15       -4.103550        0.0740
BFGS:   40 00:48:15       -4.104800        0.0927
BFGS:   41 00:48:15       -4.106093        0.0922
BFGS:   42 00:48:15       -4.106757        0.0740
BFGS:   43 00:48:15       -4.107192        0.0601
BFGS:   44 00:48:15       -4.107294        0.0733
BFGS:   45 00:48:15       -4.107623        0.0778
BFGS:   46 00:48:15       -4.108560        0.0828
BFGS:   47 00:48:15       -4.109598        0.0549
BFGS:   48 00:48:15       -4.110955        0.0455
      Step     Time          Energy         fmax
BFGS:    0 00:48:15       -3.663215        5.2342
BFGS:    1 00:48:15       -3.988691        7.8380
BFGS:    2 00:48:15       -3.982162        4.8950
BFGS:    3 00:48:15       -3.887900        2.8656
BFGS:    4 00:48:15       -3.988861        0.6955
BFGS:    5 00:48:15       -4.008011        0.3102
BFGS:    6 00:48:16       -4.006541        0.3453
BFGS:    7 00:48:16       -4.001194        0.1307
BFGS:    8 00:48:16       -4.002217        0.1088
BFGS:    9 00:48:16       -4.001791        0.0850
BFGS:   10 00:48:16       -4.004333        0.0673
BFGS:   11 00:48:16       -4.005489        0.0550
BFGS:   12 00:48:16       -4.006319        0.0734
BFGS:   13 00:48:16       -4.006790        0.1026
BFGS:   14 00:48:16       -4.006180        0.1013
BFGS:   15 00:48:16       -4.005797        0.0702
BFGS:   16 00:48:16       -4.005515        0.0480
      Step     Time          Energy         fmax
BFGS:    0 00:48:16       -3.482045        5.4106
BFGS:    1 00:48:16       -3.885545        8.3819
BFGS:    2 00:48:16       -3.873590        4.9397
BFGS:    3 00:48:16       -3.757489        2.7509
BFGS:    4 00:48:16       -3.858448        0.8171
BFGS:    5 00:48:16       -3.886662        0.3377
BFGS:    6 00:48:16       -3.881800        0.3408
BFGS:    7 00:48:16       -3.873852        0.1478
BFGS:    8 00:48:16       -3.875258        0.1128
BFGS:    9 00:48:16       -3.875306        0.0870
BFGS:   10 00:48:16       -3.878064        0.0721
BFGS:   11 00:48:16       -3.879125        0.0650
BFGS:   12 00:48:17       -3.879832        0.0729
BFGS:   13 00:48:17       -3.879930        0.1052
BFGS:   14 00:48:17       -3.878945        0.1061
BFGS:   15 00:48:17       -3.878306        0.0746
BFGS:   16 00:48:17       -3.877788        0.0475
      Step     Time          Energy         fmax
BFGS:    0 00:48:17       -3.278100        5.6187
BFGS:    1 00:48:17       -3.762514        8.9932
BFGS:    2 00:48:17       -3.743463        4.8654
BFGS:    3 00:48:17       -3.604472        2.6640
BFGS:    4 00:48:17       -3.708000        0.9134
BFGS:    5 00:48:17       -3.745548        0.3817
BFGS:    6 00:48:17       -3.736846        0.3365
BFGS:    7 00:48:17       -3.726557        0.1533
BFGS:    8 00:48:17       -3.727989        0.1211
BFGS:    9 00:48:17       -3.728818        0.0907
BFGS:   10 00:48:17       -3.732124        0.0814
BFGS:   11 00:48:17       -3.733428        0.0744
BFGS:   12 00:48:17       -3.734320        0.0813
BFGS:   13 00:48:17       -3.734124        0.1197
BFGS:   14 00:48:17       -3.732795        0.1303
BFGS:   15 00:48:17       -3.731811        0.0958
BFGS:   16 00:48:17       -3.730882        0.0699
BFGS:   17 00:48:17       -3.731732        0.0683
BFGS:   18 00:48:17       -3.732551        0.1195
BFGS:   19 00:48:17       -3.733571        0.1442
BFGS:   20 00:48:17       -3.734182        0.1530
BFGS:   21 00:48:17       -3.733866        0.1200
BFGS:   22 00:48:18       -3.733387        0.1149
BFGS:   23 00:48:18       -3.732972        0.1264
BFGS:   24 00:48:18       -3.733828        0.1049
BFGS:   25 00:48:18       -3.735345        0.0992
BFGS:   26 00:48:18       -3.737503        0.0884
BFGS:   27 00:48:18       -3.738367        0.0831
BFGS:   28 00:48:18       -3.738866        0.0869
BFGS:   29 00:48:18       -3.737944        0.0907
BFGS:   30 00:48:18       -3.736504        0.0850
BFGS:   31 00:48:18       -3.736296        0.0740
BFGS:   32 00:48:18       -3.736176        0.0931
BFGS:   33 00:48:18       -3.737742        0.0790
BFGS:   34 00:48:18       -3.739488        0.0826
BFGS:   35 00:48:18       -3.741772        0.0607
BFGS:   36 00:48:18       -3.743380        0.0579
BFGS:   37 00:48:18       -3.744417        0.0588
BFGS:   38 00:48:18       -3.745480        0.0663
BFGS:   39 00:48:18       -3.746179        0.0923
BFGS:   40 00:48:18       -3.747537        0.1075
BFGS:   41 00:48:18       -3.748775        0.1013
BFGS:   42 00:48:18       -3.750256        0.0763
BFGS:   43 00:48:18       -3.751566        0.0805
BFGS:   44 00:48:18       -3.752806        0.1006
BFGS:   45 00:48:18       -3.754120        0.0909
BFGS:   46 00:48:18       -3.755540        0.1023
BFGS:   47 00:48:18       -3.756498        0.0794
BFGS:   48 00:48:18       -3.758237        0.0634
BFGS:   49 00:48:18       -3.758644        0.0579
BFGS:   50 00:48:19       -3.759973        0.0582
BFGS:   51 00:48:19       -3.760364        0.0599
BFGS:   52 00:48:19       -3.760735        0.0777
BFGS:   53 00:48:19       -3.760553        0.1005
BFGS:   54 00:48:19       -3.760252        0.0992
BFGS:   55 00:48:19       -3.760163        0.0810
BFGS:   56 00:48:19       -3.760513        0.0806
BFGS:   57 00:48:19       -3.761656        0.0762
BFGS:   58 00:48:19       -3.763292        0.0702
BFGS:   59 00:48:19       -3.764943        0.0765
BFGS:   60 00:48:19       -3.766916        0.0695
BFGS:   61 00:48:19       -3.768511        0.0649
BFGS:   62 00:48:19       -3.771063        0.0583
BFGS:   63 00:48:19       -3.772038        0.0705
BFGS:   64 00:48:19       -3.773981        0.0775
BFGS:   65 00:48:19       -3.775120        0.0893
BFGS:   66 00:48:19       -3.777479        0.0813
BFGS:   67 00:48:19       -3.779500        0.0799
BFGS:   68 00:48:19       -3.781981        0.0707
BFGS:   69 00:48:19       -3.783887        0.0880
BFGS:   70 00:48:19       -3.786520        0.0934
BFGS:   71 00:48:19       -3.788439        0.1231
BFGS:   72 00:48:19       -3.790913        0.1357
BFGS:   73 00:48:19       -3.792959        0.0937
BFGS:   74 00:48:19       -3.794504        0.0743
BFGS:   75 00:48:19       -3.796305        0.1041
BFGS:   76 00:48:19       -3.797839        0.1009
BFGS:   77 00:48:19       -3.799953        0.0859
BFGS:   78 00:48:20       -3.801741        0.0791
BFGS:   79 00:48:20       -3.804095        0.0901
BFGS:   80 00:48:20       -3.806903        0.0962
BFGS:   81 00:48:20       -3.810889        0.1318
BFGS:   82 00:48:20       -3.812811        0.1459
BFGS:   83 00:48:20       -3.818106        0.0975
BFGS:   84 00:48:20       -3.821131        0.0814
BFGS:   85 00:48:20       -3.824267        0.0842
BFGS:   86 00:48:20       -3.825953        0.0832
BFGS:   87 00:48:20       -3.828443        0.0675
BFGS:   88 00:48:20       -3.830372        0.0774
BFGS:   89 00:48:20       -3.832331        0.0697
BFGS:   90 00:48:20       -3.834065        0.0740
BFGS:   91 00:48:20       -3.835575        0.0669
BFGS:   92 00:48:20       -3.836583        0.0765
BFGS:   93 00:48:20       -3.836785        0.0592
BFGS:   94 00:48:20       -3.837282        0.0526
BFGS:   95 00:48:20       -3.838004        0.0488
      Step     Time          Energy         fmax
BFGS:    0 00:48:20       -3.360731        4.1595
BFGS:    1 00:48:20       -3.769465        6.9758
BFGS:    2 00:48:20       -3.723450        3.4032
BFGS:    3 00:48:20       -3.613449        1.5123
BFGS:    4 00:48:20       -3.699774        0.4562
BFGS:    5 00:48:20       -3.713699        0.3363
BFGS:    6 00:48:20       -3.708751        0.2424
BFGS:    7 00:48:20       -3.703884        0.1370
BFGS:    8 00:48:20       -3.701797        0.1317
BFGS:    9 00:48:20       -3.702286        0.1303
BFGS:   10 00:48:21       -3.705408        0.0662
BFGS:   11 00:48:21       -3.708417        0.0443
      Step     Time          Energy         fmax
BFGS:    0 00:48:21       -3.122367        4.6712
BFGS:    1 00:48:21       -3.632500        7.6276
BFGS:    2 00:48:21       -3.576316        3.6435
BFGS:    3 00:48:21       -3.438380        1.6839
BFGS:    4 00:48:21       -3.543310        0.4971
BFGS:    5 00:48:21       -3.560302        0.3579
BFGS:    6 00:48:21       -3.554616        0.2636
BFGS:    7 00:48:21       -3.548362        0.1680
BFGS:    8 00:48:21       -3.545233        0.1706
BFGS:    9 00:48:21       -3.545473        0.1848
BFGS:   10 00:48:21       -3.549931        0.0936
BFGS:   11 00:48:21       -3.555176        0.0753
BFGS:   12 00:48:21       -3.558483        0.1107
BFGS:   13 00:48:21       -3.558737        0.1385
BFGS:   14 00:48:21       -3.556858        0.1248
BFGS:   15 00:48:21       -3.554675        0.0818
BFGS:   16 00:48:21       -3.554483        0.0584
BFGS:   17 00:48:21       -3.555813        0.0957
BFGS:   18 00:48:21       -3.557819        0.1327
BFGS:   19 00:48:21       -3.560023        0.1478
BFGS:   20 00:48:21       -3.560907        0.1291
BFGS:   21 00:48:21       -3.559675        0.1045
BFGS:   22 00:48:21       -3.557424        0.1228
BFGS:   23 00:48:21       -3.555902        0.1129
BFGS:   24 00:48:21       -3.555944        0.1007
BFGS:   25 00:48:21       -3.557487        0.0785
BFGS:   26 00:48:22       -3.559662        0.0678
BFGS:   27 00:48:22       -3.560888        0.0582
BFGS:   28 00:48:22       -3.560897        0.0519
BFGS:   29 00:48:22       -3.559505        0.0463
      Step     Time          Energy         fmax
BFGS:    0 00:48:22       -2.980870        4.5973
BFGS:    1 00:48:22       -3.500722        8.2880
BFGS:    2 00:48:22       -3.424943        2.9745
BFGS:    3 00:48:22       -3.282172        1.7375
BFGS:    4 00:48:22       -3.388393        0.5290
BFGS:    5 00:48:22       -3.408034        0.3398
BFGS:    6 00:48:22       -3.404250        0.2445
BFGS:    7 00:48:22       -3.397284        0.1793
BFGS:    8 00:48:22       -3.392528        0.1767
BFGS:    9 00:48:22       -3.394198        0.1272
BFGS:   10 00:48:22       -3.398839        0.0614
BFGS:   11 00:48:22       -3.402877        0.0499
      Step     Time          Energy         fmax
BFGS:    0 00:48:22       -2.728465        5.0010
BFGS:    1 00:48:22       -3.329593        8.4836
BFGS:    2 00:48:22       -3.252235        3.1351
BFGS:    3 00:48:22       -3.094822        1.7784
BFGS:    4 00:48:22       -3.207018        0.5687
BFGS:    5 00:48:22       -3.230464        0.3534
BFGS:    6 00:48:22       -3.225610        0.2536
BFGS:    7 00:48:22       -3.216697        0.1959
BFGS:    8 00:48:22       -3.210432        0.2084
BFGS:    9 00:48:22       -3.212054        0.1796
BFGS:   10 00:48:22       -3.218257        0.0951
BFGS:   11 00:48:23       -3.224730        0.0793
BFGS:   12 00:48:23       -3.227585        0.1013
BFGS:   13 00:48:23       -3.227262        0.1297
BFGS:   14 00:48:23       -3.224802        0.1109
BFGS:   15 00:48:23       -3.222431        0.0830
BFGS:   16 00:48:23       -3.222391        0.0623
BFGS:   17 00:48:23       -3.224164        0.1080
BFGS:   18 00:48:23       -3.226627        0.1477
BFGS:   19 00:48:23       -3.229183        0.1659
BFGS:   20 00:48:23       -3.230409        0.1540
BFGS:   21 00:48:23       -3.228609        0.1185
BFGS:   22 00:48:23       -3.225535        0.1489
BFGS:   23 00:48:23       -3.222911        0.1454
BFGS:   24 00:48:23       -3.222485        0.1298
BFGS:   25 00:48:23       -3.224438        0.1110
BFGS:   26 00:48:23       -3.227083        0.0874
BFGS:   27 00:48:23       -3.229273        0.0837
BFGS:   28 00:48:23       -3.229324        0.0775
BFGS:   29 00:48:23       -3.227643        0.0651
BFGS:   30 00:48:23       -3.225494        0.0546
BFGS:   31 00:48:23       -3.223993        0.0763
BFGS:   32 00:48:23       -3.224031        0.0749
BFGS:   33 00:48:23       -3.225658        0.0492
      Step     Time          Energy         fmax
BFGS:    0 00:48:23       -2.645464        4.5238
BFGS:    1 00:48:23       -3.165092        8.2773
BFGS:    2 00:48:23       -3.079007        2.6604
BFGS:    3 00:48:23       -2.955153        1.6088
BFGS:    4 00:48:23       -3.046381        0.5419
BFGS:    5 00:48:24       -3.066765        0.3249
BFGS:    6 00:48:24       -3.062999        0.3321
BFGS:    7 00:48:24       -3.055706        0.1975
BFGS:    8 00:48:24       -3.054028        0.1643
BFGS:    9 00:48:24       -3.055785        0.0844
BFGS:   10 00:48:24       -3.058395        0.0575
BFGS:   11 00:48:24       -3.061615        0.0499
      Step     Time          Energy         fmax
BFGS:    0 00:48:24       -2.440341        4.5489
BFGS:    1 00:48:24       -2.936752        6.9167
BFGS:    2 00:48:24       -2.883714        2.6628
BFGS:    3 00:48:24       -2.797409        1.2160
BFGS:    4 00:48:24       -2.856418        0.5082
BFGS:    5 00:48:24       -2.877017        0.3482
BFGS:    6 00:48:24       -2.870823        0.3159
BFGS:    7 00:48:24       -2.858078        0.2018
BFGS:    8 00:48:24       -2.854130        0.1664
BFGS:    9 00:48:24       -2.857056        0.1016
BFGS:   10 00:48:24       -2.862045        0.0821
BFGS:   11 00:48:24       -2.866958        0.0707
BFGS:   12 00:48:24       -2.868903        0.1079
BFGS:   13 00:48:24       -2.868651        0.1161
BFGS:   14 00:48:24       -2.867142        0.0862
BFGS:   15 00:48:24       -2.865837        0.0771
BFGS:   16 00:48:24       -2.866173        0.0668
BFGS:   17 00:48:24       -2.867798        0.0975
BFGS:   18 00:48:24       -2.869827        0.1221
BFGS:   19 00:48:24       -2.871817        0.1309
BFGS:   20 00:48:24       -2.872529        0.1125
BFGS:   21 00:48:24       -2.871100        0.1009
BFGS:   22 00:48:24       -2.868917        0.1265
BFGS:   23 00:48:24       -2.867345        0.1229
BFGS:   24 00:48:24       -2.867751        0.1042
BFGS:   25 00:48:25       -2.870228        0.0856
BFGS:   26 00:48:25       -2.873360        0.0894
BFGS:   27 00:48:25       -2.875660        0.0975
BFGS:   28 00:48:25       -2.875938        0.0977
BFGS:   29 00:48:25       -2.873870        0.0712
BFGS:   30 00:48:25       -2.871698        0.0695
BFGS:   31 00:48:25       -2.870377        0.0847
BFGS:   32 00:48:25       -2.870746        0.0833
BFGS:   33 00:48:25       -2.872931        0.0734
BFGS:   34 00:48:25       -2.876101        0.0663
BFGS:   35 00:48:25       -2.879055        0.0476
      Step     Time          Energy         fmax
BFGS:    0 00:48:25       -2.449017        3.4187
BFGS:    1 00:48:25       -2.722278        4.2041
BFGS:    2 00:48:25       -2.721624        1.9704
BFGS:    3 00:48:25       -2.700497        0.8174
BFGS:    4 00:48:25       -2.720853        0.5334
BFGS:    5 00:48:25       -2.734494        0.4993
BFGS:    6 00:48:25       -2.728805        0.1762
BFGS:    7 00:48:25       -2.723273        0.1293
BFGS:    8 00:48:25       -2.724323        0.0892
BFGS:    9 00:48:25       -2.727565        0.0627
BFGS:   10 00:48:25       -2.730107        0.0453
      Step     Time          Energy         fmax
BFGS:    0 00:48:25       -2.429723        2.6976
BFGS:    1 00:48:25       -2.561514        1.6051
BFGS:    2 00:48:25       -2.602950        2.7019
BFGS:    3 00:48:25       -2.610575        0.5631
BFGS:    4 00:48:26       -2.610213        0.8540
BFGS:    5 00:48:26       -2.613362        0.1824
BFGS:    6 00:48:26       -2.614709        0.1549
BFGS:    7 00:48:26       -2.616096        0.1630
BFGS:    8 00:48:26       -2.617372        0.0820
BFGS:    9 00:48:26       -2.618917        0.0688
BFGS:   10 00:48:26       -2.620402        0.0830
BFGS:   11 00:48:26       -2.621109        0.0798
BFGS:   12 00:48:26       -2.621655        0.1038
BFGS:   13 00:48:26       -2.622104        0.0963
BFGS:   14 00:48:26       -2.622472        0.0747
BFGS:   15 00:48:26       -2.623071        0.0431
      Step     Time          Energy         fmax
BFGS:    0 00:48:26       -2.503102        1.6897
BFGS:    1 00:48:26       -2.575404        1.2893
BFGS:    2 00:48:26       -2.585386        1.4402
BFGS:    3 00:48:26       -2.614692        0.6513
BFGS:    4 00:48:26       -2.614318        0.7250
BFGS:    5 00:48:26       -2.617474        0.1494
BFGS:    6 00:48:26       -2.620254        0.1502
BFGS:    7 00:48:26       -2.622654        0.1129
BFGS:    8 00:48:26       -2.623627        0.0785
BFGS:    9 00:48:26       -2.624454        0.0706
BFGS:   10 00:48:26       -2.625019        0.0659
BFGS:   11 00:48:26       -2.625600        0.0826
BFGS:   12 00:48:26       -2.626301        0.1228
BFGS:   13 00:48:26       -2.627579        0.1425
BFGS:   14 00:48:26       -2.629431        0.1099
BFGS:   15 00:48:27       -2.631059        0.0900
BFGS:   16 00:48:27       -2.632576        0.0935
BFGS:   17 00:48:27       -2.633539        0.0986
BFGS:   18 00:48:27       -2.634627        0.1127
BFGS:   19 00:48:27       -2.635602        0.0989
BFGS:   20 00:48:27       -2.636711        0.0680
BFGS:   21 00:48:27       -2.637849        0.0905
BFGS:   22 00:48:27       -2.639134        0.0895
BFGS:   23 00:48:27       -2.640477        0.0763
BFGS:   24 00:48:27       -2.641434        0.0787
BFGS:   25 00:48:27       -2.642469        0.0769
BFGS:   26 00:48:27       -2.643270        0.0831
BFGS:   27 00:48:27       -2.644596        0.0873
BFGS:   28 00:48:27       -2.646091        0.0754
BFGS:   29 00:48:27       -2.647649        0.0531
BFGS:   30 00:48:27       -2.649114        0.0553
BFGS:   31 00:48:27       -2.650275        0.0531
BFGS:   32 00:48:27       -2.651715        0.0675
BFGS:   33 00:48:27       -2.652668        0.0806
BFGS:   34 00:48:27       -2.653631        0.0780
BFGS:   35 00:48:27       -2.654022        0.0817
BFGS:   36 00:48:27       -2.654685        0.0672
BFGS:   37 00:48:27       -2.655558        0.0623
BFGS:   38 00:48:27       -2.656736        0.0902
BFGS:   39 00:48:27       -2.658308        0.0806
BFGS:   40 00:48:27       -2.659808        0.0854
BFGS:   41 00:48:27       -2.661876        0.0710
BFGS:   42 00:48:27       -2.663672        0.0928
BFGS:   43 00:48:28       -2.665977        0.1185
BFGS:   44 00:48:28       -2.667612        0.1017
BFGS:   45 00:48:28       -2.669843        0.0882
BFGS:   46 00:48:28       -2.671643        0.0914
BFGS:   47 00:48:28       -2.674101        0.0790
BFGS:   48 00:48:28       -2.676290        0.0851
BFGS:   49 00:48:28       -2.678468        0.0908
BFGS:   50 00:48:28       -2.680156        0.0985
BFGS:   51 00:48:28       -2.681361        0.0782
BFGS:   52 00:48:28       -2.682197        0.1017
BFGS:   53 00:48:28       -2.683525        0.0977
BFGS:   54 00:48:28       -2.685817        0.0950
BFGS:   55 00:48:28       -2.688047        0.0870
BFGS:   56 00:48:28       -2.690424        0.0645
BFGS:   57 00:48:28       -2.692187        0.0618
BFGS:   58 00:48:28       -2.693974        0.0644
BFGS:   59 00:48:28       -2.695590        0.0763
BFGS:   60 00:48:28       -2.696659        0.0890
BFGS:   61 00:48:28       -2.697321        0.0681
BFGS:   62 00:48:28       -2.697746        0.0701
BFGS:   63 00:48:28       -2.698817        0.0839
BFGS:   64 00:48:28       -2.700651        0.1040
BFGS:   65 00:48:28       -2.703183        0.0890
BFGS:   66 00:48:28       -2.705970        0.0702
BFGS:   67 00:48:28       -2.708613        0.0795
BFGS:   68 00:48:28       -2.710536        0.0728
BFGS:   69 00:48:29       -2.711873        0.0633
BFGS:   70 00:48:29       -2.712434        0.0548
BFGS:   71 00:48:29       -2.713285        0.0654
BFGS:   72 00:48:29       -2.714126        0.0634
BFGS:   73 00:48:29       -2.715387        0.0690
BFGS:   74 00:48:29       -2.716652        0.0520
BFGS:   75 00:48:29       -2.717939        0.0553
BFGS:   76 00:48:29       -2.719015        0.0643
BFGS:   77 00:48:29       -2.720042        0.0700
BFGS:   78 00:48:29       -2.721104        0.0791
BFGS:   79 00:48:29       -2.722349        0.0765
BFGS:   80 00:48:29       -2.723509        0.0616
BFGS:   81 00:48:29       -2.724672        0.0616
BFGS:   82 00:48:29       -2.725556        0.0554
BFGS:   83 00:48:29       -2.726689        0.0630
BFGS:   84 00:48:29       -2.727494        0.0689
BFGS:   85 00:48:29       -2.728137        0.0402
Performing final optimization with tight thresholds...
      Step     Time          Energy         fmax
BFGS:    0 00:48:29       -2.728137        0.0402
Tight optimization complete!
Relaxed scan complete! Trajectory saved to opt.traj. 
Finished in 0 hours, 0 minutes, and 30 seconds
