Optimizing input structure...
      Step     Time          Energy         fmax
BFGS:    0 13:13:23       -1.753485        5.2143
BFGS:    1 13:13:23       -2.528740        6.2442
BFGS:    2 13:13:23       -3.076594        2.3693
BFGS:    3 13:13:23       -3.234306        0.9167
BFGS:    4 13:13:23       -3.331082        0.5491
BFGS:    5 13:13:23       -3.407898        0.9531
BFGS:    6 13:13:23       -3.437464        0.9410
BFGS:    7 13:13:24       -3.461056        0.2822
BFGS:    8 13:13:24       -3.484653        0.3729
BFGS:    9 13:13:24       -3.500417        0.3107
BFGS:   10 13:13:24       -3.518617        0.1961
BFGS:   11 13:13:24       -3.529745        0.2289
BFGS:   12 13:13:25       -3.541600        0.2329
BFGS:   13 13:13:25       -3.550976        0.2465
BFGS:   14 13:13:25       -3.558559        0.2500
BFGS:   15 13:13:26       -3.565162        0.2320
BFGS:   16 13:13:26       -3.572458        0.1657
BFGS:   17 13:13:26       -3.580584        0.1373
BFGS:   18 13:13:26       -3.587236        0.1580
BFGS:   19 13:13:26       -3.593486        0.1173
BFGS:   20 13:13:27       -3.598982        0.1329
BFGS:   21 13:13:27       -3.603463        0.1166
BFGS:   22 13:13:27       -3.607190        0.0984
BFGS:   23 13:13:27       -3.611233        0.1032
BFGS:   24 13:13:27       -3.615935        0.1203
BFGS:   25 13:13:28       -3.620250        0.1167
BFGS:   26 13:13:28       -3.623486        0.0826
BFGS:   27 13:13:28       -3.626081        0.0952
BFGS:   28 13:13:28       -3.628700        0.0942
BFGS:   29 13:13:28       -3.631650        0.1090
BFGS:   30 13:13:28       -3.634416        0.0921
BFGS:   31 13:13:28       -3.637011        0.0876
BFGS:   32 13:13:28       -3.639513        0.0930
BFGS:   33 13:13:29       -3.641942        0.0868
BFGS:   34 13:13:29       -3.644120        0.0759
BFGS:   35 13:13:29       -3.646302        0.0678
BFGS:   36 13:13:29       -3.648790        0.0754
BFGS:   37 13:13:29       -3.651538        0.0901
BFGS:   38 13:13:29       -3.654193        0.1016
BFGS:   39 13:13:29       -3.656724        0.1006
BFGS:   40 13:13:30       -3.659492        0.0968
BFGS:   41 13:13:30       -3.662936        0.1046
BFGS:   42 13:13:30       -3.667121        0.1225
BFGS:   43 13:13:30       -3.671449        0.0953
BFGS:   44 13:13:30       -3.675477        0.0869
BFGS:   45 13:13:30       -3.679083        0.1185
BFGS:   46 13:13:31       -3.682058        0.1486
BFGS:   47 13:13:31       -3.685286        0.1021
BFGS:   48 13:13:31       -3.688553        0.0759
BFGS:   49 13:13:31       -3.691284        0.0688
BFGS:   50 13:13:32       -3.693699        0.0868
BFGS:   51 13:13:32       -3.695906        0.0910
BFGS:   52 13:13:32       -3.697990        0.0878
BFGS:   53 13:13:32       -3.700271        0.0747
BFGS:   54 13:13:32       -3.702662        0.0719
BFGS:   55 13:13:36       -3.704852        0.0731
BFGS:   56 13:13:37       -3.706774        0.0826
BFGS:   57 13:13:39       -3.708709        0.0700
BFGS:   58 13:13:39       -3.710907        0.0743
BFGS:   59 13:13:41       -3.713346        0.0914
BFGS:   60 13:13:41       -3.715866        0.0879
BFGS:   61 13:13:41       -3.718204        0.0751
BFGS:   62 13:13:41       -3.720487        0.0779
BFGS:   63 13:13:42       -3.722703        0.0654
BFGS:   64 13:13:42       -3.725086        0.0829
BFGS:   65 13:13:42       -3.727460        0.0706
BFGS:   66 13:13:42       -3.729811        0.0700
BFGS:   67 13:13:42       -3.731906        0.0753
BFGS:   68 13:13:42       -3.733863        0.0729
BFGS:   69 13:13:43       -3.735873        0.0658
BFGS:   70 13:13:43       -3.738204        0.0767
BFGS:   71 13:13:43       -3.740888        0.0852
BFGS:   72 13:13:43       -3.743827        0.0773
BFGS:   73 13:13:45       -3.746969        0.0775
BFGS:   74 13:13:46       -3.750367        0.0846
BFGS:   75 13:13:47       -3.753573        0.1738
BFGS:   76 13:13:47       -3.756208        0.1542
BFGS:   77 13:13:48       -3.760369        0.1075
BFGS:   78 13:13:48       -3.765351        0.0905
BFGS:   79 13:13:48       -3.769674        0.1028
BFGS:   80 13:13:49       -3.775076        0.1392
BFGS:   81 13:13:50       -3.779506        0.1272
BFGS:   82 13:13:50       -3.784592        0.0962
BFGS:   83 13:13:51       -3.788024        0.1119
BFGS:   84 13:13:52       -3.791878        0.1303
BFGS:   85 13:13:52       -3.796098        0.1130
BFGS:   86 13:13:52       -3.800797        0.0983
BFGS:   87 13:13:52       -3.804245        0.1051
BFGS:   88 13:13:53       -3.807422        0.1061
BFGS:   89 13:13:53       -3.810595        0.0888
BFGS:   90 13:13:53       -3.813774        0.1060
BFGS:   91 13:13:53       -3.817003        0.1039
BFGS:   92 13:13:53       -3.820242        0.1058
BFGS:   93 13:13:54       -3.824021        0.0868
BFGS:   94 13:13:54       -3.827386        0.0920
BFGS:   95 13:13:54       -3.830887        0.1006
BFGS:   96 13:13:54       -3.833938        0.0713
BFGS:   97 13:13:54       -3.836663        0.0706
BFGS:   98 13:13:55       -3.838965        0.0641
BFGS:   99 13:13:57       -3.840932        0.0692
BFGS:  100 13:13:58       -3.842610        0.0565
BFGS:  101 13:13:59       -3.844279        0.0706
BFGS:  102 13:14:00       -3.845909        0.0612
BFGS:  103 13:14:00       -3.847603        0.0823
BFGS:  104 13:14:01       -3.849268        0.0612
BFGS:  105 13:14:01       -3.850796        0.0544
BFGS:  106 13:14:01       -3.851835        0.0557
BFGS:  107 13:14:02       -3.852872        0.0467
Optimization complete!
Performing a relaxed scan over 20 steps...
      Step     Time          Energy         fmax
BFGS:    0 13:14:02       -3.758196        2.8243
BFGS:    1 13:14:02       -3.819000        2.9334
BFGS:    2 13:14:02       -3.816707        0.9683
BFGS:    3 13:14:02       -3.826025        0.6809
BFGS:    4 13:14:02       -3.835896        0.2051
BFGS:    5 13:14:02       -3.837157        0.1782
BFGS:    6 13:14:03       -3.839318        0.2122
BFGS:    7 13:14:03       -3.840174        0.0997
BFGS:    8 13:14:03       -3.841138        0.0674
BFGS:    9 13:14:03       -3.841879        0.0937
BFGS:   10 13:14:03       -3.842538        0.0769
BFGS:   11 13:14:03       -3.843336        0.0517
BFGS:   12 13:14:03       -3.843920        0.0516
BFGS:   13 13:14:04       -3.844485        0.0606
BFGS:   14 13:14:04       -3.845058        0.0537
BFGS:   15 13:14:04       -3.845600        0.0569
BFGS:   16 13:14:04       -3.846134        0.0474
      Step     Time          Energy         fmax
BFGS:    0 13:14:04       -3.693558        3.4937
BFGS:    1 13:14:04       -3.798782        4.3899
BFGS:    2 13:14:04       -3.782308        0.9568
BFGS:    3 13:14:04       -3.793638        0.8203
BFGS:    4 13:14:05       -3.807042        0.2447
BFGS:    5 13:14:05       -3.807704        0.2129
BFGS:    6 13:14:05       -3.810081        0.2165
BFGS:    7 13:14:05       -3.810358        0.0858
BFGS:    8 13:14:05       -3.810773        0.0769
BFGS:    9 13:14:05       -3.811100        0.0672
BFGS:   10 13:14:05       -3.811595        0.0592
BFGS:   11 13:14:05       -3.812210        0.0632
BFGS:   12 13:14:06       -3.812657        0.0520
BFGS:   13 13:14:06       -3.813221        0.0627
BFGS:   14 13:14:06       -3.813766        0.0646
BFGS:   15 13:14:06       -3.814235        0.0610
BFGS:   16 13:14:06       -3.814700        0.0606
BFGS:   17 13:14:06       -3.815108        0.0437
      Step     Time          Energy         fmax
BFGS:    0 13:14:06       -3.598816        4.2279
BFGS:    1 13:14:06       -3.764277        5.9835
BFGS:    2 13:14:07       -3.727791        0.9730
BFGS:    3 13:14:07       -3.741470        0.9773
BFGS:    4 13:14:07       -3.758159        0.2833
BFGS:    5 13:14:07       -3.758097        0.2456
BFGS:    6 13:14:07       -3.760917        0.2283
BFGS:    7 13:14:07       -3.761163        0.0887
BFGS:    8 13:14:07       -3.761426        0.0841
BFGS:    9 13:14:08       -3.761507        0.0720
BFGS:   10 13:14:08       -3.761837        0.0521
BFGS:   11 13:14:08       -3.762303        0.0510
BFGS:   12 13:14:08       -3.762750        0.0643
BFGS:   13 13:14:08       -3.763264        0.0661
BFGS:   14 13:14:08       -3.763821        0.0751
BFGS:   15 13:14:08       -3.764280        0.0662
BFGS:   16 13:14:08       -3.764732        0.0781
BFGS:   17 13:14:08       -3.765178        0.0600
BFGS:   18 13:14:08       -3.765703        0.0499
      Step     Time          Energy         fmax
BFGS:    0 13:14:09       -3.479168        4.9947
BFGS:    1 13:14:09       -3.716325        7.5956
BFGS:    2 13:14:09       -3.655899        1.0536
BFGS:    3 13:14:09       -3.673872        1.0931
BFGS:    4 13:14:09       -3.693263        0.3211
BFGS:    5 13:14:09       -3.692064        0.2833
BFGS:    6 13:14:09       -3.695536        0.2183
BFGS:    7 13:14:09       -3.696025        0.0944
BFGS:    8 13:14:10       -3.696253        0.0845
BFGS:    9 13:14:10       -3.696146        0.0704
BFGS:   10 13:14:10       -3.696305        0.0529
BFGS:   11 13:14:10       -3.696662        0.0636
BFGS:   12 13:14:10       -3.697148        0.0592
BFGS:   13 13:14:10       -3.697663        0.0624
BFGS:   14 13:14:10       -3.698211        0.0758
BFGS:   15 13:14:11       -3.698621        0.0695
BFGS:   16 13:14:11       -3.699088        0.0944
BFGS:   17 13:14:11       -3.699583        0.0820
BFGS:   18 13:14:11       -3.700073        0.0729
BFGS:   19 13:14:11       -3.700720        0.0918
BFGS:   20 13:14:11       -3.701505        0.1089
BFGS:   21 13:14:11       -3.702614        0.0935
BFGS:   22 13:14:11       -3.703620        0.0768
BFGS:   23 13:14:11       -3.704189        0.0832
BFGS:   24 13:14:12       -3.704786        0.0898
BFGS:   25 13:14:12       -3.705709        0.0708
BFGS:   26 13:14:12       -3.707176        0.0677
BFGS:   27 13:14:12       -3.708767        0.0769
BFGS:   28 13:14:12       -3.710149        0.0548
BFGS:   29 13:14:12       -3.711118        0.0620
BFGS:   30 13:14:12       -3.711957        0.0593
BFGS:   31 13:14:12       -3.712526        0.0786
BFGS:   32 13:14:13       -3.713012        0.0829
BFGS:   33 13:14:13       -3.713409        0.0584
BFGS:   34 13:14:13       -3.714044        0.0581
BFGS:   35 13:14:13       -3.715039        0.0610
BFGS:   36 13:14:13       -3.716387        0.0636
BFGS:   37 13:14:13       -3.717766        0.0569
BFGS:   38 13:14:13       -3.719006        0.0537
BFGS:   39 13:14:13       -3.719952        0.0484
      Step     Time          Energy         fmax
BFGS:    0 13:14:13       -3.335032        6.5098
BFGS:    1 13:14:14       -3.647099        9.4393
BFGS:    2 13:14:14       -3.579727        1.2748
BFGS:    3 13:14:14       -3.617085        1.2265
BFGS:    4 13:14:14       -3.635736        0.3874
BFGS:    5 13:14:14       -3.632638        0.3420
BFGS:    6 13:14:14       -3.636723        0.1792
BFGS:    7 13:14:14       -3.638586        0.1077
BFGS:    8 13:14:14       -3.639636        0.0969
BFGS:    9 13:14:14       -3.639996        0.0817
BFGS:   10 13:14:15       -3.640005        0.0937
BFGS:   11 13:14:15       -3.640236        0.0775
BFGS:   12 13:14:15       -3.640903        0.0600
BFGS:   13 13:14:15       -3.641682        0.0621
BFGS:   14 13:14:15       -3.642470        0.0604
BFGS:   15 13:14:15       -3.642960        0.0537
BFGS:   16 13:14:15       -3.643293        0.0543
BFGS:   17 13:14:15       -3.643414        0.0360
      Step     Time          Energy         fmax
BFGS:    0 13:14:15       -3.156502        7.3749
BFGS:    1 13:14:15       -3.576550       11.1395
BFGS:    2 13:14:15       -3.472020        1.4114
BFGS:    3 13:14:15       -3.521191        1.2286
BFGS:    4 13:14:16       -3.539886        0.4380
BFGS:    5 13:14:16       -3.534935        0.3730
BFGS:    6 13:14:16       -3.540030        0.1787
BFGS:    7 13:14:16       -3.541761        0.1075
BFGS:    8 13:14:16       -3.542185        0.0909
BFGS:    9 13:14:16       -3.541796        0.0689
BFGS:   10 13:14:16       -3.541241        0.0923
BFGS:   11 13:14:16       -3.541297        0.0540
BFGS:   12 13:14:16       -3.541999        0.0592
BFGS:   13 13:14:16       -3.542668        0.0531
BFGS:   14 13:14:16       -3.543233        0.0593
BFGS:   15 13:14:16       -3.543527        0.0492
      Step     Time          Energy         fmax
BFGS:    0 13:14:16       -2.949914        8.1482
BFGS:    1 13:14:16       -3.491398       12.7879
BFGS:    2 13:14:17       -3.340603        1.5358
BFGS:    3 13:14:17       -3.402503        1.1693
BFGS:    4 13:14:17       -3.419953        0.4725
BFGS:    5 13:14:17       -3.413736        0.4071
BFGS:    6 13:14:17       -3.419761        0.1870
BFGS:    7 13:14:17       -3.421422        0.1142
BFGS:    8 13:14:17       -3.421764        0.0985
BFGS:    9 13:14:17       -3.421184        0.0879
BFGS:   10 13:14:17       -3.420311        0.1142
BFGS:   11 13:14:17       -3.420359        0.0687
BFGS:   12 13:14:17       -3.421412        0.0699
BFGS:   13 13:14:17       -3.422325        0.0632
BFGS:   14 13:14:17       -3.423254        0.0708
BFGS:   15 13:14:17       -3.423761        0.0666
BFGS:   16 13:14:18       -3.424016        0.0785
BFGS:   17 13:14:18       -3.424048        0.0533
BFGS:   18 13:14:18       -3.424028        0.0540
BFGS:   19 13:14:18       -3.424162        0.0786
BFGS:   20 13:14:18       -3.424406        0.0807
BFGS:   21 13:14:18       -3.424856        0.0669
BFGS:   22 13:14:18       -3.425276        0.0611
BFGS:   23 13:14:19       -3.425443        0.0681
BFGS:   24 13:14:19       -3.425560        0.0721
BFGS:   25 13:14:19       -3.425889        0.0604
BFGS:   26 13:14:19       -3.426731        0.0635
BFGS:   27 13:14:19       -3.427938        0.0781
BFGS:   28 13:14:19       -3.429372        0.0649
BFGS:   29 13:14:19       -3.430584        0.0659
BFGS:   30 13:14:19       -3.431667        0.0814
BFGS:   31 13:14:19       -3.432397        0.1152
BFGS:   32 13:14:19       -3.432823        0.1286
BFGS:   33 13:14:20       -3.433367        0.0997
BFGS:   34 13:14:20       -3.434331        0.0753
BFGS:   35 13:14:20       -3.436177        0.0744
BFGS:   36 13:14:20       -3.438670        0.0837
BFGS:   37 13:14:20       -3.441277        0.0741
BFGS:   38 13:14:20       -3.443850        0.0986
BFGS:   39 13:14:20       -3.445563        0.0741
BFGS:   40 13:14:20       -3.446754        0.0841
BFGS:   41 13:14:20       -3.447198        0.0743
BFGS:   42 13:14:20       -3.447888        0.0865
BFGS:   43 13:14:20       -3.449060        0.0871
BFGS:   44 13:14:20       -3.450679        0.0844
BFGS:   45 13:14:20       -3.452533        0.0682
BFGS:   46 13:14:20       -3.454085        0.0519
BFGS:   47 13:14:20       -3.455396        0.0591
BFGS:   48 13:14:20       -3.456388        0.0834
BFGS:   49 13:14:20       -3.457120        0.0851
BFGS:   50 13:14:21       -3.457985        0.0565
BFGS:   51 13:14:21       -3.459082        0.0616
BFGS:   52 13:14:21       -3.460867        0.0813
BFGS:   53 13:14:21       -3.462964        0.1036
BFGS:   54 13:14:21       -3.465370        0.0931
BFGS:   55 13:14:21       -3.467244        0.0682
BFGS:   56 13:14:21       -3.468837        0.0710
BFGS:   57 13:14:21       -3.470057        0.0766
BFGS:   58 13:14:21       -3.471462        0.0839
BFGS:   59 13:14:21       -3.472756        0.0609
BFGS:   60 13:14:21       -3.474697        0.0606
BFGS:   61 13:14:21       -3.476744        0.0717
BFGS:   62 13:14:21       -3.479371        0.0685
BFGS:   63 13:14:22       -3.481482        0.0593
BFGS:   64 13:14:22       -3.483272        0.0725
BFGS:   65 13:14:22       -3.484296        0.0859
BFGS:   66 13:14:22       -3.485814        0.0741
BFGS:   67 13:14:22       -3.487181        0.0700
BFGS:   68 13:14:22       -3.489327        0.0620
BFGS:   69 13:14:22       -3.491058        0.0789
BFGS:   70 13:14:22       -3.493302        0.0666
BFGS:   71 13:14:22       -3.495759        0.0665
BFGS:   72 13:14:22       -3.497908        0.0806
BFGS:   73 13:14:22       -3.499922        0.0929
BFGS:   74 13:14:23       -3.501714        0.0848
BFGS:   75 13:14:23       -3.503586        0.0801
BFGS:   76 13:14:23       -3.505746        0.0699
BFGS:   77 13:14:23       -3.508067        0.0718
BFGS:   78 13:14:23       -3.510432        0.0669
BFGS:   79 13:14:23       -3.512216        0.0670
BFGS:   80 13:14:23       -3.513904        0.0632
BFGS:   81 13:14:23       -3.515113        0.0571
BFGS:   82 13:14:23       -3.516327        0.0529
BFGS:   83 13:14:23       -3.517480        0.0614
BFGS:   84 13:14:24       -3.519155        0.0730
BFGS:   85 13:14:24       -3.520942        0.0605
BFGS:   86 13:14:24       -3.522780        0.0536
BFGS:   87 13:14:24       -3.523998        0.0579
BFGS:   88 13:14:24       -3.525005        0.0669
BFGS:   89 13:14:24       -3.525497        0.0667
BFGS:   90 13:14:24       -3.525789        0.0451
      Step     Time          Energy         fmax
BFGS:    0 13:14:24       -2.916843        8.5466
BFGS:    1 13:14:24       -3.448053       12.6245
BFGS:    2 13:14:24       -3.316460        1.5774
BFGS:    3 13:14:25       -3.387677        1.3234
BFGS:    4 13:14:25       -3.406999        0.5298
BFGS:    5 13:14:25       -3.399755        0.3992
BFGS:    6 13:14:25       -3.405854        0.2045
BFGS:    7 13:14:25       -3.408278        0.1231
BFGS:    8 13:14:25       -3.408597        0.1084
BFGS:    9 13:14:25       -3.408170        0.0850
BFGS:   10 13:14:25       -3.407740        0.1203
BFGS:   11 13:14:25       -3.407959        0.0577
BFGS:   12 13:14:26       -3.408969        0.0589
BFGS:   13 13:14:26       -3.409909        0.0512
BFGS:   14 13:14:26       -3.410555        0.0575
BFGS:   15 13:14:26       -3.410899        0.0452
      Step     Time          Energy         fmax
BFGS:    0 13:14:26       -2.709970        9.2294
BFGS:    1 13:14:26       -3.346848       13.9086
BFGS:    2 13:14:26       -3.174690        1.6868
BFGS:    3 13:14:27       -3.259154        1.2339
BFGS:    4 13:14:27       -3.275186        0.5568
BFGS:    5 13:14:27       -3.266786        0.4678
BFGS:    6 13:14:27       -3.273888        0.1973
BFGS:    7 13:14:27       -3.276184        0.1119
BFGS:    8 13:14:27       -3.276069        0.1013
BFGS:    9 13:14:27       -3.275154        0.0894
BFGS:   10 13:14:27       -3.274383        0.1131
BFGS:   11 13:14:28       -3.274462        0.0700
BFGS:   12 13:14:28       -3.275611        0.0630
BFGS:   13 13:14:28       -3.276578        0.0559
BFGS:   14 13:14:28       -3.277349        0.0664
BFGS:   15 13:14:28       -3.277764        0.0605
BFGS:   16 13:14:28       -3.277867        0.0678
BFGS:   17 13:14:29       -3.277822        0.0437
      Step     Time          Energy         fmax
BFGS:    0 13:14:29       -2.518715        9.5959
BFGS:    1 13:14:29       -3.244462       14.9176
BFGS:    2 13:14:29       -3.031457        1.6761
BFGS:    3 13:14:29       -3.118489        1.1672
BFGS:    4 13:14:29       -3.131101        0.5734
BFGS:    5 13:14:30       -3.121262        0.5241
BFGS:    6 13:14:30       -3.129560        0.1920
BFGS:    7 13:14:30       -3.132371        0.1173
BFGS:    8 13:14:30       -3.131961        0.1122
BFGS:    9 13:14:30       -3.130516        0.0856
BFGS:   10 13:14:30       -3.129533        0.0868
BFGS:   11 13:14:31       -3.129530        0.0619
BFGS:   12 13:14:31       -3.130598        0.0629
BFGS:   13 13:14:31       -3.131511        0.0536
BFGS:   14 13:14:31       -3.132238        0.0716
BFGS:   15 13:14:31       -3.132575        0.0667
BFGS:   16 13:14:31       -3.132487        0.0808
BFGS:   17 13:14:31       -3.132179        0.0570
BFGS:   18 13:14:31       -3.131859        0.0542
BFGS:   19 13:14:32       -3.131864        0.0783
BFGS:   20 13:14:32       -3.132109        0.0616
BFGS:   21 13:14:32       -3.132620        0.0592
BFGS:   22 13:14:32       -3.133183        0.0535
BFGS:   23 13:14:32       -3.133308        0.0636
BFGS:   24 13:14:32       -3.133396        0.0680
BFGS:   25 13:14:32       -3.133511        0.0489
      Step     Time          Energy         fmax
BFGS:    0 13:14:32       -2.365282        9.4172
BFGS:    1 13:14:33       -3.136389       15.1176
BFGS:    2 13:14:33       -2.887424        1.5367
BFGS:    3 13:14:33       -2.968107        1.1326
BFGS:    4 13:14:33       -2.980676        0.6101
BFGS:    5 13:14:33       -2.968346        0.5321
BFGS:    6 13:14:33       -2.978234        0.1979
BFGS:    7 13:14:34       -2.981954        0.1251
BFGS:    8 13:14:34       -2.981857        0.1280
BFGS:    9 13:14:34       -2.980552        0.1043
BFGS:   10 13:14:34       -2.979681        0.0829
BFGS:   11 13:14:34       -2.979711        0.0508
BFGS:   12 13:14:34       -2.980675        0.0485
      Step     Time          Energy         fmax
BFGS:    0 13:14:35       -2.136914        9.7405
BFGS:    1 13:14:35       -3.006351       15.6339
BFGS:    2 13:14:35       -2.707089        1.5636
BFGS:    3 13:14:35       -2.802999        1.0961
BFGS:    4 13:14:35       -2.815349        0.6658
BFGS:    5 13:14:35       -2.799575        0.6388
BFGS:    6 13:14:36       -2.810073        0.1904
BFGS:    7 13:14:36       -2.813640        0.1553
BFGS:    8 13:14:36       -2.813344        0.1528
BFGS:    9 13:14:36       -2.811522        0.1346
BFGS:   10 13:14:36       -2.810239        0.1101
BFGS:   11 13:14:36       -2.810318        0.0959
BFGS:   12 13:14:36       -2.811794        0.0703
BFGS:   13 13:14:36       -2.813287        0.0688
BFGS:   14 13:14:37       -2.814400        0.0754
BFGS:   15 13:14:37       -2.814991        0.0752
BFGS:   16 13:14:37       -2.814791        0.0826
BFGS:   17 13:14:37       -2.814188        0.0794
BFGS:   18 13:14:37       -2.813524        0.0692
BFGS:   19 13:14:37       -2.813405        0.0678
BFGS:   20 13:14:38       -2.813768        0.0618
BFGS:   21 13:14:38       -2.814000        0.0592
BFGS:   22 13:14:38       -2.814071        0.0626
BFGS:   23 13:14:38       -2.813687        0.0770
BFGS:   24 13:14:38       -2.813411        0.0799
BFGS:   25 13:14:38       -2.813521        0.0631
BFGS:   26 13:14:38       -2.814467        0.0633
BFGS:   27 13:14:39       -2.815817        0.0664
BFGS:   28 13:14:39       -2.817057        0.0525
BFGS:   29 13:14:39       -2.817966        0.0575
BFGS:   30 13:14:39       -2.818439        0.0631
BFGS:   31 13:14:39       -2.818711        0.0878
BFGS:   32 13:14:39       -2.818637        0.0911
BFGS:   33 13:14:39       -2.819025        0.0624
BFGS:   34 13:14:39       -2.819555        0.0488
      Step     Time          Energy         fmax
BFGS:    0 13:14:40       -2.072582        8.7777
BFGS:    1 13:14:40       -2.823833       13.4154
BFGS:    2 13:14:40       -2.549194        1.5341
BFGS:    3 13:14:40       -2.638316        1.0895
BFGS:    4 13:14:40       -2.658989        0.7480
BFGS:    5 13:14:40       -2.641317        0.5956
BFGS:    6 13:14:41       -2.652577        0.1831
BFGS:    7 13:14:41       -2.655150        0.1364
BFGS:    8 13:14:41       -2.653889        0.1310
BFGS:    9 13:14:41       -2.652158        0.1210
BFGS:   10 13:14:41       -2.651892        0.0877
BFGS:   11 13:14:41       -2.652838        0.0726
BFGS:   12 13:14:41       -2.654320        0.0546
BFGS:   13 13:14:42       -2.655351        0.0521
BFGS:   14 13:14:42       -2.655679        0.0656
BFGS:   15 13:14:42       -2.655553        0.0566
BFGS:   16 13:14:42       -2.655166        0.0508
BFGS:   17 13:14:42       -2.654884        0.0482
      Step     Time          Energy         fmax
BFGS:    0 13:14:42       -1.982818        7.9552
BFGS:    1 13:14:42       -2.658725       11.5971
BFGS:    2 13:14:43       -2.398490        1.3775
BFGS:    3 13:14:43       -2.459793        1.3344
BFGS:    4 13:14:43       -2.489252        0.8229
BFGS:    5 13:14:43       -2.471382        0.4839
BFGS:    6 13:14:43       -2.481395        0.1657
BFGS:    7 13:14:43       -2.483720        0.1278
BFGS:    8 13:14:43       -2.482437        0.1168
BFGS:    9 13:14:43       -2.480934        0.1047
BFGS:   10 13:14:44       -2.480879        0.0880
BFGS:   11 13:14:44       -2.481728        0.0730
BFGS:   12 13:14:44       -2.483010        0.0560
BFGS:   13 13:14:44       -2.483980        0.0514
BFGS:   14 13:14:44       -2.484366        0.0723
BFGS:   15 13:14:44       -2.484254        0.0727
BFGS:   16 13:14:44       -2.483816        0.0695
BFGS:   17 13:14:44       -2.483344        0.0596
BFGS:   18 13:14:45       -2.483290        0.0464
      Step     Time          Energy         fmax
BFGS:    0 13:14:45       -1.950628        6.7384
BFGS:    1 13:14:45       -2.478295        9.3495
BFGS:    2 13:14:45       -2.275665        1.1875
BFGS:    3 13:14:45       -2.312752        1.3114
BFGS:    4 13:14:45       -2.336708        0.7527
BFGS:    5 13:14:45       -2.322122        0.4367
BFGS:    6 13:14:46       -2.330870        0.1440
BFGS:    7 13:14:46       -2.333636        0.1287
BFGS:    8 13:14:46       -2.333597        0.1208
BFGS:    9 13:14:46       -2.332937        0.0976
BFGS:   10 13:14:46       -2.332615        0.0814
BFGS:   11 13:14:46       -2.332818        0.0757
BFGS:   12 13:14:46       -2.333750        0.0650
BFGS:   13 13:14:47       -2.334801        0.0547
BFGS:   14 13:14:47       -2.335749        0.0798
BFGS:   15 13:14:47       -2.336169        0.0888
BFGS:   16 13:14:47       -2.336086        0.0777
BFGS:   17 13:14:47       -2.335646        0.0747
BFGS:   18 13:14:47       -2.335302        0.0614
BFGS:   19 13:14:47       -2.335599        0.0557
BFGS:   20 13:14:48       -2.336263        0.0546
BFGS:   21 13:14:48       -2.336811        0.0489
      Step     Time          Energy         fmax
BFGS:    0 13:14:48       -1.928146        5.6444
BFGS:    1 13:14:48       -2.310782        7.8087
BFGS:    2 13:14:48       -2.167819        1.1310
BFGS:    3 13:14:48       -2.204817        0.7702
BFGS:    4 13:14:48       -2.215500        0.5912
BFGS:    5 13:14:49       -2.205055        0.7059
BFGS:    6 13:14:49       -2.214662        0.1403
BFGS:    7 13:14:49       -2.216569        0.1213
BFGS:    8 13:14:49       -2.217698        0.1496
BFGS:    9 13:14:49       -2.217154        0.1114
BFGS:   10 13:14:50       -2.216795        0.0596
BFGS:   11 13:14:50       -2.217136        0.0755
BFGS:   12 13:14:50       -2.217826        0.0421
      Step     Time          Energy         fmax
BFGS:    0 13:14:50       -1.865493        5.1430
BFGS:    1 13:14:50       -2.177998        7.1099
BFGS:    2 13:14:51       -2.065434        1.0732
BFGS:    3 13:14:51       -2.099714        0.7089
BFGS:    4 13:14:51       -2.107042        0.3371
BFGS:    5 13:14:51       -2.104216        0.7353
BFGS:    6 13:14:51       -2.106755        0.3350
BFGS:    7 13:14:52       -2.109352        0.1619
BFGS:    8 13:14:52       -2.111223        0.1277
BFGS:    9 13:14:52       -2.111443        0.1651
BFGS:   10 13:14:52       -2.111440        0.0908
BFGS:   11 13:14:52       -2.111774        0.0681
BFGS:   12 13:14:52       -2.112500        0.0700
BFGS:   13 13:14:53       -2.113567        0.0610
BFGS:   14 13:14:53       -2.114701        0.0584
BFGS:   15 13:14:53       -2.115544        0.0481
      Step     Time          Energy         fmax
BFGS:    0 13:14:53       -1.819718        4.6421
BFGS:    1 13:14:53       -2.066519        6.4354
BFGS:    2 13:14:53       -1.985532        0.9901
BFGS:    3 13:14:54       -2.014723        0.6596
BFGS:    4 13:14:54       -2.021212        0.2989
BFGS:    5 13:14:54       -2.022233        0.2291
BFGS:    6 13:14:54       -2.022387        0.4650
BFGS:    7 13:14:54       -2.023712        0.1111
BFGS:    8 13:14:54       -2.024777        0.1172
BFGS:    9 13:14:54       -2.025466        0.1333
BFGS:   10 13:14:55       -2.026031        0.0708
BFGS:   11 13:14:55       -2.026465        0.0772
BFGS:   12 13:14:55       -2.026982        0.0810
BFGS:   13 13:14:55       -2.027617        0.0618
BFGS:   14 13:14:55       -2.028403        0.0624
BFGS:   15 13:14:55       -2.029250        0.0686
BFGS:   16 13:14:56       -2.030147        0.0890
BFGS:   17 13:14:56       -2.030949        0.0696
BFGS:   18 13:14:56       -2.031553        0.0639
BFGS:   19 13:14:56       -2.032136        0.0668
BFGS:   20 13:14:56       -2.032741        0.0645
BFGS:   21 13:14:56       -2.033638        0.0643
BFGS:   22 13:14:56       -2.034840        0.0792
BFGS:   23 13:14:56       -2.036402        0.0889
BFGS:   24 13:14:56       -2.038247        0.0834
BFGS:   25 13:14:57       -2.040186        0.0830
BFGS:   26 13:14:57       -2.041871        0.0877
BFGS:   27 13:14:57       -2.043006        0.0797
BFGS:   28 13:14:57       -2.043858        0.0556
BFGS:   29 13:14:57       -2.044723        0.0634
BFGS:   30 13:14:57       -2.045794        0.0765
BFGS:   31 13:14:57       -2.047079        0.0960
BFGS:   32 13:14:58       -2.048292        0.0796
BFGS:   33 13:14:58       -2.049598        0.0621
BFGS:   34 13:14:58       -2.050756        0.0715
BFGS:   35 13:14:58       -2.051863        0.0605
BFGS:   36 13:14:58       -2.052763        0.0557
BFGS:   37 13:14:58       -2.053626        0.0649
BFGS:   38 13:14:58       -2.054766        0.0699
BFGS:   39 13:14:59       -2.056161        0.0764
BFGS:   40 13:14:59       -2.057723        0.0670
BFGS:   41 13:14:59       -2.059109        0.0785
BFGS:   42 13:14:59       -2.060417        0.0755
BFGS:   43 13:14:59       -2.061527        0.0553
BFGS:   44 13:14:59       -2.062526        0.0498
      Step     Time          Energy         fmax
BFGS:    0 13:15:00       -1.848804        3.9034
BFGS:    1 13:15:00       -2.002615        5.0176
BFGS:    2 13:15:00       -1.967274        0.8937
BFGS:    3 13:15:00       -1.989277        0.5952
BFGS:    4 13:15:00       -1.994892        0.3791
BFGS:    5 13:15:00       -1.992450        0.6509
BFGS:    6 13:15:01       -1.997639        0.2035
BFGS:    7 13:15:01       -1.999517        0.1827
BFGS:    8 13:15:01       -2.001529        0.1051
BFGS:    9 13:15:01       -2.001806        0.0889
BFGS:   10 13:15:01       -2.002036        0.0689
BFGS:   11 13:15:01       -2.002555        0.0704
BFGS:   12 13:15:02       -2.003394        0.0559
BFGS:   13 13:15:02       -2.004394        0.0632
BFGS:   14 13:15:02       -2.005395        0.0598
BFGS:   15 13:15:02       -2.006140        0.0554
BFGS:   16 13:15:02       -2.006595        0.0626
BFGS:   17 13:15:03       -2.006810        0.0654
BFGS:   18 13:15:03       -2.007007        0.0635
BFGS:   19 13:15:03       -2.007421        0.0463
      Step     Time          Energy         fmax
BFGS:    0 13:15:03       -1.832137        3.7522
BFGS:    1 13:15:03       -1.949671        4.7865
BFGS:    2 13:15:03       -1.939403        0.6882
BFGS:    3 13:15:04       -1.953259        0.6148
BFGS:    4 13:15:04       -1.959171        0.4870
BFGS:    5 13:15:04       -1.961453        0.3305
BFGS:    6 13:15:04       -1.965181        0.2448
BFGS:    7 13:15:04       -1.964146        0.1188
BFGS:    8 13:15:04       -1.965193        0.0919
BFGS:    9 13:15:04       -1.965988        0.0436
Performing final optimization with tight thresholds...
      Step     Time          Energy         fmax
BFGS:    0 13:15:04       -1.965988        0.0436
Tight optimization complete!
Relaxed scan complete! Trajectory saved to opt.traj. 
Finished in 0 hours, 1 minutes, and 44 seconds
