You need to install the group's fork of aRMSD and put it in your path https://github.mit.edu/MLMat/aRMSD
[ 0.        +7.06596475e+02j  0.        +1.11994225e+01j
  0.        +1.24357160e+00j  0.        +9.66099434e-01j
  0.        +2.88836030e-01j  0.49052648+0.00000000e+00j
  5.30963965+0.00000000e+00j  6.62621807+0.00000000e+00j
 14.89978534+0.00000000e+00j 20.26138527+0.00000000e+00j
 23.06295408+0.00000000e+00j 27.92458108+0.00000000e+00j
 36.61069407+0.00000000e+00j 47.6623289 +0.00000000e+00j
 49.0873311 +0.00000000e+00j 55.14546914+0.00000000e+00j
 59.79302757+0.00000000e+00j 68.47896824+0.00000000e+00j
 78.49462685+0.00000000e+00j 88.70679821+0.00000000e+00j]
Entropy components at T = 298.15 K and P = 101325.0 Pa:
=================================================
                           S               T*S
S_trans (1 bar)    0.0019505 eV/K        0.582 eV
S_rot              0.0016584 eV/K        0.494 eV
S_elec             0.0000000 eV/K        0.000 eV
S_vib              0.0058372 eV/K        1.740 eV
S (1 bar -> P)    -0.0000011 eV/K       -0.000 eV
-------------------------------------------------
S                  0.0094449 eV/K        2.816 eV
=================================================
Enthalpy components at T = 298.15 K:
===============================
E_pot                 -2.854 eV
E_ZPE                  9.127 eV
Cv_trans (0->T)        0.039 eV
Cv_rot (0->T)          0.039 eV
Cv_vib (0->T)          0.796 eV
(C_v -> C_p)           0.026 eV
-------------------------------
H                      7.172 eV
===============================
RMS: 0.06183277815580368, MAX: 1.6230758428573608
RMS: 0.023723358288407326, MAX: 0.4145369231700897
RMS: 0.014251661486923695, MAX: 0.2062591165304184
RMS: 0.016717825084924698, MAX: 0.5131780505180359
RMS: 0.018001243472099304, MAX: 0.4995470345020294
RMS: 0.011963869445025921, MAX: 0.15516118705272675
RMS: 0.009809069335460663, MAX: 0.09716615080833435
RMS: 0.015857785940170288, MAX: 0.298462837934494
RMS: 0.020112643018364906, MAX: 0.35047146677970886
RMS: 0.014025096781551838, MAX: 0.34259355068206787
RMS: 0.010068369098007679, MAX: 0.1617393046617508
RMS: 0.012909390963613987, MAX: 0.33383461833000183
RMS: 0.01226767897605896, MAX: 0.2354804426431656
RMS: 0.010531622916460037, MAX: 0.12934556603431702
RMS: 0.011147065088152885, MAX: 0.18509382009506226
RMS: 0.005620213691145182, MAX: 0.04196329787373543
RMS: 0.0031949495896697044, MAX: 0.023904794827103615
RMS: 0.0028490759432315826, MAX: 0.025533223524689674
RMS: 0.00199144147336483, MAX: 0.010973399505019188
RMS: 0.0028303670696914196, MAX: 0.020957190543413162
RMS: 0.0015218574553728104, MAX: 0.007978376001119614
RMS: 0.0017204066971316934, MAX: 0.01567893661558628
RMS: 0.0022411879617720842, MAX: 0.021613501012325287
RMS: 0.0015264364192262292, MAX: 0.00992702879011631
RMS: 0.0017158002592623234, MAX: 0.01936347410082817
RMS: 0.000812688609585166, MAX: 0.005928863771259785
RMS: 0.002111803274601698, MAX: 0.016629541292786598
RMS: 0.0025162266101688147, MAX: 0.03296875208616257
RMS: 0.0028543067164719105, MAX: 0.028777170926332474
RMS: 0.0037928875535726547, MAX: 0.04203761741518974
RMS: 0.002201683586463332, MAX: 0.02546759881079197
RMS: 0.00252706091850996, MAX: 0.02331777848303318
RMS: 0.001419764943420887, MAX: 0.016834482550621033
RMS: 0.0014226669445633888, MAX: 0.014983356930315495
RMS: 0.0027373824268579483, MAX: 0.024335887283086777
RMS: 0.0018005560850724578, MAX: 0.037220340222120285
RMS: 0.0032152817584574223, MAX: 0.025245163589715958
RMS: 0.0027681845240294933, MAX: 0.042858898639678955
RMS: 0.0034785387106239796, MAX: 0.021857907995581627
RMS: 0.0017429781146347523, MAX: 0.021502599120140076
RMS: 0.004023627378046513, MAX: 0.03926701098680496
RMS: 0.0023935167118906975, MAX: 0.020698456093668938
RMS: 0.004144258797168732, MAX: 0.069757841527462
RMS: 0.004482931457459927, MAX: 0.09700647741556168
RMS: 0.005324164405465126, MAX: 0.1039327010512352
RMS: 0.005178823601454496, MAX: 0.1200108602643013
RMS: 0.006839497946202755, MAX: 0.12363655865192413
RMS: 0.003985227085649967, MAX: 0.0599512904882431
RMS: 0.007547282613813877, MAX: 0.14086508750915527
RMS: 0.005188030190765858, MAX: 0.07220929116010666
RMS: 0.0046471660025417805, MAX: 0.09678538143634796
RMS: 0.0031745934393256903, MAX: 0.0504632294178009
RMS: 0.0038630629424005747, MAX: 0.04071442410349846
RMS: 0.0032164696604013443, MAX: 0.05891915783286095
RMS: 0.0014328076504170895, MAX: 0.023290641605854034
RMS: 0.002285627881065011, MAX: 0.019677752628922462
RMS: 0.0035917258355766535, MAX: 0.05514783784747124
RMS: 0.0034606207627803087, MAX: 0.027592778205871582
RMS: 0.004405665677040815, MAX: 0.05399720370769501
RMS: 0.0018475532997399569, MAX: 0.010057279840111732
RMS: 0.0013250081101432443, MAX: 0.02512979879975319
RMS: 0.001172659220173955, MAX: 0.008670350536704063
RMS: 0.0008804019307717681, MAX: 0.009558009915053844
RMS: 0.001334288390353322, MAX: 0.011860723607242107
RMS: 0.0024999696761369705, MAX: 0.0158208180218935
RMS: 0.002497021807357669, MAX: 0.01798817329108715
RMS: 0.0030122792813926935, MAX: 0.017430827021598816
RMS: 0.0028739329427480698, MAX: 0.017322145402431488
RMS: 0.0037695628125220537, MAX: 0.019287288188934326
RMS: 0.0015821908600628376, MAX: 0.006363732740283012
RMS: 0.003953227307647467, MAX: 0.020937703549861908
RMS: 0.0016727447509765625, MAX: 0.00996685866266489
RMS: 0.0027577034197747707, MAX: 0.016622234135866165
RMS: 0.002344203647226095, MAX: 0.016566025093197823
RMS: 0.003020267467945814, MAX: 0.018808359280228615
RMS: 0.002627498470246792, MAX: 0.017659498378634453
RMS: 0.003758147358894348, MAX: 0.019873464480042458
RMS: 0.0011740140616893768, MAX: 0.010387184098362923
RMS: 0.0038920522201806307, MAX: 0.020494714379310608
RMS: 0.0012924647890031338, MAX: 0.011013826355338097
RMS: 0.001603748882189393, MAX: 0.012756072916090488
RMS: 0.002442247699946165, MAX: 0.019975140690803528
RMS: 0.0021433611400425434, MAX: 0.015562837943434715
RMS: 0.0026428615674376488, MAX: 0.02073308825492859
RMS: 0.002738414565101266, MAX: 0.021405665203928947
RMS: 0.0009398080292157829, MAX: 0.012024123221635818
RMS: 0.002307895105332136, MAX: 0.021153053268790245
RMS: 0.0009898962453007698, MAX: 0.011972006410360336
RMS: 0.00041782137122936547, MAX: 0.003340276423841715
Optimization converged!
Eigenvector following terminated normally.
[ 0.        +9.88618643e+02j  0.        +1.90714248e+00j
  0.        +1.67746625e+00j  0.        +1.13173566e+00j
  0.        +9.50685979e-01j  0.        +8.32869029e-01j
  0.        +6.92621480e-01j 12.65459502+0.00000000e+00j
 14.5286028 +0.00000000e+00j 22.14757168+0.00000000e+00j
 24.3217293 +0.00000000e+00j 29.75465275+0.00000000e+00j
 38.82670478+0.00000000e+00j 48.56073939+0.00000000e+00j
 53.61505597+0.00000000e+00j 53.98158693+0.00000000e+00j
 59.69099058+0.00000000e+00j 67.00560541+0.00000000e+00j
 74.32589677+0.00000000e+00j 84.81663392+0.00000000e+00j]
Flipping all imaginary frequencies except the lowest one
Entropy components at T = 298.15 K and P = 101325.0 Pa:
=================================================
                           S               T*S
S_trans (1 bar)    0.0019505 eV/K        0.582 eV
S_rot              0.0016593 eV/K        0.495 eV
S_elec             0.0000000 eV/K        0.000 eV
S_vib              0.0057549 eV/K        1.716 eV
S (1 bar -> P)    -0.0000011 eV/K       -0.000 eV
-------------------------------------------------
S                  0.0093635 eV/K        2.792 eV
=================================================
Enthalpy components at T = 298.15 K:
===============================
E_pot                 -2.835 eV
E_ZPE                  9.128 eV
Cv_trans (0->T)        0.039 eV
Cv_rot (0->T)          0.039 eV
Cv_vib (0->T)          0.795 eV
(C_v -> C_p)           0.026 eV
-------------------------------
H                      7.190 eV
===============================
