You need to install the group's fork of aRMSD and put it in your path https://github.mit.edu/MLMat/aRMSD
[ 0.        +509.29463961j  0.          +5.10756938j
  0.          +1.0554958j   0.          +0.63835114j
  0.          +0.51141901j  4.1803107   +0.j
  5.26449896  +0.j         18.39620816  +0.j
 24.4884842   +0.j         31.5382416   +0.j
 38.5571291   +0.j         40.36364596  +0.j
 46.10901273  +0.j         55.14166346  +0.j
 60.80778027  +0.j         68.87656357  +0.j
 70.65535322  +0.j         83.03125918  +0.j
 86.75249317  +0.j         93.63271275  +0.j        ]
Entropy components at T = 298.15 K and P = 101325.0 Pa:
=================================================
                           S               T*S
S_trans (1 bar)    0.0019301 eV/K        0.575 eV
S_rot              0.0015996 eV/K        0.477 eV
S_elec             0.0000000 eV/K        0.000 eV
S_vib              0.0055459 eV/K        1.654 eV
S (1 bar -> P)    -0.0000011 eV/K       -0.000 eV
-------------------------------------------------
S                  0.0090745 eV/K        2.706 eV
=================================================
Enthalpy components at T = 298.15 K:
===============================
E_pot                 -4.887 eV
E_ZPE                 15.363 eV
Cv_trans (0->T)        0.039 eV
Cv_rot (0->T)          0.039 eV
Cv_vib (0->T)          0.808 eV
(C_v -> C_p)           0.026 eV
-------------------------------
H                     11.387 eV
===============================
RMS: 0.018826264888048172, MAX: 0.9349403381347656
RMS: 0.008630642667412758, MAX: 0.40174344182014465
RMS: 0.00327777280472219, MAX: 0.0608636811375618
RMS: 0.0034529855474829674, MAX: 0.08707597851753235
RMS: 0.004109814763069153, MAX: 0.11403843015432358
RMS: 0.004645657259970903, MAX: 0.12337138503789902
RMS: 0.0047106374986469746, MAX: 0.11100196093320847
RMS: 0.004216703120619059, MAX: 0.08106698840856552
RMS: 0.003495951648801565, MAX: 0.043042514473199844
RMS: 0.0028602296952158213, MAX: 0.023244744166731834
RMS: 0.0028812612872570753, MAX: 0.02177288383245468
RMS: 0.0029620123095810413, MAX: 0.03890056535601616
RMS: 0.0028497506864368916, MAX: 0.042133230715990067
RMS: 0.002825989620760083, MAX: 0.03519999608397484
RMS: 0.0028722551651299, MAX: 0.024013590067625046
RMS: 0.003124932060018182, MAX: 0.02432168461382389
RMS: 0.0035977517254650593, MAX: 0.027753911912441254
RMS: 0.003958918619900942, MAX: 0.0320703499019146
RMS: 0.00419339956715703, MAX: 0.03001965396106243
RMS: 0.003759892890229821, MAX: 0.03786657750606537
RMS: 0.0034742068964987993, MAX: 0.036549899727106094
RMS: 0.0024570084642618895, MAX: 0.020657898858189583
RMS: 0.0017368858680129051, MAX: 0.00963552761822939
RMS: 0.0019843201152980328, MAX: 0.009176565334200859
RMS: 0.0021551770623773336, MAX: 0.010771856643259525
RMS: 0.0019689956679940224, MAX: 0.013971174135804176
RMS: 0.001564307720400393, MAX: 0.009734410792589188
RMS: 0.0015103514306247234, MAX: 0.010505425743758678
RMS: 0.0015456584515050054, MAX: 0.008098643273115158
RMS: 0.001150024589151144, MAX: 0.00468924455344677
Optimization converged!
Eigenvector following terminated normally.
[ 0.        +4.88295297e+02j  0.        +2.92832353e+00j
  0.        +2.80097724e+00j  0.        +1.85985236e+00j
  0.        +8.47582390e-01j  0.        +5.27340748e-01j
  0.        +3.70523875e-01j 18.34865301+0.00000000e+00j
 26.52188105+0.00000000e+00j 30.61499861+0.00000000e+00j
 38.18846535+0.00000000e+00j 42.32944986+0.00000000e+00j
 54.36598766+0.00000000e+00j 57.04010096+0.00000000e+00j
 59.37057387+0.00000000e+00j 68.72802437+0.00000000e+00j
 75.6879206 +0.00000000e+00j 82.12611083+0.00000000e+00j
 84.52395168+0.00000000e+00j 94.40634437+0.00000000e+00j]
Flipping all imaginary frequencies except the lowest one
Entropy components at T = 298.15 K and P = 101325.0 Pa:
=================================================
                           S               T*S
S_trans (1 bar)    0.0019301 eV/K        0.575 eV
S_rot              0.0015991 eV/K        0.477 eV
S_elec             0.0000000 eV/K        0.000 eV
S_vib              0.0055304 eV/K        1.649 eV
S (1 bar -> P)    -0.0000011 eV/K       -0.000 eV
-------------------------------------------------
S                  0.0090585 eV/K        2.701 eV
=================================================
Enthalpy components at T = 298.15 K:
===============================
E_pot                 -4.903 eV
E_ZPE                 15.364 eV
Cv_trans (0->T)        0.039 eV
Cv_rot (0->T)          0.039 eV
Cv_vib (0->T)          0.808 eV
(C_v -> C_p)           0.026 eV
-------------------------------
H                     11.371 eV
===============================
