You need to install the group's fork of aRMSD and put it in your path https://github.mit.edu/MLMat/aRMSD
[  0.        +8.92555513e+02j   0.        +1.10774802e+01j
   0.        +1.49604299e+00j   0.        +1.10794804e+00j
   0.        +5.79733228e-01j   0.        +1.52196550e-01j
   2.71596318+0.00000000e+00j   4.8431626 +0.00000000e+00j
  13.39820874+0.00000000e+00j  16.23417616+0.00000000e+00j
  22.06037924+0.00000000e+00j  44.58631849+0.00000000e+00j
  49.43208848+0.00000000e+00j  51.65840419+0.00000000e+00j
  53.23164217+0.00000000e+00j  66.52650444+0.00000000e+00j
  73.08956085+0.00000000e+00j  82.17977261+0.00000000e+00j
 110.61265288+0.00000000e+00j 119.76841302+0.00000000e+00j]
Entropy components at T = 298.15 K and P = 101325.0 Pa:
=================================================
                           S               T*S
S_trans (1 bar)    0.0019060 eV/K        0.568 eV
S_rot              0.0016327 eV/K        0.487 eV
S_elec             0.0000000 eV/K        0.000 eV
S_vib              0.0053299 eV/K        1.589 eV
S (1 bar -> P)    -0.0000011 eV/K       -0.000 eV
-------------------------------------------------
S                  0.0088675 eV/K        2.644 eV
=================================================
Enthalpy components at T = 298.15 K:
===============================
E_pot                  0.443 eV
E_ZPE                 16.252 eV
Cv_trans (0->T)        0.039 eV
Cv_rot (0->T)          0.039 eV
Cv_vib (0->T)          0.742 eV
(C_v -> C_p)           0.026 eV
-------------------------------
H                     17.539 eV
===============================
RMS: 0.01759304851293564, MAX: 0.671018660068512
RMS: 0.009711755439639091, MAX: 0.34206122159957886
RMS: 0.0034270258620381355, MAX: 0.061682432889938354
RMS: 0.0029858502093702555, MAX: 0.06200737506151199
RMS: 0.0043566967360675335, MAX: 0.0919463112950325
RMS: 0.005226651206612587, MAX: 0.08736719936132431
RMS: 0.005708637647330761, MAX: 0.06911381334066391
RMS: 0.005859500262886286, MAX: 0.06932950764894485
RMS: 0.005680309608578682, MAX: 0.06527464091777802
RMS: 0.005164775066077709, MAX: 0.05327910929918289
RMS: 0.004420637618750334, MAX: 0.03406141698360443
RMS: 0.003026392078027129, MAX: 0.018935663625597954
RMS: 0.00474933348596096, MAX: 0.0377093069255352
RMS: 0.0024217686150223017, MAX: 0.015100164338946342
RMS: 0.004135543946176767, MAX: 0.05114831030368805
RMS: 0.00437525287270546, MAX: 0.033832848072052
RMS: 0.0036100959405303, MAX: 0.04540381580591202
RMS: 0.00267222011461854, MAX: 0.02572595700621605
RMS: 0.0033504548482596874, MAX: 0.046079643070697784
RMS: 0.006699788849800825, MAX: 0.1514761745929718
RMS: 0.004330202005803585, MAX: 0.06690604239702225
RMS: 0.0060980902053415775, MAX: 0.18598146736621857
RMS: 0.005015258677303791, MAX: 0.12155979126691818
RMS: 0.005731349810957909, MAX: 0.0888092964887619
RMS: 0.004205815028399229, MAX: 0.03427337110042572
RMS: 0.0028333489317446947, MAX: 0.017098329961299896
RMS: 0.0013950485736131668, MAX: 0.009083668701350689
RMS: 0.002412604633718729, MAX: 0.01462521031498909
RMS: 0.001919587142765522, MAX: 0.010788355953991413
RMS: 0.0015594441210851073, MAX: 0.017511332407593727
RMS: 0.0016173843760043383, MAX: 0.007814173586666584
RMS: 0.0011244219494983554, MAX: 0.006180776748806238
RMS: 0.0012806421145796776, MAX: 0.005835015792399645
RMS: 0.0011978783877566457, MAX: 0.007930997759103775
RMS: 0.0011326983803883195, MAX: 0.006060294806957245
RMS: 0.0010932254372164607, MAX: 0.006000417284667492
RMS: 0.0010007258970290422, MAX: 0.005195253994315863
RMS: 0.0008880401728674769, MAX: 0.004129973705857992
Optimization converged!
Eigenvector following terminated normally.
[  0.        +7.46744366e+02j   0.        +1.38366833e+00j
   0.        +9.75213748e-01j   0.        +5.82585520e-01j
   0.48544177+0.00000000e+00j   1.00164984+0.00000000e+00j
   3.17445406+0.00000000e+00j   9.3538425 +0.00000000e+00j
  14.13066529+0.00000000e+00j  19.14139326+0.00000000e+00j
  22.77735197+0.00000000e+00j  48.59028589+0.00000000e+00j
  49.99413147+0.00000000e+00j  53.16625928+0.00000000e+00j
  59.01020248+0.00000000e+00j  64.51555737+0.00000000e+00j
  75.67651996+0.00000000e+00j  84.45754826+0.00000000e+00j
 114.93141759+0.00000000e+00j 121.32708817+0.00000000e+00j]
Flipping all imaginary frequencies except the lowest one
Entropy components at T = 298.15 K and P = 101325.0 Pa:
=================================================
                           S               T*S
S_trans (1 bar)    0.0019060 eV/K        0.568 eV
S_rot              0.0016310 eV/K        0.486 eV
S_elec             0.0000000 eV/K        0.000 eV
S_vib              0.0052410 eV/K        1.563 eV
S (1 bar -> P)    -0.0000011 eV/K       -0.000 eV
-------------------------------------------------
S                  0.0087769 eV/K        2.617 eV
=================================================
Enthalpy components at T = 298.15 K:
===============================
E_pot                  0.413 eV
E_ZPE                 16.253 eV
Cv_trans (0->T)        0.039 eV
Cv_rot (0->T)          0.039 eV
Cv_vib (0->T)          0.739 eV
(C_v -> C_p)           0.026 eV
-------------------------------
H                     17.507 eV
===============================
