You need to install the group's fork of aRMSD and put it in your path https://github.mit.edu/MLMat/aRMSD
[ 0.        +3.62267533j  0.        +1.78179592j  0.        +1.06130067j
  0.        +0.84556042j  0.        +0.46418277j  0.        +0.24382921j
 14.98141178+0.j         20.06025835+0.j         22.05094658+0.j
 27.84639594+0.j         37.13347907+0.j         37.81019487+0.j
 43.70585613+0.j         46.57524823+0.j         51.78556787+0.j
 57.28201829+0.j         66.67657113+0.j         75.12860584+0.j
 85.08284477+0.j         86.41226405+0.j        ]
Entropy components at T = 298.15 K and P = 101325.0 Pa:
=================================================
                           S               T*S
S_trans (1 bar)    0.0019477 eV/K        0.581 eV
S_rot              0.0016638 eV/K        0.496 eV
S_elec             0.0000000 eV/K        0.000 eV
S_vib              0.0068152 eV/K        2.032 eV
S (1 bar -> P)    -0.0000011 eV/K       -0.000 eV
-------------------------------------------------
S                  0.0104256 eV/K        3.108 eV
=================================================
Enthalpy components at T = 298.15 K:
===============================
E_pot                 -4.270 eV
E_ZPE                 17.518 eV
Cv_trans (0->T)        0.039 eV
Cv_rot (0->T)          0.039 eV
Cv_vib (0->T)          0.973 eV
(C_v -> C_p)           0.026 eV
-------------------------------
H                     14.323 eV
===============================
