You need to install the group's fork of aRMSD and put it in your path https://github.mit.edu/MLMat/aRMSD
[  0.        +879.6039751j    0.         +10.44044172j
   0.          +2.12739857j   0.          +1.82645648j
   0.          +1.24869641j   1.68037093  +0.j
   2.86438181  +0.j           4.85969302  +0.j
  13.69754563  +0.j          16.9071253   +0.j
  25.19588209  +0.j          46.06137378  +0.j
  51.66252971  +0.j          55.92713982  +0.j
  58.59410188  +0.j          67.67692774  +0.j
  78.61241703  +0.j          85.66379166  +0.j
  94.98814937  +0.j         109.879428    +0.j        ]
Entropy components at T = 298.15 K and P = 101325.0 Pa:
=================================================
                           S               T*S
S_trans (1 bar)    0.0019060 eV/K        0.568 eV
S_rot              0.0016329 eV/K        0.487 eV
S_elec             0.0000000 eV/K        0.000 eV
S_vib              0.0053835 eV/K        1.605 eV
S (1 bar -> P)    -0.0000011 eV/K       -0.000 eV
-------------------------------------------------
S                  0.0089213 eV/K        2.660 eV
=================================================
Enthalpy components at T = 298.15 K:
===============================
E_pot                  0.419 eV
E_ZPE                 16.229 eV
Cv_trans (0->T)        0.039 eV
Cv_rot (0->T)          0.039 eV
Cv_vib (0->T)          0.745 eV
(C_v -> C_p)           0.026 eV
-------------------------------
H                     17.497 eV
===============================
RMS: 0.016130108386278152, MAX: 0.528137743473053
RMS: 0.009221230633556843, MAX: 0.28214332461357117
RMS: 0.0031124509405344725, MAX: 0.05149953067302704
RMS: 0.004057371523231268, MAX: 0.10807474702596664
RMS: 0.00402927165850997, MAX: 0.07868044078350067
RMS: 0.00454490352421999, MAX: 0.055864982306957245
RMS: 0.0050690933130681515, MAX: 0.05911978334188461
RMS: 0.005385764874517918, MAX: 0.06032618507742882
RMS: 0.005424031522125006, MAX: 0.0570308156311512
RMS: 0.005263468250632286, MAX: 0.048557352274656296
RMS: 0.0047625103034079075, MAX: 0.04000671207904816
RMS: 0.003918719477951527, MAX: 0.029367171227931976
RMS: 0.003114883555099368, MAX: 0.0231412835419178
RMS: 0.0027918906416743994, MAX: 0.02061455324292183
RMS: 0.003102996153756976, MAX: 0.021186640486121178
RMS: 0.0039893705397844315, MAX: 0.026055634021759033
RMS: 0.002961823483929038, MAX: 0.017285354435443878
RMS: 0.0018834125949069858, MAX: 0.01340072974562645
RMS: 0.0033747167326509953, MAX: 0.015592708252370358
RMS: 0.0026901450473815203, MAX: 0.028825031593441963
RMS: 0.0023779193870723248, MAX: 0.03888358920812607
RMS: 0.00123423186596483, MAX: 0.0054175108671188354
RMS: 0.0028952432330697775, MAX: 0.02177264541387558
RMS: 0.0021888718474656343, MAX: 0.010095378383994102
RMS: 0.002137227449566126, MAX: 0.013924351893365383
RMS: 0.0018997052684426308, MAX: 0.00723818875849247
RMS: 0.0015484130708500743, MAX: 0.009111572988331318
RMS: 0.0014953648205846548, MAX: 0.008173801936209202
RMS: 0.00195506913587451, MAX: 0.009917297400534153
RMS: 0.0023377989418804646, MAX: 0.01683741621673107
RMS: 0.002593809040263295, MAX: 0.018425635993480682
RMS: 0.002567008836194873, MAX: 0.019680973142385483
RMS: 0.002393049653619528, MAX: 0.012342636473476887
RMS: 0.0012829905608668923, MAX: 0.015369679778814316
RMS: 0.002217376371845603, MAX: 0.010894183069467545
RMS: 0.002153426641598344, MAX: 0.016430990770459175
RMS: 0.0012963172048330307, MAX: 0.004539831541478634
Optimization converged!
Eigenvector following terminated normally.
[  0.        +722.1894967j    0.          +5.84815913j
   0.          +3.61153135j   0.          +2.20531937j
   0.          +1.82416421j   0.          +1.53551902j
   0.          +0.85562273j   1.49993381  +0.j
  14.42940196  +0.j          17.69765151  +0.j
  24.64339643  +0.j          46.40301056  +0.j
  47.62908189  +0.j          55.89110238  +0.j
  61.23760176  +0.j          69.9061868   +0.j
  78.48822578  +0.j          83.98096334  +0.j
  94.10594184  +0.j         109.73904288  +0.j        ]
Flipping all imaginary frequencies except the lowest one
Entropy components at T = 298.15 K and P = 101325.0 Pa:
=================================================
                           S               T*S
S_trans (1 bar)    0.0019060 eV/K        0.568 eV
S_rot              0.0016320 eV/K        0.487 eV
S_elec             0.0000000 eV/K        0.000 eV
S_vib              0.0053471 eV/K        1.594 eV
S (1 bar -> P)    -0.0000011 eV/K       -0.000 eV
-------------------------------------------------
S                  0.0088841 eV/K        2.649 eV
=================================================
Enthalpy components at T = 298.15 K:
===============================
E_pot                  0.392 eV
E_ZPE                 16.219 eV
Cv_trans (0->T)        0.039 eV
Cv_rot (0->T)          0.039 eV
Cv_vib (0->T)          0.745 eV
(C_v -> C_p)           0.026 eV
-------------------------------
H                     17.459 eV
===============================
