You need to install the group's fork of aRMSD and put it in your path https://github.mit.edu/MLMat/aRMSD
[ 0.        +426.74320671j  0.          +3.29186715j
  0.          +1.39496753j  0.          +0.99402737j
  0.          +0.89046022j  2.07164939  +0.j
  2.69565776  +0.j         15.42290666  +0.j
 24.13568165  +0.j         30.09072473  +0.j
 33.96487221  +0.j         35.57661809  +0.j
 41.64279421  +0.j         51.27734144  +0.j
 53.82174534  +0.j         59.58607326  +0.j
 66.51671372  +0.j         71.99343356  +0.j
 77.84370774  +0.j         86.88716036  +0.j        ]
Entropy components at T = 298.15 K and P = 101325.0 Pa:
=================================================
                           S               T*S
S_trans (1 bar)    0.0019477 eV/K        0.581 eV
S_rot              0.0016566 eV/K        0.494 eV
S_elec             0.0000000 eV/K        0.000 eV
S_vib              0.0066066 eV/K        1.970 eV
S (1 bar -> P)    -0.0000011 eV/K       -0.000 eV
-------------------------------------------------
S                  0.0102098 eV/K        3.044 eV
=================================================
Enthalpy components at T = 298.15 K:
===============================
E_pot                 -2.534 eV
E_ZPE                 17.472 eV
Cv_trans (0->T)        0.039 eV
Cv_rot (0->T)          0.039 eV
Cv_vib (0->T)          0.958 eV
(C_v -> C_p)           0.026 eV
-------------------------------
H                     15.999 eV
===============================
RMS: 0.0068007647059857845, MAX: 0.2990701496601105
RMS: 0.004749936982989311, MAX: 0.2017672061920166
RMS: 0.0029943869449198246, MAX: 0.08803799003362656
RMS: 0.002925408538430929, MAX: 0.04566522687673569
RMS: 0.0044960263185203075, MAX: 0.0954914465546608
RMS: 0.004663375206291676, MAX: 0.10905852913856506
RMS: 0.00401653116568923, MAX: 0.08272220194339752
RMS: 0.0018010474741458893, MAX: 0.043115630745887756
RMS: 0.0020457638893276453, MAX: 0.022758224979043007
RMS: 0.0030757803469896317, MAX: 0.06851306557655334
RMS: 0.0031058737076818943, MAX: 0.07750098407268524
RMS: 0.0018064046744257212, MAX: 0.035445213317871094
RMS: 0.0010203035781159997, MAX: 0.01570073701441288
RMS: 0.0010149935260415077, MAX: 0.009687167592346668
RMS: 0.00048332969890907407, MAX: 0.004566974937915802
Optimization converged!
Eigenvector following terminated normally.
[ 0.        +457.75883532j  0.          +8.84513869j
  0.          +3.31110956j  0.          +1.82994583j
  0.          +1.39188469j  0.          +0.94987452j
  0.          +0.60649782j 18.07518709  +0.j
 26.0170032   +0.j         28.00184242  +0.j
 32.04394703  +0.j         32.62309804  +0.j
 41.64990569  +0.j         50.45886135  +0.j
 55.42839316  +0.j         61.72910102  +0.j
 67.76708788  +0.j         72.40250579  +0.j
 79.30616678  +0.j         88.5423624   +0.j        ]
Flipping all imaginary frequencies except the lowest one
Entropy components at T = 298.15 K and P = 101325.0 Pa:
=================================================
                           S               T*S
S_trans (1 bar)    0.0019477 eV/K        0.581 eV
S_rot              0.0016562 eV/K        0.494 eV
S_elec             0.0000000 eV/K        0.000 eV
S_vib              0.0065924 eV/K        1.966 eV
S (1 bar -> P)    -0.0000011 eV/K       -0.000 eV
-------------------------------------------------
S                  0.0101951 eV/K        3.040 eV
=================================================
Enthalpy components at T = 298.15 K:
===============================
E_pot                 -2.540 eV
E_ZPE                 17.482 eV
Cv_trans (0->T)        0.039 eV
Cv_rot (0->T)          0.039 eV
Cv_vib (0->T)          0.957 eV
(C_v -> C_p)           0.026 eV
-------------------------------
H                     16.002 eV
===============================
