Optimizing input structure...
      Step     Time          Energy         fmax
BFGS:    0 13:57:29        1.530335        4.5065
BFGS:    1 13:57:29        0.353360        3.5127
BFGS:    2 13:57:29        0.093912        4.7611
BFGS:    3 13:57:29        0.040233        2.6377
BFGS:    4 13:57:29       -0.136046        1.4427
BFGS:    5 13:57:29       -0.251517        1.3574
BFGS:    6 13:57:29       -0.337989        3.6508
BFGS:    7 13:57:30       -0.388957        0.8520
BFGS:    8 13:57:30       -0.427532        0.8748
BFGS:    9 13:57:30       -0.479514        0.8039
BFGS:   10 13:57:30       -0.491987        2.8688
BFGS:   11 13:57:30       -0.530211        1.4897
BFGS:   12 13:57:30       -0.580353        2.1658
BFGS:   13 13:57:30       -0.585885        1.6432
BFGS:   14 13:57:30       -0.604820        1.3853
BFGS:   15 13:57:31       -0.590855        3.0794
BFGS:   16 13:57:31       -0.643292        1.4208
BFGS:   17 13:57:31       -0.644971        1.0108
BFGS:   18 13:57:31       -0.659502        1.0004
BFGS:   19 13:57:31       -0.653876        2.2650
BFGS:   20 13:57:31       -0.685655        1.2704
BFGS:   21 13:57:31       -0.684156        1.0336
BFGS:   22 13:57:31       -0.697094        0.8129
BFGS:   23 13:57:31       -0.683501        2.1988
BFGS:   24 13:57:32       -0.713022        1.3268
BFGS:   25 13:57:32       -0.714873        0.9889
BFGS:   26 13:57:32       -0.728457        0.7996
BFGS:   27 13:57:32       -0.678447        2.8598
BFGS:   28 13:57:32       -0.743960        1.4351
BFGS:   29 13:57:32       -0.748794        1.0946
BFGS:   30 13:57:32       -0.763584        0.3639
BFGS:   31 13:57:32       -0.775032        1.1605
BFGS:   32 13:57:32       -0.790004        0.9447
BFGS:   33 13:57:32       -0.807166        0.4770
BFGS:   34 13:57:32       -0.814956        0.2624
BFGS:   35 13:57:33       -0.826700        0.1825
BFGS:   36 13:57:33       -0.832131        0.1308
BFGS:   37 13:57:33       -0.842044        0.1380
BFGS:   38 13:57:33       -0.850205        0.1498
BFGS:   39 13:57:33       -0.858905        0.2168
BFGS:   40 13:57:33       -0.867827        0.1801
BFGS:   41 13:57:33       -0.877078        0.1621
BFGS:   42 13:57:33       -0.885445        0.1765
BFGS:   43 13:57:33       -0.893086        0.1711
BFGS:   44 13:57:33       -0.900225        0.1280
BFGS:   45 13:57:33       -0.906376        0.1691
BFGS:   46 13:57:33       -0.912335        0.2024
BFGS:   47 13:57:33       -0.918096        0.2427
BFGS:   48 13:57:33       -0.923723        0.1269
BFGS:   49 13:57:33       -0.929171        0.1881
BFGS:   50 13:57:33       -0.934839        0.1714
BFGS:   51 13:57:34       -0.940626        0.1305
BFGS:   52 13:57:34       -0.946705        0.1392
BFGS:   53 13:57:34       -0.952597        0.1380
BFGS:   54 13:57:34       -0.957798        0.1199
BFGS:   55 13:57:34       -0.962803        0.1058
BFGS:   56 13:57:34       -0.968399        0.1383
BFGS:   57 13:57:34       -0.974023        0.1967
BFGS:   58 13:57:34       -0.979806        0.2071
BFGS:   59 13:57:34       -0.986440        0.5216
BFGS:   60 13:57:34       -0.993070        0.3594
BFGS:   61 13:57:34       -1.000174        0.1800
BFGS:   62 13:57:34       -1.006633        0.9086
BFGS:   63 13:57:34       -1.010717        0.4203
BFGS:   64 13:57:34       -1.015013        0.1996
BFGS:   65 13:57:34       -1.020034        0.4040
BFGS:   66 13:57:34       -1.024546        0.3275
BFGS:   67 13:57:35       -1.030452        0.4624
BFGS:   68 13:57:35       -1.034460        0.1894
BFGS:   69 13:57:35       -1.039245        0.2253
BFGS:   70 13:57:35       -1.044434        0.2789
BFGS:   71 13:57:35       -1.049340        0.1947
BFGS:   72 13:57:35       -1.053318        0.3020
BFGS:   73 13:57:35       -1.056223        0.3366
BFGS:   74 13:57:36       -1.059633        0.1000
BFGS:   75 13:57:36       -1.063649        0.0793
BFGS:   76 13:57:36       -1.067533        0.3725
BFGS:   77 13:57:36       -1.069977        0.5871
BFGS:   78 13:57:36       -1.075001        0.2708
BFGS:   79 13:57:36       -1.078742        0.3011
BFGS:   80 13:57:36       -1.082695        0.1958
BFGS:   81 13:57:36       -1.085326        0.2364
BFGS:   82 13:57:36       -1.088554        0.2477
BFGS:   83 13:57:36       -1.091089        0.3118
BFGS:   84 13:57:37       -1.093552        0.1332
BFGS:   85 13:57:37       -1.096003        0.0774
BFGS:   86 13:57:37       -1.098066        0.1327
BFGS:   87 13:57:37       -1.100262        0.1167
BFGS:   88 13:57:37       -1.102360        0.0998
BFGS:   89 13:57:37       -1.104644        0.0742
BFGS:   90 13:57:37       -1.106980        0.0662
BFGS:   91 13:57:37       -1.109048        0.1904
BFGS:   92 13:57:37       -1.110763        0.0685
BFGS:   93 13:57:37       -1.112279        0.1508
BFGS:   94 13:57:38       -1.113866        0.0773
BFGS:   95 13:57:38       -1.115546        0.0617
BFGS:   96 13:57:38       -1.116982        0.2108
BFGS:   97 13:57:38       -1.118455        0.1011
BFGS:   98 13:57:38       -1.119969        0.1915
BFGS:   99 13:57:38       -1.121407        0.1008
BFGS:  100 13:57:38       -1.122778        0.1011
BFGS:  101 13:57:38       -1.124132        0.1589
BFGS:  102 13:57:38       -1.125702        0.1460
BFGS:  103 13:57:38       -1.127444        0.0637
BFGS:  104 13:57:38       -1.129164        0.0917
BFGS:  105 13:57:39       -1.130696        0.1349
BFGS:  106 13:57:39       -1.132251        0.0969
BFGS:  107 13:57:39       -1.133878        0.1311
BFGS:  108 13:57:39       -1.135664        0.1460
BFGS:  109 13:57:39       -1.137357        0.0989
BFGS:  110 13:57:39       -1.138928        0.0792
BFGS:  111 13:57:39       -1.140375        0.0813
BFGS:  112 13:57:39       -1.141655        0.0984
BFGS:  113 13:57:39       -1.142888        0.0723
BFGS:  114 13:57:39       -1.144083        0.0697
BFGS:  115 13:57:39       -1.145238        0.0897
BFGS:  116 13:57:39       -1.146443        0.0945
BFGS:  117 13:57:39       -1.147424        0.0901
BFGS:  118 13:57:39       -1.148129        0.0749
BFGS:  119 13:57:39       -1.148712        0.0474
Optimization complete!
Performing a relaxed scan over 20 steps...
      Step     Time          Energy         fmax
BFGS:    0 13:57:40       -0.992256        3.6243
BFGS:    1 13:57:40       -0.701815        7.1028
BFGS:    2 13:57:40       -0.977478        4.9271
BFGS:    3 13:57:40       -0.614569        6.4018
BFGS:    4 13:57:40       -1.100059        2.0731
BFGS:    5 13:57:40       -0.911148        3.6958
BFGS:    6 13:57:40       -1.081387        1.7282
BFGS:    7 13:57:40       -0.933102        2.3350
BFGS:    8 13:57:40       -1.075978        2.3292
BFGS:    9 13:57:40        5.227390       20.2908
BFGS:   10 13:57:40       -1.002700        3.1536
BFGS:   11 13:57:41       -0.917503        3.4987
BFGS:   12 13:57:41       -1.114027        1.7433
BFGS:   13 13:57:41       -0.755863        4.7404
BFGS:   14 13:57:41       -1.063445        2.0791
BFGS:   15 13:57:41       -0.935448        2.6731
BFGS:   16 13:57:41       -1.087310        1.9925
BFGS:   17 13:57:41        1.961967       12.0774
BFGS:   18 13:57:41       -1.004514        3.1262
BFGS:   19 13:57:41       -0.916768        3.5942
BFGS:   20 13:57:41       -1.116783        1.9438
BFGS:   21 13:57:41       -0.609186        5.7256
BFGS:   22 13:57:42       -1.043579        2.1433
BFGS:   23 13:57:42       -0.966775        3.5206
BFGS:   24 13:57:42       -1.108611        1.8411
BFGS:   25 13:57:42       -0.212751        7.3107
BFGS:   26 13:57:42       -1.021660        2.5829
BFGS:   27 13:57:42       -0.991844        3.8129
BFGS:   28 13:57:42       -1.121716        1.5027
BFGS:   29 13:57:42       -0.835652        3.8269
BFGS:   30 13:57:42       -1.060725        1.8192
BFGS:   31 13:57:42       -1.002339        3.6437
BFGS:   32 13:57:42       -1.111909        2.0622
BFGS:   33 13:57:43        1.066086        9.2366
BFGS:   34 13:57:43       -0.970999        3.2788
BFGS:   35 13:57:43       -0.991548        4.7339
BFGS:   36 13:57:43       -1.123820        1.7423
BFGS:   37 13:57:43       -1.091365        1.8172
BFGS:   38 13:57:43       -1.114185        1.5119
BFGS:   39 13:57:43       -0.773960        4.3715
BFGS:   40 13:57:44       -1.086099        1.5271
BFGS:   41 13:57:44       -1.084818        2.1689
BFGS:   42 13:57:44       -1.129053        1.5506
BFGS:   43 13:57:44       -1.119468        1.6007
BFGS:   44 13:57:44       -1.132798        1.5991
BFGS:   45 13:57:44        1.246687        8.3940
BFGS:   46 13:57:44       -1.046651        2.5187
BFGS:   47 13:57:45       -1.061308        2.6382
BFGS:   48 13:57:45       -1.117226        1.1209
BFGS:   49 13:57:45       -1.134595        1.7757
BFGS:   50 13:57:45       -1.126932        1.1371
BFGS:   51 13:57:45       -1.135609        1.4989
BFGS:   52 13:57:45       -1.105800        2.1173
BFGS:   53 13:57:45       -1.130987        1.7121
BFGS:   54 13:57:45       -1.062444        2.2906
BFGS:   55 13:57:45       -1.113939        1.1051
BFGS:   56 13:57:45       -1.110575        2.2179
BFGS:   57 13:57:45       -1.132866        1.3119
BFGS:   58 13:57:45       -1.140669        1.7143
BFGS:   59 13:57:46       -1.144091        1.2850
BFGS:   60 13:57:46       -1.146418        0.7282
BFGS:   61 13:57:46       -1.147826        0.3945
BFGS:   62 13:57:46       -1.145722        3.1493
BFGS:   63 13:57:46       -1.154721        0.2690
BFGS:   64 13:57:46       -1.156082        0.3553
BFGS:   65 13:57:46       -1.154621        3.0148
BFGS:   66 13:57:46       -1.160327        0.2684
BFGS:   67 13:57:46       -1.161875        0.2425
BFGS:   68 13:57:46       -1.161935        2.3128
BFGS:   69 13:57:47       -1.164986        0.2708
BFGS:   70 13:57:47       -1.165742        0.1865
BFGS:   71 13:57:47       -1.166898        0.7540
BFGS:   72 13:57:47       -1.167652        0.1712
BFGS:   73 13:57:47       -1.168458        0.3423
BFGS:   74 13:57:47       -1.169173        0.5443
BFGS:   75 13:57:47       -1.169929        0.5912
BFGS:   76 13:57:47       -1.170721        0.4227
BFGS:   77 13:57:47       -1.171576        0.1103
BFGS:   78 13:57:47       -1.172402        0.3021
BFGS:   79 13:57:48       -1.173307        0.4867
BFGS:   80 13:57:48       -1.174435        0.4785
BFGS:   81 13:57:48       -1.175432        0.2164
BFGS:   82 13:57:48       -1.176133        0.0795
BFGS:   83 13:57:48       -1.176634        0.2393
BFGS:   84 13:57:48       -1.177022        0.2621
BFGS:   85 13:57:48       -1.177410        0.1734
BFGS:   86 13:57:48       -1.177791        0.0493
      Step     Time          Energy         fmax
BFGS:    0 13:57:48       -1.010900        2.2687
BFGS:    1 13:57:48       -1.091416        5.2746
BFGS:    2 13:57:49       -1.133784        3.3011
BFGS:    3 13:57:49       -1.092317        3.3249
BFGS:    4 13:57:49       -1.058263        3.8586
BFGS:    5 13:57:49       -1.127526        0.8463
BFGS:    6 13:57:49       -1.125678        0.6431
BFGS:    7 13:57:49       -1.129834        0.6158
BFGS:    8 13:57:49       -1.121666        2.6075
BFGS:    9 13:57:49       -1.136206        0.6282
BFGS:   10 13:57:49       -1.141752        0.4055
BFGS:   11 13:57:50       -1.128561        2.8086
BFGS:   12 13:57:50       -1.142955        0.4621
BFGS:   13 13:57:50       -1.142648        0.3480
BFGS:   14 13:57:50       -1.143778        0.1392
BFGS:   15 13:57:50       -1.144962        0.3932
BFGS:   16 13:57:50       -1.145056        0.0583
BFGS:   17 13:57:50       -1.145498        0.1621
BFGS:   18 13:57:50       -1.146716        0.2916
BFGS:   19 13:57:51       -1.147371        0.2576
BFGS:   20 13:57:51       -1.147778        0.1883
BFGS:   21 13:57:51       -1.148292        0.0965
BFGS:   22 13:57:51       -1.148433        0.1926
BFGS:   23 13:57:51       -1.148958        0.3008
BFGS:   24 13:57:51       -1.149927        0.1931
BFGS:   25 13:57:51       -1.151411        0.1177
BFGS:   26 13:57:51       -1.153075        0.0632
BFGS:   27 13:57:52       -1.154331        0.1086
BFGS:   28 13:57:52       -1.155426        0.1435
BFGS:   29 13:57:52       -1.156378        0.1486
BFGS:   30 13:57:52       -1.157241        0.1124
BFGS:   31 13:57:52       -1.157831        0.0555
BFGS:   32 13:57:52       -1.158405        0.0683
BFGS:   33 13:57:52       -1.158967        0.1032
BFGS:   34 13:57:52       -1.159649        0.1164
BFGS:   35 13:57:52       -1.160336        0.0998
BFGS:   36 13:57:53       -1.161188        0.0808
BFGS:   37 13:57:53       -1.162056        0.0864
BFGS:   38 13:57:53       -1.163132        0.0757
BFGS:   39 13:57:53       -1.164033        0.0823
BFGS:   40 13:57:53       -1.164885        0.0722
BFGS:   41 13:57:53       -1.165602        0.0825
BFGS:   42 13:57:54       -1.166444        0.0888
BFGS:   43 13:57:54       -1.167255        0.0920
BFGS:   44 13:57:54       -1.168024        0.0715
BFGS:   45 13:57:54       -1.168677        0.0658
BFGS:   46 13:57:54       -1.169136        0.0678
BFGS:   47 13:57:54       -1.169469        0.0710
BFGS:   48 13:57:54       -1.169657        0.0738
BFGS:   49 13:57:54       -1.170004        0.0616
BFGS:   50 13:57:55       -1.170457        0.0909
BFGS:   51 13:57:55       -1.171268        0.1011
BFGS:   52 13:57:55       -1.172172        0.0756
BFGS:   53 13:57:55       -1.173112        0.0756
BFGS:   54 13:57:55       -1.173971        0.0725
BFGS:   55 13:57:55       -1.174718        0.0659
BFGS:   56 13:57:55       -1.175470        0.0617
BFGS:   57 13:57:56       -1.176101        0.0569
BFGS:   58 13:57:56       -1.176905        0.0596
BFGS:   59 13:57:56       -1.177774        0.0713
BFGS:   60 13:57:56       -1.178964        0.0778
BFGS:   61 13:57:56       -1.180199        0.0661
BFGS:   62 13:57:56       -1.181647        0.0693
BFGS:   63 13:57:56       -1.183099        0.0813
BFGS:   64 13:57:56       -1.184648        0.1055
BFGS:   65 13:57:57       -1.186171        0.1144
BFGS:   66 13:57:57       -1.187611        0.1227
BFGS:   67 13:57:57       -1.189411        0.1120
BFGS:   68 13:57:57       -1.191975        0.2793
BFGS:   69 13:57:57       -1.193597        3.1519
BFGS:   70 13:57:57       -1.194966        1.6624
BFGS:   71 13:57:57       -1.201249        0.5398
BFGS:   72 13:57:58       -1.194819        2.3246
BFGS:   73 13:57:58       -1.204723        1.8778
BFGS:   74 13:57:58       -1.206993        1.2203
BFGS:   75 13:57:58       -1.210289        0.5082
BFGS:   76 13:57:58       -1.213288        1.3876
BFGS:   77 13:57:58       -1.215874        0.9336
BFGS:   78 13:57:58       -1.217686        0.9796
BFGS:   79 13:57:58       -1.218684        0.3540
BFGS:   80 13:57:59       -1.219223        0.6045
BFGS:   81 13:57:59       -1.220129        0.3412
BFGS:   82 13:57:59       -1.221086        0.2608
BFGS:   83 13:57:59       -1.222537        0.2730
BFGS:   84 13:57:59       -1.224955        0.8996
BFGS:   85 13:57:59       -1.227180        0.3152
BFGS:   86 13:58:00       -1.229489        0.2605
BFGS:   87 13:58:00       -1.233432        0.7178
BFGS:   88 13:58:00       -1.234562        0.4572
BFGS:   89 13:58:00       -1.236853        0.3259
BFGS:   90 13:58:00       -1.237681        0.4050
BFGS:   91 13:58:00       -1.239185        0.1500
BFGS:   92 13:58:00       -1.239955        0.3545
BFGS:   93 13:58:01       -1.241065        0.2203
BFGS:   94 13:58:01       -1.242073        0.2413
BFGS:   95 13:58:01       -1.243052        0.2838
BFGS:   96 13:58:01       -1.243762        0.2196
BFGS:   97 13:58:01       -1.244429        0.1206
BFGS:   98 13:58:01       -1.244802        0.0546
BFGS:   99 13:58:02       -1.245199        0.0485
      Step     Time          Energy         fmax
BFGS:    0 13:58:02       -1.084311        2.4825
BFGS:    1 13:58:02       -1.159763        7.1344
BFGS:    2 13:58:02       -1.186765        2.2304
BFGS:    3 13:58:02       -1.152303        1.4038
BFGS:    4 13:58:02       -1.186979        0.5345
BFGS:    5 13:58:02       -1.204637        1.0690
BFGS:    6 13:58:02       -1.209665        1.0385
BFGS:    7 13:58:03       -1.206137        0.2122
BFGS:    8 13:58:03       -1.210506        0.3224
BFGS:    9 13:58:03       -1.212382        0.3728
BFGS:   10 13:58:03       -1.210028        0.2884
BFGS:   11 13:58:03       -1.211635        0.0670
BFGS:   12 13:58:03       -1.213146        0.1342
BFGS:   13 13:58:03       -1.214177        0.0781
BFGS:   14 13:58:03       -1.214303        0.0809
BFGS:   15 13:58:04       -1.214247        0.0559
BFGS:   16 13:58:04       -1.213924        0.0689
BFGS:   17 13:58:04       -1.213708        0.0648
BFGS:   18 13:58:04       -1.214133        0.0493
      Step     Time          Energy         fmax
BFGS:    0 13:58:04       -0.963441        2.9082
BFGS:    1 13:58:04       -1.136948        5.2672
BFGS:    2 13:58:04       -1.138542        3.2919
BFGS:    3 13:58:04       -1.100309        0.9317
BFGS:    4 13:58:04       -1.131319        0.3981
BFGS:    5 13:58:05       -1.140810        0.3652
BFGS:    6 13:58:05       -1.138078        0.1692
BFGS:    7 13:58:05       -1.136097        0.1548
BFGS:    8 13:58:05       -1.135783        0.1468
BFGS:    9 13:58:05       -1.137246        0.0899
BFGS:   10 13:58:05       -1.139847        0.0707
BFGS:   11 13:58:05       -1.142047        0.0841
BFGS:   12 13:58:05       -1.143010        0.1007
BFGS:   13 13:58:06       -1.142512        0.1184
BFGS:   14 13:58:06       -1.141579        0.0874
BFGS:   15 13:58:06       -1.141322        0.0811
BFGS:   16 13:58:06       -1.141719        0.0774
BFGS:   17 13:58:06       -1.143265        0.1015
BFGS:   18 13:58:06       -1.144848        0.1019
BFGS:   19 13:58:06       -1.146245        0.0806
BFGS:   20 13:58:06       -1.146375        0.0716
BFGS:   21 13:58:06       -1.145939        0.0687
BFGS:   22 13:58:06       -1.145535        0.0681
BFGS:   23 13:58:07       -1.145559        0.0889
BFGS:   24 13:58:07       -1.146055        0.0768
BFGS:   25 13:58:07       -1.146955        0.0628
BFGS:   26 13:58:07       -1.147794        0.0643
BFGS:   27 13:58:07       -1.148091        0.0600
BFGS:   28 13:58:07       -1.147721        0.0550
BFGS:   29 13:58:07       -1.147177        0.0365
      Step     Time          Energy         fmax
BFGS:    0 13:58:08       -0.901040        2.9873
BFGS:    1 13:58:08       -1.081606        5.1668
BFGS:    2 13:58:08       -1.082760        3.3546
BFGS:    3 13:58:08       -1.037197        0.9940
BFGS:    4 13:58:08       -1.068816        0.4672
BFGS:    5 13:58:08       -1.079604        0.3350
BFGS:    6 13:58:08       -1.075969        0.1523
BFGS:    7 13:58:09       -1.072138        0.1375
BFGS:    8 13:58:09       -1.071316        0.1501
BFGS:    9 13:58:09       -1.073180        0.0772
BFGS:   10 13:58:09       -1.075683        0.0628
BFGS:   11 13:58:09       -1.077998        0.0672
BFGS:   12 13:58:09       -1.078973        0.0828
BFGS:   13 13:58:09       -1.078026        0.0884
BFGS:   14 13:58:09       -1.076825        0.0611
BFGS:   15 13:58:09       -1.076120        0.0538
BFGS:   16 13:58:10       -1.076379        0.0399
      Step     Time          Energy         fmax
BFGS:    0 13:58:10       -0.767996        3.3629
BFGS:    1 13:58:10       -1.007495        5.5290
BFGS:    2 13:58:10       -1.003458        3.8846
BFGS:    3 13:58:10       -0.942613        1.0264
BFGS:    4 13:58:10       -0.981676        0.4505
BFGS:    5 13:58:10       -0.992616        0.3567
BFGS:    6 13:58:11       -0.986773        0.1933
BFGS:    7 13:58:11       -0.982528        0.1500
BFGS:    8 13:58:11       -0.981344        0.1730
BFGS:    9 13:58:11       -0.983428        0.0826
BFGS:   10 13:58:11       -0.986194        0.0660
BFGS:   11 13:58:11       -0.989171        0.0739
BFGS:   12 13:58:11       -0.990613        0.1064
BFGS:   13 13:58:12       -0.989551        0.1316
BFGS:   14 13:58:12       -0.987658        0.1049
BFGS:   15 13:58:12       -0.986249        0.0852
BFGS:   16 13:58:12       -0.986387        0.0735
BFGS:   17 13:58:12       -0.988050        0.1002
BFGS:   18 13:58:12       -0.990296        0.1179
BFGS:   19 13:58:12       -0.992549        0.1035
BFGS:   20 13:58:13       -0.993508        0.0849
BFGS:   21 13:58:13       -0.992824        0.0893
BFGS:   22 13:58:13       -0.992029        0.0742
BFGS:   23 13:58:13       -0.991648        0.1087
BFGS:   24 13:58:13       -0.992104        0.1205
BFGS:   25 13:58:13       -0.993569        0.0831
BFGS:   26 13:58:13       -0.995068        0.0845
BFGS:   27 13:58:14       -0.996193        0.0811
BFGS:   28 13:58:14       -0.995689        0.0733
BFGS:   29 13:58:14       -0.994703        0.0545
BFGS:   30 13:58:14       -0.993667        0.0533
BFGS:   31 13:58:14       -0.993064        0.0765
BFGS:   32 13:58:14       -0.993474        0.0830
BFGS:   33 13:58:14       -0.995281        0.0643
BFGS:   34 13:58:14       -0.997547        0.0486
      Step     Time          Energy         fmax
BFGS:    0 13:58:15       -0.668635        3.4388
BFGS:    1 13:58:15       -0.931290        6.0310
BFGS:    2 13:58:15       -0.923861        3.5875
BFGS:    3 13:58:15       -0.850755        1.0984
BFGS:    4 13:58:15       -0.897038        0.4392
BFGS:    5 13:58:15       -0.908677        0.3309
BFGS:    6 13:58:15       -0.903124        0.2143
BFGS:    7 13:58:15       -0.898454        0.1556
BFGS:    8 13:58:15       -0.897130        0.1703
BFGS:    9 13:58:15       -0.899201        0.0763
BFGS:   10 13:58:16       -0.902145        0.0642
BFGS:   11 13:58:16       -0.904998        0.0608
BFGS:   12 13:58:16       -0.905979        0.0904
BFGS:   13 13:58:16       -0.904859        0.0991
BFGS:   14 13:58:16       -0.903388        0.0715
BFGS:   15 13:58:16       -0.902525        0.0568
BFGS:   16 13:58:16       -0.902906        0.0428
      Step     Time          Energy         fmax
BFGS:    0 13:58:17       -0.504643        3.8516
BFGS:    1 13:58:17       -0.836095        6.7628
BFGS:    2 13:58:17       -0.821798        3.9133
BFGS:    3 13:58:17       -0.724026        1.2659
BFGS:    4 13:58:17       -0.784859        0.5048
BFGS:    5 13:58:17       -0.798870        0.3534
BFGS:    6 13:58:17       -0.791574        0.2546
BFGS:    7 13:58:17       -0.785344        0.1611
BFGS:    8 13:58:18       -0.783993        0.1708
BFGS:    9 13:58:18       -0.785759        0.0950
BFGS:   10 13:58:18       -0.788908        0.0621
BFGS:   11 13:58:18       -0.792133        0.0678
BFGS:   12 13:58:18       -0.793729        0.0940
BFGS:   13 13:58:18       -0.792704        0.1225
BFGS:   14 13:58:18       -0.790615        0.1049
BFGS:   15 13:58:19       -0.788731        0.0750
BFGS:   16 13:58:19       -0.788400        0.0622
BFGS:   17 13:58:19       -0.789756        0.0818
BFGS:   18 13:58:19       -0.791725        0.1016
BFGS:   19 13:58:19       -0.793826        0.0902
BFGS:   20 13:58:20       -0.794863        0.0803
BFGS:   21 13:58:20       -0.794158        0.0780
BFGS:   22 13:58:20       -0.793201        0.0727
BFGS:   23 13:58:20       -0.792540        0.1015
BFGS:   24 13:58:20       -0.792660        0.1227
BFGS:   25 13:58:20       -0.793891        0.0974
BFGS:   26 13:58:20       -0.795259        0.0896
BFGS:   27 13:58:21       -0.796490        0.0916
BFGS:   28 13:58:21       -0.795913        0.0807
BFGS:   29 13:58:21       -0.794677        0.0753
BFGS:   30 13:58:21       -0.793150        0.0579
BFGS:   31 13:58:21       -0.792172        0.0867
BFGS:   32 13:58:21       -0.792283        0.0978
BFGS:   33 13:58:21       -0.794224        0.0858
BFGS:   34 13:58:22       -0.797078        0.0567
BFGS:   35 13:58:22       -0.800009        0.0711
BFGS:   36 13:58:22       -0.802078        0.0741
BFGS:   37 13:58:22       -0.802903        0.0761
BFGS:   38 13:58:22       -0.801931        0.0528
BFGS:   39 13:58:22       -0.800779        0.0393
      Step     Time          Energy         fmax
BFGS:    0 13:58:23       -0.400538        3.7943
BFGS:    1 13:58:23       -0.744819        7.4288
BFGS:    2 13:58:23       -0.717072        3.2283
BFGS:    3 13:58:23       -0.610454        1.3403
BFGS:    4 13:58:23       -0.679143        0.4806
BFGS:    5 13:58:23       -0.693613        0.3305
BFGS:    6 13:58:24       -0.688297        0.2632
BFGS:    7 13:58:24       -0.681660        0.1608
BFGS:    8 13:58:24       -0.679603        0.1681
BFGS:    9 13:58:24       -0.680972        0.0900
BFGS:   10 13:58:24       -0.684298        0.0601
BFGS:   11 13:58:24       -0.687470        0.0559
BFGS:   12 13:58:24       -0.688836        0.0812
BFGS:   13 13:58:25       -0.687810        0.0971
BFGS:   14 13:58:25       -0.686037        0.0789
BFGS:   15 13:58:25       -0.684835        0.0497
      Step     Time          Energy         fmax
BFGS:    0 13:58:25       -0.214126        4.1869
BFGS:    1 13:58:25       -0.631566        8.1161
BFGS:    2 13:58:25       -0.592446        3.4301
BFGS:    3 13:58:25       -0.461666        1.4818
BFGS:    4 13:58:25       -0.545214        0.5376
BFGS:    5 13:58:25       -0.562415        0.3620
BFGS:    6 13:58:26       -0.555710        0.2875
BFGS:    7 13:58:26       -0.547309        0.1714
BFGS:    8 13:58:26       -0.545469        0.1605
BFGS:    9 13:58:26       -0.546762        0.0998
BFGS:   10 13:58:26       -0.550351        0.0658
BFGS:   11 13:58:26       -0.553832        0.0622
BFGS:   12 13:58:26       -0.555776        0.0895
BFGS:   13 13:58:26       -0.554949        0.1164
BFGS:   14 13:58:27       -0.552733        0.1010
BFGS:   15 13:58:27       -0.550965        0.0627
BFGS:   16 13:58:27       -0.550304        0.0545
BFGS:   17 13:58:27       -0.551543        0.0650
BFGS:   18 13:58:27       -0.553249        0.0793
BFGS:   19 13:58:27       -0.555009        0.0717
BFGS:   20 13:58:27       -0.555854        0.0652
BFGS:   21 13:58:27       -0.555139        0.0639
BFGS:   22 13:58:28       -0.554204        0.0618
BFGS:   23 13:58:28       -0.553528        0.0872
BFGS:   24 13:58:28       -0.553558        0.1060
BFGS:   25 13:58:28       -0.554579        0.0868
BFGS:   26 13:58:28       -0.555714        0.0775
BFGS:   27 13:58:28       -0.556668        0.0896
BFGS:   28 13:58:29       -0.555848        0.0831
BFGS:   29 13:58:29       -0.554360        0.0765
BFGS:   30 13:58:29       -0.552406        0.0648
BFGS:   31 13:58:29       -0.551057        0.0957
BFGS:   32 13:58:29       -0.550754        0.1134
BFGS:   33 13:58:29       -0.552647        0.1085
BFGS:   34 13:58:29       -0.556043        0.0713
BFGS:   35 13:58:29       -0.560082        0.0969
BFGS:   36 13:58:30       -0.563407        0.1051
BFGS:   37 13:58:30       -0.565316        0.0896
BFGS:   38 13:58:30       -0.564551        0.0824
BFGS:   39 13:58:30       -0.562838        0.0633
BFGS:   40 13:58:30       -0.561535        0.0634
BFGS:   41 13:58:30       -0.561306        0.0632
BFGS:   42 13:58:30       -0.562196        0.0585
BFGS:   43 13:58:31       -0.563785        0.0547
BFGS:   44 13:58:31       -0.565490        0.0586
BFGS:   45 13:58:31       -0.566472        0.0581
BFGS:   46 13:58:31       -0.567049        0.0575
BFGS:   47 13:58:31       -0.567048        0.0619
BFGS:   48 13:58:31       -0.567183        0.0670
BFGS:   49 13:58:31       -0.567526        0.0630
BFGS:   50 13:58:31       -0.568639        0.0581
BFGS:   51 13:58:31       -0.570145        0.0539
BFGS:   52 13:58:32       -0.571937        0.0511
BFGS:   53 13:58:32       -0.573202        0.0479
      Step     Time          Energy         fmax
BFGS:    0 13:58:32       -0.144646        3.8490
BFGS:    1 13:58:32       -0.538452        8.5726
BFGS:    2 13:58:32       -0.473769        2.5980
BFGS:    3 13:58:32       -0.357398        1.5263
BFGS:    4 13:58:33       -0.438274        0.4715
BFGS:    5 13:58:33       -0.453216        0.2806
BFGS:    6 13:58:33       -0.450515        0.1943
BFGS:    7 13:58:33       -0.445472        0.1477
BFGS:    8 13:58:33       -0.441232        0.1526
BFGS:    9 13:58:33       -0.441696        0.1447
BFGS:   10 13:58:33       -0.445925        0.0690
BFGS:   11 13:58:34       -0.450021        0.0566
BFGS:   12 13:58:34       -0.452297        0.0838
BFGS:   13 13:58:34       -0.451437        0.1019
BFGS:   14 13:58:34       -0.449524        0.0847
BFGS:   15 13:58:34       -0.447533        0.0640
BFGS:   16 13:58:34       -0.447399        0.0588
BFGS:   17 13:58:34       -0.448792        0.0606
BFGS:   18 13:58:35       -0.450751        0.0703
BFGS:   19 13:58:35       -0.452800        0.0693
BFGS:   20 13:58:35       -0.453541        0.0590
BFGS:   21 13:58:35       -0.452642        0.0457
      Step     Time          Energy         fmax
BFGS:    0 13:58:35        0.045113        4.2282
BFGS:    1 13:58:35       -0.421051        9.0788
BFGS:    2 13:58:35       -0.344827        2.7987
BFGS:    3 13:58:35       -0.208157        1.5845
BFGS:    4 13:58:36       -0.300745        0.5031
BFGS:    5 13:58:36       -0.317777        0.3069
BFGS:    6 13:58:36       -0.313808        0.2827
BFGS:    7 13:58:36       -0.306264        0.1754
BFGS:    8 13:58:36       -0.303119        0.1648
BFGS:    9 13:58:36       -0.303667        0.0904
BFGS:   10 13:58:36       -0.306986        0.0576
BFGS:   11 13:58:36       -0.309933        0.0453
      Step     Time          Energy         fmax
BFGS:    0 13:58:36        0.269114        4.6667
BFGS:    1 13:58:36       -0.281498        9.7042
BFGS:    2 13:58:37       -0.186623        2.9472
BFGS:    3 13:58:37       -0.031702        1.7053
BFGS:    4 13:58:37       -0.136435        0.5589
BFGS:    5 13:58:37       -0.155655        0.3623
BFGS:    6 13:58:37       -0.151479        0.3332
BFGS:    7 13:58:37       -0.142656        0.2121
BFGS:    8 13:58:37       -0.139052        0.1967
BFGS:    9 13:58:37       -0.139311        0.1248
BFGS:   10 13:58:37       -0.143888        0.0858
BFGS:   11 13:58:37       -0.149081        0.0760
BFGS:   12 13:58:37       -0.152086        0.1048
BFGS:   13 13:58:38       -0.151382        0.1257
BFGS:   14 13:58:38       -0.148952        0.1099
BFGS:   15 13:58:38       -0.146936        0.0669
BFGS:   16 13:58:38       -0.146323        0.0584
BFGS:   17 13:58:38       -0.147779        0.0741
BFGS:   18 13:58:38       -0.149898        0.0880
BFGS:   19 13:58:38       -0.151783        0.0786
BFGS:   20 13:58:39       -0.152455        0.0599
BFGS:   21 13:58:39       -0.151421        0.0722
BFGS:   22 13:58:39       -0.150199        0.0714
BFGS:   23 13:58:39       -0.149462        0.0950
BFGS:   24 13:58:39       -0.149588        0.1066
BFGS:   25 13:58:39       -0.150931        0.0769
BFGS:   26 13:58:39       -0.152134        0.0761
BFGS:   27 13:58:39       -0.152891        0.0895
BFGS:   28 13:58:39       -0.151581        0.0762
BFGS:   29 13:58:40       -0.149868        0.0645
BFGS:   30 13:58:40       -0.147834        0.0630
BFGS:   31 13:58:40       -0.146530        0.0883
BFGS:   32 13:58:40       -0.146569        0.1023
BFGS:   33 13:58:40       -0.148900        0.0987
BFGS:   34 13:58:40       -0.152638        0.0784
BFGS:   35 13:58:40       -0.156495        0.0779
BFGS:   36 13:58:40       -0.159206        0.0858
BFGS:   37 13:58:41       -0.160507        0.0788
BFGS:   38 13:58:41       -0.159401        0.0682
BFGS:   39 13:58:41       -0.157464        0.0537
BFGS:   40 13:58:41       -0.155978        0.0596
BFGS:   41 13:58:41       -0.155753        0.0626
BFGS:   42 13:58:41       -0.156572        0.0580
BFGS:   43 13:58:41       -0.158254        0.0567
BFGS:   44 13:58:42       -0.159977        0.0611
BFGS:   45 13:58:42       -0.161191        0.0677
BFGS:   46 13:58:42       -0.161984        0.0607
BFGS:   47 13:58:42       -0.162332        0.0675
BFGS:   48 13:58:42       -0.162746        0.0787
BFGS:   49 13:58:42       -0.163354        0.0788
BFGS:   50 13:58:42       -0.164783        0.0789
BFGS:   51 13:58:43       -0.166608        0.0729
BFGS:   52 13:58:43       -0.168839        0.0747
BFGS:   53 13:58:43       -0.170567        0.0666
BFGS:   54 13:58:43       -0.172245        0.0691
BFGS:   55 13:58:43       -0.173532        0.0723
BFGS:   56 13:58:43       -0.175133        0.0795
BFGS:   57 13:58:44       -0.176683        0.0907
BFGS:   58 13:58:44       -0.178735        0.0847
BFGS:   59 13:58:44       -0.180934        0.0829
BFGS:   60 13:58:44       -0.183719        0.0804
BFGS:   61 13:58:44       -0.186543        0.0973
BFGS:   62 13:58:44       -0.189266        0.0990
BFGS:   63 13:58:44       -0.191522        0.0944
BFGS:   64 13:58:44       -0.193783        0.0997
BFGS:   65 13:58:44       -0.195895        0.1287
BFGS:   66 13:58:45       -0.198607        0.1319
BFGS:   67 13:58:45       -0.199867        0.0956
BFGS:   68 13:58:45       -0.203216        0.0843
BFGS:   69 13:58:45       -0.203786        0.0669
BFGS:   70 13:58:45       -0.205140        0.0821
BFGS:   71 13:58:45       -0.206659        0.0874
BFGS:   72 13:58:45       -0.208368        0.0758
BFGS:   73 13:58:46       -0.210499        0.0813
BFGS:   74 13:58:46       -0.212786        0.0891
BFGS:   75 13:58:46       -0.214817        0.0746
BFGS:   76 13:58:46       -0.216788        0.0761
BFGS:   77 13:58:46       -0.218715        0.0777
BFGS:   78 13:58:46       -0.220923        0.0864
BFGS:   79 13:58:46       -0.222999        0.0934
BFGS:   80 13:58:46       -0.225352        0.1028
BFGS:   81 13:58:47       -0.227952        0.1000
BFGS:   82 13:58:47       -0.231824        0.1167
BFGS:   83 13:58:47       -0.235743        0.1345
BFGS:   84 13:58:47       -0.240896        0.1166
BFGS:   85 13:58:47       -0.244818        0.0765
BFGS:   86 13:58:47       -0.246893        0.0713
BFGS:   87 13:58:47       -0.248400        0.0814
BFGS:   88 13:58:47       -0.249908        0.0945
BFGS:   89 13:58:48       -0.251325        0.0812
BFGS:   90 13:58:48       -0.252865        0.0593
BFGS:   91 13:58:48       -0.254248        0.0534
BFGS:   92 13:58:48       -0.255821        0.0641
BFGS:   93 13:58:48       -0.256858        0.0671
BFGS:   94 13:58:48       -0.257934        0.0471
      Step     Time          Energy         fmax
BFGS:    0 13:58:48        0.204671        3.9830
BFGS:    1 13:58:49       -0.247684        8.9228
BFGS:    2 13:58:49       -0.124067        2.3682
BFGS:    3 13:58:49       -0.016207        1.9625
BFGS:    4 13:58:49       -0.107416        0.5101
BFGS:    5 13:58:49       -0.124844        0.3902
BFGS:    6 13:58:49       -0.123165        0.3025
BFGS:    7 13:58:49       -0.116175        0.1599
BFGS:    8 13:58:50       -0.113790        0.1309
BFGS:    9 13:58:50       -0.114352        0.1162
BFGS:   10 13:58:50       -0.117235        0.0690
BFGS:   11 13:58:50       -0.120892        0.0599
BFGS:   12 13:58:50       -0.122912        0.0848
BFGS:   13 13:58:50       -0.122654        0.1071
BFGS:   14 13:58:50       -0.121145        0.0916
BFGS:   15 13:58:51       -0.119488        0.0659
BFGS:   16 13:58:51       -0.119168        0.0560
BFGS:   17 13:58:51       -0.120274        0.0643
BFGS:   18 13:58:51       -0.121611        0.0760
BFGS:   19 13:58:51       -0.123139        0.0691
BFGS:   20 13:58:51       -0.123792        0.0611
BFGS:   21 13:58:51       -0.123360        0.0592
BFGS:   22 13:58:51       -0.122781        0.0556
BFGS:   23 13:58:51       -0.122463        0.0698
BFGS:   24 13:58:52       -0.122840        0.0798
BFGS:   25 13:58:52       -0.123954        0.0576
BFGS:   26 13:58:52       -0.125016        0.0553
BFGS:   27 13:58:52       -0.125588        0.0629
BFGS:   28 13:58:52       -0.124772        0.0541
BFGS:   29 13:58:52       -0.123622        0.0460
      Step     Time          Energy         fmax
BFGS:    0 13:58:52        0.356773        3.9737
BFGS:    1 13:58:52       -0.105172        8.7592
BFGS:    2 13:58:52        0.021785        2.2928
BFGS:    3 13:58:52        0.119766        1.7390
BFGS:    4 13:58:52        0.036710        0.5067
BFGS:    5 13:58:53        0.019764        0.3357
BFGS:    6 13:58:53        0.021831        0.3005
BFGS:    7 13:58:53        0.027877        0.1897
BFGS:    8 13:58:53        0.029351        0.1214
BFGS:    9 13:58:53        0.029037        0.0937
BFGS:   10 13:58:53        0.026670        0.0686
BFGS:   11 13:58:53        0.023392        0.0542
BFGS:   12 13:58:53        0.021962        0.0817
BFGS:   13 13:58:53        0.022550        0.0938
BFGS:   14 13:58:53        0.023890        0.0715
BFGS:   15 13:58:53        0.025214        0.0415
      Step     Time          Energy         fmax
BFGS:    0 13:58:53        0.514922        3.8578
BFGS:    1 13:58:53        0.075271        7.7555
BFGS:    2 13:58:53        0.189706        2.2323
BFGS:    3 13:58:54        0.269763        1.4545
BFGS:    4 13:58:54        0.200890        0.4741
BFGS:    5 13:58:54        0.185983        0.2879
BFGS:    6 13:58:54        0.189816        0.2091
BFGS:    7 13:58:54        0.194442        0.1758
BFGS:    8 13:58:54        0.197536        0.1347
BFGS:    9 13:58:54        0.196820        0.0769
BFGS:   10 13:58:54        0.193825        0.0696
BFGS:   11 13:58:54        0.190641        0.0567
BFGS:   12 13:58:54        0.188791        0.0968
BFGS:   13 13:58:55        0.189499        0.1185
BFGS:   14 13:58:55        0.191101        0.1027
BFGS:   15 13:58:55        0.193075        0.0617
BFGS:   16 13:58:55        0.193620        0.0585
BFGS:   17 13:58:55        0.192659        0.0785
BFGS:   18 13:58:55        0.191212        0.0970
BFGS:   19 13:58:55        0.189613        0.0895
BFGS:   20 13:58:55        0.188634        0.0770
BFGS:   21 13:58:55        0.188682        0.0861
BFGS:   22 13:58:55        0.188849        0.0873
BFGS:   23 13:58:55        0.188872        0.1052
BFGS:   24 13:58:55        0.188002        0.1268
BFGS:   25 13:58:56        0.186526        0.1023
BFGS:   26 13:58:56        0.185205        0.0771
BFGS:   27 13:58:56        0.184606        0.0863
BFGS:   28 13:58:56        0.186005        0.0686
BFGS:   29 13:58:56        0.187562        0.0589
BFGS:   30 13:58:56        0.189015        0.0453
      Step     Time          Energy         fmax
BFGS:    0 13:58:56        0.601973        4.0207
BFGS:    1 13:58:56        0.134225       10.2886
BFGS:    2 13:58:56        0.301131        1.9351
BFGS:    3 13:58:56        0.408053        1.6229
BFGS:    4 13:58:56        0.330512        0.4344
BFGS:    5 13:58:57        0.322961        0.2782
BFGS:    6 13:58:57        0.325894        0.3741
BFGS:    7 13:58:57        0.324712        0.1728
BFGS:    8 13:58:57        0.324281        0.1142
BFGS:    9 13:58:57        0.324369        0.0868
BFGS:   10 13:58:57        0.323622        0.1025
BFGS:   11 13:58:57        0.322767        0.0590
BFGS:   12 13:58:57        0.321524        0.0764
BFGS:   13 13:58:57        0.321470        0.0845
BFGS:   14 13:58:57        0.321916        0.0703
BFGS:   15 13:58:57        0.322025        0.0368
      Step     Time          Energy         fmax
BFGS:    0 13:58:58        0.770190        3.5111
BFGS:    1 13:58:58        0.378470        6.5537
BFGS:    2 13:58:58        0.487071        1.4287
BFGS:    3 13:58:58        0.484597        0.8239
BFGS:    4 13:58:58        0.449327        0.5679
BFGS:    5 13:58:58        0.432482        0.4679
BFGS:    6 13:58:58        0.449120        0.1356
BFGS:    7 13:58:58        0.454386        0.1289
BFGS:    8 13:58:58        0.454397        0.1244
BFGS:    9 13:58:58        0.451064        0.0847
BFGS:   10 13:58:58        0.446650        0.0610
BFGS:   11 13:58:58        0.444605        0.0905
BFGS:   12 13:58:58        0.444412        0.1113
BFGS:   13 13:58:58        0.446459        0.1180
BFGS:   14 13:58:58        0.449104        0.0926
BFGS:   15 13:58:58        0.450081        0.0612
BFGS:   16 13:58:58        0.449035        0.0520
BFGS:   17 13:58:58        0.447162        0.0886
BFGS:   18 13:58:59        0.444485        0.1174
BFGS:   19 13:58:59        0.442933        0.1255
BFGS:   20 13:58:59        0.441467        0.0928
BFGS:   21 13:58:59        0.442899        0.0697
BFGS:   22 13:58:59        0.443313        0.0897
BFGS:   23 13:58:59        0.443979        0.1132
BFGS:   24 13:58:59        0.442822        0.1350
BFGS:   25 13:58:59        0.440917        0.1097
BFGS:   26 13:58:59        0.438842        0.1038
BFGS:   27 13:58:59        0.437966        0.1112
BFGS:   28 13:58:59        0.438830        0.0933
BFGS:   29 13:58:59        0.440372        0.0899
BFGS:   30 13:58:59        0.441603        0.0659
BFGS:   31 13:58:59        0.442096        0.0923
BFGS:   32 13:58:59        0.440999        0.1070
BFGS:   33 13:58:59        0.438628        0.0828
BFGS:   34 13:58:59        0.435817        0.0603
BFGS:   35 13:58:59        0.433904        0.0659
BFGS:   36 13:58:59        0.433140        0.0660
BFGS:   37 13:58:59        0.433033        0.0493
      Step     Time          Energy         fmax
BFGS:    0 13:58:59        0.822085        3.0808
BFGS:    1 13:58:59        0.595809        4.4245
BFGS:    2 13:58:59        0.618059        1.0265
BFGS:    3 13:58:59        0.643303        0.7123
BFGS:    4 13:58:59        0.639676        0.5481
BFGS:    5 13:59:00        0.626000        0.4766
BFGS:    6 13:59:00        0.625157        0.1589
BFGS:    7 13:59:00        0.626454        0.1831
BFGS:    8 13:59:00        0.625822        0.1325
BFGS:    9 13:59:00        0.624598        0.0711
BFGS:   10 13:59:00        0.623534        0.0544
BFGS:   11 13:59:00        0.623014        0.0654
BFGS:   12 13:59:00        0.622772        0.0780
BFGS:   13 13:59:00        0.622503        0.0649
BFGS:   14 13:59:00        0.622630        0.0604
BFGS:   15 13:59:00        0.622121        0.0486
      Step     Time          Energy         fmax
BFGS:    0 13:59:00        0.786336        2.3084
BFGS:    1 13:59:00        0.701341        2.7216
BFGS:    2 13:59:00        0.700991        0.6432
BFGS:    3 13:59:00        0.696486        0.5484
BFGS:    4 13:59:00        0.693542        0.4953
BFGS:    5 13:59:00        0.689435        0.1608
BFGS:    6 13:59:00        0.688056        0.1161
BFGS:    7 13:59:00        0.687501        0.0833
BFGS:    8 13:59:01        0.687094        0.0829
BFGS:    9 13:59:01        0.686598        0.0489
Performing final optimization with tight thresholds...
      Step     Time          Energy         fmax
BFGS:    0 13:59:01        0.686598        0.0489
Tight optimization complete!
Relaxed scan complete! Trajectory saved to opt.traj. 
Finished in 0 hours, 1 minutes, and 34 seconds
