You need to install the group's fork of aRMSD and put it in your path https://github.mit.edu/MLMat/aRMSD
[  0.        +771.95502429j   0.         +14.47158784j
   0.          +6.26941127j   0.          +2.95000344j
   0.          +2.32417677j   0.          +2.18733616j
   4.08873946  +0.j          28.56266946  +0.j
  42.02739971  +0.j          43.27630785  +0.j
  97.04304926  +0.j         108.05668897  +0.j
 189.81935745  +0.j         220.00750257  +0.j
 221.48810577  +0.j         251.63663514  +0.j
 252.05442136  +0.j         253.79292257  +0.j
 300.24866884  +0.j         342.61637639  +0.j        ]
Entropy components at T = 298.15 K and P = 101325.0 Pa:
=================================================
                           S               T*S
S_trans (1 bar)    0.0018612 eV/K        0.555 eV
S_rot              0.0014712 eV/K        0.439 eV
S_elec             0.0000000 eV/K        0.000 eV
S_vib              0.0021665 eV/K        0.646 eV
S (1 bar -> P)    -0.0000011 eV/K       -0.000 eV
-------------------------------------------------
S                  0.0054977 eV/K        1.639 eV
=================================================
Enthalpy components at T = 298.15 K:
===============================
E_pot                 -0.215 eV
E_ZPE                  3.901 eV
Cv_trans (0->T)        0.039 eV
Cv_rot (0->T)          0.039 eV
Cv_vib (0->T)          0.337 eV
(C_v -> C_p)           0.026 eV
-------------------------------
H                      4.126 eV
===============================
RMS: 0.07772430032491684, MAX: 0.8990045785903931
RMS: 0.019629690796136856, MAX: 0.1540362685918808
RMS: 0.013426855206489563, MAX: 0.07330913096666336
RMS: 0.016468364745378494, MAX: 0.07409918308258057
RMS: 0.012749779038131237, MAX: 0.06842844188213348
RMS: 0.009659653529524803, MAX: 0.045734941959381104
RMS: 0.007767150644212961, MAX: 0.028658568859100342
RMS: 0.007116133347153664, MAX: 0.027847332879900932
RMS: 0.007027226034551859, MAX: 0.027719831094145775
RMS: 0.0032171488273888826, MAX: 0.015924744307994843
RMS: 0.002415289869531989, MAX: 0.011137859895825386
RMS: 0.0029220799915492535, MAX: 0.020854048430919647
RMS: 0.00392580172047019, MAX: 0.013123107142746449
RMS: 0.003830286441370845, MAX: 0.020827030763030052
RMS: 0.002206258475780487, MAX: 0.00869718473404646
RMS: 0.005477827042341232, MAX: 0.02865970879793167
RMS: 0.005095353815704584, MAX: 0.025792084634304047
RMS: 0.005430726800113916, MAX: 0.03146801143884659
RMS: 0.006656272802501917, MAX: 0.030103977769613266
RMS: 0.004641614854335785, MAX: 0.019279995933175087
RMS: 0.006551916711032391, MAX: 0.026750653982162476
RMS: 0.0025480256881564856, MAX: 0.012995036318898201
RMS: 0.0023196276742964983, MAX: 0.008785988204181194
RMS: 0.0014727134257555008, MAX: 0.007620868738740683
RMS: 0.0011146088363602757, MAX: 0.005420895759016275
RMS: 0.0010746684856712818, MAX: 0.006169188302010298
RMS: 0.0012258528731763363, MAX: 0.0062280273996293545
RMS: 0.0018245080718770623, MAX: 0.007211742922663689
RMS: 0.0010617850348353386, MAX: 0.004349983762949705
Optimization converged!
Eigenvector following terminated normally.
[  0.        +934.22714117j   0.          +4.09346917j
   0.          +2.89482777j   0.          +2.04728195j
   0.          +1.68787983j   0.          +1.47656467j
   1.71856988  +0.j          31.5908243   +0.j
  40.90508706  +0.j          41.50474453  +0.j
  95.1449254   +0.j         109.55885258  +0.j
 191.39738771  +0.j         219.33898527  +0.j
 220.67413194  +0.j         250.29917403  +0.j
 251.54583988  +0.j         265.08733733  +0.j
 302.0227584   +0.j         342.282945    +0.j        ]
Flipping all imaginary frequencies except the lowest one
Entropy components at T = 298.15 K and P = 101325.0 Pa:
=================================================
                           S               T*S
S_trans (1 bar)    0.0018612 eV/K        0.555 eV
S_rot              0.0014718 eV/K        0.439 eV
S_elec             0.0000000 eV/K        0.000 eV
S_vib              0.0021645 eV/K        0.645 eV
S (1 bar -> P)    -0.0000011 eV/K       -0.000 eV
-------------------------------------------------
S                  0.0054964 eV/K        1.639 eV
=================================================
Enthalpy components at T = 298.15 K:
===============================
E_pot                 -0.175 eV
E_ZPE                  3.895 eV
Cv_trans (0->T)        0.039 eV
Cv_rot (0->T)          0.039 eV
Cv_vib (0->T)          0.338 eV
(C_v -> C_p)           0.026 eV
-------------------------------
H                      4.161 eV
===============================
