Optimizing input structure...
      Step     Time          Energy         fmax
BFGS:    0 00:47:08       -2.021747        3.6014
BFGS:    1 00:47:08       -3.323146        4.0165
BFGS:    2 00:47:08       -3.631599        2.4528
BFGS:    3 00:47:08       -3.819486        0.8982
BFGS:    4 00:47:08       -3.909267        0.5193
BFGS:    5 00:47:08       -3.966005        0.5787
BFGS:    6 00:47:08       -4.036724        0.6063
BFGS:    7 00:47:08       -4.103496        0.6128
BFGS:    8 00:47:08       -4.153971        0.4179
BFGS:    9 00:47:08       -4.183932        0.3280
BFGS:   10 00:47:08       -4.204682        0.4258
BFGS:   11 00:47:08       -4.225044        0.3926
BFGS:   12 00:47:08       -4.239835        0.2425
BFGS:   13 00:47:08       -4.252910        0.2004
BFGS:   14 00:47:08       -4.266152        0.2795
BFGS:   15 00:47:09       -4.279503        0.3781
BFGS:   16 00:47:09       -4.292695        0.3343
BFGS:   17 00:47:09       -4.305637        0.2515
BFGS:   18 00:47:09       -4.317320        0.2099
BFGS:   19 00:47:09       -4.326259        0.2010
BFGS:   20 00:47:09       -4.332094        0.1481
BFGS:   21 00:47:09       -4.335995        0.1166
BFGS:   22 00:47:09       -4.339224        0.1134
BFGS:   23 00:47:09       -4.343500        0.1785
BFGS:   24 00:47:09       -4.349771        0.2156
BFGS:   25 00:47:09       -4.357325        0.1878
BFGS:   26 00:47:09       -4.364033        0.1527
BFGS:   27 00:47:09       -4.369481        0.1236
BFGS:   28 00:47:09       -4.374897        0.1561
BFGS:   29 00:47:09       -4.381702        0.1843
BFGS:   30 00:47:09       -4.388422        0.1481
BFGS:   31 00:47:09       -4.393319        0.2832
BFGS:   32 00:47:09       -4.396974        0.1571
BFGS:   33 00:47:09       -4.399947        0.1440
BFGS:   34 00:47:09       -4.402847        0.0931
BFGS:   35 00:47:09       -4.405524        0.0845
BFGS:   36 00:47:09       -4.407331        0.0784
BFGS:   37 00:47:09       -4.409293        0.0836
BFGS:   38 00:47:10       -4.411204        0.0612
BFGS:   39 00:47:10       -4.413041        0.0749
BFGS:   40 00:47:10       -4.414664        0.0685
BFGS:   41 00:47:10       -4.416207        0.0570
BFGS:   42 00:47:10       -4.417799        0.0543
BFGS:   43 00:47:10       -4.419425        0.0808
BFGS:   44 00:47:10       -4.421175        0.0837
BFGS:   45 00:47:10       -4.423065        0.0977
BFGS:   46 00:47:10       -4.425127        0.1239
BFGS:   47 00:47:10       -4.427389        0.1160
BFGS:   48 00:47:10       -4.429917        0.0973
BFGS:   49 00:47:10       -4.432573        0.0875
BFGS:   50 00:47:10       -4.435192        0.0836
BFGS:   51 00:47:10       -4.437561        0.0832
BFGS:   52 00:47:10       -4.439586        0.0827
BFGS:   53 00:47:10       -4.441278        0.0602
BFGS:   54 00:47:10       -4.442666        0.1030
BFGS:   55 00:47:10       -4.443831        0.0865
BFGS:   56 00:47:10       -4.444944        0.0647
BFGS:   57 00:47:10       -4.446045        0.0633
BFGS:   58 00:47:10       -4.447006        0.0497
Optimization complete!
Performing a relaxed scan over 20 steps...
      Step     Time          Energy         fmax
BFGS:    0 00:47:11       -4.227632        5.8013
BFGS:    1 00:47:11       -4.318267        5.8174
BFGS:    2 00:47:11       -4.380621        2.3166
BFGS:    3 00:47:11       -4.401211        1.6442
BFGS:    4 00:47:11       -4.429253        0.2793
BFGS:    5 00:47:11       -4.428679        0.1678
BFGS:    6 00:47:11       -4.429924        0.1274
BFGS:    7 00:47:11       -4.431150        0.0685
BFGS:    8 00:47:11       -4.432020        0.0655
BFGS:    9 00:47:11       -4.433084        0.0900
BFGS:   10 00:47:11       -4.433847        0.1010
BFGS:   11 00:47:11       -4.434445        0.0694
BFGS:   12 00:47:11       -4.435123        0.0756
BFGS:   13 00:47:11       -4.436203        0.0981
BFGS:   14 00:47:11       -4.437545        0.0970
BFGS:   15 00:47:11       -4.438945        0.0806
BFGS:   16 00:47:11       -4.440112        0.0713
BFGS:   17 00:47:11       -4.441016        0.0787
BFGS:   18 00:47:11       -4.441846        0.0847
BFGS:   19 00:47:11       -4.442550        0.1002
BFGS:   20 00:47:11       -4.443194        0.0816
BFGS:   21 00:47:11       -4.443845        0.0673
BFGS:   22 00:47:11       -4.444552        0.0671
BFGS:   23 00:47:11       -4.445312        0.0527
BFGS:   24 00:47:11       -4.446128        0.0540
BFGS:   25 00:47:11       -4.446982        0.0593
BFGS:   26 00:47:12       -4.447705        0.0662
BFGS:   27 00:47:12       -4.448140        0.0524
BFGS:   28 00:47:12       -4.448382        0.0432
      Step     Time          Energy         fmax
BFGS:    0 00:47:12       -4.135896        6.9068
BFGS:    1 00:47:12       -4.273531        7.9286
BFGS:    2 00:47:12       -4.342488        2.4185
BFGS:    3 00:47:12       -4.376101        1.8182
BFGS:    4 00:47:12       -4.412221        0.3164
BFGS:    5 00:47:12       -4.410461        0.1919
BFGS:    6 00:47:12       -4.411723        0.1247
BFGS:    7 00:47:12       -4.412745        0.0609
BFGS:    8 00:47:12       -4.413452        0.0567
BFGS:    9 00:47:12       -4.413804        0.0625
BFGS:   10 00:47:12       -4.413705        0.0550
BFGS:   11 00:47:12       -4.413729        0.0417
      Step     Time          Energy         fmax
BFGS:    0 00:47:12       -3.944744        8.4553
BFGS:    1 00:47:12       -4.176485       10.7619
BFGS:    2 00:47:12       -4.248183        2.5213
BFGS:    3 00:47:12       -4.303277        1.9737
BFGS:    4 00:47:12       -4.348802        0.3672
BFGS:    5 00:47:12       -4.345592        0.2396
BFGS:    6 00:47:12       -4.347193        0.1568
BFGS:    7 00:47:12       -4.348410        0.0696
BFGS:    8 00:47:12       -4.349448        0.0758
BFGS:    9 00:47:12       -4.350044        0.0887
BFGS:   10 00:47:12       -4.349832        0.0932
BFGS:   11 00:47:13       -4.349850        0.0842
BFGS:   12 00:47:13       -4.349787        0.0803
BFGS:   13 00:47:13       -4.350638        0.0993
BFGS:   14 00:47:13       -4.351944        0.1036
BFGS:   15 00:47:13       -4.353583        0.0869
BFGS:   16 00:47:13       -4.354949        0.0769
BFGS:   17 00:47:13       -4.355525        0.0846
BFGS:   18 00:47:13       -4.355859        0.0868
BFGS:   19 00:47:13       -4.356045        0.1124
BFGS:   20 00:47:13       -4.356336        0.1051
BFGS:   21 00:47:13       -4.356961        0.0729
BFGS:   22 00:47:13       -4.357858        0.0849
BFGS:   23 00:47:13       -4.358821        0.0719
BFGS:   24 00:47:13       -4.359837        0.0603
BFGS:   25 00:47:13       -4.360777        0.0730
BFGS:   26 00:47:13       -4.361591        0.0839
BFGS:   27 00:47:13       -4.362037        0.0668
BFGS:   28 00:47:13       -4.362213        0.0613
BFGS:   29 00:47:13       -4.362513        0.0579
BFGS:   30 00:47:13       -4.362963        0.0611
BFGS:   31 00:47:13       -4.363590        0.0674
BFGS:   32 00:47:13       -4.364317        0.0806
BFGS:   33 00:47:13       -4.365097        0.0798
BFGS:   34 00:47:13       -4.365809        0.0606
BFGS:   35 00:47:14       -4.366614        0.0740
BFGS:   36 00:47:14       -4.367533        0.0876
BFGS:   37 00:47:14       -4.368871        0.0783
BFGS:   38 00:47:14       -4.370385        0.0852
BFGS:   39 00:47:14       -4.371920        0.0726
BFGS:   40 00:47:14       -4.373169        0.0999
BFGS:   41 00:47:14       -4.374114        0.0980
BFGS:   42 00:47:14       -4.374753        0.0660
BFGS:   43 00:47:14       -4.375224        0.0614
BFGS:   44 00:47:14       -4.375740        0.0529
BFGS:   45 00:47:14       -4.376443        0.0568
BFGS:   46 00:47:14       -4.377232        0.0524
BFGS:   47 00:47:14       -4.377883        0.0397
      Step     Time          Energy         fmax
BFGS:    0 00:47:14       -3.839559        9.2025
BFGS:    1 00:47:14       -4.103993       12.1891
BFGS:    2 00:47:14       -4.183923        2.6763
BFGS:    3 00:47:14       -4.253209        2.0421
BFGS:    4 00:47:14       -4.305362        0.4100
BFGS:    5 00:47:15       -4.301649        0.2386
BFGS:    6 00:47:15       -4.303575        0.1593
BFGS:    7 00:47:15       -4.304739        0.0783
BFGS:    8 00:47:15       -4.305622        0.0687
BFGS:    9 00:47:15       -4.305798        0.0660
BFGS:   10 00:47:15       -4.305167        0.0620
BFGS:   11 00:47:15       -4.305109        0.0571
BFGS:   12 00:47:15       -4.304952        0.0603
BFGS:   13 00:47:15       -4.305467        0.0760
BFGS:   14 00:47:15       -4.306255        0.0757
BFGS:   15 00:47:15       -4.306925        0.0561
BFGS:   16 00:47:15       -4.307424        0.0547
BFGS:   17 00:47:15       -4.307415        0.0583
BFGS:   18 00:47:15       -4.307329        0.0512
BFGS:   19 00:47:15       -4.307284        0.0536
BFGS:   20 00:47:15       -4.307348        0.0442
      Step     Time          Energy         fmax
BFGS:    0 00:47:15       -3.633376       10.2427
BFGS:    1 00:47:15       -4.003305       14.1527
BFGS:    2 00:47:15       -4.066018        2.6307
BFGS:    3 00:47:16       -4.158571        2.0503
BFGS:    4 00:47:16       -4.212088        0.4565
BFGS:    5 00:47:16       -4.207472        0.2823
BFGS:    6 00:47:16       -4.210278        0.1704
BFGS:    7 00:47:16       -4.211329        0.0761
BFGS:    8 00:47:16       -4.212034        0.0746
BFGS:    9 00:47:16       -4.211797        0.0557
BFGS:   10 00:47:16       -4.210823        0.0454
      Step     Time          Energy         fmax
BFGS:    0 00:47:16       -3.363177       11.4221
BFGS:    1 00:47:16       -3.881250       16.3723
BFGS:    2 00:47:16       -3.912048        2.8782
BFGS:    3 00:47:16       -4.035155        2.0138
BFGS:    4 00:47:16       -4.087123        0.5203
BFGS:    5 00:47:16       -4.081533        0.3537
BFGS:    6 00:47:16       -4.085561        0.2102
BFGS:    7 00:47:16       -4.087020        0.0949
BFGS:    8 00:47:16       -4.087885        0.1132
BFGS:    9 00:47:16       -4.087650        0.0990
BFGS:   10 00:47:16       -4.086228        0.1106
BFGS:   11 00:47:16       -4.086149        0.1151
BFGS:   12 00:47:16       -4.086059        0.1059
BFGS:   13 00:47:16       -4.087757        0.1210
BFGS:   14 00:47:16       -4.089825        0.1243
BFGS:   15 00:47:17       -4.091774        0.1087
BFGS:   16 00:47:17       -4.092909        0.1007
BFGS:   17 00:47:17       -4.092444        0.0973
BFGS:   18 00:47:17       -4.091908        0.0852
BFGS:   19 00:47:17       -4.091629        0.1001
BFGS:   20 00:47:17       -4.091742        0.0874
BFGS:   21 00:47:17       -4.092489        0.0649
BFGS:   22 00:47:17       -4.093205        0.0673
BFGS:   23 00:47:17       -4.093757        0.0598
BFGS:   24 00:47:17       -4.094131        0.0496
      Step     Time          Energy         fmax
BFGS:    0 00:47:17       -3.215101       11.4384
BFGS:    1 00:47:17       -3.803638       16.5402
BFGS:    2 00:47:17       -3.786358        2.8522
BFGS:    3 00:47:17       -3.916762        1.9066
BFGS:    4 00:47:18       -3.962164        0.5514
BFGS:    5 00:47:18       -3.955847        0.3869
BFGS:    6 00:47:18       -3.960899        0.1956
BFGS:    7 00:47:18       -3.962199        0.0926
BFGS:    8 00:47:18       -3.962756        0.0958
BFGS:    9 00:47:18       -3.962274        0.0642
BFGS:   10 00:47:18       -3.960994        0.0586
BFGS:   11 00:47:18       -3.961098        0.0571
BFGS:   12 00:47:18       -3.961173        0.0486
      Step     Time          Energy         fmax
BFGS:    0 00:47:18       -2.948198       12.0467
BFGS:    1 00:47:18       -3.701039       17.5420
BFGS:    2 00:47:18       -3.612170        2.9580
BFGS:    3 00:47:18       -3.765994        1.8911
BFGS:    4 00:47:18       -3.806454        0.5944
BFGS:    5 00:47:18       -3.799390        0.4366
BFGS:    6 00:47:18       -3.805565        0.2103
BFGS:    7 00:47:18       -3.806828        0.0927
BFGS:    8 00:47:18       -3.807200        0.1125
BFGS:    9 00:47:18       -3.806359        0.0948
BFGS:   10 00:47:19       -3.804373        0.1149
BFGS:   11 00:47:19       -3.803957        0.1125
BFGS:   12 00:47:19       -3.803823        0.1073
BFGS:   13 00:47:19       -3.805710        0.1206
BFGS:   14 00:47:19       -3.808023        0.1334
BFGS:   15 00:47:19       -3.810318        0.1235
BFGS:   16 00:47:19       -3.811684        0.1076
BFGS:   17 00:47:19       -3.811187        0.1137
BFGS:   18 00:47:19       -3.810404        0.1052
BFGS:   19 00:47:19       -3.809950        0.1278
BFGS:   20 00:47:19       -3.810134        0.1169
BFGS:   21 00:47:19       -3.811236        0.0826
BFGS:   22 00:47:19       -3.812212        0.0859
BFGS:   23 00:47:19       -3.812892        0.0841
BFGS:   24 00:47:19       -3.813247        0.0860
BFGS:   25 00:47:19       -3.813335        0.0819
BFGS:   26 00:47:19       -3.813901        0.0824
BFGS:   27 00:47:19       -3.814451        0.0628
BFGS:   28 00:47:19       -3.815133        0.0629
BFGS:   29 00:47:19       -3.815571        0.0581
BFGS:   30 00:47:19       -3.815958        0.0614
BFGS:   31 00:47:19       -3.816335        0.0702
BFGS:   32 00:47:19       -3.816579        0.0824
BFGS:   33 00:47:19       -3.816940        0.0863
BFGS:   34 00:47:20       -3.817470        0.0622
BFGS:   35 00:47:20       -3.818670        0.0662
BFGS:   36 00:47:20       -3.820123        0.0801
BFGS:   37 00:47:20       -3.822192        0.0784
BFGS:   38 00:47:20       -3.824168        0.1007
BFGS:   39 00:47:20       -3.825685        0.0918
BFGS:   40 00:47:20       -3.826119        0.0711
BFGS:   41 00:47:20       -3.826279        0.0814
BFGS:   42 00:47:20       -3.826272        0.0677
BFGS:   43 00:47:20       -3.826927        0.0608
BFGS:   44 00:47:20       -3.827888        0.0487
      Step     Time          Energy         fmax
BFGS:    0 00:47:20       -2.871525       11.6284
BFGS:    1 00:47:20       -3.592016       16.7463
BFGS:    2 00:47:20       -3.490922        2.8463
BFGS:    3 00:47:20       -3.642106        1.8118
BFGS:    4 00:47:20       -3.678921        0.5798
BFGS:    5 00:47:20       -3.671752        0.4501
BFGS:    6 00:47:20       -3.677748        0.1922
BFGS:    7 00:47:20       -3.678889        0.0968
BFGS:    8 00:47:20       -3.679110        0.0913
BFGS:    9 00:47:20       -3.678174        0.0774
BFGS:   10 00:47:20       -3.676800        0.0681
BFGS:   11 00:47:20       -3.676852        0.0603
BFGS:   12 00:47:21       -3.677124        0.0585
BFGS:   13 00:47:21       -3.678139        0.0816
BFGS:   14 00:47:21       -3.679242        0.0877
BFGS:   15 00:47:21       -3.679745        0.0723
BFGS:   16 00:47:21       -3.679662        0.0711
BFGS:   17 00:47:21       -3.678888        0.0736
BFGS:   18 00:47:21       -3.678158        0.0643
BFGS:   19 00:47:21       -3.677867        0.0667
BFGS:   20 00:47:21       -3.678014        0.0533
BFGS:   21 00:47:21       -3.678531        0.0439
      Step     Time          Energy         fmax
BFGS:    0 00:47:21       -2.695914       11.4946
BFGS:    1 00:47:21       -3.508592       16.6782
BFGS:    2 00:47:21       -3.341124        2.6689
BFGS:    3 00:47:21       -3.487243        1.6854
BFGS:    4 00:47:21       -3.517470        0.6051
BFGS:    5 00:47:21       -3.508106        0.4628
BFGS:    6 00:47:21       -3.514958        0.1910
BFGS:    7 00:47:21       -3.516539        0.0856
BFGS:    8 00:47:21       -3.516684        0.0838
BFGS:    9 00:47:21       -3.515645        0.0647
BFGS:   10 00:47:21       -3.514386        0.0606
BFGS:   11 00:47:21       -3.514376        0.0482
      Step     Time          Energy         fmax
BFGS:    0 00:47:21       -2.472259       11.7198
BFGS:    1 00:47:21       -3.408295       17.5646
BFGS:    2 00:47:21       -3.176172        2.5426
BFGS:    3 00:47:21       -3.313261        1.7889
BFGS:    4 00:47:21       -3.337092        0.6588
BFGS:    5 00:47:21       -3.324579        0.5291
BFGS:    6 00:47:22       -3.333418        0.2098
BFGS:    7 00:47:22       -3.335915        0.1152
BFGS:    8 00:47:22       -3.335666        0.1187
BFGS:    9 00:47:22       -3.333937        0.1006
BFGS:   10 00:47:22       -3.331895        0.1178
BFGS:   11 00:47:22       -3.331659        0.1025
BFGS:   12 00:47:22       -3.332589        0.0846
BFGS:   13 00:47:22       -3.334715        0.1019
BFGS:   14 00:47:22       -3.337366        0.1287
BFGS:   15 00:47:22       -3.339514        0.1125
BFGS:   16 00:47:22       -3.340425        0.1069
BFGS:   17 00:47:22       -3.339698        0.0856
BFGS:   18 00:47:22       -3.338472        0.0924
BFGS:   19 00:47:22       -3.337800        0.1127
BFGS:   20 00:47:22       -3.337785        0.0965
BFGS:   21 00:47:22       -3.338626        0.0730
BFGS:   22 00:47:22       -3.339340        0.0750
BFGS:   23 00:47:22       -3.339884        0.0808
BFGS:   24 00:47:22       -3.340088        0.0765
BFGS:   25 00:47:22       -3.340401        0.0848
BFGS:   26 00:47:22       -3.341084        0.0761
BFGS:   27 00:47:22       -3.341777        0.0510
BFGS:   28 00:47:22       -3.342245        0.0543
BFGS:   29 00:47:22       -3.342442        0.0598
BFGS:   30 00:47:22       -3.342468        0.0587
BFGS:   31 00:47:22       -3.342285        0.0692
BFGS:   32 00:47:22       -3.342016        0.0802
BFGS:   33 00:47:22       -3.341902        0.0726
BFGS:   34 00:47:23       -3.342285        0.0574
BFGS:   35 00:47:23       -3.343352        0.0599
BFGS:   36 00:47:23       -3.344900        0.0857
BFGS:   37 00:47:23       -3.346857        0.0936
BFGS:   38 00:47:23       -3.348737        0.1158
BFGS:   39 00:47:23       -3.349930        0.1114
BFGS:   40 00:47:23       -3.350452        0.0878
BFGS:   41 00:47:23       -3.350682        0.0989
BFGS:   42 00:47:23       -3.351406        0.0893
BFGS:   43 00:47:23       -3.352673        0.0795
BFGS:   44 00:47:23       -3.354359        0.0668
BFGS:   45 00:47:23       -3.356014        0.0832
BFGS:   46 00:47:23       -3.356986        0.0941
BFGS:   47 00:47:23       -3.357250        0.0817
BFGS:   48 00:47:23       -3.356526        0.0601
BFGS:   49 00:47:23       -3.356139        0.0668
BFGS:   50 00:47:23       -3.355695        0.0657
BFGS:   51 00:47:23       -3.355964        0.0722
BFGS:   52 00:47:23       -3.356769        0.0782
BFGS:   53 00:47:23       -3.358300        0.0842
BFGS:   54 00:47:23       -3.360196        0.0917
BFGS:   55 00:47:23       -3.362516        0.1105
BFGS:   56 00:47:23       -3.364475        0.1156
BFGS:   57 00:47:23       -3.365607        0.0875
BFGS:   58 00:47:23       -3.365913        0.1098
BFGS:   59 00:47:23       -3.366788        0.1267
BFGS:   60 00:47:23       -3.368962        0.1121
BFGS:   61 00:47:24       -3.372372        0.0914
BFGS:   62 00:47:24       -3.375435        0.0774
BFGS:   63 00:47:24       -3.377636        0.0662
BFGS:   64 00:47:24       -3.378556        0.0744
BFGS:   65 00:47:24       -3.379221        0.0786
BFGS:   66 00:47:24       -3.379093        0.0652
BFGS:   67 00:47:24       -3.380021        0.0833
BFGS:   68 00:47:24       -3.381236        0.0841
BFGS:   69 00:47:24       -3.384016        0.0926
BFGS:   70 00:47:24       -3.387138        0.0761
BFGS:   71 00:47:24       -3.390363        0.0778
BFGS:   72 00:47:24       -3.392806        0.0754
BFGS:   73 00:47:24       -3.393972        0.0635
BFGS:   74 00:47:24       -3.393788        0.0765
BFGS:   75 00:47:24       -3.393162        0.0776
BFGS:   76 00:47:24       -3.393069        0.0809
BFGS:   77 00:47:24       -3.394320        0.0923
BFGS:   78 00:47:24       -3.396955        0.0928
BFGS:   79 00:47:24       -3.400767        0.1092
BFGS:   80 00:47:24       -3.405143        0.1016
BFGS:   81 00:47:24       -3.409430        0.0835
BFGS:   82 00:47:24       -3.411810        0.0786
BFGS:   83 00:47:24       -3.413649        0.0826
BFGS:   84 00:47:24       -3.412922        0.1056
BFGS:   85 00:47:24       -3.414296        0.0854
BFGS:   86 00:47:24       -3.416834        0.0706
BFGS:   87 00:47:24       -3.419255        0.0603
BFGS:   88 00:47:25       -3.421661        0.0563
BFGS:   89 00:47:25       -3.423068        0.0661
BFGS:   90 00:47:25       -3.425155        0.0694
BFGS:   91 00:47:25       -3.425129        0.0742
BFGS:   92 00:47:25       -3.426758        0.0535
BFGS:   93 00:47:25       -3.426414        0.0509
BFGS:   94 00:47:25       -3.427612        0.0572
BFGS:   95 00:47:25       -3.428771        0.0470
      Step     Time          Energy         fmax
BFGS:    0 00:47:25       -2.424625       11.8657
BFGS:    1 00:47:25       -3.256490       16.9896
BFGS:    2 00:47:25       -3.090459        2.7733
BFGS:    3 00:47:25       -3.243658        1.6364
BFGS:    4 00:47:25       -3.268066        0.6106
BFGS:    5 00:47:25       -3.259763        0.5132
BFGS:    6 00:47:25       -3.266140        0.1827
BFGS:    7 00:47:25       -3.267502        0.0862
BFGS:    8 00:47:25       -3.267055        0.0915
BFGS:    9 00:47:25       -3.265930        0.0683
BFGS:   10 00:47:25       -3.264767        0.0637
BFGS:   11 00:47:25       -3.264915        0.0647
BFGS:   12 00:47:25       -3.265467        0.0573
BFGS:   13 00:47:25       -3.266663        0.0673
BFGS:   14 00:47:25       -3.268040        0.0784
BFGS:   15 00:47:25       -3.268878        0.0705
BFGS:   16 00:47:25       -3.268937        0.0741
BFGS:   17 00:47:26       -3.268163        0.0542
BFGS:   18 00:47:26       -3.267265        0.0484
      Step     Time          Energy         fmax
BFGS:    0 00:47:26       -2.281210       11.6485
BFGS:    1 00:47:26       -3.119104       16.3663
BFGS:    2 00:47:26       -2.935474        2.7289
BFGS:    3 00:47:26       -3.083018        1.7262
BFGS:    4 00:47:26       -3.104929        0.7189
BFGS:    5 00:47:26       -3.092547        0.6274
BFGS:    6 00:47:26       -3.101524        0.1774
BFGS:    7 00:47:26       -3.103826        0.1129
BFGS:    8 00:47:26       -3.103020        0.1113
BFGS:    9 00:47:26       -3.101754        0.0622
BFGS:   10 00:47:26       -3.100634        0.0577
BFGS:   11 00:47:26       -3.100759        0.0680
BFGS:   12 00:47:26       -3.101349        0.0646
BFGS:   13 00:47:26       -3.102521        0.0738
BFGS:   14 00:47:26       -3.103888        0.1057
BFGS:   15 00:47:26       -3.104700        0.1188
BFGS:   16 00:47:26       -3.104575        0.1187
BFGS:   17 00:47:26       -3.103399        0.1081
BFGS:   18 00:47:26       -3.102268        0.0673
BFGS:   19 00:47:26       -3.101804        0.0613
BFGS:   20 00:47:26       -3.101950        0.0434
      Step     Time          Energy         fmax
BFGS:    0 00:47:26       -2.228002       10.7186
BFGS:    1 00:47:26       -2.955398       14.3067
BFGS:    2 00:47:27       -2.795053        2.4865
BFGS:    3 00:47:27       -2.926222        1.6802
BFGS:    4 00:47:27       -2.949255        0.8042
BFGS:    5 00:47:27       -2.933945        0.6771
BFGS:    6 00:47:27       -2.945631        0.1664
BFGS:    7 00:47:27       -2.948178        0.1012
BFGS:    8 00:47:27       -2.947365        0.1095
BFGS:    9 00:47:27       -2.945971        0.0568
BFGS:   10 00:47:27       -2.944594        0.0538
BFGS:   11 00:47:27       -2.944494        0.0511
BFGS:   12 00:47:27       -2.944996        0.0517
BFGS:   13 00:47:27       -2.946016        0.0604
BFGS:   14 00:47:27       -2.947226        0.0899
BFGS:   15 00:47:27       -2.948070        0.1086
BFGS:   16 00:47:27       -2.947986        0.1037
BFGS:   17 00:47:27       -2.946784        0.0997
BFGS:   18 00:47:27       -2.945287        0.0671
BFGS:   19 00:47:27       -2.944116        0.0631
BFGS:   20 00:47:27       -2.943949        0.0597
BFGS:   21 00:47:27       -2.944601        0.0533
BFGS:   22 00:47:27       -2.945406        0.0580
BFGS:   23 00:47:27       -2.945987        0.0520
BFGS:   24 00:47:27       -2.946242        0.0498
      Step     Time          Energy         fmax
BFGS:    0 00:47:27       -2.201520        9.6837
BFGS:    1 00:47:27       -2.815999       12.6548
BFGS:    2 00:47:28       -2.679221        2.1407
BFGS:    3 00:47:28       -2.780224        1.7391
BFGS:    4 00:47:28       -2.803115        0.8846
BFGS:    5 00:47:28       -2.785364        0.7115
BFGS:    6 00:47:28       -2.799179        0.1756
BFGS:    7 00:47:28       -2.802104        0.1173
BFGS:    8 00:47:28       -2.801649        0.1119
BFGS:    9 00:47:28       -2.800629        0.0630
BFGS:   10 00:47:28       -2.799697        0.0528
BFGS:   11 00:47:28       -2.799899        0.0460
      Step     Time          Energy         fmax
BFGS:    0 00:47:28       -2.135035        8.9379
BFGS:    1 00:47:28       -2.684789       11.2348
BFGS:    2 00:47:28       -2.562264        1.8743
BFGS:    3 00:47:28       -2.649358        1.6897
BFGS:    4 00:47:28       -2.666175        0.9062
BFGS:    5 00:47:28       -2.648352        0.7192
BFGS:    6 00:47:28       -2.662458        0.1782
BFGS:    7 00:47:28       -2.665393        0.1352
BFGS:    8 00:47:28       -2.665402        0.1417
BFGS:    9 00:47:28       -2.664495        0.0945
BFGS:   10 00:47:28       -2.663497        0.0891
BFGS:   11 00:47:28       -2.663721        0.0838
BFGS:   12 00:47:28       -2.664976        0.0780
BFGS:   13 00:47:28       -2.666786        0.0884
BFGS:   14 00:47:29       -2.669075        0.1128
BFGS:   15 00:47:29       -2.671045        0.1296
BFGS:   16 00:47:29       -2.671833        0.0960
BFGS:   17 00:47:29       -2.671359        0.0868
BFGS:   18 00:47:29       -2.670661        0.0777
BFGS:   19 00:47:29       -2.670502        0.0954
BFGS:   20 00:47:29       -2.671018        0.0959
BFGS:   21 00:47:29       -2.672149        0.0900
BFGS:   22 00:47:29       -2.673336        0.0861
BFGS:   23 00:47:29       -2.674327        0.0718
BFGS:   24 00:47:29       -2.674934        0.0717
BFGS:   25 00:47:29       -2.675291        0.0850
BFGS:   26 00:47:29       -2.675792        0.0723
BFGS:   27 00:47:29       -2.676464        0.0591
BFGS:   28 00:47:29       -2.677175        0.0523
BFGS:   29 00:47:29       -2.677719        0.0485
      Step     Time          Energy         fmax
BFGS:    0 00:47:29       -2.177622        7.4139
BFGS:    1 00:47:29       -2.560649        8.7485
BFGS:    2 00:47:29       -2.492162        1.4964
BFGS:    3 00:47:29       -2.560006        1.1492
BFGS:    4 00:47:29       -2.566161        0.5775
BFGS:    5 00:47:29       -2.558377        0.6937
BFGS:    6 00:47:29       -2.565604        0.1462
BFGS:    7 00:47:29       -2.567918        0.1224
BFGS:    8 00:47:30       -2.568017        0.1138
BFGS:    9 00:47:30       -2.567937        0.0760
BFGS:   10 00:47:30       -2.567896        0.0567
BFGS:   11 00:47:30       -2.568106        0.0597
BFGS:   12 00:47:30       -2.568631        0.0458
      Step     Time          Energy         fmax
BFGS:    0 00:47:30       -2.165530        6.4861
BFGS:    1 00:47:30       -2.450686        6.9635
BFGS:    2 00:47:30       -2.422462        1.2294
BFGS:    3 00:47:30       -2.471825        1.0287
BFGS:    4 00:47:30       -2.475260        0.4431
BFGS:    5 00:47:30       -2.471135        0.5541
BFGS:    6 00:47:30       -2.475539        0.1525
BFGS:    7 00:47:30       -2.477675        0.1179
BFGS:    8 00:47:30       -2.478561        0.1064
BFGS:    9 00:47:30       -2.479147        0.0871
BFGS:   10 00:47:30       -2.479472        0.0785
BFGS:   11 00:47:30       -2.479722        0.0740
BFGS:   12 00:47:30       -2.480287        0.0679
BFGS:   13 00:47:30       -2.481260        0.0790
BFGS:   14 00:47:30       -2.482689        0.0960
BFGS:   15 00:47:31       -2.484171        0.0804
BFGS:   16 00:47:31       -2.485088        0.0739
BFGS:   17 00:47:31       -2.485543        0.0681
BFGS:   18 00:47:31       -2.485736        0.0788
BFGS:   19 00:47:31       -2.485976        0.1034
BFGS:   20 00:47:31       -2.486452        0.1105
BFGS:   21 00:47:31       -2.487316        0.1059
BFGS:   22 00:47:31       -2.488715        0.1143
BFGS:   23 00:47:31       -2.490407        0.1000
BFGS:   24 00:47:31       -2.492064        0.1061
BFGS:   25 00:47:31       -2.493399        0.1055
BFGS:   26 00:47:31       -2.494398        0.0762
BFGS:   27 00:47:31       -2.495129        0.0598
BFGS:   28 00:47:31       -2.495615        0.0623
BFGS:   29 00:47:31       -2.496108        0.0527
BFGS:   30 00:47:31       -2.496685        0.0555
BFGS:   31 00:47:31       -2.497391        0.0610
BFGS:   32 00:47:32       -2.498216        0.0651
BFGS:   33 00:47:32       -2.499087        0.0673
BFGS:   34 00:47:32       -2.499824        0.0536
BFGS:   35 00:47:32       -2.500489        0.0733
BFGS:   36 00:47:32       -2.501161        0.0993
BFGS:   37 00:47:32       -2.502054        0.0899
BFGS:   38 00:47:32       -2.503155        0.1142
BFGS:   39 00:47:32       -2.504510        0.1398
BFGS:   40 00:47:32       -2.506140        0.1072
BFGS:   41 00:47:32       -2.507881        0.0689
BFGS:   42 00:47:32       -2.508999        0.0625
BFGS:   43 00:47:32       -2.509562        0.0867
BFGS:   44 00:47:32       -2.509974        0.0777
BFGS:   45 00:47:32       -2.510390        0.0695
BFGS:   46 00:47:32       -2.510990        0.0540
BFGS:   47 00:47:32       -2.511388        0.0484
      Step     Time          Energy         fmax
BFGS:    0 00:47:32       -2.272581        4.9042
BFGS:    1 00:47:33       -2.413748        4.7558
BFGS:    2 00:47:33       -2.433321        1.2024
BFGS:    3 00:47:33       -2.458158        0.8959
BFGS:    4 00:47:33       -2.462381        0.2400
BFGS:    5 00:47:33       -2.464045        0.1684
BFGS:    6 00:47:33       -2.465513        0.2563
BFGS:    7 00:47:33       -2.466344        0.2827
BFGS:    8 00:47:33       -2.467582        0.0857
BFGS:    9 00:47:33       -2.468824        0.1078
BFGS:   10 00:47:33       -2.469162        0.0911
BFGS:   11 00:47:33       -2.469332        0.0480
      Step     Time          Energy         fmax
BFGS:    0 00:47:33       -2.271784        4.6546
BFGS:    1 00:47:33       -2.384829        4.6726
BFGS:    2 00:47:33       -2.423127        0.9427
BFGS:    3 00:47:33       -2.437382        0.8725
BFGS:    4 00:47:33       -2.445194        0.4739
BFGS:    5 00:47:33       -2.446666        0.2952
BFGS:    6 00:47:33       -2.448911        0.1602
BFGS:    7 00:47:33       -2.449846        0.1201
BFGS:    8 00:47:33       -2.450670        0.1130
BFGS:    9 00:47:34       -2.451769        0.0961
BFGS:   10 00:47:34       -2.452891        0.0819
BFGS:   11 00:47:34       -2.454077        0.1366
BFGS:   12 00:47:34       -2.454537        0.0967
BFGS:   13 00:47:34       -2.455501        0.0983
BFGS:   14 00:47:34       -2.456653        0.1109
BFGS:   15 00:47:34       -2.457475        0.0797
BFGS:   16 00:47:34       -2.458282        0.0613
BFGS:   17 00:47:34       -2.458823        0.0532
BFGS:   18 00:47:34       -2.459302        0.0645
BFGS:   19 00:47:34       -2.459623        0.0753
BFGS:   20 00:47:34       -2.459975        0.0830
BFGS:   21 00:47:34       -2.460501        0.0857
BFGS:   22 00:47:34       -2.461171        0.0653
BFGS:   23 00:47:34       -2.461653        0.0481
Performing final optimization with tight thresholds...
      Step     Time          Energy         fmax
BFGS:    0 00:47:34       -2.461653        0.0481
Tight optimization complete!
Relaxed scan complete! Trajectory saved to opt.traj. 
Finished in 0 hours, 0 minutes, and 29 seconds
