[ 0.        +6.76255269e+02j  0.        +2.74149286e+00j
  0.        +1.12025163e+00j  0.        +6.99074904e-01j
  0.        +6.02003408e-01j  0.        +3.94251039e-01j
  1.07545278+0.00000000e+00j 10.28536727+0.00000000e+00j
 18.63493302+0.00000000e+00j 21.03306902+0.00000000e+00j
 23.04723835+0.00000000e+00j 29.97873534+0.00000000e+00j
 36.32841472+0.00000000e+00j 37.09695291+0.00000000e+00j
 47.21051614+0.00000000e+00j 48.63952687+0.00000000e+00j
 55.86869265+0.00000000e+00j 57.66061958+0.00000000e+00j
 63.61183584+0.00000000e+00j 67.26176348+0.00000000e+00j]
Entropy components at T = 298.15 K and P = 101325.0 Pa:
=================================================
                           S               T*S
S_trans (1 bar)    0.0019477 eV/K        0.581 eV
S_rot              0.0016730 eV/K        0.499 eV
S_elec             0.0000000 eV/K        0.000 eV
S_vib              0.0069541 eV/K        2.073 eV
S (1 bar -> P)    -0.0000011 eV/K       -0.000 eV
-------------------------------------------------
S                  0.0105737 eV/K        3.153 eV
=================================================
Enthalpy components at T = 298.15 K:
===============================
E_pot                 -2.538 eV
E_ZPE                 17.347 eV
Cv_trans (0->T)        0.039 eV
Cv_rot (0->T)          0.039 eV
Cv_vib (0->T)          0.974 eV
(C_v -> C_p)           0.026 eV
-------------------------------
H                     15.885 eV
===============================
Generating forward path to find forward triplet crossing
Did not find a triplet crossing after 500 steps
Generating backward path to find backward triplet crossing
Did not find a triplet crossing after 500 steps
Neural IRC terminated normally.
