Optimizing input structure...
      Step     Time          Energy         fmax
BFGS:    0 00:47:26       -2.021747        3.6014
BFGS:    1 00:47:26       -3.323146        4.0165
BFGS:    2 00:47:26       -3.631598        2.4528
BFGS:    3 00:47:26       -3.819486        0.8982
BFGS:    4 00:47:26       -3.909268        0.5193
BFGS:    5 00:47:26       -3.966004        0.5787
BFGS:    6 00:47:26       -4.036724        0.6063
BFGS:    7 00:47:26       -4.103498        0.6128
BFGS:    8 00:47:26       -4.153972        0.4179
BFGS:    9 00:47:26       -4.183931        0.3280
BFGS:   10 00:47:26       -4.204682        0.4257
BFGS:   11 00:47:26       -4.225046        0.3926
BFGS:   12 00:47:26       -4.239838        0.2424
BFGS:   13 00:47:26       -4.252913        0.2003
BFGS:   14 00:47:26       -4.266158        0.2794
BFGS:   15 00:47:26       -4.279511        0.3779
BFGS:   16 00:47:26       -4.292702        0.3343
BFGS:   17 00:47:27       -4.305634        0.2517
BFGS:   18 00:47:27       -4.317318        0.2099
BFGS:   19 00:47:27       -4.326261        0.2010
BFGS:   20 00:47:27       -4.332092        0.1482
BFGS:   21 00:47:27       -4.335997        0.1166
BFGS:   22 00:47:27       -4.339225        0.1134
BFGS:   23 00:47:27       -4.343500        0.1785
BFGS:   24 00:47:27       -4.349770        0.2157
BFGS:   25 00:47:27       -4.357325        0.1878
BFGS:   26 00:47:27       -4.364035        0.1527
BFGS:   27 00:47:27       -4.369482        0.1232
BFGS:   28 00:47:27       -4.374897        0.1561
BFGS:   29 00:47:27       -4.381707        0.1842
BFGS:   30 00:47:27       -4.388427        0.1481
BFGS:   31 00:47:27       -4.393320        0.2837
BFGS:   32 00:47:27       -4.396974        0.1582
BFGS:   33 00:47:27       -4.399944        0.1458
BFGS:   34 00:47:27       -4.402846        0.0931
BFGS:   35 00:47:27       -4.405521        0.0845
BFGS:   36 00:47:27       -4.407331        0.0784
BFGS:   37 00:47:27       -4.409289        0.0837
BFGS:   38 00:47:27       -4.411202        0.0612
BFGS:   39 00:47:27       -4.413040        0.0748
BFGS:   40 00:47:27       -4.414662        0.0686
BFGS:   41 00:47:27       -4.416206        0.0569
BFGS:   42 00:47:28       -4.417798        0.0543
BFGS:   43 00:47:28       -4.419423        0.0807
BFGS:   44 00:47:28       -4.421172        0.0837
BFGS:   45 00:47:28       -4.423063        0.0975
BFGS:   46 00:47:28       -4.425124        0.1242
BFGS:   47 00:47:28       -4.427385        0.1160
BFGS:   48 00:47:28       -4.429915        0.0973
BFGS:   49 00:47:28       -4.432572        0.0874
BFGS:   50 00:47:28       -4.435189        0.0835
BFGS:   51 00:47:28       -4.437559        0.0832
BFGS:   52 00:47:28       -4.439585        0.0828
BFGS:   53 00:47:28       -4.441277        0.0604
BFGS:   54 00:47:28       -4.442664        0.1031
BFGS:   55 00:47:28       -4.443830        0.0859
BFGS:   56 00:47:28       -4.444944        0.0648
BFGS:   57 00:47:28       -4.446047        0.0635
BFGS:   58 00:47:28       -4.447001        0.0496
Optimization complete!
Performing a relaxed scan over 20 steps...
      Step     Time          Energy         fmax
BFGS:    0 00:47:28       -4.337653        3.2813
BFGS:    1 00:47:28       -4.429112        3.9498
BFGS:    2 00:47:28       -4.408884        1.2500
BFGS:    3 00:47:28       -4.418693        1.0927
BFGS:    4 00:47:28       -4.430522        0.2380
BFGS:    5 00:47:28       -4.432491        0.1570
BFGS:    6 00:47:28       -4.433776        0.1680
BFGS:    7 00:47:29       -4.434341        0.0732
BFGS:    8 00:47:29       -4.434685        0.0683
BFGS:    9 00:47:29       -4.435165        0.0721
BFGS:   10 00:47:29       -4.435655        0.0532
BFGS:   11 00:47:29       -4.436027        0.0499
      Step     Time          Energy         fmax
BFGS:    0 00:47:29       -4.242778        4.3899
BFGS:    1 00:47:29       -4.416430        6.3613
BFGS:    2 00:47:29       -4.366234        1.4500
BFGS:    3 00:47:29       -4.375656        1.3878
BFGS:    4 00:47:29       -4.394556        0.2979
BFGS:    5 00:47:29       -4.396345        0.1770
BFGS:    6 00:47:29       -4.397283        0.1964
BFGS:    7 00:47:29       -4.397652        0.0925
BFGS:    8 00:47:29       -4.397804        0.0817
BFGS:    9 00:47:29       -4.398293        0.0923
BFGS:   10 00:47:29       -4.398884        0.0721
BFGS:   11 00:47:29       -4.399320        0.0583
BFGS:   12 00:47:29       -4.399847        0.0742
BFGS:   13 00:47:29       -4.400146        0.0816
BFGS:   14 00:47:29       -4.400543        0.0591
BFGS:   15 00:47:29       -4.400876        0.0444
      Step     Time          Energy         fmax
BFGS:    0 00:47:29       -4.134803        5.1746
BFGS:    1 00:47:29       -4.387128        8.2517
BFGS:    2 00:47:29       -4.305958        1.5501
BFGS:    3 00:47:30       -4.315515        1.5235
BFGS:    4 00:47:30       -4.339316        0.3532
BFGS:    5 00:47:30       -4.341410        0.2089
BFGS:    6 00:47:30       -4.342294        0.2320
BFGS:    7 00:47:30       -4.342381        0.0834
BFGS:    8 00:47:30       -4.342334        0.0656
BFGS:    9 00:47:30       -4.342637        0.0718
BFGS:   10 00:47:30       -4.343106        0.0545
BFGS:   11 00:47:30       -4.343297        0.0626
BFGS:   12 00:47:30       -4.343719        0.0941
BFGS:   13 00:47:30       -4.343870        0.1234
BFGS:   14 00:47:30       -4.344358        0.0967
BFGS:   15 00:47:30       -4.344614        0.0681
BFGS:   16 00:47:30       -4.345207        0.0550
BFGS:   17 00:47:30       -4.345985        0.0654
BFGS:   18 00:47:30       -4.346869        0.0740
BFGS:   19 00:47:30       -4.347828        0.0752
BFGS:   20 00:47:30       -4.348461        0.0711
BFGS:   21 00:47:30       -4.348993        0.0821
BFGS:   22 00:47:30       -4.349346        0.0610
BFGS:   23 00:47:30       -4.349957        0.0587
BFGS:   24 00:47:30       -4.350909        0.0597
BFGS:   25 00:47:31       -4.352190        0.0641
BFGS:   26 00:47:31       -4.353522        0.0729
BFGS:   27 00:47:31       -4.354532        0.0579
BFGS:   28 00:47:31       -4.355256        0.0765
BFGS:   29 00:47:31       -4.355892        0.1051
BFGS:   30 00:47:31       -4.356307        0.0833
BFGS:   31 00:47:31       -4.356907        0.0462
      Step     Time          Energy         fmax
BFGS:    0 00:47:31       -4.040079        5.6117
BFGS:    1 00:47:31       -4.349766        9.5124
BFGS:    2 00:47:31       -4.248545        1.4925
BFGS:    3 00:47:31       -4.258857        1.4468
BFGS:    4 00:47:31       -4.282968        0.3870
BFGS:    5 00:47:31       -4.285652        0.2364
BFGS:    6 00:47:31       -4.286509        0.2408
BFGS:    7 00:47:31       -4.286303        0.0944
BFGS:    8 00:47:31       -4.286165        0.0635
BFGS:    9 00:47:31       -4.286522        0.0725
BFGS:   10 00:47:31       -4.287099        0.0535
BFGS:   11 00:47:32       -4.287264        0.0516
BFGS:   12 00:47:32       -4.287566        0.0595
BFGS:   13 00:47:32       -4.287421        0.0577
BFGS:   14 00:47:32       -4.287480        0.0430
      Step     Time          Energy         fmax
BFGS:    0 00:47:32       -3.868208        6.5019
BFGS:    1 00:47:32       -4.300008       11.4847
BFGS:    2 00:47:32       -4.149832        1.5953
BFGS:    3 00:47:32       -4.161448        1.5681
BFGS:    4 00:47:32       -4.190654        0.4391
BFGS:    5 00:47:32       -4.193233        0.2624
BFGS:    6 00:47:32       -4.193776        0.2493
BFGS:    7 00:47:32       -4.193115        0.0899
BFGS:    8 00:47:32       -4.192808        0.0568
BFGS:    9 00:47:32       -4.192949        0.0601
BFGS:   10 00:47:32       -4.193428        0.0426
      Step     Time          Energy         fmax
BFGS:    0 00:47:32       -3.652723        7.4124
BFGS:    1 00:47:32       -4.239810       13.3714
BFGS:    2 00:47:32       -4.023067        1.7304
BFGS:    3 00:47:33       -4.037081        1.7063
BFGS:    4 00:47:33       -4.073023        0.4854
BFGS:    5 00:47:33       -4.075380        0.2848
BFGS:    6 00:47:33       -4.075700        0.2575
BFGS:    7 00:47:33       -4.075002        0.1192
BFGS:    8 00:47:33       -4.074590        0.0736
BFGS:    9 00:47:33       -4.074589        0.0862
BFGS:   10 00:47:33       -4.075487        0.0740
BFGS:   11 00:47:33       -4.075556        0.0860
BFGS:   12 00:47:33       -4.076313        0.1076
BFGS:   13 00:47:33       -4.076272        0.1193
BFGS:   14 00:47:33       -4.076574        0.0838
BFGS:   15 00:47:33       -4.076781        0.0712
BFGS:   16 00:47:33       -4.077444        0.0776
BFGS:   17 00:47:33       -4.078389        0.0890
BFGS:   18 00:47:33       -4.079370        0.1104
BFGS:   19 00:47:33       -4.080667        0.1231
BFGS:   20 00:47:33       -4.081394        0.1078
BFGS:   21 00:47:33       -4.082153        0.1097
BFGS:   22 00:47:33       -4.082557        0.0776
BFGS:   23 00:47:33       -4.083374        0.0888
BFGS:   24 00:47:33       -4.084878        0.0890
BFGS:   25 00:47:33       -4.086889        0.0978
BFGS:   26 00:47:34       -4.088982        0.1032
BFGS:   27 00:47:34       -4.090480        0.0738
BFGS:   28 00:47:34       -4.091036        0.0919
BFGS:   29 00:47:34       -4.091721        0.0909
BFGS:   30 00:47:34       -4.091842        0.0805
BFGS:   31 00:47:34       -4.092440        0.0591
BFGS:   32 00:47:34       -4.093082        0.0686
BFGS:   33 00:47:34       -4.094084        0.0928
BFGS:   34 00:47:34       -4.095480        0.0749
BFGS:   35 00:47:34       -4.096561        0.0687
BFGS:   36 00:47:34       -4.097377        0.0624
BFGS:   37 00:47:34       -4.097816        0.0547
BFGS:   38 00:47:34       -4.098221        0.0464
      Step     Time          Energy         fmax
BFGS:    0 00:47:34       -3.576532        7.2073
BFGS:    1 00:47:34       -4.149592       13.3034
BFGS:    2 00:47:34       -3.936195        1.4852
BFGS:    3 00:47:34       -3.949838        1.4409
BFGS:    4 00:47:34       -3.979715        0.4790
BFGS:    5 00:47:34       -3.982301        0.2962
BFGS:    6 00:47:34       -3.982539        0.2276
BFGS:    7 00:47:34       -3.981596        0.0808
BFGS:    8 00:47:34       -3.981438        0.0597
BFGS:    9 00:47:34       -3.981583        0.0506
BFGS:   10 00:47:35       -3.982364        0.0454
      Step     Time          Energy         fmax
BFGS:    0 00:47:35       -3.347505        8.0362
BFGS:    1 00:47:35       -4.074455       15.0356
BFGS:    2 00:47:35       -3.792129        1.5545
BFGS:    3 00:47:35       -3.808480        1.5191
BFGS:    4 00:47:35       -3.842502        0.5339
BFGS:    5 00:47:35       -3.844545        0.3237
BFGS:    6 00:47:35       -3.844766        0.2176
BFGS:    7 00:47:35       -3.843428        0.1036
BFGS:    8 00:47:35       -3.843513        0.0721
BFGS:    9 00:47:35       -3.843461        0.0698
BFGS:   10 00:47:35       -3.844304        0.0589
BFGS:   11 00:47:35       -3.844076        0.0642
BFGS:   12 00:47:35       -3.844099        0.0823
BFGS:   13 00:47:35       -3.843850        0.0831
BFGS:   14 00:47:35       -3.843797        0.0551
BFGS:   15 00:47:35       -3.844094        0.0564
BFGS:   16 00:47:35       -3.844426        0.0595
BFGS:   17 00:47:35       -3.845049        0.0612
BFGS:   18 00:47:35       -3.845304        0.0758
BFGS:   19 00:47:35       -3.845562        0.0863
BFGS:   20 00:47:35       -3.845244        0.0814
BFGS:   21 00:47:35       -3.845093        0.0620
BFGS:   22 00:47:35       -3.845194        0.0632
BFGS:   23 00:47:36       -3.845747        0.0725
BFGS:   24 00:47:36       -3.847093        0.0807
BFGS:   25 00:47:36       -3.848737        0.0782
BFGS:   26 00:47:36       -3.850551        0.0744
BFGS:   27 00:47:36       -3.851594        0.0818
BFGS:   28 00:47:36       -3.851831        0.0992
BFGS:   29 00:47:36       -3.852027        0.0978
BFGS:   30 00:47:36       -3.851760        0.0969
BFGS:   31 00:47:36       -3.852103        0.0688
BFGS:   32 00:47:36       -3.852767        0.0763
BFGS:   33 00:47:36       -3.853716        0.0958
BFGS:   34 00:47:36       -3.855094        0.0784
BFGS:   35 00:47:36       -3.855909        0.0738
BFGS:   36 00:47:36       -3.856405        0.0499
      Step     Time          Energy         fmax
BFGS:    0 00:47:36       -3.217727        8.0185
BFGS:    1 00:47:36       -3.964319       15.3194
BFGS:    2 00:47:36       -3.672057        1.4457
BFGS:    3 00:47:36       -3.685967        1.3313
BFGS:    4 00:47:36       -3.714351        0.5474
BFGS:    5 00:47:36       -3.717001        0.3175
BFGS:    6 00:47:36       -3.717077        0.2072
BFGS:    7 00:47:36       -3.715510        0.0832
BFGS:    8 00:47:37       -3.715838        0.0617
BFGS:    9 00:47:37       -3.716013        0.0548
BFGS:   10 00:47:37       -3.716694        0.0369
      Step     Time          Energy         fmax
BFGS:    0 00:47:37       -2.975888        8.5105
BFGS:    1 00:47:37       -3.879275       15.9778
BFGS:    2 00:47:37       -3.497646        1.5785
BFGS:    3 00:47:37       -3.519835        1.5351
BFGS:    4 00:47:37       -3.557117        0.5701
BFGS:    5 00:47:37       -3.559292        0.3292
BFGS:    6 00:47:37       -3.556782        0.2069
BFGS:    7 00:47:37       -3.552797        0.1176
BFGS:    8 00:47:37       -3.553219        0.0738
BFGS:    9 00:47:37       -3.553586        0.0676
BFGS:   10 00:47:37       -3.554836        0.0519
BFGS:   11 00:47:37       -3.554592        0.0563
BFGS:   12 00:47:37       -3.554291        0.0640
BFGS:   13 00:47:37       -3.553724        0.0605
BFGS:   14 00:47:37       -3.553577        0.0406
      Step     Time          Energy         fmax
BFGS:    0 00:47:37       -2.770593        8.5966
BFGS:    1 00:47:37       -3.762820       15.8574
BFGS:    2 00:47:37       -3.316446        1.6438
BFGS:    3 00:47:37       -3.337309        1.6798
BFGS:    4 00:47:38       -3.379154        0.5849
BFGS:    5 00:47:38       -3.381927        0.3253
BFGS:    6 00:47:38       -3.377082        0.2194
BFGS:    7 00:47:38       -3.372581        0.1136
BFGS:    8 00:47:38       -3.373729        0.0713
BFGS:    9 00:47:38       -3.374593        0.0580
BFGS:   10 00:47:38       -3.375587        0.0497
      Step     Time          Energy         fmax
BFGS:    0 00:47:38       -2.576190        8.4101
BFGS:    1 00:47:38       -3.623641       15.3759
BFGS:    2 00:47:38       -3.134130        1.6015
BFGS:    3 00:47:38       -3.156390        1.6659
BFGS:    4 00:47:38       -3.193225        0.5838
BFGS:    5 00:47:38       -3.194005        0.2988
BFGS:    6 00:47:38       -3.190009        0.2055
BFGS:    7 00:47:38       -3.187488        0.1180
BFGS:    8 00:47:38       -3.188868        0.0838
BFGS:    9 00:47:38       -3.189236        0.0779
BFGS:   10 00:47:38       -3.190538        0.0686
BFGS:   11 00:47:38       -3.190402        0.0880
BFGS:   12 00:47:38       -3.189863        0.1076
BFGS:   13 00:47:38       -3.189135        0.1092
BFGS:   14 00:47:38       -3.188883        0.0762
BFGS:   15 00:47:39       -3.189507        0.0776
BFGS:   16 00:47:39       -3.190602        0.0888
BFGS:   17 00:47:39       -3.192168        0.0965
BFGS:   18 00:47:39       -3.193083        0.1166
BFGS:   19 00:47:39       -3.193594        0.1227
BFGS:   20 00:47:39       -3.192888        0.1108
BFGS:   21 00:47:39       -3.192243        0.0729
BFGS:   22 00:47:39       -3.192274        0.0689
BFGS:   23 00:47:39       -3.193463        0.0767
BFGS:   24 00:47:39       -3.195629        0.0970
BFGS:   25 00:47:39       -3.198670        0.0867
BFGS:   26 00:47:39       -3.200992        0.0694
BFGS:   27 00:47:39       -3.202048        0.0770
BFGS:   28 00:47:39       -3.202210        0.0836
BFGS:   29 00:47:39       -3.201923        0.0803
BFGS:   30 00:47:39       -3.202333        0.0780
BFGS:   31 00:47:39       -3.202946        0.0712
BFGS:   32 00:47:39       -3.204393        0.0892
BFGS:   33 00:47:39       -3.205815        0.0866
BFGS:   34 00:47:39       -3.207224        0.0693
BFGS:   35 00:47:39       -3.207926        0.0702
BFGS:   36 00:47:39       -3.207932        0.0423
      Step     Time          Energy         fmax
BFGS:    0 00:47:39       -2.511576        7.7648
BFGS:    1 00:47:39       -3.422412       14.3056
BFGS:    2 00:47:39       -3.000919        1.2444
BFGS:    3 00:47:39       -3.016646        1.2271
BFGS:    4 00:47:39       -3.041235        0.5508
BFGS:    5 00:47:40       -3.042460        0.3012
BFGS:    6 00:47:40       -3.039621        0.1682
BFGS:    7 00:47:40       -3.038452        0.0894
BFGS:    8 00:47:40       -3.039606        0.0778
BFGS:    9 00:47:40       -3.039624        0.0604
BFGS:   10 00:47:40       -3.040332        0.0467
      Step     Time          Energy         fmax
BFGS:    0 00:47:40       -2.355695        7.4944
BFGS:    1 00:47:40       -3.239720       13.4753
BFGS:    2 00:47:40       -2.824668        1.3433
BFGS:    3 00:47:40       -2.840296        1.3472
BFGS:    4 00:47:40       -2.869464        0.5502
BFGS:    5 00:47:40       -2.871015        0.3068
BFGS:    6 00:47:40       -2.867958        0.1852
BFGS:    7 00:47:40       -2.865710        0.1124
BFGS:    8 00:47:40       -2.867175        0.1043
BFGS:    9 00:47:40       -2.867566        0.0765
BFGS:   10 00:47:40       -2.868673        0.0709
BFGS:   11 00:47:40       -2.868516        0.0825
BFGS:   12 00:47:40       -2.867761        0.1027
BFGS:   13 00:47:40       -2.867272        0.0960
BFGS:   14 00:47:40       -2.866953        0.0777
BFGS:   15 00:47:40       -2.867630        0.0623
BFGS:   16 00:47:41       -2.868238        0.0571
BFGS:   17 00:47:41       -2.868948        0.0815
BFGS:   18 00:47:41       -2.868843        0.0903
BFGS:   19 00:47:41       -2.868513        0.0824
BFGS:   20 00:47:41       -2.867640        0.0824
BFGS:   21 00:47:41       -2.867518        0.0617
BFGS:   22 00:47:41       -2.867837        0.0693
BFGS:   23 00:47:41       -2.869114        0.0671
BFGS:   24 00:47:41       -2.871004        0.0936
BFGS:   25 00:47:41       -2.873364        0.1042
BFGS:   26 00:47:41       -2.875091        0.0913
BFGS:   27 00:47:41       -2.876105        0.0838
BFGS:   28 00:47:41       -2.876761        0.0945
BFGS:   29 00:47:41       -2.877096        0.0999
BFGS:   30 00:47:41       -2.878107        0.0964
BFGS:   31 00:47:41       -2.878931        0.0972
BFGS:   32 00:47:41       -2.880262        0.1101
BFGS:   33 00:47:41       -2.881371        0.0947
BFGS:   34 00:47:41       -2.882452        0.0857
BFGS:   35 00:47:42       -2.883225        0.0750
BFGS:   36 00:47:42       -2.883639        0.0582
BFGS:   37 00:47:42       -2.884411        0.0654
BFGS:   38 00:47:42       -2.885060        0.0516
BFGS:   39 00:47:42       -2.886039        0.0572
BFGS:   40 00:47:42       -2.886436        0.0502
BFGS:   41 00:47:42       -2.886940        0.0513
BFGS:   42 00:47:42       -2.887065        0.0548
BFGS:   43 00:47:42       -2.887271        0.0603
BFGS:   44 00:47:42       -2.887877        0.0701
BFGS:   45 00:47:42       -2.888623        0.0684
BFGS:   46 00:47:42       -2.890074        0.0643
BFGS:   47 00:47:42       -2.891624        0.0646
BFGS:   48 00:47:42       -2.893471        0.0612
BFGS:   49 00:47:42       -2.895232        0.0657
BFGS:   50 00:47:42       -2.896491        0.0666
BFGS:   51 00:47:42       -2.897449        0.0579
BFGS:   52 00:47:42       -2.897867        0.0650
BFGS:   53 00:47:43       -2.898819        0.0772
BFGS:   54 00:47:43       -2.899327        0.0820
BFGS:   55 00:47:43       -2.901112        0.0856
BFGS:   56 00:47:43       -2.902357        0.0729
BFGS:   57 00:47:43       -2.904141        0.0668
BFGS:   58 00:47:43       -2.905276        0.0759
BFGS:   59 00:47:43       -2.906215        0.0849
BFGS:   60 00:47:43       -2.906925        0.0874
BFGS:   61 00:47:43       -2.908353        0.0894
BFGS:   62 00:47:43       -2.909823        0.0945
BFGS:   63 00:47:43       -2.912788        0.0988
BFGS:   64 00:47:43       -2.913921        0.1006
BFGS:   65 00:47:43       -2.916516        0.0914
BFGS:   66 00:47:43       -2.919541        0.0909
BFGS:   67 00:47:43       -2.921588        0.0753
BFGS:   68 00:47:43       -2.923769        0.0886
BFGS:   69 00:47:44       -2.924981        0.0843
BFGS:   70 00:47:44       -2.926434        0.0754
BFGS:   71 00:47:44       -2.928214        0.0950
BFGS:   72 00:47:44       -2.930547        0.1077
BFGS:   73 00:47:44       -2.933212        0.0914
BFGS:   74 00:47:44       -2.936185        0.0807
BFGS:   75 00:47:44       -2.938140        0.0999
BFGS:   76 00:47:44       -2.939823        0.0754
BFGS:   77 00:47:44       -2.941118        0.0754
BFGS:   78 00:47:44       -2.942444        0.0646
BFGS:   79 00:47:44       -2.944202        0.0812
BFGS:   80 00:47:44       -2.946660        0.0810
BFGS:   81 00:47:44       -2.949287        0.0911
BFGS:   82 00:47:44       -2.952003        0.0869
BFGS:   83 00:47:44       -2.954185        0.0866
BFGS:   84 00:47:44       -2.955466        0.1484
BFGS:   85 00:47:45       -2.957155        0.1332
BFGS:   86 00:47:45       -2.959250        0.1130
BFGS:   87 00:47:45       -2.962110        0.0821
BFGS:   88 00:47:45       -2.963960        0.0766
BFGS:   89 00:47:45       -2.967090        0.0961
BFGS:   90 00:47:45       -2.969385        0.0979
BFGS:   91 00:47:45       -2.971635        0.0861
BFGS:   92 00:47:45       -2.973701        0.0916
BFGS:   93 00:47:45       -2.974794        0.0841
BFGS:   94 00:47:45       -2.976721        0.0577
BFGS:   95 00:47:45       -2.977930        0.0538
BFGS:   96 00:47:45       -2.978662        0.0575
BFGS:   97 00:47:45       -2.980162        0.0626
BFGS:   98 00:47:45       -2.980630        0.0585
BFGS:   99 00:47:45       -2.981900        0.0551
BFGS:  100 00:47:45       -2.982399        0.0507
BFGS:  101 00:47:45       -2.983551        0.0611
BFGS:  102 00:47:45       -2.985198        0.0596
BFGS:  103 00:47:45       -2.985861        0.0692
BFGS:  104 00:47:45       -2.987664        0.0571
BFGS:  105 00:47:45       -2.988757        0.0597
BFGS:  106 00:47:45       -2.989090        0.0642
BFGS:  107 00:47:46       -2.990631        0.0732
BFGS:  108 00:47:46       -2.991602        0.0570
BFGS:  109 00:47:46       -2.992602        0.0589
BFGS:  110 00:47:46       -2.993712        0.0522
BFGS:  111 00:47:46       -2.994893        0.0467
      Step     Time          Energy         fmax
BFGS:    0 00:47:46       -2.601080        5.5309
BFGS:    1 00:47:46       -3.057614        9.0007
BFGS:    2 00:47:46       -2.851965        0.9830
BFGS:    3 00:47:46       -2.861534        1.1095
BFGS:    4 00:47:46       -2.877729        0.4946
BFGS:    5 00:47:46       -2.881476        0.2459
BFGS:    6 00:47:46       -2.881713        0.1518
BFGS:    7 00:47:46       -2.882046        0.1085
BFGS:    8 00:47:46       -2.883027        0.0752
BFGS:    9 00:47:46       -2.883400        0.0592
BFGS:   10 00:47:46       -2.884135        0.0589
BFGS:   11 00:47:46       -2.884274        0.0545
BFGS:   12 00:47:46       -2.884513        0.0577
BFGS:   13 00:47:46       -2.884674        0.0489
      Step     Time          Energy         fmax
BFGS:    0 00:47:46       -2.534417        5.0994
BFGS:    1 00:47:46       -2.926878        8.2626
BFGS:    2 00:47:46       -2.751943        0.8459
BFGS:    3 00:47:46       -2.764543        0.8312
BFGS:    4 00:47:46       -2.776201        0.5473
BFGS:    5 00:47:46       -2.779476        0.2309
BFGS:    6 00:47:46       -2.779379        0.1376
BFGS:    7 00:47:47       -2.779509        0.0942
BFGS:    8 00:47:47       -2.780309        0.0697
BFGS:    9 00:47:47       -2.780402        0.0492
      Step     Time          Energy         fmax
BFGS:    0 00:47:47       -2.455211        4.7950
BFGS:    1 00:47:47       -2.807909        7.6389
BFGS:    2 00:47:47       -2.655711        0.7945
BFGS:    3 00:47:47       -2.668667        0.6857
BFGS:    4 00:47:47       -2.677612        0.5124
BFGS:    5 00:47:47       -2.680468        0.2453
BFGS:    6 00:47:47       -2.681293        0.1518
BFGS:    7 00:47:47       -2.682145        0.1194
BFGS:    8 00:47:47       -2.683267        0.0868
BFGS:    9 00:47:47       -2.683537        0.0679
BFGS:   10 00:47:47       -2.684224        0.0651
BFGS:   11 00:47:47       -2.684465        0.0800
BFGS:   12 00:47:47       -2.685067        0.0764
BFGS:   13 00:47:47       -2.685615        0.0620
BFGS:   14 00:47:47       -2.686400        0.0642
BFGS:   15 00:47:47       -2.687110        0.0617
BFGS:   16 00:47:47       -2.688047        0.0781
BFGS:   17 00:47:47       -2.688982        0.0968
BFGS:   18 00:47:47       -2.690018        0.1091
BFGS:   19 00:47:48       -2.691231        0.0995
BFGS:   20 00:47:48       -2.692230        0.1092
BFGS:   21 00:47:48       -2.693564        0.1026
BFGS:   22 00:47:48       -2.694916        0.1163
BFGS:   23 00:47:48       -2.696795        0.1062
BFGS:   24 00:47:48       -2.699388        0.1255
BFGS:   25 00:47:48       -2.702318        0.1318
BFGS:   26 00:47:48       -2.705285        0.1196
BFGS:   27 00:47:48       -2.707741        0.1061
BFGS:   28 00:47:48       -2.710091        0.1269
BFGS:   29 00:47:48       -2.712457        0.1251
BFGS:   30 00:47:48       -2.714334        0.0957
BFGS:   31 00:47:48       -2.716044        0.0849
BFGS:   32 00:47:48       -2.717500        0.0867
BFGS:   33 00:47:48       -2.719031        0.0754
BFGS:   34 00:47:48       -2.720659        0.0858
BFGS:   35 00:47:48       -2.721861        0.0734
BFGS:   36 00:47:48       -2.723019        0.0625
BFGS:   37 00:47:48       -2.724150        0.0738
BFGS:   38 00:47:48       -2.725322        0.0619
BFGS:   39 00:47:49       -2.726573        0.0781
BFGS:   40 00:47:49       -2.727530        0.0604
BFGS:   41 00:47:49       -2.728531        0.0666
BFGS:   42 00:47:49       -2.729371        0.0734
BFGS:   43 00:47:49       -2.730507        0.0973
BFGS:   44 00:47:49       -2.731473        0.0807
BFGS:   45 00:47:49       -2.732911        0.0793
BFGS:   46 00:47:49       -2.734414        0.0960
BFGS:   47 00:47:49       -2.735991        0.0860
BFGS:   48 00:47:49       -2.737570        0.0882
BFGS:   49 00:47:49       -2.739308        0.0823
BFGS:   50 00:47:49       -2.740507        0.0807
BFGS:   51 00:47:49       -2.741489        0.0686
BFGS:   52 00:47:49       -2.742081        0.0573
BFGS:   53 00:47:49       -2.742996        0.0614
BFGS:   54 00:47:49       -2.743875        0.0658
BFGS:   55 00:47:49       -2.745329        0.0748
BFGS:   56 00:47:49       -2.746919        0.0800
BFGS:   57 00:47:49       -2.748988        0.0924
BFGS:   58 00:47:49       -2.750847        0.0790
BFGS:   59 00:47:49       -2.752712        0.0868
BFGS:   60 00:47:49       -2.754468        0.0994
BFGS:   61 00:47:50       -2.756769        0.1007
BFGS:   62 00:47:50       -2.759083        0.1014
BFGS:   63 00:47:50       -2.761470        0.1048
BFGS:   64 00:47:50       -2.763376        0.1083
BFGS:   65 00:47:50       -2.765687        0.1327
BFGS:   66 00:47:50       -2.769131        0.1250
BFGS:   67 00:47:50       -2.772547        0.1254
BFGS:   68 00:47:50       -2.775366        0.1185
BFGS:   69 00:47:50       -2.777474        0.1167
BFGS:   70 00:47:50       -2.779192        0.1028
BFGS:   71 00:47:50       -2.780604        0.1160
BFGS:   72 00:47:50       -2.782512        0.1003
BFGS:   73 00:47:50       -2.784843        0.0823
BFGS:   74 00:47:50       -2.787363        0.1264
BFGS:   75 00:47:50       -2.789197        0.1114
BFGS:   76 00:47:50       -2.791106        0.0689
BFGS:   77 00:47:50       -2.792537        0.0729
BFGS:   78 00:47:51       -2.794337        0.0805
BFGS:   79 00:47:51       -2.796442        0.0992
BFGS:   80 00:47:51       -2.798938        0.1080
BFGS:   81 00:47:51       -2.800940        0.1337
BFGS:   82 00:47:51       -2.802440        0.0990
BFGS:   83 00:47:51       -2.804475        0.0836
BFGS:   84 00:47:51       -2.806425        0.0720
BFGS:   85 00:47:51       -2.807997        0.0743
BFGS:   86 00:47:51       -2.809471        0.0695
BFGS:   87 00:47:51       -2.811153        0.0768
BFGS:   88 00:47:51       -2.812142        0.0854
BFGS:   89 00:47:51       -2.813967        0.0883
BFGS:   90 00:47:51       -2.816365        0.0770
BFGS:   91 00:47:51       -2.818460        0.0912
BFGS:   92 00:47:51       -2.821187        0.1460
BFGS:   93 00:47:51       -2.823071        0.1358
BFGS:   94 00:47:51       -2.823967        0.0705
BFGS:   95 00:47:51       -2.825177        0.0547
BFGS:   96 00:47:51       -2.825904        0.0649
BFGS:   97 00:47:52       -2.826605        0.0542
BFGS:   98 00:47:52       -2.827415        0.0515
BFGS:   99 00:47:52       -2.827791        0.0418
      Step     Time          Energy         fmax
BFGS:    0 00:47:52       -2.630124        3.6669
BFGS:    1 00:47:52       -2.808154        5.2437
BFGS:    2 00:47:52       -2.753201        0.7406
BFGS:    3 00:47:52       -2.763923        0.5758
BFGS:    4 00:47:52       -2.772039        0.5225
BFGS:    5 00:47:52       -2.773980        0.1995
BFGS:    6 00:47:52       -2.775280        0.1057
BFGS:    7 00:47:52       -2.775908        0.0723
BFGS:    8 00:47:52       -2.776429        0.0548
BFGS:    9 00:47:52       -2.776698        0.0454
      Step     Time          Energy         fmax
BFGS:    0 00:47:52       -2.617762        3.1773
BFGS:    1 00:47:52       -2.747049        4.1143
BFGS:    2 00:47:52       -2.717511        0.7704
BFGS:    3 00:47:52       -2.728840        0.4862
BFGS:    4 00:47:52       -2.735413        0.4712
BFGS:    5 00:47:52       -2.737672        0.2310
BFGS:    6 00:47:52       -2.739200        0.1127
BFGS:    7 00:47:52       -2.739864        0.0895
BFGS:    8 00:47:52       -2.740612        0.0762
BFGS:    9 00:47:53       -2.741221        0.0647
BFGS:   10 00:47:53       -2.741796        0.0588
BFGS:   11 00:47:53       -2.742372        0.0698
BFGS:   12 00:47:53       -2.743024        0.0819
BFGS:   13 00:47:53       -2.743671        0.0824
BFGS:   14 00:47:53       -2.744441        0.0673
BFGS:   15 00:47:53       -2.745249        0.0716
BFGS:   16 00:47:53       -2.746371        0.0895
BFGS:   17 00:47:53       -2.747731        0.1080
BFGS:   18 00:47:53       -2.749453        0.1220
BFGS:   19 00:47:53       -2.751305        0.1113
BFGS:   20 00:47:53       -2.752984        0.0919
BFGS:   21 00:47:53       -2.754442        0.1157
BFGS:   22 00:47:53       -2.755690        0.1165
BFGS:   23 00:47:54       -2.757270        0.1040
BFGS:   24 00:47:54       -2.759161        0.1156
BFGS:   25 00:47:54       -2.761261        0.1070
BFGS:   26 00:47:54       -2.763016        0.0811
BFGS:   27 00:47:54       -2.764315        0.0586
BFGS:   28 00:47:54       -2.765376        0.0649
BFGS:   29 00:47:54       -2.766215        0.0574
BFGS:   30 00:47:54       -2.766854        0.0490
      Step     Time          Energy         fmax
BFGS:    0 00:47:54       -2.681942        2.2954
BFGS:    1 00:47:54       -2.742840        2.4380
BFGS:    2 00:47:54       -2.745091        0.7874
BFGS:    3 00:47:54       -2.753074        0.5682
BFGS:    4 00:47:54       -2.757686        0.3025
BFGS:    5 00:47:54       -2.761037        0.3971
BFGS:    6 00:47:54       -2.761831        0.3592
BFGS:    7 00:47:54       -2.763006        0.1152
BFGS:    8 00:47:54       -2.763703        0.1632
BFGS:    9 00:47:55       -2.764458        0.1510
BFGS:   10 00:47:55       -2.765322        0.2356
BFGS:   11 00:47:55       -2.765809        0.0970
BFGS:   12 00:47:55       -2.766327        0.0638
BFGS:   13 00:47:55       -2.766623        0.0663
BFGS:   14 00:47:55       -2.766896        0.1003
BFGS:   15 00:47:55       -2.767102        0.0932
BFGS:   16 00:47:55       -2.767792        0.1624
BFGS:   17 00:47:55       -2.767976        0.0578
BFGS:   18 00:47:55       -2.768406        0.0601
BFGS:   19 00:47:55       -2.768792        0.0795
BFGS:   20 00:47:55       -2.769289        0.1116
BFGS:   21 00:47:55       -2.769820        0.1393
BFGS:   22 00:47:55       -2.770428        0.1527
BFGS:   23 00:47:55       -2.771346        0.0974
BFGS:   24 00:47:55       -2.772513        0.2108
BFGS:   25 00:47:55       -2.772816        0.1222
BFGS:   26 00:47:55       -2.773963        0.0582
BFGS:   27 00:47:55       -2.774717        0.0966
BFGS:   28 00:47:55       -2.776410        0.0961
BFGS:   29 00:47:55       -2.777859        0.1001
BFGS:   30 00:47:55       -2.779048        0.0917
BFGS:   31 00:47:56       -2.780133        0.0702
BFGS:   32 00:47:56       -2.781216        0.0812
BFGS:   33 00:47:56       -2.782251        0.1122
BFGS:   34 00:47:56       -2.783450        0.1148
BFGS:   35 00:47:56       -2.784941        0.1187
BFGS:   36 00:47:56       -2.787319        0.1610
BFGS:   37 00:47:56       -2.790410        0.1485
BFGS:   38 00:47:56       -2.793204        0.1246
BFGS:   39 00:47:56       -2.795098        0.1286
BFGS:   40 00:47:56       -2.796770        0.0799
BFGS:   41 00:47:56       -2.798823        0.0893
BFGS:   42 00:47:56       -2.800973        0.1233
BFGS:   43 00:47:56       -2.802475        0.1102
BFGS:   44 00:47:56       -2.803310        0.0531
BFGS:   45 00:47:56       -2.803977        0.0475
Performing final optimization with tight thresholds...
      Step     Time          Energy         fmax
BFGS:    0 00:47:56       -2.803977        0.0475
Tight optimization complete!
Relaxed scan complete! Trajectory saved to opt.traj. 
Finished in 0 hours, 0 minutes, and 33 seconds
