[ 0.        +8.49953566e+02j  0.        +3.34975381e+00j
  0.        +2.13929325e+00j  0.        +1.46476159e+00j
  0.        +9.56098809e-01j  0.        +7.65374294e-01j
  0.        +5.79972657e-01j 12.04053088+0.00000000e+00j
 19.65726281+0.00000000e+00j 21.08049175+0.00000000e+00j
 25.18150464+0.00000000e+00j 29.95134989+0.00000000e+00j
 34.62282727+0.00000000e+00j 39.72581548+0.00000000e+00j
 48.89503858+0.00000000e+00j 53.29160956+0.00000000e+00j
 59.95928954+0.00000000e+00j 63.14142997+0.00000000e+00j
 66.54841801+0.00000000e+00j 73.21456699+0.00000000e+00j]
Entropy components at T = 298.15 K and P = 101325.0 Pa:
=================================================
                           S               T*S
S_trans (1 bar)    0.0019477 eV/K        0.581 eV
S_rot              0.0016786 eV/K        0.500 eV
S_elec             0.0000000 eV/K        0.000 eV
S_vib              0.0068968 eV/K        2.056 eV
S (1 bar -> P)    -0.0000011 eV/K       -0.000 eV
-------------------------------------------------
S                  0.0105219 eV/K        3.137 eV
=================================================
Enthalpy components at T = 298.15 K:
===============================
E_pot                 -2.531 eV
E_ZPE                 17.354 eV
Cv_trans (0->T)        0.039 eV
Cv_rot (0->T)          0.039 eV
Cv_vib (0->T)          0.972 eV
(C_v -> C_p)           0.026 eV
-------------------------------
H                     15.898 eV
===============================
Generating forward path to find forward triplet crossing
Found a triplet crossing after 17 steps!
Minimizing average (singlet, triplet) energy while keeping the gap as small as possible
      Step     Time          Energy         fmax
BFGS:    0 12:38:02       -2.639793        0.4641
BFGS:    1 12:38:03       -2.650049        0.2197
BFGS:    2 12:38:03       -2.656301        0.1674
BFGS:    3 12:38:04       -2.660314        0.2017
BFGS:    4 12:38:04       -2.664392        0.1067
BFGS:    5 12:38:04       -2.666343        0.0785
BFGS:    6 12:38:05       -2.667775        0.0753
BFGS:    7 12:38:05       -2.669103        0.0841
BFGS:    8 12:38:06       -2.670245        0.0605
BFGS:    9 12:38:06       -2.671341        0.0687
BFGS:   10 12:38:06       -2.672537        0.0737
BFGS:   11 12:38:07       -2.673907        0.0874
BFGS:   12 12:38:07       -2.675303        0.0988
BFGS:   13 12:38:08       -2.676815        0.1025
BFGS:   14 12:38:08       -2.678421        0.0831
BFGS:   15 12:38:08       -2.680233        0.0910
BFGS:   16 12:38:09       -2.682091        0.0885
BFGS:   17 12:38:09       -2.684436        0.0870
BFGS:   18 12:38:09       -2.686959        0.0850
BFGS:   19 12:38:09       -2.689373        0.0770
BFGS:   20 12:38:10       -2.690741        0.0739
BFGS:   21 12:38:10       -2.691202        0.0446
BFGS:   22 12:38:11       -2.691437        0.0524
BFGS:   23 12:38:11       -2.691912        0.0592
BFGS:   24 12:38:11       -2.692838        0.0565
BFGS:   25 12:38:12       -2.694022        0.0427
BFGS:   26 12:38:12       -2.695343        0.0462
BFGS:   27 12:38:12       -2.696684        0.0497
BFGS:   28 12:38:12       -2.697751        0.0666
BFGS:   29 12:38:13       -2.698437        0.0715
BFGS:   30 12:38:13       -2.698830        0.0672
BFGS:   31 12:38:14       -2.699339        0.0578
BFGS:   32 12:38:14       -2.700198        0.0571
BFGS:   33 12:38:14       -2.701365        0.0390
BFGS:   34 12:38:14       -2.702626        0.0413
BFGS:   35 12:38:15       -2.703917        0.0492
BFGS:   36 12:38:15       -2.704895        0.0621
BFGS:   37 12:38:15       -2.705254        0.0553
BFGS:   38 12:38:16       -2.705143        0.0449
BFGS:   39 12:38:16       -2.705139        0.0336
BFGS:   40 12:38:16       -2.705485        0.0431
BFGS:   41 12:38:17       -2.706259        0.0475
BFGS:   42 12:38:17       -2.707392        0.0376
BFGS:   43 12:38:18       -2.708698        0.0513
BFGS:   44 12:38:18       -2.709722        0.0529
BFGS:   45 12:38:18       -2.710144        0.0512
BFGS:   46 12:38:19       -2.710190        0.0481
BFGS:   47 12:38:19       -2.710341        0.0525
BFGS:   48 12:38:19       -2.710961        0.0576
BFGS:   49 12:38:19       -2.712102        0.0404
BFGS:   50 12:38:20       -2.713483        0.0411
BFGS:   51 12:38:20       -2.714855        0.0410
BFGS:   52 12:38:21       -2.716012        0.0438
BFGS:   53 12:38:21       -2.716609        0.0508
BFGS:   54 12:38:21       -2.716611        0.0432
BFGS:   55 12:38:22       -2.716547        0.0435
BFGS:   56 12:38:22       -2.716908        0.0466
BFGS:   57 12:38:22       -2.717858        0.0399
BFGS:   58 12:38:22       -2.719289        0.0371
BFGS:   59 12:38:23       -2.720796        0.0396
BFGS:   60 12:38:23       -2.722208        0.0476
BFGS:   61 12:38:24       -2.723129        0.0483
BFGS:   62 12:38:24       -2.723080        0.0406
BFGS:   63 12:38:24       -2.722752        0.0312
BFGS:   64 12:38:24       -2.722663        0.0370
BFGS:   65 12:38:25       -2.723305        0.0460
BFGS:   66 12:38:25       -2.724658        0.0440
BFGS:   67 12:38:25       -2.726695        0.0424
BFGS:   68 12:38:26       -2.728167        0.0353
BFGS:   69 12:38:26       -2.729239        0.0364
BFGS:   70 12:38:26       -2.729055        0.0386
BFGS:   71 12:38:27       -2.728953        0.0541
BFGS:   72 12:38:27       -2.728986        0.0525
BFGS:   73 12:38:27       -2.730008        0.0513
BFGS:   74 12:38:28       -2.731780        0.0448
BFGS:   75 12:38:28       -2.733944        0.0434
BFGS:   76 12:38:28       -2.735460        0.0453
BFGS:   77 12:38:29       -2.736127        0.0491
BFGS:   78 12:38:29       -2.736095        0.0505
BFGS:   79 12:38:29       -2.735962        0.0476
BFGS:   80 12:38:29       -2.736167        0.0478
BFGS:   81 12:38:30       -2.737065        0.0520
BFGS:   82 12:38:30       -2.738489        0.0512
BFGS:   83 12:38:31       -2.740279        0.0598
BFGS:   84 12:38:31       -2.741770        0.0574
BFGS:   85 12:38:31       -2.742807        0.0475
BFGS:   86 12:38:32       -2.742809        0.0418
BFGS:   87 12:38:32       -2.742735        0.0390
BFGS:   88 12:38:32       -2.742733        0.0338
BFGS:   89 12:38:32       -2.743275        0.0274
BFGS:   90 12:38:33       -2.744102        0.0228
BFGS:   91 12:38:33       -2.745000        0.0258
BFGS:   92 12:38:34       -2.745581        0.0254
BFGS:   93 12:38:34       -2.745817        0.0261
BFGS:   94 12:38:34       -2.745798        0.0231
BFGS:   95 12:38:34       -2.745714        0.0289
BFGS:   96 12:38:35       -2.745812        0.0307
BFGS:   97 12:38:35       -2.746186        0.0246
BFGS:   98 12:38:35       -2.746806        0.0219
BFGS:   99 12:38:36       -2.747452        0.0231
BFGS:  100 12:38:36       -2.747943        0.0249
BFGS:  101 12:38:36       -2.748186        0.0283
BFGS:  102 12:38:37       -2.748214        0.0257
BFGS:  103 12:38:37       -2.748181        0.0214
BFGS:  104 12:38:37       -2.748259        0.0213
BFGS:  105 12:38:38       -2.748569        0.0222
BFGS:  106 12:38:38       -2.749113        0.0253
BFGS:  107 12:38:38       -2.749843        0.0303
BFGS:  108 12:38:39       -2.750508        0.0305
BFGS:  109 12:38:39       -2.750895        0.0287
BFGS:  110 12:38:39       -2.750985        0.0278
BFGS:  111 12:38:40       -2.751001        0.0239
BFGS:  112 12:38:40       -2.751104        0.0237
BFGS:  113 12:38:41       -2.751421        0.0238
BFGS:  114 12:38:41       -2.751908        0.0234
BFGS:  115 12:38:41       -2.752491        0.0232
BFGS:  116 12:38:42       -2.752968        0.0244
BFGS:  117 12:38:42       -2.753252        0.0204
BFGS:  118 12:38:42       -2.753300        0.0199
BFGS:  119 12:38:43       -2.753295        0.0219
BFGS:  120 12:38:43       -2.753335        0.0182
BFGS:  121 12:38:43       -2.753551        0.0165
BFGS:  122 12:38:44       -2.753842        0.0145
BFGS:  123 12:38:44       -2.754161        0.0130
BFGS:  124 12:38:44       -2.754386        0.0140
BFGS:  125 12:38:45       -2.754514        0.0155
BFGS:  126 12:38:45       -2.754509        0.0161
BFGS:  127 12:38:46       -2.754481        0.0144
BFGS:  128 12:38:46       -2.754492        0.0173
BFGS:  129 12:38:46       -2.754632        0.0199
BFGS:  130 12:38:47       -2.754897        0.0211
BFGS:  131 12:38:47       -2.755255        0.0204
BFGS:  132 12:38:47       -2.755592        0.0183
BFGS:  133 12:38:48       -2.755814        0.0170
BFGS:  134 12:38:48       -2.755895        0.0182
BFGS:  135 12:38:48       -2.755902        0.0193
BFGS:  136 12:38:49       -2.755941        0.0205
BFGS:  137 12:38:49       -2.756094        0.0228
BFGS:  138 12:38:49       -2.756389        0.0221
BFGS:  139 12:38:50       -2.756773        0.0200
BFGS:  140 12:38:50       -2.757161        0.0222
BFGS:  141 12:38:51       -2.757477        0.0237
BFGS:  142 12:38:51       -2.757671        0.0204
BFGS:  143 12:38:51       -2.757758        0.0263
BFGS:  144 12:38:52       -2.757836        0.0269
BFGS:  145 12:38:52       -2.757997        0.0259
BFGS:  146 12:38:52       -2.758302        0.0255
BFGS:  147 12:38:53       -2.758709        0.0199
BFGS:  148 12:38:53       -2.759096        0.0195
BFGS:  149 12:38:53       -2.759384        0.0180
BFGS:  150 12:38:54       -2.759541        0.0201
BFGS:  151 12:38:54       -2.759589        0.0165
BFGS:  152 12:38:55       -2.759599        0.0154
BFGS:  153 12:38:55       -2.759653        0.0153
BFGS:  154 12:38:55       -2.759793        0.0150
BFGS:  155 12:38:56       -2.760012        0.0170
BFGS:  156 12:38:56       -2.760240        0.0165
BFGS:  157 12:38:56       -2.760445        0.0153
BFGS:  158 12:38:57       -2.760596        0.0157
BFGS:  159 12:38:57       -2.760681        0.0175
BFGS:  160 12:38:57       -2.760715        0.0187
BFGS:  161 12:38:58       -2.760771        0.0221
BFGS:  162 12:38:58       -2.760908        0.0220
BFGS:  163 12:38:58       -2.761175        0.0195
BFGS:  164 12:38:59       -2.761559        0.0220
BFGS:  165 12:38:59       -2.761984        0.0256
BFGS:  166 12:38:59       -2.762372        0.0247
BFGS:  167 12:39:00       -2.762689        0.0242
BFGS:  168 12:39:00       -2.762924        0.0277
BFGS:  169 12:39:00       -2.763105        0.0239
BFGS:  170 12:39:01       -2.763295        0.0289
BFGS:  171 12:39:01       -2.763547        0.0304
BFGS:  172 12:39:01       -2.763877        0.0221
BFGS:  173 12:39:02       -2.764242        0.0219
BFGS:  174 12:39:02       -2.764573        0.0218
BFGS:  175 12:39:03       -2.764795        0.0328
BFGS:  176 12:39:03       -2.764930        0.0303
BFGS:  177 12:39:03       -2.764993        0.0213
BFGS:  178 12:39:04       -2.765090        0.0202
BFGS:  179 12:39:04       -2.765228        0.0155
BFGS:  180 12:39:04       -2.765418        0.0157
BFGS:  181 12:39:05       -2.765600        0.0145
BFGS:  182 12:39:05       -2.765739        0.0145
BFGS:  183 12:39:05       -2.765813        0.0139
BFGS:  184 12:39:06       -2.765856        0.0139
BFGS:  185 12:39:06       -2.765882        0.0138
BFGS:  186 12:39:06       -2.765938        0.0143
BFGS:  187 12:39:07       -2.766039        0.0136
BFGS:  188 12:39:07       -2.766199        0.0162
BFGS:  189 12:39:07       -2.766393        0.0171
BFGS:  190 12:39:08       -2.766611        0.0156
BFGS:  191 12:39:08       -2.766799        0.0191
BFGS:  192 12:39:09       -2.766936        0.0181
BFGS:  193 12:39:09       -2.767013        0.0183
BFGS:  194 12:39:10       -2.767095        0.0175
BFGS:  195 12:39:10       -2.767212        0.0160
BFGS:  196 12:39:10       -2.767404        0.0153
BFGS:  197 12:39:11       -2.767637        0.0206
BFGS:  198 12:39:11       -2.767881        0.0207
BFGS:  199 12:39:11       -2.768079        0.0196
BFGS:  200 12:39:12       -2.768220        0.0153
BFGS:  201 12:39:12       -2.768275        0.0116
BFGS:  202 12:39:13       -2.768305        0.0131
BFGS:  203 12:39:13       -2.768337        0.0142
BFGS:  204 12:39:13       -2.768413        0.0132
BFGS:  205 12:39:14       -2.768518        0.0136
BFGS:  206 12:39:14       -2.768635        0.0106
BFGS:  207 12:39:14       -2.768723        0.0118
BFGS:  208 12:39:15       -2.768781        0.0125
BFGS:  209 12:39:15       -2.768821        0.0103
BFGS:  210 12:39:16       -2.768834        0.0094
BFGS:  211 12:39:16       -2.768854        0.0092
BFGS:  212 12:39:17       -2.768880        0.0087
BFGS:  213 12:39:17       -2.768931        0.0082
BFGS:  214 12:39:17       -2.768990        0.0070
BFGS:  215 12:39:18       -2.769046        0.0076
BFGS:  216 12:39:18       -2.769078        0.0073
BFGS:  217 12:39:19       -2.769093        0.0072
BFGS:  218 12:39:19       -2.769095        0.0072
BFGS:  219 12:39:19       -2.769105        0.0088
BFGS:  220 12:39:20       -2.769131        0.0106
BFGS:  221 12:39:20       -2.769179        0.0086
BFGS:  222 12:39:21       -2.769238        0.0083
BFGS:  223 12:39:22       -2.769294        0.0089
BFGS:  224 12:39:22       -2.769327        0.0077
BFGS:  225 12:39:23       -2.769343        0.0062
BFGS:  226 12:39:23       -2.769344        0.0060
BFGS:  227 12:39:24       -2.769345        0.0059
BFGS:  228 12:39:24       -2.769355        0.0065
BFGS:  229 12:39:24       -2.769383        0.0065
BFGS:  230 12:39:25       -2.769425        0.0083
BFGS:  231 12:39:25       -2.769477        0.0089
BFGS:  232 12:39:26       -2.769531        0.0082
BFGS:  233 12:39:26       -2.769580        0.0095
BFGS:  234 12:39:27       -2.769610        0.0108
BFGS:  235 12:39:27       -2.769623        0.0094
BFGS:  236 12:39:27       -2.769638        0.0086
BFGS:  237 12:39:27       -2.769670        0.0109
BFGS:  238 12:39:28       -2.769728        0.0105
BFGS:  239 12:39:28       -2.769804        0.0086
BFGS:  240 12:39:28       -2.769876        0.0081
BFGS:  241 12:39:29       -2.769931        0.0075
BFGS:  242 12:39:29       -2.769959        0.0081
BFGS:  243 12:39:30       -2.769969        0.0079
BFGS:  244 12:39:30       -2.769965        0.0072
BFGS:  245 12:39:30       -2.769972        0.0073
BFGS:  246 12:39:31       -2.769991        0.0060
BFGS:  247 12:39:31       -2.770028        0.0055
BFGS:  248 12:39:31       -2.770070        0.0062
BFGS:  249 12:39:32       -2.770113        0.0069
BFGS:  250 12:39:32       -2.770137        0.0066
BFGS:  251 12:39:33       -2.770148        0.0060
BFGS:  252 12:39:33       -2.770143        0.0058
BFGS:  253 12:39:33       -2.770143        0.0063
BFGS:  254 12:39:34       -2.770153        0.0068
BFGS:  255 12:39:34       -2.770178        0.0056
BFGS:  256 12:39:34       -2.770213        0.0059
BFGS:  257 12:39:35       -2.770241        0.0051
BFGS:  258 12:39:35       -2.770265        0.0061
BFGS:  259 12:39:35       -2.770274        0.0057
BFGS:  260 12:39:36       -2.770273        0.0047
Generating backward path to find backward triplet crossing
Found a triplet crossing after 6 steps!
Minimizing average (singlet, triplet) energy while keeping the gap as small as possible
      Step     Time          Energy         fmax
BFGS:    0 12:39:37       -2.576769        0.6886
BFGS:    1 12:39:37       -2.591179        0.2394
BFGS:    2 12:39:38       -2.597128        0.2949
BFGS:    3 12:39:38       -2.600705        0.1985
BFGS:    4 12:39:38       -2.604058        0.1027
BFGS:    5 12:39:39       -2.604424        0.1523
BFGS:    6 12:39:39       -2.604605        0.0769
BFGS:    7 12:39:39       -2.604063        0.0735
BFGS:    8 12:39:40       -2.604630        0.0499
BFGS:    9 12:39:40       -2.606311        0.0551
BFGS:   10 12:39:40       -2.607858        0.0480
BFGS:   11 12:39:41       -2.608838        0.0399
BFGS:   12 12:39:41       -2.609386        0.0433
BFGS:   13 12:39:41       -2.609329        0.0464
BFGS:   14 12:39:42       -2.608878        0.0435
BFGS:   15 12:39:42       -2.608514        0.0355
BFGS:   16 12:39:42       -2.608633        0.0277
BFGS:   17 12:39:43       -2.609223        0.0303
BFGS:   18 12:39:43       -2.610015        0.0330
BFGS:   19 12:39:43       -2.610910        0.0391
BFGS:   20 12:39:44       -2.611595        0.0326
BFGS:   21 12:39:44       -2.611870        0.0329
BFGS:   22 12:39:44       -2.611684        0.0350
BFGS:   23 12:39:45       -2.611354        0.0290
BFGS:   24 12:39:45       -2.611166        0.0384
BFGS:   25 12:39:45       -2.611382        0.0365
BFGS:   26 12:39:46       -2.612026        0.0255
BFGS:   27 12:39:46       -2.612860        0.0289
BFGS:   28 12:39:46       -2.613704        0.0323
BFGS:   29 12:39:46       -2.614474        0.0365
BFGS:   30 12:39:47       -2.614810        0.0366
BFGS:   31 12:39:47       -2.614619        0.0290
BFGS:   32 12:39:48       -2.614209        0.0226
BFGS:   33 12:39:48       -2.613915        0.0258
BFGS:   34 12:39:48       -2.613921        0.0237
BFGS:   35 12:39:48       -2.614259        0.0163
BFGS:   36 12:39:49       -2.614789        0.0166
BFGS:   37 12:39:49       -2.615319        0.0213
BFGS:   38 12:39:49       -2.615654        0.0220
BFGS:   39 12:39:50       -2.615712        0.0164
BFGS:   40 12:39:50       -2.615543        0.0193
BFGS:   41 12:39:51       -2.615304        0.0209
BFGS:   42 12:39:51       -2.615153        0.0190
BFGS:   43 12:39:51       -2.615201        0.0150
BFGS:   44 12:39:51       -2.615498        0.0149
BFGS:   45 12:39:52       -2.615929        0.0155
BFGS:   46 12:39:52       -2.616319        0.0151
BFGS:   47 12:39:52       -2.616585        0.0160
BFGS:   48 12:39:53       -2.616686        0.0185
BFGS:   49 12:39:53       -2.616596        0.0211
BFGS:   50 12:39:53       -2.616425        0.0141
BFGS:   51 12:39:54       -2.616329        0.0120
BFGS:   52 12:39:54       -2.616377        0.0113
BFGS:   53 12:39:54       -2.616561        0.0179
BFGS:   54 12:39:55       -2.616825        0.0186
BFGS:   55 12:39:55       -2.617052        0.0109
BFGS:   56 12:39:55       -2.617144        0.0100
BFGS:   57 12:39:56       -2.617103        0.0106
BFGS:   58 12:39:56       -2.616986        0.0122
BFGS:   59 12:39:56       -2.616864        0.0101
BFGS:   60 12:39:56       -2.616820        0.0102
BFGS:   61 12:39:57       -2.616911        0.0108
BFGS:   62 12:39:57       -2.617109        0.0100
BFGS:   63 12:39:58       -2.617343        0.0092
BFGS:   64 12:39:58       -2.617548        0.0105
BFGS:   65 12:39:58       -2.617661        0.0105
BFGS:   66 12:39:59       -2.617602        0.0111
BFGS:   67 12:39:59       -2.617458        0.0079
BFGS:   68 12:39:59       -2.617317        0.0079
BFGS:   69 12:39:59       -2.617233        0.0082
BFGS:   70 12:40:00       -2.617270        0.0094
BFGS:   71 12:40:00       -2.617428        0.0090
BFGS:   72 12:40:01       -2.617635        0.0089
BFGS:   73 12:40:01       -2.617810        0.0076
BFGS:   74 12:40:01       -2.617907        0.0086
BFGS:   75 12:40:02       -2.617873        0.0069
BFGS:   76 12:40:02       -2.617753        0.0066
BFGS:   77 12:40:02       -2.617610        0.0072
BFGS:   78 12:40:02       -2.617517        0.0097
BFGS:   79 12:40:03       -2.617538        0.0092
BFGS:   80 12:40:03       -2.617681        0.0082
BFGS:   81 12:40:04       -2.617894        0.0091
BFGS:   82 12:40:04       -2.618119        0.0119
BFGS:   83 12:40:04       -2.618287        0.0129
BFGS:   84 12:40:04       -2.618298        0.0101
BFGS:   85 12:40:05       -2.618161        0.0105
BFGS:   86 12:40:05       -2.617970        0.0116
BFGS:   87 12:40:05       -2.617825        0.0147
BFGS:   88 12:40:06       -2.617809        0.0146
BFGS:   89 12:40:06       -2.617978        0.0144
BFGS:   90 12:40:06       -2.618315        0.0151
BFGS:   91 12:40:07       -2.618695        0.0173
BFGS:   92 12:40:07       -2.618974        0.0180
BFGS:   93 12:40:07       -2.619051        0.0153
BFGS:   94 12:40:08       -2.618939        0.0144
BFGS:   95 12:40:08       -2.618713        0.0166
BFGS:   96 12:40:08       -2.618441        0.0233
BFGS:   97 12:40:09       -2.618474        0.0282
BFGS:   98 12:40:09       -2.619256        0.0204
BFGS:   99 12:40:09       -2.619914        0.0194
BFGS:  100 12:40:09       -2.620481        0.0228
BFGS:  101 12:40:10       -2.620800        0.0264
BFGS:  102 12:40:10       -2.621018        0.0291
BFGS:  103 12:40:11       -2.620861        0.0309
BFGS:  104 12:40:11       -2.620822        0.0284
BFGS:  105 12:40:11       -2.620903        0.0317
BFGS:  106 12:40:12       -2.621349        0.0277
BFGS:  107 12:40:12       -2.621834        0.0267
BFGS:  108 12:40:12       -2.622474        0.0242
BFGS:  109 12:40:13       -2.622858        0.0241
BFGS:  110 12:40:13       -2.623035        0.0241
BFGS:  111 12:40:13       -2.623043        0.0233
BFGS:  112 12:40:14       -2.623026        0.0236
BFGS:  113 12:40:14       -2.623116        0.0267
BFGS:  114 12:40:14       -2.623413        0.0225
BFGS:  115 12:40:15       -2.623882        0.0231
BFGS:  116 12:40:15       -2.624444        0.0204
BFGS:  117 12:40:15       -2.624987        0.0234
BFGS:  118 12:40:15       -2.625414        0.0238
BFGS:  119 12:40:16       -2.625574        0.0245
BFGS:  120 12:40:16       -2.625587        0.0229
BFGS:  121 12:40:17       -2.625531        0.0190
BFGS:  122 12:40:17       -2.625657        0.0188
BFGS:  123 12:40:17       -2.625951        0.0161
BFGS:  124 12:40:17       -2.626243        0.0168
BFGS:  125 12:40:18       -2.626565        0.0177
BFGS:  126 12:40:18       -2.626789        0.0194
BFGS:  127 12:40:18       -2.626920        0.0205
BFGS:  128 12:40:19       -2.626950        0.0225
BFGS:  129 12:40:19       -2.626956        0.0197
BFGS:  130 12:40:19       -2.627008        0.0172
BFGS:  131 12:40:20       -2.627162        0.0206
BFGS:  132 12:40:20       -2.627402        0.0179
BFGS:  133 12:40:20       -2.627654        0.0169
BFGS:  134 12:40:21       -2.627832        0.0159
BFGS:  135 12:40:21       -2.627952        0.0161
BFGS:  136 12:40:21       -2.628036        0.0158
BFGS:  137 12:40:22       -2.628108        0.0186
BFGS:  138 12:40:22       -2.628178        0.0223
BFGS:  139 12:40:22       -2.628270        0.0199
BFGS:  140 12:40:23       -2.628392        0.0165
BFGS:  141 12:40:23       -2.628540        0.0144
BFGS:  142 12:40:24       -2.628698        0.0184
BFGS:  143 12:40:24       -2.628842        0.0142
BFGS:  144 12:40:24       -2.628965        0.0142
BFGS:  145 12:40:24       -2.629069        0.0152
BFGS:  146 12:40:25       -2.629165        0.0160
BFGS:  147 12:40:25       -2.629271        0.0162
BFGS:  148 12:40:25       -2.629399        0.0182
BFGS:  149 12:40:26       -2.629548        0.0183
BFGS:  150 12:40:26       -2.629694        0.0187
BFGS:  151 12:40:27       -2.629819        0.0138
BFGS:  152 12:40:27       -2.629925        0.0146
BFGS:  153 12:40:27       -2.630031        0.0170
BFGS:  154 12:40:28       -2.630146        0.0126
BFGS:  155 12:40:28       -2.630258        0.0128
BFGS:  156 12:40:28       -2.630354        0.0135
BFGS:  157 12:40:29       -2.630443        0.0160
BFGS:  158 12:40:29       -2.630533        0.0183
BFGS:  159 12:40:29       -2.630635        0.0180
BFGS:  160 12:40:29       -2.630759        0.0185
BFGS:  161 12:40:30       -2.630908        0.0167
BFGS:  162 12:40:30       -2.631093        0.0176
BFGS:  163 12:40:31       -2.631302        0.0163
BFGS:  164 12:40:31       -2.631525        0.0189
BFGS:  165 12:40:31       -2.631754        0.0232
BFGS:  166 12:40:32       -2.631995        0.0239
BFGS:  167 12:40:32       -2.632247        0.0273
BFGS:  168 12:40:32       -2.632492        0.0260
BFGS:  169 12:40:32       -2.632735        0.0230
BFGS:  170 12:40:33       -2.633007        0.0237
BFGS:  171 12:40:33       -2.633349        0.0256
BFGS:  172 12:40:34       -2.633797        0.0306
BFGS:  173 12:40:34       -2.634325        0.0329
BFGS:  174 12:40:34       -2.634853        0.0368
BFGS:  175 12:40:34       -2.635303        0.0389
BFGS:  176 12:40:35       -2.635682        0.0348
BFGS:  177 12:40:35       -2.636054        0.0355
BFGS:  178 12:40:35       -2.636467        0.0405
BFGS:  179 12:40:36       -2.637004        0.0440
BFGS:  180 12:40:36       -2.637283        0.0390
BFGS:  181 12:40:37       -2.637905        0.0261
BFGS:  182 12:40:37       -2.638324        0.0196
BFGS:  183 12:40:38       -2.638689        0.0219
BFGS:  184 12:40:38       -2.638939        0.0231
BFGS:  185 12:40:38       -2.639176        0.0246
BFGS:  186 12:40:39       -2.639343        0.0227
BFGS:  187 12:40:39       -2.639498        0.0242
BFGS:  188 12:40:39       -2.639676        0.0237
BFGS:  189 12:40:40       -2.639917        0.0201
BFGS:  190 12:40:40       -2.640213        0.0201
BFGS:  191 12:40:40       -2.640568        0.0283
BFGS:  192 12:40:41       -2.640931        0.0345
BFGS:  193 12:40:41       -2.641269        0.0322
BFGS:  194 12:40:41       -2.641479        0.0242
BFGS:  195 12:40:42       -2.641672        0.0250
BFGS:  196 12:40:42       -2.641567        0.0322
BFGS:  197 12:40:42       -2.641850        0.0209
BFGS:  198 12:40:43       -2.642247        0.0135
BFGS:  199 12:40:43       -2.642486        0.0155
BFGS:  200 12:40:44       -2.642671        0.0166
BFGS:  201 12:40:44       -2.642773        0.0156
BFGS:  202 12:40:45       -2.642873        0.0140
BFGS:  203 12:40:45       -2.642982        0.0146
BFGS:  204 12:40:45       -2.643144        0.0185
BFGS:  205 12:40:45       -2.643343        0.0218
BFGS:  206 12:40:46       -2.643588        0.0223
BFGS:  207 12:40:46       -2.643914        0.0238
BFGS:  208 12:40:47       -2.643942        0.0277
BFGS:  209 12:40:47       -2.644302        0.0214
BFGS:  210 12:40:47       -2.644574        0.0189
BFGS:  211 12:40:48       -2.644772        0.0155
BFGS:  212 12:40:48       -2.644898        0.0186
BFGS:  213 12:40:48       -2.645032        0.0151
BFGS:  214 12:40:49       -2.645093        0.0120
BFGS:  215 12:40:49       -2.645131        0.0141
BFGS:  216 12:40:50       -2.645325        0.0155
BFGS:  217 12:40:50       -2.645433        0.0119
BFGS:  218 12:40:50       -2.645602        0.0121
BFGS:  219 12:40:51       -2.645700        0.0123
BFGS:  220 12:40:51       -2.645833        0.0148
BFGS:  221 12:40:52       -2.645908        0.0162
BFGS:  222 12:40:52       -2.645975        0.0157
BFGS:  223 12:40:52       -2.646028        0.0137
BFGS:  224 12:40:53       -2.646120        0.0181
BFGS:  225 12:40:53       -2.646248        0.0196
BFGS:  226 12:40:54       -2.646428        0.0186
BFGS:  227 12:40:54       -2.646599        0.0201
BFGS:  228 12:40:54       -2.646764        0.0182
BFGS:  229 12:40:54       -2.646903        0.0179
BFGS:  230 12:40:55       -2.647041        0.0185
BFGS:  231 12:40:55       -2.647145        0.0131
BFGS:  232 12:40:56       -2.647228        0.0138
BFGS:  233 12:40:56       -2.647291        0.0119
BFGS:  234 12:40:56       -2.647365        0.0128
BFGS:  235 12:40:57       -2.647451        0.0163
BFGS:  236 12:40:57       -2.647563        0.0137
BFGS:  237 12:40:57       -2.647676        0.0150
BFGS:  238 12:40:58       -2.647799        0.0102
BFGS:  239 12:40:58       -2.647901        0.0107
BFGS:  240 12:40:58       -2.648001        0.0113
BFGS:  241 12:40:59       -2.648069        0.0127
BFGS:  242 12:40:59       -2.648124        0.0109
BFGS:  243 12:40:59       -2.648144        0.0088
BFGS:  244 12:41:00       -2.648161        0.0069
BFGS:  245 12:41:00       -2.648165        0.0061
BFGS:  246 12:41:00       -2.648186        0.0068
BFGS:  247 12:41:00       -2.648212        0.0077
BFGS:  248 12:41:01       -2.648263        0.0091
BFGS:  249 12:41:01       -2.648323        0.0106
BFGS:  250 12:41:01       -2.648384        0.0126
BFGS:  251 12:41:02       -2.648426        0.0107
BFGS:  252 12:41:02       -2.648453        0.0107
BFGS:  253 12:41:03       -2.648481        0.0111
BFGS:  254 12:41:03       -2.648523        0.0117
BFGS:  255 12:41:03       -2.648597        0.0138
BFGS:  256 12:41:04       -2.648705        0.0124
BFGS:  257 12:41:04       -2.648841        0.0149
BFGS:  258 12:41:04       -2.648975        0.0147
BFGS:  259 12:41:05       -2.649087        0.0142
BFGS:  260 12:41:05       -2.649171        0.0145
BFGS:  261 12:41:06       -2.649243        0.0142
BFGS:  262 12:41:06       -2.649302        0.0146
BFGS:  263 12:41:06       -2.649371        0.0150
BFGS:  264 12:41:06       -2.649448        0.0149
BFGS:  265 12:41:07       -2.649538        0.0142
BFGS:  266 12:41:07       -2.649638        0.0125
BFGS:  267 12:41:07       -2.649741        0.0110
BFGS:  268 12:41:08       -2.649817        0.0105
BFGS:  269 12:41:08       -2.649849        0.0112
BFGS:  270 12:41:08       -2.649870        0.0089
BFGS:  271 12:41:09       -2.649876        0.0093
BFGS:  272 12:41:09       -2.649925        0.0119
BFGS:  273 12:41:10       -2.649971        0.0108
BFGS:  274 12:41:10       -2.650058        0.0091
BFGS:  275 12:41:11       -2.650098        0.0073
BFGS:  276 12:41:11       -2.650134        0.0070
BFGS:  277 12:41:11       -2.650148        0.0078
BFGS:  278 12:41:12       -2.650166        0.0101
BFGS:  279 12:41:12       -2.650180        0.0091
BFGS:  280 12:41:12       -2.650209        0.0105
BFGS:  281 12:41:13       -2.650242        0.0100
BFGS:  282 12:41:13       -2.650295        0.0086
BFGS:  283 12:41:13       -2.650359        0.0089
BFGS:  284 12:41:14       -2.650432        0.0098
BFGS:  285 12:41:14       -2.650496        0.0127
BFGS:  286 12:41:14       -2.650550        0.0133
BFGS:  287 12:41:15       -2.650594        0.0111
BFGS:  288 12:41:15       -2.650632        0.0094
BFGS:  289 12:41:15       -2.650667        0.0100
BFGS:  290 12:41:16       -2.650706        0.0089
BFGS:  291 12:41:16       -2.650744        0.0084
BFGS:  292 12:41:17       -2.650785        0.0077
BFGS:  293 12:41:17       -2.650826        0.0093
BFGS:  294 12:41:18       -2.650867        0.0120
BFGS:  295 12:41:18       -2.650916        0.0116
BFGS:  296 12:41:18       -2.650969        0.0128
BFGS:  297 12:41:19       -2.651028        0.0124
BFGS:  298 12:41:19       -2.651092        0.0109
BFGS:  299 12:41:19       -2.651161        0.0114
BFGS:  300 12:41:20       -2.651223        0.0099
BFGS:  301 12:41:20       -2.651284        0.0100
BFGS:  302 12:41:21       -2.651328        0.0084
BFGS:  303 12:41:21       -2.651369        0.0077
BFGS:  304 12:41:22       -2.651404        0.0074
BFGS:  305 12:41:22       -2.651446        0.0081
BFGS:  306 12:41:22       -2.651485        0.0085
BFGS:  307 12:41:23       -2.651536        0.0101
BFGS:  308 12:41:23       -2.651585        0.0102
BFGS:  309 12:41:23       -2.651651        0.0116
BFGS:  310 12:41:24       -2.651710        0.0110
BFGS:  311 12:41:24       -2.651776        0.0106
BFGS:  312 12:41:25       -2.651831        0.0118
BFGS:  313 12:41:25       -2.651910        0.0108
BFGS:  314 12:41:25       -2.651968        0.0112
BFGS:  315 12:41:26       -2.652059        0.0096
BFGS:  316 12:41:26       -2.652088        0.0111
BFGS:  317 12:41:26       -2.652162        0.0111
BFGS:  318 12:41:27       -2.652172        0.0102
BFGS:  319 12:41:27       -2.652220        0.0111
BFGS:  320 12:41:28       -2.652284        0.0110
BFGS:  321 12:41:28       -2.652367        0.0118
BFGS:  322 12:41:28       -2.652488        0.0107
BFGS:  323 12:41:29       -2.652588        0.0117
BFGS:  324 12:41:29       -2.652690        0.0103
BFGS:  325 12:41:30       -2.652756        0.0122
BFGS:  326 12:41:30       -2.652822        0.0138
BFGS:  327 12:41:30       -2.652871        0.0121
BFGS:  328 12:41:31       -2.652925        0.0117
BFGS:  329 12:41:31       -2.652994        0.0121
BFGS:  330 12:41:31       -2.653079        0.0107
BFGS:  331 12:41:32       -2.653181        0.0099
BFGS:  332 12:41:32       -2.653252        0.0091
BFGS:  333 12:41:33       -2.653318        0.0096
BFGS:  334 12:41:33       -2.653343        0.0097
BFGS:  335 12:41:33       -2.653372        0.0098
BFGS:  336 12:41:34       -2.653374        0.0099
BFGS:  337 12:41:34       -2.653394        0.0096
BFGS:  338 12:41:34       -2.653420        0.0096
BFGS:  339 12:41:35       -2.653475        0.0096
BFGS:  340 12:41:35       -2.653558        0.0118
BFGS:  341 12:41:36       -2.653660        0.0135
BFGS:  342 12:41:36       -2.653796        0.0145
BFGS:  343 12:41:36       -2.653861        0.0170
BFGS:  344 12:41:37       -2.653975        0.0161
BFGS:  345 12:41:37       -2.653991        0.0140
BFGS:  346 12:41:38       -2.654036        0.0118
BFGS:  347 12:41:38       -2.654094        0.0119
BFGS:  348 12:41:38       -2.654176        0.0118
BFGS:  349 12:41:39       -2.654269        0.0101
BFGS:  350 12:41:39       -2.654330        0.0087
BFGS:  351 12:41:40       -2.654376        0.0094
BFGS:  352 12:41:40       -2.654392        0.0083
BFGS:  353 12:41:40       -2.654419        0.0070
BFGS:  354 12:41:41       -2.654432        0.0083
BFGS:  355 12:41:41       -2.654484        0.0080
BFGS:  356 12:41:41       -2.654524        0.0090
BFGS:  357 12:41:42       -2.654586        0.0071
BFGS:  358 12:41:42       -2.654627        0.0068
BFGS:  359 12:41:42       -2.654661        0.0081
BFGS:  360 12:41:43       -2.654665        0.0063
BFGS:  361 12:41:43       -2.654660        0.0051
BFGS:  362 12:41:43       -2.654653        0.0044
Neural IRC terminated normally.
