You need to install the group's fork of aRMSD and put it in your path https://github.mit.edu/MLMat/aRMSD
[ 0.        +425.33339101j  0.         +26.19709612j
  0.          +3.4342122j   0.          +0.82937859j
  0.          +0.78487362j  0.          +0.49484061j
  2.77943732  +0.j          3.36415968  +0.j
 18.83588005  +0.j         23.12779253  +0.j
 26.87618115  +0.j         33.37516158  +0.j
 37.23712051  +0.j         42.6765241   +0.j
 45.33838632  +0.j         53.27871971  +0.j
 60.51011847  +0.j         64.88367166  +0.j
 71.06383763  +0.j         76.54404814  +0.j        ]
Entropy components at T = 298.15 K and P = 101325.0 Pa:
=================================================
                           S               T*S
S_trans (1 bar)    0.0019477 eV/K        0.581 eV
S_rot              0.0016648 eV/K        0.496 eV
S_elec             0.0000000 eV/K        0.000 eV
S_vib              0.0068397 eV/K        2.039 eV
S (1 bar -> P)    -0.0000011 eV/K       -0.000 eV
-------------------------------------------------
S                  0.0104510 eV/K        3.116 eV
=================================================
Enthalpy components at T = 298.15 K:
===============================
E_pot                 -2.496 eV
E_ZPE                 17.409 eV
Cv_trans (0->T)        0.039 eV
Cv_rot (0->T)          0.039 eV
Cv_vib (0->T)          0.975 eV
(C_v -> C_p)           0.026 eV
-------------------------------
H                     15.991 eV
===============================
RMS: 0.0064134192653000355, MAX: 0.2980530858039856
RMS: 0.005659723654389381, MAX: 0.24722793698310852
RMS: 0.005201476626098156, MAX: 0.1608712375164032
RMS: 0.004841023590415716, MAX: 0.06528932601213455
RMS: 0.00402737595140934, MAX: 0.03086419217288494
RMS: 0.004711314104497433, MAX: 0.07129335403442383
RMS: 0.004713422618806362, MAX: 0.10601438581943512
RMS: 0.0047573246993124485, MAX: 0.11380864679813385
RMS: 0.004587148316204548, MAX: 0.09132934361696243
RMS: 0.0052801682613790035, MAX: 0.06375350058078766
RMS: 0.004010564647614956, MAX: 0.02763262204825878
RMS: 0.005211855284869671, MAX: 0.06264602392911911
RMS: 0.00475276866927743, MAX: 0.03185664117336273
RMS: 0.005804421845823526, MAX: 0.05533741042017937
RMS: 0.0043691182509064674, MAX: 0.0452188216149807
RMS: 0.005605181213468313, MAX: 0.048475440591573715
RMS: 0.00398766016587615, MAX: 0.03337802737951279
RMS: 0.004755236674100161, MAX: 0.029300367459654808
RMS: 0.0031427228823304176, MAX: 0.02370668202638626
RMS: 0.00448640575632453, MAX: 0.02951955795288086
RMS: 0.0032904399558901787, MAX: 0.05571192130446434
RMS: 0.0015725622652098536, MAX: 0.022608762606978416
RMS: 0.0036132829263806343, MAX: 0.05335843190550804
RMS: 0.003517337841913104, MAX: 0.022741641849279404
RMS: 0.0022068924736231565, MAX: 0.01706363819539547
RMS: 0.005091839004307985, MAX: 0.04932424798607826
RMS: 0.003618689253926277, MAX: 0.02857075072824955
RMS: 0.0026925867423415184, MAX: 0.018954871222376823
RMS: 0.0011938415700569749, MAX: 0.009115730412304401
RMS: 0.0012624828377738595, MAX: 0.015711111947894096
RMS: 0.0008339911582879722, MAX: 0.007834804244339466
RMS: 0.0019871362019330263, MAX: 0.025752905756235123
RMS: 0.0014481355901807547, MAX: 0.011942099779844284
RMS: 0.0024123338516801596, MAX: 0.03810659050941467
RMS: 0.0008525960729457438, MAX: 0.008236948400735855
RMS: 0.0031636380590498447, MAX: 0.03053191676735878
RMS: 0.0042646583169698715, MAX: 0.04612666741013527
RMS: 0.004418616648763418, MAX: 0.04879467189311981
RMS: 0.005171093158423901, MAX: 0.062356457114219666
RMS: 0.0044662305153906345, MAX: 0.04343697056174278
RMS: 0.002236532513052225, MAX: 0.023320620879530907
RMS: 0.0010552727617323399, MAX: 0.009788546711206436
RMS: 0.0006093631964176893, MAX: 0.003742727916687727
Optimization converged!
Eigenvector following terminated normally.
[ 0.        +4.32964941e+02j  0.        +1.76899196e+00j
  0.        +1.27658415e+00j  0.        +9.07782296e-01j
  0.        +7.24800396e-01j  0.        +6.84624164e-01j
  0.        +3.89045053e-01j 18.55966517+0.00000000e+00j
 26.41405291+0.00000000e+00j 29.53152774+0.00000000e+00j
 36.35176382+0.00000000e+00j 38.12870486+0.00000000e+00j
 44.96425117+0.00000000e+00j 50.15733368+0.00000000e+00j
 52.11125392+0.00000000e+00j 56.79972096+0.00000000e+00j
 69.00822626+0.00000000e+00j 70.43431842+0.00000000e+00j
 75.99874205+0.00000000e+00j 79.20164819+0.00000000e+00j]
Flipping all imaginary frequencies except the lowest one
Entropy components at T = 298.15 K and P = 101325.0 Pa:
=================================================
                           S               T*S
S_trans (1 bar)    0.0019477 eV/K        0.581 eV
S_rot              0.0016632 eV/K        0.496 eV
S_elec             0.0000000 eV/K        0.000 eV
S_vib              0.0066387 eV/K        1.979 eV
S (1 bar -> P)    -0.0000011 eV/K       -0.000 eV
-------------------------------------------------
S                  0.0102484 eV/K        3.056 eV
=================================================
Enthalpy components at T = 298.15 K:
===============================
E_pot                 -2.507 eV
E_ZPE                 17.430 eV
Cv_trans (0->T)        0.039 eV
Cv_rot (0->T)          0.039 eV
Cv_vib (0->T)          0.966 eV
(C_v -> C_p)           0.026 eV
-------------------------------
H                     15.992 eV
===============================
