[ 0.        +9.43837090e+02j  0.        +2.14445545e+00j
  0.        +1.78246483e+00j  0.        +1.13188500e+00j
  0.        +9.51577868e-01j  0.        +6.25602762e-01j
  0.        +4.91491559e-01j  8.83174192+0.00000000e+00j
 13.40480632+0.00000000e+00j 18.49519155+0.00000000e+00j
 23.81351951+0.00000000e+00j 25.44146393+0.00000000e+00j
 36.22051863+0.00000000e+00j 38.81834685+0.00000000e+00j
 44.37550967+0.00000000e+00j 45.7832803 +0.00000000e+00j
 54.95101831+0.00000000e+00j 72.08472182+0.00000000e+00j
 74.05063075+0.00000000e+00j 85.75873601+0.00000000e+00j]
Entropy components at T = 298.15 K and P = 101325.0 Pa:
=================================================
                           S               T*S
S_trans (1 bar)    0.0019505 eV/K        0.582 eV
S_rot              0.0016625 eV/K        0.496 eV
S_elec             0.0000000 eV/K        0.000 eV
S_vib              0.0058779 eV/K        1.753 eV
S (1 bar -> P)    -0.0000011 eV/K       -0.000 eV
-------------------------------------------------
S                  0.0094897 eV/K        2.829 eV
=================================================
Enthalpy components at T = 298.15 K:
===============================
E_pot                 -2.820 eV
E_ZPE                  9.118 eV
Cv_trans (0->T)        0.039 eV
Cv_rot (0->T)          0.039 eV
Cv_vib (0->T)          0.797 eV
(C_v -> C_p)           0.026 eV
-------------------------------
H                      7.198 eV
===============================
Generating forward path to find forward triplet crossing
Did not find a triplet crossing after 500 steps
Generating backward path to find backward triplet crossing
Did not find a triplet crossing after 500 steps
Neural IRC terminated normally.
