You need to install the group's fork of aRMSD and put it in your path https://github.mit.edu/MLMat/aRMSD
[  0.        +492.99193311j   0.         +10.21574988j
   0.          +3.04128382j   0.          +1.57545244j
   0.          +0.97066611j   2.44199126  +0.j
   3.22838044  +0.j           6.92488056  +0.j
  13.96804817  +0.j          19.14322515  +0.j
  23.93405911  +0.j          26.76417993  +0.j
  50.5785949   +0.j          55.73630051  +0.j
  66.63806356  +0.j          71.7060599   +0.j
  75.8983919   +0.j          86.62980973  +0.j
  98.80507821  +0.j         116.29670422  +0.j        ]
Entropy components at T = 298.15 K and P = 101325.0 Pa:
=================================================
                           S               T*S
S_trans (1 bar)    0.0019060 eV/K        0.568 eV
S_rot              0.0016340 eV/K        0.487 eV
S_elec             0.0000000 eV/K        0.000 eV
S_vib              0.0054522 eV/K        1.626 eV
S (1 bar -> P)    -0.0000011 eV/K       -0.000 eV
-------------------------------------------------
S                  0.0089911 eV/K        2.681 eV
=================================================
Enthalpy components at T = 298.15 K:
===============================
E_pot                  0.708 eV
E_ZPE                 16.245 eV
Cv_trans (0->T)        0.039 eV
Cv_rot (0->T)          0.039 eV
Cv_vib (0->T)          0.751 eV
(C_v -> C_p)           0.026 eV
-------------------------------
H                     17.806 eV
===============================
RMS: 0.010165388695895672, MAX: 0.2890731990337372
RMS: 0.006232800427824259, MAX: 0.17289961874485016
RMS: 0.0026753018610179424, MAX: 0.05101926624774933
RMS: 0.003399137407541275, MAX: 0.053669676184654236
RMS: 0.0037568712141364813, MAX: 0.05516291782259941
RMS: 0.004178192000836134, MAX: 0.055849961936473846
RMS: 0.004248484969139099, MAX: 0.05271461233496666
RMS: 0.004183495882898569, MAX: 0.047122906893491745
RMS: 0.003927719779312611, MAX: 0.039818402379751205
RMS: 0.0036567754577845335, MAX: 0.03156881034374237
RMS: 0.003488956717774272, MAX: 0.02335483208298683
RMS: 0.0033201768528670073, MAX: 0.01612185873091221
RMS: 0.003122570225968957, MAX: 0.015419315546751022
RMS: 0.0029760797042399645, MAX: 0.014115484431385994
RMS: 0.002843183930963278, MAX: 0.012944874353706837
RMS: 0.0026175917591899633, MAX: 0.011117326095700264
RMS: 0.002845651935786009, MAX: 0.01327521726489067
RMS: 0.0038816353771835566, MAX: 0.015047830529510975
RMS: 0.003646081080660224, MAX: 0.016821373254060745
RMS: 0.003079370828345418, MAX: 0.016334133222699165
RMS: 0.003982715308666229, MAX: 0.014723519794642925
RMS: 0.0030206444207578897, MAX: 0.0117845069617033
RMS: 0.003779752179980278, MAX: 0.018763620406389236
RMS: 0.0029524993151426315, MAX: 0.025849031284451485
RMS: 0.00442390376701951, MAX: 0.015731435269117355
RMS: 0.0025181882083415985, MAX: 0.010514254681766033
RMS: 0.0036576702259480953, MAX: 0.016773231327533722
RMS: 0.0023924594279378653, MAX: 0.01634611189365387
RMS: 0.001958125736564398, MAX: 0.01319045852869749
RMS: 0.0020833550952374935, MAX: 0.017574600875377655
RMS: 0.00219984189607203, MAX: 0.01764814369380474
RMS: 0.0013961571967229247, MAX: 0.008008724078536034
RMS: 0.002298023086041212, MAX: 0.014206061139702797
RMS: 0.0017812910955399275, MAX: 0.01208849810063839
RMS: 0.0021181954070925713, MAX: 0.012325171381235123
RMS: 0.0018311302410438657, MAX: 0.013457205146551132
RMS: 0.0027658024337142706, MAX: 0.014466499909758568
RMS: 0.003180944826453924, MAX: 0.023393400013446808
RMS: 0.0009487873176112771, MAX: 0.004944196902215481
Optimization converged!
Eigenvector following terminated normally.
[  0.        +482.62041147j   0.          +2.29862476j
   0.          +1.79533002j   0.          +1.54185838j
   0.          +1.27046506j   0.          +0.89390869j
   0.52004831  +0.j           7.53050024  +0.j
  13.59586825  +0.j          18.85847391  +0.j
  21.76609433  +0.j          30.04921314  +0.j
  51.18793604  +0.j          57.49303587  +0.j
  68.04394262  +0.j          70.00562698  +0.j
  74.39477468  +0.j          84.10398393  +0.j
  99.29025534  +0.j         115.76149853  +0.j        ]
Flipping all imaginary frequencies except the lowest one
Entropy components at T = 298.15 K and P = 101325.0 Pa:
=================================================
                           S               T*S
S_trans (1 bar)    0.0019060 eV/K        0.568 eV
S_rot              0.0016349 eV/K        0.487 eV
S_elec             0.0000000 eV/K        0.000 eV
S_vib              0.0053700 eV/K        1.601 eV
S (1 bar -> P)    -0.0000011 eV/K       -0.000 eV
-------------------------------------------------
S                  0.0089098 eV/K        2.656 eV
=================================================
Enthalpy components at T = 298.15 K:
===============================
E_pot                  0.692 eV
E_ZPE                 16.245 eV
Cv_trans (0->T)        0.039 eV
Cv_rot (0->T)          0.039 eV
Cv_vib (0->T)          0.750 eV
(C_v -> C_p)           0.026 eV
-------------------------------
H                     17.789 eV
===============================
