Optimizing input structure...
      Step     Time          Energy         fmax
BFGS:    0 13:59:09       -1.405589        4.3616
BFGS:    1 13:59:10       -2.311588        5.1930
BFGS:    2 13:59:10       -2.717003        1.9103
BFGS:    3 13:59:10       -2.882295        1.1950
BFGS:    4 13:59:10       -3.018206        0.5016
BFGS:    5 13:59:10       -3.110217        0.7805
BFGS:    6 13:59:10       -3.162124        0.7553
BFGS:    7 13:59:11       -3.222570        0.5749
BFGS:    8 13:59:11       -3.259657        0.6757
BFGS:    9 13:59:11       -3.286945        0.3442
BFGS:   10 13:59:11       -3.312611        0.3150
BFGS:   11 13:59:11       -3.333348        0.3508
BFGS:   12 13:59:11       -3.354444        0.2871
BFGS:   13 13:59:12       -3.372903        0.2384
BFGS:   14 13:59:12       -3.388661        0.2501
BFGS:   15 13:59:12       -3.406180        0.2457
BFGS:   16 13:59:12       -3.427202        0.2300
BFGS:   17 13:59:12       -3.446043        0.2138
BFGS:   18 13:59:12       -3.461262        0.2408
BFGS:   19 13:59:12       -3.475836        0.2156
BFGS:   20 13:59:12       -3.490865        0.1840
BFGS:   21 13:59:12       -3.504937        0.1525
BFGS:   22 13:59:12       -3.517380        0.1916
BFGS:   23 13:59:13       -3.529383        0.2184
BFGS:   24 13:59:13       -3.542209        0.2234
BFGS:   25 13:59:13       -3.553564        0.1569
BFGS:   26 13:59:13       -3.562613        0.1245
BFGS:   27 13:59:13       -3.571088        0.1502
BFGS:   28 13:59:13       -3.580657        0.1947
BFGS:   29 13:59:13       -3.590951        0.1621
BFGS:   30 13:59:13       -3.599726        0.1846
BFGS:   31 13:59:13       -3.607949        0.1832
BFGS:   32 13:59:13       -3.617117        0.1575
BFGS:   33 13:59:13       -3.626960        0.1554
BFGS:   34 13:59:14       -3.635856        0.1427
BFGS:   35 13:59:14       -3.644064        0.1518
BFGS:   36 13:59:14       -3.651692        0.1621
BFGS:   37 13:59:14       -3.661165        0.1686
BFGS:   38 13:59:14       -3.672231        0.1466
BFGS:   39 13:59:14       -3.681641        0.1515
BFGS:   40 13:59:14       -3.690970        0.1541
BFGS:   41 13:59:14       -3.699909        0.1566
BFGS:   42 13:59:14       -3.707776        0.1694
BFGS:   43 13:59:14       -3.715739        0.1632
BFGS:   44 13:59:14       -3.723962        0.1990
BFGS:   45 13:59:14       -3.732664        0.1751
BFGS:   46 13:59:14       -3.741210        0.1613
BFGS:   47 13:59:14       -3.750537        0.1377
BFGS:   48 13:59:14       -3.759463        0.1377
BFGS:   49 13:59:15       -3.769473        0.1446
BFGS:   50 13:59:15       -3.779001        0.1732
BFGS:   51 13:59:15       -3.788255        0.1656
BFGS:   52 13:59:15       -3.795679        0.1867
BFGS:   53 13:59:15       -3.802330        0.1294
BFGS:   54 13:59:15       -3.808761        0.1086
BFGS:   55 13:59:15       -3.816447        0.1086
BFGS:   56 13:59:15       -3.821701        0.1169
BFGS:   57 13:59:15       -3.829239        0.1169
BFGS:   58 13:59:15       -3.834384        0.1211
BFGS:   59 13:59:16       -3.838524        0.1010
BFGS:   60 13:59:16       -3.842236        0.1108
BFGS:   61 13:59:16       -3.845933        0.1128
BFGS:   62 13:59:16       -3.849056        0.0948
BFGS:   63 13:59:16       -3.851623        0.0783
BFGS:   64 13:59:16       -3.853572        0.1008
BFGS:   65 13:59:16       -3.856142        0.1249
BFGS:   66 13:59:17       -3.859050        0.0750
BFGS:   67 13:59:17       -3.861549        0.0718
BFGS:   68 13:59:17       -3.863801        0.0735
BFGS:   69 13:59:17       -3.866467        0.0959
BFGS:   70 13:59:17       -3.869522        0.0917
BFGS:   71 13:59:17       -3.872576        0.0975
BFGS:   72 13:59:17       -3.875324        0.0997
BFGS:   73 13:59:18       -3.877936        0.0836
BFGS:   74 13:59:18       -3.880548        0.0922
BFGS:   75 13:59:18       -3.883314        0.0942
BFGS:   76 13:59:18       -3.886194        0.0925
BFGS:   77 13:59:18       -3.889103        0.1123
BFGS:   78 13:59:19       -3.891813        0.1045
BFGS:   79 13:59:19       -3.894332        0.0895
BFGS:   80 13:59:19       -3.896641        0.0843
BFGS:   81 13:59:19       -3.899092        0.0880
BFGS:   82 13:59:19       -3.901590        0.0831
BFGS:   83 13:59:19       -3.903950        0.0729
BFGS:   84 13:59:20       -3.906094        0.0863
BFGS:   85 13:59:20       -3.908101        0.0969
BFGS:   86 13:59:20       -3.910028        0.1064
BFGS:   87 13:59:20       -3.911820        0.0791
BFGS:   88 13:59:20       -3.913317        0.0672
BFGS:   89 13:59:20       -3.914495        0.0500
Optimization complete!
Performing a relaxed scan over 20 steps...
      Step     Time          Energy         fmax
BFGS:    0 13:59:21       -3.749430        4.1293
BFGS:    1 13:59:21       -3.844010        2.9556
BFGS:    2 13:59:21       -3.887356        3.1789
BFGS:    3 13:59:21       -3.842404        2.9275
BFGS:    4 13:59:21       -3.895258        0.3262
BFGS:    5 13:59:21       -3.899815        0.2137
BFGS:    6 13:59:21       -3.903368        0.2657
BFGS:    7 13:59:22       -3.903771        0.1176
BFGS:    8 13:59:22       -3.904350        0.1063
BFGS:    9 13:59:22       -3.905485        0.1401
BFGS:   10 13:59:22       -3.906783        0.0997
BFGS:   11 13:59:22       -3.907913        0.0556
BFGS:   12 13:59:22       -3.909449        0.0888
BFGS:   13 13:59:23       -3.910507        0.0924
BFGS:   14 13:59:23       -3.911140        0.0869
BFGS:   15 13:59:23       -3.911861        0.0723
BFGS:   16 13:59:23       -3.912729        0.0921
BFGS:   17 13:59:23       -3.913660        0.0879
BFGS:   18 13:59:23       -3.914640        0.0732
BFGS:   19 13:59:24       -3.915614        0.0749
BFGS:   20 13:59:24       -3.916504        0.0925
BFGS:   21 13:59:24       -3.917479        0.0765
BFGS:   22 13:59:24       -3.918630        0.0766
BFGS:   23 13:59:24       -3.919898        0.0939
BFGS:   24 13:59:24       -3.921398        0.0868
BFGS:   25 13:59:24       -3.923130        0.0921
BFGS:   26 13:59:25       -3.924754        0.0588
BFGS:   27 13:59:25       -3.926183        0.0603
BFGS:   28 13:59:25       -3.927478        0.0684
BFGS:   29 13:59:25       -3.928758        0.0810
BFGS:   30 13:59:25       -3.930032        0.0716
BFGS:   31 13:59:25       -3.931072        0.0619
BFGS:   32 13:59:26       -3.932064        0.0634
BFGS:   33 13:59:26       -3.933164        0.0582
BFGS:   34 13:59:26       -3.934559        0.0789
BFGS:   35 13:59:26       -3.936141        0.0762
BFGS:   36 13:59:26       -3.937610        0.0616
BFGS:   37 13:59:26       -3.938877        0.0570
BFGS:   38 13:59:27       -3.940200        0.0651
BFGS:   39 13:59:27       -3.941383        0.0806
BFGS:   40 13:59:27       -3.942536        0.0598
BFGS:   41 13:59:27       -3.943430        0.0516
BFGS:   42 13:59:27       -3.944164        0.0373
      Step     Time          Energy         fmax
BFGS:    0 13:59:27       -3.769385        4.0809
BFGS:    1 13:59:27       -3.870095        2.7603
BFGS:    2 13:59:28       -3.912889        2.4625
BFGS:    3 13:59:28       -3.864161        3.8322
BFGS:    4 13:59:28       -3.916618        0.3291
BFGS:    5 13:59:28       -3.920817        0.2198
BFGS:    6 13:59:28       -3.924944        0.2145
BFGS:    7 13:59:28       -3.924034        0.1502
BFGS:    8 13:59:28       -3.924611        0.1278
BFGS:    9 13:59:29       -3.925686        0.1243
BFGS:   10 13:59:29       -3.926843        0.0615
BFGS:   11 13:59:29       -3.927965        0.0568
BFGS:   12 13:59:29       -3.929242        0.0801
BFGS:   13 13:59:29       -3.929694        0.0664
BFGS:   14 13:59:29       -3.930145        0.0639
BFGS:   15 13:59:29       -3.930584        0.0616
BFGS:   16 13:59:29       -3.931221        0.0585
BFGS:   17 13:59:29       -3.931828        0.0451
      Step     Time          Energy         fmax
BFGS:    0 13:59:30       -3.682330        4.6730
BFGS:    1 13:59:30       -3.838405        2.9550
BFGS:    2 13:59:30       -3.884609        1.8484
BFGS:    3 13:59:30       -3.832616        4.6546
BFGS:    4 13:59:30       -3.882984        0.4029
BFGS:    5 13:59:30       -3.888796        0.2303
BFGS:    6 13:59:30       -3.893293        0.2137
BFGS:    7 13:59:30       -3.890058        0.1618
BFGS:    8 13:59:30       -3.890583        0.0948
BFGS:    9 13:59:30       -3.891656        0.0836
BFGS:   10 13:59:30       -3.892255        0.0601
BFGS:   11 13:59:30       -3.892971        0.0517
BFGS:   12 13:59:30       -3.893948        0.0479
      Step     Time          Energy         fmax
BFGS:    0 13:59:30       -3.527904        5.5295
BFGS:    1 13:59:31       -3.774520        3.2142
BFGS:    2 13:59:31       -3.820984        1.2306
BFGS:    3 13:59:31       -3.784319        3.6578
BFGS:    4 13:59:31       -3.814018        0.5665
BFGS:    5 13:59:31       -3.827080        0.3030
BFGS:    6 13:59:31       -3.830373        0.2245
BFGS:    7 13:59:31       -3.825292        0.1485
BFGS:    8 13:59:31       -3.826713        0.1141
BFGS:    9 13:59:31       -3.828660        0.1179
BFGS:   10 13:59:31       -3.828982        0.1434
BFGS:   11 13:59:31       -3.830348        0.0856
BFGS:   12 13:59:32       -3.832042        0.0784
BFGS:   13 13:59:32       -3.834076        0.0900
BFGS:   14 13:59:32       -3.834470        0.0828
BFGS:   15 13:59:32       -3.836025        0.1051
BFGS:   16 13:59:32       -3.837125        0.1239
BFGS:   17 13:59:32       -3.837963        0.0913
BFGS:   18 13:59:32       -3.839342        0.1072
BFGS:   19 13:59:32       -3.840272        0.1172
BFGS:   20 13:59:32       -3.841108        0.1351
BFGS:   21 13:59:33       -3.842158        0.1152
BFGS:   22 13:59:33       -3.842728        0.0876
BFGS:   23 13:59:33       -3.843484        0.1257
BFGS:   24 13:59:33       -3.844410        0.1169
BFGS:   25 13:59:33       -3.846252        0.1145
BFGS:   26 13:59:33       -3.848532        0.0855
BFGS:   27 13:59:33       -3.851085        0.0768
BFGS:   28 13:59:33       -3.853308        0.0859
BFGS:   29 13:59:34       -3.855210        0.0979
BFGS:   30 13:59:34       -3.856641        0.1134
BFGS:   31 13:59:34       -3.857346        0.0851
BFGS:   32 13:59:34       -3.857987        0.0985
BFGS:   33 13:59:34       -3.858682        0.0748
BFGS:   34 13:59:34       -3.860201        0.1006
BFGS:   35 13:59:35       -3.862252        0.1194
BFGS:   36 13:59:35       -3.864951        0.0920
BFGS:   37 13:59:35       -3.867353        0.0775
BFGS:   38 13:59:35       -3.869513        0.0719
BFGS:   39 13:59:35       -3.871329        0.0856
BFGS:   40 13:59:35       -3.873105        0.0963
BFGS:   41 13:59:35       -3.874644        0.0951
BFGS:   42 13:59:35       -3.875861        0.0701
BFGS:   43 13:59:35       -3.877109        0.0590
BFGS:   44 13:59:36       -3.878272        0.0759
BFGS:   45 13:59:36       -3.879945        0.0957
BFGS:   46 13:59:36       -3.881437        0.0881
BFGS:   47 13:59:36       -3.883119        0.1145
BFGS:   48 13:59:36       -3.884109        0.1228
BFGS:   49 13:59:36       -3.885921        0.0952
BFGS:   50 13:59:37       -3.888270        0.0816
BFGS:   51 13:59:37       -3.890276        0.0804
BFGS:   52 13:59:37       -3.892357        0.0795
BFGS:   53 13:59:37       -3.894446        0.1008
BFGS:   54 13:59:37       -3.896027        0.0654
BFGS:   55 13:59:37       -3.897469        0.0649
BFGS:   56 13:59:38       -3.898049        0.0925
BFGS:   57 13:59:38       -3.898999        0.0849
BFGS:   58 13:59:38       -3.899682        0.0585
BFGS:   59 13:59:38       -3.900720        0.0398
      Step     Time          Energy         fmax
BFGS:    0 13:59:38       -3.604389        4.8509
BFGS:    1 13:59:38       -3.804903        2.5582
BFGS:    2 13:59:39       -3.831826        0.8157
BFGS:    3 13:59:39       -3.825647        2.6429
BFGS:    4 13:59:39       -3.829487        0.5315
BFGS:    5 13:59:39       -3.843535        0.3322
BFGS:    6 13:59:39       -3.845040        0.1827
BFGS:    7 13:59:39       -3.843094        0.1169
BFGS:    8 13:59:40       -3.843576        0.1244
BFGS:    9 13:59:40       -3.844718        0.0715
BFGS:   10 13:59:40       -3.845432        0.0754
BFGS:   11 13:59:40       -3.846033        0.0536
BFGS:   12 13:59:40       -3.847450        0.0601
BFGS:   13 13:59:40       -3.847673        0.0656
BFGS:   14 13:59:41       -3.848262        0.0560
BFGS:   15 13:59:41       -3.848653        0.0714
BFGS:   16 13:59:41       -3.849045        0.0598
BFGS:   17 13:59:41       -3.849454        0.0466
      Step     Time          Energy         fmax
BFGS:    0 13:59:41       -3.448475        5.4866
BFGS:    1 13:59:41       -3.739884        2.7364
BFGS:    2 13:59:41       -3.753704        1.7018
BFGS:    3 13:59:42       -3.706504        4.3862
BFGS:    4 13:59:42       -3.755324        0.5354
BFGS:    5 13:59:42       -3.769663        0.3186
BFGS:    6 13:59:42       -3.771451        0.2151
BFGS:    7 13:59:42       -3.768808        0.1245
BFGS:    8 13:59:42       -3.767989        0.1106
BFGS:    9 13:59:42       -3.768131        0.0783
BFGS:   10 13:59:42       -3.769228        0.0717
BFGS:   11 13:59:43       -3.770301        0.0529
BFGS:   12 13:59:43       -3.771876        0.0576
BFGS:   13 13:59:43       -3.771886        0.0700
BFGS:   14 13:59:43       -3.771871        0.0644
BFGS:   15 13:59:43       -3.771811        0.0771
BFGS:   16 13:59:43       -3.771866        0.0715
BFGS:   17 13:59:43       -3.772347        0.0583
BFGS:   18 13:59:44       -3.772943        0.0673
BFGS:   19 13:59:44       -3.773328        0.0872
BFGS:   20 13:59:44       -3.773686        0.0972
BFGS:   21 13:59:44       -3.773816        0.0804
BFGS:   22 13:59:44       -3.773540        0.0496
      Step     Time          Energy         fmax
BFGS:    0 13:59:44       -3.296479        5.8136
BFGS:    1 13:59:44       -3.661963        3.4396
BFGS:    2 13:59:44       -3.650275        2.8634
BFGS:    3 13:59:45       -3.545621        4.6167
BFGS:    4 13:59:45       -3.660311        0.5499
BFGS:    5 13:59:45       -3.677191        0.3459
BFGS:    6 13:59:45       -3.679037        0.2522
BFGS:    7 13:59:45       -3.675327        0.1410
BFGS:    8 13:59:45       -3.674255        0.1226
BFGS:    9 13:59:46       -3.674379        0.1016
BFGS:   10 13:59:46       -3.675955        0.1048
BFGS:   11 13:59:46       -3.677242        0.0523
BFGS:   12 13:59:46       -3.678615        0.0459
      Step     Time          Energy         fmax
BFGS:    0 13:59:46       -3.052961        6.6177
BFGS:    1 13:59:46       -3.553025        4.2100
BFGS:    2 13:59:47       -3.519154        3.6802
BFGS:    3 13:59:47       -3.366778        5.2813
BFGS:    4 13:59:47       -3.534100        0.6303
BFGS:    5 13:59:47       -3.556576        0.4074
BFGS:    6 13:59:47       -3.557910        0.3364
BFGS:    7 13:59:48       -3.552461        0.1758
BFGS:    8 13:59:48       -3.551680        0.1618
BFGS:    9 13:59:48       -3.551588        0.1599
BFGS:   10 13:59:48       -3.553669        0.1734
BFGS:   11 13:59:48       -3.556262        0.0909
BFGS:   12 13:59:48       -3.559074        0.0745
BFGS:   13 13:59:48       -3.559544        0.0901
BFGS:   14 13:59:49       -3.559517        0.0786
BFGS:   15 13:59:49       -3.559375        0.1119
BFGS:   16 13:59:49       -3.559454        0.1152
BFGS:   17 13:59:49       -3.560747        0.0899
BFGS:   18 13:59:49       -3.562208        0.1089
BFGS:   19 13:59:49       -3.563636        0.1238
BFGS:   20 13:59:49       -3.564696        0.1843
BFGS:   21 13:59:49       -3.564282        0.1886
BFGS:   22 13:59:50       -3.563658        0.1109
BFGS:   23 13:59:50       -3.563293        0.0992
BFGS:   24 13:59:50       -3.563377        0.1275
BFGS:   25 13:59:50       -3.564856        0.1590
BFGS:   26 13:59:50       -3.567099        0.1277
BFGS:   27 13:59:50       -3.569288        0.0861
BFGS:   28 13:59:51       -3.571146        0.0878
BFGS:   29 13:59:51       -3.572114        0.1112
BFGS:   30 13:59:51       -3.572085        0.1150
BFGS:   31 13:59:51       -3.571986        0.0872
BFGS:   32 13:59:51       -3.571178        0.0773
BFGS:   33 13:59:51       -3.571972        0.0824
BFGS:   34 13:59:51       -3.572584        0.0737
BFGS:   35 13:59:51       -3.574659        0.1063
BFGS:   36 13:59:52       -3.576540        0.0994
BFGS:   37 13:59:52       -3.578815        0.0703
BFGS:   38 13:59:52       -3.580160        0.0668
BFGS:   39 13:59:52       -3.581737        0.0753
BFGS:   40 13:59:52       -3.582880        0.1021
BFGS:   41 13:59:52       -3.584222        0.0841
BFGS:   42 13:59:52       -3.585312        0.0793
BFGS:   43 13:59:52       -3.586241        0.0850
BFGS:   44 13:59:53       -3.587329        0.0948
BFGS:   45 13:59:53       -3.588557        0.1010
BFGS:   46 13:59:53       -3.590158        0.0750
BFGS:   47 13:59:53       -3.591994        0.0758
BFGS:   48 13:59:53       -3.594006        0.0788
BFGS:   49 13:59:53       -3.596298        0.0868
BFGS:   50 13:59:53       -3.598492        0.0940
BFGS:   51 13:59:54       -3.600795        0.0982
BFGS:   52 13:59:54       -3.602783        0.0885
BFGS:   53 13:59:54       -3.604756        0.0872
BFGS:   54 13:59:54       -3.606339        0.0764
BFGS:   55 13:59:54       -3.607858        0.0767
BFGS:   56 13:59:54       -3.609357        0.0643
BFGS:   57 13:59:54       -3.610937        0.0707
BFGS:   58 13:59:55       -3.612533        0.0712
BFGS:   59 13:59:55       -3.613881        0.0609
BFGS:   60 13:59:55       -3.615055        0.0567
BFGS:   61 13:59:55       -3.615978        0.0635
BFGS:   62 13:59:55       -3.616898        0.0894
BFGS:   63 13:59:56       -3.617874        0.0797
BFGS:   64 13:59:56       -3.619164        0.0544
BFGS:   65 13:59:56       -3.620645        0.0541
BFGS:   66 13:59:56       -3.622256        0.0682
BFGS:   67 13:59:56       -3.623702        0.0797
BFGS:   68 13:59:56       -3.625021        0.0806
BFGS:   69 13:59:56       -3.626256        0.0677
BFGS:   70 13:59:57       -3.627352        0.0677
BFGS:   71 13:59:57       -3.628386        0.0759
BFGS:   72 13:59:57       -3.629536        0.0653
BFGS:   73 13:59:57       -3.630912        0.0733
BFGS:   74 13:59:57       -3.632548        0.0766
BFGS:   75 13:59:57       -3.633654        0.0567
BFGS:   76 13:59:58       -3.635158        0.0590
BFGS:   77 13:59:58       -3.634824        0.0639
BFGS:   78 13:59:58       -3.635667        0.0492
      Step     Time          Energy         fmax
BFGS:    0 13:59:58       -3.220255        4.9784
BFGS:    1 13:59:58       -3.550838        4.7522
BFGS:    2 13:59:58       -3.492135        4.1230
BFGS:    3 13:59:58       -3.423498        3.5398
BFGS:    4 13:59:59       -3.526674        0.4949
BFGS:    5 13:59:59       -3.540658        0.3976
BFGS:    6 13:59:59       -3.537760        0.3681
BFGS:    7 13:59:59       -3.535772        0.1567
BFGS:    8 13:59:59       -3.537840        0.1420
BFGS:    9 13:59:59       -3.539291        0.1229
BFGS:   10 13:59:59       -3.540025        0.1467
BFGS:   11 13:59:59       -3.541268        0.0710
BFGS:   12 14:00:00       -3.542446        0.0571
BFGS:   13 14:00:00       -3.542481        0.0764
BFGS:   14 14:00:00       -3.542908        0.0667
BFGS:   15 14:00:00       -3.543280        0.0804
BFGS:   16 14:00:00       -3.543786        0.0742
BFGS:   17 14:00:00       -3.544497        0.0601
BFGS:   18 14:00:01       -3.545050        0.0654
BFGS:   19 14:00:01       -3.545426        0.0729
BFGS:   20 14:00:01       -3.545762        0.0967
BFGS:   21 14:00:01       -3.545540        0.0900
BFGS:   22 14:00:01       -3.545528        0.0465
      Step     Time          Energy         fmax
BFGS:    0 14:00:02       -3.055273        5.3286
BFGS:    1 14:00:02       -3.464052        5.4313
BFGS:    2 14:00:02       -3.381351        4.5000
BFGS:    3 14:00:02       -3.296837        3.6544
BFGS:    4 14:00:02       -3.419601        0.6009
BFGS:    5 14:00:02       -3.436140        0.4426
BFGS:    6 14:00:02       -3.430831        0.3711
BFGS:    7 14:00:02       -3.427691        0.1532
BFGS:    8 14:00:02       -3.430652        0.1393
BFGS:    9 14:00:03       -3.432619        0.1024
BFGS:   10 14:00:03       -3.432554        0.1283
BFGS:   11 14:00:06       -3.433026        0.0674
BFGS:   12 14:00:08       -3.433625        0.0446
      Step     Time          Energy         fmax
BFGS:    0 14:00:08       -2.822338        5.9521
BFGS:    1 14:00:09       -3.350933        6.2617
BFGS:    2 14:00:09       -3.238330        4.9629
BFGS:    3 14:00:10       -3.127440        3.9890
BFGS:    4 14:00:11       -3.281891        0.6785
BFGS:    5 14:00:11       -3.302997        0.5213
BFGS:    6 14:00:11       -3.295020        0.4124
BFGS:    7 14:00:11       -3.289721        0.1705
BFGS:    8 14:00:12       -3.293734        0.1673
BFGS:    9 14:00:12       -3.297118        0.1416
BFGS:   10 14:00:12       -3.297556        0.1478
BFGS:   11 14:00:12       -3.298471        0.1103
BFGS:   12 14:00:12       -3.299367        0.0749
BFGS:   13 14:00:12       -3.299008        0.0905
BFGS:   14 14:00:12       -3.300129        0.0839
BFGS:   15 14:00:12       -3.300855        0.0931
BFGS:   16 14:00:12       -3.301833        0.0898
BFGS:   17 14:00:12       -3.302815        0.0788
BFGS:   18 14:00:12       -3.303152        0.0942
BFGS:   19 14:00:12       -3.303365        0.0964
BFGS:   20 14:00:13       -3.303387        0.1266
BFGS:   21 14:00:13       -3.302771        0.1308
BFGS:   22 14:00:13       -3.302745        0.0911
BFGS:   23 14:00:13       -3.302600        0.1024
BFGS:   24 14:00:13       -3.303094        0.0968
BFGS:   25 14:00:13       -3.304278        0.1110
BFGS:   26 14:00:13       -3.304991        0.0899
BFGS:   27 14:00:13       -3.305572        0.0624
BFGS:   28 14:00:13       -3.305562        0.0524
BFGS:   29 14:00:13       -3.305544        0.0689
BFGS:   30 14:00:13       -3.305302        0.0717
BFGS:   31 14:00:13       -3.305230        0.0687
BFGS:   32 14:00:13       -3.304996        0.0557
BFGS:   33 14:00:13       -3.305116        0.0506
BFGS:   34 14:00:14       -3.305338        0.0462
      Step     Time          Energy         fmax
BFGS:    0 14:00:14       -2.717660        5.6379
BFGS:    1 14:00:14       -3.245008        7.1483
BFGS:    2 14:00:17       -3.106285        4.6518
BFGS:    3 14:00:18       -3.000049        3.7142
BFGS:    4 14:00:19       -3.154145        0.6826
BFGS:    5 14:00:20       -3.174133        0.5326
BFGS:    6 14:00:20       -3.165964        0.4086
BFGS:    7 14:00:21       -3.160916        0.1698
BFGS:    8 14:00:21       -3.165174        0.1578
BFGS:    9 14:00:21       -3.168657        0.1333
BFGS:   10 14:00:21       -3.168517        0.0979
BFGS:   11 14:00:21       -3.169173        0.0822
BFGS:   12 14:00:21       -3.169363        0.0634
BFGS:   13 14:00:21       -3.168959        0.0751
BFGS:   14 14:00:21       -3.169850        0.0651
BFGS:   15 14:00:21       -3.170467        0.0525
BFGS:   16 14:00:21       -3.170906        0.0437
      Step     Time          Energy         fmax
BFGS:    0 14:00:21       -2.494000        5.9671
BFGS:    1 14:00:22       -3.120741        7.6494
BFGS:    2 14:00:22       -2.954977        4.7960
BFGS:    3 14:00:22       -2.824994        3.7870
BFGS:    4 14:00:22       -3.000087        0.7341
BFGS:    5 14:00:22       -3.023268        0.6047
BFGS:    6 14:00:22       -3.013098        0.4174
BFGS:    7 14:00:22       -3.005964        0.1753
BFGS:    8 14:00:22       -3.010871        0.1651
BFGS:    9 14:00:22       -3.014918        0.1416
BFGS:   10 14:00:22       -3.014223        0.1012
BFGS:   11 14:00:22       -3.014624        0.0837
BFGS:   12 14:00:22       -3.014209        0.0708
BFGS:   13 14:00:23       -3.013693        0.0865
BFGS:   14 14:00:23       -3.014911        0.0799
BFGS:   15 14:00:23       -3.015921        0.0715
BFGS:   16 14:00:23       -3.016611        0.0667
BFGS:   17 14:00:23       -3.017095        0.0694
BFGS:   18 14:00:23       -3.016830        0.0856
BFGS:   19 14:00:23       -3.016541        0.0881
BFGS:   20 14:00:23       -3.016095        0.1513
BFGS:   21 14:00:23       -3.015760        0.1786
BFGS:   22 14:00:24       -3.015975        0.1026
BFGS:   23 14:00:24       -3.017121        0.0996
BFGS:   24 14:00:24       -3.017817        0.1059
BFGS:   25 14:00:24       -3.019027        0.1462
BFGS:   26 14:00:24       -3.019583        0.1458
BFGS:   27 14:00:25       -3.020197        0.0999
BFGS:   28 14:00:25       -3.020459        0.0934
BFGS:   29 14:00:25       -3.020950        0.1038
BFGS:   30 14:00:25       -3.021302        0.1327
BFGS:   31 14:00:25       -3.021741        0.1191
BFGS:   32 14:00:25       -3.021784        0.1194
BFGS:   33 14:00:26       -3.021824        0.0878
BFGS:   34 14:00:26       -3.022200        0.0913
BFGS:   35 14:00:26       -3.023114        0.0918
BFGS:   36 14:00:26       -3.024869        0.1036
BFGS:   37 14:00:26       -3.026850        0.0895
BFGS:   38 14:00:26       -3.028845        0.0634
BFGS:   39 14:00:27       -3.030574        0.0653
BFGS:   40 14:00:27       -3.032252        0.0865
BFGS:   41 14:00:27       -3.033165        0.0744
BFGS:   42 14:00:27       -3.033932        0.0692
BFGS:   43 14:00:28       -3.034137        0.0670
BFGS:   44 14:00:28       -3.035137        0.0920
BFGS:   45 14:00:28       -3.036615        0.1173
BFGS:   46 14:00:28       -3.039255        0.1001
BFGS:   47 14:00:29       -3.042422        0.1026
BFGS:   48 14:00:29       -3.045916        0.0975
BFGS:   49 14:00:30       -3.048904        0.1002
BFGS:   50 14:00:30       -3.051476        0.1018
BFGS:   51 14:00:30       -3.053770        0.1160
BFGS:   52 14:00:30       -3.056502        0.0995
BFGS:   53 14:00:31       -3.059680        0.0878
BFGS:   54 14:00:31       -3.063041        0.0838
BFGS:   55 14:00:31       -3.066561        0.0997
BFGS:   56 14:00:31       -3.069434        0.1131
BFGS:   57 14:00:31       -3.073503        0.0839
BFGS:   58 14:00:33       -3.074676        0.0943
BFGS:   59 14:00:35       -3.077069        0.0737
BFGS:   60 14:00:36       -3.077460        0.0807
BFGS:   61 14:00:37       -3.078329        0.0738
BFGS:   62 14:00:38       -3.079677        0.0931
BFGS:   63 14:00:38       -3.081518        0.0791
BFGS:   64 14:00:38       -3.083524        0.0631
BFGS:   65 14:00:39       -3.085760        0.0639
BFGS:   66 14:00:39       -3.087884        0.0714
BFGS:   67 14:00:40       -3.089695        0.0759
BFGS:   68 14:00:40       -3.090912        0.1038
BFGS:   69 14:00:40       -3.092199        0.0868
BFGS:   70 14:00:40       -3.093237        0.0835
BFGS:   71 14:00:41       -3.095504        0.1003
BFGS:   72 14:00:41       -3.096652        0.1194
BFGS:   73 14:00:41       -3.099948        0.1061
BFGS:   74 14:00:41       -3.103231        0.0845
BFGS:   75 14:00:41       -3.105060        0.0839
BFGS:   76 14:00:42       -3.106225        0.0873
BFGS:   77 14:00:42       -3.106926        0.0789
BFGS:   78 14:00:42       -3.107695        0.0647
BFGS:   79 14:00:42       -3.109291        0.0634
BFGS:   80 14:00:42       -3.110854        0.0777
BFGS:   81 14:00:43       -3.113219        0.0776
BFGS:   82 14:00:46       -3.114960        0.0701
BFGS:   83 14:00:46       -3.116417        0.0526
BFGS:   84 14:00:47       -3.117242        0.0573
BFGS:   85 14:00:48       -3.118226        0.0465
      Step     Time          Energy         fmax
BFGS:    0 14:00:48       -2.661017        4.2097
BFGS:    1 14:00:49       -3.090872        7.9162
BFGS:    2 14:00:49       -2.971436        2.7732
BFGS:    3 14:00:51       -2.880050        2.2850
BFGS:    4 14:00:51       -2.978218        0.5280
BFGS:    5 14:00:51       -2.995745        0.4594
BFGS:    6 14:00:51       -2.993164        0.2735
BFGS:    7 14:00:52       -2.986782        0.1682
BFGS:    8 14:00:52       -2.986662        0.1330
BFGS:    9 14:00:52       -2.988278        0.0924
BFGS:   10 14:00:52       -2.990717        0.0760
BFGS:   11 14:00:52       -2.993940        0.0704
BFGS:   12 14:00:53       -2.994801        0.0732
BFGS:   13 14:00:53       -2.993862        0.0788
BFGS:   14 14:00:53       -2.992991        0.0635
BFGS:   15 14:00:53       -2.992378        0.0769
BFGS:   16 14:00:55       -2.993106        0.0662
BFGS:   17 14:00:57       -2.995000        0.0630
BFGS:   18 14:00:58       -2.996768        0.0633
BFGS:   19 14:00:59       -2.998055        0.0714
BFGS:   20 14:01:00       -2.998437        0.1219
BFGS:   21 14:01:01       -2.997637        0.0970
BFGS:   22 14:01:02       -2.996701        0.0581
BFGS:   23 14:01:02       -2.996524        0.0686
BFGS:   24 14:01:02       -2.997272        0.0666
BFGS:   25 14:01:02       -2.999309        0.0783
BFGS:   26 14:01:03       -3.001161        0.0609
BFGS:   27 14:01:03       -3.002186        0.0479
      Step     Time          Energy         fmax
BFGS:    0 14:01:03       -2.507159        4.3136
BFGS:    1 14:01:03       -2.977683        8.2858
BFGS:    2 14:01:04       -2.846962        2.6000
BFGS:    3 14:01:04       -2.746989        2.1736
BFGS:    4 14:01:04       -2.845905        0.5413
BFGS:    5 14:01:04       -2.864142        0.4408
BFGS:    6 14:01:04       -2.862896        0.3408
BFGS:    7 14:01:05       -2.856297        0.1710
BFGS:    8 14:01:05       -2.855482        0.1343
BFGS:    9 14:01:05       -2.856786        0.1168
BFGS:   10 14:01:08       -2.859083        0.0848
BFGS:   11 14:01:09       -2.862143        0.0606
BFGS:   12 14:01:10       -2.862814        0.0611
BFGS:   13 14:01:10       -2.861569        0.0623
BFGS:   14 14:01:11       -2.860528        0.0476
      Step     Time          Energy         fmax
BFGS:    0 14:01:11       -2.331076        4.4182
BFGS:    1 14:01:12       -2.839273        8.3361
BFGS:    2 14:01:13       -2.694802        2.6057
BFGS:    3 14:01:13       -2.590216        2.1471
BFGS:    4 14:01:14       -2.693627        0.5319
BFGS:    5 14:01:14       -2.710208        0.4052
BFGS:    6 14:01:14       -2.708735        0.3900
BFGS:    7 14:01:14       -2.703558        0.1812
BFGS:    8 14:01:14       -2.703410        0.1577
BFGS:    9 14:01:14       -2.703893        0.1378
BFGS:   10 14:01:14       -2.705693        0.0841
BFGS:   11 14:01:14       -2.709031        0.0756
BFGS:   12 14:01:15       -2.710172        0.0738
BFGS:   13 14:01:15       -2.709107        0.0761
BFGS:   14 14:01:15       -2.708043        0.0609
BFGS:   15 14:01:15       -2.707252        0.0899
BFGS:   16 14:01:15       -2.707709        0.0667
BFGS:   17 14:01:15       -2.709118        0.0694
BFGS:   18 14:01:15       -2.710477        0.0707
BFGS:   19 14:01:15       -2.711198        0.0754
BFGS:   20 14:01:15       -2.710963        0.1066
BFGS:   21 14:01:15       -2.709592        0.1026
BFGS:   22 14:01:16       -2.708135        0.0911
BFGS:   23 14:01:16       -2.707524        0.0670
BFGS:   24 14:01:16       -2.707947        0.0643
BFGS:   25 14:01:16       -2.709315        0.0684
BFGS:   26 14:01:16       -2.710576        0.0580
BFGS:   27 14:01:16       -2.710820        0.0456
      Step     Time          Energy         fmax
BFGS:    0 14:01:16       -2.207160        4.1089
BFGS:    1 14:01:16       -2.680073        8.0133
BFGS:    2 14:01:16       -2.541943        2.2618
BFGS:    3 14:01:19       -2.462116        1.6472
BFGS:    4 14:01:21       -2.538068        0.5392
BFGS:    5 14:01:22       -2.556922        0.2590
BFGS:    6 14:01:23       -2.556043        0.1874
BFGS:    7 14:01:24       -2.551214        0.1769
BFGS:    8 14:01:25       -2.548289        0.1302
BFGS:    9 14:01:25       -2.549047        0.1113
BFGS:   10 14:01:25       -2.552591        0.0745
BFGS:   11 14:01:26       -2.555848        0.0591
BFGS:   12 14:01:26       -2.556692        0.0562
BFGS:   13 14:01:26       -2.554993        0.0534
BFGS:   14 14:01:26       -2.553462        0.0400
      Step     Time          Energy         fmax
BFGS:    0 14:01:26       -2.062960        3.8609
BFGS:    1 14:01:26       -2.477994        6.1548
BFGS:    2 14:01:26       -2.374111        2.1887
BFGS:    3 14:01:26       -2.315416        1.3361
BFGS:    4 14:01:26       -2.378026        0.4741
BFGS:    5 14:01:26       -2.391523        0.3961
BFGS:    6 14:01:26       -2.390089        0.4015
BFGS:    7 14:01:26       -2.383665        0.1626
BFGS:    8 14:01:27       -2.382693        0.1556
BFGS:    9 14:01:27       -2.383734        0.1247
BFGS:   10 14:01:27       -2.386409        0.0936
BFGS:   11 14:01:27       -2.389597        0.0737
BFGS:   12 14:01:27       -2.390812        0.0738
BFGS:   13 14:01:27       -2.389925        0.0752
BFGS:   14 14:01:27       -2.388802        0.0617
BFGS:   15 14:01:30       -2.388258        0.0970
BFGS:   16 14:01:32       -2.389198        0.0828
BFGS:   17 14:01:33       -2.391100        0.0870
BFGS:   18 14:01:33       -2.393307        0.0959
BFGS:   19 14:01:34       -2.394685        0.1003
BFGS:   20 14:01:34       -2.394994        0.1367
BFGS:   21 14:01:35       -2.393859        0.1617
BFGS:   22 14:01:35       -2.392192        0.0976
BFGS:   23 14:01:35       -2.391567        0.0993
BFGS:   24 14:01:35       -2.392205        0.0885
BFGS:   25 14:01:35       -2.394167        0.0927
BFGS:   26 14:01:35       -2.396265        0.0773
BFGS:   27 14:01:35       -2.397011        0.0667
BFGS:   28 14:01:35       -2.396794        0.0532
BFGS:   29 14:01:35       -2.395793        0.0744
BFGS:   30 14:01:35       -2.394927        0.0699
BFGS:   31 14:01:35       -2.394597        0.0577
BFGS:   32 14:01:36       -2.395074        0.0506
BFGS:   33 14:01:36       -2.396038        0.0535
BFGS:   34 14:01:36       -2.397350        0.0703
BFGS:   35 14:01:36       -2.398283        0.0794
BFGS:   36 14:01:36       -2.398786        0.0518
BFGS:   37 14:01:36       -2.398843        0.0529
BFGS:   38 14:01:36       -2.398749        0.0555
BFGS:   39 14:01:36       -2.399297        0.0877
BFGS:   40 14:01:36       -2.400080        0.0919
BFGS:   41 14:01:36       -2.401615        0.0577
BFGS:   42 14:01:36       -2.403070        0.0734
BFGS:   43 14:01:36       -2.404591        0.0740
BFGS:   44 14:01:36       -2.405701        0.0821
BFGS:   45 14:01:36       -2.406462        0.0830
BFGS:   46 14:01:36       -2.407418        0.0876
BFGS:   47 14:01:36       -2.408674        0.0883
BFGS:   48 14:01:36       -2.410691        0.0784
BFGS:   49 14:01:36       -2.412967        0.0792
BFGS:   50 14:01:36       -2.415382        0.0915
BFGS:   51 14:01:37       -2.417869        0.0915
BFGS:   52 14:01:37       -2.419697        0.0871
BFGS:   53 14:01:37       -2.420662        0.0732
BFGS:   54 14:01:37       -2.421032        0.0549
BFGS:   55 14:01:37       -2.421675        0.0693
BFGS:   56 14:01:37       -2.422921        0.0736
BFGS:   57 14:01:37       -2.424788        0.0608
BFGS:   58 14:01:37       -2.426773        0.0621
BFGS:   59 14:01:37       -2.428373        0.0656
BFGS:   60 14:01:37       -2.429242        0.0610
BFGS:   61 14:01:37       -2.429652        0.0588
BFGS:   62 14:01:37       -2.429673        0.0603
BFGS:   63 14:01:37       -2.429871        0.0586
BFGS:   64 14:01:37       -2.430551        0.0548
BFGS:   65 14:01:37       -2.431608        0.0546
BFGS:   66 14:01:37       -2.433177        0.0695
BFGS:   67 14:01:37       -2.434492        0.0836
BFGS:   68 14:01:37       -2.435574        0.0872
BFGS:   69 14:01:37       -2.436263        0.0772
BFGS:   70 14:01:37       -2.436732        0.0779
BFGS:   71 14:01:37       -2.437539        0.0728
BFGS:   72 14:01:37       -2.438447        0.0824
BFGS:   73 14:01:37       -2.440384        0.0786
BFGS:   74 14:01:37       -2.442361        0.0589
BFGS:   75 14:01:38       -2.444172        0.0672
BFGS:   76 14:01:38       -2.445047        0.0586
BFGS:   77 14:01:38       -2.445477        0.0550
BFGS:   78 14:01:38       -2.445611        0.0465
      Step     Time          Energy         fmax
BFGS:    0 14:01:38       -2.153971        2.9873
BFGS:    1 14:01:38       -2.381741        5.1633
BFGS:    2 14:01:38       -2.317210        0.8303
BFGS:    3 14:01:38       -2.323450        0.7118
BFGS:    4 14:01:38       -2.328053        0.3069
BFGS:    5 14:01:38       -2.336245        0.1538
BFGS:    6 14:01:38       -2.334793        0.1407
BFGS:    7 14:01:38       -2.334400        0.0763
BFGS:    8 14:01:38       -2.335579        0.1010
BFGS:    9 14:01:38       -2.336829        0.0691
BFGS:   10 14:01:38       -2.338502        0.0604
BFGS:   11 14:01:38       -2.338655        0.0665
BFGS:   12 14:01:38       -2.338305        0.0644
BFGS:   13 14:01:38       -2.338605        0.0579
BFGS:   14 14:01:38       -2.338946        0.0497
      Step     Time          Energy         fmax
BFGS:    0 14:01:38       -2.105740        2.6060
BFGS:    1 14:01:38       -2.214554        3.1957
BFGS:    2 14:01:38       -2.213202        0.6499
BFGS:    3 14:01:38       -2.224251        0.7229
BFGS:    4 14:01:39       -2.225867        0.4679
BFGS:    5 14:01:39       -2.228526        0.1525
BFGS:    6 14:01:39       -2.230969        0.1096
BFGS:    7 14:01:39       -2.232190        0.0765
BFGS:    8 14:01:39       -2.232466        0.0659
BFGS:    9 14:01:39       -2.232951        0.0597
BFGS:   10 14:01:39       -2.233228        0.0519
BFGS:   11 14:01:39       -2.233545        0.0565
BFGS:   12 14:01:39       -2.234174        0.0652
BFGS:   13 14:01:39       -2.234708        0.0600
BFGS:   14 14:01:39       -2.235380        0.0674
BFGS:   15 14:01:39       -2.236032        0.0579
BFGS:   16 14:01:39       -2.236668        0.0627
BFGS:   17 14:01:39       -2.237345        0.0851
BFGS:   18 14:01:39       -2.237864        0.0567
BFGS:   19 14:01:39       -2.238469        0.0511
BFGS:   20 14:01:39       -2.239270        0.0552
BFGS:   21 14:01:39       -2.239801        0.0523
BFGS:   22 14:01:39       -2.240471        0.0565
BFGS:   23 14:01:39       -2.240883        0.0467
Performing final optimization with tight thresholds...
      Step     Time          Energy         fmax
BFGS:    0 14:01:39       -2.240883        0.0467
Tight optimization complete!
Relaxed scan complete! Trajectory saved to opt.traj. 
Finished in 0 hours, 2 minutes, and 36 seconds
