You need to install the group's fork of aRMSD and put it in your path https://github.mit.edu/MLMat/aRMSD
[ 0.        +529.85098458j  0.          +1.86457799j
  0.          +1.58693899j  0.          +1.49155028j
  1.26491296  +0.j          4.38399263  +0.j
  7.14389561  +0.j         12.15202827  +0.j
 14.27565954  +0.j         20.00164758  +0.j
 23.91944478  +0.j         26.16977513  +0.j
 33.90974394  +0.j         37.87206702  +0.j
 46.59244037  +0.j         53.94133489  +0.j
 55.12409286  +0.j         63.84921057  +0.j
 69.61761265  +0.j         84.65515138  +0.j        ]
Entropy components at T = 298.15 K and P = 101325.0 Pa:
=================================================
                           S               T*S
S_trans (1 bar)    0.0019505 eV/K        0.582 eV
S_rot              0.0016633 eV/K        0.496 eV
S_elec             0.0000000 eV/K        0.000 eV
S_vib              0.0058932 eV/K        1.757 eV
S (1 bar -> P)    -0.0000011 eV/K       -0.000 eV
-------------------------------------------------
S                  0.0095058 eV/K        2.834 eV
=================================================
Enthalpy components at T = 298.15 K:
===============================
E_pot                 -2.621 eV
E_ZPE                  9.139 eV
Cv_trans (0->T)        0.039 eV
Cv_rot (0->T)          0.039 eV
Cv_vib (0->T)          0.803 eV
(C_v -> C_p)           0.026 eV
-------------------------------
H                      7.425 eV
===============================
RMS: 0.014059077948331833, MAX: 0.3501529097557068
RMS: 0.008511068299412727, MAX: 0.21127094328403473
RMS: 0.005864430218935013, MAX: 0.08884080499410629
RMS: 0.007025667000561953, MAX: 0.0869888886809349
RMS: 0.011782522313296795, MAX: 0.13742218911647797
RMS: 0.013579575344920158, MAX: 0.17333154380321503
RMS: 0.010594969615340233, MAX: 0.14236077666282654
RMS: 0.006107270251959562, MAX: 0.1193070188164711
RMS: 0.004246458411216736, MAX: 0.04413579776883125
RMS: 0.003605059115216136, MAX: 0.02435009926557541
RMS: 0.0029560921248048544, MAX: 0.025135155767202377
RMS: 0.002985964994877577, MAX: 0.02080569416284561
RMS: 0.004302082117646933, MAX: 0.0465550422668457
RMS: 0.0032519791275262833, MAX: 0.033404432237148285
RMS: 0.003906368277966976, MAX: 0.05983758717775345
RMS: 0.005465487018227577, MAX: 0.07958314567804337
RMS: 0.0027122648898512125, MAX: 0.02059093676507473
RMS: 0.00388748268596828, MAX: 0.04269103705883026
RMS: 0.0039023456629365683, MAX: 0.02692488580942154
RMS: 0.00276004197075963, MAX: 0.017869291827082634
RMS: 0.001988091040402651, MAX: 0.02344193123281002
RMS: 0.0010977501515299082, MAX: 0.010893909260630608
RMS: 0.0012054110411554575, MAX: 0.008029438555240631
RMS: 0.00199250690639019, MAX: 0.027264371514320374
RMS: 0.002111135283485055, MAX: 0.018528396263718605
RMS: 0.0027390546165406704, MAX: 0.03207748010754585
RMS: 0.0027832735795527697, MAX: 0.02977496199309826
RMS: 0.0025391520466655493, MAX: 0.0366937480866909
RMS: 0.003446591319516301, MAX: 0.042533114552497864
RMS: 0.003340270137414336, MAX: 0.02786187455058098
RMS: 0.003931884188205004, MAX: 0.030281541869044304
RMS: 0.0034016002900898457, MAX: 0.030090542510151863
RMS: 0.0021277503110468388, MAX: 0.029285520315170288
RMS: 0.0018818756798282266, MAX: 0.02357758954167366
RMS: 0.0015212101861834526, MAX: 0.016285136342048645
RMS: 0.003741044783964753, MAX: 0.039019715040922165
RMS: 0.0029649571515619755, MAX: 0.029043501242995262
RMS: 0.003985088784247637, MAX: 0.031036345288157463
RMS: 0.002660385798662901, MAX: 0.02870321273803711
RMS: 0.0038628126494586468, MAX: 0.04054202511906624
RMS: 0.001788597204722464, MAX: 0.017556069418787956
RMS: 0.0038726902566850185, MAX: 0.04546457156538963
RMS: 0.002278228523209691, MAX: 0.02616574987769127
RMS: 0.0030751721933484077, MAX: 0.041439276188611984
RMS: 0.0010700630955398083, MAX: 0.006371101830154657
RMS: 0.0031247474253177643, MAX: 0.04027600958943367
RMS: 0.0015405580634251237, MAX: 0.013561565428972244
RMS: 0.00259071565233171, MAX: 0.02273588813841343
RMS: 0.0013856847072020173, MAX: 0.009693288244307041
RMS: 0.002540634013712406, MAX: 0.022375239059329033
RMS: 0.001884288853034377, MAX: 0.01672600954771042
RMS: 0.0022946062963455915, MAX: 0.018991312012076378
RMS: 0.0019439812749624252, MAX: 0.020756032317876816
RMS: 0.0026196043472737074, MAX: 0.030088374391198158
RMS: 0.0025597703643143177, MAX: 0.030726714059710503
RMS: 0.0025594260077923536, MAX: 0.015738235786557198
RMS: 0.0011069664033129811, MAX: 0.011445446871221066
RMS: 0.002069490496069193, MAX: 0.020400486886501312
RMS: 0.002189441118389368, MAX: 0.022297397255897522
RMS: 0.0026126003358513117, MAX: 0.02608352340757847
RMS: 0.002875305712223053, MAX: 0.030409706756472588
RMS: 0.002027612179517746, MAX: 0.02068760059773922
RMS: 0.0011063957354053855, MAX: 0.008907820098102093
RMS: 0.0019131756853312254, MAX: 0.018141668289899826
RMS: 0.0012060829903930426, MAX: 0.007269186433404684
RMS: 0.0010812267428264022, MAX: 0.0076105608604848385
RMS: 0.0005803878302685916, MAX: 0.002975044772028923
Optimization converged!
Eigenvector following terminated normally.
[ 0.        +5.52255500e+02j  0.        +1.31050942e+00j
  0.        +9.48930725e-01j  0.        +8.52304692e-01j
  0.        +6.10063968e-01j  0.        +3.44367382e-01j
  0.61360419+0.00000000e+00j 10.69381717+0.00000000e+00j
 13.92340574+0.00000000e+00j 19.8626654 +0.00000000e+00j
 22.97386221+0.00000000e+00j 26.38073232+0.00000000e+00j
 34.12419215+0.00000000e+00j 37.06185826+0.00000000e+00j
 45.59602366+0.00000000e+00j 53.03676348+0.00000000e+00j
 54.79385944+0.00000000e+00j 65.11024079+0.00000000e+00j
 70.98182254+0.00000000e+00j 86.46242791+0.00000000e+00j]
Flipping all imaginary frequencies except the lowest one
Entropy components at T = 298.15 K and P = 101325.0 Pa:
=================================================
                           S               T*S
S_trans (1 bar)    0.0019505 eV/K        0.582 eV
S_rot              0.0016643 eV/K        0.496 eV
S_elec             0.0000000 eV/K        0.000 eV
S_vib              0.0059075 eV/K        1.761 eV
S (1 bar -> P)    -0.0000011 eV/K       -0.000 eV
-------------------------------------------------
S                  0.0095211 eV/K        2.839 eV
=================================================
Enthalpy components at T = 298.15 K:
===============================
E_pot                 -2.625 eV
E_ZPE                  9.135 eV
Cv_trans (0->T)        0.039 eV
Cv_rot (0->T)          0.039 eV
Cv_vib (0->T)          0.804 eV
(C_v -> C_p)           0.026 eV
-------------------------------
H                      7.417 eV
===============================
