You need to install the group's fork of aRMSD and put it in your path https://github.mit.edu/MLMat/aRMSD
[ 0.        +4.01863504e+02j  0.        +5.60096065e+00j
  0.        +8.08948738e-01j  0.        +7.16542385e-01j
  0.        +3.31565068e-01j  5.89517287+0.00000000e+00j
  6.41386124+0.00000000e+00j 16.48283305+0.00000000e+00j
 22.10982377+0.00000000e+00j 24.55301643+0.00000000e+00j
 26.92645566+0.00000000e+00j 30.88204397+0.00000000e+00j
 36.98817884+0.00000000e+00j 41.52513717+0.00000000e+00j
 47.15121707+0.00000000e+00j 48.41860004+0.00000000e+00j
 58.78732791+0.00000000e+00j 65.93884658+0.00000000e+00j
 75.23967717+0.00000000e+00j 82.09853034+0.00000000e+00j]
Entropy components at T = 298.15 K and P = 101325.0 Pa:
=================================================
                           S               T*S
S_trans (1 bar)    0.0019477 eV/K        0.581 eV
S_rot              0.0016562 eV/K        0.494 eV
S_elec             0.0000000 eV/K        0.000 eV
S_vib              0.0067239 eV/K        2.005 eV
S (1 bar -> P)    -0.0000011 eV/K       -0.000 eV
-------------------------------------------------
S                  0.0103266 eV/K        3.079 eV
=================================================
Enthalpy components at T = 298.15 K:
===============================
E_pot                 -2.551 eV
E_ZPE                 17.469 eV
Cv_trans (0->T)        0.039 eV
Cv_rot (0->T)          0.039 eV
Cv_vib (0->T)          0.959 eV
(C_v -> C_p)           0.026 eV
-------------------------------
H                     15.980 eV
===============================
RMS: 0.02577655017375946, MAX: 0.6932263374328613
RMS: 0.015861742198467255, MAX: 0.417281836271286
RMS: 0.006608529016375542, MAX: 0.13263821601867676
RMS: 0.006761445198208094, MAX: 0.12173590809106827
RMS: 0.006152551621198654, MAX: 0.11315828561782837
RMS: 0.006224359851330519, MAX: 0.09513761848211288
RMS: 0.006505428347736597, MAX: 0.09448472410440445
RMS: 0.0064865583553910255, MAX: 0.0880272313952446
RMS: 0.005884335841983557, MAX: 0.07272312790155411
RMS: 0.004976639524102211, MAX: 0.04500903561711311
RMS: 0.004019871354103088, MAX: 0.019243719056248665
RMS: 0.00287465937435627, MAX: 0.012619750574231148
RMS: 0.002256222302094102, MAX: 0.019624313339591026
RMS: 0.002448201412335038, MAX: 0.022156376391649246
RMS: 0.0020495932549238205, MAX: 0.031173234805464745
RMS: 0.0017864607507362962, MAX: 0.01636362075805664
RMS: 0.005461128894239664, MAX: 0.10945533215999603
RMS: 0.005294181872159243, MAX: 0.0601135678589344
RMS: 0.005341840907931328, MAX: 0.11734596639871597
RMS: 0.004812741652131081, MAX: 0.09569985419511795
RMS: 0.0038910063449293375, MAX: 0.0799688771367073
RMS: 0.0029530974570661783, MAX: 0.01761113852262497
RMS: 0.0016750823706388474, MAX: 0.008885330520570278
RMS: 0.0007651347550563514, MAX: 0.003246503649279475
Optimization converged!
Eigenvector following terminated normally.
[ 0.        +3.85282348e+02j  0.        +1.91842008e+00j
  0.        +1.55851951e+00j  0.        +7.12950058e-01j
  0.        +5.01120816e-01j  0.        +2.45626815e-01j
  0.40348008+0.00000000e+00j 16.98212159+0.00000000e+00j
 24.49994333+0.00000000e+00j 27.18533659+0.00000000e+00j
 33.16932319+0.00000000e+00j 36.11562864+0.00000000e+00j
 39.41117927+0.00000000e+00j 43.88302989+0.00000000e+00j
 50.40013621+0.00000000e+00j 53.30008663+0.00000000e+00j
 62.93274165+0.00000000e+00j 67.84568199+0.00000000e+00j
 78.20202478+0.00000000e+00j 85.9236091 +0.00000000e+00j]
Flipping all imaginary frequencies except the lowest one
Entropy components at T = 298.15 K and P = 101325.0 Pa:
=================================================
                           S               T*S
S_trans (1 bar)    0.0019477 eV/K        0.581 eV
S_rot              0.0016553 eV/K        0.494 eV
S_elec             0.0000000 eV/K        0.000 eV
S_vib              0.0066065 eV/K        1.970 eV
S (1 bar -> P)    -0.0000011 eV/K       -0.000 eV
-------------------------------------------------
S                  0.0102084 eV/K        3.044 eV
=================================================
Enthalpy components at T = 298.15 K:
===============================
E_pot                 -2.609 eV
E_ZPE                 17.465 eV
Cv_trans (0->T)        0.039 eV
Cv_rot (0->T)          0.039 eV
Cv_vib (0->T)          0.955 eV
(C_v -> C_p)           0.026 eV
-------------------------------
H                     15.914 eV
===============================
