You need to install the group's fork of aRMSD and put it in your path https://github.mit.edu/MLMat/aRMSD
[  0.        +380.28840596j   0.         +13.16948464j
   0.          +8.56289098j   0.          +6.86177424j
   0.          +1.50554463j   0.          +0.78753387j
   5.815731    +0.j          14.69022808  +0.j
  15.92184669  +0.j          25.94109406  +0.j
  41.69363731  +0.j          44.6295338   +0.j
  55.04070373  +0.j          60.83536136  +0.j
  67.41791473  +0.j          77.97386143  +0.j
  83.43120566  +0.j          89.67878776  +0.j
 107.17626306  +0.j         122.27717939  +0.j        ]
Entropy components at T = 298.15 K and P = 101325.0 Pa:
=================================================
                           S               T*S
S_trans (1 bar)    0.0019060 eV/K        0.568 eV
S_rot              0.0016234 eV/K        0.484 eV
S_elec             0.0000000 eV/K        0.000 eV
S_vib              0.0050359 eV/K        1.501 eV
S (1 bar -> P)    -0.0000011 eV/K       -0.000 eV
-------------------------------------------------
S                  0.0085642 eV/K        2.553 eV
=================================================
Enthalpy components at T = 298.15 K:
===============================
E_pot                 -1.382 eV
E_ZPE                 16.667 eV
Cv_trans (0->T)        0.039 eV
Cv_rot (0->T)          0.039 eV
Cv_vib (0->T)          0.725 eV
(C_v -> C_p)           0.026 eV
-------------------------------
H                     16.113 eV
===============================
