You need to install the group's fork of aRMSD and put it in your path https://github.mit.edu/MLMat/aRMSD
[  0.        +6.26996294j   0.        +4.77021237j
   0.        +2.92071454j   0.        +2.23300156j
   0.        +1.74750176j   0.        +1.41028556j
  19.83738261+0.j          38.8336604 +0.j
  51.29938326+0.j          81.59341375+0.j
 120.48384596+0.j         138.59333425+0.j
 229.20618217+0.j         235.4420337 +0.j
 253.83625153+0.j         255.94056567+0.j
 260.14789958+0.j         321.77181536+0.j
 328.07911174+0.j         335.26841253+0.j        ]
Entropy components at T = 298.15 K and P = 101325.0 Pa:
=================================================
                           S               T*S
S_trans (1 bar)    0.0018612 eV/K        0.555 eV
S_rot              0.0014575 eV/K        0.435 eV
S_elec             0.0000000 eV/K        0.000 eV
S_vib              0.0022146 eV/K        0.660 eV
S (1 bar -> P)    -0.0000011 eV/K       -0.000 eV
-------------------------------------------------
S                  0.0055321 eV/K        1.649 eV
=================================================
Enthalpy components at T = 298.15 K:
===============================
E_pot                 -1.663 eV
E_ZPE                  4.005 eV
Cv_trans (0->T)        0.039 eV
Cv_rot (0->T)          0.039 eV
Cv_vib (0->T)          0.340 eV
(C_v -> C_p)           0.026 eV
-------------------------------
H                      2.785 eV
===============================
