You need to install the group's fork of aRMSD and put it in your path https://github.mit.edu/MLMat/aRMSD
[  0.        +520.61819055j   0.          +7.14526963j
   0.          +6.53583023j   0.          +3.66716694j
   0.          +2.48779494j   1.690404    +0.j
   2.38248065  +0.j          26.93470902  +0.j
  49.25541544  +0.j          52.83516765  +0.j
 112.45952386  +0.j         124.34804845  +0.j
 180.26266168  +0.j         206.09016166  +0.j
 223.36457888  +0.j         228.07915036  +0.j
 257.44422564  +0.j         260.9079296   +0.j
 289.95810181  +0.j         340.22452167  +0.j        ]
Entropy components at T = 298.15 K and P = 101325.0 Pa:
=================================================
                           S               T*S
S_trans (1 bar)    0.0018612 eV/K        0.555 eV
S_rot              0.0014765 eV/K        0.440 eV
S_elec             0.0000000 eV/K        0.000 eV
S_vib              0.0021361 eV/K        0.637 eV
S (1 bar -> P)    -0.0000011 eV/K       -0.000 eV
-------------------------------------------------
S                  0.0054726 eV/K        1.632 eV
=================================================
Enthalpy components at T = 298.15 K:
===============================
E_pot                 -0.093 eV
E_ZPE                  3.942 eV
Cv_trans (0->T)        0.039 eV
Cv_rot (0->T)          0.039 eV
Cv_vib (0->T)          0.337 eV
(C_v -> C_p)           0.026 eV
-------------------------------
H                      4.288 eV
===============================
RMS: 0.03126184642314911, MAX: 0.46469688415527344
RMS: 0.011046287603676319, MAX: 0.12621916830539703
RMS: 0.0162392295897007, MAX: 0.21054503321647644
RMS: 0.019664714112877846, MAX: 0.2084987908601761
RMS: 0.01108519732952118, MAX: 0.1411866992712021
RMS: 0.010427518747746944, MAX: 0.09862135350704193
RMS: 0.006765841040760279, MAX: 0.0838189646601677
RMS: 0.005689326208084822, MAX: 0.03642705827951431
RMS: 0.004996585194021463, MAX: 0.025171367451548576
RMS: 0.006561219226568937, MAX: 0.041428957134485245
RMS: 0.0027946329209953547, MAX: 0.021836912259459496
RMS: 0.0030475552193820477, MAX: 0.017355522140860558
RMS: 0.001922194380313158, MAX: 0.011208595708012581
RMS: 0.003762323409318924, MAX: 0.022771120071411133
RMS: 0.0022274621296674013, MAX: 0.015294848009943962
RMS: 0.0018632361898198724, MAX: 0.010342493653297424
RMS: 0.001965415198355913, MAX: 0.012553999200463295
RMS: 0.001520061050541699, MAX: 0.0064315409399569035
RMS: 0.0015225900569930673, MAX: 0.005434777587652206
RMS: 0.0012514697154983878, MAX: 0.004666101187467575
Optimization converged!
Eigenvector following terminated normally.
[  0.        +520.30493993j   0.          +7.11129397j
   0.          +4.15974416j   0.          +3.21902072j
   0.          +2.24032349j   0.          +1.82309324j
   0.          +0.73223932j  27.48444766  +0.j
  48.69313176  +0.j          52.50793249  +0.j
 114.53046084  +0.j         122.71206427  +0.j
 176.77104621  +0.j         204.07653209  +0.j
 222.70977996  +0.j         227.49044815  +0.j
 256.90031218  +0.j         260.20152187  +0.j
 281.07007832  +0.j         339.92350788  +0.j        ]
Flipping all imaginary frequencies except the lowest one
Entropy components at T = 298.15 K and P = 101325.0 Pa:
=================================================
                           S               T*S
S_trans (1 bar)    0.0018612 eV/K        0.555 eV
S_rot              0.0014768 eV/K        0.440 eV
S_elec             0.0000000 eV/K        0.000 eV
S_vib              0.0021436 eV/K        0.639 eV
S (1 bar -> P)    -0.0000011 eV/K       -0.000 eV
-------------------------------------------------
S                  0.0054805 eV/K        1.634 eV
=================================================
Enthalpy components at T = 298.15 K:
===============================
E_pot                 -0.081 eV
E_ZPE                  3.939 eV
Cv_trans (0->T)        0.039 eV
Cv_rot (0->T)          0.039 eV
Cv_vib (0->T)          0.338 eV
(C_v -> C_p)           0.026 eV
-------------------------------
H                      4.299 eV
===============================
