You need to install the group's fork of aRMSD and put it in your path https://github.mit.edu/MLMat/aRMSD
[ 0.        +412.13241782j  0.          +4.87885415j
  0.          +3.94491442j  0.          +3.41418367j
  0.          +2.86669773j  0.          +1.54398392j
  2.17056627  +0.j         19.34273526  +0.j
 21.8653098   +0.j         25.49097921  +0.j
 29.06451668  +0.j         34.84175481  +0.j
 41.27464823  +0.j         51.76573626  +0.j
 60.7432451   +0.j         61.43859861  +0.j
 68.61221026  +0.j         74.72099496  +0.j
 77.92843873  +0.j         83.42560829  +0.j        ]
Entropy components at T = 298.15 K and P = 101325.0 Pa:
=================================================
                           S               T*S
S_trans (1 bar)    0.0019505 eV/K        0.582 eV
S_rot              0.0016515 eV/K        0.492 eV
S_elec             0.0000000 eV/K        0.000 eV
S_vib              0.0055584 eV/K        1.657 eV
S (1 bar -> P)    -0.0000011 eV/K       -0.000 eV
-------------------------------------------------
S                  0.0091592 eV/K        2.731 eV
=================================================
Enthalpy components at T = 298.15 K:
===============================
E_pot                 -3.017 eV
E_ZPE                  9.165 eV
Cv_trans (0->T)        0.039 eV
Cv_rot (0->T)          0.039 eV
Cv_vib (0->T)          0.789 eV
(C_v -> C_p)           0.026 eV
-------------------------------
H                      7.040 eV
===============================
RMS: 0.015223522670567036, MAX: 0.40977105498313904
RMS: 0.0074655781500041485, MAX: 0.21078425645828247
RMS: 0.0036777418572455645, MAX: 0.06064479053020477
RMS: 0.006682116538286209, MAX: 0.1380314975976944
RMS: 0.004658036399632692, MAX: 0.08128485083580017
RMS: 0.007108527235686779, MAX: 0.14757642149925232
RMS: 0.003571096807718277, MAX: 0.08469613641500473
RMS: 0.0038107025902718306, MAX: 0.09406346827745438
RMS: 0.0037948021199554205, MAX: 0.08488275110721588
RMS: 0.0032941007521003485, MAX: 0.07091373950242996
RMS: 0.004161658696830273, MAX: 0.07372414320707321
RMS: 0.0010539536597207189, MAX: 0.018138524144887924
RMS: 0.002191554056480527, MAX: 0.02065994404256344
RMS: 0.0014448154252022505, MAX: 0.033321037888526917
RMS: 0.0018094555707648396, MAX: 0.015664251521229744
RMS: 0.0028775986284017563, MAX: 0.026018334552645683
RMS: 0.0013329660287126899, MAX: 0.013761268928647041
RMS: 0.0008747818064875901, MAX: 0.004936874844133854
Optimization converged!
Eigenvector following terminated normally.
[ 0.        +413.52364484j  0.          +5.63294235j
  0.          +3.01946166j  0.          +1.95999975j
  0.          +1.63646026j  0.          +1.26491484j
  0.          +1.10069546j 17.02435893  +0.j
 18.46581455  +0.j         23.39652621  +0.j
 27.98597903  +0.j         34.49194114  +0.j
 39.10996311  +0.j         50.03140742  +0.j
 58.28594734  +0.j         60.36235687  +0.j
 70.07062985  +0.j         74.29384939  +0.j
 78.18593052  +0.j         85.62201115  +0.j        ]
Flipping all imaginary frequencies except the lowest one
Entropy components at T = 298.15 K and P = 101325.0 Pa:
=================================================
                           S               T*S
S_trans (1 bar)    0.0019505 eV/K        0.582 eV
S_rot              0.0016523 eV/K        0.493 eV
S_elec             0.0000000 eV/K        0.000 eV
S_vib              0.0056098 eV/K        1.673 eV
S (1 bar -> P)    -0.0000011 eV/K       -0.000 eV
-------------------------------------------------
S                  0.0092115 eV/K        2.746 eV
=================================================
Enthalpy components at T = 298.15 K:
===============================
E_pot                 -3.023 eV
E_ZPE                  9.160 eV
Cv_trans (0->T)        0.039 eV
Cv_rot (0->T)          0.039 eV
Cv_vib (0->T)          0.791 eV
(C_v -> C_p)           0.026 eV
-------------------------------
H                      7.031 eV
===============================
