You need to install the group's fork of aRMSD and put it in your path https://github.mit.edu/MLMat/aRMSD
[  0.        +768.31826293j   0.         +14.16835723j
   0.          +5.47932551j   0.          +2.68022416j
   0.          +2.28690508j   0.          +2.11764632j
   4.56480044  +0.j          28.8864825   +0.j
  42.08086411  +0.j          43.17200011  +0.j
  96.99705731  +0.j         108.25051883  +0.j
 189.70148188  +0.j         219.98518559  +0.j
 221.43708863  +0.j         251.5359096   +0.j
 251.91533971  +0.j         253.92644865  +0.j
 300.2376404   +0.j         342.57970742  +0.j        ]
Entropy components at T = 298.15 K and P = 101325.0 Pa:
=================================================
                           S               T*S
S_trans (1 bar)    0.0018612 eV/K        0.555 eV
S_rot              0.0014712 eV/K        0.439 eV
S_elec             0.0000000 eV/K        0.000 eV
S_vib              0.0021657 eV/K        0.646 eV
S (1 bar -> P)    -0.0000011 eV/K       -0.000 eV
-------------------------------------------------
S                  0.0054970 eV/K        1.639 eV
=================================================
Enthalpy components at T = 298.15 K:
===============================
E_pot                 -0.215 eV
E_ZPE                  3.901 eV
Cv_trans (0->T)        0.039 eV
Cv_rot (0->T)          0.039 eV
Cv_vib (0->T)          0.337 eV
(C_v -> C_p)           0.026 eV
-------------------------------
H                      4.126 eV
===============================
RMS: 0.07830487936735153, MAX: 0.9158968329429626
RMS: 0.021234363317489624, MAX: 0.2046910673379898
RMS: 0.02357964776456356, MAX: 0.20052605867385864
RMS: 0.011622418649494648, MAX: 0.06920870393514633
RMS: 0.011142833158373833, MAX: 0.06897972524166107
RMS: 0.007693605497479439, MAX: 0.039424579590559006
RMS: 0.0062910825945436954, MAX: 0.03202567994594574
RMS: 0.0075260973535478115, MAX: 0.03659941256046295
RMS: 0.005821692757308483, MAX: 0.02864467352628708
RMS: 0.0032220641151070595, MAX: 0.0154904555529356
RMS: 0.0038427619729191065, MAX: 0.019218584522604942
RMS: 0.0032220950815826654, MAX: 0.01639905944466591
RMS: 0.00256273802369833, MAX: 0.011589886620640755
RMS: 0.0025171388406306505, MAX: 0.01356858666986227
RMS: 0.0037930102553218603, MAX: 0.023888539522886276
RMS: 0.002349712885916233, MAX: 0.00949949212372303
RMS: 0.0038740113377571106, MAX: 0.012977753765881062
RMS: 0.0026968892198055983, MAX: 0.008899622596800327
RMS: 0.005234425887465477, MAX: 0.020203309133648872
RMS: 0.0023854030296206474, MAX: 0.00976056419312954
RMS: 0.003129212884232402, MAX: 0.01868301071226597
RMS: 0.003072598250582814, MAX: 0.01609194464981556
RMS: 0.0023958273231983185, MAX: 0.01226054597645998
RMS: 0.0011336073512211442, MAX: 0.005688142962753773
RMS: 0.0012212730944156647, MAX: 0.004381532780826092
Optimization converged!
Eigenvector following terminated normally.
[  0.        +933.75846834j   0.          +5.41026976j
   0.          +4.04585696j   0.          +2.78572899j
   0.          +2.14666664j   0.          +1.71983178j
   0.          +1.52900355j  31.31475832  +0.j
  40.78980109  +0.j          41.19752771  +0.j
  95.12995542  +0.j         109.38411544  +0.j
 191.39887025  +0.j         219.1932428   +0.j
 220.50450488  +0.j         250.2354156   +0.j
 251.42829882  +0.j         264.91327739  +0.j
 301.90544692  +0.j         342.19973367  +0.j        ]
Flipping all imaginary frequencies except the lowest one
Entropy components at T = 298.15 K and P = 101325.0 Pa:
=================================================
                           S               T*S
S_trans (1 bar)    0.0018612 eV/K        0.555 eV
S_rot              0.0014718 eV/K        0.439 eV
S_elec             0.0000000 eV/K        0.000 eV
S_vib              0.0021664 eV/K        0.646 eV
S (1 bar -> P)    -0.0000011 eV/K       -0.000 eV
-------------------------------------------------
S                  0.0054982 eV/K        1.639 eV
=================================================
Enthalpy components at T = 298.15 K:
===============================
E_pot                 -0.175 eV
E_ZPE                  3.896 eV
Cv_trans (0->T)        0.039 eV
Cv_rot (0->T)          0.039 eV
Cv_vib (0->T)          0.338 eV
(C_v -> C_p)           0.026 eV
-------------------------------
H                      4.161 eV
===============================
