Optimizing input structure...
      Step     Time          Energy         fmax
BFGS:    0 08:02:09       -1.146948        2.7858
BFGS:    1 08:02:09       -1.477857        1.5153
BFGS:    2 08:02:09       -1.630619        0.8658
BFGS:    3 08:02:09       -1.723126        0.8131
BFGS:    4 08:02:09       -1.750953        0.5368
BFGS:    5 08:02:10       -1.774351        0.3425
BFGS:    6 08:02:10       -1.789075        0.2709
BFGS:    7 08:02:10       -1.796649        0.2213
BFGS:    8 08:02:10       -1.802572        0.2260
BFGS:    9 08:02:10       -1.808497        0.2570
BFGS:   10 08:02:10       -1.814482        0.2039
BFGS:   11 08:02:10       -1.821211        0.1933
BFGS:   12 08:02:10       -1.827516        0.1667
BFGS:   13 08:02:10       -1.832049        0.1518
BFGS:   14 08:02:10       -1.835518        0.1488
BFGS:   15 08:02:10       -1.839384        0.1498
BFGS:   16 08:02:10       -1.844705        0.1593
BFGS:   17 08:02:10       -1.848591        0.1357
BFGS:   18 08:02:10       -1.850672        0.0999
BFGS:   19 08:02:10       -1.852320        0.1032
BFGS:   20 08:02:10       -1.854286        0.1274
BFGS:   21 08:02:10       -1.856770        0.1285
BFGS:   22 08:02:10       -1.858475        0.0933
BFGS:   23 08:02:10       -1.859387        0.0610
BFGS:   24 08:02:10       -1.860153        0.0728
BFGS:   25 08:02:10       -1.861011        0.0686
BFGS:   26 08:02:10       -1.861778        0.0589
BFGS:   27 08:02:11       -1.862328        0.0548
BFGS:   28 08:02:11       -1.862759        0.0442
Optimization complete!
Performing a relaxed scan over 20 steps...
      Step     Time          Energy         fmax
BFGS:    0 08:02:11       -1.756576        3.1364
BFGS:    1 08:02:11       -1.843771        3.6163
BFGS:    2 08:02:11       -1.824472        1.1800
BFGS:    3 08:02:11       -1.835516        0.9259
BFGS:    4 08:02:11       -1.845365        0.2354
BFGS:    5 08:02:11       -1.847510        0.1674
BFGS:    6 08:02:11       -1.848619        0.1865
BFGS:    7 08:02:11       -1.849142        0.0691
BFGS:    8 08:02:11       -1.849502        0.0804
BFGS:    9 08:02:11       -1.850173        0.0991
BFGS:   10 08:02:11       -1.850951        0.0804
BFGS:   11 08:02:11       -1.851691        0.0684
BFGS:   12 08:02:11       -1.852354        0.0807
BFGS:   13 08:02:11       -1.852830        0.0655
BFGS:   14 08:02:11       -1.853217        0.0473
      Step     Time          Energy         fmax
BFGS:    0 08:02:11       -1.682155        3.9524
BFGS:    1 08:02:11       -1.833847        5.4438
BFGS:    2 08:02:12       -1.787961        1.2919
BFGS:    3 08:02:12       -1.798573        1.1590
BFGS:    4 08:02:12       -1.813173        0.2798
BFGS:    5 08:02:12       -1.815522        0.1805
BFGS:    6 08:02:12       -1.816152        0.2085
BFGS:    7 08:02:12       -1.816418        0.0631
BFGS:    8 08:02:12       -1.816473        0.0788
BFGS:    9 08:02:12       -1.816874        0.0987
BFGS:   10 08:02:12       -1.817511        0.0886
BFGS:   11 08:02:12       -1.818262        0.0764
BFGS:   12 08:02:12       -1.819211        0.1062
BFGS:   13 08:02:12       -1.820078        0.1053
BFGS:   14 08:02:12       -1.820815        0.0841
BFGS:   15 08:02:12       -1.821394        0.0702
BFGS:   16 08:02:12       -1.822195        0.0686
BFGS:   17 08:02:12       -1.823272        0.0998
BFGS:   18 08:02:12       -1.824702        0.1177
BFGS:   19 08:02:13       -1.826135        0.0926
BFGS:   20 08:02:13       -1.827546        0.1224
BFGS:   21 08:02:13       -1.828942        0.1245
BFGS:   22 08:02:13       -1.830555        0.1506
BFGS:   23 08:02:13       -1.832876        0.1386
BFGS:   24 08:02:13       -1.835831        0.1375
BFGS:   25 08:02:13       -1.839281        0.1526
BFGS:   26 08:02:13       -1.842166        0.1474
BFGS:   27 08:02:13       -1.844589        0.1320
BFGS:   28 08:02:13       -1.846399        0.1212
BFGS:   29 08:02:13       -1.848267        0.1509
BFGS:   30 08:02:13       -1.850126        0.1479
BFGS:   31 08:02:13       -1.852098        0.1159
BFGS:   32 08:02:13       -1.854332        0.1138
BFGS:   33 08:02:13       -1.856575        0.1635
BFGS:   34 08:02:13       -1.858875        0.1518
BFGS:   35 08:02:14       -1.860555        0.0989
BFGS:   36 08:02:14       -1.862119        0.0795
BFGS:   37 08:02:14       -1.862964        0.1009
BFGS:   38 08:02:14       -1.863972        0.0837
BFGS:   39 08:02:14       -1.865361        0.0867
BFGS:   40 08:02:14       -1.866572        0.0981
BFGS:   41 08:02:14       -1.868563        0.0988
BFGS:   42 08:02:14       -1.870467        0.1161
BFGS:   43 08:02:14       -1.872048        0.0829
BFGS:   44 08:02:14       -1.873197        0.0665
BFGS:   45 08:02:14       -1.874211        0.0718
BFGS:   46 08:02:14       -1.875206        0.0812
BFGS:   47 08:02:14       -1.876283        0.0757
BFGS:   48 08:02:14       -1.877102        0.0433
      Step     Time          Energy         fmax
BFGS:    0 08:02:14       -1.698829        4.0838
BFGS:    1 08:02:14       -1.856730        5.8960
BFGS:    2 08:02:15       -1.808686        1.2906
BFGS:    3 08:02:15       -1.822315        1.1110
BFGS:    4 08:02:15       -1.837141        0.2795
BFGS:    5 08:02:15       -1.839413        0.1893
BFGS:    6 08:02:15       -1.840012        0.1881
BFGS:    7 08:02:15       -1.840210        0.0627
BFGS:    8 08:02:15       -1.840258        0.0720
BFGS:    9 08:02:15       -1.840598        0.0811
BFGS:   10 08:02:15       -1.841110        0.0627
BFGS:   11 08:02:15       -1.841517        0.0494
      Step     Time          Energy         fmax
BFGS:    0 08:02:15       -1.569873        5.0737
BFGS:    1 08:02:15       -1.828562        8.0753
BFGS:    2 08:02:15       -1.742231        1.4232
BFGS:    3 08:02:16       -1.755853        1.3139
BFGS:    4 08:02:16       -1.776223        0.3362
BFGS:    5 08:02:16       -1.778578        0.2096
BFGS:    6 08:02:16       -1.778936        0.2197
BFGS:    7 08:02:16       -1.778980        0.0775
BFGS:    8 08:02:16       -1.778826        0.0777
BFGS:    9 08:02:16       -1.779161        0.0953
BFGS:   10 08:02:16       -1.779824        0.0735
BFGS:   11 08:02:16       -1.780417        0.0647
BFGS:   12 08:02:16       -1.781116        0.0814
BFGS:   13 08:02:16       -1.781529        0.0752
BFGS:   14 08:02:16       -1.781856        0.0546
BFGS:   15 08:02:16       -1.782124        0.0539
BFGS:   16 08:02:16       -1.782507        0.0593
BFGS:   17 08:02:16       -1.782873        0.0728
BFGS:   18 08:02:16       -1.783136        0.0632
BFGS:   19 08:02:17       -1.783221        0.0487
      Step     Time          Energy         fmax
BFGS:    0 08:02:17       -1.441633        5.6324
BFGS:    1 08:02:17       -1.785046        9.5113
BFGS:    2 08:02:17       -1.662623        1.4802
BFGS:    3 08:02:17       -1.674438        1.4031
BFGS:    4 08:02:17       -1.698267        0.3861
BFGS:    5 08:02:17       -1.701141        0.2412
BFGS:    6 08:02:17       -1.701349        0.2386
BFGS:    7 08:02:17       -1.701186        0.0833
BFGS:    8 08:02:17       -1.700915        0.0619
BFGS:    9 08:02:17       -1.701184        0.0610
BFGS:   10 08:02:17       -1.701774        0.0376
      Step     Time          Energy         fmax
BFGS:    0 08:02:17       -1.251391        6.4902
BFGS:    1 08:02:17       -1.731773       11.3488
BFGS:    2 08:02:17       -1.548232        1.6276
BFGS:    3 08:02:17       -1.561415        1.5864
BFGS:    4 08:02:18       -1.592151        0.4258
BFGS:    5 08:02:18       -1.594743        0.2665
BFGS:    6 08:02:18       -1.594667        0.2735
BFGS:    7 08:02:18       -1.594376        0.0999
BFGS:    8 08:02:18       -1.593934        0.0806
BFGS:    9 08:02:18       -1.594230        0.0922
BFGS:   10 08:02:18       -1.595248        0.0681
BFGS:   11 08:02:18       -1.595993        0.0755
BFGS:   12 08:02:18       -1.597141        0.1016
BFGS:   13 08:02:18       -1.597677        0.0996
BFGS:   14 08:02:18       -1.598209        0.0761
BFGS:   15 08:02:18       -1.598490        0.0746
BFGS:   16 08:02:18       -1.599044        0.0791
BFGS:   17 08:02:18       -1.599547        0.1065
BFGS:   18 08:02:18       -1.599980        0.1148
BFGS:   19 08:02:18       -1.600139        0.0871
BFGS:   20 08:02:19       -1.600226        0.1002
BFGS:   21 08:02:19       -1.600605        0.0977
BFGS:   22 08:02:19       -1.600963        0.0776
BFGS:   23 08:02:19       -1.602031        0.0629
BFGS:   24 08:02:19       -1.602975        0.0869
BFGS:   25 08:02:19       -1.604210        0.0999
BFGS:   26 08:02:19       -1.604526        0.0703
BFGS:   27 08:02:19       -1.604939        0.0750
BFGS:   28 08:02:19       -1.604939        0.1070
BFGS:   29 08:02:19       -1.605135        0.1010
BFGS:   30 08:02:19       -1.605610        0.0800
BFGS:   31 08:02:19       -1.606251        0.0999
BFGS:   32 08:02:19       -1.607705        0.1473
BFGS:   33 08:02:19       -1.609790        0.1837
BFGS:   34 08:02:19       -1.612521        0.1546
BFGS:   35 08:02:19       -1.614549        0.0799
BFGS:   36 08:02:19       -1.615555        0.0769
BFGS:   37 08:02:19       -1.615995        0.0758
BFGS:   38 08:02:20       -1.616417        0.0793
BFGS:   39 08:02:20       -1.617162        0.0772
BFGS:   40 08:02:20       -1.618214        0.0851
BFGS:   41 08:02:20       -1.619748        0.0816
BFGS:   42 08:02:20       -1.620984        0.0783
BFGS:   43 08:02:20       -1.621817        0.0543
BFGS:   44 08:02:20       -1.622052        0.0439
      Step     Time          Energy         fmax
BFGS:    0 08:02:20       -1.168503        6.5542
BFGS:    1 08:02:20       -1.651622       11.7959
BFGS:    2 08:02:20       -1.470286        1.4560
BFGS:    3 08:02:20       -1.488456        1.3646
BFGS:    4 08:02:20       -1.514716        0.4259
BFGS:    5 08:02:20       -1.517144        0.2917
BFGS:    6 08:02:20       -1.516793        0.2306
BFGS:    7 08:02:20       -1.516153        0.0869
BFGS:    8 08:02:20       -1.515816        0.0655
BFGS:    9 08:02:20       -1.516068        0.0598
BFGS:   10 08:02:21       -1.516759        0.0407
      Step     Time          Energy         fmax
BFGS:    0 08:02:21       -0.961690        7.2313
BFGS:    1 08:02:21       -1.580645       13.1585
BFGS:    2 08:02:21       -1.332366        1.5754
BFGS:    3 08:02:21       -1.354524        1.4927
BFGS:    4 08:02:21       -1.387001        0.4648
BFGS:    5 08:02:21       -1.388715        0.3314
BFGS:    6 08:02:21       -1.388317        0.2371
BFGS:    7 08:02:21       -1.387568        0.1025
BFGS:    8 08:02:21       -1.387128        0.0805
BFGS:    9 08:02:21       -1.387367        0.0737
BFGS:   10 08:02:21       -1.388422        0.0633
BFGS:   11 08:02:21       -1.388948        0.0683
BFGS:   12 08:02:21       -1.389784        0.0824
BFGS:   13 08:02:21       -1.389966        0.0850
BFGS:   14 08:02:21       -1.390180        0.0563
BFGS:   15 08:02:21       -1.390108        0.0678
BFGS:   16 08:02:21       -1.390348        0.0633
BFGS:   17 08:02:21       -1.390201        0.0688
BFGS:   18 08:02:21       -1.390306        0.0671
BFGS:   19 08:02:22       -1.389909        0.0549
BFGS:   20 08:02:22       -1.389813        0.0604
BFGS:   21 08:02:22       -1.389480        0.0502
BFGS:   22 08:02:22       -1.389658        0.0377
      Step     Time          Energy         fmax
BFGS:    0 08:02:22       -0.792892        7.3784
BFGS:    1 08:02:22       -1.478647       13.5117
BFGS:    2 08:02:22       -1.189187        1.5518
BFGS:    3 08:02:22       -1.212389        1.4810
BFGS:    4 08:02:22       -1.246490        0.4921
BFGS:    5 08:02:22       -1.248528        0.3572
BFGS:    6 08:02:22       -1.248104        0.2388
BFGS:    7 08:02:22       -1.247249        0.0994
BFGS:    8 08:02:22       -1.246757        0.0640
BFGS:    9 08:02:22       -1.246993        0.0476
      Step     Time          Energy         fmax
BFGS:    0 08:02:22       -0.565144        7.8884
BFGS:    1 08:02:22       -1.382597       14.6179
BFGS:    2 08:02:22       -1.019059        1.6622
BFGS:    3 08:02:22       -1.044474        1.5558
BFGS:    4 08:02:22       -1.083921        0.5366
BFGS:    5 08:02:22       -1.085258        0.3881
BFGS:    6 08:02:22       -1.085044        0.2481
BFGS:    7 08:02:23       -1.084427        0.1216
BFGS:    8 08:02:23       -1.084070        0.0791
BFGS:    9 08:02:23       -1.084498        0.0681
BFGS:   10 08:02:23       -1.086033        0.0652
BFGS:   11 08:02:23       -1.086664        0.0687
BFGS:   12 08:02:23       -1.087817        0.0939
BFGS:   13 08:02:23       -1.088181        0.1055
BFGS:   14 08:02:23       -1.088637        0.0915
BFGS:   15 08:02:23       -1.088941        0.1050
BFGS:   16 08:02:23       -1.089719        0.1112
BFGS:   17 08:02:23       -1.090118        0.1347
BFGS:   18 08:02:23       -1.090622        0.1425
BFGS:   19 08:02:23       -1.090634        0.1167
BFGS:   20 08:02:23       -1.090618        0.1217
BFGS:   21 08:02:23       -1.090956        0.0916
BFGS:   22 08:02:23       -1.091043        0.0710
BFGS:   23 08:02:23       -1.092119        0.0695
BFGS:   24 08:02:23       -1.092867        0.0706
BFGS:   25 08:02:23       -1.094130        0.0904
BFGS:   26 08:02:24       -1.094253        0.0599
BFGS:   27 08:02:24       -1.094440        0.0576
BFGS:   28 08:02:24       -1.093744        0.0654
BFGS:   29 08:02:24       -1.093546        0.0613
BFGS:   30 08:02:24       -1.093342        0.0636
BFGS:   31 08:02:24       -1.093611        0.0822
BFGS:   32 08:02:24       -1.094633        0.1031
BFGS:   33 08:02:24       -1.096151        0.1104
BFGS:   34 08:02:24       -1.098008        0.0897
BFGS:   35 08:02:24       -1.099045        0.0742
BFGS:   36 08:02:24       -1.099430        0.0663
BFGS:   37 08:02:24       -1.099632        0.0729
BFGS:   38 08:02:24       -1.100141        0.0720
BFGS:   39 08:02:24       -1.101096        0.0629
BFGS:   40 08:02:24       -1.102318        0.0654
BFGS:   41 08:02:24       -1.103467        0.0513
BFGS:   42 08:02:24       -1.104138        0.0451
      Step     Time          Energy         fmax
BFGS:    0 08:02:24       -0.441982        7.7776
BFGS:    1 08:02:24       -1.223538       14.0167
BFGS:    2 08:02:25       -0.872512        1.6480
BFGS:    3 08:02:25       -0.910060        1.4044
BFGS:    4 08:02:25       -0.947922        0.5014
BFGS:    5 08:02:25       -0.948617        0.3869
BFGS:    6 08:02:25       -0.947791        0.2131
BFGS:    7 08:02:25       -0.946218        0.1043
BFGS:    8 08:02:25       -0.945755        0.0665
BFGS:    9 08:02:25       -0.945972        0.0467
      Step     Time          Energy         fmax
BFGS:    0 08:02:25       -0.237035        8.0293
BFGS:    1 08:02:25       -1.071126       13.1295
BFGS:    2 08:02:25       -0.678400        1.7097
BFGS:    3 08:02:25       -0.719772        1.5071
BFGS:    4 08:02:25       -0.761904        0.5766
BFGS:    5 08:02:25       -0.764046        0.4119
BFGS:    6 08:02:25       -0.761889        0.2633
BFGS:    7 08:02:26       -0.757719        0.1287
BFGS:    8 08:02:26       -0.758303        0.0762
BFGS:    9 08:02:26       -0.759743        0.0764
BFGS:   10 08:02:26       -0.761648        0.0803
BFGS:   11 08:02:26       -0.762247        0.0641
BFGS:   12 08:02:26       -0.762970        0.0832
BFGS:   13 08:02:26       -0.763120        0.0934
BFGS:   14 08:02:26       -0.763349        0.0818
BFGS:   15 08:02:26       -0.763486        0.0779
BFGS:   16 08:02:26       -0.764175        0.0937
BFGS:   17 08:02:26       -0.764392        0.1007
BFGS:   18 08:02:26       -0.764874        0.1000
BFGS:   19 08:02:26       -0.764718        0.0789
BFGS:   20 08:02:26       -0.764582        0.0755
BFGS:   21 08:02:26       -0.764526        0.0655
BFGS:   22 08:02:27       -0.764406        0.0622
BFGS:   23 08:02:27       -0.765110        0.0591
BFGS:   24 08:02:27       -0.765680        0.0689
BFGS:   25 08:02:27       -0.766673        0.0752
BFGS:   26 08:02:27       -0.766721        0.0592
BFGS:   27 08:02:27       -0.766638        0.0568
BFGS:   28 08:02:27       -0.765963        0.0692
BFGS:   29 08:02:27       -0.765543        0.0534
BFGS:   30 08:02:27       -0.765239        0.0514
BFGS:   31 08:02:27       -0.765220        0.0561
BFGS:   32 08:02:27       -0.765601        0.0758
BFGS:   33 08:02:27       -0.766188        0.0819
BFGS:   34 08:02:27       -0.766886        0.0669
BFGS:   35 08:02:27       -0.767323        0.0737
BFGS:   36 08:02:27       -0.767636        0.0741
BFGS:   37 08:02:27       -0.767897        0.0772
BFGS:   38 08:02:28       -0.768301        0.0749
BFGS:   39 08:02:28       -0.768772        0.0627
BFGS:   40 08:02:28       -0.769373        0.0551
BFGS:   41 08:02:28       -0.769834        0.0489
      Step     Time          Energy         fmax
BFGS:    0 08:02:28       -0.233945        6.9114
BFGS:    1 08:02:28       -0.860789       10.9387
BFGS:    2 08:02:28       -0.577291        1.3477
BFGS:    3 08:02:28       -0.599278        1.1454
BFGS:    4 08:02:28       -0.624405        0.5441
BFGS:    5 08:02:28       -0.627565        0.3589
BFGS:    6 08:02:28       -0.627749        0.1932
BFGS:    7 08:02:28       -0.628333        0.0886
BFGS:    8 08:02:28       -0.628441        0.0536
BFGS:    9 08:02:28       -0.628595        0.0420
      Step     Time          Energy         fmax
BFGS:    0 08:02:28       -0.119842        6.5888
BFGS:    1 08:02:28       -0.733165       11.2385
BFGS:    2 08:02:28       -0.453865        1.2182
BFGS:    3 08:02:28       -0.471255        1.1067
BFGS:    4 08:02:28       -0.495298        0.5258
BFGS:    5 08:02:28       -0.497468        0.3656
BFGS:    6 08:02:28       -0.496877        0.1964
BFGS:    7 08:02:29       -0.496526        0.0903
BFGS:    8 08:02:29       -0.496669        0.0613
BFGS:    9 08:02:29       -0.497030        0.0553
BFGS:   10 08:02:29       -0.498042        0.0596
BFGS:   11 08:02:29       -0.498570        0.0672
BFGS:   12 08:02:29       -0.499131        0.0882
BFGS:   13 08:02:29       -0.499281        0.0976
BFGS:   14 08:02:29       -0.499395        0.0679
BFGS:   15 08:02:29       -0.499603        0.0761
BFGS:   16 08:02:29       -0.500113        0.0820
BFGS:   17 08:02:29       -0.500539        0.1100
BFGS:   18 08:02:29       -0.500826        0.1104
BFGS:   19 08:02:29       -0.501178        0.0861
BFGS:   20 08:02:29       -0.500798        0.0781
BFGS:   21 08:02:29       -0.501174        0.0549
BFGS:   22 08:02:29       -0.501071        0.0583
BFGS:   23 08:02:29       -0.501712        0.0523
BFGS:   24 08:02:29       -0.502348        0.0634
BFGS:   25 08:02:30       -0.503458        0.0836
BFGS:   26 08:02:30       -0.504136        0.0641
BFGS:   27 08:02:30       -0.504491        0.0611
BFGS:   28 08:02:30       -0.504542        0.0635
BFGS:   29 08:02:30       -0.504375        0.0602
BFGS:   30 08:02:30       -0.504448        0.0493
      Step     Time          Energy         fmax
BFGS:    0 08:02:30       -0.039857        6.1279
BFGS:    1 08:02:30       -0.566957       10.5710
BFGS:    2 08:02:30       -0.329395        1.2793
BFGS:    3 08:02:30       -0.355616        1.0494
BFGS:    4 08:02:30       -0.378095        0.5281
BFGS:    5 08:02:30       -0.380305        0.4172
BFGS:    6 08:02:30       -0.379688        0.1911
BFGS:    7 08:02:30       -0.378583        0.0931
BFGS:    8 08:02:30       -0.378700        0.0554
BFGS:    9 08:02:30       -0.379231        0.0446
      Step     Time          Energy         fmax
BFGS:    0 08:02:30        0.078214        5.8255
BFGS:    1 08:02:31       -0.422942        9.2059
BFGS:    2 08:02:31       -0.197754        1.1498
BFGS:    3 08:02:31       -0.225921        0.9598
BFGS:    4 08:02:31       -0.246375        0.5084
BFGS:    5 08:02:31       -0.249074        0.4082
BFGS:    6 08:02:31       -0.247338        0.1870
BFGS:    7 08:02:31       -0.246080        0.0935
BFGS:    8 08:02:31       -0.246286        0.0684
BFGS:    9 08:02:31       -0.247253        0.0715
BFGS:   10 08:02:31       -0.248487        0.0585
BFGS:   11 08:02:31       -0.249498        0.0744
BFGS:   12 08:02:31       -0.250098        0.0877
BFGS:   13 08:02:31       -0.250161        0.0930
BFGS:   14 08:02:31       -0.250237        0.0705
BFGS:   15 08:02:31       -0.250498        0.0975
BFGS:   16 08:02:31       -0.251390        0.1021
BFGS:   17 08:02:31       -0.252544        0.1314
BFGS:   18 08:02:31       -0.253856        0.1322
BFGS:   19 08:02:31       -0.255155        0.0998
BFGS:   20 08:02:32       -0.255481        0.1130
BFGS:   21 08:02:32       -0.255918        0.0751
BFGS:   22 08:02:32       -0.255741        0.0619
BFGS:   23 08:02:32       -0.256219        0.0709
BFGS:   24 08:02:32       -0.256675        0.0761
BFGS:   25 08:02:32       -0.257680        0.0939
BFGS:   26 08:02:32       -0.258203        0.0710
BFGS:   27 08:02:32       -0.258679        0.0601
BFGS:   28 08:02:32       -0.258836        0.0556
BFGS:   29 08:02:32       -0.258847        0.0446
      Step     Time          Energy         fmax
BFGS:    0 08:02:32        0.073403        4.7965
BFGS:    1 08:02:32       -0.257163        7.0158
BFGS:    2 08:02:32       -0.124924        0.9228
BFGS:    3 08:02:32       -0.144514        0.7482
BFGS:    4 08:02:32       -0.158246        0.3726
BFGS:    5 08:02:32       -0.159802        0.3665
BFGS:    6 08:02:32       -0.160621        0.1848
BFGS:    7 08:02:32       -0.161032        0.0615
BFGS:    8 08:02:32       -0.161471        0.0522
BFGS:    9 08:02:32       -0.161642        0.0610
BFGS:   10 08:02:32       -0.161970        0.0403
      Step     Time          Energy         fmax
BFGS:    0 08:02:33        0.114410        4.2413
BFGS:    1 08:02:33       -0.143556        6.0267
BFGS:    2 08:02:33       -0.046709        0.8936
BFGS:    3 08:02:33       -0.065945        0.6460
BFGS:    4 08:02:33       -0.076685        0.3181
BFGS:    5 08:02:33       -0.079442        0.3257
BFGS:    6 08:02:33       -0.079525        0.3272
BFGS:    7 08:02:33       -0.079712        0.0788
BFGS:    8 08:02:33       -0.080303        0.0822
BFGS:    9 08:02:33       -0.080650        0.1047
BFGS:   10 08:02:33       -0.081330        0.0584
BFGS:   11 08:02:33       -0.081803        0.0746
BFGS:   12 08:02:33       -0.082459        0.0898
BFGS:   13 08:02:33       -0.082987        0.0955
BFGS:   14 08:02:33       -0.083900        0.0823
BFGS:   15 08:02:33       -0.085069        0.1026
BFGS:   16 08:02:33       -0.086690        0.1046
BFGS:   17 08:02:33       -0.088371        0.1374
BFGS:   18 08:02:34       -0.090142        0.1421
BFGS:   19 08:02:34       -0.092062        0.1248
BFGS:   20 08:02:34       -0.093734        0.1087
BFGS:   21 08:02:34       -0.095392        0.0928
BFGS:   22 08:02:34       -0.096218        0.0802
BFGS:   23 08:02:34       -0.097149        0.0807
BFGS:   24 08:02:34       -0.098077        0.0866
BFGS:   25 08:02:34       -0.099352        0.0920
BFGS:   26 08:02:34       -0.100453        0.1068
BFGS:   27 08:02:34       -0.101459        0.0774
BFGS:   28 08:02:34       -0.102446        0.0772
BFGS:   29 08:02:34       -0.103437        0.0720
BFGS:   30 08:02:34       -0.104369        0.0596
BFGS:   31 08:02:34       -0.105111        0.0586
BFGS:   32 08:02:35       -0.105865        0.0694
BFGS:   33 08:02:35       -0.106554        0.0668
BFGS:   34 08:02:35       -0.107064        0.0531
BFGS:   35 08:02:35       -0.107455        0.0470
      Step     Time          Energy         fmax
BFGS:    0 08:02:35        0.050789        3.0941
BFGS:    1 08:02:35       -0.068482        3.4854
BFGS:    2 08:02:35       -0.043930        1.0311
BFGS:    3 08:02:35       -0.060615        0.4829
BFGS:    4 08:02:35       -0.067582        0.2325
BFGS:    5 08:02:35       -0.071636        0.1923
BFGS:    6 08:02:35       -0.071285        0.1723
BFGS:    7 08:02:35       -0.071765        0.0761
BFGS:    8 08:02:35       -0.072146        0.0590
BFGS:    9 08:02:35       -0.072524        0.0371
      Step     Time          Energy         fmax
BFGS:    0 08:02:35        0.036379        2.5098
BFGS:    1 08:02:35       -0.039138        2.4568
BFGS:    2 08:02:35       -0.037526        1.0472
BFGS:    3 08:02:35       -0.048782        1.1580
BFGS:    4 08:02:36       -0.053423        0.4303
BFGS:    5 08:02:36       -0.057312        0.3516
BFGS:    6 08:02:36       -0.058659        0.2238
BFGS:    7 08:02:36       -0.059562        0.0581
BFGS:    8 08:02:36       -0.059942        0.0472
Performing final optimization with tight thresholds...
      Step     Time          Energy         fmax
BFGS:    0 08:02:36       -0.059942        0.0472
Tight optimization complete!
Relaxed scan complete! Trajectory saved to opt.traj. 
Finished in 0 hours, 0 minutes, and 29 seconds
