You need to install the group's fork of aRMSD and put it in your path https://github.mit.edu/MLMat/aRMSD
[ 0.        +6.76079762e+02j  0.        +9.81919135e+00j
  0.        +1.67410649e+00j  0.        +9.68485334e-01j
  0.        +8.70341319e-01j  0.        +3.59639508e-01j
  4.81541445+0.00000000e+00j  6.59859656+0.00000000e+00j
  9.75435221+0.00000000e+00j 20.76973678+0.00000000e+00j
 23.57754009+0.00000000e+00j 25.88071189+0.00000000e+00j
 36.65890302+0.00000000e+00j 41.37140663+0.00000000e+00j
 42.97458621+0.00000000e+00j 49.33258013+0.00000000e+00j
 53.96725194+0.00000000e+00j 74.7775771 +0.00000000e+00j
 78.01208459+0.00000000e+00j 89.23968713+0.00000000e+00j]
Entropy components at T = 298.15 K and P = 101325.0 Pa:
=================================================
                           S               T*S
S_trans (1 bar)    0.0019505 eV/K        0.582 eV
S_rot              0.0016630 eV/K        0.496 eV
S_elec             0.0000000 eV/K        0.000 eV
S_vib              0.0059366 eV/K        1.770 eV
S (1 bar -> P)    -0.0000011 eV/K       -0.000 eV
-------------------------------------------------
S                  0.0095489 eV/K        2.847 eV
=================================================
Enthalpy components at T = 298.15 K:
===============================
E_pot                 -2.861 eV
E_ZPE                  9.131 eV
Cv_trans (0->T)        0.039 eV
Cv_rot (0->T)          0.039 eV
Cv_vib (0->T)          0.795 eV
(C_v -> C_p)           0.026 eV
-------------------------------
H                      7.168 eV
===============================
RMS: 0.0646592378616333, MAX: 1.7128607034683228
RMS: 0.026838984340429306, MAX: 0.4471345543861389
RMS: 0.01612222008407116, MAX: 0.25054043531417847
RMS: 0.021889347583055496, MAX: 0.5441927313804626
RMS: 0.02668001502752304, MAX: 0.642137348651886
RMS: 0.011803683824837208, MAX: 0.16488957405090332
RMS: 0.013898881152272224, MAX: 0.23596587777137756
RMS: 0.02301134169101715, MAX: 0.4594925343990326
RMS: 0.019042490050196648, MAX: 0.3158462643623352
RMS: 0.0062646642327308655, MAX: 0.04955095797777176
RMS: 0.009034259244799614, MAX: 0.11512414366006851
RMS: 0.010872378014028072, MAX: 0.22298508882522583
RMS: 0.003092649858444929, MAX: 0.016202425584197044
RMS: 0.0073249684646725655, MAX: 0.0802822932600975
RMS: 0.004550035577267408, MAX: 0.033950693905353546
RMS: 0.009590760804712772, MAX: 0.07844901829957962
RMS: 0.0064036124385893345, MAX: 0.06703567504882812
RMS: 0.005532766226679087, MAX: 0.05205078795552254
RMS: 0.00480781402438879, MAX: 0.06952489912509918
RMS: 0.004199829883873463, MAX: 0.03491048514842987
RMS: 0.003476240672171116, MAX: 0.030810385942459106
RMS: 0.0025507942773401737, MAX: 0.02783668227493763
RMS: 0.0014270958490669727, MAX: 0.010849876329302788
RMS: 0.001016669673845172, MAX: 0.006657843478024006
RMS: 0.0010922775836661458, MAX: 0.013311061076819897
RMS: 0.0015996289439499378, MAX: 0.024032332003116608
RMS: 0.0015015396056696773, MAX: 0.01811411790549755
RMS: 0.0022617473732680082, MAX: 0.04748095944523811
RMS: 0.0030786122661083937, MAX: 0.05251149833202362
RMS: 0.0007507787086069584, MAX: 0.0031619654037058353
Optimization converged!
Eigenvector following terminated normally.
[ 0.        +9.45139328e+02j  0.        +2.24559249e+00j
  0.        +1.88820662e+00j  0.        +1.14336983e+00j
  0.        +9.04780565e-01j  0.        +5.08635043e-01j
  0.        +4.97856836e-01j  9.05410824+0.00000000e+00j
 13.13658588+0.00000000e+00j 18.36028305+0.00000000e+00j
 23.7985864 +0.00000000e+00j 25.39417093+0.00000000e+00j
 36.05112956+0.00000000e+00j 38.92999609+0.00000000e+00j
 44.27304749+0.00000000e+00j 46.11832968+0.00000000e+00j
 54.83779541+0.00000000e+00j 71.6621643 +0.00000000e+00j
 73.80933175+0.00000000e+00j 86.36941768+0.00000000e+00j]
Flipping all imaginary frequencies except the lowest one
Entropy components at T = 298.15 K and P = 101325.0 Pa:
=================================================
                           S               T*S
S_trans (1 bar)    0.0019505 eV/K        0.582 eV
S_rot              0.0016625 eV/K        0.496 eV
S_elec             0.0000000 eV/K        0.000 eV
S_vib              0.0058779 eV/K        1.752 eV
S (1 bar -> P)    -0.0000011 eV/K       -0.000 eV
-------------------------------------------------
S                  0.0094897 eV/K        2.829 eV
=================================================
Enthalpy components at T = 298.15 K:
===============================
E_pot                 -2.820 eV
E_ZPE                  9.118 eV
Cv_trans (0->T)        0.039 eV
Cv_rot (0->T)          0.039 eV
Cv_vib (0->T)          0.797 eV
(C_v -> C_p)           0.026 eV
-------------------------------
H                      7.198 eV
===============================
