You need to install the group's fork of aRMSD and put it in your path https://github.mit.edu/MLMat/aRMSD
[ 0.        +519.69383565j  0.         +14.51362793j
  0.          +6.40563705j  0.          +1.81249455j
  0.          +1.19843281j  0.          +1.08655117j
  3.23148878  +0.j          3.75526002  +0.j
 19.5449813   +0.j         35.72048071  +0.j
 38.11047907  +0.j         44.08572705  +0.j
 54.86718255  +0.j         59.80897187  +0.j
 60.44056715  +0.j         67.98958237  +0.j
 80.34445918  +0.j         86.38604244  +0.j
 89.03156196  +0.j         98.47614749  +0.j        ]
Entropy components at T = 298.15 K and P = 101325.0 Pa:
=================================================
                           S               T*S
S_trans (1 bar)    0.0019301 eV/K        0.575 eV
S_rot              0.0015942 eV/K        0.475 eV
S_elec             0.0000000 eV/K        0.000 eV
S_vib              0.0055451 eV/K        1.653 eV
S (1 bar -> P)    -0.0000011 eV/K       -0.000 eV
-------------------------------------------------
S                  0.0090683 eV/K        2.704 eV
=================================================
Enthalpy components at T = 298.15 K:
===============================
E_pot                 -4.872 eV
E_ZPE                 15.331 eV
Cv_trans (0->T)        0.039 eV
Cv_rot (0->T)          0.039 eV
Cv_vib (0->T)          0.808 eV
(C_v -> C_p)           0.026 eV
-------------------------------
H                     11.370 eV
===============================
RMS: 0.017183417454361916, MAX: 0.6910935640335083
RMS: 0.011879618279635906, MAX: 0.4702165126800537
RMS: 0.00642338115721941, MAX: 0.19657424092292786
RMS: 0.0049016657285392284, MAX: 0.06866471469402313
RMS: 0.006649344693869352, MAX: 0.1467764675617218
RMS: 0.009119267575442791, MAX: 0.22255611419677734
RMS: 0.01072472333908081, MAX: 0.25689390301704407
RMS: 0.011124867014586926, MAX: 0.25255048274993896
RMS: 0.010498450137674809, MAX: 0.21577754616737366
RMS: 0.009006902575492859, MAX: 0.15390947461128235
RMS: 0.006919603329151869, MAX: 0.08198370784521103
RMS: 0.005134187638759613, MAX: 0.04088243469595909
RMS: 0.005137257277965546, MAX: 0.041519567370414734
RMS: 0.00585591048002243, MAX: 0.06997287273406982
RMS: 0.006205102428793907, MAX: 0.09049291163682938
RMS: 0.005385566037148237, MAX: 0.07044879347085953
RMS: 0.006164564751088619, MAX: 0.08029759675264359
RMS: 0.004070166498422623, MAX: 0.028334496542811394
RMS: 0.0033825323916971684, MAX: 0.01780853234231472
RMS: 0.004460069350898266, MAX: 0.04200402647256851
RMS: 0.0031990164425224066, MAX: 0.025189928710460663
RMS: 0.0027846992015838623, MAX: 0.021840324625372887
RMS: 0.003827229607850313, MAX: 0.04723929986357689
RMS: 0.003593974281102419, MAX: 0.02534833736717701
RMS: 0.0022295762319117785, MAX: 0.02788236364722252
RMS: 0.0027417358942329884, MAX: 0.032018546015024185
RMS: 0.002659342484548688, MAX: 0.0453488826751709
RMS: 0.001819815137423575, MAX: 0.01683710515499115
RMS: 0.002553124213591218, MAX: 0.04031037166714668
RMS: 0.0022518406622111797, MAX: 0.022102659568190575
RMS: 0.0016576149500906467, MAX: 0.022492533549666405
RMS: 0.0010506672551855445, MAX: 0.008796707727015018
RMS: 0.001366665936075151, MAX: 0.014794701710343361
RMS: 0.001583498902618885, MAX: 0.028858916833996773
RMS: 0.0019011624390259385, MAX: 0.03094673715531826
RMS: 0.002724455902352929, MAX: 0.06429719179868698
RMS: 0.001118023064918816, MAX: 0.01347965095192194
RMS: 0.0026951669715344906, MAX: 0.06385205686092377
RMS: 0.0017488322919234633, MAX: 0.03881452977657318
RMS: 0.0016940745990723372, MAX: 0.02122572995722294
RMS: 0.0011447148863226175, MAX: 0.011960000731050968
RMS: 0.0009380189003422856, MAX: 0.00938497669994831
RMS: 0.0008861291571520269, MAX: 0.007065033074468374
RMS: 0.0021689815912395716, MAX: 0.021168822422623634
RMS: 0.0019929043482989073, MAX: 0.018552396446466446
RMS: 0.0029875359032303095, MAX: 0.030322449281811714
RMS: 0.0013105409452691674, MAX: 0.01270133163779974
RMS: 0.004649244714528322, MAX: 0.05448691174387932
RMS: 0.002327694557607174, MAX: 0.02175256609916687
RMS: 0.004252259153872728, MAX: 0.06403538584709167
RMS: 0.0032764216884970665, MAX: 0.049572091549634933
RMS: 0.003340688068419695, MAX: 0.03079017624258995
RMS: 0.0021294369362294674, MAX: 0.03426541015505791
RMS: 0.0015157272573560476, MAX: 0.01197953149676323
RMS: 0.001168569317087531, MAX: 0.00551206711679697
RMS: 0.0012276299530640244, MAX: 0.0128538953140378
RMS: 0.0024631174746900797, MAX: 0.024874132126569748
RMS: 0.0019940363708883524, MAX: 0.01896510273218155
RMS: 0.002925323788076639, MAX: 0.032919276505708694
RMS: 0.0028630446176975965, MAX: 0.033518124371767044
RMS: 0.0024264673702418804, MAX: 0.019845064729452133
RMS: 0.0029033648315817118, MAX: 0.020837120711803436
RMS: 0.0024681631475687027, MAX: 0.02819857932627201
RMS: 0.0018065378535538912, MAX: 0.01575232483446598
RMS: 0.0016414141282439232, MAX: 0.018765268847346306
RMS: 0.0015949379885569215, MAX: 0.01170437689870596
RMS: 0.0015802959678694606, MAX: 0.016918204724788666
RMS: 0.00147137395106256, MAX: 0.011937987990677357
RMS: 0.0009490567026659846, MAX: 0.010282817296683788
RMS: 0.0015928588109090924, MAX: 0.013378491625189781
RMS: 0.003473105141893029, MAX: 0.03551097586750984
RMS: 0.0025756964460015297, MAX: 0.02732582576572895
RMS: 0.0037477181758731604, MAX: 0.04462486132979393
RMS: 0.003034142544493079, MAX: 0.03681749105453491
RMS: 0.0011147934710606933, MAX: 0.011179818771779537
RMS: 0.0021674532908946276, MAX: 0.01589042879641056
RMS: 0.0033164708875119686, MAX: 0.03186868876218796
RMS: 0.0028851060196757317, MAX: 0.030519826337695122
RMS: 0.003654527710750699, MAX: 0.038750484585762024
RMS: 0.0033445314038544893, MAX: 0.02467312477529049
RMS: 0.0014731591800227761, MAX: 0.014003371819853783
RMS: 0.0012835933594033122, MAX: 0.010808135382831097
RMS: 0.0012097322614863515, MAX: 0.012458079494535923
RMS: 0.000981343211606145, MAX: 0.007027089595794678
RMS: 0.0013591814786195755, MAX: 0.011042688973248005
RMS: 0.0010776285780593753, MAX: 0.0062425644136965275
RMS: 0.0008795624598860741, MAX: 0.0051469518803060055
RMS: 0.00041269962093792856, MAX: 0.0029477139469236135
Optimization converged!
Eigenvector following terminated normally.
[ 0.        +5.09832251e+02j  0.        +1.65221640e+00j
  0.        +1.62280930e+00j  0.        +1.28994437e+00j
  0.        +9.64268820e-01j  0.        +7.75585656e-01j
  0.        +4.91594087e-01j 20.1045503 +0.00000000e+00j
 24.21442811+0.00000000e+00j 35.25081008+0.00000000e+00j
 36.51565666+0.00000000e+00j 40.37204436+0.00000000e+00j
 50.86848106+0.00000000e+00j 57.86138306+0.00000000e+00j
 60.38329659+0.00000000e+00j 72.02256871+0.00000000e+00j
 74.35325869+0.00000000e+00j 77.85169527+0.00000000e+00j
 85.13003129+0.00000000e+00j 94.47151704+0.00000000e+00j]
Flipping all imaginary frequencies except the lowest one
Entropy components at T = 298.15 K and P = 101325.0 Pa:
=================================================
                           S               T*S
S_trans (1 bar)    0.0019301 eV/K        0.575 eV
S_rot              0.0015944 eV/K        0.475 eV
S_elec             0.0000000 eV/K        0.000 eV
S_vib              0.0055857 eV/K        1.665 eV
S (1 bar -> P)    -0.0000011 eV/K       -0.000 eV
-------------------------------------------------
S                  0.0091092 eV/K        2.716 eV
=================================================
Enthalpy components at T = 298.15 K:
===============================
E_pot                 -4.890 eV
E_ZPE                 15.312 eV
Cv_trans (0->T)        0.039 eV
Cv_rot (0->T)          0.039 eV
Cv_vib (0->T)          0.815 eV
(C_v -> C_p)           0.026 eV
-------------------------------
H                     11.340 eV
===============================
