You need to install the group's fork of aRMSD and put it in your path https://github.mit.edu/MLMat/aRMSD
[ 0.        +4.24216155j  0.        +3.17882176j  0.        +1.87802114j
  0.        +1.6776644j   0.        +0.90059939j  0.        +0.37222272j
 12.97148639+0.j         15.99052842+0.j         20.47500525+0.j
 24.7079263 +0.j         29.6652301 +0.j         35.46296303+0.j
 38.90083578+0.j         43.93717889+0.j         58.42201521+0.j
 61.49983745+0.j         68.40623115+0.j         72.25697891+0.j
 75.92620088+0.j         88.5746131 +0.j        ]
Entropy components at T = 298.15 K and P = 101325.0 Pa:
=================================================
                           S               T*S
S_trans (1 bar)    0.0019505 eV/K        0.582 eV
S_rot              0.0016578 eV/K        0.494 eV
S_elec             0.0000000 eV/K        0.000 eV
S_vib              0.0058456 eV/K        1.743 eV
S (1 bar -> P)    -0.0000011 eV/K       -0.000 eV
-------------------------------------------------
S                  0.0094527 eV/K        2.818 eV
=================================================
Enthalpy components at T = 298.15 K:
===============================
E_pot                 -4.665 eV
E_ZPE                  9.202 eV
Cv_trans (0->T)        0.039 eV
Cv_rot (0->T)          0.039 eV
Cv_vib (0->T)          0.803 eV
(C_v -> C_p)           0.026 eV
-------------------------------
H                      5.443 eV
===============================
