You need to install the group's fork of aRMSD and put it in your path https://github.mit.edu/MLMat/aRMSD
[  0.        +525.76222408j   0.          +5.62881977j
   0.          +4.65482405j   0.          +2.40886763j
   0.          +1.50051126j   2.38908383  +0.j
   2.86122797  +0.j           6.81049932  +0.j
  15.92902959  +0.j          20.15070679  +0.j
  26.65615513  +0.j          38.7933288   +0.j
  48.0611503   +0.j          59.03272798  +0.j
  63.49851505  +0.j          68.09365947  +0.j
  77.42005783  +0.j          90.68355079  +0.j
  95.49368246  +0.j         116.88134933  +0.j        ]
Entropy components at T = 298.15 K and P = 101325.0 Pa:
=================================================
                           S               T*S
S_trans (1 bar)    0.0019060 eV/K        0.568 eV
S_rot              0.0016319 eV/K        0.487 eV
S_elec             0.0000000 eV/K        0.000 eV
S_vib              0.0053060 eV/K        1.582 eV
S (1 bar -> P)    -0.0000011 eV/K       -0.000 eV
-------------------------------------------------
S                  0.0088428 eV/K        2.636 eV
=================================================
Enthalpy components at T = 298.15 K:
===============================
E_pot                  0.733 eV
E_ZPE                 16.254 eV
Cv_trans (0->T)        0.039 eV
Cv_rot (0->T)          0.039 eV
Cv_vib (0->T)          0.746 eV
(C_v -> C_p)           0.026 eV
-------------------------------
H                     17.836 eV
===============================
RMS: 0.006360956467688084, MAX: 0.23281554877758026
RMS: 0.003765340894460678, MAX: 0.11072713136672974
RMS: 0.002286998089402914, MAX: 0.033773407340049744
RMS: 0.0014739175094291568, MAX: 0.014617403037846088
RMS: 0.002265089889988303, MAX: 0.019845856353640556
RMS: 0.003017241368070245, MAX: 0.02618112415075302
RMS: 0.0031732639763504267, MAX: 0.027759887278079987
RMS: 0.003111923346295953, MAX: 0.023323986679315567
RMS: 0.0028098553884774446, MAX: 0.015856610611081123
RMS: 0.0026145584415644407, MAX: 0.01725819706916809
RMS: 0.0026435882318764925, MAX: 0.016065586358308792
RMS: 0.0019568109419196844, MAX: 0.012882620096206665
RMS: 0.0029066838324069977, MAX: 0.012124129571020603
RMS: 0.0015880558639764786, MAX: 0.011609050445258617
RMS: 0.0020606257021427155, MAX: 0.01151699386537075
RMS: 0.0013336482224985957, MAX: 0.009417407214641571
RMS: 0.0019376444397494197, MAX: 0.009525169618427753
RMS: 0.001339512993581593, MAX: 0.007864600978791714
RMS: 0.0016578348586335778, MAX: 0.009541911073029041
RMS: 0.0012219914933666587, MAX: 0.006866708397865295
RMS: 0.0017779800109565258, MAX: 0.010567349381744862
RMS: 0.004279566928744316, MAX: 0.025692705065011978
RMS: 0.0030494125094264746, MAX: 0.01895524561405182
RMS: 0.002886333502829075, MAX: 0.020077167078852654
RMS: 0.003011612920090556, MAX: 0.020264822989702225
RMS: 0.0024847073946148157, MAX: 0.01716877520084381
RMS: 0.0011106629390269518, MAX: 0.011124856770038605
RMS: 0.0009636689210310578, MAX: 0.005511047318577766
RMS: 0.0012761533726006746, MAX: 0.012619039975106716
RMS: 0.0015547032235190272, MAX: 0.010419799014925957
RMS: 0.0013132985914126039, MAX: 0.01604921743273735
RMS: 0.0014671944081783295, MAX: 0.013208414427936077
RMS: 0.0011176211992278695, MAX: 0.006004637572914362
RMS: 0.0016122538363561034, MAX: 0.014453296549618244
RMS: 0.0024404863361269236, MAX: 0.01637898199260235
RMS: 0.0008861172827892005, MAX: 0.009984691627323627
RMS: 0.0025206555146723986, MAX: 0.019851522520184517
RMS: 0.0007934356690384448, MAX: 0.0040540145710110664
Optimization converged!
Eigenvector following terminated normally.
[  0.        +5.23176561e+02j   0.        +5.69317509e+00j
   0.        +2.52945866e+00j   0.        +2.11439327e+00j
   0.        +8.68260081e-01j   0.        +5.10730392e-01j
   3.19533397+0.00000000e+00j   7.82670041+0.00000000e+00j
  16.33117431+0.00000000e+00j  19.66219392+0.00000000e+00j
  25.41670416+0.00000000e+00j  39.44737394+0.00000000e+00j
  48.25745303+0.00000000e+00j  60.05370215+0.00000000e+00j
  61.91659752+0.00000000e+00j  66.71146007+0.00000000e+00j
  77.96532662+0.00000000e+00j  88.76401019+0.00000000e+00j
  94.8704713 +0.00000000e+00j 115.95229914+0.00000000e+00j]
Flipping all imaginary frequencies except the lowest one
Entropy components at T = 298.15 K and P = 101325.0 Pa:
=================================================
                           S               T*S
S_trans (1 bar)    0.0019060 eV/K        0.568 eV
S_rot              0.0016320 eV/K        0.487 eV
S_elec             0.0000000 eV/K        0.000 eV
S_vib              0.0052986 eV/K        1.580 eV
S (1 bar -> P)    -0.0000011 eV/K       -0.000 eV
-------------------------------------------------
S                  0.0088355 eV/K        2.634 eV
=================================================
Enthalpy components at T = 298.15 K:
===============================
E_pot                  0.724 eV
E_ZPE                 16.252 eV
Cv_trans (0->T)        0.039 eV
Cv_rot (0->T)          0.039 eV
Cv_vib (0->T)          0.745 eV
(C_v -> C_p)           0.026 eV
-------------------------------
H                     17.824 eV
===============================
