You need to install the group's fork of aRMSD and put it in your path https://github.mit.edu/MLMat/aRMSD
[ 0.        +6.66910368e+02j  0.        +4.25502864e+00j
  0.        +1.23296639e+00j  0.        +1.11484255e+00j
  0.        +4.89648505e-01j  0.91302509+0.00000000e+00j
  5.11617558+0.00000000e+00j 14.26580947+0.00000000e+00j
 21.49344761+0.00000000e+00j 23.09406519+0.00000000e+00j
 26.04943644+0.00000000e+00j 34.39346896+0.00000000e+00j
 37.74990679+0.00000000e+00j 41.18648948+0.00000000e+00j
 50.01503543+0.00000000e+00j 54.21419747+0.00000000e+00j
 62.21470472+0.00000000e+00j 65.24471755+0.00000000e+00j
 68.62305548+0.00000000e+00j 72.89875478+0.00000000e+00j]
Entropy components at T = 298.15 K and P = 101325.0 Pa:
=================================================
                           S               T*S
S_trans (1 bar)    0.0019477 eV/K        0.581 eV
S_rot              0.0016790 eV/K        0.501 eV
S_elec             0.0000000 eV/K        0.000 eV
S_vib              0.0068183 eV/K        2.033 eV
S (1 bar -> P)    -0.0000011 eV/K       -0.000 eV
-------------------------------------------------
S                  0.0104438 eV/K        3.114 eV
=================================================
Enthalpy components at T = 298.15 K:
===============================
E_pot                 -2.593 eV
E_ZPE                 17.344 eV
Cv_trans (0->T)        0.039 eV
Cv_rot (0->T)          0.039 eV
Cv_vib (0->T)          0.970 eV
(C_v -> C_p)           0.026 eV
-------------------------------
H                     15.824 eV
===============================
RMS: 0.027952119708061218, MAX: 1.392987608909607
RMS: 0.015876157209277153, MAX: 0.7129689455032349
RMS: 0.020585888996720314, MAX: 0.9698868989944458
RMS: 0.02375699020922184, MAX: 1.0951982736587524
RMS: 0.021190062165260315, MAX: 0.7594738006591797
RMS: 0.021641038358211517, MAX: 0.8805351853370667
RMS: 0.02131994441151619, MAX: 0.870354413986206
RMS: 0.019950885325670242, MAX: 0.7045376896858215
RMS: 0.0204531978815794, MAX: 0.7511699795722961
RMS: 0.019798757508397102, MAX: 0.45332393050193787
RMS: 0.02233961597084999, MAX: 0.6542784571647644
RMS: 0.025169935077428818, MAX: 0.7487002611160278
RMS: 0.026911692693829536, MAX: 0.6963791251182556
RMS: 0.02479153871536255, MAX: 0.65316241979599
RMS: 0.021985609084367752, MAX: 0.5137494802474976
RMS: 0.02515844814479351, MAX: 0.5763489007949829
RMS: 0.025976860895752907, MAX: 0.635666012763977
RMS: 0.02645150013267994, MAX: 0.629859447479248
RMS: 0.02477497048676014, MAX: 0.619834840297699
RMS: 0.024547487497329712, MAX: 0.6216676235198975
RMS: 0.02820047177374363, MAX: 0.5854858160018921
RMS: 0.02619178779423237, MAX: 0.6342847347259521
RMS: 0.024748848751187325, MAX: 0.8278436660766602
RMS: 0.013604950159788132, MAX: 0.4763580858707428
RMS: 0.026990238577127457, MAX: 0.6678863763809204
RMS: 0.012382854707539082, MAX: 0.336676687002182
RMS: 0.005128786433488131, MAX: 0.16805624961853027
RMS: 0.008203461766242981, MAX: 0.19800369441509247
RMS: 0.004751958884298801, MAX: 0.140396386384964
RMS: 0.0035503797698765993, MAX: 0.06264951825141907
RMS: 0.003166025737300515, MAX: 0.0384988971054554
RMS: 0.0029198364354670048, MAX: 0.047739818692207336
RMS: 0.002839778084307909, MAX: 0.05188828706741333
RMS: 0.002803811337798834, MAX: 0.046010926365852356
RMS: 0.002751035848632455, MAX: 0.0370180681347847
RMS: 0.0026272116228938103, MAX: 0.030730174854397774
RMS: 0.002429853193461895, MAX: 0.02833605743944645
RMS: 0.002284228103235364, MAX: 0.024072108790278435
RMS: 0.002188526326790452, MAX: 0.018457330763339996
RMS: 0.002328449161723256, MAX: 0.01781397871673107
RMS: 0.0024990325327962637, MAX: 0.01730961538851261
RMS: 0.0026660861913114786, MAX: 0.01745622046291828
RMS: 0.0027668930124491453, MAX: 0.016056140884757042
RMS: 0.0027649549301713705, MAX: 0.013397960923612118
RMS: 0.0024818992242217064, MAX: 0.013093862682580948
RMS: 0.0020698935259133577, MAX: 0.014470047317445278
RMS: 0.0020185888279229403, MAX: 0.01291885506361723
RMS: 0.0025644521228969097, MAX: 0.015133324079215527
RMS: 0.001982698682695627, MAX: 0.0136930663138628
RMS: 0.0022914300207048655, MAX: 0.016866207122802734
RMS: 0.0013529766583815217, MAX: 0.0074018510058522224
RMS: 0.001957616535946727, MAX: 0.014993667602539062
RMS: 0.0011195363476872444, MAX: 0.006501656956970692
RMS: 0.0018849428743124008, MAX: 0.017815586179494858
RMS: 0.002495172433555126, MAX: 0.01674974523484707
RMS: 0.0011895325733348727, MAX: 0.010079440660774708
RMS: 0.001790263457223773, MAX: 0.010206896811723709
RMS: 0.001163972308859229, MAX: 0.007630649022758007
RMS: 0.0019480499904602766, MAX: 0.01654915139079094
RMS: 0.0010262116556987166, MAX: 0.008231882937252522
RMS: 0.002117888769134879, MAX: 0.018930111080408096
RMS: 0.0017759811598807573, MAX: 0.015771573409438133
RMS: 0.0013400939060375094, MAX: 0.010037803091108799
RMS: 0.0011285156942903996, MAX: 0.007417263463139534
RMS: 0.0005448316223919392, MAX: 0.0053152781911194324
RMS: 0.0006252308958210051, MAX: 0.004676453769207001
Optimization converged!
Eigenvector following terminated normally.
[ 0.        +8.49955307e+02j  0.        +3.35963990e+00j
  0.        +2.17906311e+00j  0.        +1.44191575e+00j
  0.        +9.21615773e-01j  0.        +8.31094659e-01j
  0.        +6.56888675e-01j 12.04819028+0.00000000e+00j
 19.65877748+0.00000000e+00j 21.08051089+0.00000000e+00j
 25.18288038+0.00000000e+00j 29.95269631+0.00000000e+00j
 34.6202578 +0.00000000e+00j 39.72383895+0.00000000e+00j
 48.89458911+0.00000000e+00j 53.28795156+0.00000000e+00j
 59.96121281+0.00000000e+00j 63.1413936 +0.00000000e+00j
 66.5478495 +0.00000000e+00j 73.21576745+0.00000000e+00j]
Flipping all imaginary frequencies except the lowest one
Entropy components at T = 298.15 K and P = 101325.0 Pa:
=================================================
                           S               T*S
S_trans (1 bar)    0.0019477 eV/K        0.581 eV
S_rot              0.0016786 eV/K        0.500 eV
S_elec             0.0000000 eV/K        0.000 eV
S_vib              0.0068967 eV/K        2.056 eV
S (1 bar -> P)    -0.0000011 eV/K       -0.000 eV
-------------------------------------------------
S                  0.0105219 eV/K        3.137 eV
=================================================
Enthalpy components at T = 298.15 K:
===============================
E_pot                 -2.531 eV
E_ZPE                 17.354 eV
Cv_trans (0->T)        0.039 eV
Cv_rot (0->T)          0.039 eV
Cv_vib (0->T)          0.972 eV
(C_v -> C_p)           0.026 eV
-------------------------------
H                     15.898 eV
===============================
