You need to install the group's fork of aRMSD and put it in your path https://github.mit.edu/MLMat/aRMSD
[  0.        +6.39776666j   0.        +4.42047675j
   0.        +3.33288595j   0.        +3.16359349j
   0.        +2.33669306j   0.        +2.01884872j
  41.13658825+0.j          72.06018387+0.j
  74.39347876+0.j          78.58749537+0.j
 182.29957157+0.j         204.58820548+0.j
 210.32836115+0.j         222.19345803+0.j
 243.42079255+0.j         245.95950921+0.j
 257.38133289+0.j         267.83885708+0.j
 350.64880514+0.j         353.52354423+0.j        ]
Entropy components at T = 298.15 K and P = 101325.0 Pa:
=================================================
                           S               T*S
S_trans (1 bar)    0.0018612 eV/K        0.555 eV
S_rot              0.0014802 eV/K        0.441 eV
S_elec             0.0000000 eV/K        0.000 eV
S_vib              0.0020036 eV/K        0.597 eV
S (1 bar -> P)    -0.0000011 eV/K       -0.000 eV
-------------------------------------------------
S                  0.0053439 eV/K        1.593 eV
=================================================
Enthalpy components at T = 298.15 K:
===============================
E_pot                 -2.010 eV
E_ZPE                  4.080 eV
Cv_trans (0->T)        0.039 eV
Cv_rot (0->T)          0.039 eV
Cv_vib (0->T)          0.328 eV
(C_v -> C_p)           0.026 eV
-------------------------------
H                      2.501 eV
===============================
