[  0.        +722.18870972j   0.          +5.79917976j
   0.          +3.601032j     0.          +2.30009241j
   0.          +1.81360454j   0.          +1.5106196j
   0.          +0.86551453j   1.39576798  +0.j
  14.41459586  +0.j          17.70809403  +0.j
  24.63808977  +0.j          46.40392673  +0.j
  47.63068061  +0.j          55.88710898  +0.j
  61.23644201  +0.j          69.90613525  +0.j
  78.48758646  +0.j          83.98175649  +0.j
  94.10676213  +0.j         109.73697371  +0.j        ]
Entropy components at T = 298.15 K and P = 101325.0 Pa:
=================================================
                           S               T*S
S_trans (1 bar)    0.0019060 eV/K        0.568 eV
S_rot              0.0016320 eV/K        0.487 eV
S_elec             0.0000000 eV/K        0.000 eV
S_vib              0.0053479 eV/K        1.594 eV
S (1 bar -> P)    -0.0000011 eV/K       -0.000 eV
-------------------------------------------------
S                  0.0088849 eV/K        2.649 eV
=================================================
Enthalpy components at T = 298.15 K:
===============================
E_pot                  0.392 eV
E_ZPE                 16.219 eV
Cv_trans (0->T)        0.039 eV
Cv_rot (0->T)          0.039 eV
Cv_vib (0->T)          0.745 eV
(C_v -> C_p)           0.026 eV
-------------------------------
H                     17.459 eV
===============================
Generating forward path to find forward triplet crossing
Found a triplet crossing after 12 steps!
Minimizing average (singlet, triplet) energy while keeping the gap as small as possible
      Step     Time          Energy         fmax
BFGS:    0 12:34:22        0.266295        0.5852
BFGS:    1 12:34:23        0.261591        0.2730
BFGS:    2 12:34:23        0.259131        0.2236
BFGS:    3 12:34:24        0.257058        0.1131
BFGS:    4 12:34:24        0.254840        0.1093
BFGS:    5 12:34:25        0.251053        0.0885
BFGS:    6 12:34:25        0.247466        0.0928
BFGS:    7 12:34:25        0.247201        0.0555
BFGS:    8 12:34:26        0.248175        0.0595
BFGS:    9 12:34:26        0.249855        0.0529
BFGS:   10 12:34:27        0.250462        0.0564
BFGS:   11 12:34:27        0.249812        0.0605
BFGS:   12 12:34:28        0.247494        0.0487
BFGS:   13 12:34:28        0.244780        0.0420
BFGS:   14 12:34:28        0.243146        0.0429
BFGS:   15 12:34:29        0.242632        0.0512
BFGS:   16 12:34:29        0.243339        0.0465
BFGS:   17 12:34:29        0.244476        0.0393
BFGS:   18 12:34:30        0.245161        0.0358
BFGS:   19 12:34:30        0.245025        0.0320
BFGS:   20 12:34:31        0.243923        0.0305
BFGS:   21 12:34:31        0.242374        0.0400
BFGS:   22 12:34:32        0.241202        0.0441
BFGS:   23 12:34:32        0.240788        0.0411
BFGS:   24 12:34:32        0.241245        0.0320
BFGS:   25 12:34:33        0.242156        0.0301
BFGS:   26 12:34:33        0.242881        0.0346
BFGS:   27 12:34:34        0.242745        0.0360
BFGS:   28 12:34:34        0.241752        0.0284
BFGS:   29 12:34:34        0.240264        0.0326
BFGS:   30 12:34:35        0.238912        0.0280
BFGS:   31 12:34:35        0.238392        0.0309
BFGS:   32 12:34:36        0.238874        0.0302
BFGS:   33 12:34:36        0.239870        0.0295
BFGS:   34 12:34:36        0.240717        0.0324
BFGS:   35 12:34:37        0.240821        0.0391
BFGS:   36 12:34:37        0.240006        0.0310
BFGS:   37 12:34:37        0.238523        0.0293
BFGS:   38 12:34:38        0.236922        0.0302
BFGS:   39 12:34:38        0.236012        0.0366
BFGS:   40 12:34:38        0.236412        0.0326
BFGS:   41 12:34:39        0.237475        0.0200
BFGS:   42 12:34:39        0.238380        0.0235
BFGS:   43 12:34:40        0.238844        0.0253
BFGS:   44 12:34:40        0.238620        0.0225
BFGS:   45 12:34:40        0.237771        0.0170
BFGS:   46 12:34:41        0.236858        0.0169
BFGS:   47 12:34:41        0.236276        0.0177
BFGS:   48 12:34:42        0.236194        0.0165
BFGS:   49 12:34:42        0.236609        0.0126
BFGS:   50 12:34:42        0.237181        0.0118
BFGS:   51 12:34:43        0.237591        0.0155
BFGS:   52 12:34:43        0.237679        0.0181
BFGS:   53 12:34:44        0.237354        0.0158
BFGS:   54 12:34:44        0.236711        0.0151
BFGS:   55 12:34:44        0.235943        0.0167
BFGS:   56 12:34:45        0.235283        0.0261
BFGS:   57 12:34:45        0.235063        0.0313
BFGS:   58 12:34:45        0.235478        0.0277
BFGS:   59 12:34:46        0.236224        0.0172
BFGS:   60 12:34:46        0.236780        0.0229
BFGS:   61 12:34:47        0.236836        0.0276
BFGS:   62 12:34:47        0.236314        0.0212
BFGS:   63 12:34:47        0.235540        0.0162
BFGS:   64 12:34:48        0.234928        0.0171
BFGS:   65 12:34:48        0.234683        0.0151
BFGS:   66 12:34:48        0.234856        0.0146
BFGS:   67 12:34:49        0.235263        0.0106
BFGS:   68 12:34:49        0.235610        0.0087
BFGS:   69 12:34:49        0.235750        0.0125
BFGS:   70 12:34:50        0.235614        0.0152
BFGS:   71 12:34:50        0.235246        0.0119
BFGS:   72 12:34:51        0.234863        0.0096
BFGS:   73 12:34:51        0.234664        0.0089
BFGS:   74 12:34:51        0.234699        0.0121
BFGS:   75 12:34:52        0.234913        0.0116
BFGS:   76 12:34:52        0.235181        0.0102
BFGS:   77 12:34:52        0.235365        0.0123
BFGS:   78 12:34:53        0.235336        0.0128
BFGS:   79 12:34:53        0.235067        0.0122
BFGS:   80 12:34:53        0.234677        0.0126
BFGS:   81 12:34:54        0.234324        0.0148
BFGS:   82 12:34:54        0.234138        0.0176
BFGS:   83 12:34:55        0.234216        0.0140
BFGS:   84 12:34:55        0.234499        0.0115
BFGS:   85 12:34:55        0.234768        0.0112
BFGS:   86 12:34:56        0.234863        0.0124
BFGS:   87 12:34:56        0.234740        0.0125
BFGS:   88 12:34:56        0.234449        0.0130
BFGS:   89 12:34:57        0.234156        0.0104
BFGS:   90 12:34:57        0.234001        0.0086
BFGS:   91 12:34:58        0.234021        0.0099
BFGS:   92 12:34:58        0.234176        0.0103
BFGS:   93 12:34:58        0.234359        0.0090
BFGS:   94 12:34:59        0.234450        0.0103
BFGS:   95 12:34:59        0.234395        0.0086
BFGS:   96 12:34:59        0.234211        0.0110
BFGS:   97 12:35:00        0.233971        0.0115
BFGS:   98 12:35:00        0.233793        0.0127
BFGS:   99 12:35:00        0.233766        0.0110
BFGS:  100 12:35:01        0.233889        0.0082
BFGS:  101 12:35:01        0.234057        0.0075
BFGS:  102 12:35:02        0.234167        0.0079
BFGS:  103 12:35:02        0.234162        0.0076
BFGS:  104 12:35:02        0.234040        0.0092
BFGS:  105 12:35:03        0.233845        0.0089
BFGS:  106 12:35:03        0.233667        0.0086
BFGS:  107 12:35:04        0.233578        0.0112
BFGS:  108 12:35:04        0.233606        0.0112
BFGS:  109 12:35:04        0.233742        0.0140
BFGS:  110 12:35:05        0.233912        0.0130
BFGS:  111 12:35:05        0.233988        0.0134
BFGS:  112 12:35:06        0.233881        0.0109
BFGS:  113 12:35:06        0.233629        0.0105
BFGS:  114 12:35:06        0.233343        0.0117
BFGS:  115 12:35:07        0.233114        0.0160
BFGS:  116 12:35:07        0.233023        0.0154
BFGS:  117 12:35:07        0.233105        0.0137
BFGS:  118 12:35:08        0.233296        0.0122
BFGS:  119 12:35:08        0.233448        0.0125
BFGS:  120 12:35:09        0.233447        0.0151
BFGS:  121 12:35:09        0.233284        0.0115
BFGS:  122 12:35:10        0.233035        0.0105
BFGS:  123 12:35:10        0.232817        0.0096
BFGS:  124 12:35:10        0.232722        0.0113
BFGS:  125 12:35:11        0.232766        0.0109
BFGS:  126 12:35:11        0.232909        0.0122
BFGS:  127 12:35:11        0.233071        0.0112
BFGS:  128 12:35:12        0.233143        0.0116
BFGS:  129 12:35:12        0.233045        0.0141
BFGS:  130 12:35:12        0.232795        0.0130
BFGS:  131 12:35:13        0.232487        0.0116
BFGS:  132 12:35:13        0.232255        0.0134
BFGS:  133 12:35:14        0.232194        0.0162
BFGS:  134 12:35:14        0.232302        0.0121
BFGS:  135 12:35:14        0.232483        0.0111
BFGS:  136 12:35:15        0.232618        0.0098
BFGS:  137 12:35:15        0.232615        0.0143
BFGS:  138 12:35:15        0.232453        0.0150
BFGS:  139 12:35:16        0.232187        0.0123
BFGS:  140 12:35:16        0.231941        0.0120
BFGS:  141 12:35:17        0.231805        0.0130
BFGS:  142 12:35:17        0.231820        0.0148
BFGS:  143 12:35:17        0.231941        0.0179
BFGS:  144 12:35:18        0.232090        0.0153
BFGS:  145 12:35:18        0.232141        0.0134
BFGS:  146 12:35:18        0.232041        0.0174
BFGS:  147 12:35:19        0.231794        0.0174
BFGS:  148 12:35:19        0.231480        0.0200
BFGS:  149 12:35:20        0.231191        0.0183
BFGS:  150 12:35:20        0.231106        0.0162
BFGS:  151 12:35:20        0.231194        0.0168
BFGS:  152 12:35:21        0.231393        0.0176
BFGS:  153 12:35:21        0.231484        0.0107
BFGS:  154 12:35:22        0.231464        0.0107
BFGS:  155 12:35:22        0.231298        0.0136
BFGS:  156 12:35:22        0.231069        0.0124
BFGS:  157 12:35:23        0.230854        0.0130
BFGS:  158 12:35:23        0.230757        0.0121
BFGS:  159 12:35:23        0.230808        0.0133
BFGS:  160 12:35:24        0.230947        0.0138
BFGS:  161 12:35:24        0.231084        0.0120
BFGS:  162 12:35:25        0.231120        0.0141
BFGS:  163 12:35:25        0.230989        0.0145
BFGS:  164 12:35:25        0.230732        0.0131
BFGS:  165 12:35:26        0.230450        0.0118
BFGS:  166 12:35:26        0.230212        0.0131
BFGS:  167 12:35:26        0.230106        0.0205
BFGS:  168 12:35:27        0.230186        0.0196
BFGS:  169 12:35:27        0.230344        0.0128
BFGS:  170 12:35:27        0.230458        0.0117
BFGS:  171 12:35:28        0.230446        0.0136
BFGS:  172 12:35:28        0.230296        0.0179
BFGS:  173 12:35:29        0.230045        0.0141
BFGS:  174 12:35:29        0.229818        0.0120
BFGS:  175 12:35:29        0.229674        0.0126
BFGS:  176 12:35:30        0.229650        0.0216
BFGS:  177 12:35:30        0.229720        0.0237
BFGS:  178 12:35:30        0.229813        0.0163
BFGS:  179 12:35:31        0.229821        0.0127
BFGS:  180 12:35:31        0.229719        0.0139
BFGS:  181 12:35:32        0.229526        0.0154
BFGS:  182 12:35:32        0.229350        0.0117
BFGS:  183 12:35:32        0.229247        0.0088
BFGS:  184 12:35:33        0.229236        0.0108
BFGS:  185 12:35:33        0.229278        0.0140
BFGS:  186 12:35:33        0.229348        0.0130
BFGS:  187 12:35:34        0.229360        0.0121
BFGS:  188 12:35:34        0.229298        0.0092
BFGS:  189 12:35:34        0.229160        0.0116
BFGS:  190 12:35:35        0.229021        0.0112
BFGS:  191 12:35:35        0.228925        0.0101
BFGS:  192 12:35:36        0.228916        0.0090
BFGS:  193 12:35:36        0.228964        0.0100
BFGS:  194 12:35:36        0.229034        0.0120
BFGS:  195 12:35:37        0.229067        0.0089
BFGS:  196 12:35:37        0.229034        0.0083
BFGS:  197 12:35:38        0.228938        0.0086
BFGS:  198 12:35:38        0.228804        0.0103
BFGS:  199 12:35:38        0.228684        0.0105
BFGS:  200 12:35:39        0.228627        0.0117
BFGS:  201 12:35:39        0.228660        0.0081
BFGS:  202 12:35:40        0.228732        0.0075
BFGS:  203 12:35:40        0.228790        0.0087
BFGS:  204 12:35:40        0.228789        0.0112
BFGS:  205 12:35:41        0.228724        0.0103
BFGS:  206 12:35:41        0.228609        0.0072
BFGS:  207 12:35:41        0.228498        0.0099
BFGS:  208 12:35:42        0.228417        0.0106
BFGS:  209 12:35:42        0.228414        0.0083
BFGS:  210 12:35:42        0.228462        0.0074
BFGS:  211 12:35:43        0.228525        0.0087
BFGS:  212 12:35:43        0.228547        0.0086
BFGS:  213 12:35:44        0.228521        0.0067
BFGS:  214 12:35:44        0.228440        0.0072
BFGS:  215 12:35:44        0.228358        0.0071
BFGS:  216 12:35:45        0.228286        0.0076
BFGS:  217 12:35:45        0.228258        0.0081
BFGS:  218 12:35:45        0.228278        0.0059
BFGS:  219 12:35:46        0.228330        0.0055
BFGS:  220 12:35:46        0.228362        0.0045
Generating backward path to find backward triplet crossing
Found a triplet crossing after 15 steps!
Minimizing average (singlet, triplet) energy while keeping the gap as small as possible
      Step     Time          Energy         fmax
BFGS:    0 12:35:50        0.216963        0.4387
BFGS:    1 12:35:50        0.210414        0.2409
BFGS:    2 12:35:51        0.204045        0.2020
BFGS:    3 12:35:51        0.201017        0.1549
BFGS:    4 12:35:51        0.199392        0.0914
BFGS:    5 12:35:52        0.197419        0.0880
BFGS:    6 12:35:52        0.195811        0.1142
BFGS:    7 12:35:52        0.194940        0.0530
BFGS:    8 12:35:53        0.194424        0.0451
BFGS:    9 12:35:53        0.194013        0.0430
BFGS:   10 12:35:53        0.193662        0.0484
BFGS:   11 12:35:54        0.193274        0.0581
BFGS:   12 12:35:54        0.192887        0.0554
BFGS:   13 12:35:55        0.192517        0.0378
BFGS:   14 12:35:55        0.192159        0.0317
BFGS:   15 12:35:55        0.191778        0.0473
BFGS:   16 12:35:56        0.191298        0.0519
BFGS:   17 12:35:56        0.190709        0.0387
BFGS:   18 12:35:56        0.190217        0.0402
BFGS:   19 12:35:57        0.189918        0.0420
BFGS:   20 12:35:57        0.189799        0.0364
BFGS:   21 12:35:58        0.189760        0.0337
BFGS:   22 12:35:58        0.189721        0.0366
BFGS:   23 12:35:58        0.189583        0.0323
BFGS:   24 12:35:59        0.189252        0.0334
BFGS:   25 12:35:59        0.188651        0.0345
BFGS:   26 12:35:59        0.187793        0.0480
BFGS:   27 12:36:00        0.186922        0.0486
BFGS:   28 12:36:00        0.186206        0.0447
BFGS:   29 12:36:01        0.185748        0.0528
BFGS:   30 12:36:01        0.185555        0.0453
BFGS:   31 12:36:01        0.185583        0.0440
BFGS:   32 12:36:02        0.185566        0.0278
BFGS:   33 12:36:02        0.185379        0.0213
BFGS:   34 12:36:03        0.185007        0.0247
BFGS:   35 12:36:03        0.184494        0.0254
BFGS:   36 12:36:03        0.184057        0.0220
BFGS:   37 12:36:04        0.183789        0.0252
BFGS:   38 12:36:04        0.183681        0.0267
BFGS:   39 12:36:05        0.183707        0.0306
BFGS:   40 12:36:05        0.183781        0.0229
BFGS:   41 12:36:06        0.183811        0.0215
BFGS:   42 12:36:07        0.183719        0.0207
BFGS:   43 12:36:07        0.183486        0.0267
BFGS:   44 12:36:08        0.183161        0.0256
BFGS:   45 12:36:08        0.182873        0.0188
BFGS:   46 12:36:09        0.182686        0.0175
BFGS:   47 12:36:09        0.182578        0.0168
BFGS:   48 12:36:10        0.182528        0.0149
BFGS:   49 12:36:10        0.182517        0.0170
BFGS:   50 12:36:11        0.182513        0.0161
BFGS:   51 12:36:11        0.182479        0.0165
BFGS:   52 12:36:12        0.182404        0.0170
BFGS:   53 12:36:12        0.182284        0.0148
BFGS:   54 12:36:12        0.182145        0.0175
BFGS:   55 12:36:13        0.181990        0.0201
BFGS:   56 12:36:14        0.181842        0.0197
BFGS:   57 12:36:14        0.181708        0.0149
BFGS:   58 12:36:15        0.181614        0.0175
BFGS:   59 12:36:15        0.181561        0.0180
BFGS:   60 12:36:16        0.181541        0.0165
BFGS:   61 12:36:17        0.181534        0.0146
BFGS:   62 12:36:18        0.181510        0.0133
BFGS:   63 12:36:18        0.181449        0.0123
BFGS:   64 12:36:19        0.181342        0.0133
BFGS:   65 12:36:19        0.181200        0.0120
BFGS:   66 12:36:20        0.181065        0.0133
BFGS:   67 12:36:20        0.180978        0.0112
BFGS:   68 12:36:20        0.180938        0.0118
BFGS:   69 12:36:21        0.180932        0.0130
BFGS:   70 12:36:21        0.180946        0.0184
BFGS:   71 12:36:22        0.180959        0.0185
BFGS:   72 12:36:23        0.180926        0.0163
BFGS:   73 12:36:23        0.180821        0.0140
BFGS:   74 12:36:24        0.180652        0.0150
BFGS:   75 12:36:25        0.180442        0.0197
BFGS:   76 12:36:25        0.180248        0.0160
BFGS:   77 12:36:26        0.180119        0.0141
BFGS:   78 12:36:26        0.180074        0.0156
BFGS:   79 12:36:27        0.180106        0.0151
BFGS:   80 12:36:27        0.180173        0.0169
BFGS:   81 12:36:28        0.180207        0.0156
BFGS:   82 12:36:28        0.180157        0.0140
BFGS:   83 12:36:29        0.180002        0.0174
BFGS:   84 12:36:29        0.179766        0.0214
BFGS:   85 12:36:29        0.179531        0.0155
BFGS:   86 12:36:30        0.179377        0.0135
BFGS:   87 12:36:30        0.179309        0.0126
BFGS:   88 12:36:31        0.179316        0.0184
BFGS:   89 12:36:32        0.179369        0.0181
BFGS:   90 12:36:32        0.179407        0.0157
BFGS:   91 12:36:33        0.179370        0.0142
BFGS:   92 12:36:34        0.179253        0.0147
BFGS:   93 12:36:35        0.179086        0.0163
BFGS:   94 12:36:35        0.178927        0.0123
BFGS:   95 12:36:36        0.178815        0.0127
BFGS:   96 12:36:36        0.178768        0.0115
BFGS:   97 12:36:37        0.178785        0.0145
BFGS:   98 12:36:37        0.178840        0.0121
BFGS:   99 12:36:37        0.178883        0.0079
BFGS:  100 12:36:38        0.178882        0.0079
BFGS:  101 12:36:38        0.178830        0.0111
BFGS:  102 12:36:39        0.178729        0.0133
BFGS:  103 12:36:40        0.178609        0.0096
BFGS:  104 12:36:40        0.178522        0.0104
BFGS:  105 12:36:41        0.178485        0.0102
BFGS:  106 12:36:42        0.178483        0.0118
BFGS:  107 12:36:42        0.178496        0.0127
BFGS:  108 12:36:43        0.178502        0.0122
BFGS:  109 12:36:43        0.178475        0.0124
BFGS:  110 12:36:44        0.178402        0.0125
BFGS:  111 12:36:45        0.178286        0.0131
BFGS:  112 12:36:45        0.178140        0.0132
BFGS:  113 12:36:46        0.178006        0.0151
BFGS:  114 12:36:46        0.177909        0.0139
BFGS:  115 12:36:46        0.177850        0.0180
BFGS:  116 12:36:47        0.177807        0.0178
BFGS:  117 12:36:47        0.177763        0.0132
BFGS:  118 12:36:48        0.177690        0.0133
BFGS:  119 12:36:49        0.177585        0.0119
BFGS:  120 12:36:50        0.177451        0.0143
BFGS:  121 12:36:51        0.177306        0.0163
BFGS:  122 12:36:51        0.177203        0.0142
BFGS:  123 12:36:52        0.177163        0.0108
BFGS:  124 12:36:52        0.177155        0.0102
BFGS:  125 12:36:53        0.177149        0.0112
BFGS:  126 12:36:53        0.177122        0.0105
BFGS:  127 12:36:54        0.177067        0.0103
BFGS:  128 12:36:54        0.176994        0.0096
BFGS:  129 12:36:55        0.176917        0.0093
BFGS:  130 12:36:55        0.176843        0.0089
BFGS:  131 12:36:56        0.176794        0.0110
BFGS:  132 12:36:56        0.176774        0.0115
BFGS:  133 12:36:57        0.176775        0.0098
BFGS:  134 12:36:57        0.176778        0.0101
BFGS:  135 12:36:58        0.176764        0.0105
BFGS:  136 12:36:59        0.176729        0.0082
BFGS:  137 12:36:59        0.176673        0.0083
BFGS:  138 12:37:00        0.176601        0.0104
BFGS:  139 12:37:00        0.176525        0.0111
BFGS:  140 12:37:01        0.176466        0.0102
BFGS:  141 12:37:02        0.176430        0.0094
BFGS:  142 12:37:02        0.176408        0.0108
BFGS:  143 12:37:03        0.176386        0.0100
BFGS:  144 12:37:03        0.176355        0.0096
BFGS:  145 12:37:04        0.176309        0.0094
BFGS:  146 12:37:04        0.176252        0.0128
BFGS:  147 12:37:04        0.176185        0.0127
BFGS:  148 12:37:05        0.176122        0.0119
BFGS:  149 12:37:05        0.176070        0.0093
BFGS:  150 12:37:06        0.176027        0.0105
BFGS:  151 12:37:07        0.175981        0.0102
BFGS:  152 12:37:08        0.175926        0.0114
BFGS:  153 12:37:08        0.175867        0.0101
BFGS:  154 12:37:09        0.175821        0.0115
BFGS:  155 12:37:09        0.175789        0.0128
BFGS:  156 12:37:10        0.175766        0.0134
BFGS:  157 12:37:10        0.175735        0.0131
BFGS:  158 12:37:11        0.175692        0.0108
BFGS:  159 12:37:11        0.175624        0.0100
BFGS:  160 12:37:12        0.175551        0.0092
BFGS:  161 12:37:13        0.175481        0.0096
BFGS:  162 12:37:13        0.175436        0.0091
BFGS:  163 12:37:13        0.175414        0.0089
BFGS:  164 12:37:14        0.175427        0.0090
BFGS:  165 12:37:14        0.175444        0.0072
BFGS:  166 12:37:14        0.175459        0.0081
BFGS:  167 12:37:15        0.175432        0.0075
BFGS:  168 12:37:16        0.175372        0.0072
BFGS:  169 12:37:16        0.175273        0.0080
BFGS:  170 12:37:17        0.175180        0.0082
BFGS:  171 12:37:18        0.175110        0.0096
BFGS:  172 12:37:18        0.175085        0.0090
BFGS:  173 12:37:19        0.175106        0.0087
BFGS:  174 12:37:20        0.175157        0.0091
BFGS:  175 12:37:20        0.175192        0.0088
BFGS:  176 12:37:21        0.175179        0.0098
BFGS:  177 12:37:21        0.175096        0.0104
BFGS:  178 12:37:22        0.174941        0.0115
BFGS:  179 12:37:22        0.174756        0.0134
BFGS:  180 12:37:22        0.174608        0.0115
BFGS:  181 12:37:23        0.174544        0.0117
BFGS:  182 12:37:23        0.174579        0.0101
BFGS:  183 12:37:24        0.174666        0.0094
BFGS:  184 12:37:24        0.174744        0.0083
BFGS:  185 12:37:24        0.174753        0.0110
BFGS:  186 12:37:25        0.174677        0.0126
BFGS:  187 12:37:25        0.174520        0.0090
BFGS:  188 12:37:25        0.174344        0.0106
BFGS:  189 12:37:26        0.174216        0.0109
BFGS:  190 12:37:26        0.174174        0.0091
BFGS:  191 12:37:27        0.174213        0.0087
BFGS:  192 12:37:27        0.174309        0.0101
BFGS:  193 12:37:27        0.174405        0.0101
BFGS:  194 12:37:28        0.174418        0.0086
BFGS:  195 12:37:28        0.174327        0.0086
BFGS:  196 12:37:28        0.174153        0.0102
BFGS:  197 12:37:29        0.173950        0.0099
BFGS:  198 12:37:29        0.173763        0.0083
BFGS:  199 12:37:29        0.173667        0.0096
BFGS:  200 12:37:30        0.173689        0.0091
BFGS:  201 12:37:30        0.173817        0.0141
BFGS:  202 12:37:31        0.173981        0.0123
BFGS:  203 12:37:31        0.174113        0.0129
BFGS:  204 12:37:31        0.174106        0.0156
BFGS:  205 12:37:32        0.173951        0.0171
BFGS:  206 12:37:32        0.173658        0.0157
BFGS:  207 12:37:32        0.173365        0.0120
BFGS:  208 12:37:33        0.173196        0.0089
BFGS:  209 12:37:33        0.173208        0.0076
BFGS:  210 12:37:33        0.173316        0.0073
BFGS:  211 12:37:34        0.173443        0.0063
BFGS:  212 12:37:34        0.173529        0.0061
BFGS:  213 12:37:35        0.173527        0.0067
BFGS:  214 12:37:35        0.173466        0.0083
BFGS:  215 12:37:35        0.173371        0.0086
BFGS:  216 12:37:36        0.173268        0.0075
BFGS:  217 12:37:36        0.173193        0.0057
BFGS:  218 12:37:36        0.173173        0.0061
BFGS:  219 12:37:37        0.173208        0.0074
BFGS:  220 12:37:37        0.173266        0.0080
BFGS:  221 12:37:37        0.173322        0.0069
BFGS:  222 12:37:38        0.173346        0.0068
BFGS:  223 12:37:38        0.173327        0.0074
BFGS:  224 12:37:38        0.173276        0.0062
BFGS:  225 12:37:39        0.173212        0.0042
Neural IRC terminated normally.
