You need to install the group's fork of aRMSD and put it in your path https://github.mit.edu/MLMat/aRMSD
[ 0.        +419.13634697j  0.          +1.70031684j
  0.          +0.8824294j   0.          +0.82202328j
  2.68944897  +0.j          5.93302271  +0.j
  7.55885456  +0.j          9.0003507   +0.j
 17.21342393  +0.j         20.53391052  +0.j
 22.00410193  +0.j         28.29511265  +0.j
 35.2119196   +0.j         36.33444319  +0.j
 44.89281727  +0.j         47.91553889  +0.j
 58.68416029  +0.j         60.2084055   +0.j
 65.53559273  +0.j         75.90035867  +0.j        ]
Entropy components at T = 298.15 K and P = 101325.0 Pa:
=================================================
                           S               T*S
S_trans (1 bar)    0.0019477 eV/K        0.581 eV
S_rot              0.0016709 eV/K        0.498 eV
S_elec             0.0000000 eV/K        0.000 eV
S_vib              0.0069847 eV/K        2.082 eV
S (1 bar -> P)    -0.0000011 eV/K       -0.000 eV
-------------------------------------------------
S                  0.0106022 eV/K        3.161 eV
=================================================
Enthalpy components at T = 298.15 K:
===============================
E_pot                 -2.496 eV
E_ZPE                 17.343 eV
Cv_trans (0->T)        0.039 eV
Cv_rot (0->T)          0.039 eV
Cv_vib (0->T)          0.974 eV
(C_v -> C_p)           0.026 eV
-------------------------------
H                     15.923 eV
===============================
RMS: 0.06523764133453369, MAX: 2.038132429122925
RMS: 0.03158093988895416, MAX: 0.8650960326194763
RMS: 0.015816617757081985, MAX: 0.2736623287200928
RMS: 0.0112812714651227, MAX: 0.2580612301826477
RMS: 0.007131845690310001, MAX: 0.13894645869731903
RMS: 0.00893116183578968, MAX: 0.1619115173816681
RMS: 0.009384180419147015, MAX: 0.09931762516498566
RMS: 0.005937082692980766, MAX: 0.057695724070072174
RMS: 0.005983759183436632, MAX: 0.05452228710055351
RMS: 0.006144815590232611, MAX: 0.0672745555639267
RMS: 0.005733765196055174, MAX: 0.0822477713227272
RMS: 0.005075780674815178, MAX: 0.06597429513931274
RMS: 0.0051017990335822105, MAX: 0.050329480320215225
RMS: 0.005382448900490999, MAX: 0.08140344172716141
RMS: 0.005312349181622267, MAX: 0.08969218283891678
RMS: 0.0047671617940068245, MAX: 0.07400151342153549
RMS: 0.003963865805417299, MAX: 0.04417315870523453
RMS: 0.0033765288535505533, MAX: 0.03550098091363907
RMS: 0.003693957580253482, MAX: 0.030356064438819885
RMS: 0.004126636777073145, MAX: 0.04640436917543411
RMS: 0.004181288182735443, MAX: 0.04760517179965973
RMS: 0.0036120330914855003, MAX: 0.036293212324380875
RMS: 0.0030609515961259604, MAX: 0.0229805875569582
RMS: 0.0035147573798894882, MAX: 0.024581661447882652
RMS: 0.005128052085638046, MAX: 0.026430359110236168
RMS: 0.003970565740019083, MAX: 0.034778743982315063
RMS: 0.003864506958052516, MAX: 0.02296312525868416
RMS: 0.0036772664170712233, MAX: 0.03595125302672386
RMS: 0.0034759228583425283, MAX: 0.01903158612549305
RMS: 0.0047755250707268715, MAX: 0.045449621975421906
RMS: 0.0036489979829639196, MAX: 0.022906236350536346
RMS: 0.0033015923108905554, MAX: 0.025226207450032234
RMS: 0.0016643264098092914, MAX: 0.017629355192184448
RMS: 0.0026315341237932444, MAX: 0.015736384317278862
RMS: 0.0033479034900665283, MAX: 0.019463608041405678
RMS: 0.002232200000435114, MAX: 0.013985213823616505
RMS: 0.0026878281496465206, MAX: 0.012803729623556137
RMS: 0.0010195334907621145, MAX: 0.004967850167304277
Optimization converged!
Eigenvector following terminated normally.
[ 0.        +6.76254023e+02j  0.        +2.72182637e+00j
  0.        +1.10886049e+00j  0.        +7.82020583e-01j
  0.        +6.67008738e-01j  0.        +6.17657964e-01j
  1.10012745+0.00000000e+00j 10.29012683+0.00000000e+00j
 18.63837348+0.00000000e+00j 21.03220166+0.00000000e+00j
 23.04752446+0.00000000e+00j 29.97727295+0.00000000e+00j
 36.33222406+0.00000000e+00j 37.09656726+0.00000000e+00j
 47.2096901 +0.00000000e+00j 48.64622799+0.00000000e+00j
 55.86776642+0.00000000e+00j 57.65881378+0.00000000e+00j
 63.61359957+0.00000000e+00j 67.25956805+0.00000000e+00j]
Flipping all imaginary frequencies except the lowest one
Entropy components at T = 298.15 K and P = 101325.0 Pa:
=================================================
                           S               T*S
S_trans (1 bar)    0.0019477 eV/K        0.581 eV
S_rot              0.0016730 eV/K        0.499 eV
S_elec             0.0000000 eV/K        0.000 eV
S_vib              0.0069541 eV/K        2.073 eV
S (1 bar -> P)    -0.0000011 eV/K       -0.000 eV
-------------------------------------------------
S                  0.0105737 eV/K        3.153 eV
=================================================
Enthalpy components at T = 298.15 K:
===============================
E_pot                 -2.538 eV
E_ZPE                 17.347 eV
Cv_trans (0->T)        0.039 eV
Cv_rot (0->T)          0.039 eV
Cv_vib (0->T)          0.974 eV
(C_v -> C_p)           0.026 eV
-------------------------------
H                     15.885 eV
===============================
