You need to install the group's fork of aRMSD and put it in your path https://github.mit.edu/MLMat/aRMSD
[ 0.        +410.72028268j  0.          +5.02029055j
  0.          +3.60523263j  0.          +3.48258384j
  0.          +2.25079558j  0.          +1.06812909j
  2.23082402  +0.j         16.88232901  +0.j
 18.87130004  +0.j         23.10677876  +0.j
 24.10683517  +0.j         34.46176985  +0.j
 39.90506013  +0.j         50.27227148  +0.j
 58.71529095  +0.j         61.08421349  +0.j
 70.7574244   +0.j         74.45512086  +0.j
 76.9906946   +0.j         86.40955082  +0.j        ]
Entropy components at T = 298.15 K and P = 101325.0 Pa:
=================================================
                           S               T*S
S_trans (1 bar)    0.0019505 eV/K        0.582 eV
S_rot              0.0016523 eV/K        0.493 eV
S_elec             0.0000000 eV/K        0.000 eV
S_vib              0.0056157 eV/K        1.674 eV
S (1 bar -> P)    -0.0000011 eV/K       -0.000 eV
-------------------------------------------------
S                  0.0092173 eV/K        2.748 eV
=================================================
Enthalpy components at T = 298.15 K:
===============================
E_pot                 -3.019 eV
E_ZPE                  9.164 eV
Cv_trans (0->T)        0.039 eV
Cv_rot (0->T)          0.039 eV
Cv_vib (0->T)          0.790 eV
(C_v -> C_p)           0.026 eV
-------------------------------
H                      7.038 eV
===============================
RMS: 0.01477091945707798, MAX: 0.43963128328323364
RMS: 0.006275597494095564, MAX: 0.1674043983221054
RMS: 0.004340355284512043, MAX: 0.07213465869426727
RMS: 0.004808670841157436, MAX: 0.07980441302061081
RMS: 0.0037676049396395683, MAX: 0.04745602235198021
RMS: 0.0031028008088469505, MAX: 0.0432857945561409
RMS: 0.0033060649875551462, MAX: 0.04270031303167343
RMS: 0.002387871267274022, MAX: 0.039393290877342224
RMS: 0.0010559556540101767, MAX: 0.005970906466245651
RMS: 0.0006708771688863635, MAX: 0.0050477199256420135
RMS: 0.0008148240740410984, MAX: 0.007114680018275976
RMS: 0.0006787097081542015, MAX: 0.006068381480872631
RMS: 0.0009033496608026326, MAX: 0.015709325671195984
RMS: 0.0012726072454825044, MAX: 0.017134901136159897
RMS: 0.0009086382342502475, MAX: 0.016552912071347237
RMS: 0.00162683823145926, MAX: 0.01407533884048462
RMS: 0.0007767775095999241, MAX: 0.013491974212229252
RMS: 0.0014995504170656204, MAX: 0.009318252094089985
RMS: 0.000603734515607357, MAX: 0.005425519775599241
RMS: 0.0008345777168869972, MAX: 0.005550015717744827
RMS: 0.0010422386694699526, MAX: 0.014374102465808392
RMS: 0.0008889904129318893, MAX: 0.007052276283502579
RMS: 0.0010726614855229855, MAX: 0.01479338388890028
RMS: 0.0009115159627981484, MAX: 0.010494052432477474
RMS: 0.0005713320570066571, MAX: 0.006368288770318031
RMS: 0.000928321504034102, MAX: 0.008247384801506996
RMS: 0.0008145017782226205, MAX: 0.010948100127279758
RMS: 0.0007899533957242966, MAX: 0.009119085967540741
RMS: 0.0004864519869443029, MAX: 0.0036583037581294775
Optimization converged!
Eigenvector following terminated normally.
[ 0.        +4.13153982e+02j  0.        +5.63086145e+00j
  0.        +3.03046564e+00j  0.        +1.32864007e+00j
  0.        +9.28999556e-01j  0.        +7.06470370e-01j
  0.        +3.94145557e-01j 16.99572006+0.00000000e+00j
 18.72362594+0.00000000e+00j 23.67855714+0.00000000e+00j
 28.16779637+0.00000000e+00j 34.6580948 +0.00000000e+00j
 39.22940076+0.00000000e+00j 50.16163328+0.00000000e+00j
 58.37571216+0.00000000e+00j 60.36234827+0.00000000e+00j
 70.04970436+0.00000000e+00j 74.34012628+0.00000000e+00j
 78.26105849+0.00000000e+00j 85.94153351+0.00000000e+00j]
Flipping all imaginary frequencies except the lowest one
Entropy components at T = 298.15 K and P = 101325.0 Pa:
=================================================
                           S               T*S
S_trans (1 bar)    0.0019505 eV/K        0.582 eV
S_rot              0.0016523 eV/K        0.493 eV
S_elec             0.0000000 eV/K        0.000 eV
S_vib              0.0056055 eV/K        1.671 eV
S (1 bar -> P)    -0.0000011 eV/K       -0.000 eV
-------------------------------------------------
S                  0.0092072 eV/K        2.745 eV
=================================================
Enthalpy components at T = 298.15 K:
===============================
E_pot                 -3.023 eV
E_ZPE                  9.160 eV
Cv_trans (0->T)        0.039 eV
Cv_rot (0->T)          0.039 eV
Cv_vib (0->T)          0.790 eV
(C_v -> C_p)           0.026 eV
-------------------------------
H                      7.031 eV
===============================
