You need to install the group's fork of aRMSD and put it in your path https://github.mit.edu/MLMat/aRMSD
[  0.        +526.79284207j   0.         +12.58350288j
   0.          +7.50146156j   0.          +3.15258905j
   0.          +2.79669261j   0.          +1.73312157j
   4.57214715  +0.j          30.05004002  +0.j
  47.2031514   +0.j          50.84132919  +0.j
 106.59821108  +0.j         122.01885449  +0.j
 171.96498491  +0.j         213.06100066  +0.j
 225.01723825  +0.j         228.72766762  +0.j
 258.26110853  +0.j         260.0065987   +0.j
 282.69811843  +0.j         340.01394442  +0.j        ]
Entropy components at T = 298.15 K and P = 101325.0 Pa:
=================================================
                           S               T*S
S_trans (1 bar)    0.0018612 eV/K        0.555 eV
S_rot              0.0014765 eV/K        0.440 eV
S_elec             0.0000000 eV/K        0.000 eV
S_vib              0.0021465 eV/K        0.640 eV
S (1 bar -> P)    -0.0000011 eV/K       -0.000 eV
-------------------------------------------------
S                  0.0054831 eV/K        1.635 eV
=================================================
Enthalpy components at T = 298.15 K:
===============================
E_pot                 -0.067 eV
E_ZPE                  3.943 eV
Cv_trans (0->T)        0.039 eV
Cv_rot (0->T)          0.039 eV
Cv_vib (0->T)          0.338 eV
(C_v -> C_p)           0.026 eV
-------------------------------
H                      4.316 eV
===============================
RMS: 0.051756538450717926, MAX: 0.47402581572532654
RMS: 0.03468654677271843, MAX: 0.32701724767684937
RMS: 0.019758976995944977, MAX: 0.17704634368419647
RMS: 0.023153509944677353, MAX: 0.09437788277864456
RMS: 0.03343160077929497, MAX: 0.1386011242866516
RMS: 0.02735927700996399, MAX: 0.13591790199279785
RMS: 0.017254097387194633, MAX: 0.0901305079460144
RMS: 0.009169776923954487, MAX: 0.06458946317434311
RMS: 0.006419811397790909, MAX: 0.03161920607089996
RMS: 0.012104742228984833, MAX: 0.07012850046157837
RMS: 0.014378477819263935, MAX: 0.07689465582370758
RMS: 0.018115844577550888, MAX: 0.116290383040905
RMS: 0.017323831096291542, MAX: 0.09212367981672287
RMS: 0.01231416966766119, MAX: 0.06929060071706772
RMS: 0.011720677837729454, MAX: 0.081553615629673
RMS: 0.00818946585059166, MAX: 0.05095429718494415
RMS: 0.010870220139622688, MAX: 0.07082027941942215
RMS: 0.010355275124311447, MAX: 0.03718477115035057
RMS: 0.005466020200401545, MAX: 0.02847352810204029
RMS: 0.005548087414354086, MAX: 0.028918828815221786
RMS: 0.006755261216312647, MAX: 0.02403057925403118
RMS: 0.005123347509652376, MAX: 0.023456817492842674
RMS: 0.006589128635823727, MAX: 0.029118971899151802
RMS: 0.0029495079070329666, MAX: 0.017589524388313293
RMS: 0.004316087346524, MAX: 0.02106297016143799
RMS: 0.003658310743048787, MAX: 0.013095809146761894
RMS: 0.0024640322662889957, MAX: 0.012839247472584248
RMS: 0.0034144383389502764, MAX: 0.01378665305674076
RMS: 0.006010412238538265, MAX: 0.035254936665296555
RMS: 0.00206254911608994, MAX: 0.014169041067361832
RMS: 0.005627464968711138, MAX: 0.033787038177251816
RMS: 0.005151266232132912, MAX: 0.028138577938079834
RMS: 0.0022930409759283066, MAX: 0.0098411925137043
RMS: 0.0027238461188971996, MAX: 0.013527271337807178
RMS: 0.002418371383100748, MAX: 0.01199244987219572
RMS: 0.001125614857301116, MAX: 0.0049567995592951775
Optimization converged!
Eigenvector following terminated normally.
[  0.        +520.2700436j    0.          +7.21378135j
   0.          +4.17770834j   0.          +3.87431183j
   0.          +3.26682043j   0.          +2.22848657j
   0.          +1.55271922j  26.87079926  +0.j
  48.58037602  +0.j          52.4782145   +0.j
 114.48817673  +0.j         122.57907905  +0.j
 176.66249664  +0.j         204.16558174  +0.j
 222.71102421  +0.j         227.45977249  +0.j
 256.75426451  +0.j         260.1618099   +0.j
 281.09728742  +0.j         340.02112549  +0.j        ]
Flipping all imaginary frequencies except the lowest one
Entropy components at T = 298.15 K and P = 101325.0 Pa:
=================================================
                           S               T*S
S_trans (1 bar)    0.0018612 eV/K        0.555 eV
S_rot              0.0014768 eV/K        0.440 eV
S_elec             0.0000000 eV/K        0.000 eV
S_vib              0.0021459 eV/K        0.640 eV
S (1 bar -> P)    -0.0000011 eV/K       -0.000 eV
-------------------------------------------------
S                  0.0054827 eV/K        1.635 eV
=================================================
Enthalpy components at T = 298.15 K:
===============================
E_pot                 -0.081 eV
E_ZPE                  3.939 eV
Cv_trans (0->T)        0.039 eV
Cv_rot (0->T)          0.039 eV
Cv_vib (0->T)          0.338 eV
(C_v -> C_p)           0.026 eV
-------------------------------
H                      4.299 eV
===============================
