You need to install the group's fork of aRMSD and put it in your path https://github.mit.edu/MLMat/aRMSD
[ 0.        +456.15359533j  0.          +5.08662488j
  0.          +1.57813455j  0.          +1.13839478j
  0.          +0.92759381j  5.57898098  +0.j
  5.97037989  +0.j         19.19994223  +0.j
 20.6417628   +0.j         24.43392233  +0.j
 30.17924003  +0.j         36.41131621  +0.j
 46.45496303  +0.j         52.17254196  +0.j
 53.80551461  +0.j         62.40211537  +0.j
 68.08445317  +0.j         75.31438477  +0.j
 83.93339996  +0.j         99.08704024  +0.j        ]
Entropy components at T = 298.15 K and P = 101325.0 Pa:
=================================================
                           S               T*S
S_trans (1 bar)    0.0019301 eV/K        0.575 eV
S_rot              0.0016143 eV/K        0.481 eV
S_elec             0.0000000 eV/K        0.000 eV
S_vib              0.0057044 eV/K        1.701 eV
S (1 bar -> P)    -0.0000011 eV/K       -0.000 eV
-------------------------------------------------
S                  0.0092477 eV/K        2.757 eV
=================================================
Enthalpy components at T = 298.15 K:
===============================
E_pot                 -4.832 eV
E_ZPE                 15.329 eV
Cv_trans (0->T)        0.039 eV
Cv_rot (0->T)          0.039 eV
Cv_vib (0->T)          0.815 eV
(C_v -> C_p)           0.026 eV
-------------------------------
H                     11.416 eV
===============================
RMS: 0.010308889672160149, MAX: 0.40139979124069214
RMS: 0.003921865485608578, MAX: 0.14065799117088318
RMS: 0.002285153139382601, MAX: 0.05317167937755585
RMS: 0.002331310883164406, MAX: 0.03863989934325218
RMS: 0.0026058668736368418, MAX: 0.031293272972106934
RMS: 0.0027542216703295708, MAX: 0.025225279852747917
RMS: 0.0028027838561683893, MAX: 0.01933242566883564
RMS: 0.0027365190908312798, MAX: 0.015603347681462765
RMS: 0.0026459400542080402, MAX: 0.015223199501633644
RMS: 0.002559160115197301, MAX: 0.01759921759366989
RMS: 0.0024248198606073856, MAX: 0.0206264890730381
RMS: 0.002143074292689562, MAX: 0.02168836072087288
RMS: 0.0018934686668217182, MAX: 0.01775309443473816
RMS: 0.002667652443051338, MAX: 0.0242450088262558
RMS: 0.0013937202747911215, MAX: 0.0096275694668293
RMS: 0.003037526272237301, MAX: 0.031595803797245026
RMS: 0.001710601500235498, MAX: 0.007372245658189058
RMS: 0.0015756769571453333, MAX: 0.020495329052209854
RMS: 0.0013602414401248097, MAX: 0.011670737527310848
RMS: 0.0028316639363765717, MAX: 0.03430895134806633
RMS: 0.0016106206458061934, MAX: 0.006135138683021069
RMS: 0.00193211215082556, MAX: 0.009864100255072117
RMS: 0.0015301911626011133, MAX: 0.019650563597679138
RMS: 0.00253701233305037, MAX: 0.03065124712884426
RMS: 0.0018462262814864516, MAX: 0.011977332644164562
RMS: 0.001753715449012816, MAX: 0.016192525625228882
RMS: 0.0010142059763893485, MAX: 0.005753546487540007
RMS: 0.0011534522054716945, MAX: 0.013769213110208511
RMS: 0.000629698159173131, MAX: 0.007079325150698423
RMS: 0.001164264278486371, MAX: 0.01464136689901352
RMS: 0.0005895017529837787, MAX: 0.005495000164955854
RMS: 0.000890097173396498, MAX: 0.010026942007243633
RMS: 0.0008895767387002707, MAX: 0.008975286036729813
RMS: 0.0011239208979532123, MAX: 0.01286097802221775
RMS: 0.0025914290454238653, MAX: 0.030385330319404602
RMS: 0.001672370475716889, MAX: 0.013302283361554146
RMS: 0.002272109966725111, MAX: 0.03401469439268112
RMS: 0.0015379502438008785, MAX: 0.018242856487631798
RMS: 0.002486097626388073, MAX: 0.0272974893450737
RMS: 0.001176189980469644, MAX: 0.010322004556655884
RMS: 0.0018988633528351784, MAX: 0.022541360929608345
RMS: 0.0011898746015504003, MAX: 0.013275080360472202
RMS: 0.0008848829893395305, MAX: 0.0035401543136686087
Optimization converged!
Eigenvector following terminated normally.
[  0.        +491.84922937j   0.          +2.4891048j
   0.          +1.83840551j   0.          +1.73430074j
   0.          +1.14489594j   0.          +1.10578011j
   0.          +0.99120346j  17.27725177  +0.j
  22.02173205  +0.j          26.66484528  +0.j
  30.36263926  +0.j          35.91746639  +0.j
  38.60189492  +0.j          52.23558847  +0.j
  53.56472355  +0.j          61.19584801  +0.j
  65.99561317  +0.j          73.9096947   +0.j
  80.2288704   +0.j         100.71871671  +0.j        ]
Flipping all imaginary frequencies except the lowest one
Entropy components at T = 298.15 K and P = 101325.0 Pa:
=================================================
                           S               T*S
S_trans (1 bar)    0.0019301 eV/K        0.575 eV
S_rot              0.0016129 eV/K        0.481 eV
S_elec             0.0000000 eV/K        0.000 eV
S_vib              0.0057467 eV/K        1.713 eV
S (1 bar -> P)    -0.0000011 eV/K       -0.000 eV
-------------------------------------------------
S                  0.0092887 eV/K        2.769 eV
=================================================
Enthalpy components at T = 298.15 K:
===============================
E_pot                 -4.843 eV
E_ZPE                 15.326 eV
Cv_trans (0->T)        0.039 eV
Cv_rot (0->T)          0.039 eV
Cv_vib (0->T)          0.818 eV
(C_v -> C_p)           0.026 eV
-------------------------------
H                     11.404 eV
===============================
