You need to install the group's fork of aRMSD and put it in your path https://github.mit.edu/MLMat/aRMSD
[ 0.        +419.82366796j  0.          +7.87677877j
  0.          +5.00551765j  0.          +3.07851536j
  0.          +0.88629135j  3.25551213  +0.j
  6.00609384  +0.j         15.30827518  +0.j
 20.89883024  +0.j         24.79687988  +0.j
 30.35830269  +0.j         39.76401755  +0.j
 45.79333487  +0.j         48.43486062  +0.j
 54.6856151   +0.j         59.42572971  +0.j
 64.48413604  +0.j         74.85271282  +0.j
 77.84329659  +0.j         87.23282357  +0.j        ]
Entropy components at T = 298.15 K and P = 101325.0 Pa:
=================================================
                           S               T*S
S_trans (1 bar)    0.0019477 eV/K        0.581 eV
S_rot              0.0016572 eV/K        0.494 eV
S_elec             0.0000000 eV/K        0.000 eV
S_vib              0.0066084 eV/K        1.970 eV
S (1 bar -> P)    -0.0000011 eV/K       -0.000 eV
-------------------------------------------------
S                  0.0102122 eV/K        3.045 eV
=================================================
Enthalpy components at T = 298.15 K:
===============================
E_pot                 -2.569 eV
E_ZPE                 17.461 eV
Cv_trans (0->T)        0.039 eV
Cv_rot (0->T)          0.039 eV
Cv_vib (0->T)          0.958 eV
(C_v -> C_p)           0.026 eV
-------------------------------
H                     15.953 eV
===============================
RMS: 0.019379310309886932, MAX: 0.6685705184936523
RMS: 0.011150763370096684, MAX: 0.3602413535118103
RMS: 0.003982022404670715, MAX: 0.06542815268039703
RMS: 0.00467258132994175, MAX: 0.11387190222740173
RMS: 0.0036062283907085657, MAX: 0.07842932641506195
RMS: 0.0032781274057924747, MAX: 0.04905884712934494
RMS: 0.003292309120297432, MAX: 0.04736020788550377
RMS: 0.00303603895008564, MAX: 0.05000435560941696
RMS: 0.002613257383927703, MAX: 0.04021264612674713
RMS: 0.003151841461658478, MAX: 0.04375781863927841
RMS: 0.0017554482910782099, MAX: 0.020567288622260094
RMS: 0.001743533881381154, MAX: 0.020646505057811737
RMS: 0.0015698977513238788, MAX: 0.012053398415446281
RMS: 0.0009989725658670068, MAX: 0.008802302181720734
RMS: 0.0005679318564943969, MAX: 0.0040907603688538074
Optimization converged!
Eigenvector following terminated normally.
[ 0.        +430.84449882j  0.          +4.24029198j
  0.          +3.3014958j   0.          +1.8382363j
  0.          +1.56249098j  0.          +0.90634648j
  0.81104644  +0.j         15.72562565  +0.j
 20.57922232  +0.j         25.6652733   +0.j
 29.61047374  +0.j         41.26505167  +0.j
 45.56342578  +0.j         48.93501738  +0.j
 53.68731226  +0.j         60.58367706  +0.j
 67.51012515  +0.j         76.09535971  +0.j
 80.46707417  +0.j         88.22293205  +0.j        ]
Flipping all imaginary frequencies except the lowest one
Entropy components at T = 298.15 K and P = 101325.0 Pa:
=================================================
                           S               T*S
S_trans (1 bar)    0.0019477 eV/K        0.581 eV
S_rot              0.0016565 eV/K        0.494 eV
S_elec             0.0000000 eV/K        0.000 eV
S_vib              0.0065703 eV/K        1.959 eV
S (1 bar -> P)    -0.0000011 eV/K       -0.000 eV
-------------------------------------------------
S                  0.0101733 eV/K        3.033 eV
=================================================
Enthalpy components at T = 298.15 K:
===============================
E_pot                 -2.604 eV
E_ZPE                 17.469 eV
Cv_trans (0->T)        0.039 eV
Cv_rot (0->T)          0.039 eV
Cv_vib (0->T)          0.955 eV
(C_v -> C_p)           0.026 eV
-------------------------------
H                     15.922 eV
===============================
