[ 0.        +9.43838426e+02j  0.        +2.20102820e+00j
  0.        +1.80447883e+00j  0.        +1.12975139e+00j
  0.        +9.18359438e-01j  0.        +7.27360429e-01j
  0.        +4.45992736e-01j  8.82200569+0.00000000e+00j
 13.40684741+0.00000000e+00j 18.49799199+0.00000000e+00j
 23.81228848+0.00000000e+00j 25.44309752+0.00000000e+00j
 36.21993986+0.00000000e+00j 38.82049799+0.00000000e+00j
 44.3757086 +0.00000000e+00j 45.78197146+0.00000000e+00j
 54.9516651 +0.00000000e+00j 72.0847788 +0.00000000e+00j
 74.04918504+0.00000000e+00j 85.75873624+0.00000000e+00j]
Entropy components at T = 298.15 K and P = 101325.0 Pa:
=================================================
                           S               T*S
S_trans (1 bar)    0.0019505 eV/K        0.582 eV
S_rot              0.0016625 eV/K        0.496 eV
S_elec             0.0000000 eV/K        0.000 eV
S_vib              0.0058780 eV/K        1.753 eV
S (1 bar -> P)    -0.0000011 eV/K       -0.000 eV
-------------------------------------------------
S                  0.0094898 eV/K        2.829 eV
=================================================
Enthalpy components at T = 298.15 K:
===============================
E_pot                 -2.820 eV
E_ZPE                  9.118 eV
Cv_trans (0->T)        0.039 eV
Cv_rot (0->T)          0.039 eV
Cv_vib (0->T)          0.797 eV
(C_v -> C_p)           0.026 eV
-------------------------------
H                      7.198 eV
===============================
Generating initial displacements from TS... 
Generated displacements!
Generating forward IRC path
IRC converged after 46 steps!
Generating backward IRC path
IRC converged after 21 steps!
IRC saved to ./irc.pickle
Neural IRC terminated normally.
