You need to install the group's fork of aRMSD and put it in your path https://github.mit.edu/MLMat/aRMSD
[ 0.        +476.23716769j  0.         +16.53700224j
  0.          +6.14763359j  0.          +1.65521237j
  0.          +0.74239143j  0.          +0.49971251j
  1.3562456   +0.j          3.32687922  +0.j
 16.29178727  +0.j         18.70665246  +0.j
 22.73706146  +0.j         27.27796049  +0.j
 33.04415117  +0.j         40.07188789  +0.j
 43.88651976  +0.j         50.72401804  +0.j
 57.67117388  +0.j         58.29098801  +0.j
 70.14470139  +0.j         79.68215083  +0.j        ]
Entropy components at T = 298.15 K and P = 101325.0 Pa:
=================================================
                           S               T*S
S_trans (1 bar)    0.0019477 eV/K        0.581 eV
S_rot              0.0016574 eV/K        0.494 eV
S_elec             0.0000000 eV/K        0.000 eV
S_vib              0.0069512 eV/K        2.072 eV
S (1 bar -> P)    -0.0000011 eV/K       -0.000 eV
-------------------------------------------------
S                  0.0105551 eV/K        3.147 eV
=================================================
Enthalpy components at T = 298.15 K:
===============================
E_pot                 -2.506 eV
E_ZPE                 17.364 eV
Cv_trans (0->T)        0.039 eV
Cv_rot (0->T)          0.039 eV
Cv_vib (0->T)          0.980 eV
(C_v -> C_p)           0.026 eV
-------------------------------
H                     15.940 eV
===============================
RMS: 0.014751984737813473, MAX: 0.6519948840141296
RMS: 0.008197270333766937, MAX: 0.3510452210903168
RMS: 0.0026032361201941967, MAX: 0.04670942947268486
RMS: 0.0049469005316495895, MAX: 0.16384148597717285
RMS: 0.004499289207160473, MAX: 0.14098645746707916
RMS: 0.004215986467897892, MAX: 0.11145928502082825
RMS: 0.004215036518871784, MAX: 0.08580006659030914
RMS: 0.004362479317933321, MAX: 0.06506149470806122
RMS: 0.004526355769485235, MAX: 0.04963131248950958
RMS: 0.00459011597558856, MAX: 0.0430884025990963
RMS: 0.0045440006069839, MAX: 0.04078276827931404
RMS: 0.0044123828411102295, MAX: 0.040468111634254456
RMS: 0.004231369122862816, MAX: 0.03742066025733948
RMS: 0.004049073439091444, MAX: 0.03398806229233742
RMS: 0.004043155815452337, MAX: 0.032001666724681854
RMS: 0.004055704455822706, MAX: 0.030644351616501808
RMS: 0.0039954581297934055, MAX: 0.02957388572394848
RMS: 0.0038085319101810455, MAX: 0.027767278254032135
RMS: 0.0037560253404080868, MAX: 0.025822235271334648
RMS: 0.0034007164649665356, MAX: 0.028934543952345848
RMS: 0.005157818086445332, MAX: 0.06362394988536835
RMS: 0.0050320397131145, MAX: 0.06253533810377121
RMS: 0.003675080370157957, MAX: 0.03247634321451187
RMS: 0.0039590452797710896, MAX: 0.03940439224243164
RMS: 0.004083583131432533, MAX: 0.0694735124707222
RMS: 0.005879305303096771, MAX: 0.11508281528949738
RMS: 0.004629022907465696, MAX: 0.09594984352588654
RMS: 0.004747343715280294, MAX: 0.06706944108009338
RMS: 0.0033336186315864325, MAX: 0.01657545194029808
RMS: 0.004472755361348391, MAX: 0.050551243126392365
RMS: 0.0035495590418577194, MAX: 0.015148482285439968
RMS: 0.0045646559447050095, MAX: 0.04616633802652359
RMS: 0.004066029563546181, MAX: 0.02819630317389965
RMS: 0.005060977302491665, MAX: 0.052639901638031006
RMS: 0.005532592069357634, MAX: 0.08230826258659363
RMS: 0.0065611861646175385, MAX: 0.0799778401851654
RMS: 0.007187993731349707, MAX: 0.124088816344738
RMS: 0.007849538698792458, MAX: 0.06275209784507751
RMS: 0.008887755684554577, MAX: 0.06809841096401215
RMS: 0.008232132531702518, MAX: 0.05862283334136009
RMS: 0.015318253077566624, MAX: 0.3370189666748047
RMS: 0.012936042621731758, MAX: 0.13646197319030762
RMS: 0.012528412975370884, MAX: 0.19932569563388824
RMS: 0.010371409356594086, MAX: 0.10145112127065659
RMS: 0.0089548509567976, MAX: 0.18090952932834625
RMS: 0.0053202323615550995, MAX: 0.04310077056288719
RMS: 0.005639365408569574, MAX: 0.0323907695710659
RMS: 0.007826111279428005, MAX: 0.07826942950487137
RMS: 0.006812478415668011, MAX: 0.06396843492984772
RMS: 0.01412086933851242, MAX: 0.1960647702217102
RMS: 0.011927947402000427, MAX: 0.0670749843120575
RMS: 0.00858329702168703, MAX: 0.14685022830963135
RMS: 0.009901512414216995, MAX: 0.14988726377487183
RMS: 0.00884929671883583, MAX: 0.18848496675491333
RMS: 0.00692389253526926, MAX: 0.0515325590968132
RMS: 0.01175388041883707, MAX: 0.19007830321788788
RMS: 0.008036286570131779, MAX: 0.05775947868824005
RMS: 0.009085847064852715, MAX: 0.16395480930805206
RMS: 0.006352270487695932, MAX: 0.03647388890385628
RMS: 0.007446601055562496, MAX: 0.13657844066619873
RMS: 0.006621594075113535, MAX: 0.03352736681699753
RMS: 0.0068848454393446445, MAX: 0.08777593076229095
RMS: 0.0034056573640555143, MAX: 0.02216983586549759
RMS: 0.0067664859816432, MAX: 0.04885316640138626
RMS: 0.005608952604234219, MAX: 0.030073918402194977
RMS: 0.007013157941401005, MAX: 0.05089040473103523
RMS: 0.0055251517333090305, MAX: 0.03091738186776638
RMS: 0.005337892100214958, MAX: 0.028832439333200455
RMS: 0.005012418609112501, MAX: 0.050595805048942566
RMS: 0.0065986765548586845, MAX: 0.06205663084983826
RMS: 0.016235193237662315, MAX: 0.15652146935462952
RMS: 0.012871604412794113, MAX: 0.07242650538682938
RMS: 0.012742145918309689, MAX: 0.2151341438293457
RMS: 0.011204909533262253, MAX: 0.24167504906654358
RMS: 0.0069083538837730885, MAX: 0.06025594472885132
RMS: 0.010792302899062634, MAX: 0.2908555567264557
RMS: 0.010530365630984306, MAX: 0.190837562084198
RMS: 0.005653420463204384, MAX: 0.037037476897239685
RMS: 0.007327578496187925, MAX: 0.08965980261564255
RMS: 0.004451750312000513, MAX: 0.047382306307554245
RMS: 0.0047758398577570915, MAX: 0.057832270860672
RMS: 0.004354373551905155, MAX: 0.02504565380513668
RMS: 0.004472020547837019, MAX: 0.05706196650862694
RMS: 0.0027893437072634697, MAX: 0.018860692158341408
RMS: 0.004412220325320959, MAX: 0.04701174423098564
RMS: 0.0076148295775055885, MAX: 0.07572673261165619
RMS: 0.005195215344429016, MAX: 0.04437250271439552
RMS: 0.00823909044265747, MAX: 0.0938112810254097
RMS: 0.017497437074780464, MAX: 0.18469944596290588
RMS: 0.011106395162642002, MAX: 0.08360958844423294
RMS: 0.01601460576057434, MAX: 0.2750844657421112
RMS: 0.011702550575137138, MAX: 0.13280166685581207
RMS: 0.008274288848042488, MAX: 0.12335436791181564
RMS: 0.010998672805726528, MAX: 0.1025143712759018
RMS: 0.015228060074150562, MAX: 0.18134288489818573
RMS: 0.01001435425132513, MAX: 0.14783699810504913
RMS: 0.015562983229756355, MAX: 0.28290027379989624
RMS: 0.014086487703025341, MAX: 0.27559974789619446
RMS: 0.010143416933715343, MAX: 0.1526469588279724
RMS: 0.012380811385810375, MAX: 0.21216771006584167
RMS: 0.011742283590137959, MAX: 0.10775453597307205
RMS: 0.014228911139070988, MAX: 0.27531641721725464
RMS: 0.015630025416612625, MAX: 0.27404043078422546
RMS: 0.007096126675605774, MAX: 0.09659869223833084
RMS: 0.009921560063958168, MAX: 0.12255716323852539
RMS: 0.008527152240276337, MAX: 0.15013408660888672
RMS: 0.005773630924522877, MAX: 0.03824522718787193
RMS: 0.007035484071820974, MAX: 0.10043621063232422
RMS: 0.003862255485728383, MAX: 0.023526709526777267
RMS: 0.0057547385804355145, MAX: 0.07226786762475967
RMS: 0.004744546487927437, MAX: 0.03444978967308998
RMS: 0.0050758072175085545, MAX: 0.061525747179985046
RMS: 0.0032404721714556217, MAX: 0.031573906540870667
RMS: 0.004694355186074972, MAX: 0.052058394998311996
RMS: 0.014946694485843182, MAX: 0.14172443747520447
RMS: 0.016976505517959595, MAX: 0.1972711682319641
RMS: 0.01718909852206707, MAX: 0.24341660737991333
RMS: 0.017069576308131218, MAX: 0.24287119507789612
RMS: 0.016600606963038445, MAX: 0.17531168460845947
RMS: 0.009205255657434464, MAX: 0.10807178169488907
RMS: 0.013923871330916882, MAX: 0.11616592109203339
RMS: 0.007687068544328213, MAX: 0.12378636747598648
RMS: 0.01359553448855877, MAX: 0.15936414897441864
RMS: 0.009482050314545631, MAX: 0.15399867296218872
RMS: 0.013766634277999401, MAX: 0.22504496574401855
RMS: 0.02080029435455799, MAX: 0.4235804080963135
RMS: 0.018184829503297806, MAX: 0.3878355324268341
RMS: 0.02156466618180275, MAX: 0.4606364965438843
RMS: 0.008106675930321217, MAX: 0.059413790702819824
RMS: 0.007453349884599447, MAX: 0.04391063377261162
RMS: 0.006971363443881273, MAX: 0.028680969029664993
RMS: 0.004296170547604561, MAX: 0.03166397288441658
RMS: 0.0027765913400799036, MAX: 0.016073038801550865
RMS: 0.003865939099341631, MAX: 0.03148864954710007
RMS: 0.004254128318279982, MAX: 0.019708728417754173
RMS: 0.005087454803287983, MAX: 0.021705862134695053
RMS: 0.014652871526777744, MAX: 0.0612373873591423
RMS: 0.00928631704300642, MAX: 0.05070892721414566
RMS: 0.014519793912768364, MAX: 0.0987788662314415
RMS: 0.008838962763547897, MAX: 0.07115737348794937
RMS: 0.00696423789486289, MAX: 0.03650097921490669
RMS: 0.006222440395504236, MAX: 0.0810784325003624
RMS: 0.0056147500872612, MAX: 0.0314788743853569
RMS: 0.005151370540261269, MAX: 0.06133999302983284
RMS: 0.0028944520745426416, MAX: 0.014505062252283096
RMS: 0.003695668885484338, MAX: 0.037338390946388245
RMS: 0.007153415586799383, MAX: 0.08313991874456406
RMS: 0.008397946134209633, MAX: 0.1578221470117569
RMS: 0.009644848294556141, MAX: 0.1630997359752655
RMS: 0.010527553968131542, MAX: 0.19647857546806335
RMS: 0.009606193751096725, MAX: 0.07255152612924576
RMS: 0.0075833057053387165, MAX: 0.09581568092107773
RMS: 0.004400196950882673, MAX: 0.031613439321517944
RMS: 0.007417062763124704, MAX: 0.07003506273031235
RMS: 0.01061367616057396, MAX: 0.16987620294094086
RMS: 0.010708808898925781, MAX: 0.15031440556049347
RMS: 0.012515351176261902, MAX: 0.20635850727558136
RMS: 0.009125916287302971, MAX: 0.08190955221652985
RMS: 0.010822203010320663, MAX: 0.10767779499292374
RMS: 0.007554769515991211, MAX: 0.07288113981485367
RMS: 0.004509564023464918, MAX: 0.025423014536499977
RMS: 0.006566209718585014, MAX: 0.06714416295289993
RMS: 0.01136622205376625, MAX: 0.1314333975315094
RMS: 0.010621382854878902, MAX: 0.1320698857307434
RMS: 0.01417616568505764, MAX: 0.1850115954875946
RMS: 0.013182888738811016, MAX: 0.1694670170545578
RMS: 0.008943344466388226, MAX: 0.08972842991352081
RMS: 0.004272286780178547, MAX: 0.053963903337717056
RMS: 0.007787770591676235, MAX: 0.07788953185081482
RMS: 0.011305445805191994, MAX: 0.14406564831733704
RMS: 0.011165909469127655, MAX: 0.13628648221492767
RMS: 0.013427633792161942, MAX: 0.17235709726810455
RMS: 0.011324304156005383, MAX: 0.1329239159822464
RMS: 0.011012030765414238, MAX: 0.13382337987422943
RMS: 0.006648533046245575, MAX: 0.08040781319141388
RMS: 0.01202930137515068, MAX: 0.16278617084026337
RMS: 0.009444399736821651, MAX: 0.1362573653459549
RMS: 0.006047102157026529, MAX: 0.07594219595193863
RMS: 0.004501743707805872, MAX: 0.04794535040855408
RMS: 0.005889537278562784, MAX: 0.07444295287132263
RMS: 0.007100791670382023, MAX: 0.11971018463373184
RMS: 0.007998756133019924, MAX: 0.12041875720024109
RMS: 0.009156055748462677, MAX: 0.14717525243759155
RMS: 0.008211235515773296, MAX: 0.09220585227012634
RMS: 0.008299387991428375, MAX: 0.09337850660085678
RMS: 0.00946551188826561, MAX: 0.15529637038707733
RMS: 0.010482501238584518, MAX: 0.14125889539718628
RMS: 0.010790703818202019, MAX: 0.16163252294063568
RMS: 0.016245296224951744, MAX: 0.24405363202095032
RMS: 0.013370038941502571, MAX: 0.24835039675235748
RMS: 0.018455825746059418, MAX: 0.32287973165512085
RMS: 0.015705358237028122, MAX: 0.2980515956878662
RMS: 0.01987312361598015, MAX: 0.3979432284832001
RMS: 0.007281519006937742, MAX: 0.09318454563617706
RMS: 0.019343266263604164, MAX: 0.4223636984825134
RMS: 0.008636141195893288, MAX: 0.1793106347322464
RMS: 0.015516916289925575, MAX: 0.32302233576774597
RMS: 0.011064590886235237, MAX: 0.13399960100650787
RMS: 0.015325465239584446, MAX: 0.35056450963020325
RMS: 0.011073809117078781, MAX: 0.21054242551326752
RMS: 0.016514364629983902, MAX: 0.2857567369937897
RMS: 0.008142217993736267, MAX: 0.06756917387247086
RMS: 0.016286911442875862, MAX: 0.2825455069541931
RMS: 0.010090639814734459, MAX: 0.10761711001396179
RMS: 0.012109543196856976, MAX: 0.1760224848985672
RMS: 0.006265219766646624, MAX: 0.06830590218305588
RMS: 0.01186890248209238, MAX: 0.17035847902297974
RMS: 0.007195240817964077, MAX: 0.11596999317407608
RMS: 0.007549179717898369, MAX: 0.11094219982624054
RMS: 0.008973158895969391, MAX: 0.07045085728168488
RMS: 0.009560598991811275, MAX: 0.1327311098575592
RMS: 0.013689208775758743, MAX: 0.15112030506134033
RMS: 0.009231687523424625, MAX: 0.09820558875799179
RMS: 0.011141102761030197, MAX: 0.10995662212371826
RMS: 0.00694826478138566, MAX: 0.08997761458158493
RMS: 0.00801544263958931, MAX: 0.08676356822252274
RMS: 0.009027274325489998, MAX: 0.11798731982707977
RMS: 0.01093469001352787, MAX: 0.12566807866096497
RMS: 0.002745698904618621, MAX: 0.031384486705064774
RMS: 0.0044998652301728725, MAX: 0.047025784850120544
RMS: 0.003664689138531685, MAX: 0.044298913329839706
RMS: 0.00754198944196105, MAX: 0.09143424034118652
RMS: 0.011727972887456417, MAX: 0.17329560220241547
RMS: 0.010536698624491692, MAX: 0.1485709697008133
RMS: 0.015370422042906284, MAX: 0.23231302201747894
RMS: 0.012510710395872593, MAX: 0.1548551470041275
RMS: 0.009653402492403984, MAX: 0.11806231737136841
RMS: 0.005742765963077545, MAX: 0.0683034360408783
RMS: 0.009762244299054146, MAX: 0.14436955749988556
RMS: 0.005810155067592859, MAX: 0.09126376360654831
RMS: 0.008653087541460991, MAX: 0.1319253146648407
RMS: 0.007794329896569252, MAX: 0.12228499352931976
RMS: 0.010560698807239532, MAX: 0.16660355031490326
RMS: 0.009403994306921959, MAX: 0.1566878706216812
RMS: 0.013457922264933586, MAX: 0.20784251391887665
RMS: 0.006752480287104845, MAX: 0.10181909054517746
RMS: 0.01451689563691616, MAX: 0.23692317306995392
RMS: 0.00986386463046074, MAX: 0.1555350124835968
RMS: 0.012242719531059265, MAX: 0.21319925785064697
RMS: 0.003897718619555235, MAX: 0.025465648621320724
RMS: 0.011849516071379185, MAX: 0.20590859651565552
RMS: 0.005660880822688341, MAX: 0.08045461028814316
RMS: 0.007130518555641174, MAX: 0.1134016290307045
RMS: 0.0038591306656599045, MAX: 0.03565625846385956
RMS: 0.0071511040441691875, MAX: 0.10981060564517975
RMS: 0.006554239895194769, MAX: 0.08020182698965073
RMS: 0.009196335449814796, MAX: 0.09178345650434494
RMS: 0.004887968767434359, MAX: 0.05196709185838699
RMS: 0.0020965514704585075, MAX: 0.0175300482660532
RMS: 0.0030352671165019274, MAX: 0.029721593484282494
RMS: 0.014499344862997532, MAX: 0.18134963512420654
RMS: 0.006728265434503555, MAX: 0.0932549387216568
RMS: 0.015551512129604816, MAX: 0.20592579245567322
RMS: 0.01361910905689001, MAX: 0.12836721539497375
RMS: 0.004995687399059534, MAX: 0.06803273409605026
RMS: 0.004008629359304905, MAX: 0.04085191339254379
RMS: 0.00526402285322547, MAX: 0.04954231530427933
RMS: 0.0028725462034344673, MAX: 0.02277465909719467
RMS: 0.005428186617791653, MAX: 0.0501088872551918
RMS: 0.007223587948828936, MAX: 0.06302846968173981
RMS: 0.011043247766792774, MAX: 0.07998176664113998
RMS: 0.009814859367907047, MAX: 0.08392537385225296
RMS: 0.011869609355926514, MAX: 0.08599215000867844
RMS: 0.011449450626969337, MAX: 0.09052404761314392
RMS: 0.005734285805374384, MAX: 0.0431487150490284
RMS: 0.011530132032930851, MAX: 0.10816416889429092
RMS: 0.007059863302856684, MAX: 0.06625669449567795
RMS: 0.009507940150797367, MAX: 0.11091165989637375
RMS: 0.006115258671343327, MAX: 0.07638884335756302
RMS: 0.010258185677230358, MAX: 0.13383716344833374
RMS: 0.007483422290533781, MAX: 0.10643238574266434
RMS: 0.009618560783565044, MAX: 0.1348152607679367
RMS: 0.005089615471661091, MAX: 0.04620903730392456
RMS: 0.009163875132799149, MAX: 0.15125539898872375
RMS: 0.005885768216103315, MAX: 0.09451813995838165
RMS: 0.006283813156187534, MAX: 0.11875176429748535
RMS: 0.00497489795088768, MAX: 0.03622101619839668
RMS: 0.00708375358954072, MAX: 0.1269066035747528
RMS: 0.006412742659449577, MAX: 0.0835161879658699
RMS: 0.004907094407826662, MAX: 0.07363226264715195
RMS: 0.0033360517118126154, MAX: 0.027292659506201744
RMS: 0.005384171847254038, MAX: 0.0748777687549591
RMS: 0.005857293494045734, MAX: 0.05663842707872391
RMS: 0.0025321298744529486, MAX: 0.019601820036768913
RMS: 0.003932751249521971, MAX: 0.024643220007419586
RMS: 0.013000664301216602, MAX: 0.09864657372236252
RMS: 0.007357186637818813, MAX: 0.0531054250895977
RMS: 0.014339457266032696, MAX: 0.1093619167804718
RMS: 0.012798699550330639, MAX: 0.09605395793914795
RMS: 0.008454014547169209, MAX: 0.05248260870575905
RMS: 0.004038884304463863, MAX: 0.01880071312189102
RMS: 0.008009971119463444, MAX: 0.05730481818318367
RMS: 0.004867423325777054, MAX: 0.03248855844140053
RMS: 0.006044398527592421, MAX: 0.04920363053679466
RMS: 0.004483574535697699, MAX: 0.02103777974843979
RMS: 0.0068643782287836075, MAX: 0.05242495238780975
RMS: 0.005247720051556826, MAX: 0.026493635028600693
RMS: 0.006800679489970207, MAX: 0.03661277890205383
RMS: 0.006766011938452721, MAX: 0.03734126314520836
RMS: 0.00841700192540884, MAX: 0.04420362040400505
RMS: 0.009460601024329662, MAX: 0.04987055063247681
RMS: 0.004421593155711889, MAX: 0.022961212322115898
RMS: 0.0035684204194694757, MAX: 0.018158789724111557
RMS: 0.004164292011409998, MAX: 0.023415232077240944
RMS: 0.004131709691137075, MAX: 0.021881302818655968
RMS: 0.0005370246944949031, MAX: 0.004859449807554483
Optimization converged!
Eigenvector following terminated normally.
[ 0.        +458.33693829j  0.          +2.71753721j
  0.          +1.985441j    0.          +1.62870212j
  0.          +1.28570504j  0.          +0.98556455j
  0.          +0.64441267j 11.33219634  +0.j
 13.57860784  +0.j         21.40713305  +0.j
 26.43509959  +0.j         30.09172375  +0.j
 39.2271139   +0.j         43.88954963  +0.j
 46.82358067  +0.j         57.29706635  +0.j
 60.38309332  +0.j         68.8307051   +0.j
 72.45190998  +0.j         82.08055656  +0.j        ]
Flipping all imaginary frequencies except the lowest one
Entropy components at T = 298.15 K and P = 101325.0 Pa:
=================================================
                           S               T*S
S_trans (1 bar)    0.0019477 eV/K        0.581 eV
S_rot              0.0016535 eV/K        0.493 eV
S_elec             0.0000000 eV/K        0.000 eV
S_vib              0.0068351 eV/K        2.038 eV
S (1 bar -> P)    -0.0000011 eV/K       -0.000 eV
-------------------------------------------------
S                  0.0104351 eV/K        3.111 eV
=================================================
Enthalpy components at T = 298.15 K:
===============================
E_pot                 -2.571 eV
E_ZPE                 17.394 eV
Cv_trans (0->T)        0.039 eV
Cv_rot (0->T)          0.039 eV
Cv_vib (0->T)          0.969 eV
(C_v -> C_p)           0.026 eV
-------------------------------
H                     15.895 eV
===============================
