You need to install the group's fork of aRMSD and put it in your path https://github.mit.edu/MLMat/aRMSD
[ 0.        +5.17519905e+02j  0.        +5.89390909e+00j
  0.        +1.03511542e+00j  0.        +8.58314959e-01j
  0.        +4.34043465e-01j  3.1788687 +0.00000000e+00j
  5.52885084+0.00000000e+00j 18.16513404+0.00000000e+00j
 25.76044119+0.00000000e+00j 28.54158502+0.00000000e+00j
 34.5571119 +0.00000000e+00j 35.13585246+0.00000000e+00j
 47.07804784+0.00000000e+00j 53.19933132+0.00000000e+00j
 59.88988304+0.00000000e+00j 64.58594459+0.00000000e+00j
 70.91285804+0.00000000e+00j 76.26430293+0.00000000e+00j
 85.90951366+0.00000000e+00j 96.83867439+0.00000000e+00j]
Entropy components at T = 298.15 K and P = 101325.0 Pa:
=================================================
                           S               T*S
S_trans (1 bar)    0.0019301 eV/K        0.575 eV
S_rot              0.0015961 eV/K        0.476 eV
S_elec             0.0000000 eV/K        0.000 eV
S_vib              0.0056062 eV/K        1.671 eV
S (1 bar -> P)    -0.0000011 eV/K       -0.000 eV
-------------------------------------------------
S                  0.0091312 eV/K        2.722 eV
=================================================
Enthalpy components at T = 298.15 K:
===============================
E_pot                 -4.865 eV
E_ZPE                 15.356 eV
Cv_trans (0->T)        0.039 eV
Cv_rot (0->T)          0.039 eV
Cv_vib (0->T)          0.811 eV
(C_v -> C_p)           0.026 eV
-------------------------------
H                     11.405 eV
===============================
RMS: 0.018756680190563202, MAX: 0.936549186706543
RMS: 0.009109217673540115, MAX: 0.41766300797462463
RMS: 0.002873420249670744, MAX: 0.044098254293203354
RMS: 0.0032023878302425146, MAX: 0.09509266912937164
RMS: 0.0038088771980255842, MAX: 0.1127745732665062
RMS: 0.004499502945691347, MAX: 0.10547085851430893
RMS: 0.004991623107343912, MAX: 0.07672405987977982
RMS: 0.0051847463473677635, MAX: 0.07335419952869415
RMS: 0.005242940504103899, MAX: 0.06273917853832245
RMS: 0.00510638440027833, MAX: 0.037098079919815063
RMS: 0.004586037248373032, MAX: 0.020483287051320076
RMS: 0.0044217826798558235, MAX: 0.04142392799258232
RMS: 0.004217441659420729, MAX: 0.07569979131221771
RMS: 0.0036500857677310705, MAX: 0.09322700649499893
RMS: 0.0030003192368894815, MAX: 0.07803285121917725
RMS: 0.0012909829383715987, MAX: 0.019474109634757042
RMS: 0.0026211426593363285, MAX: 0.021294299513101578
RMS: 0.003675467800348997, MAX: 0.03431519865989685
RMS: 0.00430103437975049, MAX: 0.045520633459091187
RMS: 0.0029238355346024036, MAX: 0.030532196164131165
RMS: 0.0027974925469607115, MAX: 0.027392840012907982
RMS: 0.0025555137544870377, MAX: 0.014520488679409027
RMS: 0.0019292866345494986, MAX: 0.01607665978372097
RMS: 0.001998909516260028, MAX: 0.015024637803435326
RMS: 0.0016968878917396069, MAX: 0.010293088853359222
RMS: 0.0016281520947813988, MAX: 0.015729829668998718
RMS: 0.0017645868938416243, MAX: 0.01213094498962164
RMS: 0.001738937571644783, MAX: 0.018082395195961
RMS: 0.004931418690830469, MAX: 0.04778334125876427
RMS: 0.0020139541011303663, MAX: 0.013101612217724323
RMS: 0.003068548394367099, MAX: 0.028563007712364197
RMS: 0.002495495369657874, MAX: 0.02353765070438385
RMS: 0.0015155215514823794, MAX: 0.011754215694963932
RMS: 0.001543640741147101, MAX: 0.010710294358432293
RMS: 0.0008468630840070546, MAX: 0.00597190298140049
RMS: 0.0011954504298046231, MAX: 0.004508056677877903
Optimization converged!
Eigenvector following terminated normally.
[ 0.        +5.00850417e+02j  0.        +1.77230524e+00j
  0.        +9.76445817e-01j  0.        +7.30656327e-01j
  0.        +2.12035006e-01j  0.34706384+0.00000000e+00j
  0.68284928+0.00000000e+00j 20.48493666+0.00000000e+00j
 22.05506125+0.00000000e+00j 31.31697444+0.00000000e+00j
 43.17648584+0.00000000e+00j 48.30491448+0.00000000e+00j
 51.00159376+0.00000000e+00j 56.85468298+0.00000000e+00j
 61.85488292+0.00000000e+00j 68.11862541+0.00000000e+00j
 77.44723661+0.00000000e+00j 78.2146334 +0.00000000e+00j
 82.69440116+0.00000000e+00j 99.4660918 +0.00000000e+00j]
Flipping all imaginary frequencies except the lowest one
Entropy components at T = 298.15 K and P = 101325.0 Pa:
=================================================
                           S               T*S
S_trans (1 bar)    0.0019301 eV/K        0.575 eV
S_rot              0.0015963 eV/K        0.476 eV
S_elec             0.0000000 eV/K        0.000 eV
S_vib              0.0055308 eV/K        1.649 eV
S (1 bar -> P)    -0.0000011 eV/K       -0.000 eV
-------------------------------------------------
S                  0.0090561 eV/K        2.700 eV
=================================================
Enthalpy components at T = 298.15 K:
===============================
E_pot                 -4.889 eV
E_ZPE                 15.367 eV
Cv_trans (0->T)        0.039 eV
Cv_rot (0->T)          0.039 eV
Cv_vib (0->T)          0.809 eV
(C_v -> C_p)           0.026 eV
-------------------------------
H                     11.391 eV
===============================
