You need to install the group's fork of aRMSD and put it in your path https://github.mit.edu/MLMat/aRMSD
[  0.        +491.52488785j   0.          +8.6785489j
   0.          +2.18473375j   0.          +1.46700233j
   0.          +1.12976838j   2.0774594   +0.j
   3.49210002  +0.j           5.7501707   +0.j
  13.93470328  +0.j          18.67908548  +0.j
  22.61079305  +0.j          26.23146259  +0.j
  51.90407988  +0.j          55.84662972  +0.j
  66.51711213  +0.j          70.128494    +0.j
  74.05526919  +0.j          82.92837619  +0.j
  97.60282353  +0.j         115.8552694   +0.j        ]
Entropy components at T = 298.15 K and P = 101325.0 Pa:
=================================================
                           S               T*S
S_trans (1 bar)    0.0019060 eV/K        0.568 eV
S_rot              0.0016345 eV/K        0.487 eV
S_elec             0.0000000 eV/K        0.000 eV
S_vib              0.0054521 eV/K        1.626 eV
S (1 bar -> P)    -0.0000011 eV/K       -0.000 eV
-------------------------------------------------
S                  0.0089915 eV/K        2.681 eV
=================================================
Enthalpy components at T = 298.15 K:
===============================
E_pot                  0.701 eV
E_ZPE                 16.246 eV
Cv_trans (0->T)        0.039 eV
Cv_rot (0->T)          0.039 eV
Cv_vib (0->T)          0.751 eV
(C_v -> C_p)           0.026 eV
-------------------------------
H                     17.800 eV
===============================
RMS: 0.008699363097548485, MAX: 0.27907922863960266
RMS: 0.004911316093057394, MAX: 0.15131403505802155
RMS: 0.001644960604608059, MAX: 0.02469141222536564
RMS: 0.002424850594252348, MAX: 0.0572834387421608
RMS: 0.0024286049883812666, MAX: 0.04604647681117058
RMS: 0.0024163504131138325, MAX: 0.033383361995220184
RMS: 0.002484577940776944, MAX: 0.02496311254799366
RMS: 0.002407584572210908, MAX: 0.017924435436725616
RMS: 0.0021863679867237806, MAX: 0.013994982466101646
RMS: 0.0018003239529207349, MAX: 0.009838146157562733
RMS: 0.0012970112729817629, MAX: 0.005443461239337921
RMS: 0.002188984304666519, MAX: 0.01021235715597868
RMS: 0.0012505906634032726, MAX: 0.005490649025887251
RMS: 0.0011600321158766747, MAX: 0.006879354361444712
RMS: 0.0011683922493830323, MAX: 0.008240009658038616
RMS: 0.0010112682357430458, MAX: 0.007605321705341339
RMS: 0.0008888442534953356, MAX: 0.005265646614134312
RMS: 0.0005663334741257131, MAX: 0.0030430650804191828
Optimization converged!
Eigenvector following terminated normally.
[  0.        +482.94279429j   0.          +2.17600021j
   0.          +1.89933391j   0.          +1.64984858j
   0.          +1.1065487j    0.          +0.76596987j
   0.99658775  +0.j           5.70683919  +0.j
  13.39094497  +0.j          18.71812847  +0.j
  22.16821381  +0.j          29.54942566  +0.j
  50.73698318  +0.j          56.98117536  +0.j
  68.27444753  +0.j          70.46776212  +0.j
  74.08052373  +0.j          83.04187217  +0.j
  99.2169459   +0.j         115.6992363   +0.j        ]
Flipping all imaginary frequencies except the lowest one
Entropy components at T = 298.15 K and P = 101325.0 Pa:
=================================================
                           S               T*S
S_trans (1 bar)    0.0019060 eV/K        0.568 eV
S_rot              0.0016347 eV/K        0.487 eV
S_elec             0.0000000 eV/K        0.000 eV
S_vib              0.0053981 eV/K        1.609 eV
S (1 bar -> P)    -0.0000011 eV/K       -0.000 eV
-------------------------------------------------
S                  0.0089377 eV/K        2.665 eV
=================================================
Enthalpy components at T = 298.15 K:
===============================
E_pot                  0.692 eV
E_ZPE                 16.245 eV
Cv_trans (0->T)        0.039 eV
Cv_rot (0->T)          0.039 eV
Cv_vib (0->T)          0.750 eV
(C_v -> C_p)           0.026 eV
-------------------------------
H                     17.789 eV
===============================
