[ 0.        +7.38224004e+02j  0.        +1.90763512e+00j
  0.        +1.34044644e+00j  0.        +1.00525322e+00j
  0.        +8.17799956e-01j  0.        +6.06731282e-01j
  0.        +3.52681012e-01j 10.68402479+0.00000000e+00j
 15.88567249+0.00000000e+00j 20.35933437+0.00000000e+00j
 22.73981144+0.00000000e+00j 30.29987154+0.00000000e+00j
 33.79007356+0.00000000e+00j 39.89618609+0.00000000e+00j
 44.11024921+0.00000000e+00j 48.82077912+0.00000000e+00j
 51.97231054+0.00000000e+00j 60.91941972+0.00000000e+00j
 66.08313587+0.00000000e+00j 75.1801678 +0.00000000e+00j]
Entropy components at T = 298.15 K and P = 101325.0 Pa:
=================================================
                           S               T*S
S_trans (1 bar)    0.0019477 eV/K        0.581 eV
S_rot              0.0016667 eV/K        0.497 eV
S_elec             0.0000000 eV/K        0.000 eV
S_vib              0.0069453 eV/K        2.071 eV
S (1 bar -> P)    -0.0000011 eV/K       -0.000 eV
-------------------------------------------------
S                  0.0105585 eV/K        3.148 eV
=================================================
Enthalpy components at T = 298.15 K:
===============================
E_pot                 -2.517 eV
E_ZPE                 17.382 eV
Cv_trans (0->T)        0.039 eV
Cv_rot (0->T)          0.039 eV
Cv_vib (0->T)          0.969 eV
(C_v -> C_p)           0.026 eV
-------------------------------
H                     15.937 eV
===============================
Generating forward path to find forward triplet crossing
Did not find a triplet crossing after 500 steps
Generating backward path to find backward triplet crossing
Did not find a triplet crossing after 500 steps
Neural IRC terminated normally.
