[  0.        +7.73818957e+02j   0.        +1.36014044e+00j
   0.        +1.20971444e+00j   0.        +9.54344555e-01j
   0.        +7.01562844e-01j   0.        +4.81034821e-01j
   0.81538666+0.00000000e+00j  14.29620713+0.00000000e+00j
  21.36279969+0.00000000e+00j  29.8151788 +0.00000000e+00j
  30.80813402+0.00000000e+00j  33.36109947+0.00000000e+00j
  35.13109924+0.00000000e+00j  42.93102581+0.00000000e+00j
  49.36206892+0.00000000e+00j  50.20211798+0.00000000e+00j
  60.86742916+0.00000000e+00j  75.37623773+0.00000000e+00j
  96.42485189+0.00000000e+00j 100.48218564+0.00000000e+00j]
Entropy components at T = 298.15 K and P = 101325.0 Pa:
=================================================
                           S               T*S
S_trans (1 bar)    0.0019301 eV/K        0.575 eV
S_rot              0.0016217 eV/K        0.484 eV
S_elec             0.0000000 eV/K        0.000 eV
S_vib              0.0057748 eV/K        1.722 eV
S (1 bar -> P)    -0.0000011 eV/K       -0.000 eV
-------------------------------------------------
S                  0.0093255 eV/K        2.780 eV
=================================================
Enthalpy components at T = 298.15 K:
===============================
E_pot                 -5.106 eV
E_ZPE                 15.304 eV
Cv_trans (0->T)        0.039 eV
Cv_rot (0->T)          0.039 eV
Cv_vib (0->T)          0.818 eV
(C_v -> C_p)           0.026 eV
-------------------------------
H                     11.119 eV
===============================
Generating initial displacements from TS... 
Generated displacements!
Generating forward IRC path
IRC converged after 11 steps!
Generating backward IRC path
IRC converged after 30 steps!
IRC saved to ./irc.pickle
Neural IRC terminated normally.
