You need to install the group's fork of aRMSD and put it in your path https://github.mit.edu/MLMat/aRMSD
[ 0.        +405.35542971j  0.          +3.97679534j
  0.          +2.93148836j  0.          +2.08160006j
  0.          +2.02849265j  4.91579105  +0.j
  5.82267544  +0.j          9.31729219  +0.j
 14.73818121  +0.j         16.60998774  +0.j
 24.3873875   +0.j         31.90779757  +0.j
 35.3651756   +0.j         37.2228558   +0.j
 43.83793765  +0.j         49.29503342  +0.j
 50.37847717  +0.j         56.10348308  +0.j
 71.52769294  +0.j         76.36192579  +0.j        ]
Entropy components at T = 298.15 K and P = 101325.0 Pa:
=================================================
                           S               T*S
S_trans (1 bar)    0.0019477 eV/K        0.581 eV
S_rot              0.0016607 eV/K        0.495 eV
S_elec             0.0000000 eV/K        0.000 eV
S_vib              0.0070256 eV/K        2.095 eV
S (1 bar -> P)    -0.0000011 eV/K       -0.000 eV
-------------------------------------------------
S                  0.0106328 eV/K        3.170 eV
=================================================
Enthalpy components at T = 298.15 K:
===============================
E_pot                 -2.539 eV
E_ZPE                 17.426 eV
Cv_trans (0->T)        0.039 eV
Cv_rot (0->T)          0.039 eV
Cv_vib (0->T)          0.976 eV
(C_v -> C_p)           0.026 eV
-------------------------------
H                     15.966 eV
===============================
RMS: 0.013062278740108013, MAX: 0.3657607436180115
RMS: 0.005722344387322664, MAX: 0.24891872704029083
RMS: 0.005040372721850872, MAX: 0.24564410746097565
RMS: 0.002614751923829317, MAX: 0.0773291066288948
RMS: 0.0027415980584919453, MAX: 0.07995633780956268
RMS: 0.004275463987141848, MAX: 0.14916543662548065
RMS: 0.00473727285861969, MAX: 0.14088644087314606
RMS: 0.004600994288921356, MAX: 0.10807815194129944
RMS: 0.0043823812156915665, MAX: 0.07852322608232498
RMS: 0.004308616742491722, MAX: 0.055304624140262604
RMS: 0.004447987303137779, MAX: 0.03590334951877594
RMS: 0.004313386045396328, MAX: 0.026590513065457344
RMS: 0.0037243252154439688, MAX: 0.024078208953142166
RMS: 0.002983243903145194, MAX: 0.022148869931697845
RMS: 0.0025766247417777777, MAX: 0.019680920988321304
RMS: 0.0029338812455534935, MAX: 0.019072474911808968
RMS: 0.0022010300308465958, MAX: 0.016005869954824448
RMS: 0.003960479982197285, MAX: 0.03250594809651375
RMS: 0.0021770887542515993, MAX: 0.016085835173726082
RMS: 0.002630503848195076, MAX: 0.019188126549124718
RMS: 0.0020168775226920843, MAX: 0.02727486379444599
RMS: 0.003440909320488572, MAX: 0.02111661620438099
RMS: 0.002076821168884635, MAX: 0.014779798686504364
RMS: 0.004108957480639219, MAX: 0.03857726603746414
RMS: 0.0028028341475874186, MAX: 0.02121897228062153
RMS: 0.0032354812137782574, MAX: 0.04696466028690338
RMS: 0.002602814929559827, MAX: 0.021140694618225098
RMS: 0.0033523638267070055, MAX: 0.07136364281177521
RMS: 0.0016025888035073876, MAX: 0.028544817119836807
RMS: 0.003957547713071108, MAX: 0.06215720623731613
RMS: 0.0018142352346330881, MAX: 0.02536865882575512
RMS: 0.003385596675798297, MAX: 0.03168055787682533
RMS: 0.0020439508371055126, MAX: 0.04813872650265694
RMS: 0.002265918767079711, MAX: 0.015576265752315521
RMS: 0.0025969764683395624, MAX: 0.03521095961332321
RMS: 0.002388416789472103, MAX: 0.016793733462691307
RMS: 0.00177977723069489, MAX: 0.02691616863012314
RMS: 0.0026626032777130604, MAX: 0.025526508688926697
RMS: 0.0018325106939300895, MAX: 0.02970895543694496
RMS: 0.0013534935424104333, MAX: 0.013805088587105274
RMS: 0.0020721235778182745, MAX: 0.031227625906467438
RMS: 0.0008286741212941706, MAX: 0.007512078620493412
RMS: 0.0022460073232650757, MAX: 0.03597976639866829
RMS: 0.004480166360735893, MAX: 0.08232288062572479
RMS: 0.004700217396020889, MAX: 0.10650881379842758
RMS: 0.00486018555238843, MAX: 0.12277815490961075
RMS: 0.0053652022033929825, MAX: 0.13712356984615326
RMS: 0.005353566724807024, MAX: 0.10518298298120499
RMS: 0.0023790125269442797, MAX: 0.02640645205974579
RMS: 0.0015959395095705986, MAX: 0.03965163603425026
RMS: 0.0011603962630033493, MAX: 0.01612292230129242
RMS: 0.0015733599429950118, MAX: 0.018526993691921234
RMS: 0.001434051780961454, MAX: 0.008856336586177349
RMS: 0.0017750232946127653, MAX: 0.014201567508280277
RMS: 0.003930118400603533, MAX: 0.035652317106723785
RMS: 0.001895690686069429, MAX: 0.019700350239872932
RMS: 0.003919738810509443, MAX: 0.04593556374311447
RMS: 0.0020382804796099663, MAX: 0.02472199685871601
RMS: 0.003155758371576667, MAX: 0.04781241714954376
RMS: 0.0040515572763979435, MAX: 0.048612162470817566
RMS: 0.0030632822308689356, MAX: 0.0607522688806057
RMS: 0.0038385393563658, MAX: 0.056679967790842056
RMS: 0.0043656653724610806, MAX: 0.0721757709980011
RMS: 0.0024073829408735037, MAX: 0.02128320001065731
RMS: 0.003960025496780872, MAX: 0.05928708240389824
RMS: 0.001600631745532155, MAX: 0.016996124759316444
RMS: 0.001243006787262857, MAX: 0.009320839308202267
RMS: 0.001312906970269978, MAX: 0.010040543973445892
RMS: 0.0018275477923452854, MAX: 0.014899306930601597
RMS: 0.001735103433020413, MAX: 0.014232944697141647
RMS: 0.0019445241196081042, MAX: 0.016947494819760323
RMS: 0.0023481580428779125, MAX: 0.019397588446736336
RMS: 0.0009629974374547601, MAX: 0.00795075111091137
RMS: 0.0024547132197767496, MAX: 0.019054941833019257
RMS: 0.0013167897704988718, MAX: 0.009790410287678242
RMS: 0.0022345201577991247, MAX: 0.01873568817973137
RMS: 0.001143707544542849, MAX: 0.013188631273806095
RMS: 0.0024258813355118036, MAX: 0.02082747593522072
RMS: 0.0009729310404509306, MAX: 0.008931548334658146
RMS: 0.0014070303877815604, MAX: 0.01653793267905712
RMS: 0.0034958557225763798, MAX: 0.05403648689389229
RMS: 0.0024612718261778355, MAX: 0.038714900612831116
RMS: 0.003859835211187601, MAX: 0.05921662226319313
RMS: 0.0038347234949469566, MAX: 0.07308965176343918
RMS: 0.003736132988706231, MAX: 0.10986465960741043
RMS: 0.004517138935625553, MAX: 0.1081964299082756
RMS: 0.004205921199172735, MAX: 0.12002824991941452
RMS: 0.004888639785349369, MAX: 0.1435721218585968
RMS: 0.002558305161073804, MAX: 0.03800644725561142
RMS: 0.0046627637930214405, MAX: 0.1636081039905548
RMS: 0.0023248447105288506, MAX: 0.07773693650960922
RMS: 0.003389328019693494, MAX: 0.12674622237682343
RMS: 0.0030087181366980076, MAX: 0.09893228858709335
RMS: 0.003897026414051652, MAX: 0.1571618765592575
RMS: 0.003613842651247978, MAX: 0.1390974372625351
RMS: 0.003906661178916693, MAX: 0.1486121118068695
RMS: 0.0012585220392793417, MAX: 0.012368513271212578
RMS: 0.003754932200536132, MAX: 0.1519078016281128
RMS: 0.002193123335018754, MAX: 0.06667932868003845
RMS: 0.002327009802684188, MAX: 0.08819114416837692
RMS: 0.0013989589642733335, MAX: 0.017255552113056183
RMS: 0.0018216092139482498, MAX: 0.06728912144899368
RMS: 0.002109120599925518, MAX: 0.06102549657225609
RMS: 0.0028929426334798336, MAX: 0.09618290513753891
RMS: 0.002875681733712554, MAX: 0.08671694248914719
RMS: 0.00404759868979454, MAX: 0.1319979429244995
RMS: 0.0035521623212844133, MAX: 0.1082918792963028
RMS: 0.002435193629935384, MAX: 0.06857143342494965
RMS: 0.0018809017492458224, MAX: 0.051835186779499054
RMS: 0.002660495927557349, MAX: 0.08379878848791122
RMS: 0.002059303456917405, MAX: 0.06722162663936615
RMS: 0.00265634898096323, MAX: 0.09096294641494751
RMS: 0.0016047187382355332, MAX: 0.024251002818346024
RMS: 0.002953123999759555, MAX: 0.10112226754426956
RMS: 0.002564711030572653, MAX: 0.07063177973031998
RMS: 0.0012207655236124992, MAX: 0.039123281836509705
RMS: 0.0010941256769001484, MAX: 0.016160761937499046
RMS: 0.0012865143362432718, MAX: 0.04064634069800377
RMS: 0.0012442286824807525, MAX: 0.01902642473578453
RMS: 0.001422498025931418, MAX: 0.029182344675064087
RMS: 0.0018120292806997895, MAX: 0.036775995045900345
RMS: 0.0019199845846742392, MAX: 0.03995290771126747
RMS: 0.0022629876621067524, MAX: 0.04752963408827782
RMS: 0.002610924653708935, MAX: 0.05417361110448837
RMS: 0.001988485921174288, MAX: 0.04877191781997681
RMS: 0.003062124364078045, MAX: 0.0691862478852272
RMS: 0.0025465763173997402, MAX: 0.060239773243665695
RMS: 0.0033619566820561886, MAX: 0.08260504901409149
RMS: 0.0012636397732421756, MAX: 0.0178047064691782
RMS: 0.0034045723732560873, MAX: 0.08687479048967361
RMS: 0.0018416870152577758, MAX: 0.04056873172521591
RMS: 0.002741927746683359, MAX: 0.07228469103574753
RMS: 0.0011440678499639034, MAX: 0.017075739800930023
RMS: 0.0027178979944437742, MAX: 0.07590930163860321
RMS: 0.0013752251397818327, MAX: 0.03510012850165367
RMS: 0.0021580795291811228, MAX: 0.056627243757247925
RMS: 0.0010511621367186308, MAX: 0.007184334099292755
RMS: 0.0021078321151435375, MAX: 0.05495148152112961
RMS: 0.0016108008567243814, MAX: 0.025431890040636063
RMS: 0.0008561723516322672, MAX: 0.021260567009449005
RMS: 0.0010651833144947886, MAX: 0.015892913565039635
RMS: 0.0008641033782623708, MAX: 0.01965165324509144
RMS: 0.001202395069412887, MAX: 0.015502090565860271
RMS: 0.0011262361658737063, MAX: 0.010936176404356956
RMS: 0.000987889594398439, MAX: 0.012368851341307163
RMS: 0.00017633286188356578, MAX: 0.0009358855313621461
Optimization converged!
Eigenvector following terminated normally.
[ 0.        +475.18060647j  0.          +1.82845191j
  0.          +1.61625613j  0.          +1.42270194j
  0.          +1.18152233j  0.          +1.00007919j
  0.          +0.68133104j  9.85169744  +0.j
 17.59199994  +0.j         21.312985    +0.j
 24.84882744  +0.j         27.52028866  +0.j
 33.7814025   +0.j         37.01154309  +0.j
 41.9247575   +0.j         46.62519956  +0.j
 49.49933247  +0.j         56.35594953  +0.j
 65.71253098  +0.j         71.95810377  +0.j        ]
Flipping all imaginary frequencies except the lowest one
Entropy components at T = 298.15 K and P = 101325.0 Pa:
=================================================
                           S               T*S
S_trans (1 bar)    0.0019477 eV/K        0.581 eV
S_rot              0.0016596 eV/K        0.495 eV
S_elec             0.0000000 eV/K        0.000 eV
S_vib              0.0070348 eV/K        2.097 eV
S (1 bar -> P)    -0.0000011 eV/K       -0.000 eV
-------------------------------------------------
S                  0.0106409 eV/K        3.173 eV
=================================================
Enthalpy components at T = 298.15 K:
===============================
E_pot                 -2.569 eV
E_ZPE                 17.408 eV
Cv_trans (0->T)        0.039 eV
Cv_rot (0->T)          0.039 eV
Cv_vib (0->T)          0.978 eV
(C_v -> C_p)           0.026 eV
-------------------------------
H                     15.921 eV
===============================
