You need to install the group's fork of aRMSD and put it in your path https://github.mit.edu/MLMat/aRMSD
[  0.        +1.61942747j   0.        +1.0559019j
   0.        +0.74262668j   0.        +0.44013002j
   0.70282529+0.j           1.33178544+0.j
  14.82376837+0.j          19.23269714+0.j
  23.43827014+0.j          33.36331952+0.j
  33.86074533+0.j          43.12234007+0.j
  44.33999183+0.j          53.6385829 +0.j
  59.18790698+0.j          62.0661979 +0.j
  80.00524325+0.j          83.03344008+0.j
  96.54362339+0.j         104.85350402+0.j        ]
Entropy components at T = 298.15 K and P = 101325.0 Pa:
=================================================
                           S               T*S
S_trans (1 bar)    0.0019301 eV/K        0.575 eV
S_rot              0.0016083 eV/K        0.480 eV
S_elec             0.0000000 eV/K        0.000 eV
S_vib              0.0056533 eV/K        1.686 eV
S (1 bar -> P)    -0.0000011 eV/K       -0.000 eV
-------------------------------------------------
S                  0.0091905 eV/K        2.740 eV
=================================================
Enthalpy components at T = 298.15 K:
===============================
E_pot                 -6.396 eV
E_ZPE                 15.444 eV
Cv_trans (0->T)        0.039 eV
Cv_rot (0->T)          0.039 eV
Cv_vib (0->T)          0.804 eV
(C_v -> C_p)           0.026 eV
-------------------------------
H                      9.954 eV
===============================
