Optimizing input structure...
      Step     Time          Energy         fmax
BFGS:    0 08:02:56       -4.340349        5.2988
BFGS:    1 08:02:56       -4.906188        8.0542
BFGS:    2 08:02:56       -5.305334        2.9560
BFGS:    3 08:02:57       -5.460690        1.3242
BFGS:    4 08:02:57       -5.571279        0.4572
BFGS:    5 08:02:57       -5.669198        1.1172
BFGS:    6 08:02:57       -5.718557        0.5911
BFGS:    7 08:02:57       -5.761983        0.3262
BFGS:    8 08:02:57       -5.793765        0.4539
BFGS:    9 08:02:57       -5.826591        0.4765
BFGS:   10 08:02:58       -5.858813        0.3786
BFGS:   11 08:02:58       -5.890114        0.3057
BFGS:   12 08:02:58       -5.916315        0.3749
BFGS:   13 08:02:58       -5.935080        0.3533
BFGS:   14 08:02:58       -5.950386        0.2487
BFGS:   15 08:02:58       -5.966438        0.2471
BFGS:   16 08:02:58       -5.984314        0.2756
BFGS:   17 08:02:59       -5.997522        0.2146
BFGS:   18 08:02:59       -6.007731        0.1698
BFGS:   19 08:02:59       -6.016963        0.2138
BFGS:   20 08:02:59       -6.026478        0.2118
BFGS:   21 08:02:59       -6.034776        0.1968
BFGS:   22 08:02:59       -6.041776        0.1310
BFGS:   23 08:02:59       -6.048243        0.1319
BFGS:   24 08:02:59       -6.054459        0.1589
BFGS:   25 08:03:00       -6.059928        0.1165
BFGS:   26 08:03:00       -6.064744        0.1122
BFGS:   27 08:03:00       -6.069829        0.1618
BFGS:   28 08:03:00       -6.076024        0.1697
BFGS:   29 08:03:00       -6.083011        0.1417
BFGS:   30 08:03:00       -6.090132        0.1327
BFGS:   31 08:03:00       -6.097583        0.1388
BFGS:   32 08:03:00       -6.105800        0.1763
BFGS:   33 08:03:00       -6.114668        0.1720
BFGS:   34 08:03:00       -6.124269        0.1654
BFGS:   35 08:03:01       -6.135478        0.1907
BFGS:   36 08:03:01       -6.148175        0.1914
BFGS:   37 08:03:01       -6.161448        0.2096
BFGS:   38 08:03:01       -6.173198        0.2077
BFGS:   39 08:03:01       -6.184978        0.1700
BFGS:   40 08:03:01       -6.196635        0.1963
BFGS:   41 08:03:01       -6.204041        0.1391
BFGS:   42 08:03:01       -6.209658        0.1337
BFGS:   43 08:03:01       -6.214873        0.1808
BFGS:   44 08:03:01       -6.221180        0.1665
BFGS:   45 08:03:02       -6.229134        0.1507
BFGS:   46 08:03:02       -6.234959        0.1110
BFGS:   47 08:03:02       -6.239779        0.1284
BFGS:   48 08:03:02       -6.243912        0.1296
BFGS:   49 08:03:02       -6.248843        0.1221
BFGS:   50 08:03:02       -6.254499        0.1500
BFGS:   51 08:03:02       -6.259921        0.1587
BFGS:   52 08:03:02       -6.264664        0.1474
BFGS:   53 08:03:02       -6.268852        0.1150
BFGS:   54 08:03:02       -6.272888        0.1014
BFGS:   55 08:03:02       -6.276684        0.1176
BFGS:   56 08:03:03       -6.280002        0.1020
BFGS:   57 08:03:03       -6.282787        0.0877
BFGS:   58 08:03:03       -6.285459        0.1022
BFGS:   59 08:03:03       -6.288501        0.1056
BFGS:   60 08:03:03       -6.291942        0.0927
BFGS:   61 08:03:03       -6.294990        0.0796
BFGS:   62 08:03:03       -6.297800        0.0807
BFGS:   63 08:03:03       -6.300148        0.0792
BFGS:   64 08:03:03       -6.302414        0.0853
BFGS:   65 08:03:04       -6.304713        0.0767
BFGS:   66 08:03:04       -6.307118        0.0902
BFGS:   67 08:03:04       -6.309624        0.0838
BFGS:   68 08:03:04       -6.312134        0.0857
BFGS:   69 08:03:04       -6.314478        0.0793
BFGS:   70 08:03:04       -6.316599        0.0671
BFGS:   71 08:03:04       -6.318597        0.0828
BFGS:   72 08:03:05       -6.320582        0.0798
BFGS:   73 08:03:05       -6.322515        0.0668
BFGS:   74 08:03:05       -6.324269        0.0671
BFGS:   75 08:03:05       -6.325851        0.0714
BFGS:   76 08:03:05       -6.327419        0.0589
BFGS:   77 08:03:05       -6.329099        0.0754
BFGS:   78 08:03:05       -6.330959        0.0741
BFGS:   79 08:03:05       -6.332979        0.0920
BFGS:   80 08:03:05       -6.335328        0.1032
BFGS:   81 08:03:06       -6.337975        0.0878
BFGS:   82 08:03:06       -6.340692        0.0699
BFGS:   83 08:03:06       -6.342913        0.0750
BFGS:   84 08:03:06       -6.344801        0.0653
BFGS:   85 08:03:06       -6.346331        0.0645
BFGS:   86 08:03:06       -6.347793        0.0626
BFGS:   87 08:03:06       -6.349188        0.0507
BFGS:   88 08:03:06       -6.350632        0.0849
BFGS:   89 08:03:06       -6.352079        0.0745
BFGS:   90 08:03:06       -6.353640        0.0848
BFGS:   91 08:03:07       -6.355136        0.0713
BFGS:   92 08:03:07       -6.356615        0.0660
BFGS:   93 08:03:07       -6.357957        0.0631
BFGS:   94 08:03:07       -6.359219        0.0495
Optimization complete!
Performing a relaxed scan over 20 steps...
      Step     Time          Energy         fmax
BFGS:    0 08:03:07       -6.152497        5.6095
BFGS:    1 08:03:07       -6.251123        5.5880
BFGS:    2 08:03:08       -6.298739        2.2795
BFGS:    3 08:03:08       -6.320825        1.4604
BFGS:    4 08:03:08       -6.343921        0.2789
BFGS:    5 08:03:08       -6.344100        0.1570
BFGS:    6 08:03:08       -6.345296        0.1613
BFGS:    7 08:03:08       -6.346488        0.0802
BFGS:    8 08:03:09       -6.347594        0.0732
BFGS:    9 08:03:09       -6.348605        0.0994
BFGS:   10 08:03:09       -6.349247        0.1120
BFGS:   11 08:03:09       -6.349930        0.0755
BFGS:   12 08:03:09       -6.350605        0.0662
BFGS:   13 08:03:09       -6.351716        0.0895
BFGS:   14 08:03:09       -6.352616        0.0848
BFGS:   15 08:03:10       -6.353550        0.0519
BFGS:   16 08:03:10       -6.354297        0.0632
BFGS:   17 08:03:10       -6.355006        0.0668
BFGS:   18 08:03:10       -6.355580        0.0766
BFGS:   19 08:03:10       -6.356067        0.0771
BFGS:   20 08:03:10       -6.356607        0.0543
BFGS:   21 08:03:11       -6.357180        0.0464
      Step     Time          Energy         fmax
BFGS:    0 08:03:11       -6.038263        6.9968
BFGS:    1 08:03:11       -6.200068        8.2673
BFGS:    2 08:03:11       -6.250010        2.3665
BFGS:    3 08:03:11       -6.288075        1.6242
BFGS:    4 08:03:11       -6.319243        0.3023
BFGS:    5 08:03:11       -6.318677        0.1726
BFGS:    6 08:03:11       -6.319440        0.1597
BFGS:    7 08:03:11       -6.320531        0.0765
BFGS:    8 08:03:11       -6.321678        0.0674
BFGS:    9 08:03:12       -6.321941        0.0732
BFGS:   10 08:03:12       -6.321702        0.0899
BFGS:   11 08:03:12       -6.321736        0.0453
      Step     Time          Energy         fmax
BFGS:    0 08:03:12       -5.840078        8.6794
BFGS:    1 08:03:12       -6.099671       11.0950
BFGS:    2 08:03:12       -6.152142        2.5218
BFGS:    3 08:03:12       -6.215381        1.7328
BFGS:    4 08:03:12       -6.255278        0.2989
BFGS:    5 08:03:12       -6.254141        0.2052
BFGS:    6 08:03:12       -6.255015        0.1228
BFGS:    7 08:03:12       -6.255906        0.0954
BFGS:    8 08:03:13       -6.257149        0.0809
BFGS:    9 08:03:13       -6.257681        0.0963
BFGS:   10 08:03:13       -6.257060        0.1045
BFGS:   11 08:03:13       -6.257441        0.0796
BFGS:   12 08:03:13       -6.258110        0.0718
BFGS:   13 08:03:13       -6.258974        0.0824
BFGS:   14 08:03:13       -6.260229        0.0967
BFGS:   15 08:03:13       -6.261147        0.0671
BFGS:   16 08:03:13       -6.261980        0.0832
BFGS:   17 08:03:14       -6.262624        0.0846
BFGS:   18 08:03:14       -6.263292        0.0936
BFGS:   19 08:03:14       -6.264036        0.1140
BFGS:   20 08:03:14       -6.264927        0.0980
BFGS:   21 08:03:14       -6.265777        0.0583
BFGS:   22 08:03:14       -6.266559        0.0722
BFGS:   23 08:03:14       -6.267394        0.0932
BFGS:   24 08:03:14       -6.268076        0.0836
BFGS:   25 08:03:14       -6.268998        0.0661
BFGS:   26 08:03:14       -6.269560        0.0601
BFGS:   27 08:03:15       -6.270554        0.0655
BFGS:   28 08:03:15       -6.271404        0.0761
BFGS:   29 08:03:15       -6.272601        0.0670
BFGS:   30 08:03:15       -6.274014        0.0877
BFGS:   31 08:03:15       -6.275254        0.0916
BFGS:   32 08:03:15       -6.276715        0.1159
BFGS:   33 08:03:15       -6.278179        0.1118
BFGS:   34 08:03:16       -6.280190        0.1079
BFGS:   35 08:03:16       -6.282313        0.1228
BFGS:   36 08:03:16       -6.284538        0.0993
BFGS:   37 08:03:16       -6.286527        0.0881
BFGS:   38 08:03:16       -6.288233        0.0724
BFGS:   39 08:03:16       -6.289756        0.0910
BFGS:   40 08:03:17       -6.290795        0.1002
BFGS:   41 08:03:17       -6.291447        0.0791
BFGS:   42 08:03:17       -6.292040        0.0579
BFGS:   43 08:03:17       -6.292787        0.0790
BFGS:   44 08:03:17       -6.294004        0.0797
BFGS:   45 08:03:17       -6.295630        0.0783
BFGS:   46 08:03:18       -6.297528        0.0670
BFGS:   47 08:03:18       -6.299253        0.0773
BFGS:   48 08:03:18       -6.300559        0.0697
BFGS:   49 08:03:18       -6.301833        0.0855
BFGS:   50 08:03:18       -6.302996        0.0796
BFGS:   51 08:03:18       -6.304322        0.0757
BFGS:   52 08:03:19       -6.305471        0.0742
BFGS:   53 08:03:19       -6.306833        0.0688
BFGS:   54 08:03:19       -6.308024        0.0715
BFGS:   55 08:03:19       -6.309401        0.0561
BFGS:   56 08:03:19       -6.310286        0.0492
      Step     Time          Energy         fmax
BFGS:    0 08:03:19       -5.835462        8.4445
BFGS:    1 08:03:19       -6.120882       10.8929
BFGS:    2 08:03:20       -6.139802        2.3913
BFGS:    3 08:03:20       -6.204447        1.5952
BFGS:    4 08:03:20       -6.240779        0.3324
BFGS:    5 08:03:20       -6.239489        0.2226
BFGS:    6 08:03:20       -6.241016        0.1292
BFGS:    7 08:03:20       -6.241949        0.1068
BFGS:    8 08:03:20       -6.243179        0.0683
BFGS:    9 08:03:21       -6.243723        0.0854
BFGS:   10 08:03:21       -6.243785        0.0896
BFGS:   11 08:03:21       -6.244165        0.0690
BFGS:   12 08:03:21       -6.244584        0.0654
BFGS:   13 08:03:21       -6.245547        0.0848
BFGS:   14 08:03:21       -6.246586        0.0889
BFGS:   15 08:03:21       -6.247232        0.0612
BFGS:   16 08:03:21       -6.247864        0.0550
BFGS:   17 08:03:22       -6.248391        0.0600
BFGS:   18 08:03:22       -6.248770        0.0820
BFGS:   19 08:03:22       -6.249154        0.0882
BFGS:   20 08:03:22       -6.249660        0.0668
BFGS:   21 08:03:22       -6.250307        0.0560
BFGS:   22 08:03:22       -6.251033        0.0639
BFGS:   23 08:03:22       -6.251840        0.0774
BFGS:   24 08:03:22       -6.252585        0.0623
BFGS:   25 08:03:23       -6.253305        0.0534
BFGS:   26 08:03:23       -6.253743        0.0429
      Step     Time          Energy         fmax
BFGS:    0 08:03:23       -5.645906        9.5750
BFGS:    1 08:03:23       -6.043482       12.7935
BFGS:    2 08:03:23       -6.040632        2.4167
BFGS:    3 08:03:23       -6.125968        1.6638
BFGS:    4 08:03:23       -6.164572        0.3508
BFGS:    5 08:03:23       -6.162520        0.2288
BFGS:    6 08:03:24       -6.163875        0.1280
BFGS:    7 08:03:24       -6.164382        0.1115
BFGS:    8 08:03:24       -6.165353        0.0598
BFGS:    9 08:03:24       -6.165380        0.0777
BFGS:   10 08:03:24       -6.164862        0.0703
BFGS:   11 08:03:24       -6.164964        0.0700
BFGS:   12 08:03:24       -6.165221        0.0700
BFGS:   13 08:03:25       -6.165753        0.0448
      Step     Time          Energy         fmax
BFGS:    0 08:03:25       -5.415213       10.5655
BFGS:    1 08:03:25       -5.957943       14.6559
BFGS:    2 08:03:25       -5.910530        2.4377
BFGS:    3 08:03:25       -6.015615        1.6848
BFGS:    4 08:03:25       -6.053771        0.4094
BFGS:    5 08:03:25       -6.050928        0.2636
BFGS:    6 08:03:26       -6.052526        0.1412
BFGS:    7 08:03:26       -6.052990        0.1078
BFGS:    8 08:03:26       -6.053924        0.0650
BFGS:    9 08:03:26       -6.053855        0.0930
BFGS:   10 08:03:26       -6.052601        0.1127
BFGS:   11 08:03:26       -6.052120        0.0936
BFGS:   12 08:03:27       -6.052787        0.0625
BFGS:   13 08:03:27       -6.053750        0.0636
BFGS:   14 08:03:27       -6.054888        0.0696
BFGS:   15 08:03:27       -6.055453        0.0568
BFGS:   16 08:03:27       -6.055591        0.0661
BFGS:   17 08:03:28       -6.055451        0.0740
BFGS:   18 08:03:28       -6.055438        0.0824
BFGS:   19 08:03:28       -6.055651        0.1034
BFGS:   20 08:03:28       -6.056346        0.0910
BFGS:   21 08:03:28       -6.057105        0.0615
BFGS:   22 08:03:29       -6.057951        0.0779
BFGS:   23 08:03:29       -6.058688        0.0987
BFGS:   24 08:03:29       -6.059179        0.0951
BFGS:   25 08:03:29       -6.059828        0.0720
BFGS:   26 08:03:29       -6.060264        0.0661
BFGS:   27 08:03:29       -6.061224        0.0702
BFGS:   28 08:03:30       -6.062180        0.0928
BFGS:   29 08:03:30       -6.063474        0.0958
BFGS:   30 08:03:30       -6.064831        0.0964
BFGS:   31 08:03:30       -6.065757        0.1048
BFGS:   32 08:03:30       -6.066834        0.1251
BFGS:   33 08:03:30       -6.067799        0.1199
BFGS:   34 08:03:30       -6.069488        0.1048
BFGS:   35 08:03:30       -6.071973        0.1218
BFGS:   36 08:03:30       -6.074759        0.1006
BFGS:   37 08:03:31       -6.077894        0.0979
BFGS:   38 08:03:31       -6.080261        0.0833
BFGS:   39 08:03:31       -6.082160        0.0977
BFGS:   40 08:03:31       -6.082825        0.1055
BFGS:   41 08:03:31       -6.082954        0.0846
BFGS:   42 08:03:31       -6.082972        0.0619
BFGS:   43 08:03:32       -6.083654        0.0997
BFGS:   44 08:03:32       -6.084799        0.0934
BFGS:   45 08:03:32       -6.086897        0.0690
BFGS:   46 08:03:32       -6.088490        0.0741
BFGS:   47 08:03:32       -6.090319        0.0725
BFGS:   48 08:03:32       -6.091413        0.0776
BFGS:   49 08:03:32       -6.092359        0.0867
BFGS:   50 08:03:32       -6.093373        0.0760
BFGS:   51 08:03:32       -6.094770        0.0744
BFGS:   52 08:03:33       -6.096258        0.0678
BFGS:   53 08:03:33       -6.098039        0.0724
BFGS:   54 08:03:33       -6.099233        0.0863
BFGS:   55 08:03:33       -6.100891        0.0788
BFGS:   56 08:03:33       -6.101017        0.0575
BFGS:   57 08:03:33       -6.101471        0.0565
BFGS:   58 08:03:33       -6.101838        0.0622
BFGS:   59 08:03:33       -6.102784        0.0673
BFGS:   60 08:03:33       -6.104116        0.0620
BFGS:   61 08:03:33       -6.105749        0.0740
BFGS:   62 08:03:33       -6.107226        0.0650
BFGS:   63 08:03:34       -6.108321        0.0536
BFGS:   64 08:03:34       -6.108964        0.0505
BFGS:   65 08:03:34       -6.109098        0.0468
      Step     Time          Energy         fmax
BFGS:    0 08:03:34       -5.416779        9.9715
BFGS:    1 08:03:34       -5.944362       13.8365
BFGS:    2 08:03:34       -5.873668        2.2001
BFGS:    3 08:03:34       -5.973097        1.4681
BFGS:    4 08:03:34       -6.001063        0.4025
BFGS:    5 08:03:34       -5.998281        0.2615
BFGS:    6 08:03:35       -6.000274        0.1457
BFGS:    7 08:03:35       -6.001187        0.1073
BFGS:    8 08:03:35       -6.002245        0.0735
BFGS:    9 08:03:35       -6.002437        0.1062
BFGS:   10 08:03:35       -6.001715        0.1046
BFGS:   11 08:03:35       -6.001658        0.1059
BFGS:   12 08:03:35       -6.002592        0.0511
BFGS:   13 08:03:35       -6.003751        0.0596
BFGS:   14 08:03:35       -6.004669        0.0538
BFGS:   15 08:03:36       -6.005051        0.0508
BFGS:   16 08:03:36       -6.005078        0.0550
BFGS:   17 08:03:36       -6.004951        0.0545
BFGS:   18 08:03:36       -6.004999        0.0628
BFGS:   19 08:03:36       -6.005269        0.0677
BFGS:   20 08:03:36       -6.005879        0.0490
      Step     Time          Energy         fmax
BFGS:    0 08:03:36       -5.209283       10.6036
BFGS:    1 08:03:36       -5.865023       15.1094
BFGS:    2 08:03:36       -5.742612        2.2951
BFGS:    3 08:03:36       -5.855057        1.4449
BFGS:    4 08:03:36       -5.881366        0.4548
BFGS:    5 08:03:37       -5.877306        0.2795
BFGS:    6 08:03:37       -5.879755        0.1463
BFGS:    7 08:03:37       -5.880585        0.0898
BFGS:    8 08:03:37       -5.881253        0.0612
BFGS:    9 08:03:37       -5.880864        0.0810
BFGS:   10 08:03:37       -5.879905        0.0854
BFGS:   11 08:03:37       -5.879632        0.0722
BFGS:   12 08:03:38       -5.880313        0.0367
      Step     Time          Energy         fmax
BFGS:    0 08:03:38       -4.983183       11.1120
BFGS:    1 08:03:38       -5.776240       16.2549
BFGS:    2 08:03:38       -5.589224        2.3859
BFGS:    3 08:03:38       -5.713351        1.4337
BFGS:    4 08:03:38       -5.736852        0.4829
BFGS:    5 08:03:39       -5.731792        0.3234
BFGS:    6 08:03:39       -5.734614        0.1577
BFGS:    7 08:03:39       -5.735679        0.0954
BFGS:    8 08:03:39       -5.736392        0.0877
BFGS:    9 08:03:39       -5.736023        0.1156
BFGS:   10 08:03:39       -5.734624        0.1379
BFGS:   11 08:03:39       -5.734039        0.1057
BFGS:   12 08:03:40       -5.735300        0.0605
BFGS:   13 08:03:40       -5.736847        0.0851
BFGS:   14 08:03:40       -5.737915        0.0580
BFGS:   15 08:03:40       -5.738305        0.0620
BFGS:   16 08:03:40       -5.738197        0.0705
BFGS:   17 08:03:40       -5.737837        0.0711
BFGS:   18 08:03:40       -5.737773        0.0784
BFGS:   19 08:03:40       -5.737895        0.0810
BFGS:   20 08:03:41       -5.738444        0.0605
BFGS:   21 08:03:41       -5.738744        0.0420
      Step     Time          Energy         fmax
BFGS:    0 08:03:41       -4.804965       11.2074
BFGS:    1 08:03:41       -5.675261       16.7677
BFGS:    2 08:03:41       -5.438989        2.3739
BFGS:    3 08:03:41       -5.566187        1.3677
BFGS:    4 08:03:41       -5.587810        0.5024
BFGS:    5 08:03:41       -5.582210        0.3497
BFGS:    6 08:03:41       -5.585405        0.1569
BFGS:    7 08:03:42       -5.586648        0.0965
BFGS:    8 08:03:42       -5.587266        0.0733
BFGS:    9 08:03:42       -5.586761        0.0876
BFGS:   10 08:03:42       -5.585861        0.0655
BFGS:   11 08:03:42       -5.585638        0.0908
BFGS:   12 08:03:42       -5.586221        0.0528
BFGS:   13 08:03:43       -5.586950        0.0686
BFGS:   14 08:03:43       -5.587988        0.0529
BFGS:   15 08:03:43       -5.588152        0.0585
BFGS:   16 08:03:43       -5.587946        0.0763
BFGS:   17 08:03:44       -5.587214        0.0898
BFGS:   18 08:03:44       -5.586681        0.0952
BFGS:   19 08:03:44       -5.586298        0.1122
BFGS:   20 08:03:44       -5.586762        0.0983
BFGS:   21 08:03:45       -5.587159        0.0719
BFGS:   22 08:03:45       -5.587771        0.0868
BFGS:   23 08:03:45       -5.588331        0.1151
BFGS:   24 08:03:45       -5.588704        0.1154
BFGS:   25 08:03:45       -5.589513        0.0913
BFGS:   26 08:03:45       -5.589653        0.0705
BFGS:   27 08:03:45       -5.590405        0.0583
BFGS:   28 08:03:45       -5.590858        0.0705
BFGS:   29 08:03:46       -5.591488        0.0619
BFGS:   30 08:03:46       -5.592010        0.0620
BFGS:   31 08:03:46       -5.592106        0.0579
BFGS:   32 08:03:46       -5.592316        0.0726
BFGS:   33 08:03:46       -5.592624        0.0731
BFGS:   34 08:03:46       -5.593323        0.0646
BFGS:   35 08:03:46       -5.594765        0.0754
BFGS:   36 08:03:46       -5.596322        0.0713
BFGS:   37 08:03:46       -5.598098        0.0622
BFGS:   38 08:03:47       -5.599376        0.0565
BFGS:   39 08:03:47       -5.599757        0.0564
BFGS:   40 08:03:47       -5.599728        0.0531
BFGS:   41 08:03:47       -5.599285        0.0585
BFGS:   42 08:03:47       -5.599236        0.0495
      Step     Time          Energy         fmax
BFGS:    0 08:03:47       -4.778951       10.3062
BFGS:    1 08:03:47       -5.547804       15.3037
BFGS:    2 08:03:47       -5.322468        2.1521
BFGS:    3 08:03:47       -5.435359        1.2843
BFGS:    4 08:03:47       -5.453946        0.5102
BFGS:    5 08:03:47       -5.448077        0.4557
BFGS:    6 08:03:48       -5.452237        0.1634
BFGS:    7 08:03:48       -5.454413        0.1114
BFGS:    8 08:03:48       -5.454874        0.0916
BFGS:    9 08:03:48       -5.454471        0.1013
BFGS:   10 08:03:48       -5.453848        0.0756
BFGS:   11 08:03:48       -5.454137        0.0612
BFGS:   12 08:03:48       -5.454684        0.0783
BFGS:   13 08:03:48       -5.455597        0.0841
BFGS:   14 08:03:48       -5.456592        0.0585
BFGS:   15 08:03:48       -5.456991        0.0487
      Step     Time          Energy         fmax
BFGS:    0 08:03:48       -4.597119       10.5009
BFGS:    1 08:03:48       -5.425842       15.7062
BFGS:    2 08:03:49       -5.160840        2.2451
BFGS:    3 08:03:49       -5.281589        1.3544
BFGS:    4 08:03:49       -5.301675        0.5587
BFGS:    5 08:03:49       -5.294629        0.5782
BFGS:    6 08:03:49       -5.300220        0.1712
BFGS:    7 08:03:49       -5.302063        0.1041
BFGS:    8 08:03:49       -5.301672        0.0846
BFGS:    9 08:03:49       -5.300562        0.0902
BFGS:   10 08:03:49       -5.299856        0.0764
BFGS:   11 08:03:49       -5.300122        0.0780
BFGS:   12 08:03:50       -5.300758        0.1024
BFGS:   13 08:03:50       -5.301605        0.0773
BFGS:   14 08:03:50       -5.302535        0.0555
BFGS:   15 08:03:50       -5.302586        0.0532
BFGS:   16 08:03:50       -5.302323        0.0546
BFGS:   17 08:03:50       -5.301831        0.0604
BFGS:   18 08:03:50       -5.301790        0.0644
BFGS:   19 08:03:51       -5.302004        0.0728
BFGS:   20 08:03:51       -5.302746        0.0642
BFGS:   21 08:03:51       -5.303302        0.0446
      Step     Time          Energy         fmax
BFGS:    0 08:03:51       -4.455938       10.2077
BFGS:    1 08:03:51       -5.299034       15.4319
BFGS:    2 08:03:51       -5.009381        2.1527
BFGS:    3 08:03:51       -5.120632        1.3021
BFGS:    4 08:03:51       -5.140821        0.6259
BFGS:    5 08:03:51       -5.132024        0.6504
BFGS:    6 08:03:51       -5.139740        0.1837
BFGS:    7 08:03:52       -5.142304        0.1120
BFGS:    8 08:03:52       -5.142099        0.1078
BFGS:    9 08:03:52       -5.141490        0.0813
BFGS:   10 08:03:52       -5.141113        0.0599
BFGS:   11 08:03:52       -5.141469        0.1053
BFGS:   12 08:03:52       -5.142190        0.0459
      Step     Time          Energy         fmax
BFGS:    0 08:03:52       -4.286130        9.9831
BFGS:    1 08:03:52       -5.148521       14.4957
BFGS:    2 08:03:52       -4.839388        2.0655
BFGS:    3 08:03:52       -4.955725        1.2678
BFGS:    4 08:03:53       -4.976208        0.7300
BFGS:    5 08:03:53       -4.962649        0.7129
BFGS:    6 08:03:53       -4.972147        0.1812
BFGS:    7 08:03:53       -4.974722        0.1259
BFGS:    8 08:03:53       -4.973828        0.1257
BFGS:    9 08:03:53       -4.972353        0.1022
BFGS:   10 08:03:53       -4.971082        0.1602
BFGS:   11 08:03:53       -4.971075        0.1592
BFGS:   12 08:03:53       -4.973086        0.0691
BFGS:   13 08:03:53       -4.975402        0.0827
BFGS:   14 08:03:53       -4.976623        0.0724
BFGS:   15 08:03:54       -4.976862        0.0760
BFGS:   16 08:03:54       -4.976563        0.0829
BFGS:   17 08:03:54       -4.975921        0.0933
BFGS:   18 08:03:54       -4.976064        0.0895
BFGS:   19 08:03:54       -4.976570        0.1218
BFGS:   20 08:03:54       -4.977986        0.1238
BFGS:   21 08:03:54       -4.979134        0.1018
BFGS:   22 08:03:54       -4.980319        0.0773
BFGS:   23 08:03:54       -4.980984        0.1152
BFGS:   24 08:03:54       -4.981277        0.1257
BFGS:   25 08:03:54       -4.982401        0.1130
BFGS:   26 08:03:55       -4.983620        0.0839
BFGS:   27 08:03:55       -4.985944        0.0807
BFGS:   28 08:03:55       -4.988001        0.1014
BFGS:   29 08:03:55       -4.989947        0.1089
BFGS:   30 08:03:55       -4.991664        0.0878
BFGS:   31 08:03:55       -4.992444        0.0779
BFGS:   32 08:03:55       -4.993147        0.1100
BFGS:   33 08:03:55       -4.993958        0.1312
BFGS:   34 08:03:56       -4.995791        0.0982
BFGS:   35 08:03:56       -4.998534        0.0876
BFGS:   36 08:03:56       -5.001694        0.0883
BFGS:   37 08:03:56       -5.004855        0.0949
BFGS:   38 08:03:56       -5.007511        0.0937
BFGS:   39 08:03:56       -5.009000        0.1034
BFGS:   40 08:03:56       -5.009592        0.0954
BFGS:   41 08:03:57       -5.009503        0.0937
BFGS:   42 08:03:57       -5.009896        0.1002
BFGS:   43 08:03:57       -5.010860        0.0939
BFGS:   44 08:03:57       -5.012461        0.0761
BFGS:   45 08:03:57       -5.014237        0.0595
BFGS:   46 08:03:57       -5.015539        0.0553
BFGS:   47 08:03:58       -5.016551        0.0542
BFGS:   48 08:03:58       -5.016891        0.0738
BFGS:   49 08:03:58       -5.017085        0.0673
BFGS:   50 08:03:58       -5.017276        0.0665
BFGS:   51 08:03:58       -5.017981        0.0565
BFGS:   52 08:03:58       -5.019038        0.0574
BFGS:   53 08:03:58       -5.020094        0.0583
BFGS:   54 08:03:59       -5.020881        0.0466
      Step     Time          Energy         fmax
BFGS:    0 08:03:59       -4.425437        7.8956
BFGS:    1 08:03:59       -4.983284       10.6064
BFGS:    2 08:03:59       -4.789784        1.5136
BFGS:    3 08:03:59       -4.863497        1.1271
BFGS:    4 08:03:59       -4.882569        0.6916
BFGS:    5 08:03:59       -4.871598        0.6102
BFGS:    6 08:03:59       -4.880259        0.1769
BFGS:    7 08:03:59       -4.882933        0.1329
BFGS:    8 08:03:59       -4.882548        0.1242
BFGS:    9 08:04:00       -4.882095        0.0872
BFGS:   10 08:04:00       -4.882056        0.1048
BFGS:   11 08:04:00       -4.882602        0.1361
BFGS:   12 08:04:00       -4.883646        0.0493
      Step     Time          Energy         fmax
BFGS:    0 08:04:00       -4.358948        7.2713
BFGS:    1 08:04:00       -4.845140        9.2084
BFGS:    2 08:04:00       -4.684522        1.2945
BFGS:    3 08:04:00       -4.744398        1.0722
BFGS:    4 08:04:00       -4.756556        0.6605
BFGS:    5 08:04:01       -4.745985        0.5668
BFGS:    6 08:04:01       -4.754178        0.1525
BFGS:    7 08:04:01       -4.756889        0.1328
BFGS:    8 08:04:01       -4.757199        0.1323
BFGS:    9 08:04:01       -4.757111        0.1004
BFGS:   10 08:04:01       -4.756957        0.1113
BFGS:   11 08:04:01       -4.757123        0.1514
BFGS:   12 08:04:01       -4.758048        0.0622
BFGS:   13 08:04:01       -4.759242        0.0680
BFGS:   14 08:04:01       -4.760493        0.0693
BFGS:   15 08:04:01       -4.760935        0.0572
BFGS:   16 08:04:02       -4.761235        0.0546
BFGS:   17 08:04:02       -4.761236        0.0515
BFGS:   18 08:04:02       -4.761507        0.0469
      Step     Time          Energy         fmax
BFGS:    0 08:04:02       -4.336696        6.3374
BFGS:    1 08:04:03       -4.711432        7.9016
BFGS:    2 08:04:03       -4.595512        1.1142
BFGS:    3 08:04:03       -4.645849        0.8178
BFGS:    4 08:04:03       -4.652276        0.4697
BFGS:    5 08:04:04       -4.646885        0.5922
BFGS:    6 08:04:04       -4.651426        0.2028
BFGS:    7 08:04:04       -4.653863        0.1281
BFGS:    8 08:04:04       -4.654689        0.1041
BFGS:    9 08:04:04       -4.654675        0.0724
BFGS:   10 08:04:04       -4.654556        0.0484
      Step     Time          Energy         fmax
BFGS:    0 08:04:05       -4.287708        5.8612
BFGS:    1 08:04:05       -4.594233        7.1557
BFGS:    2 08:04:05       -4.510899        1.0561
BFGS:    3 08:04:05       -4.554764        0.7606
BFGS:    4 08:04:05       -4.558789        0.3272
BFGS:    5 08:04:06       -4.557764        0.4186
BFGS:    6 08:04:06       -4.558382        0.3455
BFGS:    7 08:04:06       -4.561233        0.1365
BFGS:    8 08:04:06       -4.563984        0.1653
BFGS:    9 08:04:06       -4.564981        0.1491
BFGS:   10 08:04:06       -4.565055        0.0953
BFGS:   11 08:04:07       -4.565002        0.1025
BFGS:   12 08:04:07       -4.565176        0.1005
BFGS:   13 08:04:07       -4.566025        0.0904
BFGS:   14 08:04:07       -4.567715        0.0722
BFGS:   15 08:04:07       -4.568813        0.0640
BFGS:   16 08:04:07       -4.569860        0.0772
BFGS:   17 08:04:07       -4.570178        0.0584
BFGS:   18 08:04:07       -4.570389        0.0766
BFGS:   19 08:04:08       -4.570572        0.0928
BFGS:   20 08:04:08       -4.571184        0.0907
BFGS:   21 08:04:08       -4.572100        0.0736
BFGS:   22 08:04:08       -4.573507        0.0662
BFGS:   23 08:04:08       -4.575078        0.0923
BFGS:   24 08:04:08       -4.576602        0.1048
BFGS:   25 08:04:08       -4.577857        0.0854
BFGS:   26 08:04:09       -4.578586        0.0629
BFGS:   27 08:04:09       -4.579264        0.0798
BFGS:   28 08:04:09       -4.580024        0.0993
BFGS:   29 08:04:09       -4.581200        0.1148
BFGS:   30 08:04:09       -4.582792        0.0877
BFGS:   31 08:04:09       -4.584629        0.0882
BFGS:   32 08:04:09       -4.586661        0.1159
BFGS:   33 08:04:10       -4.588568        0.1501
BFGS:   34 08:04:10       -4.590517        0.1416
BFGS:   35 08:04:10       -4.592303        0.0839
BFGS:   36 08:04:10       -4.594124        0.0795
BFGS:   37 08:04:10       -4.595915        0.1095
BFGS:   38 08:04:10       -4.598063        0.1350
BFGS:   39 08:04:10       -4.600778        0.1170
BFGS:   40 08:04:10       -4.603516        0.0956
BFGS:   41 08:04:10       -4.605852        0.1168
BFGS:   42 08:04:10       -4.607281        0.1114
BFGS:   43 08:04:11       -4.608278        0.0852
BFGS:   44 08:04:11       -4.609274        0.0760
BFGS:   45 08:04:11       -4.610429        0.0608
BFGS:   46 08:04:11       -4.611597        0.0635
BFGS:   47 08:04:11       -4.612648        0.0737
BFGS:   48 08:04:11       -4.613663        0.0591
BFGS:   49 08:04:11       -4.614633        0.0597
BFGS:   50 08:04:12       -4.615568        0.0723
BFGS:   51 08:04:12       -4.616497        0.0707
BFGS:   52 08:04:12       -4.617438        0.0501
BFGS:   53 08:04:12       -4.618418        0.0508
BFGS:   54 08:04:12       -4.619417        0.0632
BFGS:   55 08:04:12       -4.620491        0.0632
BFGS:   56 08:04:12       -4.621716        0.0537
BFGS:   57 08:04:12       -4.622936        0.0675
BFGS:   58 08:04:12       -4.624090        0.0584
BFGS:   59 08:04:13       -4.624891        0.0533
BFGS:   60 08:04:13       -4.625726        0.0565
BFGS:   61 08:04:13       -4.626576        0.0560
BFGS:   62 08:04:13       -4.627885        0.0527
BFGS:   63 08:04:13       -4.629177        0.0564
BFGS:   64 08:04:13       -4.630517        0.0631
BFGS:   65 08:04:13       -4.631591        0.0746
BFGS:   66 08:04:13       -4.632877        0.0736
BFGS:   67 08:04:13       -4.634082        0.0716
BFGS:   68 08:04:13       -4.635558        0.0654
BFGS:   69 08:04:13       -4.637214        0.0656
BFGS:   70 08:04:13       -4.639270        0.0732
BFGS:   71 08:04:13       -4.641171        0.0691
BFGS:   72 08:04:13       -4.643085        0.0865
BFGS:   73 08:04:13       -4.644120        0.0831
BFGS:   74 08:04:13       -4.645535        0.0616
BFGS:   75 08:04:14       -4.647226        0.0621
BFGS:   76 08:04:14       -4.648351        0.0578
BFGS:   77 08:04:14       -4.650195        0.0695
BFGS:   78 08:04:14       -4.652255        0.0813
BFGS:   79 08:04:14       -4.654853        0.0688
BFGS:   80 08:04:14       -4.657248        0.0681
BFGS:   81 08:04:14       -4.658494        0.0749
BFGS:   82 08:04:14       -4.659780        0.0797
BFGS:   83 08:04:14       -4.660987        0.0719
BFGS:   84 08:04:14       -4.663347        0.0669
BFGS:   85 08:04:14       -4.664808        0.0756
BFGS:   86 08:04:14       -4.666794        0.0575
BFGS:   87 08:04:14       -4.667814        0.0468
      Step     Time          Energy         fmax
BFGS:    0 08:04:14       -4.416824        5.0279
BFGS:    1 08:04:14       -4.593929        5.3071
BFGS:    2 08:04:14       -4.579072        1.2550
BFGS:    3 08:04:14       -4.608040        0.7533
BFGS:    4 08:04:14       -4.612596        0.2447
BFGS:    5 08:04:15       -4.614021        0.1662
BFGS:    6 08:04:15       -4.615272        0.2470
BFGS:    7 08:04:15       -4.616358        0.2477
BFGS:    8 08:04:15       -4.617689        0.0949
BFGS:    9 08:04:15       -4.619330        0.0897
BFGS:   10 08:04:15       -4.619671        0.0809
BFGS:   11 08:04:15       -4.619947        0.0483
      Step     Time          Energy         fmax
BFGS:    0 08:04:15       -4.408320        4.6882
BFGS:    1 08:04:15       -4.550242        4.8876
BFGS:    2 08:04:15       -4.558612        0.9011
BFGS:    3 08:04:15       -4.576149        0.7603
BFGS:    4 08:04:15       -4.582509        0.3679
BFGS:    5 08:04:15       -4.586191        0.3277
BFGS:    6 08:04:15       -4.587455        0.2807
BFGS:    7 08:04:15       -4.586996        0.1241
BFGS:    8 08:04:15       -4.587841        0.1126
BFGS:    9 08:04:15       -4.589440        0.1169
BFGS:   10 08:04:15       -4.590313        0.0940
BFGS:   11 08:04:16       -4.591288        0.0805
BFGS:   12 08:04:16       -4.591972        0.0846
BFGS:   13 08:04:16       -4.592519        0.0910
BFGS:   14 08:04:16       -4.593071        0.0663
BFGS:   15 08:04:16       -4.593641        0.0525
BFGS:   16 08:04:16       -4.594438        0.0621
BFGS:   17 08:04:16       -4.595016        0.0740
BFGS:   18 08:04:16       -4.595674        0.0526
BFGS:   19 08:04:16       -4.596180        0.0672
BFGS:   20 08:04:16       -4.596874        0.0712
BFGS:   21 08:04:16       -4.597543        0.0854
BFGS:   22 08:04:16       -4.598243        0.0610
BFGS:   23 08:04:16       -4.598990        0.0653
BFGS:   24 08:04:16       -4.599607        0.0599
BFGS:   25 08:04:16       -4.600205        0.0644
BFGS:   26 08:04:16       -4.600563        0.0410
Performing final optimization with tight thresholds...
      Step     Time          Energy         fmax
BFGS:    0 08:04:16       -4.600563        0.0410
Tight optimization complete!
Relaxed scan complete! Trajectory saved to opt.traj. 
Finished in 0 hours, 1 minutes, and 25 seconds
