You need to install the group's fork of aRMSD and put it in your path https://github.mit.edu/MLMat/aRMSD
[  0.        +494.26443435j   0.          +9.75253981j
   0.          +2.18817875j   0.          +1.72555325j
   0.          +1.32329375j   2.17347711  +0.j
   3.03400141  +0.j           6.59561448  +0.j
  12.90183775  +0.j          18.39730559  +0.j
  21.96415489  +0.j          28.76065832  +0.j
  49.24475217  +0.j          58.07063974  +0.j
  59.47574032  +0.j          70.15402031  +0.j
  72.0451773   +0.j          84.47791479  +0.j
  98.47804214  +0.j         107.14224269  +0.j        ]
Entropy components at T = 298.15 K and P = 101325.0 Pa:
=================================================
                           S               T*S
S_trans (1 bar)    0.0019060 eV/K        0.568 eV
S_rot              0.0016364 eV/K        0.488 eV
S_elec             0.0000000 eV/K        0.000 eV
S_vib              0.0054560 eV/K        1.627 eV
S (1 bar -> P)    -0.0000011 eV/K       -0.000 eV
-------------------------------------------------
S                  0.0089973 eV/K        2.683 eV
=================================================
Enthalpy components at T = 298.15 K:
===============================
E_pot                  0.703 eV
E_ZPE                 16.248 eV
Cv_trans (0->T)        0.039 eV
Cv_rot (0->T)          0.039 eV
Cv_vib (0->T)          0.751 eV
(C_v -> C_p)           0.026 eV
-------------------------------
H                     17.805 eV
===============================
RMS: 0.009030034765601158, MAX: 0.29903048276901245
RMS: 0.004543872084468603, MAX: 0.13836203515529633
RMS: 0.0014133042423054576, MAX: 0.017214171588420868
RMS: 0.0014228100189939141, MAX: 0.010496213100850582
RMS: 0.0024362506810575724, MAX: 0.019574953243136406
RMS: 0.0030650123953819275, MAX: 0.02577228657901287
RMS: 0.002631874056532979, MAX: 0.021403253078460693
RMS: 0.002087457338348031, MAX: 0.014823514968156815
RMS: 0.0017907022265717387, MAX: 0.011044460348784924
RMS: 0.0010097547201439738, MAX: 0.007549825590103865
RMS: 0.0019241044064983726, MAX: 0.010099784471094608
RMS: 0.0009897664422169328, MAX: 0.008488359861075878
RMS: 0.0015099786687642336, MAX: 0.007380253169685602
RMS: 0.001351275248453021, MAX: 0.0056113675236701965
RMS: 0.0013763073366135359, MAX: 0.004844582639634609
Optimization converged!
Eigenvector following terminated normally.
[  0.        +483.91393582j   0.          +4.98243945j
   0.          +2.33769725j   0.          +2.12720039j
   0.          +1.6204068j    0.          +1.3634849j
   0.          +0.93602887j   7.87634651  +0.j
  12.55563706  +0.j          17.74706845  +0.j
  21.8705242   +0.j          28.68138132  +0.j
  50.35379454  +0.j          59.76818179  +0.j
  62.11246941  +0.j          70.47881559  +0.j
  71.56334644  +0.j          86.08404764  +0.j
  98.56395887  +0.j         108.77540854  +0.j        ]
Flipping all imaginary frequencies except the lowest one
Entropy components at T = 298.15 K and P = 101325.0 Pa:
=================================================
                           S               T*S
S_trans (1 bar)    0.0019060 eV/K        0.568 eV
S_rot              0.0016363 eV/K        0.488 eV
S_elec             0.0000000 eV/K        0.000 eV
S_vib              0.0054021 eV/K        1.611 eV
S (1 bar -> P)    -0.0000011 eV/K       -0.000 eV
-------------------------------------------------
S                  0.0089433 eV/K        2.666 eV
=================================================
Enthalpy components at T = 298.15 K:
===============================
E_pot                  0.693 eV
E_ZPE                 16.247 eV
Cv_trans (0->T)        0.039 eV
Cv_rot (0->T)          0.039 eV
Cv_vib (0->T)          0.750 eV
(C_v -> C_p)           0.026 eV
-------------------------------
H                     17.793 eV
===============================
