[  0.        +934.22671022j   0.          +4.0850171j
   0.          +2.88996333j   0.          +2.06476478j
   0.          +1.69164302j   0.          +1.48087265j
   1.7306429   +0.j          31.59048492  +0.j
  40.90645239  +0.j          41.50579328  +0.j
  95.14525912  +0.j         109.55887086  +0.j
 191.39748195  +0.j         219.33887934  +0.j
 220.67437509  +0.j         250.2987666   +0.j
 251.54591677  +0.j         265.08746744  +0.j
 302.02248334  +0.j         342.28314945  +0.j        ]
Entropy components at T = 298.15 K and P = 101325.0 Pa:
=================================================
                           S               T*S
S_trans (1 bar)    0.0018612 eV/K        0.555 eV
S_rot              0.0014718 eV/K        0.439 eV
S_elec             0.0000000 eV/K        0.000 eV
S_vib              0.0021645 eV/K        0.645 eV
S (1 bar -> P)    -0.0000011 eV/K       -0.000 eV
-------------------------------------------------
S                  0.0054964 eV/K        1.639 eV
=================================================
Enthalpy components at T = 298.15 K:
===============================
E_pot                 -0.175 eV
E_ZPE                  3.895 eV
Cv_trans (0->T)        0.039 eV
Cv_rot (0->T)          0.039 eV
Cv_vib (0->T)          0.338 eV
(C_v -> C_p)           0.026 eV
-------------------------------
H                      4.161 eV
===============================
Generating forward path to find forward triplet crossing
Found a triplet crossing after 15 steps!
Minimizing average (singlet, triplet) energy while keeping the gap as small as possible
      Step     Time          Energy         fmax
BFGS:    0 10:10:17       -0.334767        0.3851
BFGS:    1 10:10:18       -0.340025        0.2283
BFGS:    2 10:10:18       -0.343725        0.1759
BFGS:    3 10:10:19       -0.345672        0.1305
BFGS:    4 10:10:19       -0.347464        0.0954
BFGS:    5 10:10:20       -0.349672        0.0618
BFGS:    6 10:10:20       -0.352627        0.0784
BFGS:    7 10:10:21       -0.354692        0.0806
BFGS:    8 10:10:21       -0.355412        0.0754
BFGS:    9 10:10:22       -0.355203        0.0871
BFGS:   10 10:10:22       -0.354865        0.0905
BFGS:   11 10:10:23       -0.355203        0.0832
BFGS:   12 10:10:24       -0.356851        0.0894
BFGS:   13 10:10:24       -0.359592        0.0610
BFGS:   14 10:10:24       -0.362256        0.0663
BFGS:   15 10:10:25       -0.364066        0.0584
BFGS:   16 10:10:25       -0.364875        0.0557
BFGS:   17 10:10:26       -0.364747        0.0595
BFGS:   18 10:10:27       -0.364221        0.0531
BFGS:   19 10:10:27       -0.363980        0.0576
BFGS:   20 10:10:28       -0.364474        0.0546
BFGS:   21 10:10:28       -0.365858        0.0691
BFGS:   22 10:10:29       -0.367884        0.0652
BFGS:   23 10:10:29       -0.369297        0.0458
BFGS:   24 10:10:30       -0.369479        0.0459
BFGS:   25 10:10:30       -0.368996        0.0442
BFGS:   26 10:10:31       -0.368264        0.0574
BFGS:   27 10:10:31       -0.367782        0.0548
BFGS:   28 10:10:32       -0.368216        0.0574
BFGS:   29 10:10:32       -0.369879        0.0675
BFGS:   30 10:10:33       -0.372372        0.0726
BFGS:   31 10:10:33       -0.375176        0.0704
BFGS:   32 10:10:34       -0.377923        0.0768
BFGS:   33 10:10:34       -0.379566        0.0930
BFGS:   34 10:10:35       -0.379287        0.1081
BFGS:   35 10:10:36       -0.378119        0.0797
BFGS:   36 10:10:36       -0.377842        0.0546
BFGS:   37 10:10:37       -0.378682        0.0576
BFGS:   38 10:10:37       -0.380769        0.0621
BFGS:   39 10:10:38       -0.383715        0.0696
BFGS:   40 10:10:38       -0.386100        0.0584
BFGS:   41 10:10:39       -0.386398        0.0429
BFGS:   42 10:10:40       -0.385342        0.0319
BFGS:   43 10:10:40       -0.384276        0.0336
BFGS:   44 10:10:41       -0.383829        0.0283
BFGS:   45 10:10:42       -0.384147        0.0217
BFGS:   46 10:10:42       -0.384993        0.0173
BFGS:   47 10:10:42       -0.385710        0.0152
BFGS:   48 10:10:43       -0.385985        0.0115
BFGS:   49 10:10:43       -0.385851        0.0075
BFGS:   50 10:10:44       -0.385575        0.0061
BFGS:   51 10:10:44       -0.385406        0.0040
Generating backward path to find backward triplet crossing
Found a triplet crossing after 13 steps!
Minimizing average (singlet, triplet) energy while keeping the gap as small as possible
      Step     Time          Energy         fmax
BFGS:    0 10:10:49       -0.313056        0.5061
BFGS:    1 10:10:49       -0.318899        0.1662
BFGS:    2 10:10:50       -0.320857        0.1063
BFGS:    3 10:10:50       -0.324012        0.0637
BFGS:    4 10:10:51       -0.324160        0.0559
BFGS:    5 10:10:52       -0.324198        0.0540
BFGS:    6 10:10:52       -0.324277        0.0326
BFGS:    7 10:10:53       -0.324650        0.0339
BFGS:    8 10:10:53       -0.325337        0.0313
BFGS:    9 10:10:54       -0.326040        0.0414
BFGS:   10 10:10:54       -0.326768        0.0461
BFGS:   11 10:10:55       -0.327089        0.0506
BFGS:   12 10:10:55       -0.326958        0.0452
BFGS:   13 10:10:56       -0.326647        0.0491
BFGS:   14 10:10:56       -0.326572        0.0463
BFGS:   15 10:10:57       -0.327030        0.0418
BFGS:   16 10:10:57       -0.327885        0.0386
BFGS:   17 10:10:58       -0.328754        0.0276
BFGS:   18 10:10:59       -0.329409        0.0298
BFGS:   19 10:10:59       -0.329707        0.0333
BFGS:   20 10:11:00       -0.329592        0.0344
BFGS:   21 10:11:00       -0.329215        0.0365
BFGS:   22 10:11:01       -0.328899        0.0518
BFGS:   23 10:11:01       -0.329027        0.0533
BFGS:   24 10:11:02       -0.329684        0.0330
BFGS:   25 10:11:02       -0.330571        0.0305
BFGS:   26 10:11:03       -0.331462        0.0291
BFGS:   27 10:11:03       -0.332108        0.0371
BFGS:   28 10:11:04       -0.332109        0.0361
BFGS:   29 10:11:04       -0.331619        0.0283
BFGS:   30 10:11:05       -0.331071        0.0291
BFGS:   31 10:11:06       -0.330813        0.0331
BFGS:   32 10:11:06       -0.331121        0.0388
BFGS:   33 10:11:07       -0.332155        0.0489
BFGS:   34 10:11:07       -0.333790        0.0541
BFGS:   35 10:11:08       -0.335309        0.0520
BFGS:   36 10:11:08       -0.335762        0.0468
BFGS:   37 10:11:09       -0.335144        0.0342
BFGS:   38 10:11:09       -0.334420        0.0260
BFGS:   39 10:11:10       -0.333869        0.0271
BFGS:   40 10:11:10       -0.333720        0.0311
BFGS:   41 10:11:11       -0.334258        0.0201
BFGS:   42 10:11:11       -0.335011        0.0136
BFGS:   43 10:11:12       -0.335429        0.0105
BFGS:   44 10:11:13       -0.335724        0.0108
BFGS:   45 10:11:13       -0.335914        0.0128
BFGS:   46 10:11:14       -0.335816        0.0109
BFGS:   47 10:11:14       -0.335516        0.0076
BFGS:   48 10:11:15       -0.335312        0.0050
BFGS:   49 10:11:15       -0.335256        0.0044
Neural IRC terminated normally.
