You need to install the group's fork of aRMSD and put it in your path https://github.mit.edu/MLMat/aRMSD
[ 0.        +878.91417987j  0.          +3.03631794j
  0.          +2.39798985j  0.          +1.18706223j
  2.94583267  +0.j          6.75759724  +0.j
  8.58948706  +0.j         11.75087924  +0.j
 16.51338443  +0.j         20.52509265  +0.j
 23.05629176  +0.j         30.22839122  +0.j
 34.93021913  +0.j         37.9346723   +0.j
 45.98606592  +0.j         55.73406898  +0.j
 59.63508927  +0.j         62.54494967  +0.j
 67.43713358  +0.j         74.38115454  +0.j        ]
Entropy components at T = 298.15 K and P = 101325.0 Pa:
=================================================
                           S               T*S
S_trans (1 bar)    0.0019477 eV/K        0.581 eV
S_rot              0.0016608 eV/K        0.495 eV
S_elec             0.0000000 eV/K        0.000 eV
S_vib              0.0068661 eV/K        2.047 eV
S (1 bar -> P)    -0.0000011 eV/K       -0.000 eV
-------------------------------------------------
S                  0.0104735 eV/K        3.123 eV
=================================================
Enthalpy components at T = 298.15 K:
===============================
E_pot                 -2.490 eV
E_ZPE                 17.422 eV
Cv_trans (0->T)        0.039 eV
Cv_rot (0->T)          0.039 eV
Cv_vib (0->T)          0.963 eV
(C_v -> C_p)           0.026 eV
-------------------------------
H                     15.998 eV
===============================
RMS: 0.06070370599627495, MAX: 1.8563532829284668
RMS: 0.02634914591908455, MAX: 0.6956808567047119
RMS: 0.016314830631017685, MAX: 0.33021923899650574
RMS: 0.023926207795739174, MAX: 0.6113055348396301
RMS: 0.014880748465657234, MAX: 0.27807772159576416
RMS: 0.010715868324041367, MAX: 0.19829842448234558
RMS: 0.006019574590027332, MAX: 0.07910683006048203
RMS: 0.004908783361315727, MAX: 0.037845462560653687
RMS: 0.006293667480349541, MAX: 0.0679265633225441
RMS: 0.007752484641969204, MAX: 0.1069384291768074
RMS: 0.008473544381558895, MAX: 0.1287975311279297
RMS: 0.008299979381263256, MAX: 0.13545633852481842
RMS: 0.007932094857096672, MAX: 0.12718254327774048
RMS: 0.006985068786889315, MAX: 0.10851840674877167
RMS: 0.00580571498721838, MAX: 0.0855274349451065
RMS: 0.004714055452495813, MAX: 0.06079258397221565
RMS: 0.00465369364246726, MAX: 0.06324555724859238
RMS: 0.005515526980161667, MAX: 0.0857122614979744
RMS: 0.006114080548286438, MAX: 0.12607531249523163
RMS: 0.006934300996363163, MAX: 0.1498079150915146
RMS: 0.007672485429793596, MAX: 0.1497863233089447
RMS: 0.0067535159178078175, MAX: 0.11069272458553314
RMS: 0.006913607008755207, MAX: 0.1235489696264267
RMS: 0.008938628248870373, MAX: 0.11941318213939667
RMS: 0.0052719684317708015, MAX: 0.08085327595472336
RMS: 0.00532068544998765, MAX: 0.06734474748373032
RMS: 0.004259703680872917, MAX: 0.06388013064861298
RMS: 0.004144969396293163, MAX: 0.049026407301425934
RMS: 0.0028429068624973297, MAX: 0.039621058851480484
RMS: 0.004087202716618776, MAX: 0.046068087220191956
RMS: 0.003505753818899393, MAX: 0.049847815185785294
RMS: 0.003794870339334011, MAX: 0.06355776637792587
RMS: 0.0035918208304792643, MAX: 0.06689564883708954
RMS: 0.004019135143607855, MAX: 0.05982483550906181
RMS: 0.0025685569271445274, MAX: 0.05016818642616272
RMS: 0.004098264966160059, MAX: 0.045440781861543655
RMS: 0.003281613579019904, MAX: 0.04714521765708923
RMS: 0.007616039831191301, MAX: 0.0410742349922657
RMS: 0.00448034331202507, MAX: 0.02058706246316433
RMS: 0.0040893154218792915, MAX: 0.032928772270679474
RMS: 0.002911910880357027, MAX: 0.032886143773794174
RMS: 0.0037212942261248827, MAX: 0.03359091654419899
RMS: 0.004713480360805988, MAX: 0.02903311885893345
RMS: 0.002244614763185382, MAX: 0.024624712765216827
RMS: 0.004519456531852484, MAX: 0.03820187970995903
RMS: 0.0018160617910325527, MAX: 0.0120565639808774
RMS: 0.0025782014708966017, MAX: 0.01641351543366909
RMS: 0.0018614139407873154, MAX: 0.0101036811247468
RMS: 0.00239769509062171, MAX: 0.01549526583403349
RMS: 0.003952940925955772, MAX: 0.01987149380147457
RMS: 0.0024992190301418304, MAX: 0.013912564143538475
RMS: 0.00447855656966567, MAX: 0.026425058022141457
RMS: 0.004059936851263046, MAX: 0.023210305720567703
RMS: 0.00307219079695642, MAX: 0.012260181829333305
RMS: 0.003552749054506421, MAX: 0.015774492174386978
RMS: 0.0026935951318591833, MAX: 0.01461955439299345
RMS: 0.004029273986816406, MAX: 0.020883183926343918
RMS: 0.0030118997674435377, MAX: 0.01728525385260582
RMS: 0.0019946799147874117, MAX: 0.019475676119327545
RMS: 0.0014600950526073575, MAX: 0.02213944122195244
RMS: 0.0015177640598267317, MAX: 0.014022002927958965
RMS: 0.0021702509839087725, MAX: 0.01702016219496727
RMS: 0.0021818734239786863, MAX: 0.019352272152900696
RMS: 0.0027281176298856735, MAX: 0.023291802033782005
RMS: 0.0030524120666086674, MAX: 0.026915615424513817
RMS: 0.0021804894786328077, MAX: 0.022553641349077225
RMS: 0.0015978444134816527, MAX: 0.01581740193068981
RMS: 0.001299206167459488, MAX: 0.008798165246844292
RMS: 0.002411969704553485, MAX: 0.01572936587035656
RMS: 0.0018018016126006842, MAX: 0.011792665347456932
RMS: 0.0028822862077504396, MAX: 0.019521240144968033
RMS: 0.003433978883549571, MAX: 0.025132009759545326
RMS: 0.0020425906404852867, MAX: 0.014019151218235493
RMS: 0.003210556460544467, MAX: 0.028384558856487274
RMS: 0.006389692425727844, MAX: 0.04709260165691376
RMS: 0.0024333763867616653, MAX: 0.028213005512952805
RMS: 0.006649382412433624, MAX: 0.05813233554363251
RMS: 0.0034877010621130466, MAX: 0.03802124783396721
RMS: 0.004233246669173241, MAX: 0.05367710813879967
RMS: 0.002733096480369568, MAX: 0.03272575885057449
RMS: 0.0045829396694898605, MAX: 0.06321941316127777
RMS: 0.0032418211922049522, MAX: 0.0457976758480072
RMS: 0.004117774311453104, MAX: 0.056606411933898926
RMS: 0.0018666858086362481, MAX: 0.012072110548615456
RMS: 0.003950729966163635, MAX: 0.0586264431476593
RMS: 0.0020702278707176447, MAX: 0.025789516046643257
RMS: 0.002884324174374342, MAX: 0.04178938642144203
RMS: 0.002751497318968177, MAX: 0.026047706604003906
RMS: 0.003589318599551916, MAX: 0.04400186985731125
RMS: 0.003127714619040489, MAX: 0.021386971697211266
RMS: 0.004877649713307619, MAX: 0.03293609991669655
RMS: 0.00394337996840477, MAX: 0.06278446316719055
RMS: 0.0059806788340210915, MAX: 0.05124717950820923
RMS: 0.0047621759586036205, MAX: 0.06700234115123749
RMS: 0.007081185933202505, MAX: 0.08910952508449554
RMS: 0.006284589413553476, MAX: 0.10266051441431046
RMS: 0.008331304416060448, MAX: 0.12762682139873505
RMS: 0.0071091316640377045, MAX: 0.12513244152069092
RMS: 0.010059078224003315, MAX: 0.17929165065288544
RMS: 0.012444723397493362, MAX: 0.24871520698070526
RMS: 0.01335214264690876, MAX: 0.2546800374984741
RMS: 0.015045353211462498, MAX: 0.3019627630710602
RMS: 0.010930951684713364, MAX: 0.18734146654605865
RMS: 0.004715974908322096, MAX: 0.06717295199632645
RMS: 0.0032557989470660686, MAX: 0.02594325877726078
RMS: 0.002500385046005249, MAX: 0.02164778858423233
RMS: 0.0018241193611174822, MAX: 0.0184007715433836
RMS: 0.0027382823172956705, MAX: 0.04096880182623863
RMS: 0.0023902158718556166, MAX: 0.023025572299957275
RMS: 0.003046278841793537, MAX: 0.041051995009183884
RMS: 0.0025485658552497625, MAX: 0.023108946159482002
RMS: 0.0016823688056319952, MAX: 0.014691546559333801
RMS: 0.0023425156250596046, MAX: 0.035638947039842606
RMS: 0.002276152605190873, MAX: 0.028438633307814598
RMS: 0.002546278527006507, MAX: 0.03875613212585449
RMS: 0.0033712233416736126, MAX: 0.053015682846307755
RMS: 0.007150501944124699, MAX: 0.12514622509479523
RMS: 0.005520257633179426, MAX: 0.09975219517946243
RMS: 0.008034898899495602, MAX: 0.14209917187690735
RMS: 0.0038957230281084776, MAX: 0.05857614800333977
RMS: 0.0022262930870056152, MAX: 0.013049837201833725
RMS: 0.0027181683108210564, MAX: 0.05164070054888725
RMS: 0.0019403237383812666, MAX: 0.014534985646605492
RMS: 0.0012245163088664412, MAX: 0.006166144739836454
RMS: 0.0009573525749146938, MAX: 0.007759810891002417
RMS: 0.0017710697138682008, MAX: 0.016996651887893677
RMS: 0.004091127309948206, MAX: 0.053044211119413376
RMS: 0.003122952301055193, MAX: 0.037515703588724136
RMS: 0.004825059324502945, MAX: 0.06190526857972145
RMS: 0.003842728678137064, MAX: 0.03653108328580856
RMS: 0.0014432813040912151, MAX: 0.020314237102866173
RMS: 0.0016913568833842874, MAX: 0.01850195974111557
RMS: 0.0013454362051561475, MAX: 0.015452000312507153
RMS: 0.001897802809253335, MAX: 0.022293763235211372
RMS: 0.0021521258167922497, MAX: 0.026599586009979248
RMS: 0.0013082354562357068, MAX: 0.018826141953468323
RMS: 0.0015999763272702694, MAX: 0.019013533368706703
RMS: 0.00039845090941525996, MAX: 0.004692596849054098
Optimization converged!
Eigenvector following terminated normally.
[ 0.        +575.85225169j  0.          +8.14865182j
  0.          +6.51083764j  0.          +3.01743471j
  0.          +2.22223104j  0.          +1.88259347j
  0.          +1.31990646j  9.15259999  +0.j
 17.42799377  +0.j         23.45425974  +0.j
 25.4769846   +0.j         30.16009013  +0.j
 35.68364636  +0.j         40.63490156  +0.j
 50.14196265  +0.j         59.67754806  +0.j
 63.66964164  +0.j         67.88285509  +0.j
 73.72597413  +0.j         74.54283328  +0.j        ]
Flipping all imaginary frequencies except the lowest one
Entropy components at T = 298.15 K and P = 101325.0 Pa:
=================================================
                           S               T*S
S_trans (1 bar)    0.0019477 eV/K        0.581 eV
S_rot              0.0016623 eV/K        0.496 eV
S_elec             0.0000000 eV/K        0.000 eV
S_vib              0.0067696 eV/K        2.018 eV
S (1 bar -> P)    -0.0000011 eV/K       -0.000 eV
-------------------------------------------------
S                  0.0103784 eV/K        3.094 eV
=================================================
Enthalpy components at T = 298.15 K:
===============================
E_pot                 -2.604 eV
E_ZPE                 17.489 eV
Cv_trans (0->T)        0.039 eV
Cv_rot (0->T)          0.039 eV
Cv_vib (0->T)          0.954 eV
(C_v -> C_p)           0.026 eV
-------------------------------
H                     15.942 eV
===============================
