Time[ps]      Epot1 [eV]    T1 [K]
0.0000          -4.1420      417.1  
0.0200          -2.2260      233.2  
0.0400          -2.0424      219.7  
0.0600          -2.3166      251.9  
0.0800          -1.6788      203.3  
0.1000          -1.1664      172.8  
0.1200          -1.4533      222.6  
0.1400          -1.6302      273.8  
0.1600          -1.5167      305.1  
0.1800          -1.4593      347.0  
0.2000          -1.4952      400.5  
0.2200          -1.2081      419.9  
0.2400          -0.7725      410.7  
0.2600          -0.7520      428.8  
0.2800          -0.6056      424.4  
0.3000          -0.2506      386.1  
0.3200          -0.5894      403.4  
0.3400          -0.9446      413.8  
0.3600          -1.1639      404.8  
0.3800          -1.3016      379.9  
0.4000          -1.0962      320.9  
0.4200          -1.2005      294.1  
0.4400          -1.3295      271.0  
0.4600          -1.2921      240.1  
0.4800          -1.4855      232.6  
0.5000          -1.5739      217.4  
0.5200          -1.6952      208.9  
0.5400          -1.6098      183.7  
0.5600          -1.7899      187.2  
0.5800          -1.8362      181.5  
0.6000          -2.0804      196.5  
0.6200          -2.1432      195.1  
0.6400          -2.0023      177.3  
0.6600          -2.0327      178.1  
0.6800          -2.2686      203.7  
0.7000          -2.2712      207.4  
0.7200          -2.1024      196.7  
0.7400          -1.9153      187.1  
0.7600          -1.9788      205.1  
0.7800          -1.8762      209.2  
0.8000          -1.4745      186.8  
0.8200          -1.6381      221.9  
0.8400          -1.6159      242.1  
0.8600          -1.8297      291.9  
0.8800          -1.5129      291.2  
0.9000          -1.5378      323.3  
0.9200          -1.6526      366.8  
0.9400          -1.3796      371.3  
0.9600          -0.9501      359.3  
0.9800          -1.2083      410.5  
1.0000          -0.7484      387.3  
1.0200          -0.1342      343.4  
1.0400          -0.0721      354.3  
1.0600          -0.3405      401.0  
1.0800          -0.2575      417.0  
1.1000          -0.4595      452.6  
1.1200          -0.3585      444.5  
1.1400          -0.5362      449.6  
1.1600          -0.4363      414.7  
1.1800          -0.1468      351.9  
1.2000          -0.3524      335.2  
1.2200          -0.2798      295.0  
1.2400          -0.5487      289.9  
1.2600          -0.6775      269.8  
1.2800          -1.1602      287.1  
1.3000          -1.1934      262.1  
1.3200          -1.1366      229.9  
1.3400          -1.3978      231.7  
1.3600          -1.2415      196.1  
1.3800          -1.2266      178.0  
1.4000          -1.2748      169.6  
1.4200          -1.5865      191.1  
1.4400          -1.7302      199.3  
1.4600          -1.8371      204.3  
1.4800          -1.8626      203.5  
1.5000          -1.8162      198.1  
1.5200          -1.8974      208.1  
1.5400          -1.6882      192.1  
1.5600          -1.4935      178.1  
1.5800          -1.5999      199.3  
1.6000          -1.6432      214.7  
1.6200          -1.6279      228.3  
1.6400          -1.2599      208.9  
1.6600          -1.3759      239.5  
1.6800          -1.2409      251.8  
1.7000          -1.0938      263.6  
1.7200          -0.8044      262.3  
1.7400          -1.0660      318.9  
1.7600          -0.8322      328.6  
1.7800          -1.0949      388.0  
1.8000          -0.3307      341.9  
1.8200          -0.5873      394.7  
1.8400          -0.9630      458.0  
1.8600          -0.7064      452.2  
1.8800          -0.5963      452.6  
1.9000          -0.0878      406.9  
1.9200          -0.1180      399.5  
1.9400          -0.2891      401.3  
1.9600          -0.2312      377.8  
1.9800          -0.3251      360.4  
2.0000          -0.8682      388.8  
2.0200          -1.1486      390.1  
2.0400          -1.8254      425.3  
2.0600          -1.3645      354.4  
2.0800          -1.4463      343.1  
2.1000          -1.5719      329.4  
2.1200          -1.6807      318.0  
2.1400          -1.8159      304.6  
2.1600          -2.0114      295.7  
2.1800          -1.5558      221.7  
2.2000          -1.7175      212.7  
2.2200          -2.1152      228.2  
2.2400          -2.2199      214.0  
2.2600          -2.1150      182.4  
2.2800          -2.2706      181.1  
2.3000          -2.3394      174.1  
2.3200          -2.3581      165.5  
2.3400          -2.2876      151.9  
2.3600          -2.4821      167.0  
2.3800          -2.3775      154.6  
2.4000          -2.4314      161.1  
2.4200          -2.4504      167.8  
2.4400          -2.3529      164.8  
2.4600          -2.3926      177.7  
2.4800          -2.1346      165.1  
2.5000          -1.9341      159.5  
2.5200          -1.8433      167.4  
2.5400          -1.9650      204.5  
2.5600          -1.8197      217.9  
2.5800          -1.6005      227.5  
2.6000          -1.4601      250.6  
2.6200          -1.4322      287.2  
2.6400          -0.8183      273.6  
2.6600          -0.9169      330.1  
2.6800          -0.5371      342.5  
2.7000           0.0079      344.6  
2.7200           0.5316      339.0  
2.7400           0.7647      362.9  
2.7600           0.8942      398.3  
2.7800           0.2577      504.2  
2.8000           0.9957      461.0  
2.8200           1.0909      469.6  
2.8400           0.6893      512.3  
2.8600           1.2374      448.9  
2.8800           0.9687      455.4  
2.9000           1.0366      418.7  
2.9200           0.7703      406.8  
2.9400           0.6171      374.4  
2.9600           0.4076      348.3  
2.9800          -0.2507      372.5  
3.0000          -0.2270      325.1  
3.0200          -0.5733      315.5  
3.0400          -0.6476      286.8  
3.0600          -0.4967      244.4  
3.0800          -0.6721      243.4  
3.1000          -0.7958      239.1  
3.1200          -1.2120      267.4  
3.1400          -1.1380      250.1  
3.1600          -1.2553      253.5  
3.1800          -1.4992      269.7  
3.2000          -1.6085      269.2  
3.2200          -1.5579      248.0  
3.2400          -1.4763      223.0  
3.2600          -1.5026      208.9  
3.2800          -1.6516      207.9  
3.3000          -1.8237      209.6  
3.3200          -1.7639      191.3  
3.3400          -1.7525      181.7  
3.3600          -1.8791      187.1  
3.3800          -1.9405      188.8  
3.4000          -2.0653      200.2  
3.4200          -2.0376      198.0  
3.4400          -2.1239      209.9  
3.4600          -1.9647      199.1  
3.4800          -1.9912      209.8  
3.5000          -2.1085      232.2  
3.5200          -2.1598      250.5  
3.5400          -2.0678      256.6  
3.5600          -2.0000      264.0  
3.5800          -2.0885      291.8  
3.6000          -1.9778      300.0  
3.6200          -2.1205      333.5  
3.6400          -1.6842      308.4  
3.6600          -1.5539      312.0  
3.6800          -1.4091      312.5  
3.7000          -1.1727      304.5  
3.7200          -1.3658      336.9  
3.7400          -1.3712      349.5  
3.7600          -1.3896      363.1  
3.7800          -1.1211      343.3  
3.8000          -1.3942      374.9  
3.8200          -1.5549      389.8  
3.8400          -1.0916      339.6  
3.8600          -1.1549      340.2  
3.8800          -1.3048      345.6  
3.9000          -1.1809      322.3  
3.9200          -1.0216      294.3  
3.9400          -1.0456      286.3  
3.9600          -1.1694      287.7  
3.9800          -1.0532      265.4  
4.0000          -1.1844      269.0  
4.0200          -1.3526      278.5  
4.0400          -1.3530      279.2  
4.0600          -1.4783      299.0  
4.0800          -1.7043      337.7  
4.1000          -1.6566      351.4  
4.1200          -1.5807      353.9  
4.1400          -1.5322      349.5  
4.1600          -1.2872      319.0  
4.1800          -1.2043      298.0  
4.2000          -1.1998      280.9  
4.2200          -0.9696      242.8  
4.2400          -1.1866      252.0  
4.2600          -1.3599      256.2  
4.2800          -1.2854      236.7  
4.3000          -1.1750      215.5  
4.3200          -1.4122      231.6  
4.3400          -1.5823      242.7  
4.3600          -1.5301      233.6  
4.3800          -1.5850      235.4  
4.4000          -1.6134      237.9  
4.4200          -1.4931      227.3  
4.4400          -1.4721      226.3  
4.4600          -1.2909      213.5  
4.4800          -1.2036      212.0  
4.5000          -1.0044      199.7  
4.5200          -1.0648      217.4  
4.5400          -1.1609      241.3  
4.5600          -1.0804      251.8  
4.5800          -1.0176      265.4  
4.6000          -1.0603      291.4  
4.6200          -0.8462      294.7  
4.6400          -0.9459      328.3  
4.6600          -1.0224      360.9  
4.6800          -0.7584      358.1  
4.7000          -0.6107      362.9  
4.7200          -0.5325      372.0  
4.7400          -0.6686      398.9  
4.7600          -0.3179      370.4  
4.7800          -0.4497      388.2  
4.8000          -0.5294      395.2  
4.8200          -0.7263      408.7  
4.8400          -0.9170      414.6  
4.8600          -0.7299      377.7  
4.8800          -0.7632      358.4  
4.9000          -1.1871      376.1  
4.9200          -1.0124      330.7  
4.9400          -1.1290      311.7  
4.9600          -0.9702      270.5  
4.9800          -1.4286      291.8  
5.0000          -1.5522      278.6  
5.0200          -1.7044      272.3  
5.0400          -1.9929      287.6  
5.0600          -1.9150      272.2  
5.0800          -1.7433      257.3  
5.1000          -1.9562      281.3  
5.1200          -2.1915      305.9  
5.1400          -2.0338      290.4  
5.1600          -2.0532      287.1  
5.1800          -1.9853      269.7  
5.2000          -2.0146      259.7  
5.2200          -1.7426      218.1  
5.2400          -1.7371      205.8  
5.2600          -1.6120      184.8  
5.2800          -1.9913      215.5  
5.3000          -1.7607      187.8  
5.3200          -1.5503      165.0  
5.3400          -1.4565      156.8  
5.3600          -1.4303      158.9  
5.3800          -1.4957      171.8  
5.4000          -1.5873      192.0  
5.4200          -1.4863      197.3  
5.4400          -1.6822      234.1  
5.4600          -1.6990      258.1  
5.4800          -1.6938      284.9  
5.5000          -1.6099      305.2  
5.5200          -1.5634      331.5  
5.5400          -1.4080      347.8  
5.5600          -1.2277      358.8  
5.5800          -0.8652      347.9  
5.6000          -0.8541      368.5  
5.6200          -0.6403      364.8  
5.6400          -0.5625      372.1  
5.6600          -0.3431      361.3  
5.6800          -0.3683      368.6  
5.7000          -0.7618      412.2  
5.7200          -0.7009      400.9  
5.7400          -0.8983      407.8  
5.7600          -0.6426      365.7  
5.7800          -0.6806      348.5  
5.8000          -0.6719      326.6  
5.8200          -0.5662      292.3  
5.8400          -0.3432      252.0  
5.8600          -0.8430      282.1  
5.8800          -1.0317      282.3  
5.9000          -0.6275      224.3  
5.9200          -0.3926      188.7  
5.9400          -0.7483      215.6  
5.9600          -1.1024      242.5  
5.9800          -0.8395      209.3  
6.0000          -0.7564      196.8  
6.0200          -1.2721      248.2  
6.0400          -1.0976      236.7  
6.0600          -0.8509      224.8  
6.0800          -0.8370      245.2  
6.1000          -1.0784      296.6  
6.1200          -0.9419      314.9  
6.1400          -0.4971      301.8  
6.1600          -0.4776      326.6  
6.1800          -0.3552      333.5  
6.2000          -0.7025      381.7  
6.2200          -0.6317      379.2  
6.2400          -0.7706      388.9  
6.2600          -0.7306      375.3  
6.2800          -0.5672      344.3  
6.3000          -0.8001      350.1  
6.3200          -1.0897      358.0  
6.3400          -1.2163      346.7  
6.3600          -1.2169      321.9  
6.3800          -1.4098      315.2  
6.4000          -1.3722      286.5  
6.4200          -1.4875      275.3  
6.4400          -1.3238      238.7  
6.4600          -1.4882      237.8  
6.4800          -1.3092      206.1  
6.5000          -1.1320      176.5  
6.5200          -1.4739      202.7  
6.5400          -1.3597      185.4  
6.5600          -1.7585      222.6  
6.5800          -1.8625      231.3  
6.6000          -1.5905      204.2  
6.6200          -1.5099      197.9  
6.6400          -1.5399      206.2  
6.6600          -1.3749      196.3  
6.6800          -1.3442      202.2  
6.7000          -1.5314      234.2  
6.7200          -1.5846      255.5  
6.7400          -1.6023      277.2  
6.7600          -1.2558      262.0  
6.7800          -1.2224      279.8  
6.8000          -1.0864      289.4  
6.8200          -1.4126      346.2  
6.8400          -1.1807      347.9  
6.8600          -0.9069      342.8  
6.8800          -1.1377      386.6  
6.9000          -1.0924      400.2  
6.9200          -1.3991      444.4  
6.9400          -1.2642      435.5  
6.9600          -0.8275      387.5  
6.9800          -0.7023      364.9  
7.0000          -0.8430      365.9  
7.0200          -0.6002      328.6  
7.0400          -0.5409      315.7  
7.0600          -0.4293      305.4  
7.0800          -0.2589      293.8  
7.1000          -0.7287      346.3  
7.1200          -0.6452      338.0  
7.1400          -0.5907      328.2  
7.1600          -0.5146      306.2  
7.1800          -0.5287      291.2  
7.2000          -0.6189      280.0  
7.2200          -1.1690      312.6  
7.2400          -1.0752      279.0  
7.2600          -0.9736      247.1  
7.2800          -1.0818      240.1  
7.3000          -1.4633      259.5  
7.3200          -1.4995      245.4  
7.3400          -1.7664      256.7  
7.3600          -1.6861      235.5  
7.3800          -1.6966      225.0  
7.4000          -1.6633      212.4  
7.4200          -1.3889      178.3  
7.4400          -1.6106      197.9  
7.4600          -1.7673      212.4  
7.4800          -2.0034      237.2  
7.5000          -1.7387      213.4  
7.5200          -1.9183      236.5  
7.5400          -1.9441      246.7  
7.5600          -1.8533      246.6  
7.5800          -1.8125      251.7  
7.6000          -1.5472      237.3  
7.6200          -1.7585      271.4  
7.6400          -1.7758      287.7  
7.6600          -1.1715      241.5  
7.6800          -0.7406      212.1  
7.7000          -0.7026      223.1  
7.7200          -0.7894      250.1  
7.7400          -0.7527      269.4  
7.7600          -0.3431      250.4  
7.7800          -0.5557      296.9  
7.8000          -0.5956      328.0  
7.8200          -0.6424      359.3  
7.8400          -0.4072      358.9  
7.8600          -0.7436      414.0  
7.8800          -0.6504      422.9  
7.9000          -0.2706      392.2  
7.9200          -0.2316      389.6  
7.9400           0.0196      361.2  
7.9600          -0.3798      394.5  
7.9800          -0.2009      363.1  
8.0000          -0.4109      368.0  
8.0200          -0.4139      351.4  
8.0400          -0.4126      335.1  
8.0600          -0.5877      344.1  
8.0800          -0.5465      332.0  
8.1000          -1.0186      371.0  
8.1200          -1.0444      359.4  
8.1400          -0.7076      308.1  
8.1600          -1.1755      326.8  
8.1800          -1.1556      297.6  
8.2000          -1.3178      284.1  
8.2200          -1.2905      253.9  
8.2400          -1.4256      240.7  
8.2600          -1.5423      227.3  
8.2800          -1.7258      225.1  
8.3000          -1.9022      222.7  
8.3200          -1.8021      195.3  
8.3400          -1.9077      192.8  
8.3600          -2.0870      200.5  
8.3800          -2.2439      207.9  
8.4000          -2.2046      198.1  
8.4200          -2.3120      205.0  
8.4400          -2.2920      202.0  
8.4600          -2.0066      174.5  
8.4800          -1.8613      163.5  
8.5000          -1.9696      182.2  
8.5200          -2.2061      216.9  
8.5400          -2.0640      216.1  
8.5600          -1.8531      211.2  
8.5800          -1.6342      206.5  
8.6000          -1.6204      225.3  
8.6200          -1.6481      255.0  
8.6400          -1.8483      304.5  
8.6600          -1.7537      328.5  
8.6800          -0.9851      280.8  
8.7000          -1.0126      312.9  
8.7200          -0.7824      320.1  
8.7400          -0.7269      345.7  
8.7600          -0.6051      361.6  
8.7800           0.2041      304.5  
8.8000           0.1886      329.5  
8.8200          -0.0480      376.0  
8.8400          -0.2690      421.2  
8.8600          -0.5347      463.8  
8.8800          -0.2728      444.3  
8.9000           0.0212      413.9  
8.9200           0.1600      390.8  
8.9400          -0.1724      410.9  
8.9600          -0.3040      402.5  
8.9800          -0.0218      345.5  
9.0000           0.2463      293.2  
9.0200           0.1704      281.1  
9.0400           0.1190      271.5  
9.0600          -0.2555      298.3  
9.0800          -0.2395      291.9  
9.1000          -0.6367      330.9  
9.1200          -0.7249      340.4  
9.1400          -1.0634      370.2  
9.1600          -0.9958      353.7  
9.1800          -0.9912      335.3  
9.2000          -0.8304      292.9  
9.2200          -1.1371      294.0  
9.2400          -1.1143      261.7  
9.2600          -1.1763      241.0  
9.2800          -1.2230      221.5  
9.3000          -1.2590      204.5  
9.3200          -1.3478      195.7  
9.3400          -1.4229      188.8  
9.3600          -1.6506      199.7  
9.3800          -1.6248      187.3  
9.4000          -1.7395      191.6  
9.4200          -1.9784      211.3  
9.4400          -1.8398      194.9  
9.4600          -1.6792      178.6  
9.4800          -1.6565      179.7  
9.5000          -1.7114      190.9  
9.5200          -1.7655      205.2  
9.5400          -1.8705      227.9  
9.5600          -1.9008      246.6  
9.5800          -1.8517      259.3  
9.6000          -1.7867      272.7  
9.6200          -1.7884      295.5  
9.6400          -1.5922      297.5  
9.6600          -1.4789      308.4  
9.6800          -1.2688      310.1  
9.7000          -1.3314      338.2  
9.7200          -1.4732      373.2  
9.7400          -1.0959      353.3  
9.7600          -1.0406      363.5  
9.7800          -1.1290      382.4  
9.8000          -0.9273      368.6  
9.8200          -1.0461      381.6  
9.8400          -0.8227      354.6  
9.8600          -0.9047      355.3  
9.8800          -0.9575      349.4  
9.9000          -0.9231      333.4  
9.9200          -0.6289      289.6  
9.9400          -0.7181      284.1  
9.9600          -0.4293      244.9  
9.9800          -0.6354      255.1  
10.0000         -0.6557      248.5  
10.0200         -0.7928      257.1  
10.0400         -1.1234      290.2  
10.0600         -1.0400      292.9  
10.0800         -1.2182      326.9  
10.1000         -1.4935      372.5  
10.1200         -1.0873      344.5  
10.1400         -0.9514      332.0  
10.1600         -0.9728      326.3  
10.1800         -1.0024      315.9  
10.2000         -1.0243      300.6  
10.2200         -0.7428      255.5  
10.2400         -0.7961      246.1  
10.2600         -0.8946      241.2  
10.2800         -1.0598      246.3  
10.3000         -1.4432      273.1  
10.3200         -1.5088      268.8  
10.3400         -1.6181      269.3  
10.3600         -1.7001      267.7  
10.3800         -1.8192      270.3  
10.4000         -1.6602      246.5  
10.4200         -1.5786      230.6  
10.4400         -1.5166      219.7  
10.4600         -1.5631      222.4  
10.4800         -1.4478      210.2  
10.5000         -1.3790      204.6  
10.5200         -1.5045      222.4  
10.5400         -1.8195      261.3  
10.5600         -1.8846      277.3  
10.5800         -2.0228      301.9  
10.6000         -1.7815      288.7  
10.6200         -1.6872      289.1  
10.6400         -1.8608      316.7  
10.6600         -1.9529      334.5  
10.6800         -1.7692      324.7  
10.7000         -1.3628      288.8  
10.7200         -1.0880      266.0  
10.7400         -1.2873      293.8  
10.7600         -1.1592      285.9  
10.7800         -1.1165      288.0  
10.8000         -1.0880      291.7  
10.8200         -0.7844      264.1  
10.8400         -0.9594      288.0  
10.8600         -1.1703      314.5  
10.8800         -1.0024      302.4  
10.9000         -1.0111      307.4  
10.9200         -1.0346      312.3  
10.9400         -1.1827      330.3  
10.9600         -1.0754      320.6  
10.9800         -1.0278      315.2  
11.0000         -0.6508      277.4  
11.0200         -0.7057      282.6  
11.0400         -0.8976      308.5  
11.0600         -0.6577      300.9  
11.0800         -1.0257      359.2  
11.1000         -1.2972      408.1  
11.1200         -0.8411      376.2  
11.1400         -0.4438      340.3  
11.1600         -0.5527      347.5  
11.1800         -0.5189      334.3  
11.2000         -0.9283      357.8  
11.2200         -0.9376      339.3  
11.2400         -0.9688      319.9  
11.2600         -1.4262      339.3  
11.2800         -1.2776      299.3  
11.3000         -1.4568      291.0  
11.3200         -1.4553      265.9  
11.3400         -1.5136      249.1  
11.3600         -1.5183      229.3  
11.3800         -1.8238      243.0  
11.4000         -1.8893      233.3  
11.4200         -1.8911      220.0  
11.4400         -2.1213      229.9  
11.4600         -1.9864      207.0  
11.4800         -2.2658      228.4  
11.5000         -2.2383      219.6  
11.5200         -2.1762      210.7  
11.5400         -2.1725      210.0  
11.5600         -2.0367      196.6  
11.5800         -1.8388      180.1  
11.6000         -1.7741      179.6  
11.6200         -1.7271      184.3  
11.6400         -1.7944      204.1  
11.6600         -1.9705      238.9  
11.6800         -2.2026      284.5  
11.7000         -2.1380      302.3  
11.7200         -1.7342      284.9  
11.7400         -1.7060      306.7  
11.7600         -1.6544      327.5  
11.7800         -1.7838      365.6  
11.8000         -1.2664      337.6  
11.8200         -1.1564      347.5  
11.8400         -0.9117      340.7  
11.8600         -1.2176      386.4  
11.8800         -0.9822      374.3  
11.9000         -0.9876      381.3  
11.9200         -1.2380      408.3  
11.9400         -0.9410      374.4  
11.9600         -0.8071      352.3  
11.9800         -1.2354      384.6  
12.0000         -0.9010      335.2  
12.0200         -1.0351      333.4  
12.0400         -1.3182      351.5  
12.0600         -1.3828      354.8  
12.0800         -1.3883      356.0  
12.1000         -1.5248      368.3  
12.1200         -1.2980      339.0  
12.1400         -1.1794      314.9  
12.1600         -1.1465      293.0  
12.1800         -0.9762      256.3  
12.2000         -0.9648      237.1  
12.2200         -1.3643      258.5  
12.2400         -1.6477      269.3  
12.2600         -1.7798      263.6  
12.2800         -1.7895      246.9  
12.3000         -1.8906      241.9  
12.3200         -1.8098      220.1  
12.3400         -1.6469      192.9  
12.3600         -1.7967      201.5  
12.3800         -1.8908      206.3  
12.4000         -1.9870      212.2  
12.4200         -1.8969      202.0  
12.4400         -1.8439      198.5  
12.4600         -1.8586      203.8  
12.4800         -1.8162      206.1  
12.5000         -1.7106      203.4  
12.5200         -1.9105      235.7  
12.5400         -1.7617      236.1  
12.5600         -1.3888      213.4  
12.5800         -1.4566      238.9  
12.6000         -1.3573      249.8  
12.6200         -1.3616      273.0  
12.6400         -1.1245      276.1  
12.6600         -1.0488      296.4  
12.6800         -1.3098      352.1  
12.7000         -1.1353      364.9  
12.7200         -1.1336      391.2  
12.7400         -0.7630      377.1  
12.7600         -0.4809      365.0  
12.7800         -0.2232      351.8  
12.8000         -0.3275      370.3  
12.8200         -0.3018      372.5  
12.8400         -0.4314      385.8  
12.8600         -0.9173      427.3  
12.8800         -1.1392      435.8  
12.9000         -1.0307      402.3  
12.9200         -1.1291      384.6  
12.9400         -0.8268      324.0  
12.9600         -0.5545      267.4  
12.9800         -1.2954      315.1  
13.0000         -1.6235      318.3  
13.0200         -1.6296      290.9  
13.0400         -1.4079      248.6  
13.0600         -1.4743      244.1  
13.0800         -1.4686      241.4  
13.1000         -1.6635      260.8  
13.1200         -1.6805      262.7  
13.1400         -1.4851      247.8  
13.1600         -1.6393      263.6  
13.1800         -1.7732      272.9  
13.2000         -1.8142      270.1  
13.2200         -1.7260      253.7  
13.2400         -1.6380      237.3  
13.2600         -1.8540      251.3  
13.2800         -1.8310      241.2  
13.3000         -1.8575      235.8  
13.3200         -1.7949      223.9  
13.3400         -1.6412      204.7  
13.3600         -2.1382      253.4  
13.3800         -2.0096      240.3  
13.4000         -1.9675      237.3  
13.4200         -2.0179      245.5  
13.4400         -2.1480      263.1  
13.4600         -2.0488      259.0  
13.4800         -1.8605      248.6  
13.5000         -1.7525      246.3  
13.5200         -1.6527      245.7  
13.5400         -1.4226      235.2  
13.5600         -1.3788      243.9  
13.5800         -1.4026      261.3  
13.6000         -1.5047      289.9  
13.6200         -1.1550      272.5  
13.6400         -1.1083      286.9  
13.6600         -1.1974      314.8  
13.6800         -0.9753      311.8  
13.7000         -0.8725      318.6  
13.7200         -0.6735      317.6  
13.7400         -0.8572      353.5  
13.7600         -0.7315      356.3  
13.7800         -1.0959      404.1  
13.8000         -0.8605      384.2  
13.8200         -0.8320      379.7  
13.8400         -1.3328      424.8  
13.8600         -1.2684      406.4  
13.8800         -0.9657      358.2  
13.9000         -1.2120      361.9  
13.9200         -1.1215      328.4  
13.9400         -0.9598      290.0  
13.9600         -1.0149      277.1  
13.9800         -1.2948      287.6  
14.0000         -1.3168      270.2  
14.0200         -1.1619      239.9  
14.0400         -1.1543      232.3  
14.0600         -1.1182      229.9  
14.0800         -1.0076      225.3  
14.1000         -1.5849      293.1  
14.1200         -1.9194      340.9  
14.1400         -1.7155      335.7  
14.1600         -1.6091      336.2  
14.1800         -1.8414      360.2  
14.2000         -1.7574      341.4  
14.2200         -1.3339      282.8  
14.2400         -1.4905      280.8  
14.2600         -1.4974      263.0  
14.2800         -1.6326      261.3  
14.3000         -1.6043      242.6  
14.3200         -1.7489      244.2  
14.3400         -1.7901      237.1  
14.3600         -2.1649      263.7  
14.3800         -1.9490      232.2  
14.4000         -2.0983      239.4  
14.4200         -2.3196      255.0  
14.4400         -1.9937      217.9  
14.4600         -2.4295      259.4  
14.4800         -2.3185      246.7  
14.5000         -2.2515      240.1  
14.5200         -2.2874      245.4  
14.5400         -2.3363      253.7  
14.5600         -2.3872      262.6  
14.5800         -2.1569      244.4  
14.6000         -2.2914      265.7  
14.6200         -2.2183      266.5  
14.6400         -2.1951      273.7  
14.6600         -1.9418      257.8  
14.6800         -1.8070      254.8  
14.7000         -1.7746      261.8  
14.7200         -1.9624      294.2  
14.7400         -1.7090      281.9  
14.7600         -1.6334      286.3  
14.7800         -1.4646      281.4  
14.8000         -1.4062      288.6  
14.8200         -1.7587      339.0  
14.8400         -1.5449      329.5  
14.8600         -1.5973      345.1  
14.8800         -1.4261      336.4  
14.9000         -1.8454      385.5  
14.9200         -1.5442      359.0  
14.9400         -1.5417      357.6  
14.9600         -1.3313      332.1  
14.9800         -1.6413      358.2  
15.0000         -1.7227      358.1  
15.0200         -1.7577      351.4  
15.0400         -1.5153      322.2  
15.0600         -1.2892      300.8  
15.0800         -1.5787      337.1  
15.1000         -1.3103      318.4  
15.1200         -1.2200      314.3  
15.1400         -1.4451      334.9  
15.1600         -1.6114      341.1  
15.1800         -1.6161      325.5  
15.2000         -2.0323      345.0  
15.2200         -1.9867      314.6  
15.2400         -1.7952      271.5  
15.2600         -1.8608      256.4  
15.2800         -1.8665      236.1  
15.3000         -1.9897      231.6  
15.3200         -1.8968      208.6  
15.3400         -1.9519      202.0  
15.3600         -1.8660      185.0  
15.3800         -1.9039      183.9  
15.4000         -1.9239      183.0  
15.4200         -1.9845      189.3  
15.4400         -1.9447      188.0  
15.4600         -1.9301      191.9  
15.4800         -1.9850      204.9  
15.5000         -1.9306      210.5  
15.5200         -1.9450      224.9  
15.5400         -1.7270      218.8  
15.5600         -1.6071      223.8  
15.5800         -1.3718      219.4  
15.6000         -1.1639      219.6  
15.6200         -1.4768      277.8  
15.6400         -1.3863      299.8  
15.6600         -0.7494      266.3  
15.6800         -0.8739      310.5  
15.7000         -1.0510      363.9  
15.7200         -0.8521      380.4  
15.7400         -0.5071      377.9  
15.7600         -0.7514      430.9  
15.7800         -0.7384      452.5  
15.8000         -0.5335      447.7  
15.8200         -0.5592      456.3  
15.8400         -0.4002      438.9  
15.8600         -0.1549      403.4  
15.8800         -0.3682      409.2  
15.9000         -0.3500      386.7  
15.9200         -0.2915      356.5  
15.9400         -0.4976      348.3  
15.9600         -0.9881      366.9  
15.9800         -1.0792      341.2  
16.0000         -1.1460      314.8  
16.0200         -1.2231      292.9  
16.0400         -1.4709      294.4  
16.0600         -1.6455      298.1  
16.0800         -1.5794      283.3  
16.1000         -1.4052      262.5  
16.1200         -1.5802      275.1  
16.1400         -1.5875      269.2  
16.1600         -1.7836      276.1  
16.1800         -1.6254      246.5  
16.2000         -1.5524      224.6  
16.2200         -1.6448      219.3  
16.2400         -1.7853      220.9  
16.2600         -1.8412      214.2  
16.2800         -1.8751      208.3  
16.3000         -2.0020      213.9  
16.3200         -2.1029      217.4  
16.3400         -2.1487      218.2  
16.3600         -1.9350      195.9  
16.3800         -1.8834      191.1  
16.4000         -1.9569      201.9  
16.4200         -1.9710      209.6  
16.4400         -1.9294      213.8  
16.4600         -1.6556      196.7  
16.4800         -1.6855      212.9  
16.5000         -1.6416      224.7  
16.5200         -1.5854      237.8  
16.5400         -1.9550      298.3  
16.5600         -1.8821      318.6  
16.5800         -1.4869      304.0  
16.6000         -1.6545      346.9  
16.6200         -1.5945      366.5  
16.6400         -1.2333      352.8  
16.6600         -1.3028      379.9  
16.6800         -1.1365      376.6  
16.7000         -1.0725      379.2  
16.7200         -0.8217      357.8  
16.7400         -0.5182      328.2  
16.7600         -1.0062      374.7  
16.7800         -0.6872      336.9  
16.8000         -0.5801      318.4  
16.8200         -0.8927      340.4  
16.8400         -0.9574      334.4  
16.8600         -0.8534      311.7  
16.8800         -1.1920      329.5  
16.9000         -0.9535      287.7  
16.9200         -1.5431      331.5  
16.9400         -1.5032      310.5  
16.9600         -1.5751      298.8  
16.9800         -1.6558      289.0  
17.0000         -1.5663      263.9  
17.0200         -1.6935      264.2  
17.0400         -1.8236      270.6  
17.0600         -1.5088      243.8  
17.0800         -1.7353      274.2  
17.1000         -1.9182      307.4  
17.1200         -2.0482      337.2  
17.1400         -2.1597      355.9  
17.1600         -1.9675      334.0  
17.1800         -1.6954      297.4  
17.2000         -1.5878      274.0  
17.2200         -1.3610      237.4  
17.2400         -1.3026      221.0  
17.2600         -1.3625      218.3  
17.2800         -1.3450      208.9  
17.3000         -1.2837      197.8  
17.3200         -1.4548      213.6  
17.3400         -1.4892      216.3  
17.3600         -1.6737      236.3  
17.3800         -1.5798      231.1  
17.4000         -1.7652      254.9  
17.4200         -1.9418      279.5  
17.4400         -1.8509      277.5  
17.4600         -1.3759      236.6  
17.4800         -1.4614      254.6  
17.5000         -1.4041      259.1  
17.5200         -1.1037      241.3  
17.5400         -1.1391      257.3  
17.5600         -1.3879      297.2  
17.5800         -1.3393      309.5  
17.6000         -1.1862      309.0  
17.6200         -0.9872      302.9  
17.6400         -1.3648      355.2  
17.6600         -1.0232      332.8  
17.6800         -0.9780      338.8  
17.7000         -1.1480      363.5  
17.7200         -1.2481      377.6  
17.7400         -0.9539      348.0  
17.7600         -0.8656      335.3  
17.7800         -1.1961      362.4  
17.8000         -1.1253      347.1  
17.8200         -0.9502      318.1  
17.8400         -1.0370      314.2  
17.8600         -0.7371      272.1  
17.8800         -1.0088      288.7  
17.9000         -1.1844      295.1  
17.9200         -0.9659      262.7  
17.9400         -0.9951      255.5  
17.9600         -1.5880      305.3  
17.9800         -1.5513      291.3  
18.0000         -1.2953      254.8  
18.0200         -1.5153      270.5  
18.0400         -1.7868      297.5  
18.0600         -1.7075      299.0  
18.0800         -1.5983      303.4  
18.1000         -1.5464      314.9  
18.1200         -1.8040      354.4  
18.1400         -1.5806      335.9  
18.1600         -1.7454      346.2  
18.1800         -1.3758      296.8  
18.2000         -1.2215      268.0  
18.2200         -1.6188      293.7  
18.2400         -1.6936      284.6  
18.2600         -1.4049      240.3  
18.2800         -1.9054      277.2  
18.3000         -1.7652      248.7  
18.3200         -1.8366      244.2  
18.3400         -1.6446      215.3  
18.3600         -1.9118      234.6  
18.3800         -2.0474      241.7  
18.4000         -2.0352      236.5  
18.4200         -2.1672      246.4  
18.4400         -2.3102      259.2  
18.4600         -1.9523      222.6  
18.4800         -2.0204      231.1  
18.5000         -2.1994      253.8  
18.5200         -1.8102      218.9  
18.5400         -1.8105      225.8  
18.5600         -2.0334      257.8  
18.5800         -1.5799      222.6  
18.6000         -1.5240      228.5  
18.6200         -2.0289      295.2  
18.6400         -1.6489      274.9  
18.6600         -1.5544      283.3  
18.6800         -1.7151      319.6  
18.7000         -1.1373      279.3  
18.7200         -1.7117      357.8  
18.7400         -1.3232      338.5  
18.7600         -1.0608      326.0  
18.7800         -1.3883      374.2  
18.8000         -1.0276      350.1  
18.8200         -0.9911      353.8  
18.8400         -1.0198      361.8  
18.8600         -0.4395      306.1  
18.8800         -0.6227      326.8  
18.9000         -0.9690      361.7  
18.9200         -0.9495      357.4  
18.9400         -0.8904      345.3  
18.9600         -0.9367      339.0  
18.9800         -0.7113      305.6  
19.0000         -0.8168      305.9  
19.0200         -0.7073      283.3  
19.0400         -0.9032      298.6  
19.0600         -1.0133      311.2  
19.0800         -0.9365      311.4  
19.1000         -1.2909      358.8  
19.1200         -1.2042      357.4  
19.1400         -1.1307      350.3  
19.1600         -1.5041      376.5  
19.1800         -1.3679      344.9  
19.2000         -0.8874      273.5  
19.2200         -1.0838      271.5  
19.2400         -0.9853      240.4  
19.2600         -1.3050      252.5  
19.2800         -1.4814      251.0  
19.3000         -1.4115      226.6  
19.3200         -1.5741      228.2  
19.3400         -1.6754      225.0  
19.3600         -1.6236      209.7  
19.3800         -2.0286      241.9  
19.4000         -1.9883      230.3  
19.4200         -2.0442      230.9  
19.4400         -2.0030      223.0  
19.4600         -1.7892      200.4  
19.4800         -1.7986      202.5  
19.5000         -1.6760      193.7  
19.5200         -1.6421      196.5  
19.5400         -1.6246      203.5  
19.5600         -1.5584      207.8  
19.5800         -1.8404      252.4  
19.6000         -1.6030      245.4  
19.6200         -1.7095      276.4  
19.6400         -1.7678      306.4  
19.6600         -1.9174      346.1  
19.6800         -1.9023      368.8  
19.7000         -1.9091      391.9  
19.7200         -1.2315      338.8  
19.7400         -0.8958      316.0  
19.7600         -0.9207      328.1  
19.7800         -1.0744      351.6  
19.8000         -1.0506      355.1  
19.8200         -0.7817      329.3  
19.8400         -0.7015      320.0  
19.8600         -1.4185      389.0  
19.8800         -1.1524      353.7  
19.9000         -0.9950      326.4  
19.9200         -1.0237      314.9  
19.9400         -0.9837      296.6  
19.9600         -1.1789      302.9  
19.9800         -1.3154      300.9  
20.0000         -1.4957      304.4  
20.0200         -1.2879      270.5  
20.0400         -1.2475      259.7  
20.0600         -1.2255      259.8  
20.0800         -1.2156      268.3  
20.1000         -1.1431      276.4  
20.1200         -1.4292      321.8  
20.1400         -1.4418      334.4  
20.1600         -1.4370      336.3  
20.1800         -1.4158      327.7  
20.2000         -1.0113      278.3  
20.2200         -1.2692      292.7  
20.2400         -1.4730      299.7  
20.2600         -1.6422      301.3  
20.2800         -1.5908      280.2  
20.3000         -1.5682      262.3  
20.3200         -1.7095      263.9  
20.3400         -2.0225      282.7  
20.3600         -1.9495      261.5  
20.3800         -1.8073      236.2  
20.4000         -2.1717      263.6  
20.4200         -1.9343      231.4  
20.4400         -1.8445      216.0  
20.4600         -1.9534      223.1  
20.4800         -2.0410      230.5  
20.5000         -1.9353      220.1  
20.5200         -1.6699      195.6  
20.5400         -1.7113      204.8  
20.5600         -1.5934      200.2  
20.5800         -1.7808      229.2  
20.6000         -1.9111      255.7  
20.6200         -1.5551      235.3  
20.6400         -1.5331      249.5  
20.6600         -1.5359      268.8  
20.6800         -1.3600      271.5  
20.7000         -1.1301      269.8  
20.7200         -0.7433      251.8  
20.7400         -0.6760      267.4  
20.7600         -0.4052      263.6  
20.7800         -0.3355      285.0  
20.8000         -0.4126      321.1  
20.8200         -0.7205      385.9  
20.8400         -0.1522      361.6  
20.8600         -0.6118      433.2  
20.8800         -0.5202      446.9  
20.9000         -0.8166      490.7  
20.9200         -0.8550      495.5  
20.9400         -0.2598      424.6  
20.9600          0.0330      377.5  
20.9800         -0.3154      392.1  
21.0000         -0.4101      376.5  
21.0200         -0.2692      334.9  
21.0400         -0.3869      326.4  
21.0600         -0.5748      331.3  
21.0800         -0.9405      353.3  
21.1000         -1.0318      349.5  
21.1200         -1.0697      336.2  
21.1400         -1.0653      314.6  
21.1600         -1.2730      310.0  
21.1800         -1.1649      271.1  
21.2000         -1.3285      261.9  
21.2200         -1.2963      232.8  
21.2400         -1.4386      223.5  
21.2600         -1.6680      224.0  
21.2800         -1.7294      209.6  
21.3000         -1.8738      205.6  
21.3200         -1.8198      185.3  
21.3400         -1.8661      177.2  
21.3600         -1.7814      160.5  
21.3800         -1.8816      164.3  
21.4000         -1.9239      166.1  
21.4200         -2.1348      188.0  
21.4400         -1.8378      161.1  
21.4600         -1.6652      148.7  
21.4800         -1.6941      160.3  
21.5000         -1.6501      167.4  
21.5200         -1.7521      192.9  
21.5400         -1.7431      214.0  
21.5600         -2.0546      270.3  
21.5800         -1.7102      266.6  
21.6000         -1.3898      265.6  
21.6200         -1.5634      315.5  
21.6400         -1.1515      308.4  
21.6600         -1.3524      366.1  
21.6800         -1.1698      385.7  
21.7000         -0.6013      360.5  
21.7200         -0.2595      354.0  
21.7400         -0.7491      431.7  
21.7600         -0.2829      408.1  
21.7800         -0.5095      444.9  
21.8000         -0.4551      446.0  
21.8200         -0.2980      429.3  
21.8400         -0.1652      402.0  
21.8600         -0.9389      461.3  
21.8800         -0.9257      429.3  
21.9000         -0.5225      353.3  
21.9200         -0.7605      342.1  
21.9400         -0.9552      325.6  
21.9600         -1.4542      338.8  
21.9800         -1.4637      299.3  
22.0000         -1.3258      252.7  
22.0200         -1.7326      265.2  
22.0400         -1.8291      252.1  
22.0600         -1.9790      252.8  
22.0800         -1.9045      241.2  
22.1000         -1.9416      246.4  
22.1200         -2.0635      261.7  
22.1400         -2.1363      271.9  
22.1600         -2.0264      259.1  
22.1800         -2.4320      291.3  
22.2000         -2.3342      267.3  
22.2200         -2.1984      239.3  
22.2400         -2.1809      223.2  
22.2600         -1.9032      183.4  
22.2800         -1.8211      166.8  
22.3000         -1.7096      150.6  
22.3200         -1.7988      157.4  
22.3400         -1.8629      164.9  
22.3600         -1.9493      177.3  
22.3800         -1.9628      185.0  
22.4000         -2.0193      200.4  
22.4200         -2.1405      225.7  
22.4400         -1.9931      226.2  
22.4600         -1.9746      242.4  
22.4800         -1.7164      237.2  
22.5000         -1.8966      279.2  
22.5200         -1.8502      301.5  
22.5400         -1.5888      304.6  
22.5600         -1.6110      336.6  
22.5800         -1.1217      316.0  
22.6000         -0.9000      318.8  
22.6200         -0.9264      346.9  
22.6400         -0.9071      370.8  
22.6600         -0.8113      384.1  
22.6800         -0.7721      400.3  
22.7000         -1.0170      441.2  
22.7200         -1.3601      483.6  
22.7400         -0.7152      416.2  
22.7600         -0.6410      396.8  
22.7800         -0.7716      392.5  
22.8000         -0.8570      378.0  
22.8200         -0.5061      317.0  
22.8400         -0.4188      286.5  
22.8600         -0.9519      318.3  
22.8800         -0.8763      286.4  
22.9000         -0.5564      235.0  
22.9200         -0.7607      238.7  
22.9400         -1.1431      258.9  
22.9600         -0.5805      187.9  
22.9800         -0.7105      191.1  
23.0000         -1.0975      222.9  
23.0200         -1.2767      235.9  
23.0400         -1.0937      218.4  
23.0600         -1.0268      221.7  
23.0800         -1.1494      251.3  
23.1000         -1.2251      283.9  
23.1200         -1.2766      323.4  
23.1400         -1.0631      332.7  
23.1600         -1.0618      354.8  
23.1800         -0.7041      327.6  
23.2000         -0.4662      305.0  
23.2200         -0.7542      332.8  
23.2400         -0.8241      333.3  
23.2600         -1.2902      368.9  
23.2800         -1.0782      333.0  
23.3000         -1.0754      315.8  
23.3200         -1.4099      331.4  
23.3400         -1.6605      335.9  
23.3600         -1.4500      293.2  
23.3800         -1.5537      282.9  
23.4000         -1.5666      264.8  
23.4200         -1.6403      255.0  
23.4400         -1.4960      226.3  
23.4600         -1.8504      249.4  
23.4800         -1.8329      235.6  
23.5000         -1.9678      240.3  
23.5200         -1.9903      234.4  
23.5400         -1.9247      221.8  
23.5600         -1.8660      212.4  
23.5800         -1.9262      216.3  
23.6000         -1.8750      212.5  
23.6200         -1.6134      189.1  
23.6400         -1.8249      215.6  
23.6600         -2.2761      270.8  
23.6800         -2.2266      278.3  
23.7000         -2.0701      274.1  
23.7200         -2.2434      305.4  
23.7400         -2.2265      316.9  
23.7600         -1.9546      301.5  
23.7800         -1.6087      278.3  
23.8000         -1.3304      260.5  
23.8200         -0.6463      200.7  
23.8400         -1.6314      313.1  
23.8600         -1.4983      316.0  
23.8800         -1.1907      299.5  
23.9000         -1.6661      363.3  
23.9200         -1.3011      341.7  
23.9400         -1.1063      332.9  
23.9600         -0.9762      327.4  
23.9800         -0.8744      324.7  
24.0000         -0.8508      328.0  
24.0200         -0.4930      299.0  
24.0400         -0.4235      300.7  
24.0600         -0.3632      309.6  
24.0800         -0.4041      335.4  
24.1000         -0.5013      369.5  
24.1200         -0.6538      409.9  
24.1400         -0.7861      439.0  
24.1600         -0.8453      444.7  
24.1800         -0.7680      419.5  
24.2000         -0.4752      364.0  
24.2200         -0.7493      358.5  
24.2400         -0.6975      316.2  
24.2600         -0.5758      269.9  
24.2800         -0.8374      265.2  
24.3000         -0.9423      246.2  
24.3200         -1.2170      247.8  
24.3400         -1.4814      249.2  
24.3600         -1.3646      214.2  
24.3800         -1.5694      215.2  
24.4000         -1.8398      223.7  
24.4200         -1.7396      199.3  
24.4400         -1.8835      203.2  
24.4600         -1.6705      173.5  
24.4800         -1.8736      188.2  
24.5000         -1.7479      173.6  
24.5200         -1.8282      181.8  
24.5400         -2.0483      206.5  
24.5600         -1.8302      189.9  
24.5800         -1.7622      190.3  
24.6000         -1.7312      196.9  
24.6200         -1.5876      195.9  
24.6400         -1.5765      211.0  
24.6600         -1.5942      232.1  
24.6800         -1.3871      234.2  
24.7000         -1.3449      255.5  
24.7200         -1.5942      310.7  
24.7400         -1.2498      310.0  
24.7600         -1.1751      335.8  
24.7800         -0.9142      343.4  
24.8000         -0.5659      340.3  
24.8200         -0.5958      375.7  
24.8400         -0.6369      409.4  
24.8600         -0.4767      416.7  
24.8800         -0.0642      396.2  
24.9000          0.3415      365.6  
24.9200         -0.1402      418.3  
24.9400         -0.8439      486.9  
24.9600         -0.6828      457.0  
24.9800         -0.0256      370.2  
25.0000         -0.0949      352.8  
25.0200         -0.3708      356.7  
25.0400         -0.6002      358.7  
25.0600         -0.4396      328.7  
25.0800         -0.4504      322.5  
25.1000         -0.8042      346.1  
25.1200         -0.7087      321.6  
25.1400         -0.7652      311.4  
25.1600         -0.8798      300.3  
25.1800         -1.1465      300.7  
25.2000         -1.2267      279.1  
25.2200         -1.5347      279.2  
25.2400         -1.6626      263.6  
25.2600         -1.4176      213.1  
25.2800         -1.6055      209.9  
25.3000         -1.7420      205.3  
25.3200         -1.8604      200.9  
25.3400         -2.0000      201.5  
25.3600         -2.0294      192.9  
25.3800         -1.9603      177.7  
25.4000         -2.0670      183.9  
25.4200         -2.1910      193.6  
25.4400         -2.2267      196.8  
25.4600         -2.1494      192.0  
25.4800         -2.2545      208.1  
25.5000         -2.1449      204.3  
25.5200         -2.0776      207.7  
25.5400         -1.7594      187.7  
25.5600         -1.7106      197.0  
25.5800         -1.6981      214.5  
25.6000         -1.4309      208.4  
25.6200         -1.2638      215.1  
25.6400         -1.5392      272.9  
25.6600         -1.3600      291.6  
25.6800         -1.2935      323.9  
25.7000         -0.5643      287.9  
25.7200         -0.6382      330.2  
25.7400         -0.6414      369.7  
25.7600         -0.6406      410.6  
25.7800         -0.3286      415.3  
25.8000         -0.0776      421.7  
25.8200          0.3058      403.8  
25.8400          0.3699      410.5  
25.8600          0.6672      389.3  
25.8800          0.0564      451.7  
25.9000          0.3204      419.3  
25.9200          0.4115      396.5  
25.9400          0.1815      400.7  
25.9600          0.2779      367.1  
25.9800         -0.1949      387.7  
26.0000         -0.2103      359.7  
26.0200         -0.4650      354.2  
26.0400         -0.5938      338.0  
26.0600         -0.4453      305.1  
26.0800         -0.7705      317.8  
26.1000         -0.7443      299.5  
26.1200         -0.7531      285.8  
26.1400         -0.6988      268.9  
26.1600         -0.7753      265.6  
26.1800         -1.2592      299.9  
26.2000         -1.4159      295.7  
26.2200         -1.0936      245.0  
26.2400         -1.5408      268.0  
26.2600         -1.6270      254.3  
26.2800         -1.7596      245.4  
26.3000         -1.4910      199.8  
26.3200         -1.7244      209.3  
26.3400         -1.7563      200.0  
26.3600         -1.9900      211.7  
26.3800         -1.9781      202.5  
26.4000         -2.1018      208.8  
26.4200         -1.8024      173.5  
26.4400         -1.9381      186.1  
26.4600         -1.7788      172.3  
26.4800         -1.7744      175.7  
26.5000         -1.7085      176.2  
26.5200         -1.7847      193.0  
26.5400         -1.7090      199.3  
26.5600         -1.5990      204.0  
26.5800         -1.9109      256.7  
26.6000         -1.5811      247.1  
26.6200         -1.3303      247.6  
26.6400         -0.8795      227.2  
26.6600         -0.8813      255.6  
26.6800         -0.3873      237.2  
26.7000         -0.3689      268.9  
26.7200         -0.4704      313.6  
26.7400         -0.3647      340.6  
26.7600         -0.1436      358.2  
26.7800          0.0865      372.1  
26.8000          0.5080      362.8  
26.8200          0.0461      438.7  
26.8400          0.3915      431.9  
26.8600          0.4189      447.0  
26.8800         -0.1353      511.1  
26.9000          0.3296      461.0  
26.9200          0.0742      468.4  
26.9400          0.0793      439.9  
26.9600          0.2685      381.9  
26.9800         -0.1522      380.8  
27.0000         -0.2800      351.1  
27.0200         -0.2859      312.9  
27.0400          0.0038      251.0  
27.0600         -0.1373      244.8  
27.0800         -0.5121      262.8  
27.1000         -0.9919      296.6  
27.1200         -1.1542      304.8  
27.1400         -1.4245      324.7  
27.1600         -1.5514      324.7  
27.1800         -1.0858      260.2  
27.2000         -1.3549      265.1  
27.2200         -1.2188      228.0  
27.2400         -1.2347      208.0  
27.2600         -1.4805      213.5  
27.2800         -1.6637      213.5  
27.3000         -1.6345      194.8  
27.3200         -1.7808      196.5  
27.3400         -1.8630      194.4  
27.3600         -1.9530      195.2  
27.3800         -1.9074      185.5  
27.4000         -1.8421      176.4  
27.4200         -1.9915      190.9  
27.4400         -2.0147      196.0  
27.4600         -1.9753      196.7  
27.4800         -2.0656      214.1  
27.5000         -2.0101      219.6  
27.5200         -1.9414      225.3  
27.5400         -1.9087      237.5  
27.5600         -1.8588      251.1  
27.5800         -1.9908      284.6  
27.6000         -1.5995      267.9  
27.6200         -1.5654      286.4  
27.6400         -1.2406      276.5  
27.6600         -1.3342      311.6  
27.6800         -1.2670      329.2  
27.7000         -1.0107      326.7  
27.7200         -1.1424      362.6  
27.7400         -0.8907      357.2  
27.7600         -0.9389      379.7  
27.7800         -0.8206      379.5  
27.8000         -0.6521      369.5  
27.8200         -0.7572      381.0  
27.8400         -0.4379      345.3  
27.8600         -0.4926      347.7  
27.8800         -0.3085      320.8  
27.9000         -0.8127      362.6  
27.9200         -0.5152      319.6  
27.9400         -0.7022      324.8  
27.9600         -0.9879      339.4  
27.9800         -1.1771      339.4  
28.0000         -0.8811      291.3  
28.0200         -1.0180      291.1  
28.0400         -1.1648      297.1  
28.0600         -0.8664      265.5  
28.0800         -1.1978      301.9  
28.1000         -0.9831      286.8  
28.1200         -0.9762      289.8  
28.1400         -0.9951      293.6  
28.1600         -0.7822      268.7  
28.1800         -0.8928      273.4  
28.2000         -0.5937      233.5  
28.2200         -0.9691      263.7  
28.2400         -1.0741      264.3  
28.2600         -1.1142      260.2  
28.2800         -1.3890      278.6  
28.3000         -1.2712      258.7  
28.3200         -1.1023      236.2  
28.3400         -1.2507      246.1  
28.3600         -1.3838      256.2  
28.3800         -1.1651      232.7  
28.4000         -1.6336      278.1  
28.4200         -1.5522      269.7  
28.4400         -1.5477      269.2  
28.4600         -1.4144      255.6  
28.4800         -1.5630      271.7  
28.5000         -1.8379      299.8  
28.5200         -1.4057      257.4  
28.5400         -1.5937      277.9  
28.5600         -1.2630      245.5  
28.5800         -1.5075      272.6  
28.6000         -1.2440      249.1  
28.6200         -1.2826      259.5  
28.6400         -0.8479      221.6  
28.6600         -1.4142      286.2  
28.6800         -1.5234      308.0  
28.7000         -1.0872      274.7  
28.7200         -1.2018      296.6  
28.7400         -0.9520      281.7  
28.7600         -1.1675      311.6  
28.7800         -1.1503      319.2  
28.8000         -1.0533      318.1  
28.8200         -0.7884      298.8  
28.8400         -0.9621      322.5  
28.8600         -0.9541      326.0  
28.8800         -1.2627      361.6  
28.9000         -1.4089      378.0  
28.9200         -0.9998      332.6  
28.9400         -1.3486      361.5  
28.9600         -1.1255      331.1  
28.9800         -0.9766      306.8  
29.0000         -1.5830      356.2  
29.0200         -1.7419      357.9  
29.0400         -1.1777      294.8  
29.0600         -1.3779      316.5  
29.0800         -1.5113      336.9  
29.1000         -1.2924      324.6  
29.1200         -1.2396      323.9  
29.1400         -1.2342      322.8  
29.1600         -1.0817      298.4  
29.1800         -1.4254      317.8  
29.2000         -1.2841      286.2  
29.2200         -1.5096      287.8  
29.2400         -1.7691      292.2  
29.2600         -1.4776      242.2  
29.2800         -1.7762      254.1  
29.3000         -1.9286      253.9  
29.3200         -2.1107      254.8  
29.3400         -2.0430      233.6  
29.3600         -2.0720      225.7  
29.3800         -2.0443      213.2  
29.4000         -1.9969      202.5  
29.4200         -1.9817      196.8  
29.4400         -1.8766      185.4  
29.4600         -2.0774      208.5  
29.4800         -2.0391      208.3  
29.5000         -2.0743      218.1  
29.5200         -1.9250      211.9  
29.5400         -2.0451      235.7  
29.5600         -1.9803      243.2  
29.5800         -1.7871      239.5  
29.6000         -1.9149      268.5  
29.6200         -1.9078      287.8  
29.6400         -2.1292      331.9  
29.6600         -1.7001      310.9  
29.6800         -1.8364      344.4  
29.7000         -1.8917      368.0  
29.7200         -1.6794      363.6  
29.7400         -1.5286      361.1  
29.7600         -1.3553      352.7  
29.7800         -1.2549      347.9  
29.8000         -1.5021      376.4  
29.8200         -1.4724      373.5  
29.8400         -1.3898      362.2  
29.8600         -1.5439      370.1  
29.8800         -1.5410      359.7  
29.9000         -1.6077      353.5  
29.9200         -1.3669      314.2  
29.9400         -1.3873      301.2  
29.9600         -1.4523      293.7  
29.9800         -1.3482      269.5  
30.0000         -1.6494      284.5  
30.0200         -1.8453      290.8  
30.0400         -1.8075      282.3  
30.0600         -1.7762      284.6  
30.0800         -1.8722      305.6  
30.1000         -1.4731      278.9  
30.1200         -1.6194      303.6  
30.1400         -1.6682      311.4  
30.1600         -1.7767      318.0  
30.1800         -1.8594      317.2  
30.2000         -1.9469      310.9  
30.2200         -1.8919      288.6  
30.2400         -1.9298      276.5  
30.2600         -1.7423      242.5  
30.2800         -1.7286      228.3  
30.3000         -1.8079      226.5  
30.3200         -1.9901      235.5  
30.3400         -1.9710      227.0  
30.3600         -1.9674      221.5  
30.3800         -1.9755      219.5  
30.4000         -1.7886      200.6  
30.4200         -1.6908      193.0  
30.4400         -1.9539      223.8  
30.4600         -1.8058      216.7  
30.4800         -1.6676      212.0  
30.5000         -1.6372      219.7  
30.5200         -1.5261      222.6  
30.5400         -1.6971      256.8  
30.5600         -1.4868      255.5  
30.5800         -1.2712      254.5  
30.6000         -1.1429      263.1  
30.6200         -1.2661      300.9  
30.6400         -1.4894      352.8  
30.6600         -0.9383      324.1  
30.6800         -0.2895      279.2  
30.7000         -0.3778      310.8  
30.7200         -0.3486      331.0  
30.7400         -0.8017      400.5  
30.7600         -0.5435      396.4  
30.7800         -0.9111      447.6  
30.8000         -1.0470      468.4  
30.8200         -0.6809      425.8  
30.8400         -0.6679      411.8  
30.8600         -0.3408      359.2  
30.8800         -0.2923      332.1  
30.9000         -0.4053      321.2  
30.9200         -0.6236      317.5  
30.9400         -0.4849      280.8  
30.9600         -0.8552      294.5  
30.9800         -1.2652      310.5  
31.0000         -1.5495      315.4  
31.0200         -1.6493      301.7  
31.0400         -1.2853      249.8  
31.0600         -1.0959      226.3  
31.0800         -1.2696      245.4  
31.1000         -1.4618      270.9  
31.1200         -1.3385      269.4  
31.1400         -1.3033      273.3  
31.1600         -1.2169      265.8  
31.1800         -1.2142      261.7  
31.2000         -1.0285      236.2  
31.2200         -0.9995      228.0  
31.2400         -0.9958      221.8  
31.2600         -0.8201      199.8  
31.2800         -0.8448      201.8  
31.3000         -0.9834      215.7  
31.3200         -0.9451      214.3  
31.3400         -1.1769      242.3  
31.3600         -1.3321      265.1  
31.3800         -1.2443      264.7  
31.4000         -1.5128      300.2  
31.4200         -1.5466      313.7  
31.4400         -1.5602      323.1  
31.4600         -1.3730      311.0  
31.4800         -1.2772      307.6  
31.5000         -0.9347      277.0  
31.5200         -1.0316      290.9  
31.5400         -1.1424      306.5  
31.5600         -1.0898      305.3  
31.5800         -0.9762      296.9  
31.6000         -0.7445      276.6  
31.6200         -0.9216      298.2  
31.6400         -1.0232      311.2  
31.6600         -0.8385      293.7  
31.6800         -0.7828      288.8  
31.7000         -0.8319      294.2  
31.7200         -0.8171      293.3  
31.7400         -0.9406      306.4  
31.7600         -0.7527      287.7  
31.7800         -0.5951      272.0  
31.8000         -0.9241      305.3  
31.8200         -0.8821      302.3  
31.8400         -0.5726      271.1  
31.8600         -0.7184      285.2  
31.8800         -0.5315      267.0  
31.9000         -1.1500      329.4  
31.9200         -1.5297      367.4  
31.9400         -1.2008      330.2  
31.9600         -1.4999      353.0  
31.9800         -1.3582      328.5  
32.0000         -1.4037      321.8  
32.0200         -0.8461      256.3  
32.0400         -1.1933      289.4  
32.0600         -1.6711      341.0  
32.0800         -1.7083      358.3  
32.1000         -1.5832      360.3  
32.1200         -1.2045      327.9  
32.1400         -1.0366      308.5  
32.1600         -1.2405      318.7  
32.1800         -0.9446      275.2  
32.2000         -0.9777      263.1  
32.2200         -1.1435      267.1  
32.2400         -1.4373      282.7  
32.2600         -1.4710      270.7  
32.2800         -1.6630      275.0  
32.3000         -1.8362      277.5  
32.3200         -1.5280      232.1  
32.3400         -1.6281      231.4  
32.3600         -2.1142      271.4  
32.3800         -2.0652      256.7  
32.4000         -1.9086      232.9  
32.4200         -1.9813      234.5  
32.4400         -1.7161      204.8  
32.4600         -1.7360      204.9  
32.4800         -1.5661      188.7  
32.5000         -1.7659      212.7  
32.5200         -1.6779      210.0  
32.5400         -1.8109      231.9  
32.5600         -2.0335      265.4  
32.5800         -1.9719      272.4  
32.6000         -1.7803      266.6  
32.6200         -1.3172      233.2  
32.6400         -1.4341      261.4  
32.6600         -0.9873      231.7  
32.6800         -1.3896      292.5  
32.7000         -1.1378      287.8  
32.7200         -1.1353      310.3  
32.7400         -1.1934      338.5  
32.7600         -0.7729      316.0  
32.7800         -1.0061      359.8  
32.8000         -0.9633      372.9  
32.8200         -0.8985      380.5  
32.8400         -0.7841      377.3  
32.8600         -0.7470      378.0  
32.8800         -0.6524      366.9  
32.9000         -1.1083      408.1  
32.9200         -0.9332      380.7  
32.9400         -0.8082      353.6  
32.9600         -0.7440      332.6  
32.9800         -0.8222      323.4  
33.0000         -0.4680      270.6  
33.0200         -1.0454      314.6  
33.0400         -1.0864      308.5  
33.0600         -1.4074      337.1  
33.0800         -1.2452      320.5  
33.1000         -1.5284      348.6  
33.1200         -1.2950      321.2  
33.1400         -1.2469      307.1  
33.1600         -1.3337      298.5  
33.1800         -1.4260      289.1  
33.2000         -1.1249      239.0  
33.2200         -1.4970      257.4  
33.2400         -1.2583      216.3  
33.2600         -1.2785      202.7  
33.2800         -1.4529      207.1  
33.3000         -1.3296      183.7  
33.3200         -1.5855      202.4  
33.3400         -1.6835      206.3  
33.3600         -1.8752      221.0  
33.3800         -1.9033      221.4  
33.4000         -1.8499      215.8  
33.4200         -1.9261      224.5  
33.4400         -1.6657      202.4  
33.4600         -1.7407      216.1  
33.4800         -1.9570      246.6  
33.5000         -1.9911      260.9  
33.5200         -2.0024      274.9  
33.5400         -2.1683      305.8  
33.5600         -1.8460      288.0  
33.5800         -1.9205      310.2  
33.6000         -1.6201      292.9  
33.6200         -1.6365      307.4  
33.6400         -1.3545      291.2  
33.6600         -1.3322      301.0  
33.6800         -1.0224      280.5  
33.7000         -0.9230      282.7  
33.7200         -1.0476      307.7  
33.7400         -0.9668      311.4  
33.7600         -0.5892      284.1  
33.7800         -0.8578      321.5  
33.8000         -0.3893      283.0  
33.8200         -0.2431      277.4  
33.8400         -0.3262      293.3  
33.8600         -0.1882      286.2  
33.8800         -0.2237      297.5  
33.9000         -0.3151      312.4  
33.9200         -0.2707      313.3  
33.9400         -0.1029      300.1  
33.9600         -0.2650      318.5  
33.9800         -0.7564      369.0  
34.0000         -0.6772      357.9  
