Optimizing input structure...
      Step     Time          Energy         fmax
BFGS:    0 08:02:09       -4.340350        5.2988
BFGS:    1 08:02:09       -4.906188        8.0542
BFGS:    2 08:02:09       -5.305334        2.9560
BFGS:    3 08:02:09       -5.460690        1.3242
BFGS:    4 08:02:09       -5.571280        0.4572
BFGS:    5 08:02:09       -5.669197        1.1172
BFGS:    6 08:02:10       -5.718557        0.5911
BFGS:    7 08:02:10       -5.761984        0.3262
BFGS:    8 08:02:10       -5.793765        0.4539
BFGS:    9 08:02:10       -5.826590        0.4765
BFGS:   10 08:02:10       -5.858811        0.3786
BFGS:   11 08:02:10       -5.890113        0.3057
BFGS:   12 08:02:10       -5.916314        0.3749
BFGS:   13 08:02:10       -5.935079        0.3533
BFGS:   14 08:02:10       -5.950385        0.2487
BFGS:   15 08:02:11       -5.966438        0.2472
BFGS:   16 08:02:11       -5.984315        0.2756
BFGS:   17 08:02:11       -5.997521        0.2146
BFGS:   18 08:02:11       -6.007732        0.1698
BFGS:   19 08:02:11       -6.016963        0.2138
BFGS:   20 08:02:11       -6.026478        0.2118
BFGS:   21 08:02:11       -6.034776        0.1969
BFGS:   22 08:02:11       -6.041777        0.1310
BFGS:   23 08:02:11       -6.048243        0.1319
BFGS:   24 08:02:11       -6.054458        0.1589
BFGS:   25 08:02:11       -6.059928        0.1165
BFGS:   26 08:02:12       -6.064744        0.1122
BFGS:   27 08:02:12       -6.069830        0.1618
BFGS:   28 08:02:12       -6.076024        0.1697
BFGS:   29 08:02:12       -6.083010        0.1417
BFGS:   30 08:02:12       -6.090131        0.1327
BFGS:   31 08:02:12       -6.097584        0.1388
BFGS:   32 08:02:12       -6.105801        0.1763
BFGS:   33 08:02:12       -6.114669        0.1720
BFGS:   34 08:02:13       -6.124269        0.1655
BFGS:   35 08:02:13       -6.135480        0.1908
BFGS:   36 08:02:13       -6.148177        0.1913
BFGS:   37 08:02:13       -6.161444        0.2096
BFGS:   38 08:02:13       -6.173196        0.2077
BFGS:   39 08:02:13       -6.184975        0.1700
BFGS:   40 08:02:13       -6.196630        0.1961
BFGS:   41 08:02:13       -6.204033        0.1394
BFGS:   42 08:02:14       -6.209647        0.1338
BFGS:   43 08:02:14       -6.214870        0.1803
BFGS:   44 08:02:14       -6.221183        0.1657
BFGS:   45 08:02:14       -6.229126        0.1507
BFGS:   46 08:02:14       -6.234959        0.1108
BFGS:   47 08:02:15       -6.239775        0.1284
BFGS:   48 08:02:15       -6.243913        0.1296
BFGS:   49 08:02:15       -6.248842        0.1221
BFGS:   50 08:02:15       -6.254497        0.1501
BFGS:   51 08:02:15       -6.259920        0.1587
BFGS:   52 08:02:15       -6.264661        0.1475
BFGS:   53 08:02:15       -6.268850        0.1149
BFGS:   54 08:02:15       -6.272888        0.1014
BFGS:   55 08:02:16       -6.276686        0.1173
BFGS:   56 08:02:16       -6.280013        0.1009
BFGS:   57 08:02:16       -6.282809        0.0871
BFGS:   58 08:02:16       -6.285469        0.1039
BFGS:   59 08:02:16       -6.288480        0.1061
BFGS:   60 08:02:16       -6.291954        0.0928
BFGS:   61 08:02:16       -6.294994        0.0805
BFGS:   62 08:02:16       -6.297798        0.0811
BFGS:   63 08:02:16       -6.300149        0.0794
BFGS:   64 08:02:16       -6.302417        0.0853
BFGS:   65 08:02:17       -6.304714        0.0772
BFGS:   66 08:02:17       -6.307120        0.0902
BFGS:   67 08:02:17       -6.309625        0.0839
BFGS:   68 08:02:17       -6.312137        0.0850
BFGS:   69 08:02:17       -6.314480        0.0786
BFGS:   70 08:02:17       -6.316600        0.0674
BFGS:   71 08:02:17       -6.318597        0.0829
BFGS:   72 08:02:17       -6.320584        0.0797
BFGS:   73 08:02:17       -6.322516        0.0668
BFGS:   74 08:02:18       -6.324270        0.0668
BFGS:   75 08:02:18       -6.325855        0.0713
BFGS:   76 08:02:18       -6.327425        0.0589
BFGS:   77 08:02:18       -6.329109        0.0752
BFGS:   78 08:02:18       -6.330976        0.0733
BFGS:   79 08:02:18       -6.332994        0.0922
BFGS:   80 08:02:18       -6.335320        0.1049
BFGS:   81 08:02:19       -6.337946        0.0882
BFGS:   82 08:02:19       -6.340707        0.0699
BFGS:   83 08:02:19       -6.342902        0.0750
BFGS:   84 08:02:19       -6.344800        0.0657
BFGS:   85 08:02:19       -6.346331        0.0646
BFGS:   86 08:02:19       -6.347799        0.0623
BFGS:   87 08:02:19       -6.349196        0.0512
BFGS:   88 08:02:20       -6.350645        0.0851
BFGS:   89 08:02:20       -6.352092        0.0748
BFGS:   90 08:02:20       -6.353639        0.0852
BFGS:   91 08:02:20       -6.355132        0.0715
BFGS:   92 08:02:21       -6.356613        0.0663
BFGS:   93 08:02:21       -6.357952        0.0632
BFGS:   94 08:02:21       -6.359216        0.0494
Optimization complete!
Performing a relaxed scan over 20 steps...
      Step     Time          Energy         fmax
BFGS:    0 08:02:21       -6.241587        3.1767
BFGS:    1 08:02:21       -6.308825        2.2208
BFGS:    2 08:02:21       -6.336128        1.9964
BFGS:    3 08:02:21       -6.306245        3.0032
BFGS:    4 08:02:22       -6.338632        0.3634
BFGS:    5 08:02:22       -6.343205        0.1955
BFGS:    6 08:02:22       -6.346359        0.1725
BFGS:    7 08:02:22       -6.346796        0.1049
BFGS:    8 08:02:22       -6.347541        0.0982
BFGS:    9 08:02:22       -6.348512        0.1309
BFGS:   10 08:02:22       -6.349566        0.0692
BFGS:   11 08:02:22       -6.350783        0.0619
BFGS:   12 08:02:23       -6.351998        0.0683
BFGS:   13 08:02:23       -6.352898        0.0983
BFGS:   14 08:02:23       -6.353710        0.0829
BFGS:   15 08:02:23       -6.354274        0.0639
BFGS:   16 08:02:23       -6.354899        0.0613
BFGS:   17 08:02:23       -6.355641        0.0826
BFGS:   18 08:02:23       -6.356467        0.1098
BFGS:   19 08:02:24       -6.357497        0.1228
BFGS:   20 08:02:24       -6.358747        0.1151
BFGS:   21 08:02:24       -6.360090        0.0901
BFGS:   22 08:02:24       -6.361602        0.1243
BFGS:   23 08:02:24       -6.363105        0.1392
BFGS:   24 08:02:24       -6.364660        0.0883
BFGS:   25 08:02:24       -6.365963        0.0697
BFGS:   26 08:02:25       -6.367033        0.0591
BFGS:   27 08:02:25       -6.367975        0.0726
BFGS:   28 08:02:25       -6.368944        0.0768
BFGS:   29 08:02:25       -6.369823        0.0556
BFGS:   30 08:02:25       -6.370569        0.0803
BFGS:   31 08:02:25       -6.371330        0.0881
BFGS:   32 08:02:25       -6.372285        0.0750
BFGS:   33 08:02:25       -6.373460        0.0716
BFGS:   34 08:02:25       -6.374564        0.0605
BFGS:   35 08:02:25       -6.375498        0.0461
      Step     Time          Energy         fmax
BFGS:    0 08:02:26       -6.243672        3.0386
BFGS:    1 08:02:26       -6.322443        1.7494
BFGS:    2 08:02:26       -6.345240        0.6088
BFGS:    3 08:02:26       -6.340367        1.4249
BFGS:    4 08:02:26       -6.343074        0.6860
BFGS:    5 08:02:26       -6.353070        0.3034
BFGS:    6 08:02:26       -6.354013        0.1341
BFGS:    7 08:02:26       -6.354440        0.1942
BFGS:    8 08:02:26       -6.355359        0.1240
BFGS:    9 08:02:26       -6.356219        0.0639
BFGS:   10 08:02:26       -6.356991        0.0893
BFGS:   11 08:02:27       -6.357723        0.0852
BFGS:   12 08:02:27       -6.358375        0.0715
BFGS:   13 08:02:27       -6.358921        0.0768
BFGS:   14 08:02:27       -6.359508        0.0999
BFGS:   15 08:02:27       -6.360041        0.0962
BFGS:   16 08:02:27       -6.360478        0.0476
      Step     Time          Energy         fmax
BFGS:    0 08:02:27       -6.181016        3.4710
BFGS:    1 08:02:27       -6.295666        1.7997
BFGS:    2 08:02:27       -6.314281        0.6227
BFGS:    3 08:02:28       -6.311746        1.2505
BFGS:    4 08:02:28       -6.304521        0.8619
BFGS:    5 08:02:28       -6.320821        0.2860
BFGS:    6 08:02:28       -6.322760        0.1284
BFGS:    7 08:02:28       -6.322738        0.1846
BFGS:    8 08:02:28       -6.322924        0.1037
BFGS:    9 08:02:28       -6.323272        0.0675
BFGS:   10 08:02:28       -6.323643        0.0645
BFGS:   11 08:02:28       -6.324339        0.0761
BFGS:   12 08:02:28       -6.324986        0.0862
BFGS:   13 08:02:28       -6.325561        0.0983
BFGS:   14 08:02:28       -6.326556        0.0969
BFGS:   15 08:02:28       -6.327288        0.1183
BFGS:   16 08:02:29       -6.327948        0.0861
BFGS:   17 08:02:29       -6.328868        0.0924
BFGS:   18 08:02:29       -6.329891        0.1264
BFGS:   19 08:02:29       -6.331275        0.1398
BFGS:   20 08:02:29       -6.332899        0.1319
BFGS:   21 08:02:29       -6.334807        0.1111
BFGS:   22 08:02:29       -6.337024        0.1654
BFGS:   23 08:02:29       -6.339316        0.1805
BFGS:   24 08:02:30       -6.342019        0.1410
BFGS:   25 08:02:30       -6.344243        0.0963
BFGS:   26 08:02:30       -6.346456        0.1046
BFGS:   27 08:02:30       -6.348227        0.0973
BFGS:   28 08:02:30       -6.350053        0.1046
BFGS:   29 08:02:30       -6.351527        0.0731
BFGS:   30 08:02:31       -6.352748        0.0823
BFGS:   31 08:02:31       -6.354036        0.1020
BFGS:   32 08:02:31       -6.355783        0.1179
BFGS:   33 08:02:31       -6.358286        0.1153
BFGS:   34 08:02:31       -6.361103        0.0865
BFGS:   35 08:02:31       -6.363393        0.0678
BFGS:   36 08:02:31       -6.365013        0.0680
BFGS:   37 08:02:31       -6.366221        0.0691
BFGS:   38 08:02:32       -6.367223        0.0695
BFGS:   39 08:02:32       -6.368075        0.0760
BFGS:   40 08:02:32       -6.369058        0.0623
BFGS:   41 08:02:32       -6.370239        0.0616
BFGS:   42 08:02:32       -6.371542        0.0623
BFGS:   43 08:02:32       -6.372813        0.0741
BFGS:   44 08:02:32       -6.374037        0.0820
BFGS:   45 08:02:32       -6.375268        0.0670
BFGS:   46 08:02:32       -6.376434        0.0672
BFGS:   47 08:02:33       -6.377474        0.0564
BFGS:   48 08:02:33       -6.378461        0.0540
BFGS:   49 08:02:33       -6.379526        0.0599
BFGS:   50 08:02:33       -6.380738        0.0645
BFGS:   51 08:02:33       -6.382044        0.0589
BFGS:   52 08:02:33       -6.383441        0.0587
BFGS:   53 08:02:33       -6.384837        0.0572
BFGS:   54 08:02:34       -6.386321        0.0678
BFGS:   55 08:02:34       -6.387581        0.0693
BFGS:   56 08:02:34       -6.389087        0.0697
BFGS:   57 08:02:34       -6.390692        0.0877
BFGS:   58 08:02:34       -6.392914        0.0795
BFGS:   59 08:02:34       -6.394984        0.0742
BFGS:   60 08:02:34       -6.397310        0.0712
BFGS:   61 08:02:34       -6.399446        0.0719
BFGS:   62 08:02:34       -6.401624        0.0787
BFGS:   63 08:02:34       -6.403550        0.0729
BFGS:   64 08:02:35       -6.405465        0.0778
BFGS:   65 08:02:35       -6.407257        0.0931
BFGS:   66 08:02:35       -6.409425        0.0804
BFGS:   67 08:02:35       -6.411502        0.0769
BFGS:   68 08:02:35       -6.413749        0.0651
BFGS:   69 08:02:35       -6.415493        0.0596
BFGS:   70 08:02:35       -6.416996        0.0633
BFGS:   71 08:02:35       -6.418214        0.0578
BFGS:   72 08:02:35       -6.419357        0.0598
BFGS:   73 08:02:35       -6.420424        0.0534
BFGS:   74 08:02:36       -6.421526        0.0482
      Step     Time          Energy         fmax
BFGS:    0 08:02:36       -6.278537        2.8600
BFGS:    1 08:02:36       -6.370133        1.5114
BFGS:    2 08:02:36       -6.377699        1.3748
BFGS:    3 08:02:36       -6.361452        2.3955
BFGS:    4 08:02:36       -6.381873        0.4054
BFGS:    5 08:02:36       -6.389266        0.2103
BFGS:    6 08:02:36       -6.391395        0.1548
BFGS:    7 08:02:36       -6.391144        0.0978
BFGS:    8 08:02:36       -6.391708        0.0978
BFGS:    9 08:02:37       -6.392511        0.0661
BFGS:   10 08:02:37       -6.393296        0.0753
BFGS:   11 08:02:37       -6.394180        0.1094
BFGS:   12 08:02:37       -6.395041        0.0774
BFGS:   13 08:02:37       -6.395652        0.0911
BFGS:   14 08:02:37       -6.396262        0.0681
BFGS:   15 08:02:37       -6.396608        0.0659
BFGS:   16 08:02:37       -6.396999        0.0490
      Step     Time          Energy         fmax
BFGS:    0 08:02:37       -6.206192        3.1092
BFGS:    1 08:02:37       -6.338226        2.2978
BFGS:    2 08:02:37       -6.330866        2.6353
BFGS:    3 08:02:38       -6.311554        2.1179
BFGS:    4 08:02:38       -6.338991        0.3970
BFGS:    5 08:02:38       -6.348739        0.2477
BFGS:    6 08:02:38       -6.349179        0.2177
BFGS:    7 08:02:38       -6.347705        0.0962
BFGS:    8 08:02:38       -6.348321        0.0983
BFGS:    9 08:02:38       -6.349150        0.0655
BFGS:   10 08:02:38       -6.349830        0.0878
BFGS:   11 08:02:38       -6.350579        0.0834
BFGS:   12 08:02:38       -6.351175        0.0618
BFGS:   13 08:02:38       -6.351368        0.0930
BFGS:   14 08:02:39       -6.351545        0.0856
BFGS:   15 08:02:39       -6.351883        0.0717
BFGS:   16 08:02:39       -6.352310        0.0765
BFGS:   17 08:02:39       -6.353152        0.0661
BFGS:   18 08:02:39       -6.353959        0.0978
BFGS:   19 08:02:39       -6.354957        0.1048
BFGS:   20 08:02:39       -6.355793        0.0915
BFGS:   21 08:02:39       -6.356488        0.0796
BFGS:   22 08:02:39       -6.357140        0.1051
BFGS:   23 08:02:40       -6.357924        0.1058
BFGS:   24 08:02:40       -6.358988        0.0696
BFGS:   25 08:02:40       -6.359879        0.0558
BFGS:   26 08:02:40       -6.360684        0.0604
BFGS:   27 08:02:40       -6.361085        0.0517
BFGS:   28 08:02:40       -6.361244        0.0433
      Step     Time          Energy         fmax
BFGS:    0 08:02:40       -6.129750        3.2887
BFGS:    1 08:02:40       -6.298047        3.3751
BFGS:    2 08:02:40       -6.271252        3.6023
BFGS:    3 08:02:41       -6.261165        1.7217
BFGS:    4 08:02:41       -6.289424        0.4613
BFGS:    5 08:02:41       -6.300092        0.2659
BFGS:    6 08:02:41       -6.298804        0.2721
BFGS:    7 08:02:41       -6.297727        0.1368
BFGS:    8 08:02:41       -6.298666        0.1144
BFGS:    9 08:02:41       -6.299514        0.0891
BFGS:   10 08:02:42       -6.300524        0.1136
BFGS:   11 08:02:42       -6.301620        0.0615
BFGS:   12 08:02:42       -6.302043        0.0395
      Step     Time          Energy         fmax
BFGS:    0 08:02:42       -5.995209        3.7539
BFGS:    1 08:02:42       -6.231176        4.0834
BFGS:    2 08:02:42       -6.189169        4.1920
BFGS:    3 08:02:42       -6.168563        1.8785
BFGS:    4 08:02:43       -6.208112        0.5582
BFGS:    5 08:02:43       -6.221852        0.3099
BFGS:    6 08:02:43       -6.218330        0.3012
BFGS:    7 08:02:43       -6.216252        0.1530
BFGS:    8 08:02:43       -6.217654        0.1392
BFGS:    9 08:02:43       -6.218896        0.1332
BFGS:   10 08:02:43       -6.220111        0.1388
BFGS:   11 08:02:44       -6.221886        0.0704
BFGS:   12 08:02:44       -6.222876        0.0594
BFGS:   13 08:02:44       -6.222835        0.0910
BFGS:   14 08:02:44       -6.222869        0.0810
BFGS:   15 08:02:44       -6.222966        0.0682
BFGS:   16 08:02:44       -6.223253        0.0646
BFGS:   17 08:02:45       -6.224208        0.0804
BFGS:   18 08:02:45       -6.225022        0.1115
BFGS:   19 08:02:45       -6.226112        0.1303
BFGS:   20 08:02:45       -6.226984        0.1298
BFGS:   21 08:02:45       -6.227472        0.1054
BFGS:   22 08:02:45       -6.227767        0.1372
BFGS:   23 08:02:45       -6.228211        0.1443
BFGS:   24 08:02:45       -6.229300        0.1130
BFGS:   25 08:02:46       -6.230749        0.1028
BFGS:   26 08:02:46       -6.232107        0.0756
BFGS:   27 08:02:46       -6.233032        0.0809
BFGS:   28 08:02:46       -6.233535        0.0880
BFGS:   29 08:02:46       -6.233377        0.0661
BFGS:   30 08:02:46       -6.232949        0.0555
BFGS:   31 08:02:47       -6.232838        0.0731
BFGS:   32 08:02:47       -6.233226        0.0792
BFGS:   33 08:02:47       -6.234398        0.0807
BFGS:   34 08:02:47       -6.235845        0.0523
BFGS:   35 08:02:47       -6.237079        0.0370
      Step     Time          Energy         fmax
BFGS:    0 08:02:47       -5.947826        3.3730
BFGS:    1 08:02:47       -6.180045        5.0169
BFGS:    2 08:02:47       -6.131243        3.6934
BFGS:    3 08:02:47       -6.104418        1.5236
BFGS:    4 08:02:48       -6.146481        0.5129
BFGS:    5 08:02:48       -6.158484        0.3376
BFGS:    6 08:02:48       -6.154485        0.2864
BFGS:    7 08:02:48       -6.152090        0.1418
BFGS:    8 08:02:48       -6.153079        0.1296
BFGS:    9 08:02:48       -6.154168        0.0914
BFGS:   10 08:02:48       -6.155602        0.0519
BFGS:   11 08:02:48       -6.156810        0.0712
BFGS:   12 08:02:48       -6.157290        0.0806
BFGS:   13 08:02:48       -6.156933        0.0710
BFGS:   14 08:02:48       -6.156601        0.0531
BFGS:   15 08:02:48       -6.156461        0.0495
      Step     Time          Energy         fmax
BFGS:    0 08:02:49       -5.802465        3.7451
BFGS:    1 08:02:49       -6.101028        5.6260
BFGS:    2 08:02:49       -6.036911        4.0168
BFGS:    3 08:02:49       -5.990489        1.7277
BFGS:    4 08:02:49       -6.048096        0.5781
BFGS:    5 08:02:49       -6.062114        0.3707
BFGS:    6 08:02:49       -6.055979        0.3134
BFGS:    7 08:02:49       -6.052333        0.1502
BFGS:    8 08:02:49       -6.053879        0.1347
BFGS:    9 08:02:50       -6.055385        0.1346
BFGS:   10 08:02:50       -6.056218        0.1228
BFGS:   11 08:02:50       -6.057515        0.0595
BFGS:   12 08:02:50       -6.058309        0.0614
BFGS:   13 08:02:50       -6.057782        0.0800
BFGS:   14 08:02:50       -6.057514        0.0757
BFGS:   15 08:02:50       -6.057182        0.0569
BFGS:   16 08:02:50       -6.057288        0.0610
BFGS:   17 08:02:50       -6.058058        0.0680
BFGS:   18 08:02:50       -6.058720        0.0967
BFGS:   19 08:02:50       -6.059713        0.1113
BFGS:   20 08:02:50       -6.060398        0.1036
BFGS:   21 08:02:50       -6.060594        0.0926
BFGS:   22 08:02:51       -6.060488        0.1184
BFGS:   23 08:02:51       -6.060426        0.1345
BFGS:   24 08:02:51       -6.061053        0.1091
BFGS:   25 08:02:51       -6.062163        0.1074
BFGS:   26 08:02:51       -6.063543        0.0771
BFGS:   27 08:02:51       -6.064436        0.0844
BFGS:   28 08:02:51       -6.064784        0.0975
BFGS:   29 08:02:51       -6.064225        0.0779
BFGS:   30 08:02:52       -6.063319        0.0546
BFGS:   31 08:02:52       -6.062922        0.0703
BFGS:   32 08:02:52       -6.063121        0.0847
BFGS:   33 08:02:52       -6.064254        0.1026
BFGS:   34 08:02:52       -6.066000        0.0654
BFGS:   35 08:02:52       -6.067596        0.0415
      Step     Time          Energy         fmax
BFGS:    0 08:02:52       -5.725974        3.4992
BFGS:    1 08:02:52       -6.024799        6.5710
BFGS:    2 08:02:52       -5.960232        2.9935
BFGS:    3 08:02:52       -5.894624        1.6841
BFGS:    4 08:02:52       -5.959092        0.4493
BFGS:    5 08:02:52       -5.972513        0.3724
BFGS:    6 08:02:52       -5.968692        0.2530
BFGS:    7 08:02:53       -5.964436        0.1359
BFGS:    8 08:02:53       -5.964776        0.1370
BFGS:    9 08:02:53       -5.965930        0.0966
BFGS:   10 08:02:53       -5.967852        0.0520
BFGS:   11 08:02:53       -5.969613        0.0828
BFGS:   12 08:02:53       -5.970361        0.0613
BFGS:   13 08:02:53       -5.969599        0.0675
BFGS:   14 08:02:53       -5.968796        0.0506
BFGS:   15 08:02:53       -5.968522        0.0493
      Step     Time          Energy         fmax
BFGS:    0 08:02:54       -5.561503        3.8367
BFGS:    1 08:02:54       -5.931534        7.1731
BFGS:    2 08:02:54       -5.852437        3.1797
BFGS:    3 08:02:54       -5.762339        1.8078
BFGS:    4 08:02:54       -5.842947        0.4859
BFGS:    5 08:02:54       -5.857536        0.3953
BFGS:    6 08:02:54       -5.852781        0.2673
BFGS:    7 08:02:54       -5.847359        0.1471
BFGS:    8 08:02:54       -5.847655        0.1439
BFGS:    9 08:02:54       -5.848749        0.1162
BFGS:   10 08:02:54       -5.850564        0.1038
BFGS:   11 08:02:54       -5.852525        0.0930
BFGS:   12 08:02:55       -5.853240        0.0617
BFGS:   13 08:02:55       -5.852086        0.0716
BFGS:   14 08:02:55       -5.851467        0.0633
BFGS:   15 08:02:55       -5.850768        0.0534
BFGS:   16 08:02:55       -5.851133        0.0528
BFGS:   17 08:02:55       -5.852017        0.0631
BFGS:   18 08:02:55       -5.852998        0.0869
BFGS:   19 08:02:55       -5.854036        0.0934
BFGS:   20 08:02:55       -5.854483        0.0773
BFGS:   21 08:02:56       -5.854138        0.0937
BFGS:   22 08:02:56       -5.853384        0.1077
BFGS:   23 08:02:56       -5.852838        0.1167
BFGS:   24 08:02:56       -5.853080        0.1319
BFGS:   25 08:02:56       -5.854158        0.1232
BFGS:   26 08:02:56       -5.855644        0.0726
BFGS:   27 08:02:56       -5.856688        0.0880
BFGS:   28 08:02:57       -5.856936        0.0997
BFGS:   29 08:02:57       -5.855768        0.0738
BFGS:   30 08:02:57       -5.854338        0.0530
BFGS:   31 08:02:57       -5.853434        0.0797
BFGS:   32 08:02:57       -5.853322        0.0957
BFGS:   33 08:02:57       -5.854427        0.1031
BFGS:   34 08:02:57       -5.856550        0.0595
BFGS:   35 08:02:58       -5.858829        0.0584
BFGS:   36 08:02:58       -5.860340        0.0635
BFGS:   37 08:02:58       -5.861070        0.0565
BFGS:   38 08:02:58       -5.861026        0.0393
      Step     Time          Energy         fmax
BFGS:    0 08:02:58       -5.462917        3.6909
BFGS:    1 08:02:58       -5.833464        7.9273
BFGS:    2 08:02:58       -5.753242        2.3794
BFGS:    3 08:02:59       -5.657887        1.6519
BFGS:    4 08:02:59       -5.734133        0.4562
BFGS:    5 08:02:59       -5.748262        0.3355
BFGS:    6 08:02:59       -5.747279        0.2521
BFGS:    7 08:02:59       -5.742435        0.1664
BFGS:    8 08:02:59       -5.740353        0.1330
BFGS:    9 08:02:59       -5.741002        0.0913
BFGS:   10 08:03:00       -5.743826        0.0512
BFGS:   11 08:03:00       -5.746759        0.0503
BFGS:   12 08:03:00       -5.747745        0.1007
BFGS:   13 08:03:00       -5.746784        0.0804
BFGS:   14 08:03:00       -5.745625        0.0635
BFGS:   15 08:03:00       -5.744308        0.0527
BFGS:   16 08:03:00       -5.745108        0.0381
      Step     Time          Energy         fmax
BFGS:    0 08:03:01       -5.292145        3.9503
BFGS:    1 08:03:01       -5.726846        8.4366
BFGS:    2 08:03:01       -5.629112        2.4948
BFGS:    3 08:03:01       -5.515974        1.7099
BFGS:    4 08:03:01       -5.603015        0.4731
BFGS:    5 08:03:01       -5.617946        0.3307
BFGS:    6 08:03:01       -5.616935        0.2614
BFGS:    7 08:03:02       -5.611368        0.1797
BFGS:    8 08:03:02       -5.609070        0.1258
BFGS:    9 08:03:02       -5.609430        0.0954
BFGS:   10 08:03:02       -5.612196        0.0575
BFGS:   11 08:03:02       -5.615260        0.0541
BFGS:   12 08:03:02       -5.616311        0.0976
BFGS:   13 08:03:02       -5.615003        0.0752
BFGS:   14 08:03:02       -5.613132        0.0634
BFGS:   15 08:03:03       -5.611077        0.0663
BFGS:   16 08:03:03       -5.611502        0.0569
BFGS:   17 08:03:03       -5.613110        0.0672
BFGS:   18 08:03:03       -5.615116        0.0779
BFGS:   19 08:03:03       -5.617072        0.0828
BFGS:   20 08:03:03       -5.617663        0.0896
BFGS:   21 08:03:03       -5.616512        0.0860
BFGS:   22 08:03:04       -5.614339        0.1016
BFGS:   23 08:03:04       -5.612372        0.1108
BFGS:   24 08:03:04       -5.611792        0.1611
BFGS:   25 08:03:04       -5.613314        0.1445
BFGS:   26 08:03:04       -5.616110        0.0774
BFGS:   27 08:03:04       -5.618782        0.0918
BFGS:   28 08:03:04       -5.619796        0.0937
BFGS:   29 08:03:05       -5.618207        0.0995
BFGS:   30 08:03:05       -5.615181        0.0594
BFGS:   31 08:03:05       -5.612757        0.0860
BFGS:   32 08:03:05       -5.611257        0.1003
BFGS:   33 08:03:05       -5.611897        0.1178
BFGS:   34 08:03:05       -5.615143        0.0841
BFGS:   35 08:03:05       -5.619623        0.0636
BFGS:   36 08:03:06       -5.623140        0.0693
BFGS:   37 08:03:06       -5.624792        0.0821
BFGS:   38 08:03:06       -5.624510        0.0671
BFGS:   39 08:03:06       -5.622865        0.0543
BFGS:   40 08:03:06       -5.621339        0.0743
BFGS:   41 08:03:06       -5.621096        0.0899
BFGS:   42 08:03:07       -5.622899        0.0830
BFGS:   43 08:03:07       -5.626474        0.0770
BFGS:   44 08:03:07       -5.630235        0.0640
BFGS:   45 08:03:07       -5.632726        0.0812
BFGS:   46 08:03:07       -5.632921        0.0583
BFGS:   47 08:03:07       -5.631652        0.0665
BFGS:   48 08:03:07       -5.630252        0.0673
BFGS:   49 08:03:07       -5.629650        0.0880
BFGS:   50 08:03:08       -5.630684        0.0798
BFGS:   51 08:03:08       -5.633020        0.0591
BFGS:   52 08:03:08       -5.635854        0.0564
BFGS:   53 08:03:08       -5.638130        0.0867
BFGS:   54 08:03:08       -5.639795        0.1074
BFGS:   55 08:03:08       -5.639717        0.0842
BFGS:   56 08:03:08       -5.639162        0.0583
BFGS:   57 08:03:09       -5.638370        0.0658
BFGS:   58 08:03:09       -5.639217        0.0769
BFGS:   59 08:03:09       -5.641336        0.0614
BFGS:   60 08:03:09       -5.645054        0.0523
BFGS:   61 08:03:09       -5.648679        0.0631
BFGS:   62 08:03:09       -5.651150        0.0855
BFGS:   63 08:03:09       -5.652161        0.0774
BFGS:   64 08:03:09       -5.651679        0.0612
BFGS:   65 08:03:09       -5.651131        0.0637
BFGS:   66 08:03:10       -5.651085        0.0704
BFGS:   67 08:03:10       -5.652965        0.0677
BFGS:   68 08:03:10       -5.654746        0.0743
BFGS:   69 08:03:10       -5.658218        0.0562
BFGS:   70 08:03:10       -5.660278        0.0622
BFGS:   71 08:03:10       -5.661109        0.0577
BFGS:   72 08:03:10       -5.660894        0.0465
      Step     Time          Energy         fmax
BFGS:    0 08:03:10       -5.251554        3.6925
BFGS:    1 08:03:10       -5.645073        8.6049
BFGS:    2 08:03:10       -5.546824        2.0441
BFGS:    3 08:03:10       -5.460300        1.3921
BFGS:    4 08:03:11       -5.522817        0.4984
BFGS:    5 08:03:11       -5.539746        0.2655
BFGS:    6 08:03:11       -5.539031        0.2559
BFGS:    7 08:03:11       -5.534638        0.1615
BFGS:    8 08:03:11       -5.531818        0.1281
BFGS:    9 08:03:11       -5.531639        0.1016
BFGS:   10 08:03:11       -5.534653        0.0566
BFGS:   11 08:03:11       -5.538370        0.0611
BFGS:   12 08:03:11       -5.539767        0.1055
BFGS:   13 08:03:12       -5.538833        0.0937
BFGS:   14 08:03:12       -5.537224        0.0794
BFGS:   15 08:03:12       -5.535098        0.0647
BFGS:   16 08:03:12       -5.535728        0.0555
BFGS:   17 08:03:12       -5.537716        0.0589
BFGS:   18 08:03:12       -5.539745        0.0645
BFGS:   19 08:03:12       -5.541646        0.0859
BFGS:   20 08:03:13       -5.541751        0.0787
BFGS:   21 08:03:13       -5.540387        0.0682
BFGS:   22 08:03:13       -5.538618        0.0640
BFGS:   23 08:03:13       -5.537512        0.0833
BFGS:   24 08:03:13       -5.537903        0.0922
BFGS:   25 08:03:13       -5.539511        0.0569
BFGS:   26 08:03:14       -5.541306        0.0409
      Step     Time          Energy         fmax
BFGS:    0 08:03:14       -5.099928        3.8461
BFGS:    1 08:03:14       -5.532172        9.0195
BFGS:    2 08:03:14       -5.415852        1.9883
BFGS:    3 08:03:14       -5.330492        1.3370
BFGS:    4 08:03:14       -5.389730        0.5407
BFGS:    5 08:03:14       -5.410162        0.3551
BFGS:    6 08:03:14       -5.408246        0.3344
BFGS:    7 08:03:14       -5.402107        0.1621
BFGS:    8 08:03:14       -5.398915        0.1575
BFGS:    9 08:03:14       -5.399679        0.1175
BFGS:   10 08:03:15       -5.402699        0.0524
BFGS:   11 08:03:15       -5.405412        0.0481
      Step     Time          Energy         fmax
BFGS:    0 08:03:15       -4.920676        4.0937
BFGS:    1 08:03:15       -5.396305        9.2015
BFGS:    2 08:03:15       -5.268966        2.0263
BFGS:    3 08:03:15       -5.179920        1.3322
BFGS:    4 08:03:15       -5.238910        0.5909
BFGS:    5 08:03:15       -5.263736        0.4736
BFGS:    6 08:03:15       -5.259896        0.3244
BFGS:    7 08:03:15       -5.252490        0.1660
BFGS:    8 08:03:16       -5.247815        0.1968
BFGS:    9 08:03:16       -5.250172        0.1464
BFGS:   10 08:03:16       -5.254904        0.0850
BFGS:   11 08:03:16       -5.258709        0.0778
BFGS:   12 08:03:16       -5.260092        0.0946
BFGS:   13 08:03:16       -5.259241        0.0953
BFGS:   14 08:03:16       -5.257226        0.0775
BFGS:   15 08:03:16       -5.255399        0.0991
BFGS:   16 08:03:16       -5.255599        0.0933
BFGS:   17 08:03:16       -5.257660        0.0825
BFGS:   18 08:03:17       -5.260168        0.0960
BFGS:   19 08:03:17       -5.262632        0.0915
BFGS:   20 08:03:17       -5.263539        0.1054
BFGS:   21 08:03:17       -5.262064        0.0950
BFGS:   22 08:03:17       -5.259468        0.0934
BFGS:   23 08:03:17       -5.257483        0.0996
BFGS:   24 08:03:17       -5.257272        0.1313
BFGS:   25 08:03:17       -5.258912        0.0963
BFGS:   26 08:03:17       -5.261154        0.0583
BFGS:   27 08:03:18       -5.262780        0.0647
BFGS:   28 08:03:18       -5.262885        0.0711
BFGS:   29 08:03:18       -5.261214        0.0532
BFGS:   30 08:03:18       -5.259219        0.0457
      Step     Time          Energy         fmax
BFGS:    0 08:03:18       -4.829569        3.8178
BFGS:    1 08:03:18       -5.245015        8.6049
BFGS:    2 08:03:18       -5.113857        1.5928
BFGS:    3 08:03:18       -5.069548        1.0062
BFGS:    4 08:03:18       -5.097217        0.6898
BFGS:    5 08:03:18       -5.129663        0.4154
BFGS:    6 08:03:18       -5.119094        0.1678
BFGS:    7 08:03:19       -5.111248        0.1388
BFGS:    8 08:03:19       -5.110978        0.1477
BFGS:    9 08:03:19       -5.114390        0.0778
BFGS:   10 08:03:19       -5.117988        0.0506
BFGS:   11 08:03:19       -5.120419        0.0576
BFGS:   12 08:03:19       -5.120535        0.0807
BFGS:   13 08:03:19       -5.118904        0.0695
BFGS:   14 08:03:19       -5.117591        0.0524
BFGS:   15 08:03:19       -5.116465        0.0510
BFGS:   16 08:03:19       -5.117366        0.0455
      Step     Time          Energy         fmax
BFGS:    0 08:03:20       -4.697383        3.7264
BFGS:    1 08:03:20       -5.075840        7.3929
BFGS:    2 08:03:20       -4.967623        1.5598
BFGS:    3 08:03:20       -4.923540        1.0001
BFGS:    4 08:03:20       -4.948035        0.6946
BFGS:    5 08:03:20       -4.980023        0.4504
BFGS:    6 08:03:20       -4.969223        0.1539
BFGS:    7 08:03:20       -4.961418        0.1406
BFGS:    8 08:03:20       -4.961471        0.1402
BFGS:    9 08:03:20       -4.964365        0.0709
BFGS:   10 08:03:21       -4.967600        0.0751
BFGS:   11 08:03:21       -4.970244        0.0890
BFGS:   12 08:03:21       -4.970508        0.0716
BFGS:   13 08:03:21       -4.968294        0.0828
BFGS:   14 08:03:21       -4.965876        0.0745
BFGS:   15 08:03:21       -4.964543        0.0907
BFGS:   16 08:03:21       -4.965250        0.0913
BFGS:   17 08:03:21       -4.967694        0.0879
BFGS:   18 08:03:21       -4.970428        0.1072
BFGS:   19 08:03:22       -4.973030        0.1122
BFGS:   20 08:03:22       -4.974254        0.1112
BFGS:   21 08:03:22       -4.973204        0.0935
BFGS:   22 08:03:22       -4.971294        0.1088
BFGS:   23 08:03:22       -4.969651        0.1154
BFGS:   24 08:03:22       -4.969843        0.1362
BFGS:   25 08:03:23       -4.971741        0.1143
BFGS:   26 08:03:23       -4.974518        0.0694
BFGS:   27 08:03:23       -4.976482        0.0678
BFGS:   28 08:03:23       -4.976984        0.0670
BFGS:   29 08:03:23       -4.975781        0.0462
      Step     Time          Energy         fmax
BFGS:    0 08:03:23       -4.673960        3.1631
BFGS:    1 08:03:24       -4.905285        5.5342
BFGS:    2 08:03:24       -4.838381        0.8516
BFGS:    3 08:03:24       -4.840094        0.8369
BFGS:    4 08:03:24       -4.842401        0.4125
BFGS:    5 08:03:24       -4.853166        0.1523
BFGS:    6 08:03:24       -4.855410        0.1351
BFGS:    7 08:03:24       -4.855166        0.0925
BFGS:    8 08:03:24       -4.855569        0.0686
BFGS:    9 08:03:25       -4.855648        0.0497
      Step     Time          Energy         fmax
BFGS:    0 08:03:25       -4.640946        2.6604
BFGS:    1 08:03:25       -4.760975        3.4490
BFGS:    2 08:03:25       -4.745825        0.6255
BFGS:    3 08:03:25       -4.753383        0.7459
BFGS:    4 08:03:25       -4.753944        0.4535
BFGS:    5 08:03:25       -4.758657        0.1677
BFGS:    6 08:03:26       -4.761849        0.1385
BFGS:    7 08:03:26       -4.763776        0.1289
BFGS:    8 08:03:26       -4.764110        0.0885
BFGS:    9 08:03:26       -4.764655        0.0730
BFGS:   10 08:03:26       -4.765137        0.1071
BFGS:   11 08:03:26       -4.765862        0.0883
BFGS:   12 08:03:27       -4.766910        0.0897
BFGS:   13 08:03:27       -4.768215        0.0823
BFGS:   14 08:03:27       -4.769096        0.1076
BFGS:   15 08:03:27       -4.769781        0.0792
BFGS:   16 08:03:27       -4.770076        0.0766
BFGS:   17 08:03:27       -4.770471        0.0969
BFGS:   18 08:03:28       -4.771103        0.1059
BFGS:   19 08:03:28       -4.772165        0.0977
BFGS:   20 08:03:28       -4.773570        0.0930
BFGS:   21 08:03:28       -4.775081        0.1045
BFGS:   22 08:03:28       -4.776558        0.0918
BFGS:   23 08:03:29       -4.777820        0.0780
BFGS:   24 08:03:29       -4.778660        0.0612
BFGS:   25 08:03:29       -4.779286        0.0634
BFGS:   26 08:03:29       -4.779865        0.0617
BFGS:   27 08:03:29       -4.780636        0.0622
BFGS:   28 08:03:29       -4.781427        0.0536
BFGS:   29 08:03:30       -4.782138        0.0607
BFGS:   30 08:03:30       -4.782853        0.0674
BFGS:   31 08:03:30       -4.783607        0.0670
BFGS:   32 08:03:30       -4.784444        0.0594
BFGS:   33 08:03:30       -4.784999        0.0429
Performing final optimization with tight thresholds...
      Step     Time          Energy         fmax
BFGS:    0 08:03:30       -4.784999        0.0429
Tight optimization complete!
Relaxed scan complete! Trajectory saved to opt.traj. 
Finished in 0 hours, 1 minutes, and 24 seconds
