You need to install the group's fork of aRMSD and put it in your path https://github.mit.edu/MLMat/aRMSD
[ 0.        +518.10645074j  0.          +6.00809612j
  0.          +1.34660542j  0.          +1.15643434j
  0.          +0.84800114j  4.40253798  +0.j
  5.16384625  +0.j         11.89259321  +0.j
 23.75454997  +0.j         38.09002998  +0.j
 43.03109446  +0.j         43.88625891  +0.j
 55.23783714  +0.j         60.24575667  +0.j
 61.4733196   +0.j         66.17587427  +0.j
 79.01645486  +0.j         85.21913062  +0.j
 90.84769523  +0.j         97.90778939  +0.j        ]
Entropy components at T = 298.15 K and P = 101325.0 Pa:
=================================================
                           S               T*S
S_trans (1 bar)    0.0019301 eV/K        0.575 eV
S_rot              0.0015942 eV/K        0.475 eV
S_elec             0.0000000 eV/K        0.000 eV
S_vib              0.0055372 eV/K        1.651 eV
S (1 bar -> P)    -0.0000011 eV/K       -0.000 eV
-------------------------------------------------
S                  0.0090604 eV/K        2.701 eV
=================================================
Enthalpy components at T = 298.15 K:
===============================
E_pot                 -4.863 eV
E_ZPE                 15.333 eV
Cv_trans (0->T)        0.039 eV
Cv_rot (0->T)          0.039 eV
Cv_vib (0->T)          0.808 eV
(C_v -> C_p)           0.026 eV
-------------------------------
H                     11.380 eV
===============================
RMS: 0.017163751646876335, MAX: 0.6446745991706848
RMS: 0.012060328386723995, MAX: 0.446022093296051
RMS: 0.0069902678951621056, MAX: 0.19714486598968506
RMS: 0.0052250144071877, MAX: 0.06687706708908081
RMS: 0.006762382108718157, MAX: 0.14734843373298645
RMS: 0.007765269838273525, MAX: 0.18701964616775513
RMS: 0.008716882206499577, MAX: 0.20051251351833344
RMS: 0.009171228855848312, MAX: 0.188487246632576
RMS: 0.009068368934094906, MAX: 0.15661735832691193
RMS: 0.008398795500397682, MAX: 0.1104392260313034
RMS: 0.007537835743278265, MAX: 0.09125816076993942
RMS: 0.0069151646457612514, MAX: 0.06811927258968353
RMS: 0.006942869629710913, MAX: 0.05242214724421501
RMS: 0.00703857047483325, MAX: 0.05884644761681557
RMS: 0.006783462595194578, MAX: 0.07216284424066544
RMS: 0.00631363270804286, MAX: 0.07556163519620895
RMS: 0.005514407530426979, MAX: 0.06132853776216507
RMS: 0.005591707304120064, MAX: 0.043907295912504196
RMS: 0.004875431302934885, MAX: 0.029522739350795746
RMS: 0.005676835775375366, MAX: 0.06621825695037842
RMS: 0.0036261591594666243, MAX: 0.024319645017385483
RMS: 0.006261923816055059, MAX: 0.06504181772470474
RMS: 0.005653595086187124, MAX: 0.033690840005874634
RMS: 0.004972467198967934, MAX: 0.06833230704069138
RMS: 0.0036089629866182804, MAX: 0.040713515132665634
RMS: 0.004317297600209713, MAX: 0.05840707942843437
RMS: 0.0031775187235325575, MAX: 0.037513554096221924
RMS: 0.0024864445440471172, MAX: 0.028826937079429626
RMS: 0.0027179275639355183, MAX: 0.027574675157666206
RMS: 0.001990481046959758, MAX: 0.01849634200334549
RMS: 0.0017703940393403172, MAX: 0.017130637541413307
RMS: 0.002237594686448574, MAX: 0.017403673380613327
RMS: 0.003265629056841135, MAX: 0.03990182653069496
RMS: 0.0025887922383844852, MAX: 0.017542850226163864
RMS: 0.0026091253384947777, MAX: 0.01950126886367798
RMS: 0.0021792554762214422, MAX: 0.01716967113316059
RMS: 0.0030125717166811228, MAX: 0.02113107405602932
RMS: 0.002748075406998396, MAX: 0.01930505968630314
RMS: 0.0018794563366100192, MAX: 0.0189684946089983
RMS: 0.002398917218670249, MAX: 0.018245557323098183
RMS: 0.001328040030784905, MAX: 0.009796742349863052
RMS: 0.001962189096957445, MAX: 0.01586298830807209
RMS: 0.00205805036239326, MAX: 0.010956491343677044
RMS: 0.0016359969740733504, MAX: 0.01728035882115364
RMS: 0.0017296037403866649, MAX: 0.006911873817443848
RMS: 0.0020555853843688965, MAX: 0.030914273113012314
RMS: 0.000927079061511904, MAX: 0.0069222538731992245
RMS: 0.001806129701435566, MAX: 0.011292537674307823
RMS: 0.0024515094701200724, MAX: 0.01629297249019146
RMS: 0.0027012985665351152, MAX: 0.019642692059278488
RMS: 0.0024715960025787354, MAX: 0.01703587733209133
RMS: 0.0014734741998836398, MAX: 0.010173861868679523
RMS: 0.0013376123970374465, MAX: 0.012455523014068604
RMS: 0.002586553804576397, MAX: 0.01752600073814392
RMS: 0.0025497744791209698, MAX: 0.01635369285941124
RMS: 0.0033454466611146927, MAX: 0.025124138221144676
RMS: 0.0031539006158709526, MAX: 0.019951950758695602
RMS: 0.002276849700137973, MAX: 0.019068121910095215
RMS: 0.0023730467073619366, MAX: 0.01802041195333004
RMS: 0.0010529104620218277, MAX: 0.0066335927695035934
RMS: 0.0023407083936035633, MAX: 0.022354448214173317
RMS: 0.0023204288445413113, MAX: 0.022451849654316902
RMS: 0.0010609868913888931, MAX: 0.006103455554693937
RMS: 0.002118972595781088, MAX: 0.025461038574576378
RMS: 0.0021984295453876257, MAX: 0.03106171265244484
RMS: 0.001571908826008439, MAX: 0.02897699736058712
RMS: 0.0027279977221041918, MAX: 0.04818180948495865
RMS: 0.0025357939302921295, MAX: 0.04749671742320061
RMS: 0.0018100241431966424, MAX: 0.010664473287761211
RMS: 0.001905883545987308, MAX: 0.033862143754959106
RMS: 0.0009287192369811237, MAX: 0.006423912476748228
RMS: 0.0019505303353071213, MAX: 0.010140431113541126
RMS: 0.0023414581082761288, MAX: 0.014479587785899639
RMS: 0.002643434563651681, MAX: 0.01344004925340414
RMS: 0.002705476712435484, MAX: 0.016931716352701187
RMS: 0.003548799315467477, MAX: 0.021817108616232872
RMS: 0.0023926475550979376, MAX: 0.018183140084147453
RMS: 0.00398826040327549, MAX: 0.025653230026364326
RMS: 0.002887468319386244, MAX: 0.02248365245759487
RMS: 0.004193532280623913, MAX: 0.029228877276182175
RMS: 0.0015426089521497488, MAX: 0.0164474043995142
RMS: 0.00328239519149065, MAX: 0.04213663935661316
RMS: 0.0012668231502175331, MAX: 0.01146867498755455
RMS: 0.001892364351078868, MAX: 0.02269645594060421
RMS: 0.0017694684211164713, MAX: 0.02010151371359825
RMS: 0.0007311093504540622, MAX: 0.004516164306551218
Optimization converged!
Eigenvector following terminated normally.
[ 0.        +509.63507202j  0.          +2.37592805j
  0.          +2.0809755j   0.          +1.66518486j
  0.          +0.94794589j  0.          +0.7659461j
  0.          +0.51732658j 19.89636667  +0.j
 23.86176946  +0.j         35.17435178  +0.j
 36.326008    +0.j         40.31239869  +0.j
 50.75995936  +0.j         57.74423021  +0.j
 59.88464155  +0.j         71.85194679  +0.j
 74.32910096  +0.j         77.76741216  +0.j
 85.05576276  +0.j         94.39080084  +0.j        ]
Flipping all imaginary frequencies except the lowest one
Entropy components at T = 298.15 K and P = 101325.0 Pa:
=================================================
                           S               T*S
S_trans (1 bar)    0.0019301 eV/K        0.575 eV
S_rot              0.0015944 eV/K        0.475 eV
S_elec             0.0000000 eV/K        0.000 eV
S_vib              0.0055887 eV/K        1.666 eV
S (1 bar -> P)    -0.0000011 eV/K       -0.000 eV
-------------------------------------------------
S                  0.0091122 eV/K        2.717 eV
=================================================
Enthalpy components at T = 298.15 K:
===============================
E_pot                 -4.890 eV
E_ZPE                 15.312 eV
Cv_trans (0->T)        0.039 eV
Cv_rot (0->T)          0.039 eV
Cv_vib (0->T)          0.815 eV
(C_v -> C_p)           0.026 eV
-------------------------------
H                     11.340 eV
===============================
