You need to install the group's fork of aRMSD and put it in your path https://github.mit.edu/MLMat/aRMSD
[ 0.        +542.36586109j  0.          +2.15730304j
  0.          +0.96609794j  0.          +0.88961413j
  0.          +0.61790392j  4.14434318  +0.j
  6.51856482  +0.j         10.1774301   +0.j
 11.06156139  +0.j         17.99314468  +0.j
 22.92081412  +0.j         26.08136113  +0.j
 33.85784553  +0.j         35.88322747  +0.j
 46.43689105  +0.j         49.91422561  +0.j
 54.19006945  +0.j         61.70766645  +0.j
 69.3680344   +0.j         86.68148671  +0.j        ]
Entropy components at T = 298.15 K and P = 101325.0 Pa:
=================================================
                           S               T*S
S_trans (1 bar)    0.0019505 eV/K        0.582 eV
S_rot              0.0016656 eV/K        0.497 eV
S_elec             0.0000000 eV/K        0.000 eV
S_vib              0.0059589 eV/K        1.777 eV
S (1 bar -> P)    -0.0000011 eV/K       -0.000 eV
-------------------------------------------------
S                  0.0095738 eV/K        2.854 eV
=================================================
Enthalpy components at T = 298.15 K:
===============================
E_pot                 -2.620 eV
E_ZPE                  9.133 eV
Cv_trans (0->T)        0.039 eV
Cv_rot (0->T)          0.039 eV
Cv_vib (0->T)          0.804 eV
(C_v -> C_p)           0.026 eV
-------------------------------
H                      7.420 eV
===============================
RMS: 0.014601844362914562, MAX: 0.35559365153312683
RMS: 0.010248490609228611, MAX: 0.22564606368541718
RMS: 0.007627998478710651, MAX: 0.08991494029760361
RMS: 0.007735011633485556, MAX: 0.06010620668530464
RMS: 0.01182679831981659, MAX: 0.10614677518606186
RMS: 0.013495620340108871, MAX: 0.1529691070318222
RMS: 0.011114255525171757, MAX: 0.14352527260780334
RMS: 0.008897731080651283, MAX: 0.09695421159267426
RMS: 0.00629029655829072, MAX: 0.03767004609107971
RMS: 0.009279277175664902, MAX: 0.13515165448188782
RMS: 0.007011801470071077, MAX: 0.07200721651315689
RMS: 0.006684943102300167, MAX: 0.07660312205553055
RMS: 0.010535066947340965, MAX: 0.1064750999212265
RMS: 0.005536283832043409, MAX: 0.04508417472243309
RMS: 0.01143653318285942, MAX: 0.12913237512111664
RMS: 0.00570982601493597, MAX: 0.04606020078063011
RMS: 0.004717761185020208, MAX: 0.04566759243607521
RMS: 0.002063548658043146, MAX: 0.019875796511769295
RMS: 0.007382883224636316, MAX: 0.07709681242704391
RMS: 0.003860068041831255, MAX: 0.03400583937764168
RMS: 0.0031533383298665285, MAX: 0.023990847170352936
RMS: 0.0014156625838950276, MAX: 0.00718985591083765
RMS: 0.002106288680806756, MAX: 0.02503415197134018
RMS: 0.0009290824527852237, MAX: 0.0037797512486577034
Optimization converged!
Eigenvector following terminated normally.
[ 0.        +552.34211903j  0.          +1.2834872j
  0.          +0.92024942j  0.          +0.76926386j
  0.          +0.59410341j  0.45555106  +0.j
  0.82929201  +0.j         10.71271304  +0.j
 13.48561176  +0.j         19.87235105  +0.j
 23.136968    +0.j         26.41973911  +0.j
 34.26933229  +0.j         37.15047824  +0.j
 45.60078906  +0.j         52.75625373  +0.j
 54.88056023  +0.j         64.97222759  +0.j
 71.11365408  +0.j         86.59308449  +0.j        ]
Flipping all imaginary frequencies except the lowest one
Entropy components at T = 298.15 K and P = 101325.0 Pa:
=================================================
                           S               T*S
S_trans (1 bar)    0.0019505 eV/K        0.582 eV
S_rot              0.0016644 eV/K        0.496 eV
S_elec             0.0000000 eV/K        0.000 eV
S_vib              0.0059085 eV/K        1.762 eV
S (1 bar -> P)    -0.0000011 eV/K       -0.000 eV
-------------------------------------------------
S                  0.0095223 eV/K        2.839 eV
=================================================
Enthalpy components at T = 298.15 K:
===============================
E_pot                 -2.625 eV
E_ZPE                  9.136 eV
Cv_trans (0->T)        0.039 eV
Cv_rot (0->T)          0.039 eV
Cv_vib (0->T)          0.804 eV
(C_v -> C_p)           0.026 eV
-------------------------------
H                      7.417 eV
===============================
