You need to install the group's fork of aRMSD and put it in your path https://github.mit.edu/MLMat/aRMSD
[ 0.        +9.48338780e+02j  0.        +5.34700360e+00j
  0.        +1.44158741e+00j  0.        +1.02637375e+00j
  0.        +7.57196293e-01j  7.57924366+0.00000000e+00j
  7.91653826+0.00000000e+00j 15.49660262+0.00000000e+00j
 17.96558763+0.00000000e+00j 21.67701632+0.00000000e+00j
 26.20175761+0.00000000e+00j 32.62735284+0.00000000e+00j
 42.04631798+0.00000000e+00j 47.7442061 +0.00000000e+00j
 51.60890804+0.00000000e+00j 57.39285552+0.00000000e+00j
 61.28335961+0.00000000e+00j 68.56888446+0.00000000e+00j
 81.55188176+0.00000000e+00j 98.88635909+0.00000000e+00j]
Entropy components at T = 298.15 K and P = 101325.0 Pa:
=================================================
                           S               T*S
S_trans (1 bar)    0.0019301 eV/K        0.575 eV
S_rot              0.0016332 eV/K        0.487 eV
S_elec             0.0000000 eV/K        0.000 eV
S_vib              0.0057511 eV/K        1.715 eV
S (1 bar -> P)    -0.0000011 eV/K       -0.000 eV
-------------------------------------------------
S                  0.0093133 eV/K        2.777 eV
=================================================
Enthalpy components at T = 298.15 K:
===============================
E_pot                 -4.965 eV
E_ZPE                 15.302 eV
Cv_trans (0->T)        0.039 eV
Cv_rot (0->T)          0.039 eV
Cv_vib (0->T)          0.811 eV
(C_v -> C_p)           0.026 eV
-------------------------------
H                     11.251 eV
===============================
RMS: 0.07993771135807037, MAX: 2.1438751220703125
RMS: 0.01856951043009758, MAX: 0.44232508540153503
RMS: 0.011290894821286201, MAX: 0.28654178977012634
RMS: 0.008449646644294262, MAX: 0.19248487055301666
RMS: 0.007532813586294651, MAX: 0.10015382617712021
RMS: 0.007897740229964256, MAX: 0.14374251663684845
RMS: 0.004261204041540623, MAX: 0.0577552355825901
RMS: 0.006197381764650345, MAX: 0.07314350455999374
RMS: 0.009299409575760365, MAX: 0.1520024985074997
RMS: 0.011298875324428082, MAX: 0.2076464146375656
RMS: 0.011681328527629375, MAX: 0.2297181338071823
RMS: 0.01015289407223463, MAX: 0.20102164149284363
RMS: 0.006916469428688288, MAX: 0.14665162563323975
RMS: 0.006919477134943008, MAX: 0.143438920378685
RMS: 0.005631693638861179, MAX: 0.10812503844499588
RMS: 0.0061399745754897594, MAX: 0.11676695942878723
RMS: 0.005120048765093088, MAX: 0.08937298506498337
RMS: 0.004679730627685785, MAX: 0.0701374039053917
RMS: 0.004121439065784216, MAX: 0.06653311103582382
RMS: 0.004508400801569223, MAX: 0.06604451686143875
RMS: 0.003446474438533187, MAX: 0.052198972553014755
RMS: 0.003085237694904208, MAX: 0.03714799880981445
RMS: 0.0017260395688936114, MAX: 0.020966876298189163
RMS: 0.0013554688775911927, MAX: 0.012921115383505821
RMS: 0.0018521655583754182, MAX: 0.025353658944368362
RMS: 0.0021420407574623823, MAX: 0.03598649427294731
RMS: 0.002113259630277753, MAX: 0.0392727293074131
RMS: 0.0014416365884244442, MAX: 0.024879053235054016
RMS: 0.001811642781831324, MAX: 0.028835877776145935
RMS: 0.001887878286652267, MAX: 0.02268809638917446
RMS: 0.0014200820587575436, MAX: 0.019236091524362564
RMS: 0.001510316738858819, MAX: 0.021907096728682518
RMS: 0.001121355453506112, MAX: 0.01804475300014019
RMS: 0.0010284975869581103, MAX: 0.01866496540606022
RMS: 0.0007646458689123392, MAX: 0.01152783166617155
RMS: 0.0010001658229157329, MAX: 0.015362231992185116
RMS: 0.0007958212518133223, MAX: 0.006624747067689896
RMS: 0.0005324013181962073, MAX: 0.003896556794643402
Optimization converged!
Eigenvector following terminated normally.
[ 0.        +7.46819885e+02j  0.        +2.16434448e+00j
  0.        +1.61819581e+00j  0.        +1.39541243e+00j
  0.        +1.00622837e+00j  0.        +6.91199155e-01j
  0.        +4.63260828e-01j 13.3783182 +0.00000000e+00j
 18.89183491+0.00000000e+00j 22.06997417+0.00000000e+00j
 24.40344001+0.00000000e+00j 31.5110047 +0.00000000e+00j
 37.46832536+0.00000000e+00j 45.31722404+0.00000000e+00j
 51.00364417+0.00000000e+00j 56.05573289+0.00000000e+00j
 59.1922775 +0.00000000e+00j 69.77829953+0.00000000e+00j
 81.83987388+0.00000000e+00j 98.64972443+0.00000000e+00j]
Flipping all imaginary frequencies except the lowest one
Entropy components at T = 298.15 K and P = 101325.0 Pa:
=================================================
                           S               T*S
S_trans (1 bar)    0.0019301 eV/K        0.575 eV
S_rot              0.0016333 eV/K        0.487 eV
S_elec             0.0000000 eV/K        0.000 eV
S_vib              0.0057665 eV/K        1.719 eV
S (1 bar -> P)    -0.0000011 eV/K       -0.000 eV
-------------------------------------------------
S                  0.0093288 eV/K        2.781 eV
=================================================
Enthalpy components at T = 298.15 K:
===============================
E_pot                 -5.062 eV
E_ZPE                 15.320 eV
Cv_trans (0->T)        0.039 eV
Cv_rot (0->T)          0.039 eV
Cv_vib (0->T)          0.810 eV
(C_v -> C_p)           0.026 eV
-------------------------------
H                     11.170 eV
===============================
