Optimizing input structure...
      Step     Time          Energy         fmax
BFGS:    0 13:59:03        1.530335        4.5065
BFGS:    1 13:59:04        0.353361        3.5127
BFGS:    2 13:59:04        0.093912        4.7612
BFGS:    3 13:59:04        0.040237        2.6378
BFGS:    4 13:59:04       -0.136045        1.4427
BFGS:    5 13:59:04       -0.251517        1.3574
BFGS:    6 13:59:04       -0.337991        3.6510
BFGS:    7 13:59:04       -0.388958        0.8520
BFGS:    8 13:59:04       -0.427528        0.8748
BFGS:    9 13:59:04       -0.479510        0.8039
BFGS:   10 13:59:04       -0.491992        2.8688
BFGS:   11 13:59:04       -0.530234        1.4902
BFGS:   12 13:59:05       -0.580282        2.1741
BFGS:   13 13:59:05       -0.585865        1.6432
BFGS:   14 13:59:05       -0.604790        1.3853
BFGS:   15 13:59:05       -0.590990        3.0789
BFGS:   16 13:59:05       -0.643311        1.4156
BFGS:   17 13:59:05       -0.645105        1.0091
BFGS:   18 13:59:05       -0.659597        1.0001
BFGS:   19 13:59:05       -0.654449        2.2445
BFGS:   20 13:59:05       -0.685788        1.2693
BFGS:   21 13:59:05       -0.684295        1.0342
BFGS:   22 13:59:05       -0.697236        0.8156
BFGS:   23 13:59:05       -0.683145        2.2064
BFGS:   24 13:59:06       -0.713133        1.3273
BFGS:   25 13:59:06       -0.715009        0.9920
BFGS:   26 13:59:06       -0.728621        0.7937
BFGS:   27 13:59:06       -0.682124        2.8385
BFGS:   28 13:59:06       -0.744338        1.4220
BFGS:   29 13:59:06       -0.749627        1.0837
BFGS:   30 13:59:06       -0.763949        0.3567
BFGS:   31 13:59:07       -0.776128        1.1309
BFGS:   32 13:59:07       -0.791259        0.9116
BFGS:   33 13:59:07       -0.807438        0.3892
BFGS:   34 13:59:07       -0.815399        0.2741
BFGS:   35 13:59:07       -0.826923        0.2224
BFGS:   36 13:59:07       -0.832346        0.1575
BFGS:   37 13:59:07       -0.842251        0.1380
BFGS:   38 13:59:08       -0.850497        0.1617
BFGS:   39 13:59:08       -0.859189        0.2382
BFGS:   40 13:59:08       -0.868057        0.1970
BFGS:   41 13:59:08       -0.877308        0.1630
BFGS:   42 13:59:08       -0.885658        0.1883
BFGS:   43 13:59:08       -0.893250        0.1741
BFGS:   44 13:59:08       -0.900391        0.1405
BFGS:   45 13:59:09       -0.906581        0.1650
BFGS:   46 13:59:09       -0.912471        0.2002
BFGS:   47 13:59:09       -0.918192        0.2734
BFGS:   48 13:59:09       -0.923849        0.1272
BFGS:   49 13:59:09       -0.929268        0.1887
BFGS:   50 13:59:09       -0.934901        0.1786
BFGS:   51 13:59:09       -0.940776        0.1334
BFGS:   52 13:59:09       -0.946995        0.1354
BFGS:   53 13:59:09       -0.952766        0.1407
BFGS:   54 13:59:09       -0.957941        0.1208
BFGS:   55 13:59:10       -0.963026        0.1050
BFGS:   56 13:59:10       -0.968582        0.1251
BFGS:   57 13:59:10       -0.974203        0.1887
BFGS:   58 13:59:10       -0.980020        0.2129
BFGS:   59 13:59:10       -0.986735        0.5241
BFGS:   60 13:59:10       -0.993305        0.3805
BFGS:   61 13:59:10       -1.000451        0.1887
BFGS:   62 13:59:10       -1.006457        0.9259
BFGS:   63 13:59:11       -1.010800        0.4021
BFGS:   64 13:59:11       -1.015060        0.1994
BFGS:   65 13:59:11       -1.020010        0.3616
BFGS:   66 13:59:11       -1.024688        0.3352
BFGS:   67 13:59:11       -1.030411        0.4616
BFGS:   68 13:59:11       -1.034515        0.1735
BFGS:   69 13:59:11       -1.039204        0.2932
BFGS:   70 13:59:11       -1.044273        0.2921
BFGS:   71 13:59:11       -1.049203        0.2046
BFGS:   72 13:59:12       -1.053094        0.3148
BFGS:   73 13:59:12       -1.056190        0.2448
BFGS:   74 13:59:12       -1.059595        0.1286
BFGS:   75 13:59:12       -1.064049        0.2654
BFGS:   76 13:59:12       -1.067424        0.1752
BFGS:   77 13:59:12       -1.070912        0.7026
BFGS:   78 13:59:12       -1.075301        0.2043
BFGS:   79 13:59:12       -1.078881        0.6366
BFGS:   80 13:59:12       -1.082310        0.1547
BFGS:   81 13:59:12       -1.085250        0.1713
BFGS:   82 13:59:12       -1.088800        0.2285
BFGS:   83 13:59:13       -1.091191        0.1644
BFGS:   84 13:59:13       -1.093858        0.0998
BFGS:   85 13:59:13       -1.096129        0.1064
BFGS:   86 13:59:13       -1.098273        0.1611
BFGS:   87 13:59:13       -1.100263        0.1299
BFGS:   88 13:59:13       -1.102368        0.0803
BFGS:   89 13:59:13       -1.104780        0.1068
BFGS:   90 13:59:13       -1.107023        0.1954
BFGS:   91 13:59:13       -1.109029        0.1229
BFGS:   92 13:59:14       -1.110791        0.1539
BFGS:   93 13:59:14       -1.112463        0.0656
BFGS:   94 13:59:14       -1.114030        0.0881
BFGS:   95 13:59:14       -1.115569        0.2350
BFGS:   96 13:59:14       -1.116972        0.1157
BFGS:   97 13:59:14       -1.118435        0.2392
BFGS:   98 13:59:14       -1.119909        0.0824
BFGS:   99 13:59:15       -1.121548        0.0644
BFGS:  100 13:59:15       -1.122767        0.1350
BFGS:  101 13:59:15       -1.124266        0.1794
BFGS:  102 13:59:15       -1.125852        0.1363
BFGS:  103 13:59:15       -1.127628        0.0978
BFGS:  104 13:59:15       -1.129279        0.1111
BFGS:  105 13:59:15       -1.130838        0.1273
BFGS:  106 13:59:15       -1.132359        0.0844
BFGS:  107 13:59:15       -1.134037        0.0659
BFGS:  108 13:59:15       -1.135761        0.1038
BFGS:  109 13:59:15       -1.137442        0.1583
BFGS:  110 13:59:15       -1.138988        0.0569
BFGS:  111 13:59:15       -1.140403        0.0526
BFGS:  112 13:59:16       -1.141752        0.1401
BFGS:  113 13:59:16       -1.143030        0.0884
BFGS:  114 13:59:16       -1.144192        0.0759
BFGS:  115 13:59:16       -1.145394        0.0758
BFGS:  116 13:59:16       -1.146557        0.0812
BFGS:  117 13:59:16       -1.147483        0.1143
BFGS:  118 13:59:16       -1.148132        0.0985
BFGS:  119 13:59:16       -1.148682        0.0407
Optimization complete!
Performing a relaxed scan over 20 steps...
      Step     Time          Energy         fmax
BFGS:    0 13:59:16       -1.005746        2.5249
BFGS:    1 13:59:16       -1.057840        6.3556
BFGS:    2 13:59:16       -1.090215        4.0035
BFGS:    3 13:59:17       -1.064712        2.1727
BFGS:    4 13:59:17       -1.119816        0.9780
BFGS:    5 13:59:17       -1.092541        3.1423
BFGS:    6 13:59:17       -1.122079        1.0974
BFGS:    7 13:59:17       -1.106328        1.3538
BFGS:    8 13:59:17       -1.122916        1.1767
BFGS:    9 13:59:17       -1.086495        1.5360
BFGS:   10 13:59:17       -1.110472        0.8803
BFGS:   11 13:59:17       -1.005903        3.6627
BFGS:   12 13:59:17       -1.109570        0.8686
BFGS:   13 13:59:17       -1.096652        0.9425
BFGS:   14 13:59:17       -1.123125        0.7778
BFGS:   15 13:59:18       -1.125024        0.8513
BFGS:   16 13:59:18       -1.126785        0.6162
BFGS:   17 13:59:18       -1.129319        0.1763
BFGS:   18 13:59:18       -1.130333        0.4994
BFGS:   19 13:59:18       -1.132167        0.4591
BFGS:   20 13:59:18       -1.136597        0.6834
BFGS:   21 13:59:18       -1.139874        0.5693
BFGS:   22 13:59:18       -1.146388        0.5224
BFGS:   23 13:59:18       -1.148564        0.6385
BFGS:   24 13:59:18       -1.151458        0.7881
BFGS:   25 13:59:18       -1.154673        0.5337
BFGS:   26 13:59:18       -1.157590        0.2474
BFGS:   27 13:59:18       -1.162016        0.5568
BFGS:   28 13:59:18       -1.165515        0.7210
BFGS:   29 13:59:19       -1.168523        0.5069
BFGS:   30 13:59:19       -1.169637        1.1739
BFGS:   31 13:59:19       -1.172449        0.2213
BFGS:   32 13:59:19       -1.173776        0.1635
BFGS:   33 13:59:19       -1.175180        0.1695
BFGS:   34 13:59:19       -1.176786        0.1737
BFGS:   35 13:59:19       -1.177696        0.1721
BFGS:   36 13:59:20       -1.178777        0.1276
BFGS:   37 13:59:20       -1.179956        0.1441
BFGS:   38 13:59:20       -1.180946        0.2031
BFGS:   39 13:59:20       -1.181872        0.2171
BFGS:   40 13:59:20       -1.182616        0.0638
BFGS:   41 13:59:20       -1.183296        0.0621
BFGS:   42 13:59:21       -1.184150        0.1026
BFGS:   43 13:59:21       -1.184964        0.0785
BFGS:   44 13:59:21       -1.185824        0.0824
BFGS:   45 13:59:21       -1.186563        0.0678
BFGS:   46 13:59:21       -1.187311        0.0565
BFGS:   47 13:59:21       -1.188076        0.1157
BFGS:   48 13:59:21       -1.188859        0.0784
BFGS:   49 13:59:21       -1.189441        0.0655
BFGS:   50 13:59:21       -1.189918        0.0487
      Step     Time          Energy         fmax
BFGS:    0 13:59:21       -1.068413        1.8717
BFGS:    1 13:59:21       -1.119997        4.7729
BFGS:    2 13:59:22       -1.157163        2.6059
BFGS:    3 13:59:22       -1.105516        3.6431
BFGS:    4 13:59:22       -1.104250        2.7960
BFGS:    5 13:59:22       -1.150584        0.8420
BFGS:    6 13:59:22       -1.153243        0.6818
BFGS:    7 13:59:22       -1.158839        0.8380
BFGS:    8 13:59:22        1.711976       17.5226
BFGS:    9 13:59:22       -1.136113        2.0708
BFGS:   10 13:59:22       -1.120636        1.8236
BFGS:   11 13:59:22       -1.154049        0.7364
BFGS:   12 13:59:22       -1.134418        2.1380
BFGS:   13 13:59:23       -1.163670        0.8276
BFGS:   14 13:59:23       -1.166729        1.0423
BFGS:   15 13:59:23       -1.167708        0.4344
BFGS:   16 13:59:23       -1.168435        0.1328
BFGS:   17 13:59:23       -1.169929        0.2971
BFGS:   18 13:59:23       -1.171627        0.2505
BFGS:   19 13:59:23       -1.171822        0.1203
BFGS:   20 13:59:23       -1.171674        0.1321
BFGS:   21 13:59:23       -1.171432        0.2012
BFGS:   22 13:59:23       -1.171370        0.2128
BFGS:   23 13:59:23       -1.171771        0.0925
BFGS:   24 13:59:24       -1.172422        0.0801
BFGS:   25 13:59:24       -1.173233        0.1153
BFGS:   26 13:59:24       -1.173979        0.1346
BFGS:   27 13:59:24       -1.174508        0.1002
BFGS:   28 13:59:24       -1.174900        0.0915
BFGS:   29 13:59:24       -1.175125        0.0766
BFGS:   30 13:59:24       -1.175480        0.0787
BFGS:   31 13:59:24       -1.176064        0.0593
BFGS:   32 13:59:24       -1.176654        0.1250
BFGS:   33 13:59:25       -1.177603        0.1455
BFGS:   34 13:59:25       -1.178197        0.1572
BFGS:   35 13:59:25       -1.178738        0.1389
BFGS:   36 13:59:25       -1.179266        0.0703
BFGS:   37 13:59:25       -1.179502        0.0658
BFGS:   38 13:59:25       -1.179879        0.0972
BFGS:   39 13:59:25       -1.180374        0.1344
BFGS:   40 13:59:25       -1.181097        0.1140
BFGS:   41 13:59:25       -1.181941        0.0752
BFGS:   42 13:59:26       -1.182810        0.0687
BFGS:   43 13:59:26       -1.183625        0.0520
BFGS:   44 13:59:26       -1.184215        0.0517
BFGS:   45 13:59:26       -1.184688        0.0435
      Step     Time          Energy         fmax
BFGS:    0 13:59:26       -1.029647        2.4920
BFGS:    1 13:59:26       -1.108392        6.9845
BFGS:    2 13:59:26       -1.123711        2.1008
BFGS:    3 13:59:26       -1.108087        1.3314
BFGS:    4 13:59:26       -1.131108        0.4308
BFGS:    5 13:59:26       -1.145240        0.3704
BFGS:    6 13:59:26       -1.151896        1.9706
BFGS:    7 13:59:26       -1.144999        0.2430
BFGS:    8 13:59:27       -1.145399        0.3677
BFGS:    9 13:59:27       -1.149054        0.6724
BFGS:   10 13:59:27       -0.911790        3.0366
BFGS:   11 13:59:27       -1.141533        2.6234
BFGS:   12 13:59:27       -0.963424        1.5364
BFGS:   13 13:59:27       -1.115913        0.5279
BFGS:   14 13:59:27       -1.149289        0.3869
BFGS:   15 13:59:27       -1.141328        2.7332
BFGS:   16 13:59:27       -1.150028        0.5930
BFGS:   17 13:59:28       -1.150737        0.5073
BFGS:   18 13:59:28       -1.152537        0.4338
BFGS:   19 13:59:28       -1.132407        1.2644
BFGS:   20 13:59:28       -1.150702        2.1540
BFGS:   21 13:59:28       -1.108067        1.2216
BFGS:   22 13:59:28       -1.137306        0.8103
BFGS:   23 13:59:28       -1.145602        0.3438
BFGS:   24 13:59:28       -1.152109        0.4198
BFGS:   25 13:59:28       -1.016619        4.5225
BFGS:   26 13:59:28       -1.153445        2.4767
BFGS:   27 13:59:29       -0.890286        5.0947
BFGS:   28 13:59:29       -1.114616        1.2534
BFGS:   29 13:59:29       -1.141405        0.3392
BFGS:   30 13:59:29       -1.157233        0.3689
BFGS:   31 13:59:29       -1.152544        2.9184
BFGS:   32 13:59:29       -1.131644        1.3415
BFGS:   33 13:59:29       -1.153464        0.9656
BFGS:   34 13:59:29       -1.154909        0.6976
BFGS:   35 13:59:29       -1.155269        0.2437
BFGS:   36 13:59:30       -1.154840        0.0899
BFGS:   37 13:59:30       -1.154906        0.1301
BFGS:   38 13:59:30       -1.155213        0.0469
      Step     Time          Energy         fmax
BFGS:    0 13:59:30       -0.920438        3.1797
BFGS:    1 13:59:30       -1.074675        9.4136
BFGS:    2 13:59:30       -1.066558        2.1223
BFGS:    3 13:59:30       -1.019648        2.1180
BFGS:    4 13:59:30       -1.064476        0.5719
BFGS:    5 13:59:30       -1.080658        0.3555
BFGS:    6 13:59:30       -1.084229        0.2810
BFGS:    7 13:59:31       -1.083514        0.2743
BFGS:    8 13:59:31       -1.081749        0.1563
BFGS:    9 13:59:31       -1.081142        0.1608
BFGS:   10 13:59:31       -1.082589        0.1624
BFGS:   11 13:59:31       -1.085182        0.1147
BFGS:   12 13:59:31       -1.088017        0.0743
BFGS:   13 13:59:31       -1.090826        0.1739
BFGS:   14 13:59:31       -1.091732        0.1870
BFGS:   15 13:59:31       -1.092043        0.2340
BFGS:   16 13:59:32       -1.090240        0.0785
BFGS:   17 13:59:32       -1.090535        0.1328
BFGS:   18 13:59:32       -1.091375        0.1344
BFGS:   19 13:59:32       -1.093102        0.1305
BFGS:   20 13:59:32       -1.095078        0.1046
BFGS:   21 13:59:32       -1.096247        0.0962
BFGS:   22 13:59:32       -1.096465        0.0872
BFGS:   23 13:59:32       -1.096288        0.0634
BFGS:   24 13:59:32       -1.096271        0.0918
BFGS:   25 13:59:32       -1.096704        0.1048
BFGS:   26 13:59:33       -1.097833        0.0913
BFGS:   27 13:59:33       -1.099184        0.0966
BFGS:   28 13:59:33       -1.100445        0.0855
BFGS:   29 13:59:33       -1.100918        0.0991
BFGS:   30 13:59:33       -1.101067        0.0897
BFGS:   31 13:59:33       -1.100874        0.0733
BFGS:   32 13:59:33       -1.101358        0.0970
BFGS:   33 13:59:33       -1.102605        0.1402
BFGS:   34 13:59:34       -1.104975        0.1081
BFGS:   35 13:59:34       -1.107261        0.0626
BFGS:   36 13:59:34       -1.108967        0.0657
BFGS:   37 13:59:34       -1.110138        0.0982
BFGS:   38 13:59:34       -1.110571        0.0889
BFGS:   39 13:59:34       -1.110431        0.0736
BFGS:   40 13:59:34       -1.110133        0.0576
BFGS:   41 13:59:34       -1.110294        0.0853
BFGS:   42 13:59:34       -1.110985        0.0712
BFGS:   43 13:59:35       -1.112102        0.0450
      Step     Time          Energy         fmax
BFGS:    0 13:59:35       -0.890077        3.2035
BFGS:    1 13:59:35       -1.044250        5.8948
BFGS:    2 13:59:35       -1.045226        2.9570
BFGS:    3 13:59:35       -1.004058        1.6764
BFGS:    4 13:59:35       -1.037869        0.5623
BFGS:    5 13:59:35       -1.051224        0.2708
BFGS:    6 13:59:35       -1.050302        0.2101
BFGS:    7 13:59:35       -1.046378        0.1228
BFGS:    8 13:59:36       -1.046989        0.1281
BFGS:    9 13:59:36       -1.048147        0.0998
BFGS:   10 13:59:36       -1.049687        0.0930
BFGS:   11 13:59:36       -1.051585        0.0585
BFGS:   12 13:59:36       -1.052673        0.0650
BFGS:   13 13:59:36       -1.052577        0.1032
BFGS:   14 13:59:36       -1.052302        0.0898
BFGS:   15 13:59:36       -1.051815        0.0470
      Step     Time          Energy         fmax
BFGS:    0 13:59:36       -0.769535        3.6802
BFGS:    1 13:59:36       -0.977281        6.7005
BFGS:    2 13:59:37       -0.974084        3.4717
BFGS:    3 13:59:37       -0.912515        1.8965
BFGS:    4 13:59:37       -0.958248        0.6493
BFGS:    5 13:59:37       -0.975523        0.2971
BFGS:    6 13:59:37       -0.972635        0.2399
BFGS:    7 13:59:37       -0.966839        0.1272
BFGS:    8 13:59:37       -0.968042        0.1241
BFGS:    9 13:59:37       -0.969532        0.1027
BFGS:   10 13:59:37       -0.970830        0.1032
BFGS:   11 13:59:37       -0.972748        0.0683
BFGS:   12 13:59:38       -0.973913        0.0681
BFGS:   13 13:59:38       -0.973727        0.1208
BFGS:   14 13:59:38       -0.973466        0.1058
BFGS:   15 13:59:38       -0.972779        0.0588
BFGS:   16 13:59:38       -0.972809        0.0560
BFGS:   17 13:59:38       -0.973468        0.0619
BFGS:   18 13:59:38       -0.974151        0.0813
BFGS:   19 13:59:38       -0.975082        0.0794
BFGS:   20 13:59:39       -0.975652        0.0578
BFGS:   21 13:59:39       -0.975904        0.0592
BFGS:   22 13:59:39       -0.975968        0.0567
BFGS:   23 13:59:39       -0.976100        0.0579
BFGS:   24 13:59:39       -0.976583        0.0733
BFGS:   25 13:59:39       -0.977193        0.0661
BFGS:   26 13:59:39       -0.977918        0.0679
BFGS:   27 13:59:40       -0.978093        0.0785
BFGS:   28 13:59:40       -0.977909        0.0712
BFGS:   29 13:59:40       -0.977291        0.0588
BFGS:   30 13:59:40       -0.976992        0.0610
BFGS:   31 13:59:40       -0.976903        0.0903
BFGS:   32 13:59:40       -0.977687        0.1139
BFGS:   33 13:59:41       -0.979205        0.1284
BFGS:   34 13:59:41       -0.981629        0.0740
BFGS:   35 13:59:41       -0.983841        0.0813
BFGS:   36 13:59:41       -0.985648        0.0919
BFGS:   37 13:59:41       -0.986736        0.0805
BFGS:   38 13:59:41       -0.987117        0.0714
BFGS:   39 13:59:41       -0.987110        0.0588
BFGS:   40 13:59:42       -0.987219        0.0445
      Step     Time          Energy         fmax
BFGS:    0 13:59:42       -0.686963        3.6668
BFGS:    1 13:59:42       -0.916677        7.3160
BFGS:    2 13:59:42       -0.910376        3.0546
BFGS:    3 13:59:42       -0.839271        1.7901
BFGS:    4 13:59:42       -0.886611        0.6393
BFGS:    5 13:59:42       -0.906501        0.3367
BFGS:    6 13:59:42       -0.902795        0.2340
BFGS:    7 13:59:42       -0.895938        0.1327
BFGS:    8 13:59:43       -0.896703        0.1362
BFGS:    9 13:59:43       -0.897912        0.0976
BFGS:   10 13:59:43       -0.899782        0.1039
BFGS:   11 13:59:43       -0.901865        0.0559
BFGS:   12 13:59:43       -0.902784        0.0584
BFGS:   13 13:59:43       -0.902345        0.0951
BFGS:   14 13:59:44       -0.901906        0.0805
BFGS:   15 13:59:44       -0.901217        0.0402
      Step     Time          Energy         fmax
BFGS:    0 13:59:44       -0.520964        4.2300
BFGS:    1 13:59:44       -0.824559        8.2112
BFGS:    2 13:59:44       -0.810053        3.5714
BFGS:    3 13:59:44       -0.714688        2.0545
BFGS:    4 13:59:44       -0.777978        0.7267
BFGS:    5 13:59:45       -0.802910        0.3663
BFGS:    6 13:59:45       -0.796876        0.2570
BFGS:    7 13:59:45       -0.787922        0.1395
BFGS:    8 13:59:45       -0.789640        0.1320
BFGS:    9 13:59:45       -0.791579        0.0979
BFGS:   10 13:59:45       -0.793167        0.1111
BFGS:   11 13:59:45       -0.795212        0.0690
BFGS:   12 13:59:45       -0.796155        0.0608
BFGS:   13 13:59:46       -0.795502        0.1136
BFGS:   14 13:59:46       -0.795112        0.0996
BFGS:   15 13:59:46       -0.794273        0.0549
BFGS:   16 13:59:46       -0.794332        0.0512
BFGS:   17 13:59:46       -0.794920        0.0565
BFGS:   18 13:59:46       -0.795594        0.0751
BFGS:   19 13:59:46       -0.796379        0.0751
BFGS:   20 13:59:46       -0.796784        0.0564
BFGS:   21 13:59:47       -0.796908        0.0552
BFGS:   22 13:59:47       -0.796893        0.0518
BFGS:   23 13:59:47       -0.797060        0.0515
BFGS:   24 13:59:47       -0.797473        0.0609
BFGS:   25 13:59:47       -0.797941        0.0524
BFGS:   26 13:59:47       -0.798350        0.0630
BFGS:   27 13:59:47       -0.798078        0.0712
BFGS:   28 13:59:47       -0.797562        0.0645
BFGS:   29 13:59:48       -0.796539        0.0495
      Step     Time          Energy         fmax
BFGS:    0 13:59:48       -0.353217        4.6393
BFGS:    1 13:59:48       -0.713729        8.9112
BFGS:    2 13:59:48       -0.693184        3.7284
BFGS:    3 13:59:48       -0.583272        2.2382
BFGS:    4 13:59:48       -0.656519        0.7848
BFGS:    5 13:59:48       -0.686934        0.3830
BFGS:    6 13:59:49       -0.680035        0.2652
BFGS:    7 13:59:49       -0.669657        0.1493
BFGS:    8 13:59:49       -0.671955        0.1384
BFGS:    9 13:59:49       -0.674517        0.0984
BFGS:   10 13:59:49       -0.676467        0.1156
BFGS:   11 13:59:49       -0.678793        0.0636
BFGS:   12 13:59:49       -0.679659        0.0639
BFGS:   13 13:59:50       -0.678834        0.0986
BFGS:   14 13:59:50       -0.678567        0.0805
BFGS:   15 13:59:50       -0.677988        0.0395
      Step     Time          Energy         fmax
BFGS:    0 13:59:50       -0.144291        5.1134
BFGS:    1 13:59:50       -0.598454        9.8400
BFGS:    2 13:59:50       -0.566216        3.9937
BFGS:    3 13:59:50       -0.428010        2.3611
BFGS:    4 13:59:51       -0.515107        0.8517
BFGS:    5 13:59:51       -0.552386        0.4504
BFGS:    6 13:59:51       -0.541735        0.2883
BFGS:    7 13:59:51       -0.528532        0.1574
BFGS:    8 13:59:51       -0.531300        0.1441
BFGS:    9 13:59:51       -0.534092        0.0990
BFGS:   10 13:59:51       -0.536126        0.1151
BFGS:   11 13:59:52       -0.538481        0.0765
BFGS:   12 13:59:52       -0.539139        0.0661
BFGS:   13 13:59:52       -0.537929        0.1309
BFGS:   14 13:59:52       -0.537621        0.1217
BFGS:   15 13:59:52       -0.536690        0.0775
BFGS:   16 13:59:52       -0.536996        0.0660
BFGS:   17 13:59:52       -0.537793        0.0757
BFGS:   18 13:59:53       -0.538707        0.1159
BFGS:   19 13:59:53       -0.539891        0.1318
BFGS:   20 13:59:53       -0.540724        0.1178
BFGS:   21 13:59:53       -0.541425        0.0858
BFGS:   22 13:59:53       -0.541875        0.1003
BFGS:   23 13:59:53       -0.542651        0.0814
BFGS:   24 13:59:54       -0.543833        0.0972
BFGS:   25 13:59:54       -0.545080        0.0951
BFGS:   26 13:59:54       -0.546243        0.1011
BFGS:   27 13:59:54       -0.545850        0.1158
BFGS:   28 13:59:54       -0.545278        0.1137
BFGS:   29 13:59:54       -0.543551        0.0857
BFGS:   30 13:59:54       -0.543428        0.0812
BFGS:   31 13:59:55       -0.543757        0.1026
BFGS:   32 13:59:55       -0.545327        0.1349
BFGS:   33 13:59:55       -0.548142        0.1395
BFGS:   34 13:59:55       -0.550786        0.1001
BFGS:   35 13:59:55       -0.553458        0.0905
BFGS:   36 13:59:55       -0.554961        0.1023
BFGS:   37 13:59:55       -0.556356        0.0952
BFGS:   38 13:59:55       -0.556800        0.0818
BFGS:   39 13:59:56       -0.557294        0.0637
BFGS:   40 13:59:56       -0.557530        0.0518
BFGS:   41 13:59:56       -0.558114        0.0623
BFGS:   42 13:59:56       -0.558598        0.0486
      Step     Time          Energy         fmax
BFGS:    0 13:59:56       -0.064763        4.7553
BFGS:    1 13:59:56       -0.497956       10.2718
BFGS:    2 13:59:56       -0.449185        2.8916
BFGS:    3 13:59:56       -0.329280        1.9771
BFGS:    4 13:59:56       -0.400013        0.7627
BFGS:    5 13:59:56       -0.436328        0.4312
BFGS:    6 13:59:56       -0.427396        0.2496
BFGS:    7 13:59:56       -0.415781        0.1387
BFGS:    8 13:59:56       -0.416060        0.1469
BFGS:    9 13:59:56       -0.417281        0.1050
BFGS:   10 13:59:56       -0.420792        0.1124
BFGS:   11 13:59:57       -0.423941        0.0666
BFGS:   12 13:59:57       -0.425128        0.0680
BFGS:   13 13:59:57       -0.424570        0.1112
BFGS:   14 13:59:57       -0.423364        0.0977
BFGS:   15 13:59:57       -0.422096        0.0556
BFGS:   16 13:59:57       -0.422129        0.0515
BFGS:   17 13:59:57       -0.423180        0.0539
BFGS:   18 13:59:57       -0.424515        0.0689
BFGS:   19 13:59:57       -0.425892        0.0683
BFGS:   20 13:59:57       -0.426511        0.0490
      Step     Time          Energy         fmax
BFGS:    0 13:59:57        0.157121        5.2555
BFGS:    1 13:59:57       -0.367734       11.0222
BFGS:    2 13:59:57       -0.303537        3.1084
BFGS:    3 13:59:57       -0.164782        2.1236
BFGS:    4 13:59:58       -0.245968        0.8358
BFGS:    5 13:59:58       -0.289673        0.4731
BFGS:    6 13:59:58       -0.277597        0.2610
BFGS:    7 13:59:58       -0.264374        0.1427
BFGS:    8 13:59:58       -0.264875        0.1466
BFGS:    9 13:59:58       -0.266256        0.0989
BFGS:   10 13:59:58       -0.269685        0.0868
BFGS:   11 13:59:59       -0.272314        0.0558
BFGS:   12 13:59:59       -0.272922        0.0521
BFGS:   13 13:59:59       -0.271861        0.0926
BFGS:   14 13:59:59       -0.270503        0.0874
BFGS:   15 13:59:59       -0.269101        0.0561
BFGS:   16 13:59:59       -0.268802        0.0511
BFGS:   17 13:59:59       -0.269630        0.0607
BFGS:   18 13:59:59       -0.270845        0.0853
BFGS:   19 14:00:00       -0.272183        0.0992
BFGS:   20 14:00:00       -0.272998        0.0867
BFGS:   21 14:00:00       -0.272869        0.0642
BFGS:   22 14:00:00       -0.272298        0.0726
BFGS:   23 14:00:00       -0.272234        0.0673
BFGS:   24 14:00:00       -0.272389        0.0910
BFGS:   25 14:00:00       -0.273758        0.0857
BFGS:   26 14:00:00       -0.274722        0.0893
BFGS:   27 14:00:00       -0.276156        0.1143
BFGS:   28 14:00:00       -0.275144        0.1055
BFGS:   29 14:00:01       -0.274503        0.0946
BFGS:   30 14:00:01       -0.272580        0.0862
BFGS:   31 14:00:01       -0.272366        0.1041
BFGS:   32 14:00:01       -0.272568        0.1465
BFGS:   33 14:00:01       -0.275529        0.1761
BFGS:   34 14:00:01       -0.280250        0.1806
BFGS:   35 14:00:01       -0.285970        0.1098
BFGS:   36 14:00:02       -0.291866        0.1210
BFGS:   37 14:00:02       -0.296440        0.1438
BFGS:   38 14:00:02       -0.299998        0.1255
BFGS:   39 14:00:02       -0.301391        0.1277
BFGS:   40 14:00:02       -0.302156        0.1213
BFGS:   41 14:00:02       -0.303029        0.0914
BFGS:   42 14:00:02       -0.304110        0.1059
BFGS:   43 14:00:02       -0.306949        0.1195
BFGS:   44 14:00:02       -0.308567        0.0885
BFGS:   45 14:00:03       -0.310813        0.0827
BFGS:   46 14:00:04       -0.312653        0.0872
BFGS:   47 14:00:06       -0.313473        0.0709
BFGS:   48 14:00:07       -0.313826        0.0664
BFGS:   49 14:00:09       -0.313782        0.0759
BFGS:   50 14:00:09       -0.314349        0.0691
BFGS:   51 14:00:10       -0.314889        0.0872
BFGS:   52 14:00:11       -0.316113        0.0630
BFGS:   53 14:00:11       -0.316610        0.0414
      Step     Time          Energy         fmax
BFGS:    0 14:00:11        0.134370        3.9231
BFGS:    1 14:00:11       -0.300576        9.7069
BFGS:    2 14:00:11       -0.202585        2.2394
BFGS:    3 14:00:12       -0.094547        1.4539
BFGS:    4 14:00:12       -0.167582        0.5074
BFGS:    5 14:00:12       -0.185146        0.2656
BFGS:    6 14:00:12       -0.183093        0.2391
BFGS:    7 14:00:12       -0.177333        0.1785
BFGS:    8 14:00:12       -0.173810        0.1497
BFGS:    9 14:00:12       -0.174048        0.0930
BFGS:   10 14:00:12       -0.177584        0.0625
BFGS:   11 14:00:13       -0.181456        0.0583
BFGS:   12 14:00:13       -0.183397        0.0811
BFGS:   13 14:00:13       -0.182681        0.0982
BFGS:   14 14:00:13       -0.180885        0.0821
BFGS:   15 14:00:13       -0.179401        0.0461
      Step     Time          Energy         fmax
BFGS:    0 14:00:13        0.332166        4.2282
BFGS:    1 14:00:13       -0.170160        9.9399
BFGS:    2 14:00:13       -0.053722        2.4010
BFGS:    3 14:00:14        0.068090        1.4988
BFGS:    4 14:00:14       -0.013928        0.5352
BFGS:    5 14:00:14       -0.033936        0.3283
BFGS:    6 14:00:14       -0.030772        0.3039
BFGS:    7 14:00:16       -0.023117        0.1804
BFGS:    8 14:00:18       -0.019882        0.1565
BFGS:    9 14:00:19       -0.019883        0.0983
BFGS:   10 14:00:19       -0.023112        0.0682
BFGS:   11 14:00:20       -0.026930        0.0562
BFGS:   12 14:00:20       -0.029109        0.0827
BFGS:   13 14:00:21       -0.028530        0.1074
BFGS:   14 14:00:21       -0.026407        0.0982
BFGS:   15 14:00:21       -0.024377        0.0506
BFGS:   16 14:00:21       -0.023579        0.0497
      Step     Time          Energy         fmax
BFGS:    0 14:00:21        0.535320        4.4499
BFGS:    1 14:00:21       -0.012861        9.9741
BFGS:    2 14:00:21        0.116242        2.4055
BFGS:    3 14:00:21        0.235152        1.4250
BFGS:    4 14:00:21        0.156674        0.5822
BFGS:    5 14:00:22        0.130795        0.4451
BFGS:    6 14:00:22        0.136418        0.3025
BFGS:    7 14:00:22        0.146872        0.1602
BFGS:    8 14:00:22        0.151110        0.1616
BFGS:    9 14:00:22        0.149691        0.1153
BFGS:   10 14:00:22        0.145768        0.0606
BFGS:   11 14:00:23        0.142046        0.0568
BFGS:   12 14:00:23        0.139622        0.0920
BFGS:   13 14:00:23        0.140468        0.1109
BFGS:   14 14:00:23        0.143142        0.1034
BFGS:   15 14:00:23        0.146018        0.0643
BFGS:   16 14:00:23        0.146695        0.0613
BFGS:   17 14:00:23        0.145441        0.0587
BFGS:   18 14:00:23        0.143491        0.0777
BFGS:   19 14:00:24        0.141499        0.0765
BFGS:   20 14:00:24        0.140528        0.0714
BFGS:   21 14:00:24        0.141200        0.0586
BFGS:   22 14:00:24        0.142295        0.0634
BFGS:   23 14:00:24        0.143054        0.0765
BFGS:   24 14:00:24        0.143017        0.0945
BFGS:   25 14:00:24        0.141808        0.0747
BFGS:   26 14:00:25        0.140463        0.0616
BFGS:   27 14:00:25        0.139330        0.0752
BFGS:   28 14:00:25        0.140120        0.0705
BFGS:   29 14:00:25        0.141642        0.0694
BFGS:   30 14:00:25        0.143614        0.0541
BFGS:   31 14:00:25        0.144953        0.0726
BFGS:   32 14:00:25        0.145208        0.0894
BFGS:   33 14:00:25        0.143563        0.0858
BFGS:   34 14:00:26        0.140528        0.0586
BFGS:   35 14:00:26        0.137279        0.0719
BFGS:   36 14:00:26        0.135031        0.0710
BFGS:   37 14:00:26        0.133826        0.0703
BFGS:   38 14:00:26        0.134466        0.0572
BFGS:   39 14:00:26        0.135750        0.0626
BFGS:   40 14:00:26        0.136944        0.0567
BFGS:   41 14:00:26        0.136941        0.0544
BFGS:   42 14:00:26        0.136055        0.0442
      Step     Time          Energy         fmax
BFGS:    0 14:00:27        0.647420        4.0779
BFGS:    1 14:00:27        0.169713        9.1533
BFGS:    2 14:00:27        0.299939        1.9131
BFGS:    3 14:00:27        0.364515        1.1028
BFGS:    4 14:00:28        0.319260        0.6180
BFGS:    5 14:00:28        0.288030        0.5153
BFGS:    6 14:00:28        0.299776        0.2156
BFGS:    7 14:00:29        0.310168        0.1527
BFGS:    8 14:00:29        0.313084        0.1671
BFGS:    9 14:00:29        0.309739        0.0971
BFGS:   10 14:00:30        0.305277        0.0627
BFGS:   11 14:00:30        0.301723        0.0712
BFGS:   12 14:00:30        0.300216        0.0937
BFGS:   13 14:00:30        0.301632        0.1084
BFGS:   14 14:00:30        0.303949        0.0909
BFGS:   15 14:00:31        0.305637        0.0539
BFGS:   16 14:00:31        0.305345        0.0472
      Step     Time          Energy         fmax
BFGS:    0 14:00:31        0.806875        4.4375
BFGS:    1 14:00:31        0.287553       10.0973
BFGS:    2 14:00:31        0.445821        1.9533
BFGS:    3 14:00:31        0.538506        1.2571
BFGS:    4 14:00:32        0.487902        0.6666
BFGS:    5 14:00:33        0.458368        0.5661
BFGS:    6 14:00:35        0.469119        0.1822
BFGS:    7 14:00:36        0.476199        0.1246
BFGS:    8 14:00:37        0.477224        0.1443
BFGS:    9 14:00:38        0.475743        0.0858
BFGS:   10 14:00:39        0.472613        0.0900
BFGS:   11 14:00:39        0.470320        0.0623
BFGS:   12 14:00:40        0.469359        0.0782
BFGS:   13 14:00:40        0.470164        0.0934
BFGS:   14 14:00:40        0.471671        0.0939
BFGS:   15 14:00:40        0.473076        0.0614
BFGS:   16 14:00:40        0.472861        0.0544
BFGS:   17 14:00:40        0.471989        0.0557
BFGS:   18 14:00:41        0.470588        0.0765
BFGS:   19 14:00:41        0.469297        0.0856
BFGS:   20 14:00:41        0.468593        0.0747
BFGS:   21 14:00:41        0.468516        0.0714
BFGS:   22 14:00:41        0.468975        0.0788
BFGS:   23 14:00:42        0.469103        0.0806
BFGS:   24 14:00:42        0.468705        0.1055
BFGS:   25 14:00:42        0.467606        0.0994
BFGS:   26 14:00:44        0.465995        0.0799
BFGS:   27 14:00:45        0.464576        0.1011
BFGS:   28 14:00:46        0.464474        0.1025
BFGS:   29 14:00:46        0.465004        0.0970
BFGS:   30 14:00:47        0.466260        0.0783
BFGS:   31 14:00:47        0.466213        0.0971
BFGS:   32 14:00:48        0.465747        0.1405
BFGS:   33 14:00:48        0.462914        0.1544
BFGS:   34 14:00:49        0.459597        0.1261
BFGS:   35 14:00:49        0.455842        0.0916
BFGS:   36 14:00:49        0.453042        0.0887
BFGS:   37 14:00:49        0.451137        0.1043
BFGS:   38 14:00:50        0.449976        0.0981
BFGS:   39 14:00:50        0.449694        0.0831
BFGS:   40 14:00:51        0.449016        0.0794
BFGS:   41 14:00:51        0.447996        0.0707
BFGS:   42 14:00:51        0.446152        0.0662
BFGS:   43 14:00:51        0.444413        0.0763
BFGS:   44 14:00:52        0.442654        0.0921
BFGS:   45 14:00:52        0.441367        0.0857
BFGS:   46 14:00:52        0.440355        0.0919
BFGS:   47 14:00:52        0.439578        0.0758
BFGS:   48 14:00:52        0.438799        0.0972
BFGS:   49 14:00:53        0.437442        0.1276
BFGS:   50 14:00:53        0.435469        0.1183
BFGS:   51 14:00:53        0.432675        0.0906
BFGS:   52 14:00:53        0.429979        0.0760
BFGS:   53 14:00:53        0.427807        0.0712
BFGS:   54 14:00:55        0.426123        0.0863
BFGS:   55 14:00:56        0.425045        0.0677
BFGS:   56 14:00:57        0.422924        0.0964
BFGS:   57 14:00:58        0.422689        0.0987
BFGS:   58 14:00:58        0.420537        0.0787
BFGS:   59 14:00:58        0.418698        0.0767
BFGS:   60 14:00:59        0.417226        0.0756
BFGS:   61 14:00:59        0.415403        0.0917
BFGS:   62 14:01:00        0.413965        0.1000
BFGS:   63 14:01:00        0.412240        0.0703
BFGS:   64 14:01:01        0.410746        0.0785
BFGS:   65 14:01:02        0.408530        0.0884
BFGS:   66 14:01:02        0.406472        0.1122
BFGS:   67 14:01:02        0.403767        0.0943
BFGS:   68 14:01:03        0.402537        0.0764
BFGS:   69 14:01:03        0.400693        0.0746
BFGS:   70 14:01:03        0.399551        0.0798
BFGS:   71 14:01:03        0.398035        0.0840
BFGS:   72 14:01:03        0.396724        0.0670
BFGS:   73 14:01:04        0.394813        0.0700
BFGS:   74 14:01:04        0.393205        0.0775
BFGS:   75 14:01:04        0.391682        0.0727
BFGS:   76 14:01:04        0.390530        0.0605
BFGS:   77 14:01:04        0.389438        0.0735
BFGS:   78 14:01:04        0.388493        0.0755
BFGS:   79 14:01:04        0.387192        0.0766
BFGS:   80 14:01:05        0.386064        0.0717
BFGS:   81 14:01:05        0.384013        0.0631
BFGS:   82 14:01:05        0.381802        0.0625
BFGS:   83 14:01:05        0.379232        0.0671
BFGS:   84 14:01:05        0.376983        0.0699
BFGS:   85 14:01:06        0.374428        0.1057
BFGS:   86 14:01:07        0.372194        0.1237
BFGS:   87 14:01:09        0.369632        0.1139
BFGS:   88 14:01:09        0.367462        0.0846
BFGS:   89 14:01:10        0.365042        0.0788
BFGS:   90 14:01:11        0.363372        0.0980
BFGS:   91 14:01:11        0.361233        0.0867
BFGS:   92 14:01:11        0.357580        0.0856
BFGS:   93 14:01:12        0.355003        0.1040
BFGS:   94 14:01:13        0.351655        0.0914
BFGS:   95 14:01:13        0.349349        0.1082
BFGS:   96 14:01:13        0.347008        0.0844
BFGS:   97 14:01:13        0.344851        0.0788
BFGS:   98 14:01:14        0.342687        0.0606
BFGS:   99 14:01:14        0.340813        0.0741
BFGS:  100 14:01:14        0.338651        0.0615
BFGS:  101 14:01:14        0.336767        0.0519
BFGS:  102 14:01:14        0.334311        0.0697
BFGS:  103 14:01:14        0.332177        0.0859
BFGS:  104 14:01:14        0.329633        0.0997
BFGS:  105 14:01:14        0.327539        0.0923
BFGS:  106 14:01:14        0.325502        0.0641
BFGS:  107 14:01:14        0.323726        0.0619
BFGS:  108 14:01:15        0.321885        0.0595
BFGS:  109 14:01:15        0.320325        0.0683
BFGS:  110 14:01:15        0.318825        0.0608
BFGS:  111 14:01:15        0.317636        0.0639
BFGS:  112 14:01:15        0.316377        0.0642
BFGS:  113 14:01:15        0.315221        0.0522
BFGS:  114 14:01:15        0.314023        0.0450
      Step     Time          Energy         fmax
BFGS:    0 14:01:16        0.678938        3.2781
BFGS:    1 14:01:16        0.315507        7.9818
BFGS:    2 14:01:16        0.443912        1.2297
BFGS:    3 14:01:16        0.452819        0.8605
BFGS:    4 14:01:16        0.421971        0.4816
BFGS:    5 14:01:16        0.407971        0.4775
BFGS:    6 14:01:16        0.419289        0.1640
BFGS:    7 14:01:17        0.420915        0.1309
BFGS:    8 14:01:18        0.420855        0.1030
BFGS:    9 14:01:20        0.418200        0.0656
BFGS:   10 14:01:20        0.415353        0.0631
BFGS:   11 14:01:21        0.413768        0.0738
BFGS:   12 14:01:21        0.413197        0.1131
BFGS:   13 14:01:23        0.414573        0.1214
BFGS:   14 14:01:23        0.415611        0.0879
BFGS:   15 14:01:24        0.415869        0.0595
BFGS:   16 14:01:24        0.414865        0.0562
BFGS:   17 14:01:25        0.413610        0.0945
BFGS:   18 14:01:25        0.411674        0.1181
BFGS:   19 14:01:25        0.410992        0.1183
BFGS:   20 14:01:25        0.410321        0.0786
BFGS:   21 14:01:26        0.411240        0.0770
BFGS:   22 14:01:26        0.411285        0.0838
BFGS:   23 14:01:26        0.410931        0.1196
BFGS:   24 14:01:26        0.409582        0.1226
BFGS:   25 14:01:26        0.407689        0.0800
BFGS:   26 14:01:26        0.406279        0.0793
BFGS:   27 14:01:27        0.405797        0.0796
BFGS:   28 14:01:27        0.406453        0.0790
BFGS:   29 14:01:27        0.407539        0.0630
BFGS:   30 14:01:27        0.408154        0.0588
BFGS:   31 14:01:27        0.408326        0.0719
BFGS:   32 14:01:27        0.407301        0.0775
BFGS:   33 14:01:28        0.405464        0.0790
BFGS:   34 14:01:30        0.403562        0.0644
BFGS:   35 14:01:31        0.402143        0.0617
BFGS:   36 14:01:32        0.401457        0.0587
BFGS:   37 14:01:32        0.401309        0.0487
      Step     Time          Energy         fmax
BFGS:    0 14:01:32        0.739146        2.7393
BFGS:    1 14:01:33        0.544471        4.1667
BFGS:    2 14:01:34        0.569806        0.8350
BFGS:    3 14:01:34        0.586914        0.6103
BFGS:    4 14:01:34        0.585834        0.5158
BFGS:    5 14:01:34        0.576023        0.4001
BFGS:    6 14:01:35        0.573314        0.1491
BFGS:    7 14:01:35        0.573271        0.1441
BFGS:    8 14:01:35        0.573509        0.1049
BFGS:    9 14:01:35        0.572935        0.0609
BFGS:   10 14:01:35        0.571967        0.0506
BFGS:   11 14:01:35        0.571458        0.0677
BFGS:   12 14:01:35        0.571098        0.0745
BFGS:   13 14:01:35        0.570572        0.0567
BFGS:   14 14:01:35        0.570657        0.0411
      Step     Time          Energy         fmax
BFGS:    0 14:01:35        0.713728        2.0823
BFGS:    1 14:01:35        0.644113        2.5188
BFGS:    2 14:01:36        0.641098        0.5838
BFGS:    3 14:01:36        0.634592        0.5463
BFGS:    4 14:01:36        0.632389        0.4730
BFGS:    5 14:01:36        0.629711        0.1524
BFGS:    6 14:01:36        0.627526        0.1183
BFGS:    7 14:01:36        0.626428        0.0895
BFGS:    8 14:01:36        0.626132        0.0785
BFGS:    9 14:01:36        0.625760        0.0446
Performing final optimization with tight thresholds...
      Step     Time          Energy         fmax
BFGS:    0 14:01:36        0.625760        0.0446
Tight optimization complete!
Relaxed scan complete! Trajectory saved to opt.traj. 
Finished in 0 hours, 2 minutes, and 35 seconds
