You need to install the group's fork of aRMSD and put it in your path https://github.mit.edu/MLMat/aRMSD
[ 0.        +5.37572133e+02j  0.        +1.52900070e+01j
  0.        +1.72627585e+00j  0.        +8.18209061e-01j
  0.        +4.90885053e-01j  1.19869616+0.00000000e+00j
  3.8446652 +0.00000000e+00j  4.31579757+0.00000000e+00j
  7.49873782+0.00000000e+00j 14.09191135+0.00000000e+00j
 18.33850101+0.00000000e+00j 21.63012947+0.00000000e+00j
 24.45722263+0.00000000e+00j 34.65410234+0.00000000e+00j
 41.10531791+0.00000000e+00j 43.94057524+0.00000000e+00j
 57.43414708+0.00000000e+00j 60.70377053+0.00000000e+00j
 71.31633282+0.00000000e+00j 83.34915336+0.00000000e+00j]
Entropy components at T = 298.15 K and P = 101325.0 Pa:
=================================================
                           S               T*S
S_trans (1 bar)    0.0019505 eV/K        0.582 eV
S_rot              0.0016653 eV/K        0.497 eV
S_elec             0.0000000 eV/K        0.000 eV
S_vib              0.0061107 eV/K        1.822 eV
S (1 bar -> P)    -0.0000011 eV/K       -0.000 eV
-------------------------------------------------
S                  0.0097253 eV/K        2.900 eV
=================================================
Enthalpy components at T = 298.15 K:
===============================
E_pot                 -2.618 eV
E_ZPE                  9.121 eV
Cv_trans (0->T)        0.039 eV
Cv_rot (0->T)          0.039 eV
Cv_vib (0->T)          0.807 eV
(C_v -> C_p)           0.026 eV
-------------------------------
H                      7.414 eV
===============================
RMS: 0.016684874892234802, MAX: 0.3185604512691498
RMS: 0.01599479466676712, MAX: 0.2736600935459137
RMS: 0.008914773352444172, MAX: 0.1654053032398224
RMS: 0.011180324479937553, MAX: 0.20759133994579315
RMS: 0.012118021957576275, MAX: 0.12944452464580536
RMS: 0.008723685517907143, MAX: 0.08510389924049377
RMS: 0.0043193260207772255, MAX: 0.02265325002372265
RMS: 0.009466618299484253, MAX: 0.06501735001802444
RMS: 0.012528779916465282, MAX: 0.10428337752819061
RMS: 0.008948419243097305, MAX: 0.08590368181467056
RMS: 0.008726751431822777, MAX: 0.0829118937253952
RMS: 0.004738267976790667, MAX: 0.029988335445523262
RMS: 0.002952350303530693, MAX: 0.017086736857891083
RMS: 0.004162865690886974, MAX: 0.025342097505927086
RMS: 0.0049063945189118385, MAX: 0.04839634522795677
RMS: 0.005117400083690882, MAX: 0.05965534597635269
RMS: 0.003572907531633973, MAX: 0.015928026288747787
RMS: 0.0026688636280596256, MAX: 0.011092855595052242
RMS: 0.004110410809516907, MAX: 0.02028023824095726
RMS: 0.003277893178164959, MAX: 0.01672724448144436
RMS: 0.0034268649760633707, MAX: 0.019304193556308746
RMS: 0.0024485064204782248, MAX: 0.01473958045244217
RMS: 0.0022479884792119265, MAX: 0.014281840063631535
RMS: 0.0033649976830929518, MAX: 0.028223350644111633
RMS: 0.0028077999595552683, MAX: 0.01282554678618908
RMS: 0.0028573954477906227, MAX: 0.03541450574994087
RMS: 0.0028120181523263454, MAX: 0.02144806645810604
RMS: 0.001239974983036518, MAX: 0.00688839890062809
RMS: 0.002202623290941119, MAX: 0.024488667026162148
RMS: 0.0014519705437123775, MAX: 0.007814005948603153
RMS: 0.0021083822939544916, MAX: 0.013407749123871326
RMS: 0.0008300615008920431, MAX: 0.004448732361197472
Optimization converged!
Eigenvector following terminated normally.
[ 0.        +5.17095452e+02j  0.        +1.50672786e+00j
  0.        +1.30219636e+00j  0.        +1.15670571e+00j
  0.        +8.88645824e-01j  0.        +5.35458884e-01j
  0.        +3.91840258e-01j  8.21625093+0.00000000e+00j
 13.19709105+0.00000000e+00j 15.86607382+0.00000000e+00j
 20.46394617+0.00000000e+00j 23.86512967+0.00000000e+00j
 31.75419796+0.00000000e+00j 38.46970031+0.00000000e+00j
 43.37114348+0.00000000e+00j 49.51871514+0.00000000e+00j
 58.44717074+0.00000000e+00j 70.28156409+0.00000000e+00j
 70.97797198+0.00000000e+00j 72.87338346+0.00000000e+00j]
Flipping all imaginary frequencies except the lowest one
Entropy components at T = 298.15 K and P = 101325.0 Pa:
=================================================
                           S               T*S
S_trans (1 bar)    0.0019505 eV/K        0.582 eV
S_rot              0.0016647 eV/K        0.496 eV
S_elec             0.0000000 eV/K        0.000 eV
S_vib              0.0060037 eV/K        1.790 eV
S (1 bar -> P)    -0.0000011 eV/K       -0.000 eV
-------------------------------------------------
S                  0.0096177 eV/K        2.868 eV
=================================================
Enthalpy components at T = 298.15 K:
===============================
E_pot                 -2.618 eV
E_ZPE                  9.129 eV
Cv_trans (0->T)        0.039 eV
Cv_rot (0->T)          0.039 eV
Cv_vib (0->T)          0.806 eV
(C_v -> C_p)           0.026 eV
-------------------------------
H                      7.420 eV
===============================
