[ 0.        +4.62480538e+02j  0.        +1.62659989e+00j
  0.        +8.09450085e-01j  0.        +5.99748461e-01j
  0.        +5.62602273e-01j  0.        +3.19114993e-01j
  1.07580829+0.00000000e+00j 15.40311423+0.00000000e+00j
 22.27524886+0.00000000e+00j 26.25055697+0.00000000e+00j
 29.57895988+0.00000000e+00j 37.20041812+0.00000000e+00j
 39.9861101 +0.00000000e+00j 47.46173952+0.00000000e+00j
 54.76805767+0.00000000e+00j 57.54419414+0.00000000e+00j
 62.01875378+0.00000000e+00j 63.68444645+0.00000000e+00j
 76.76057956+0.00000000e+00j 78.71175598+0.00000000e+00j]
Entropy components at T = 298.15 K and P = 101325.0 Pa:
=================================================
                           S               T*S
S_trans (1 bar)    0.0019477 eV/K        0.581 eV
S_rot              0.0016645 eV/K        0.496 eV
S_elec             0.0000000 eV/K        0.000 eV
S_vib              0.0067929 eV/K        2.025 eV
S (1 bar -> P)    -0.0000011 eV/K       -0.000 eV
-------------------------------------------------
S                  0.0104039 eV/K        3.102 eV
=================================================
Enthalpy components at T = 298.15 K:
===============================
E_pot                 -2.494 eV
E_ZPE                 17.412 eV
Cv_trans (0->T)        0.039 eV
Cv_rot (0->T)          0.039 eV
Cv_vib (0->T)          0.977 eV
(C_v -> C_p)           0.026 eV
-------------------------------
H                     15.997 eV
===============================
Generating initial displacements from TS... 
Generated displacements!
Generating forward IRC path
IRC converged after 31 steps!
Generating backward IRC path
IRC converged after 14 steps!
IRC saved to ./irc.pickle
Neural IRC terminated normally.
