You need to install the group's fork of aRMSD and put it in your path https://github.mit.edu/MLMat/aRMSD
[ 0.        +455.93413718j  0.          +3.39197906j
  0.          +1.94238863j  0.          +1.54701027j
  0.          +0.67402788j  1.66897613  +0.j
  2.60930518  +0.j         13.90491863  +0.j
 19.54473086  +0.j         22.55618057  +0.j
 29.13071515  +0.j         39.04132567  +0.j
 39.99148555  +0.j         45.99439708  +0.j
 47.05675129  +0.j         54.95402909  +0.j
 58.91513123  +0.j         64.2492125   +0.j
 65.45792167  +0.j         78.59514905  +0.j        ]
Entropy components at T = 298.15 K and P = 101325.0 Pa:
=================================================
                           S               T*S
S_trans (1 bar)    0.0019477 eV/K        0.581 eV
S_rot              0.0016627 eV/K        0.496 eV
S_elec             0.0000000 eV/K        0.000 eV
S_vib              0.0067715 eV/K        2.019 eV
S (1 bar -> P)    -0.0000011 eV/K       -0.000 eV
-------------------------------------------------
S                  0.0103808 eV/K        3.095 eV
=================================================
Enthalpy components at T = 298.15 K:
===============================
E_pot                 -2.511 eV
E_ZPE                 17.456 eV
Cv_trans (0->T)        0.039 eV
Cv_rot (0->T)          0.039 eV
Cv_vib (0->T)          0.965 eV
(C_v -> C_p)           0.026 eV
-------------------------------
H                     16.013 eV
===============================
RMS: 0.006069615483283997, MAX: 0.2569557726383209
RMS: 0.003627080237492919, MAX: 0.13991650938987732
RMS: 0.00283088069409132, MAX: 0.056250546127557755
RMS: 0.0036109797656536102, MAX: 0.03809148073196411
RMS: 0.005639885552227497, MAX: 0.0906907245516777
RMS: 0.005004961509257555, MAX: 0.09755048155784607
RMS: 0.0033935047686100006, MAX: 0.060715705156326294
RMS: 0.0023334906436502934, MAX: 0.0410044863820076
RMS: 0.0018770365277305245, MAX: 0.01539135817438364
RMS: 0.002549655269831419, MAX: 0.05403955280780792
RMS: 0.0019710592459887266, MAX: 0.03497228026390076
RMS: 0.0017347763059660792, MAX: 0.017331698909401894
RMS: 0.0016809129156172276, MAX: 0.014721053652465343
RMS: 0.0016762488521635532, MAX: 0.025446955114603043
RMS: 0.0013845262583345175, MAX: 0.021156223490834236
RMS: 0.0012674749596044421, MAX: 0.019926590844988823
RMS: 0.000747346319258213, MAX: 0.008590121753513813
RMS: 0.0015854161465540528, MAX: 0.031112203374505043
RMS: 0.0009164991788566113, MAX: 0.016402900218963623
RMS: 0.0013545521069318056, MAX: 0.030886210501194
RMS: 0.0006531476974487305, MAX: 0.008613687939941883
RMS: 0.0017071680631488562, MAX: 0.04186580330133438
RMS: 0.0013274196535348892, MAX: 0.0334143228828907
RMS: 0.0007985957781784236, MAX: 0.013704456388950348
RMS: 0.0014806684339419007, MAX: 0.035935647785663605
RMS: 0.0017827273113653064, MAX: 0.03105330839753151
RMS: 0.0015657084295526147, MAX: 0.01870197430253029
RMS: 0.0008032030309550464, MAX: 0.011006219312548637
RMS: 0.0012288674479350448, MAX: 0.007923868484795094
RMS: 0.0005826012929901481, MAX: 0.006093109957873821
RMS: 0.0006002116715535522, MAX: 0.005129057914018631
RMS: 0.0005109842750243843, MAX: 0.008021766319870949
RMS: 0.0004347733920440078, MAX: 0.004152159672230482
Optimization converged!
Eigenvector following terminated normally.
[ 0.        +460.53882436j  0.          +3.18167964j
  0.          +1.9389151j   0.          +1.70837762j
  0.          +1.27695012j  0.          +0.89738312j
  0.          +0.65923769j 18.54480291  +0.j
 18.74145945  +0.j         25.57079153  +0.j
 29.89359126  +0.j         35.73093016  +0.j
 43.57490812  +0.j         45.48720777  +0.j
 47.63840976  +0.j         54.16320079  +0.j
 58.93169524  +0.j         63.84717401  +0.j
 67.30118755  +0.j         79.63459609  +0.j        ]
Flipping all imaginary frequencies except the lowest one
Entropy components at T = 298.15 K and P = 101325.0 Pa:
=================================================
                           S               T*S
S_trans (1 bar)    0.0019477 eV/K        0.581 eV
S_rot              0.0016630 eV/K        0.496 eV
S_elec             0.0000000 eV/K        0.000 eV
S_vib              0.0067411 eV/K        2.010 eV
S (1 bar -> P)    -0.0000011 eV/K       -0.000 eV
-------------------------------------------------
S                  0.0103507 eV/K        3.086 eV
=================================================
Enthalpy components at T = 298.15 K:
===============================
E_pot                 -2.511 eV
E_ZPE                 17.455 eV
Cv_trans (0->T)        0.039 eV
Cv_rot (0->T)          0.039 eV
Cv_vib (0->T)          0.965 eV
(C_v -> C_p)           0.026 eV
-------------------------------
H                     16.011 eV
===============================
