You need to install the group's fork of aRMSD and put it in your path https://github.mit.edu/MLMat/aRMSD
[ 0.        +9.23774921e+02j  0.        +5.70807848e+00j
  0.        +1.35589142e+00j  0.        +1.04011377e+00j
  0.        +4.46073718e-01j  7.13363973+0.00000000e+00j
  7.6068744 +0.00000000e+00j 16.09585839+0.00000000e+00j
 18.1302621 +0.00000000e+00j 22.92410893+0.00000000e+00j
 27.01277606+0.00000000e+00j 33.03313502+0.00000000e+00j
 42.53548591+0.00000000e+00j 48.77813322+0.00000000e+00j
 51.9524366 +0.00000000e+00j 57.84120329+0.00000000e+00j
 65.15268621+0.00000000e+00j 71.87236935+0.00000000e+00j
 83.65206902+0.00000000e+00j 99.48541753+0.00000000e+00j]
Entropy components at T = 298.15 K and P = 101325.0 Pa:
=================================================
                           S               T*S
S_trans (1 bar)    0.0019301 eV/K        0.575 eV
S_rot              0.0016328 eV/K        0.487 eV
S_elec             0.0000000 eV/K        0.000 eV
S_vib              0.0057152 eV/K        1.704 eV
S (1 bar -> P)    -0.0000011 eV/K       -0.000 eV
-------------------------------------------------
S                  0.0092769 eV/K        2.766 eV
=================================================
Enthalpy components at T = 298.15 K:
===============================
E_pot                 -4.967 eV
E_ZPE                 15.307 eV
Cv_trans (0->T)        0.039 eV
Cv_rot (0->T)          0.039 eV
Cv_vib (0->T)          0.809 eV
(C_v -> C_p)           0.026 eV
-------------------------------
H                     11.252 eV
===============================
RMS: 0.07922622561454773, MAX: 2.1479084491729736
RMS: 0.018573887646198273, MAX: 0.44503703713417053
RMS: 0.01107186358422041, MAX: 0.26866036653518677
RMS: 0.008134834468364716, MAX: 0.13557323813438416
RMS: 0.006800671573728323, MAX: 0.1164231076836586
RMS: 0.005021630320698023, MAX: 0.04595736041665077
RMS: 0.004961674101650715, MAX: 0.061474498361349106
RMS: 0.0077848611399531364, MAX: 0.1159682422876358
RMS: 0.01026122272014618, MAX: 0.1802174299955368
RMS: 0.011888883076608181, MAX: 0.22300715744495392
RMS: 0.012044553644955158, MAX: 0.22864961624145508
RMS: 0.010071611031889915, MAX: 0.18624185025691986
RMS: 0.006919995881617069, MAX: 0.13746808469295502
RMS: 0.0070404247380793095, MAX: 0.13847406208515167
RMS: 0.00663029495626688, MAX: 0.09929078817367554
RMS: 0.004677671007812023, MAX: 0.04995301738381386
RMS: 0.004210425075143576, MAX: 0.05660902336239815
RMS: 0.005392513703554869, MAX: 0.08672371506690979
RMS: 0.006127241067588329, MAX: 0.116930291056633
RMS: 0.006580502726137638, MAX: 0.13051125407218933
RMS: 0.00614418787881732, MAX: 0.11830509454011917
RMS: 0.0056502483785152435, MAX: 0.10650990903377533
RMS: 0.0055016628466546535, MAX: 0.05139410123229027
RMS: 0.003677841741591692, MAX: 0.03515833616256714
RMS: 0.0030756236519664526, MAX: 0.01928921975195408
RMS: 0.0016611618921160698, MAX: 0.010725500993430614
RMS: 0.00242701661773026, MAX: 0.019915256649255753
RMS: 0.0014876583591103554, MAX: 0.021425917744636536
RMS: 0.001245747902430594, MAX: 0.011004950851202011
RMS: 0.001192443072795868, MAX: 0.012141503393650055
RMS: 0.001827387954108417, MAX: 0.026868999004364014
RMS: 0.0014705052599310875, MAX: 0.02250400371849537
RMS: 0.00201765657402575, MAX: 0.031262606382369995
RMS: 0.0010815769201144576, MAX: 0.008457623422145844
RMS: 0.0022739931009709835, MAX: 0.026680970564484596
RMS: 0.002166794380173087, MAX: 0.021439744159579277
RMS: 0.0028705596923828125, MAX: 0.034842874854803085
RMS: 0.00421787379309535, MAX: 0.04766547307372093
RMS: 0.0027592447586357594, MAX: 0.0226787980645895
RMS: 0.0034249925520271063, MAX: 0.050904326140880585
RMS: 0.0013777832500636578, MAX: 0.02252499759197235
RMS: 0.003255128860473633, MAX: 0.03459321707487106
RMS: 0.0011951846536248922, MAX: 0.012870565988123417
RMS: 0.0034179699141532183, MAX: 0.037820711731910706
RMS: 0.0018983506597578526, MAX: 0.023984132334589958
RMS: 0.003092738799750805, MAX: 0.03663047030568123
RMS: 0.0036657487507909536, MAX: 0.05372690036892891
RMS: 0.0038198267575353384, MAX: 0.046404387801885605
RMS: 0.003997172694653273, MAX: 0.05668520927429199
RMS: 0.0035886489786207676, MAX: 0.04554225131869316
RMS: 0.002503924071788788, MAX: 0.032270655035972595
RMS: 0.003125373739749193, MAX: 0.0305323489010334
RMS: 0.003927687648683786, MAX: 0.04036014899611473
RMS: 0.0016805772902444005, MAX: 0.01628592051565647
RMS: 0.003715523285791278, MAX: 0.03504045307636261
RMS: 0.0013872897252440453, MAX: 0.011493508704006672
RMS: 0.0010109927970916033, MAX: 0.006653879303485155
RMS: 0.0006636151229031384, MAX: 0.006242881063371897
RMS: 0.0010957360500469804, MAX: 0.009174419566988945
RMS: 0.0024707226548343897, MAX: 0.02314244583249092
RMS: 0.0016878804890438914, MAX: 0.01594194769859314
RMS: 0.0029472385067492723, MAX: 0.027724534273147583
RMS: 0.0012181623606011271, MAX: 0.011903686448931694
RMS: 0.0013139013899490237, MAX: 0.008016644977033138
RMS: 0.0013464238727465272, MAX: 0.014617727138102055
RMS: 0.0014722918858751655, MAX: 0.014054380357265472
RMS: 0.0006865437608212233, MAX: 0.007738123647868633
RMS: 0.0010741061996668577, MAX: 0.00713009899482131
RMS: 0.0009053288376890123, MAX: 0.007595658767968416
RMS: 0.001587299513630569, MAX: 0.012802504934370518
RMS: 0.0008026608265936375, MAX: 0.007367698475718498
RMS: 0.0014600094873458147, MAX: 0.012060984037816525
RMS: 0.0021195816807448864, MAX: 0.014501203782856464
RMS: 0.0008658891310915351, MAX: 0.004281284753233194
Optimization converged!
Eigenvector following terminated normally.
[  0.        +7.46400317e+02j   0.        +2.47174197e+00j
   0.        +1.64811343e+00j   0.        +1.51617254e+00j
   0.        +9.71901943e-01j   0.        +5.47309400e-01j
   0.        +3.25165649e-01j  12.91911536+0.00000000e+00j
  17.62450611+0.00000000e+00j  21.59638854+0.00000000e+00j
  24.1824286 +0.00000000e+00j  31.61126343+0.00000000e+00j
  37.40819047+0.00000000e+00j  45.24028616+0.00000000e+00j
  51.01448978+0.00000000e+00j  56.28772544+0.00000000e+00j
  59.01604516+0.00000000e+00j  69.55215431+0.00000000e+00j
  81.97791627+0.00000000e+00j 100.09337756+0.00000000e+00j]
Flipping all imaginary frequencies except the lowest one
Entropy components at T = 298.15 K and P = 101325.0 Pa:
=================================================
                           S               T*S
S_trans (1 bar)    0.0019301 eV/K        0.575 eV
S_rot              0.0016333 eV/K        0.487 eV
S_elec             0.0000000 eV/K        0.000 eV
S_vib              0.0057770 eV/K        1.722 eV
S (1 bar -> P)    -0.0000011 eV/K       -0.000 eV
-------------------------------------------------
S                  0.0093393 eV/K        2.785 eV
=================================================
Enthalpy components at T = 298.15 K:
===============================
E_pot                 -5.062 eV
E_ZPE                 15.320 eV
Cv_trans (0->T)        0.039 eV
Cv_rot (0->T)          0.039 eV
Cv_vib (0->T)          0.810 eV
(C_v -> C_p)           0.026 eV
-------------------------------
H                     11.170 eV
===============================
