Optimizing input structure...
      Step     Time          Energy         fmax
BFGS:    0 13:15:18        1.940974        4.2757
BFGS:    1 13:15:18        0.733849        3.6371
BFGS:    2 13:15:18        0.447023        3.2177
BFGS:    3 13:15:18        0.297612        1.5050
BFGS:    4 13:15:18        0.191215        1.8201
BFGS:    5 13:15:18        0.083037        0.6688
BFGS:    6 13:15:18        0.011700        0.4645
BFGS:    7 13:15:18       -0.021110        0.8219
BFGS:    8 13:15:19       -0.059774        0.4452
BFGS:    9 13:15:19       -0.085163        0.3869
BFGS:   10 13:15:19       -0.104057        0.3388
BFGS:   11 13:15:19       -0.128032        0.4785
BFGS:   12 13:15:19       -0.156313        0.3222
BFGS:   13 13:15:19       -0.179743        0.3083
BFGS:   14 13:15:19       -0.208111        0.4115
BFGS:   15 13:15:19       -0.240358        0.5453
BFGS:   16 13:15:19       -0.274270        0.4247
BFGS:   17 13:15:19       -0.307414        0.4034
BFGS:   18 13:15:19       -0.338219        0.3787
BFGS:   19 13:15:19       -0.370351        0.4180
BFGS:   20 13:15:19       -0.410029        0.4100
BFGS:   21 13:15:20       -0.434656        2.6731
BFGS:   22 13:15:20       -0.409270        2.4050
BFGS:   23 13:15:20       -0.487738        0.7958
BFGS:   24 13:15:20       -0.528030        0.9283
BFGS:   25 13:15:20        0.307594        4.5405
BFGS:   26 13:15:20       -0.460182        2.1287
BFGS:   27 13:15:20       -0.590659        1.5056
BFGS:   28 13:15:20       -0.633725        1.4808
BFGS:   29 13:15:20       -0.602067        2.2882
BFGS:   30 13:15:20       -0.686669        1.8835
BFGS:   31 13:15:20       -0.692522        1.6048
BFGS:   32 13:15:20       -0.720177        1.4534
BFGS:   33 13:15:21       -0.638214        5.4284
BFGS:   34 13:15:21       -0.647877        3.0995
BFGS:   35 13:15:21       -0.724833        1.5776
BFGS:   36 13:15:21       -0.749621        1.2416
BFGS:   37 13:15:21       -0.773517        0.6944
BFGS:   38 13:15:21       -0.778611        2.4694
BFGS:   39 13:15:21       -0.771779        1.0890
BFGS:   40 13:15:21       -0.801619        1.8416
BFGS:   41 13:15:21       -0.811537        1.5794
BFGS:   42 13:15:21       -0.821724        0.3486
BFGS:   43 13:15:22       -0.837620        0.6257
BFGS:   44 13:15:22       -0.855259        1.2693
BFGS:   45 13:15:22       -0.867927        1.2172
BFGS:   46 13:15:22       -0.884156        0.7529
BFGS:   47 13:15:22       -0.905379        0.7866
BFGS:   48 13:15:22       -0.914587        0.4845
BFGS:   49 13:15:22       -0.924714        0.7196
BFGS:   50 13:15:22       -0.937366        0.4746
BFGS:   51 13:15:22       -0.949460        0.2779
BFGS:   52 13:15:22       -0.958672        0.4864
BFGS:   53 13:15:22       -0.967277        0.4959
BFGS:   54 13:15:23       -0.976476        0.2865
BFGS:   55 13:15:23       -0.985844        0.2839
BFGS:   56 13:15:23       -0.996187        0.4269
BFGS:   57 13:15:23       -1.006911        0.4246
BFGS:   58 13:15:23       -1.015746        0.2780
BFGS:   59 13:15:23       -1.022464        0.1766
BFGS:   60 13:15:23       -1.028465        0.3477
BFGS:   61 13:15:23       -1.034807        0.4419
BFGS:   62 13:15:23       -1.041117        0.2444
BFGS:   63 13:15:23       -1.046536        0.1230
BFGS:   64 13:15:23       -1.051156        0.2561
BFGS:   65 13:15:23       -1.055835        0.2208
BFGS:   66 13:15:23       -1.061070        0.2704
BFGS:   67 13:15:23       -1.066614        0.1689
BFGS:   68 13:15:24       -1.071722        0.1629
BFGS:   69 13:15:24       -1.076794        0.3195
BFGS:   70 13:15:24       -1.081410        0.1298
BFGS:   71 13:15:24       -1.086338        0.1287
BFGS:   72 13:15:24       -1.091102        0.2005
BFGS:   73 13:15:24       -1.095501        0.3121
BFGS:   74 13:15:24       -1.099523        0.1929
BFGS:   75 13:15:24       -1.104177        0.1435
BFGS:   76 13:15:24       -1.108846        0.3696
BFGS:   77 13:15:24       -1.112781        0.2977
BFGS:   78 13:15:24       -1.116344        0.2239
BFGS:   79 13:15:24       -1.119391        0.1189
BFGS:   80 13:15:24       -1.122414        0.2645
BFGS:   81 13:15:24       -1.124826        0.2074
BFGS:   82 13:15:25       -1.126892        0.1400
BFGS:   83 13:15:25       -1.128935        0.0877
BFGS:   84 13:15:25       -1.131331        0.1454
BFGS:   85 13:15:25       -1.133628        0.1524
BFGS:   86 13:15:25       -1.135515        0.1216
BFGS:   87 13:15:25       -1.137108        0.0940
BFGS:   88 13:15:25       -1.138772        0.1470
BFGS:   89 13:15:25       -1.140548        0.1779
BFGS:   90 13:15:25       -1.142333        0.1174
BFGS:   91 13:15:25       -1.143882        0.0617
BFGS:   92 13:15:25       -1.145263        0.1061
BFGS:   93 13:15:26       -1.146634        0.1463
BFGS:   94 13:15:26       -1.148133        0.1738
BFGS:   95 13:15:26       -1.149728        0.1202
BFGS:   96 13:15:26       -1.151303        0.0746
BFGS:   97 13:15:26       -1.152854        0.0909
BFGS:   98 13:15:26       -1.154415        0.1211
BFGS:   99 13:15:26       -1.155921        0.1141
BFGS:  100 13:15:27       -1.157319        0.0759
BFGS:  101 13:15:27       -1.158646        0.1189
BFGS:  102 13:15:27       -1.160003        0.1460
BFGS:  103 13:15:27       -1.161367        0.1233
BFGS:  104 13:15:27       -1.162687        0.0991
BFGS:  105 13:15:27       -1.163980        0.1172
BFGS:  106 13:15:27       -1.165316        0.1405
BFGS:  107 13:15:27       -1.166649        0.1367
BFGS:  108 13:15:27       -1.167811        0.0837
BFGS:  109 13:15:27       -1.168712        0.0639
BFGS:  110 13:15:27       -1.169436        0.0921
BFGS:  111 13:15:28       -1.170063        0.0786
BFGS:  112 13:15:28       -1.170674        0.0513
BFGS:  113 13:15:28       -1.171363        0.0553
BFGS:  114 13:15:28       -1.172212        0.1100
BFGS:  115 13:15:28       -1.173161        0.1414
BFGS:  116 13:15:28       -1.173993        0.0923
BFGS:  117 13:15:28       -1.174567        0.0473
Optimization complete!
Performing a relaxed scan over 20 steps...
      Step     Time          Energy         fmax
BFGS:    0 13:15:28       -1.038029        2.5911
BFGS:    1 13:15:28       -1.050429        6.9729
BFGS:    2 13:15:28       -1.052435        3.5851
BFGS:    3 13:15:29       -1.049861        1.5037
BFGS:    4 13:15:29       -1.079122        1.0336
BFGS:    5 13:15:29       -1.095428        1.0770
BFGS:    6 13:15:29       -1.113889        1.0553
BFGS:    7 13:15:29       -1.118100        0.5703
BFGS:    8 13:15:29       -1.124159        0.3735
BFGS:    9 13:15:29       -1.134394        0.3289
BFGS:   10 13:15:29       -1.140481        0.3793
BFGS:   11 13:15:29       -1.145229        0.3160
BFGS:   12 13:15:29       -1.149464        0.1894
BFGS:   13 13:15:30       -1.151755        0.1462
BFGS:   14 13:15:30       -1.153187        0.1621
BFGS:   15 13:15:30       -1.154822        0.1260
BFGS:   16 13:15:30       -1.156093        0.1023
BFGS:   17 13:15:30       -1.157572        0.1536
BFGS:   18 13:15:30       -1.159458        0.1501
BFGS:   19 13:15:30       -1.161379        0.1210
BFGS:   20 13:15:30       -1.163665        0.1012
BFGS:   21 13:15:30       -1.164860        0.1056
BFGS:   22 13:15:30       -1.165848        0.0848
BFGS:   23 13:15:30       -1.166164        0.0445
      Step     Time          Energy         fmax
BFGS:    0 13:15:31       -1.035952        2.9031
BFGS:    1 13:15:31       -1.104477        5.8381
BFGS:    2 13:15:31       -1.116731        2.7266
BFGS:    3 13:15:31       -1.101738        1.9198
BFGS:    4 13:15:31       -1.134757        0.4252
BFGS:    5 13:15:31       -1.140438        0.2539
BFGS:    6 13:15:31       -1.142541        0.2478
BFGS:    7 13:15:31       -1.141815        0.1798
BFGS:    8 13:15:31       -1.143361        0.1569
BFGS:    9 13:15:31       -1.145280        0.1076
BFGS:   10 13:15:32       -1.146451        0.1055
BFGS:   11 13:15:32       -1.146891        0.0655
BFGS:   12 13:15:32       -1.147684        0.0718
BFGS:   13 13:15:32       -1.148331        0.1021
BFGS:   14 13:15:32       -1.148668        0.0995
BFGS:   15 13:15:32       -1.149403        0.0833
BFGS:   16 13:15:32       -1.150119        0.0791
BFGS:   17 13:15:32       -1.151089        0.1014
BFGS:   18 13:15:32       -1.152187        0.1285
BFGS:   19 13:15:32       -1.153265        0.1169
BFGS:   20 13:15:33       -1.154534        0.0944
BFGS:   21 13:15:33       -1.155498        0.0949
BFGS:   22 13:15:33       -1.156493        0.0888
BFGS:   23 13:15:33       -1.157334        0.0625
BFGS:   24 13:15:33       -1.158107        0.0669
BFGS:   25 13:15:33       -1.158831        0.0503
BFGS:   26 13:15:33       -1.159578        0.0637
BFGS:   27 13:15:33       -1.160203        0.0661
BFGS:   28 13:15:34       -1.160711        0.0503
BFGS:   29 13:15:34       -1.160943        0.0335
      Step     Time          Energy         fmax
BFGS:    0 13:15:34       -0.995197        3.5020
BFGS:    1 13:15:34       -1.083800        8.3740
BFGS:    2 13:15:34       -1.099395        2.5004
BFGS:    3 13:15:34       -1.072963        2.3293
BFGS:    4 13:15:34       -1.122484        0.4322
BFGS:    5 13:15:34       -1.127868        0.2183
BFGS:    6 13:15:35       -1.129983        0.1831
BFGS:    7 13:15:35       -1.129545        0.1232
BFGS:    8 13:15:35       -1.130533        0.1153
BFGS:    9 13:15:35       -1.131478        0.0778
BFGS:   10 13:15:35       -1.132536        0.0591
BFGS:   11 13:15:35       -1.133560        0.0471
      Step     Time          Energy         fmax
BFGS:    0 13:15:35       -0.893231        4.0926
BFGS:    1 13:15:35       -1.042343        8.3902
BFGS:    2 13:15:35       -1.042295        3.3644
BFGS:    3 13:15:35       -0.995701        2.7979
BFGS:    4 13:15:36       -1.065542        0.4968
BFGS:    5 13:15:36       -1.072494        0.2930
BFGS:    6 13:15:36       -1.074542        0.3473
BFGS:    7 13:15:36       -1.067499        1.3912
BFGS:    8 13:15:36       -1.076808        0.5111
BFGS:    9 13:15:36       -1.079602        0.5614
BFGS:   10 13:15:36       -0.986359        2.2995
BFGS:   11 13:15:36       -1.074302        1.5830
BFGS:   12 13:15:36       -1.060821        1.6520
BFGS:   13 13:15:36       -1.080690        0.3881
BFGS:   14 13:15:37       -1.082923        0.6564
BFGS:   15 13:15:37       -0.857345        2.9833
BFGS:   16 13:15:37       -1.072309        1.6969
BFGS:   17 13:15:37       -1.046206        3.1205
BFGS:   18 13:15:37       -1.085653        0.4970
BFGS:   19 13:15:37       -1.085220        0.5198
BFGS:   20 13:15:37       -0.868020        2.8533
BFGS:   21 13:15:37       -1.081846        1.3455
BFGS:   22 13:15:37       -1.083562        1.8198
BFGS:   23 13:15:37       -1.086715        0.5095
BFGS:   24 13:15:37       -1.087647        0.5680
BFGS:   25 13:15:38       -0.768529        3.5508
BFGS:   26 13:15:38       -1.067197        1.9505
BFGS:   27 13:15:38       -1.044415        4.1200
BFGS:   28 13:15:38       -1.088750        0.5151
BFGS:   29 13:15:38       -1.087642        0.6047
BFGS:   30 13:15:38       -0.834820        2.8503
BFGS:   31 13:15:38       -1.078568        1.7222
BFGS:   32 13:15:38       -1.061632        3.6443
BFGS:   33 13:15:39       -1.089068        0.5687
BFGS:   34 13:15:39       -1.088663        0.5341
BFGS:   35 13:15:39       -0.853280        2.8264
BFGS:   36 13:15:39       -1.078147        1.7886
BFGS:   37 13:15:39       -1.036362        4.4834
BFGS:   38 13:15:39       -1.089857        0.5681
BFGS:   39 13:15:39       -1.089550        0.5203
BFGS:   40 13:15:39       -0.873492        2.6360
BFGS:   41 13:15:40       -1.078819        1.7933
BFGS:   42 13:15:40       -1.017078        4.9212
BFGS:   43 13:15:40       -1.090604        0.5798
BFGS:   44 13:15:40       -1.090224        0.5203
BFGS:   45 13:15:40       -0.885696        2.5729
BFGS:   46 13:15:40       -1.078310        1.8200
BFGS:   47 13:15:40       -1.015534        4.9294
BFGS:   48 13:15:41       -1.091075        0.5843
BFGS:   49 13:15:41       -1.090915        0.5308
BFGS:   50 13:15:41       -0.893317        2.5009
BFGS:   51 13:15:41       -1.077302        1.8454
BFGS:   52 13:15:41       -1.021774        4.7696
BFGS:   53 13:15:41       -1.091377        0.5808
BFGS:   54 13:15:41       -1.091610        0.5430
BFGS:   55 13:15:42       -0.899886        2.4489
BFGS:   56 13:15:42       -1.075820        1.8672
BFGS:   57 13:15:42       -1.026657        4.6237
BFGS:   58 13:15:42       -1.091698        0.5765
BFGS:   59 13:15:42       -1.092273        0.5606
BFGS:   60 13:15:42       -0.903670        2.3871
BFGS:   61 13:15:42       -1.073973        1.8894
BFGS:   62 13:15:42       -1.031822        4.5131
BFGS:   63 13:15:43       -1.091984        0.5663
BFGS:   64 13:15:43       -1.092976        0.5805
BFGS:   65 13:15:43       -0.906402        2.3721
BFGS:   66 13:15:43       -1.071579        1.9182
BFGS:   67 13:15:43       -1.036391        4.4099
BFGS:   68 13:15:43       -1.092310        0.5590
BFGS:   69 13:15:43       -1.093702        0.6055
BFGS:   70 13:15:43       -0.887888        2.5460
BFGS:   71 13:15:44       -1.069895        1.9175
BFGS:   72 13:15:44       -1.021579        4.7084
BFGS:   73 13:15:44       -1.092368        0.5926
BFGS:   74 13:15:44       -1.093437        0.5959
BFGS:   75 13:15:44       -1.021748        2.7852
BFGS:   76 13:15:44       -1.094386        0.6190
BFGS:   77 13:15:44       -1.094773        0.6690
BFGS:   78 13:15:44       -1.096550        0.3456
BFGS:   79 13:15:45       -1.096359        0.3695
BFGS:   80 13:15:45       -1.097006        0.2332
BFGS:   81 13:15:45       -1.097536        0.0934
BFGS:   82 13:15:45       -1.097654        0.1195
BFGS:   83 13:15:45       -1.097697        0.1595
BFGS:   84 13:15:45       -1.098047        0.1732
BFGS:   85 13:15:45       -1.098971        0.1669
BFGS:   86 13:15:45       -1.101186        0.1360
BFGS:   87 13:15:46       -1.102653        0.1264
BFGS:   88 13:15:46       -1.104103        0.1090
BFGS:   89 13:15:46       -1.105308        0.0925
BFGS:   90 13:15:46       -1.106565        0.1181
BFGS:   91 13:15:46       -1.107869        0.1245
BFGS:   92 13:15:46       -1.109036        0.0882
BFGS:   93 13:15:46       -1.110262        0.1033
BFGS:   94 13:15:46       -1.111574        0.1076
BFGS:   95 13:15:47       -1.113130        0.0996
BFGS:   96 13:15:47       -1.114490        0.0928
BFGS:   97 13:15:47       -1.115523        0.0813
BFGS:   98 13:15:47       -1.116290        0.0620
BFGS:   99 13:15:47       -1.116767        0.0733
BFGS:  100 13:15:47       -1.117264        0.0851
BFGS:  101 13:15:47       -1.117749        0.0888
BFGS:  102 13:15:47       -1.118373        0.1264
BFGS:  103 13:15:48       -1.118700        0.0688
BFGS:  104 13:15:48       -1.119008        0.0924
BFGS:  105 13:15:48       -1.119143        0.3747
BFGS:  106 13:15:48       -1.119652        0.2698
BFGS:  107 13:15:48       -1.120406        0.0787
BFGS:  108 13:15:48       -1.121655        0.1198
BFGS:  109 13:15:48       -1.122419        0.1009
BFGS:  110 13:15:48       -1.123603        0.0782
BFGS:  111 13:15:48       -1.124524        0.1261
BFGS:  112 13:15:49       -1.125340        0.1369
BFGS:  113 13:15:49       -1.125918        0.0772
BFGS:  114 13:15:49       -1.126481        0.0862
BFGS:  115 13:15:49       -1.126952        0.0864
BFGS:  116 13:15:49       -1.127509        0.0607
BFGS:  117 13:15:49       -1.128049        0.0517
BFGS:  118 13:15:49       -1.128674        0.0881
BFGS:  119 13:15:49       -1.129310        0.0883
BFGS:  120 13:15:50       -1.129883        0.0806
BFGS:  121 13:15:50       -1.130395        0.0593
BFGS:  122 13:15:50       -1.130783        0.0866
BFGS:  123 13:15:50       -1.131354        0.1330
BFGS:  124 13:15:50       -1.131948        0.0918
BFGS:  125 13:15:50       -1.132725        0.0494
      Step     Time          Energy         fmax
BFGS:    0 13:15:50       -0.863092        3.5756
BFGS:    1 13:15:50       -0.963465       12.7690
BFGS:    2 13:15:50       -1.042893        3.0403
BFGS:    3 13:15:50       -0.894234        3.8543
BFGS:    4 13:15:51       -1.054951        2.4833
BFGS:    5 13:15:51       -1.020753        0.7971
BFGS:    6 13:15:51       -1.027849        0.3588
BFGS:    7 13:15:51       -1.035261        0.1822
BFGS:    8 13:15:51       -1.037814        0.2195
BFGS:    9 13:15:51       -1.035985        0.1808
BFGS:   10 13:15:51       -1.033412        0.2017
BFGS:   11 13:15:52       -1.034191        0.1142
BFGS:   12 13:15:52       -1.036256        0.0988
BFGS:   13 13:15:52       -1.038345        0.1380
BFGS:   14 13:15:52       -1.039568        0.1446
BFGS:   15 13:15:52       -1.039256        0.0880
BFGS:   16 13:15:52       -1.038010        0.0717
BFGS:   17 13:15:52       -1.037095        0.1098
BFGS:   18 13:15:52       -1.036789        0.1254
BFGS:   19 13:15:52       -1.037416        0.0810
BFGS:   20 13:15:52       -1.038831        0.0650
BFGS:   21 13:15:52       -1.040139        0.0886
BFGS:   22 13:15:53       -1.041128        0.1083
BFGS:   23 13:15:53       -1.041289        0.0619
BFGS:   24 13:15:53       -1.040992        0.0405
      Step     Time          Energy         fmax
BFGS:    0 13:15:53       -0.775122        3.8226
BFGS:    1 13:15:53       -0.996679        7.7762
BFGS:    2 13:15:53       -0.964834        2.3723
BFGS:    3 13:15:53       -0.885496        2.5491
BFGS:    4 13:15:53       -0.959265        0.5438
BFGS:    5 13:15:54       -0.973358        0.2517
BFGS:    6 13:15:54       -0.974576        0.2166
BFGS:    7 13:15:54       -0.969919        0.1226
BFGS:    8 13:15:54       -0.970173        0.1113
BFGS:    9 13:15:54       -0.970327        0.0881
BFGS:   10 13:15:54       -0.972273        0.1014
BFGS:   11 13:15:55       -0.973350        0.0464
      Step     Time          Energy         fmax
BFGS:    0 13:15:55       -0.600684        4.5583
BFGS:    1 13:15:55       -0.898498        9.2451
BFGS:    2 13:15:55       -0.876523        3.2966
BFGS:    3 13:15:55       -0.788845        2.4394
BFGS:    4 13:15:55       -0.860476        0.6557
BFGS:    5 13:15:56       -0.880610        0.3346
BFGS:    6 13:15:56       -0.877938        0.2645
BFGS:    7 13:15:56       -0.870553        0.1489
BFGS:    8 13:15:56       -0.871737        0.1588
BFGS:    9 13:15:56       -0.873455        0.1339
BFGS:   10 13:15:56       -0.875585        0.1277
BFGS:   11 13:15:57       -0.878810        0.0848
BFGS:   12 13:15:57       -0.880506        0.0721
BFGS:   13 13:15:57       -0.880379        0.1296
BFGS:   14 13:15:57       -0.880646        0.1182
BFGS:   15 13:15:58       -0.880000        0.0725
BFGS:   16 13:15:58       -0.880172        0.0678
BFGS:   17 13:15:58       -0.881134        0.0813
BFGS:   18 13:15:58       -0.881875        0.1120
BFGS:   19 13:15:58       -0.883043        0.1133
BFGS:   20 13:15:58       -0.883721        0.0855
BFGS:   21 13:15:59       -0.883928        0.0777
BFGS:   22 13:15:59       -0.884206        0.0772
BFGS:   23 13:15:59       -0.884358        0.0641
BFGS:   24 13:15:59       -0.885066        0.0734
BFGS:   25 13:15:59       -0.885727        0.0583
BFGS:   26 13:15:59       -0.886449        0.0746
BFGS:   27 13:16:00       -0.886511        0.0820
BFGS:   28 13:16:00       -0.886146        0.0741
BFGS:   29 13:16:00       -0.885414        0.0534
BFGS:   30 13:16:00       -0.885232        0.0520
BFGS:   31 13:16:00       -0.885360        0.0784
BFGS:   32 13:16:00       -0.886418        0.1057
BFGS:   33 13:16:00       -0.888202        0.1085
BFGS:   34 13:16:00       -0.890200        0.0740
BFGS:   35 13:16:01       -0.891613        0.0700
BFGS:   36 13:16:01       -0.892600        0.0819
BFGS:   37 13:16:01       -0.893301        0.0657
BFGS:   38 13:16:01       -0.893704        0.0632
BFGS:   39 13:16:01       -0.893818        0.0397
      Step     Time          Energy         fmax
BFGS:    0 13:16:01       -0.498850        4.6102
BFGS:    1 13:16:01       -0.824489        9.9920
BFGS:    2 13:16:01       -0.790593        3.2642
BFGS:    3 13:16:01       -0.695141        2.4603
BFGS:    4 13:16:01       -0.772382        0.6488
BFGS:    5 13:16:02       -0.795035        0.3384
BFGS:    6 13:16:02       -0.792303        0.2460
BFGS:    7 13:16:02       -0.783461        0.1383
BFGS:    8 13:16:02       -0.784623        0.1388
BFGS:    9 13:16:03       -0.786293        0.1023
BFGS:   10 13:16:03       -0.787614        0.1140
BFGS:   11 13:16:03       -0.789662        0.0621
BFGS:   12 13:16:03       -0.790878        0.0621
BFGS:   13 13:16:03       -0.790239        0.0992
BFGS:   14 13:16:04       -0.789971        0.0905
BFGS:   15 13:16:04       -0.789252        0.0523
BFGS:   16 13:16:04       -0.789234        0.0503
BFGS:   17 13:16:04       -0.789784        0.0499
      Step     Time          Energy         fmax
BFGS:    0 13:16:04       -0.311390        5.2034
BFGS:    1 13:16:04       -0.716199       10.8520
BFGS:    2 13:16:04       -0.671235        3.6794
BFGS:    3 13:16:04       -0.552675        2.7599
BFGS:    4 13:16:05       -0.647138        0.7134
BFGS:    5 13:16:07       -0.674695        0.3626
BFGS:    6 13:16:09       -0.670368        0.2604
BFGS:    7 13:16:10       -0.659282        0.1458
BFGS:    8 13:16:11       -0.661718        0.1305
BFGS:    9 13:16:12       -0.664232        0.0914
BFGS:   10 13:16:12       -0.664881        0.1070
BFGS:   11 13:16:13       -0.666495        0.0647
BFGS:   12 13:16:13       -0.667565        0.0752
BFGS:   13 13:16:14       -0.666541        0.1087
BFGS:   14 13:16:14       -0.666384        0.1066
BFGS:   15 13:16:14       -0.665592        0.0713
BFGS:   16 13:16:14       -0.665462        0.0564
BFGS:   17 13:16:14       -0.665881        0.0568
BFGS:   18 13:16:14       -0.666226        0.0829
BFGS:   19 13:16:14       -0.666802        0.0940
BFGS:   20 13:16:15       -0.667172        0.0835
BFGS:   21 13:16:15       -0.667436        0.0578
BFGS:   22 13:16:15       -0.667902        0.0647
BFGS:   23 13:16:15       -0.668343        0.0547
BFGS:   24 13:16:15       -0.669199        0.0584
BFGS:   25 13:16:15       -0.669837        0.0531
BFGS:   26 13:16:15       -0.670498        0.0737
BFGS:   27 13:16:15       -0.670183        0.0866
BFGS:   28 13:16:15       -0.669478        0.0887
BFGS:   29 13:16:16       -0.668178        0.0687
BFGS:   30 13:16:16       -0.667691        0.0605
BFGS:   31 13:16:16       -0.667784        0.0848
BFGS:   32 13:16:18       -0.668824        0.1272
BFGS:   33 13:16:20       -0.670904        0.1497
BFGS:   34 13:16:20       -0.673098        0.1257
BFGS:   35 13:16:21       -0.674973        0.0684
BFGS:   36 13:16:22       -0.676207        0.0901
BFGS:   37 13:16:22       -0.677322        0.0874
BFGS:   38 13:16:22       -0.678212        0.0942
BFGS:   39 13:16:23       -0.678807        0.0669
BFGS:   40 13:16:24       -0.679461        0.0541
BFGS:   41 13:16:24       -0.679903        0.0509
BFGS:   42 13:16:25       -0.680575        0.0525
BFGS:   43 13:16:25       -0.680833        0.0425
      Step     Time          Energy         fmax
BFGS:    0 13:16:25       -0.228904        4.6901
BFGS:    1 13:16:26       -0.625385       10.7184
BFGS:    2 13:16:26       -0.573951        2.7662
BFGS:    3 13:16:26       -0.468618        2.1027
BFGS:    4 13:16:26       -0.536547        0.7064
BFGS:    5 13:16:26       -0.566924        0.3754
BFGS:    6 13:16:26       -0.561429        0.2353
BFGS:    7 13:16:26       -0.550933        0.1317
BFGS:    8 13:16:27       -0.551266        0.1332
BFGS:    9 13:16:27       -0.552477        0.0934
BFGS:   10 13:16:27       -0.555160        0.1034
BFGS:   11 13:16:27       -0.557821        0.0601
BFGS:   12 13:16:27       -0.558948        0.0591
BFGS:   13 13:16:27       -0.558239        0.1010
BFGS:   14 13:16:27       -0.557534        0.0890
BFGS:   15 13:16:28       -0.556512        0.0492
      Step     Time          Energy         fmax
BFGS:    0 13:16:28       -0.025358        5.1725
BFGS:    1 13:16:28       -0.504882       11.3815
BFGS:    2 13:16:29       -0.437414        3.0781
BFGS:    3 13:16:30       -0.311313        2.2867
BFGS:    4 13:16:31       -0.391736        0.7691
BFGS:    5 13:16:32       -0.427579        0.4153
BFGS:    6 13:16:33       -0.419771        0.2535
BFGS:    7 13:16:34       -0.407441        0.1316
BFGS:    8 13:16:35       -0.408558        0.1285
BFGS:    9 13:16:35       -0.410122        0.0909
BFGS:   10 13:16:35       -0.412589        0.1015
BFGS:   11 13:16:36       -0.415158        0.0749
BFGS:   12 13:16:36       -0.416365        0.0620
BFGS:   13 13:16:36       -0.415532        0.1153
BFGS:   14 13:16:36       -0.414879        0.1045
BFGS:   15 13:16:36       -0.413551        0.0607
BFGS:   16 13:16:36       -0.413513        0.0477
      Step     Time          Energy         fmax
BFGS:    0 13:16:36        0.199969        5.6892
BFGS:    1 13:16:36       -0.366815       12.1184
BFGS:    2 13:16:36       -0.281465        3.2818
BFGS:    3 13:16:37       -0.140188        2.4598
BFGS:    4 13:16:37       -0.230673        0.8196
BFGS:    5 13:16:37       -0.272324        0.4503
BFGS:    6 13:16:37       -0.262628        0.2667
BFGS:    7 13:16:37       -0.248407        0.1347
BFGS:    8 13:16:37       -0.250493        0.1362
BFGS:    9 13:16:37       -0.252495        0.0908
BFGS:   10 13:16:37       -0.254669        0.0910
BFGS:   11 13:16:37       -0.256975        0.0821
BFGS:   12 13:16:37       -0.257931        0.0628
BFGS:   13 13:16:38       -0.256791        0.1228
BFGS:   14 13:16:38       -0.256169        0.1216
BFGS:   15 13:16:38       -0.254690        0.0844
BFGS:   16 13:16:38       -0.254540        0.0598
BFGS:   17 13:16:38       -0.255165        0.0621
BFGS:   18 13:16:38       -0.255893        0.0921
BFGS:   19 13:16:39       -0.256960        0.1051
BFGS:   20 13:16:39       -0.257435        0.0935
BFGS:   21 13:16:39       -0.257888        0.0678
BFGS:   22 13:16:39       -0.258020        0.0756
BFGS:   23 13:16:39       -0.258604        0.0685
BFGS:   24 13:16:39       -0.259583        0.0742
BFGS:   25 13:16:39       -0.260657        0.0721
BFGS:   26 13:16:39       -0.261983        0.0887
BFGS:   27 13:16:40       -0.261839        0.1034
BFGS:   28 13:16:40       -0.261401        0.1052
BFGS:   29 13:16:40       -0.259279        0.0903
BFGS:   30 13:16:40       -0.258623        0.0776
BFGS:   31 13:16:40       -0.258408        0.1034
BFGS:   32 13:16:40       -0.259469        0.1440
BFGS:   33 13:16:40       -0.262212        0.1671
BFGS:   34 13:16:40       -0.265037        0.1417
BFGS:   35 13:16:40       -0.268392        0.0853
BFGS:   36 13:16:41       -0.270158        0.1060
BFGS:   37 13:16:41       -0.272419        0.1091
BFGS:   38 13:16:41       -0.273344        0.0985
BFGS:   39 13:16:41       -0.274416        0.0767
BFGS:   40 13:16:41       -0.274689        0.0654
BFGS:   41 13:16:41       -0.275547        0.0610
BFGS:   42 13:16:41       -0.276127        0.0715
BFGS:   43 13:16:41       -0.277223        0.0579
BFGS:   44 13:16:42       -0.277754        0.0607
BFGS:   45 13:16:42       -0.278749        0.0623
BFGS:   46 13:16:42       -0.279071        0.0679
BFGS:   47 13:16:42       -0.279954        0.0613
BFGS:   48 13:16:42       -0.280619        0.0920
BFGS:   49 13:16:42       -0.281762        0.1083
BFGS:   50 13:16:43       -0.282904        0.0984
BFGS:   51 13:16:43       -0.284431        0.1018
BFGS:   52 13:16:43       -0.284937        0.0690
BFGS:   53 13:16:43       -0.286599        0.0655
BFGS:   54 13:16:43       -0.287152        0.0642
BFGS:   55 13:16:43       -0.288827        0.0662
BFGS:   56 13:16:44       -0.290328        0.0710
BFGS:   57 13:16:44       -0.292702        0.0647
BFGS:   58 13:16:44       -0.294670        0.0643
BFGS:   59 13:16:44       -0.296445        0.0700
BFGS:   60 13:16:44       -0.297967        0.0773
BFGS:   61 13:16:44       -0.299392        0.0889
BFGS:   62 13:16:44       -0.301059        0.0708
BFGS:   63 13:16:44       -0.301845        0.0686
BFGS:   64 13:16:45       -0.303792        0.0725
BFGS:   65 13:16:45       -0.304095        0.0710
BFGS:   66 13:16:45       -0.306068        0.0746
BFGS:   67 13:16:45       -0.308275        0.0631
BFGS:   68 13:16:45       -0.310055        0.0672
BFGS:   69 13:16:45       -0.311413        0.0576
BFGS:   70 13:16:45       -0.312574        0.0555
BFGS:   71 13:16:45       -0.314052        0.0673
BFGS:   72 13:16:45       -0.315653        0.0799
BFGS:   73 13:16:45       -0.318240        0.1195
BFGS:   74 13:16:45       -0.320188        0.1014
BFGS:   75 13:16:46       -0.322856        0.0938
BFGS:   76 13:16:46       -0.324346        0.0698
BFGS:   77 13:16:46       -0.326061        0.0768
BFGS:   78 13:16:46       -0.327736        0.0824
BFGS:   79 13:16:46       -0.329298        0.0849
BFGS:   80 13:16:46       -0.331342        0.0773
BFGS:   81 13:16:46       -0.333196        0.0635
BFGS:   82 13:16:46       -0.335481        0.0660
BFGS:   83 13:16:46       -0.337306        0.0766
BFGS:   84 13:16:47       -0.339513        0.0721
BFGS:   85 13:16:47       -0.341683        0.0726
BFGS:   86 13:16:47       -0.343572        0.0647
BFGS:   87 13:16:47       -0.345101        0.0628
BFGS:   88 13:16:47       -0.346488        0.0562
BFGS:   89 13:16:47       -0.347629        0.0460
      Step     Time          Energy         fmax
BFGS:    0 13:16:47        0.134356        4.1029
BFGS:    1 13:16:47       -0.334539        9.3427
BFGS:    2 13:16:47       -0.228546        2.5820
BFGS:    3 13:16:47       -0.102617        1.7926
BFGS:    4 13:16:48       -0.197048        0.5050
BFGS:    5 13:16:48       -0.214149        0.3287
BFGS:    6 13:16:48       -0.211465        0.2459
BFGS:    7 13:16:48       -0.205572        0.2057
BFGS:    8 13:16:48       -0.202207        0.1467
BFGS:    9 13:16:48       -0.202449        0.1018
BFGS:   10 13:16:49       -0.206220        0.0734
BFGS:   11 13:16:49       -0.210720        0.0586
BFGS:   12 13:16:49       -0.213484        0.1033
BFGS:   13 13:16:49       -0.212995        0.1219
BFGS:   14 13:16:49       -0.210921        0.0967
BFGS:   15 13:16:49       -0.208542        0.0646
BFGS:   16 13:16:49       -0.208154        0.0580
BFGS:   17 13:16:49       -0.209809        0.0818
BFGS:   18 13:16:50       -0.211771        0.0970
BFGS:   19 13:16:50       -0.214081        0.0869
BFGS:   20 13:16:50       -0.214908        0.0742
BFGS:   21 13:16:50       -0.214185        0.0703
BFGS:   22 13:16:50       -0.213126        0.0626
BFGS:   23 13:16:50       -0.212652        0.0817
BFGS:   24 13:16:50       -0.213127        0.0885
BFGS:   25 13:16:50       -0.214692        0.0542
BFGS:   26 13:16:51       -0.216259        0.0640
BFGS:   27 13:16:51       -0.217225        0.0602
BFGS:   28 13:16:51       -0.216469        0.0739
BFGS:   29 13:16:51       -0.215088        0.0538
BFGS:   30 13:16:51       -0.213712        0.0415
      Step     Time          Energy         fmax
BFGS:    0 13:16:51        0.291496        4.2216
BFGS:    1 13:16:51       -0.209916        9.9413
BFGS:    2 13:16:51       -0.086454        2.4451
BFGS:    3 13:16:51        0.035210        1.6234
BFGS:    4 13:16:52       -0.051296        0.5441
BFGS:    5 13:16:52       -0.070117        0.2658
BFGS:    6 13:16:52       -0.068012        0.2549
BFGS:    7 13:16:52       -0.061724        0.1931
BFGS:    8 13:16:52       -0.058340        0.1420
BFGS:    9 13:16:52       -0.058566        0.0913
BFGS:   10 13:16:52       -0.062142        0.0688
BFGS:   11 13:16:52       -0.066140        0.0547
BFGS:   12 13:16:52       -0.068161        0.0839
BFGS:   13 13:16:52       -0.067264        0.0952
BFGS:   14 13:16:52       -0.065227        0.0756
BFGS:   15 13:16:52       -0.063616        0.0437
      Step     Time          Energy         fmax
BFGS:    0 13:16:52        0.494268        4.3888
BFGS:    1 13:16:53       -0.049540        9.7001
BFGS:    2 13:16:53        0.082531        2.4928
BFGS:    3 13:16:53        0.200335        1.5556
BFGS:    4 13:16:53        0.113118        0.5606
BFGS:    5 13:16:53        0.092217        0.3543
BFGS:    6 13:16:53        0.096138        0.3519
BFGS:    7 13:16:53        0.104460        0.1936
BFGS:    8 13:16:53        0.107227        0.1646
BFGS:    9 13:16:53        0.107099        0.1057
BFGS:   10 13:16:53        0.103893        0.0712
BFGS:   11 13:16:53        0.099674        0.0644
BFGS:   12 13:16:54        0.097188        0.0939
BFGS:   13 13:16:54        0.097601        0.1232
BFGS:   14 13:16:54        0.099837        0.1137
BFGS:   15 13:16:54        0.102143        0.0641
BFGS:   16 13:16:54        0.103347        0.0675
BFGS:   17 13:16:54        0.102260        0.0858
BFGS:   18 13:16:54        0.100534        0.1086
BFGS:   19 13:16:54        0.098390        0.1036
BFGS:   20 13:16:54        0.097196        0.0808
BFGS:   21 13:16:54        0.097541        0.0782
BFGS:   22 13:16:54        0.098373        0.0822
BFGS:   23 13:16:54        0.098959        0.0993
BFGS:   24 13:16:55        0.098678        0.1205
BFGS:   25 13:16:55        0.097175        0.0929
BFGS:   26 13:16:55        0.095685        0.0801
BFGS:   27 13:16:55        0.094474        0.0862
BFGS:   28 13:16:55        0.095391        0.0836
BFGS:   29 13:16:55        0.096955        0.0758
BFGS:   30 13:16:55        0.098789        0.0602
BFGS:   31 13:16:55        0.099881        0.0839
BFGS:   32 13:16:55        0.099966        0.0977
BFGS:   33 13:16:55        0.098114        0.0824
BFGS:   34 13:16:55        0.095469        0.0594
BFGS:   35 13:16:55        0.092697        0.0629
BFGS:   36 13:16:56        0.090939        0.0669
BFGS:   37 13:16:56        0.090015        0.0625
BFGS:   38 13:16:56        0.090803        0.0477
      Step     Time          Energy         fmax
BFGS:    0 13:16:56        0.596751        4.0871
BFGS:    1 13:16:56        0.119123        9.1719
BFGS:    2 13:16:56        0.251498        2.0162
BFGS:    3 13:16:56        0.324709        1.1786
BFGS:    4 13:16:56        0.275360        0.6323
BFGS:    5 13:16:56        0.247000        0.5381
BFGS:    6 13:16:56        0.257275        0.2285
BFGS:    7 13:16:56        0.265511        0.1540
BFGS:    8 13:16:56        0.267990        0.1647
BFGS:    9 13:16:56        0.265213        0.0897
BFGS:   10 13:16:57        0.261539        0.0631
BFGS:   11 13:16:57        0.258527        0.0688
BFGS:   12 13:16:57        0.257245        0.0885
BFGS:   13 13:16:57        0.258461        0.1010
BFGS:   14 13:16:57        0.260214        0.0808
BFGS:   15 13:16:57        0.261492        0.0577
BFGS:   16 13:16:57        0.261222        0.0418
      Step     Time          Energy         fmax
BFGS:    0 13:16:57        0.759362        4.6396
BFGS:    1 13:16:57        0.191979       11.4807
BFGS:    2 13:16:57        0.380160        2.0838
BFGS:    3 13:16:57        0.502637        1.5946
BFGS:    4 13:16:57        0.421224        0.5674
BFGS:    5 13:16:57        0.404030        0.4940
BFGS:    6 13:16:58        0.410704        0.2687
BFGS:    7 13:16:58        0.413125        0.1484
BFGS:    8 13:16:58        0.414578        0.1555
BFGS:    9 13:16:58        0.414144        0.1037
BFGS:   10 13:16:58        0.412005        0.0959
BFGS:   11 13:16:58        0.410257        0.0557
BFGS:   12 13:16:58        0.408706        0.0878
BFGS:   13 13:16:58        0.409545        0.0986
BFGS:   14 13:16:58        0.411182        0.0913
BFGS:   15 13:16:59        0.412105        0.0706
BFGS:   16 13:16:59        0.412211        0.0531
BFGS:   17 13:16:59        0.411165        0.0627
BFGS:   18 13:16:59        0.410190        0.0872
BFGS:   19 13:16:59        0.409106        0.0933
BFGS:   20 13:16:59        0.408658        0.0735
BFGS:   21 13:16:59        0.408819        0.0713
BFGS:   22 13:16:59        0.409019        0.0735
BFGS:   23 13:16:59        0.408957        0.0858
BFGS:   24 13:16:59        0.408370        0.0990
BFGS:   25 13:16:59        0.407299        0.0781
BFGS:   26 13:16:59        0.406205        0.0797
BFGS:   27 13:16:59        0.405493        0.0887
BFGS:   28 13:17:00        0.405838        0.0878
BFGS:   29 13:17:00        0.406753        0.0858
BFGS:   30 13:17:00        0.407422        0.0785
BFGS:   31 13:17:00        0.407712        0.1004
BFGS:   32 13:17:00        0.406721        0.1311
BFGS:   33 13:17:00        0.404970        0.1199
BFGS:   34 13:17:00        0.402388        0.0871
BFGS:   35 13:17:00        0.400490        0.0775
BFGS:   36 13:17:00        0.398913        0.0864
BFGS:   37 13:17:00        0.397862        0.0811
BFGS:   38 13:17:00        0.397366        0.0747
BFGS:   39 13:17:01        0.397245        0.0557
BFGS:   40 13:17:01        0.396938        0.0476
      Step     Time          Energy         fmax
BFGS:    0 13:17:01        0.828843        3.7865
BFGS:    1 13:17:01        0.404691        8.6288
BFGS:    2 13:17:01        0.559486        1.0995
BFGS:    3 13:17:01        0.532787        0.8982
BFGS:    4 13:17:01        0.513528        0.4410
BFGS:    5 13:17:01        0.509038        0.2521
BFGS:    6 13:17:01        0.518428        0.1388
BFGS:    7 13:17:01        0.519545        0.1317
BFGS:    8 13:17:02        0.518782        0.1168
BFGS:    9 13:17:02        0.515871        0.0691
BFGS:   10 13:17:02        0.512491        0.0633
BFGS:   11 13:17:02        0.512041        0.0655
BFGS:   12 13:17:02        0.512427        0.0950
BFGS:   13 13:17:02        0.514015        0.0938
BFGS:   14 13:17:02        0.514472        0.0664
BFGS:   15 13:17:02        0.514445        0.0466
      Step     Time          Energy         fmax
BFGS:    0 13:17:02        0.962804        3.6314
BFGS:    1 13:17:02        0.684869        5.1706
BFGS:    2 13:17:03        0.720023        1.0590
BFGS:    3 13:17:03        0.744896        0.7308
BFGS:    4 13:17:03        0.747279        0.7011
BFGS:    5 13:17:03        0.729332        0.2964
BFGS:    6 13:17:03        0.726812        0.1499
BFGS:    7 13:17:03        0.728670        0.1033
BFGS:    8 13:17:03        0.728824        0.1410
BFGS:    9 13:17:03        0.727654        0.0558
BFGS:   10 13:17:03        0.726718        0.0471
      Step     Time          Energy         fmax
BFGS:    0 13:17:04        0.948993        2.8604
BFGS:    1 13:17:04        0.829101        3.1306
BFGS:    2 13:17:04        0.832304        0.9315
BFGS:    3 13:17:04        0.824677        0.6225
BFGS:    4 13:17:04        0.820569        0.5666
BFGS:    5 13:17:04        0.814841        0.1843
BFGS:    6 13:17:04        0.813236        0.1553
BFGS:    7 13:17:04        0.812616        0.1120
BFGS:    8 13:17:04        0.811485        0.0967
BFGS:    9 13:17:04        0.810377        0.0802
BFGS:   10 13:17:04        0.809376        0.0720
BFGS:   11 13:17:05        0.808368        0.0791
BFGS:   12 13:17:05        0.807662        0.1016
BFGS:   13 13:17:05        0.806827        0.0933
BFGS:   14 13:17:05        0.806299        0.0705
BFGS:   15 13:17:05        0.805483        0.0703
BFGS:   16 13:17:05        0.804981        0.0776
BFGS:   17 13:17:05        0.804063        0.1046
BFGS:   18 13:17:05        0.803357        0.1041
BFGS:   19 13:17:05        0.802384        0.0838
BFGS:   20 13:17:05        0.801549        0.0662
BFGS:   21 13:17:05        0.800841        0.0790
BFGS:   22 13:17:05        0.799850        0.0688
BFGS:   23 13:17:06        0.798968        0.0849
BFGS:   24 13:17:06        0.797501        0.0721
BFGS:   25 13:17:06        0.796081        0.0835
BFGS:   26 13:17:06        0.794250        0.1091
BFGS:   27 13:17:06        0.792682        0.1181
BFGS:   28 13:17:06        0.791271        0.0875
BFGS:   29 13:17:06        0.789949        0.0932
BFGS:   30 13:17:06        0.788403        0.0921
BFGS:   31 13:17:06        0.785971        0.1264
BFGS:   32 13:17:06        0.782722        0.1353
BFGS:   33 13:17:06        0.779309        0.1066
BFGS:   34 13:17:06        0.776827        0.0892
BFGS:   35 13:17:06        0.774972        0.0896
BFGS:   36 13:17:07        0.772875        0.1019
BFGS:   37 13:17:07        0.770358        0.0890
BFGS:   38 13:17:07        0.767719        0.0733
BFGS:   39 13:17:07        0.765818        0.0544
BFGS:   40 13:17:07        0.764439        0.0534
BFGS:   41 13:17:07        0.763382        0.0528
BFGS:   42 13:17:07        0.762285        0.0554
BFGS:   43 13:17:07        0.761327        0.0489
Performing final optimization with tight thresholds...
      Step     Time          Energy         fmax
BFGS:    0 13:17:07        0.761327        0.0489
Tight optimization complete!
Relaxed scan complete! Trajectory saved to opt.traj. 
Finished in 0 hours, 1 minutes, and 54 seconds
