You need to install the group's fork of aRMSD and put it in your path https://github.mit.edu/MLMat/aRMSD
[ 0.        +2.27684944j  0.        +1.93917227j  0.        +1.16365324j
  0.        +0.87138619j  0.        +0.37903267j  2.7478887 +0.j
 19.39772372+0.j         24.71039153+0.j         31.69348656+0.j
 34.29993014+0.j         40.70608051+0.j         48.94999393+0.j
 49.1821447 +0.j         56.73722336+0.j         68.62696417+0.j
 74.20143919+0.j         78.89106897+0.j         83.54769995+0.j
 96.8445817 +0.j         99.64105895+0.j        ]
Entropy components at T = 298.15 K and P = 101325.0 Pa:
=================================================
                           S               T*S
S_trans (1 bar)    0.0019301 eV/K        0.575 eV
S_rot              0.0015963 eV/K        0.476 eV
S_elec             0.0000000 eV/K        0.000 eV
S_vib              0.0056944 eV/K        1.698 eV
S (1 bar -> P)    -0.0000011 eV/K       -0.000 eV
-------------------------------------------------
S                  0.0092197 eV/K        2.749 eV
=================================================
Enthalpy components at T = 298.15 K:
===============================
E_pot                 -6.914 eV
E_ZPE                 15.362 eV
Cv_trans (0->T)        0.039 eV
Cv_rot (0->T)          0.039 eV
Cv_vib (0->T)          0.825 eV
(C_v -> C_p)           0.026 eV
-------------------------------
H                      9.375 eV
===============================
