[ 0.        +5.18022772e+02j  0.        +1.73595890e+00j
  0.        +1.55234010e+00j  0.        +1.28574694e+00j
  0.        +1.08418333e+00j  0.        +6.99418589e-01j
  0.        +4.47442477e-01j  5.09595332+0.00000000e+00j
  7.65320679+0.00000000e+00j 13.76302879+0.00000000e+00j
 16.90457449+0.00000000e+00j 23.51061131+0.00000000e+00j
 26.87806798+0.00000000e+00j 36.40498737+0.00000000e+00j
 40.93277684+0.00000000e+00j 45.72626102+0.00000000e+00j
 60.30729576+0.00000000e+00j 63.83386885+0.00000000e+00j
 71.39335867+0.00000000e+00j 75.21376074+0.00000000e+00j]
Entropy components at T = 298.15 K and P = 101325.0 Pa:
=================================================
                           S               T*S
S_trans (1 bar)    0.0019505 eV/K        0.582 eV
S_rot              0.0016644 eV/K        0.496 eV
S_elec             0.0000000 eV/K        0.000 eV
S_vib              0.0061549 eV/K        1.835 eV
S (1 bar -> P)    -0.0000011 eV/K       -0.000 eV
-------------------------------------------------
S                  0.0097686 eV/K        2.913 eV
=================================================
Enthalpy components at T = 298.15 K:
===============================
E_pot                 -2.617 eV
E_ZPE                  9.124 eV
Cv_trans (0->T)        0.039 eV
Cv_rot (0->T)          0.039 eV
Cv_vib (0->T)          0.808 eV
(C_v -> C_p)           0.026 eV
-------------------------------
H                      7.418 eV
===============================
Generating initial displacements from TS... 
Generated displacements!
Generating forward IRC path
IRC converged after 47 steps!
Generating backward IRC path
IRC converged after 49 steps!
IRC saved to ./irc.pickle
Neural IRC terminated normally.
