You need to install the group's fork of aRMSD and put it in your path https://github.mit.edu/MLMat/aRMSD
[ 0.        +3.97983088e+02j  0.        +5.20700286e+00j
  0.        +6.39460425e-01j  0.        +4.58682360e-01j
  0.        +2.24679225e-01j  5.47774062+0.00000000e+00j
  7.1529409 +0.00000000e+00j 14.0772978 +0.00000000e+00j
 22.47615762+0.00000000e+00j 24.29107488+0.00000000e+00j
 29.11874743+0.00000000e+00j 35.72508466+0.00000000e+00j
 38.06356083+0.00000000e+00j 43.75981164+0.00000000e+00j
 44.37661306+0.00000000e+00j 54.63115158+0.00000000e+00j
 59.98617875+0.00000000e+00j 68.475492  +0.00000000e+00j
 79.01582667+0.00000000e+00j 83.18129551+0.00000000e+00j]
Entropy components at T = 298.15 K and P = 101325.0 Pa:
=================================================
                           S               T*S
S_trans (1 bar)    0.0019477 eV/K        0.581 eV
S_rot              0.0016560 eV/K        0.494 eV
S_elec             0.0000000 eV/K        0.000 eV
S_vib              0.0067046 eV/K        1.999 eV
S (1 bar -> P)    -0.0000011 eV/K       -0.000 eV
-------------------------------------------------
S                  0.0103071 eV/K        3.073 eV
=================================================
Enthalpy components at T = 298.15 K:
===============================
E_pot                 -2.562 eV
E_ZPE                 17.459 eV
Cv_trans (0->T)        0.039 eV
Cv_rot (0->T)          0.039 eV
Cv_vib (0->T)          0.960 eV
(C_v -> C_p)           0.026 eV
-------------------------------
H                     15.960 eV
===============================
RMS: 0.02438991889357567, MAX: 0.6208717823028564
RMS: 0.014650880359113216, MAX: 0.3645632565021515
RMS: 0.005810260772705078, MAX: 0.10335873067378998
RMS: 0.006344313267618418, MAX: 0.12944304943084717
RMS: 0.005434315651655197, MAX: 0.0977228581905365
RMS: 0.005500612780451775, MAX: 0.08462627977132797
RMS: 0.005797580815851688, MAX: 0.07601496577262878
RMS: 0.005947931669652462, MAX: 0.0749390497803688
RMS: 0.005769133567810059, MAX: 0.061625830829143524
RMS: 0.005101792048662901, MAX: 0.03737291693687439
RMS: 0.004081331193447113, MAX: 0.02344580926001072
RMS: 0.002790407743304968, MAX: 0.016508014872670174
RMS: 0.0023012342862784863, MAX: 0.013214155100286007
RMS: 0.0015472981613129377, MAX: 0.011933993548154831
RMS: 0.0013979132054373622, MAX: 0.009024950675666332
RMS: 0.0012716539204120636, MAX: 0.009146002121269703
RMS: 0.0011950567131862044, MAX: 0.00811324454843998
RMS: 0.0012487383792176843, MAX: 0.011693838983774185
RMS: 0.0009312037727795541, MAX: 0.005605656653642654
RMS: 0.00179925502743572, MAX: 0.024224016815423965
RMS: 0.0016527398256585002, MAX: 0.013185994699597359
RMS: 0.003340526483952999, MAX: 0.06753578782081604
RMS: 0.003759423503652215, MAX: 0.05066879466176033
RMS: 0.0032581882551312447, MAX: 0.09385544061660767
RMS: 0.004176643211394548, MAX: 0.11691360175609589
RMS: 0.0031957090832293034, MAX: 0.06515372544527054
RMS: 0.0020610084757208824, MAX: 0.02946363016963005
RMS: 0.001968050841242075, MAX: 0.011177209205925465
RMS: 0.0015718383947387338, MAX: 0.01692979596555233
RMS: 0.0007110050064511597, MAX: 0.006031717173755169
RMS: 0.0008797774207778275, MAX: 0.011435146443545818
RMS: 0.0008739319164305925, MAX: 0.009261065162718296
RMS: 0.0009468116331845522, MAX: 0.011185436509549618
RMS: 0.0006951272953301668, MAX: 0.017104940488934517
RMS: 0.0006237913621589541, MAX: 0.010880248621106148
RMS: 0.0007400679169222713, MAX: 0.01912505552172661
RMS: 0.001089837751351297, MAX: 0.028142057359218597
RMS: 0.0008313957951031625, MAX: 0.00934218242764473
RMS: 0.00029389566043391824, MAX: 0.0018894776003435254
Optimization converged!
Eigenvector following terminated normally.
[ 0.        +3.85250003e+02j  0.        +1.48197886e+00j
  0.        +1.15010163e+00j  0.        +6.05984299e-01j
  0.        +5.50542378e-01j  0.        +2.79163892e-01j
  0.47858291+0.00000000e+00j 17.16224795+0.00000000e+00j
 24.57419518+0.00000000e+00j 27.22024637+0.00000000e+00j
 33.24609051+0.00000000e+00j 36.13621884+0.00000000e+00j
 39.63690297+0.00000000e+00j 44.03928337+0.00000000e+00j
 50.50711913+0.00000000e+00j 53.41862818+0.00000000e+00j
 63.13338128+0.00000000e+00j 67.97873451+0.00000000e+00j
 78.67490769+0.00000000e+00j 86.00718098+0.00000000e+00j]
Flipping all imaginary frequencies except the lowest one
Entropy components at T = 298.15 K and P = 101325.0 Pa:
=================================================
                           S               T*S
S_trans (1 bar)    0.0019477 eV/K        0.581 eV
S_rot              0.0016553 eV/K        0.494 eV
S_elec             0.0000000 eV/K        0.000 eV
S_vib              0.0066008 eV/K        1.968 eV
S (1 bar -> P)    -0.0000011 eV/K       -0.000 eV
-------------------------------------------------
S                  0.0102026 eV/K        3.042 eV
=================================================
Enthalpy components at T = 298.15 K:
===============================
E_pot                 -2.609 eV
E_ZPE                 17.465 eV
Cv_trans (0->T)        0.039 eV
Cv_rot (0->T)          0.039 eV
Cv_vib (0->T)          0.954 eV
(C_v -> C_p)           0.026 eV
-------------------------------
H                     15.914 eV
===============================
