You need to install the group's fork of aRMSD and put it in your path https://github.mit.edu/MLMat/aRMSD
[ 0.        +416.7380073j   0.          +1.9758312j
  0.          +1.3402834j   0.          +1.06684628j
  0.          +0.76104645j  5.16280286  +0.j
  5.40799646  +0.j         11.44784679  +0.j
 14.39267869  +0.j         20.53951106  +0.j
 28.79264486  +0.j         32.28593029  +0.j
 34.66504449  +0.j         40.49521947  +0.j
 47.95704464  +0.j         53.39706043  +0.j
 63.4352531   +0.j         65.70598745  +0.j
 70.0085867   +0.j         76.70552281  +0.j        ]
Entropy components at T = 298.15 K and P = 101325.0 Pa:
=================================================
                           S               T*S
S_trans (1 bar)    0.0019477 eV/K        0.581 eV
S_rot              0.0016640 eV/K        0.496 eV
S_elec             0.0000000 eV/K        0.000 eV
S_vib              0.0069361 eV/K        2.068 eV
S (1 bar -> P)    -0.0000011 eV/K       -0.000 eV
-------------------------------------------------
S                  0.0105467 eV/K        3.144 eV
=================================================
Enthalpy components at T = 298.15 K:
===============================
E_pot                 -2.541 eV
E_ZPE                 17.389 eV
Cv_trans (0->T)        0.039 eV
Cv_rot (0->T)          0.039 eV
Cv_vib (0->T)          0.980 eV
(C_v -> C_p)           0.026 eV
-------------------------------
H                     15.931 eV
===============================
RMS: 0.010947616770863533, MAX: 0.3934972882270813
RMS: 0.006056836806237698, MAX: 0.21433931589126587
RMS: 0.0024145005736500025, MAX: 0.05615346133708954
RMS: 0.0034610205329954624, MAX: 0.08187387138605118
RMS: 0.0030962026212364435, MAX: 0.07061358541250229
RMS: 0.0030569620430469513, MAX: 0.055993299931287766
RMS: 0.0031828738283365965, MAX: 0.0398358590900898
RMS: 0.003343879710882902, MAX: 0.04101000726222992
RMS: 0.0034803873859345913, MAX: 0.04459672421216965
RMS: 0.0036424838472157717, MAX: 0.055140890181064606
RMS: 0.0038475922774523497, MAX: 0.06938080489635468
RMS: 0.0039254180155694485, MAX: 0.0787910521030426
RMS: 0.003899697680026293, MAX: 0.08068502694368362
RMS: 0.004017012193799019, MAX: 0.07341865450143814
RMS: 0.004473153036087751, MAX: 0.05748232081532478
RMS: 0.005038835573941469, MAX: 0.036113936454057693
RMS: 0.0054048774763941765, MAX: 0.031942784786224365
RMS: 0.005566413048654795, MAX: 0.04234282672405243
RMS: 0.005645142402499914, MAX: 0.05122382566332817
RMS: 0.005556442309170961, MAX: 0.06855736672878265
RMS: 0.005022036377340555, MAX: 0.05627724528312683
RMS: 0.005995319690555334, MAX: 0.034769266843795776
RMS: 0.008300908841192722, MAX: 0.08405181020498276
RMS: 0.007877448573708534, MAX: 0.12209213525056839
RMS: 0.005034167785197496, MAX: 0.04115691035985947
RMS: 0.0058630299754440784, MAX: 0.05055722966790199
RMS: 0.0023556675296276808, MAX: 0.013861649669706821
RMS: 0.004515393171459436, MAX: 0.019701270386576653
RMS: 0.004614950157701969, MAX: 0.03161581978201866
RMS: 0.004165793303400278, MAX: 0.024422531947493553
RMS: 0.002845684764906764, MAX: 0.01631784252822399
RMS: 0.002752610482275486, MAX: 0.022770753130316734
RMS: 0.0017699546879157424, MAX: 0.02570611983537674
RMS: 0.0016955204773694277, MAX: 0.01832941733300686
RMS: 0.0023270766250789165, MAX: 0.034006599336862564
RMS: 0.002080474980175495, MAX: 0.015987373888492584
RMS: 0.002086320659145713, MAX: 0.042258284986019135
RMS: 0.0023601918946951628, MAX: 0.01615576632320881
RMS: 0.002007589675486088, MAX: 0.014035843312740326
RMS: 0.00232957536354661, MAX: 0.020621273666620255
RMS: 0.002231603255495429, MAX: 0.02875196933746338
RMS: 0.0015084008919075131, MAX: 0.013193802908062935
RMS: 0.0015987741062417626, MAX: 0.016209522262215614
RMS: 0.0022841698955744505, MAX: 0.016600066795945168
RMS: 0.0014682168839499354, MAX: 0.022246282547712326
RMS: 0.0012626999523490667, MAX: 0.009089726954698563
RMS: 0.0014409294817596674, MAX: 0.01790674962103367
RMS: 0.0013343412429094315, MAX: 0.017558762803673744
RMS: 0.001276903785765171, MAX: 0.04020428657531738
RMS: 0.0015949188964441419, MAX: 0.03324398770928383
RMS: 0.0019342958694323897, MAX: 0.06988408416509628
RMS: 0.004998684860765934, MAX: 0.16374832391738892
RMS: 0.004457192495465279, MAX: 0.1431228369474411
RMS: 0.005927341524511576, MAX: 0.2125588357448578
RMS: 0.005688338074833155, MAX: 0.2064739316701889
RMS: 0.00553241278976202, MAX: 0.19425591826438904
RMS: 0.003680284135043621, MAX: 0.049222249537706375
RMS: 0.00200963718816638, MAX: 0.03547607362270355
RMS: 0.0027095158584415913, MAX: 0.030392851680517197
RMS: 0.001726294169202447, MAX: 0.038615405559539795
RMS: 0.0031303989235311747, MAX: 0.053841471672058105
RMS: 0.003700893372297287, MAX: 0.07255915552377701
RMS: 0.002086013089865446, MAX: 0.0325825996696949
RMS: 0.0036605186760425568, MAX: 0.0849323496222496
RMS: 0.003323387121781707, MAX: 0.0749025046825409
RMS: 0.001820275909267366, MAX: 0.029224082827568054
RMS: 0.0034321316052228212, MAX: 0.05359960347414017
RMS: 0.0031759655103087425, MAX: 0.041040148586034775
RMS: 0.0038552575279027224, MAX: 0.06669620424509048
RMS: 0.0037177037447690964, MAX: 0.06342967599630356
RMS: 0.0033311941660940647, MAX: 0.06263145804405212
RMS: 0.0016213224735110998, MAX: 0.013762000948190689
RMS: 0.0016812209505587816, MAX: 0.021481381729245186
RMS: 0.0023375393357127905, MAX: 0.02842792309820652
RMS: 0.0009819698752835393, MAX: 0.02011345699429512
RMS: 0.0007631636690348387, MAX: 0.004391143098473549
Optimization converged!
Eigenvector following terminated normally.
[ 0.        +437.98419011j  0.          +2.502004j
  0.          +1.73192432j  0.          +1.62503281j
  0.          +1.14866905j  0.          +0.85001996j
  0.          +0.53764363j 17.65730541  +0.j
 22.07477927  +0.j         27.5102987   +0.j
 32.5326823   +0.j         38.20577008  +0.j
 41.54479009  +0.j         50.72334241  +0.j
 55.27473091  +0.j         58.74039273  +0.j
 63.23724677  +0.j         70.89915777  +0.j
 72.1080294   +0.j         78.24378997  +0.j        ]
Flipping all imaginary frequencies except the lowest one
Entropy components at T = 298.15 K and P = 101325.0 Pa:
=================================================
                           S               T*S
S_trans (1 bar)    0.0019477 eV/K        0.581 eV
S_rot              0.0016614 eV/K        0.495 eV
S_elec             0.0000000 eV/K        0.000 eV
S_vib              0.0067245 eV/K        2.005 eV
S (1 bar -> P)    -0.0000011 eV/K       -0.000 eV
-------------------------------------------------
S                  0.0103324 eV/K        3.081 eV
=================================================
Enthalpy components at T = 298.15 K:
===============================
E_pot                 -2.568 eV
E_ZPE                 17.410 eV
Cv_trans (0->T)        0.039 eV
Cv_rot (0->T)          0.039 eV
Cv_vib (0->T)          0.973 eV
(C_v -> C_p)           0.026 eV
-------------------------------
H                     15.918 eV
===============================
