You need to install the group's fork of aRMSD and put it in your path https://github.mit.edu/MLMat/aRMSD
[  0.        +526.59567194j   0.         +20.98123257j
   0.          +5.89944392j   0.          +5.46991482j
   0.          +3.49792814j   0.          +2.50166199j
   0.          +2.30773908j  26.37936924  +0.j
  48.64640974  +0.j          50.84435187  +0.j
 103.59321886  +0.j         133.86790994  +0.j
 170.70632132  +0.j         204.91282227  +0.j
 223.14593229  +0.j         230.05686003  +0.j
 255.42815626  +0.j         259.17409654  +0.j
 273.69182348  +0.j         337.28589273  +0.j        ]
Entropy components at T = 298.15 K and P = 101325.0 Pa:
=================================================
                           S               T*S
S_trans (1 bar)    0.0018612 eV/K        0.555 eV
S_rot              0.0014773 eV/K        0.440 eV
S_elec             0.0000000 eV/K        0.000 eV
S_vib              0.0021648 eV/K        0.645 eV
S (1 bar -> P)    -0.0000011 eV/K       -0.000 eV
-------------------------------------------------
S                  0.0055021 eV/K        1.640 eV
=================================================
Enthalpy components at T = 298.15 K:
===============================
E_pot                 -0.032 eV
E_ZPE                  3.949 eV
Cv_trans (0->T)        0.039 eV
Cv_rot (0->T)          0.039 eV
Cv_vib (0->T)          0.338 eV
(C_v -> C_p)           0.026 eV
-------------------------------
H                      4.357 eV
===============================
RMS: 0.05708589032292366, MAX: 0.6756954193115234
RMS: 0.03804938867688179, MAX: 0.3666999340057373
RMS: 0.025795333087444305, MAX: 0.2379138320684433
RMS: 0.018304552882909775, MAX: 0.15457190573215485
RMS: 0.01327150221914053, MAX: 0.08614165335893631
RMS: 0.01254779938608408, MAX: 0.06373309344053268
RMS: 0.009871277026832104, MAX: 0.05175172910094261
RMS: 0.010528115555644035, MAX: 0.047863930463790894
RMS: 0.006544175092130899, MAX: 0.0375320166349411
RMS: 0.005361816380172968, MAX: 0.03103119507431984
RMS: 0.004339795559644699, MAX: 0.021320154890418053
RMS: 0.004306041169911623, MAX: 0.015157796442508698
RMS: 0.0032166452147066593, MAX: 0.01165789645165205
RMS: 0.0038207396864891052, MAX: 0.021016057580709457
RMS: 0.003523740451782942, MAX: 0.014757044613361359
RMS: 0.003952125087380409, MAX: 0.016175460070371628
RMS: 0.002683829516172409, MAX: 0.009843586012721062
RMS: 0.0021265274845063686, MAX: 0.010685453191399574
RMS: 0.0033663094509392977, MAX: 0.01644923910498619
RMS: 0.004850697237998247, MAX: 0.023388110101222992
RMS: 0.004829388577491045, MAX: 0.021622352302074432
RMS: 0.008868575096130371, MAX: 0.03564998880028725
RMS: 0.006307961884886026, MAX: 0.03248989209532738
RMS: 0.013953419402241707, MAX: 0.12054142355918884
RMS: 0.012104921974241734, MAX: 0.1317875236272812
RMS: 0.01408034935593605, MAX: 0.18859435617923737
RMS: 0.011180783621966839, MAX: 0.17695292830467224
RMS: 0.010586725547909737, MAX: 0.09161554276943207
RMS: 0.01108249370008707, MAX: 0.04604027047753334
RMS: 0.0049513280391693115, MAX: 0.025773096829652786
RMS: 0.005689722951501608, MAX: 0.026857981458306313
RMS: 0.004632241558283567, MAX: 0.030883032828569412
RMS: 0.005603671073913574, MAX: 0.026091882959008217
RMS: 0.0043852911330759525, MAX: 0.02691059559583664
RMS: 0.004889084491878748, MAX: 0.017951369285583496
RMS: 0.0029903207905590534, MAX: 0.031633734703063965
RMS: 0.0047293538227677345, MAX: 0.06542563438415527
RMS: 0.009408588521182537, MAX: 0.13920333981513977
RMS: 0.007136498112231493, MAX: 0.10939601063728333
RMS: 0.010386092588305473, MAX: 0.15733857452869415
RMS: 0.01123442780226469, MAX: 0.16862013936042786
RMS: 0.00922227930277586, MAX: 0.10439082980155945
RMS: 0.012492087669670582, MAX: 0.1916567087173462
RMS: 0.010511722415685654, MAX: 0.13228897750377655
RMS: 0.013967407867312431, MAX: 0.205407053232193
RMS: 0.004530068952590227, MAX: 0.06631605327129364
RMS: 0.010733400471508503, MAX: 0.10066570341587067
RMS: 0.005240112077444792, MAX: 0.0750284269452095
RMS: 0.007246042136102915, MAX: 0.09570404142141342
RMS: 0.003240653546527028, MAX: 0.015840139240026474
RMS: 0.007196749094873667, MAX: 0.09600968658924103
RMS: 0.003907916136085987, MAX: 0.029835963621735573
RMS: 0.0032559591345489025, MAX: 0.03748885169625282
RMS: 0.0037569887936115265, MAX: 0.029608862474560738
RMS: 0.004043857101351023, MAX: 0.043119873851537704
RMS: 0.0040902565233409405, MAX: 0.03358518332242966
RMS: 0.005582702811807394, MAX: 0.04694034531712532
RMS: 0.002472853986546397, MAX: 0.01029173657298088
RMS: 0.005815146025270224, MAX: 0.0430249385535717
RMS: 0.0032839158084243536, MAX: 0.015092754736542702
RMS: 0.004275920335203409, MAX: 0.023887012153863907
RMS: 0.001992350211367011, MAX: 0.008536435663700104
RMS: 0.0045984950847923756, MAX: 0.0218487661331892
RMS: 0.002317760605365038, MAX: 0.00856989435851574
RMS: 0.004202035255730152, MAX: 0.01473100297152996
RMS: 0.0026216597761958838, MAX: 0.008687413297593594
RMS: 0.004607367794960737, MAX: 0.016299040988087654
RMS: 0.0033439071848988533, MAX: 0.01170053705573082
RMS: 0.0044666072353720665, MAX: 0.015413109213113785
RMS: 0.0013870795955881476, MAX: 0.010003551840782166
RMS: 0.004344736225903034, MAX: 0.01466685626655817
RMS: 0.0013738765846937895, MAX: 0.007137686479836702
RMS: 0.0014118500985205173, MAX: 0.004778331611305475
Optimization converged!
Eigenvector following terminated normally.
[  0.        +520.24607621j   0.          +7.50309305j
   0.          +4.38149711j   0.          +3.8194484j
   0.          +1.82919884j   0.          +1.64672217j
   1.15502073  +0.j          26.99773844  +0.j
  48.72504008  +0.j          52.38119335  +0.j
 114.46032746  +0.j         122.48026783  +0.j
 176.67271095  +0.j         204.11297593  +0.j
 222.57423812  +0.j         227.35298703  +0.j
 256.71839902  +0.j         260.24463494  +0.j
 280.86444373  +0.j         339.95162053  +0.j        ]
Flipping all imaginary frequencies except the lowest one
Entropy components at T = 298.15 K and P = 101325.0 Pa:
=================================================
                           S               T*S
S_trans (1 bar)    0.0018612 eV/K        0.555 eV
S_rot              0.0014768 eV/K        0.440 eV
S_elec             0.0000000 eV/K        0.000 eV
S_vib              0.0021455 eV/K        0.640 eV
S (1 bar -> P)    -0.0000011 eV/K       -0.000 eV
-------------------------------------------------
S                  0.0054824 eV/K        1.635 eV
=================================================
Enthalpy components at T = 298.15 K:
===============================
E_pot                 -0.081 eV
E_ZPE                  3.939 eV
Cv_trans (0->T)        0.039 eV
Cv_rot (0->T)          0.039 eV
Cv_vib (0->T)          0.338 eV
(C_v -> C_p)           0.026 eV
-------------------------------
H                      4.299 eV
===============================
