You need to install the group's fork of aRMSD and put it in your path https://github.mit.edu/MLMat/aRMSD
[  0.        +8.79158932e+02j   0.        +1.05477916e+01j
   0.        +1.03657189e+00j   0.        +9.12858074e-01j
   0.        +6.32999933e-01j   2.65729434+0.00000000e+00j
   3.47630605+0.00000000e+00j   7.36495145+0.00000000e+00j
  15.06499398+0.00000000e+00j  20.17590481+0.00000000e+00j
  22.88715473+0.00000000e+00j  40.97604314+0.00000000e+00j
  51.99479354+0.00000000e+00j  57.89383739+0.00000000e+00j
  65.98585562+0.00000000e+00j  80.9502947 +0.00000000e+00j
  91.00279602+0.00000000e+00j 105.05878758+0.00000000e+00j
 113.70957095+0.00000000e+00j 118.02754021+0.00000000e+00j]
Entropy components at T = 298.15 K and P = 101325.0 Pa:
=================================================
                           S               T*S
S_trans (1 bar)    0.0019060 eV/K        0.568 eV
S_rot              0.0016312 eV/K        0.486 eV
S_elec             0.0000000 eV/K        0.000 eV
S_vib              0.0052235 eV/K        1.557 eV
S (1 bar -> P)    -0.0000011 eV/K       -0.000 eV
-------------------------------------------------
S                  0.0087596 eV/K        2.612 eV
=================================================
Enthalpy components at T = 298.15 K:
===============================
E_pot                  0.458 eV
E_ZPE                 16.236 eV
Cv_trans (0->T)        0.039 eV
Cv_rot (0->T)          0.039 eV
Cv_vib (0->T)          0.739 eV
(C_v -> C_p)           0.026 eV
-------------------------------
H                     17.536 eV
===============================
RMS: 0.016708556562662125, MAX: 0.6494106650352478
RMS: 0.009443226270377636, MAX: 0.34827983379364014
RMS: 0.0031658720690757036, MAX: 0.059182386845350266
RMS: 0.00475537171587348, MAX: 0.1529155969619751
RMS: 0.004465191625058651, MAX: 0.135689377784729
RMS: 0.00431427638977766, MAX: 0.1064709797501564
RMS: 0.004527181852608919, MAX: 0.08055641502141953
RMS: 0.004764610901474953, MAX: 0.08005431294441223
RMS: 0.004874410107731819, MAX: 0.08923947811126709
RMS: 0.004787805490195751, MAX: 0.0872340127825737
RMS: 0.004339675884693861, MAX: 0.07450175285339355
RMS: 0.003697730600833893, MAX: 0.05399958789348602
RMS: 0.0031375230755656958, MAX: 0.027106035500764847
RMS: 0.003860932309180498, MAX: 0.019292358309030533
RMS: 0.0038488691207021475, MAX: 0.02165571041405201
RMS: 0.004546590149402618, MAX: 0.03676145151257515
RMS: 0.0048637003637850285, MAX: 0.049234893172979355
RMS: 0.004397722892463207, MAX: 0.04780697822570801
RMS: 0.004117917735129595, MAX: 0.041980862617492676
RMS: 0.003421422094106674, MAX: 0.01981918327510357
RMS: 0.0037071683909744024, MAX: 0.035796575248241425
RMS: 0.002777351066470146, MAX: 0.03157060593366623
RMS: 0.002864343347027898, MAX: 0.02610916644334793
RMS: 0.0019103902159258723, MAX: 0.010196027345955372
RMS: 0.001452677184715867, MAX: 0.008136053569614887
RMS: 0.00164850486908108, MAX: 0.008454279974102974
RMS: 0.0014655812410637736, MAX: 0.011629070155322552
RMS: 0.0014499530661851168, MAX: 0.01318506058305502
RMS: 0.0014136856188997626, MAX: 0.013924128375947475
RMS: 0.001903851400129497, MAX: 0.012626518495380878
RMS: 0.0011013629846274853, MAX: 0.0067975884303450584
RMS: 0.0012653711019083858, MAX: 0.009392883628606796
RMS: 0.0008267898811027408, MAX: 0.007608390413224697
RMS: 0.0008710944675840437, MAX: 0.007997754029929638
RMS: 0.0008877472719177604, MAX: 0.006080880761146545
RMS: 0.0010086048860102892, MAX: 0.004775382112711668
Optimization converged!
Eigenvector following terminated normally.
[  0.        +7.18478665e+02j   0.        +4.63127603e+00j
   0.        +1.92170295e+00j   0.        +1.48197449e+00j
   0.        +8.48514235e-01j   0.        +7.25398842e-01j
   0.        +4.12862150e-01j   4.77342837+0.00000000e+00j
  14.46770065+0.00000000e+00j  19.57738405+0.00000000e+00j
  23.0889237 +0.00000000e+00j  43.68706364+0.00000000e+00j
  49.65312036+0.00000000e+00j  59.50770007+0.00000000e+00j
  67.53600213+0.00000000e+00j  81.43341966+0.00000000e+00j
  91.24315651+0.00000000e+00j 102.87437582+0.00000000e+00j
 112.7200204 +0.00000000e+00j 118.69186733+0.00000000e+00j]
Flipping all imaginary frequencies except the lowest one
Entropy components at T = 298.15 K and P = 101325.0 Pa:
=================================================
                           S               T*S
S_trans (1 bar)    0.0019060 eV/K        0.568 eV
S_rot              0.0016305 eV/K        0.486 eV
S_elec             0.0000000 eV/K        0.000 eV
S_vib              0.0052695 eV/K        1.571 eV
S (1 bar -> P)    -0.0000011 eV/K       -0.000 eV
-------------------------------------------------
S                  0.0088050 eV/K        2.625 eV
=================================================
Enthalpy components at T = 298.15 K:
===============================
E_pot                  0.427 eV
E_ZPE                 16.238 eV
Cv_trans (0->T)        0.039 eV
Cv_rot (0->T)          0.039 eV
Cv_vib (0->T)          0.738 eV
(C_v -> C_p)           0.026 eV
-------------------------------
H                     17.506 eV
===============================
