Optimizing input structure...
      Step     Time          Energy         fmax
BFGS:    0 08:02:09       -4.340349        5.2988
BFGS:    1 08:02:09       -4.906188        8.0542
BFGS:    2 08:02:09       -5.305334        2.9560
BFGS:    3 08:02:10       -5.460691        1.3242
BFGS:    4 08:02:10       -5.571280        0.4572
BFGS:    5 08:02:10       -5.669197        1.1172
BFGS:    6 08:02:10       -5.718557        0.5911
BFGS:    7 08:02:10       -5.761983        0.3262
BFGS:    8 08:02:10       -5.793765        0.4539
BFGS:    9 08:02:10       -5.826591        0.4765
BFGS:   10 08:02:11       -5.858813        0.3786
BFGS:   11 08:02:11       -5.890116        0.3057
BFGS:   12 08:02:11       -5.916316        0.3749
BFGS:   13 08:02:11       -5.935080        0.3533
BFGS:   14 08:02:11       -5.950387        0.2487
BFGS:   15 08:02:11       -5.966438        0.2471
BFGS:   16 08:02:11       -5.984314        0.2756
BFGS:   17 08:02:11       -5.997521        0.2146
BFGS:   18 08:02:11       -6.007731        0.1698
BFGS:   19 08:02:12       -6.016963        0.2138
BFGS:   20 08:02:12       -6.026478        0.2118
BFGS:   21 08:02:12       -6.034776        0.1970
BFGS:   22 08:02:12       -6.041777        0.1310
BFGS:   23 08:02:12       -6.048243        0.1319
BFGS:   24 08:02:13       -6.054460        0.1589
BFGS:   25 08:02:13       -6.059928        0.1165
BFGS:   26 08:02:13       -6.064745        0.1122
BFGS:   27 08:02:13       -6.069831        0.1617
BFGS:   28 08:02:13       -6.076025        0.1697
BFGS:   29 08:02:13       -6.083011        0.1416
BFGS:   30 08:02:13       -6.090131        0.1327
BFGS:   31 08:02:13       -6.097584        0.1388
BFGS:   32 08:02:13       -6.105800        0.1763
BFGS:   33 08:02:14       -6.114670        0.1720
BFGS:   34 08:02:14       -6.124268        0.1654
BFGS:   35 08:02:14       -6.135479        0.1908
BFGS:   36 08:02:14       -6.148173        0.1915
BFGS:   37 08:02:14       -6.161448        0.2095
BFGS:   38 08:02:14       -6.173198        0.2077
BFGS:   39 08:02:14       -6.184974        0.1700
BFGS:   40 08:02:15       -6.196633        0.1961
BFGS:   41 08:02:15       -6.204031        0.1395
BFGS:   42 08:02:15       -6.209646        0.1338
BFGS:   43 08:02:16       -6.214869        0.1802
BFGS:   44 08:02:16       -6.221185        0.1656
BFGS:   45 08:02:16       -6.229123        0.1507
BFGS:   46 08:02:16       -6.234961        0.1108
BFGS:   47 08:02:17       -6.239772        0.1284
BFGS:   48 08:02:17       -6.243913        0.1296
BFGS:   49 08:02:17       -6.248841        0.1221
BFGS:   50 08:02:17       -6.254496        0.1501
BFGS:   51 08:02:17       -6.259920        0.1587
BFGS:   52 08:02:17       -6.264662        0.1475
BFGS:   53 08:02:17       -6.268851        0.1149
BFGS:   54 08:02:18       -6.272888        0.1014
BFGS:   55 08:02:18       -6.276688        0.1170
BFGS:   56 08:02:18       -6.280028        0.0995
BFGS:   57 08:02:18       -6.282839        0.0856
BFGS:   58 08:02:18       -6.285487        0.1060
BFGS:   59 08:02:18       -6.288465        0.1069
BFGS:   60 08:02:19       -6.291951        0.0932
BFGS:   61 08:02:19       -6.295011        0.0815
BFGS:   62 08:02:19       -6.297793        0.0816
BFGS:   63 08:02:19       -6.300151        0.0798
BFGS:   64 08:02:19       -6.302418        0.0854
BFGS:   65 08:02:20       -6.304714        0.0778
BFGS:   66 08:02:20       -6.307118        0.0902
BFGS:   67 08:02:20       -6.309626        0.0841
BFGS:   68 08:02:20       -6.312138        0.0840
BFGS:   69 08:02:20       -6.314480        0.0779
BFGS:   70 08:02:20       -6.316600        0.0677
BFGS:   71 08:02:20       -6.318599        0.0831
BFGS:   72 08:02:21       -6.320585        0.0797
BFGS:   73 08:02:21       -6.322516        0.0669
BFGS:   74 08:02:21       -6.324270        0.0664
BFGS:   75 08:02:21       -6.325856        0.0713
BFGS:   76 08:02:21       -6.327428        0.0590
BFGS:   77 08:02:21       -6.329122        0.0750
BFGS:   78 08:02:21       -6.331001        0.0724
BFGS:   79 08:02:21       -6.333027        0.0921
BFGS:   80 08:02:22       -6.335324        0.1080
BFGS:   81 08:02:22       -6.337890        0.0890
BFGS:   82 08:02:22       -6.340723        0.0696
BFGS:   83 08:02:22       -6.342895        0.0754
BFGS:   84 08:02:22       -6.344791        0.0663
BFGS:   85 08:02:22       -6.346327        0.0645
BFGS:   86 08:02:22       -6.347807        0.0621
BFGS:   87 08:02:22       -6.349209        0.0523
BFGS:   88 08:02:23       -6.350665        0.0839
BFGS:   89 08:02:23       -6.352122        0.0751
BFGS:   90 08:02:23       -6.353653        0.0856
BFGS:   91 08:02:23       -6.355123        0.0719
BFGS:   92 08:02:23       -6.356594        0.0665
BFGS:   93 08:02:23       -6.357939        0.0634
BFGS:   94 08:02:23       -6.359208        0.0492
Optimization complete!
Performing a relaxed scan over 20 steps...
      Step     Time          Energy         fmax
BFGS:    0 08:02:24       -6.221659        3.2898
BFGS:    1 08:02:24       -6.303391        2.6155
BFGS:    2 08:02:24       -6.325283        3.5181
BFGS:    3 08:02:24       -6.305086        1.7213
BFGS:    4 08:02:24       -6.336127        0.4127
BFGS:    5 08:02:24       -6.341715        0.1912
BFGS:    6 08:02:25       -6.343983        0.2933
BFGS:    7 08:02:25       -6.344791        0.1153
BFGS:    8 08:02:25       -6.345674        0.1032
BFGS:    9 08:02:25       -6.346778        0.0984
BFGS:   10 08:02:25       -6.347602        0.0961
BFGS:   11 08:02:25       -6.348489        0.0535
BFGS:   12 08:02:25       -6.349298        0.0696
BFGS:   13 08:02:25       -6.349859        0.0966
BFGS:   14 08:02:26       -6.350400        0.1078
BFGS:   15 08:02:26       -6.351112        0.0716
BFGS:   16 08:02:26       -6.351820        0.0692
BFGS:   17 08:02:26       -6.352526        0.0625
BFGS:   18 08:02:26       -6.353131        0.0700
BFGS:   19 08:02:26       -6.353776        0.0787
BFGS:   20 08:02:26       -6.354463        0.0671
BFGS:   21 08:02:26       -6.355028        0.0613
BFGS:   22 08:02:27       -6.355707        0.0812
BFGS:   23 08:02:27       -6.356315        0.0810
BFGS:   24 08:02:27       -6.357077        0.0493
      Step     Time          Energy         fmax
BFGS:    0 08:02:27       -6.141583        3.9674
BFGS:    1 08:02:27       -6.271532        3.2288
BFGS:    2 08:02:27       -6.295417        4.5819
BFGS:    3 08:02:27       -6.267116        1.8976
BFGS:    4 08:02:27       -6.304885        0.5757
BFGS:    5 08:02:28       -6.313302        0.3216
BFGS:    6 08:02:28       -6.314422        0.3371
BFGS:    7 08:02:28       -6.313489        0.1596
BFGS:    8 08:02:28       -6.314705        0.1291
BFGS:    9 08:02:28       -6.315883        0.1004
BFGS:   10 08:02:28       -6.316877        0.0798
BFGS:   11 08:02:29       -6.317482        0.1120
BFGS:   12 08:02:29       -6.317937        0.0508
BFGS:   13 08:02:29       -6.318278        0.0697
BFGS:   14 08:02:29       -6.318411        0.0752
BFGS:   15 08:02:29       -6.318968        0.0516
BFGS:   16 08:02:29       -6.319338        0.0470
      Step     Time          Energy         fmax
BFGS:    0 08:02:29       -6.019823        4.6984
BFGS:    1 08:02:29       -6.211193        4.4142
BFGS:    2 08:02:29       -6.229072        5.5606
BFGS:    3 08:02:30       -6.192590        2.2309
BFGS:    4 08:02:30       -6.245301        0.6177
BFGS:    5 08:02:30       -6.255507        0.3269
BFGS:    6 08:02:30       -6.255570        0.3591
BFGS:    7 08:02:30       -6.253781        0.1703
BFGS:    8 08:02:30       -6.255145        0.1212
BFGS:    9 08:02:31       -6.256260        0.1174
BFGS:   10 08:02:31       -6.257438        0.1076
BFGS:   11 08:02:31       -6.258408        0.1394
BFGS:   12 08:02:31       -6.259115        0.0659
BFGS:   13 08:02:31       -6.259604        0.1112
BFGS:   14 08:02:31       -6.259890        0.1077
BFGS:   15 08:02:31       -6.260793        0.0804
BFGS:   16 08:02:32       -6.261605        0.0591
BFGS:   17 08:02:32       -6.262870        0.0721
BFGS:   18 08:02:32       -6.263716        0.0922
BFGS:   19 08:02:32       -6.264664        0.1169
BFGS:   20 08:02:33       -6.265472        0.1148
BFGS:   21 08:02:33       -6.266428        0.0951
BFGS:   22 08:02:33       -6.267729        0.1222
BFGS:   23 08:02:33       -6.269581        0.1536
BFGS:   24 08:02:33       -6.272062        0.1487
BFGS:   25 08:02:33       -6.274694        0.0838
BFGS:   26 08:02:33       -6.276634        0.0813
BFGS:   27 08:02:34       -6.277988        0.0760
BFGS:   28 08:02:34       -6.278960        0.1005
BFGS:   29 08:02:34       -6.279760        0.0815
BFGS:   30 08:02:34       -6.280474        0.0583
BFGS:   31 08:02:34       -6.281232        0.0688
BFGS:   32 08:02:34       -6.282306        0.0765
BFGS:   33 08:02:34       -6.283660        0.0942
BFGS:   34 08:02:34       -6.285164        0.0736
BFGS:   35 08:02:34       -6.286316        0.0637
BFGS:   36 08:02:34       -6.287226        0.0597
BFGS:   37 08:02:34       -6.287952        0.0613
BFGS:   38 08:02:34       -6.288673        0.0502
BFGS:   39 08:02:35       -6.289336        0.0481
      Step     Time          Energy         fmax
BFGS:    0 08:02:35       -5.918934        5.7933
BFGS:    1 08:02:35       -6.160602        5.6162
BFGS:    2 08:02:35       -6.179404        6.2548
BFGS:    3 08:02:36       -6.098891        3.2706
BFGS:    4 08:02:36       -6.211642        0.6185
BFGS:    5 08:02:36       -6.221143        0.3195
BFGS:    6 08:02:36       -6.220389        0.3461
BFGS:    7 08:02:36       -6.219521        0.1345
BFGS:    8 08:02:36       -6.221467        0.1197
BFGS:    9 08:02:36       -6.222849        0.1059
BFGS:   10 08:02:36       -6.223907        0.0760
BFGS:   11 08:02:36       -6.224536        0.0512
BFGS:   12 08:02:37       -6.224690        0.0621
BFGS:   13 08:02:37       -6.224945        0.0811
BFGS:   14 08:02:37       -6.225365        0.0891
BFGS:   15 08:02:37       -6.225566        0.0888
BFGS:   16 08:02:37       -6.226015        0.0610
BFGS:   17 08:02:37       -6.226738        0.0470
      Step     Time          Energy         fmax
BFGS:    0 08:02:37       -5.745744        6.5869
BFGS:    1 08:02:37       -6.077063        6.9338
BFGS:    2 08:02:37       -6.092810        7.1734
BFGS:    3 08:02:37       -5.981250        3.6994
BFGS:    4 08:02:37       -6.125608        0.7381
BFGS:    5 08:02:37       -6.136775        0.3035
BFGS:    6 08:02:37       -6.133927        0.3695
BFGS:    7 08:02:37       -6.131629        0.1406
BFGS:    8 08:02:38       -6.133614        0.1183
BFGS:    9 08:02:38       -6.134776        0.1123
BFGS:   10 08:02:38       -6.135995        0.0934
BFGS:   11 08:02:38       -6.136670        0.1261
BFGS:   12 08:02:38       -6.136647        0.0800
BFGS:   13 08:02:38       -6.136600        0.1017
BFGS:   14 08:02:38       -6.137074        0.0870
BFGS:   15 08:02:38       -6.137324        0.0822
BFGS:   16 08:02:38       -6.137738        0.0589
BFGS:   17 08:02:38       -6.138500        0.0656
BFGS:   18 08:02:38       -6.138384        0.0687
BFGS:   19 08:02:38       -6.138712        0.0913
BFGS:   20 08:02:39       -6.138728        0.0907
BFGS:   21 08:02:39       -6.138959        0.0762
BFGS:   22 08:02:39       -6.139645        0.0994
BFGS:   23 08:02:39       -6.140743        0.1325
BFGS:   24 08:02:39       -6.142288        0.1256
BFGS:   25 08:02:39       -6.144027        0.0821
BFGS:   26 08:02:39       -6.144983        0.0711
BFGS:   27 08:02:39       -6.145770        0.0647
BFGS:   28 08:02:39       -6.145990        0.0861
BFGS:   29 08:02:39       -6.146325        0.0881
BFGS:   30 08:02:39       -6.146602        0.0830
BFGS:   31 08:02:39       -6.147284        0.0859
BFGS:   32 08:02:40       -6.148546        0.0988
BFGS:   33 08:02:40       -6.150200        0.0957
BFGS:   34 08:02:40       -6.152225        0.0889
BFGS:   35 08:02:40       -6.153982        0.0781
BFGS:   36 08:02:40       -6.155506        0.0739
BFGS:   37 08:02:40       -6.156722        0.0813
BFGS:   38 08:02:40       -6.157779        0.0626
BFGS:   39 08:02:40       -6.158605        0.0638
BFGS:   40 08:02:40       -6.159410        0.0499
      Step     Time          Energy         fmax
BFGS:    0 08:02:40       -5.624995        7.3712
BFGS:    1 08:02:40       -5.984596        8.1995
BFGS:    2 08:02:41       -5.996070        7.5977
BFGS:    3 08:02:41       -5.861353        4.4842
BFGS:    4 08:02:41       -6.058603        0.7695
BFGS:    5 08:02:41       -6.068362        0.3238
BFGS:    6 08:02:41       -6.065523        0.4005
BFGS:    7 08:02:41       -6.063578        0.1457
BFGS:    8 08:02:41       -6.065783        0.1263
BFGS:    9 08:02:41       -6.067035        0.1390
BFGS:   10 08:02:41       -6.068492        0.1211
BFGS:   11 08:02:42       -6.069448        0.1385
BFGS:   12 08:02:42       -6.069553        0.0641
BFGS:   13 08:02:42       -6.069706        0.0982
BFGS:   14 08:02:42       -6.070263        0.0802
BFGS:   15 08:02:42       -6.070903        0.0711
BFGS:   16 08:02:42       -6.071221        0.0475
      Step     Time          Energy         fmax
BFGS:    0 08:02:42       -5.381266        8.4280
BFGS:    1 08:02:42       -5.864742        9.7950
BFGS:    2 08:02:42       -5.861910        8.5977
BFGS:    3 08:02:42       -5.684678        5.2190
BFGS:    4 08:02:42       -5.945706        0.8913
BFGS:    5 08:02:42       -5.957890        0.3480
BFGS:    6 08:02:42       -5.952655        0.3838
BFGS:    7 08:02:43       -5.949482        0.1952
BFGS:    8 08:02:43       -5.951636        0.1137
BFGS:    9 08:02:43       -5.952465        0.1110
BFGS:   10 08:02:43       -5.953956        0.1061
BFGS:   11 08:02:43       -5.954691        0.0603
BFGS:   12 08:02:43       -5.954426        0.1082
BFGS:   13 08:02:43       -5.954323        0.1236
BFGS:   14 08:02:43       -5.955010        0.1097
BFGS:   15 08:02:43       -5.955287        0.0731
BFGS:   16 08:02:43       -5.955862        0.0650
BFGS:   17 08:02:43       -5.956256        0.0843
BFGS:   18 08:02:43       -5.956047        0.0593
BFGS:   19 08:02:43       -5.955822        0.0794
BFGS:   20 08:02:43       -5.955639        0.0824
BFGS:   21 08:02:43       -5.955601        0.0737
BFGS:   22 08:02:43       -5.956272        0.0720
BFGS:   23 08:02:43       -5.957037        0.1004
BFGS:   24 08:02:43       -5.958591        0.1021
BFGS:   25 08:02:43       -5.959468        0.0904
BFGS:   26 08:02:43       -5.960330        0.0678
BFGS:   27 08:02:44       -5.960573        0.0558
BFGS:   28 08:02:44       -5.960609        0.0765
BFGS:   29 08:02:44       -5.960478        0.1000
BFGS:   30 08:02:44       -5.960842        0.0932
BFGS:   31 08:02:44       -5.961586        0.0838
BFGS:   32 08:02:44       -5.963420        0.1022
BFGS:   33 08:02:44       -5.965644        0.1067
BFGS:   34 08:02:44       -5.968400        0.1094
BFGS:   35 08:02:44       -5.970439        0.0898
BFGS:   36 08:02:44       -5.972367        0.0909
BFGS:   37 08:02:44       -5.973822        0.0915
BFGS:   38 08:02:44       -5.975326        0.0890
BFGS:   39 08:02:44       -5.976616        0.0895
BFGS:   40 08:02:44       -5.977978        0.0779
BFGS:   41 08:02:44       -5.979191        0.0721
BFGS:   42 08:02:44       -5.980310        0.0877
BFGS:   43 08:02:44       -5.981164        0.0821
BFGS:   44 08:02:44       -5.981817        0.0996
BFGS:   45 08:02:45       -5.982404        0.0823
BFGS:   46 08:02:45       -5.983401        0.0764
BFGS:   47 08:02:45       -5.984106        0.0568
BFGS:   48 08:02:45       -5.985490        0.0519
BFGS:   49 08:02:45       -5.986256        0.0514
BFGS:   50 08:02:45       -5.987157        0.0527
BFGS:   51 08:02:45       -5.987629        0.0600
BFGS:   52 08:02:45       -5.988114        0.0543
BFGS:   53 08:02:45       -5.988720        0.0723
BFGS:   54 08:02:46       -5.989944        0.0796
BFGS:   55 08:02:46       -5.991580        0.0845
BFGS:   56 08:02:46       -5.993697        0.0742
BFGS:   57 08:02:46       -5.995461        0.0621
BFGS:   58 08:02:46       -5.997334        0.0721
BFGS:   59 08:02:46       -5.998455        0.0854
BFGS:   60 08:02:46       -5.999638        0.1017
BFGS:   61 08:02:46       -5.999503        0.0843
BFGS:   62 08:02:46       -6.000498        0.0762
BFGS:   63 08:02:46       -6.001336        0.0711
BFGS:   64 08:02:46       -6.002821        0.0508
BFGS:   65 08:02:47       -6.004248        0.0516
BFGS:   66 08:02:47       -6.006058        0.0677
BFGS:   67 08:02:47       -6.007639        0.0667
BFGS:   68 08:02:47       -6.008998        0.0594
BFGS:   69 08:02:47       -6.009949        0.0611
BFGS:   70 08:02:47       -6.010816        0.0625
BFGS:   71 08:02:47       -6.011763        0.0779
BFGS:   72 08:02:47       -6.012849        0.0772
BFGS:   73 08:02:47       -6.014292        0.0630
BFGS:   74 08:02:47       -6.015538        0.0679
BFGS:   75 08:02:47       -6.018046        0.1328
BFGS:   76 08:02:47       -6.020014        0.1259
BFGS:   77 08:02:48       -6.023341        0.0734
BFGS:   78 08:02:48       -6.025647        0.0782
BFGS:   79 08:02:48       -6.028630        0.0791
BFGS:   80 08:02:48       -6.031569        0.0852
BFGS:   81 08:02:48       -6.034299        0.0785
BFGS:   82 08:02:48       -6.036690        0.0632
BFGS:   83 08:02:48       -6.038470        0.0574
BFGS:   84 08:02:49       -6.039965        0.0683
BFGS:   85 08:02:49       -6.040920        0.0647
BFGS:   86 08:02:49       -6.042199        0.0576
BFGS:   87 08:02:49       -6.043756        0.0484
      Step     Time          Energy         fmax
BFGS:    0 08:02:49       -5.346911        8.9728
BFGS:    1 08:02:49       -5.803598       10.8724
BFGS:    2 08:02:49       -5.800575        8.5287
BFGS:    3 08:02:49       -5.620719        5.8518
BFGS:    4 08:02:49       -5.927309        0.8634
BFGS:    5 08:02:50       -5.935023        0.3329
BFGS:    6 08:02:50       -5.931135        0.3662
BFGS:    7 08:02:50       -5.930274        0.1941
BFGS:    8 08:02:50       -5.931984        0.1095
BFGS:    9 08:02:50       -5.932660        0.1145
BFGS:   10 08:02:50       -5.934084        0.1186
BFGS:   11 08:02:50       -5.935286        0.0655
BFGS:   12 08:02:50       -5.935456        0.0704
BFGS:   13 08:02:50       -5.936248        0.1290
BFGS:   14 08:02:51       -5.937255        0.1298
BFGS:   15 08:02:51       -5.937386        0.0819
BFGS:   16 08:02:51       -5.938313        0.0573
BFGS:   17 08:02:51       -5.938626        0.0895
BFGS:   18 08:02:51       -5.938747        0.0741
BFGS:   19 08:02:51       -5.938699        0.0712
BFGS:   20 08:02:51       -5.938851        0.0758
BFGS:   21 08:02:51       -5.939024        0.0715
BFGS:   22 08:02:51       -5.939713        0.0727
BFGS:   23 08:02:51       -5.940613        0.0716
BFGS:   24 08:02:52       -5.941683        0.0726
BFGS:   25 08:02:52       -5.942636        0.0706
BFGS:   26 08:02:52       -5.943062        0.0543
BFGS:   27 08:02:52       -5.943332        0.0397
      Step     Time          Energy         fmax
BFGS:    0 08:02:52       -5.094854        9.9954
BFGS:    1 08:02:52       -5.666240       12.2377
BFGS:    2 08:02:52       -5.648304        9.2851
BFGS:    3 08:02:52       -5.431233        6.4770
BFGS:    4 08:02:53       -5.807223        0.9389
BFGS:    5 08:02:53       -5.816247        0.3762
BFGS:    6 08:02:53       -5.810647        0.3644
BFGS:    7 08:02:53       -5.809954        0.2186
BFGS:    8 08:02:53       -5.811272        0.1036
BFGS:    9 08:02:53       -5.811807        0.1070
BFGS:   10 08:02:53       -5.812716        0.1116
BFGS:   11 08:02:54       -5.814094        0.0916
BFGS:   12 08:02:54       -5.814126        0.1006
BFGS:   13 08:02:54       -5.814153        0.0726
BFGS:   14 08:02:54       -5.815233        0.0702
BFGS:   15 08:02:54       -5.815156        0.0603
BFGS:   16 08:02:54       -5.815197        0.0422
      Step     Time          Energy         fmax
BFGS:    0 08:02:54       -4.790098       10.8899
BFGS:    1 08:02:54       -5.517442       13.6180
BFGS:    2 08:02:55       -5.472795        9.7966
BFGS:    3 08:02:55       -5.226397        6.8512
BFGS:    4 08:02:55       -5.653490        1.0234
BFGS:    5 08:02:55       -5.666073        0.4172
BFGS:    6 08:02:55       -5.658160        0.3650
BFGS:    7 08:02:55       -5.656940        0.2400
BFGS:    8 08:02:55       -5.658103        0.1185
BFGS:    9 08:02:55       -5.658408        0.1057
BFGS:   10 08:02:55       -5.659156        0.1122
BFGS:   11 08:02:56       -5.660474        0.1567
BFGS:   12 08:02:56       -5.660906        0.0694
BFGS:   13 08:02:56       -5.660789        0.0971
BFGS:   14 08:02:56       -5.661927        0.1155
BFGS:   15 08:02:56       -5.661679        0.0879
BFGS:   16 08:02:56       -5.661749        0.0761
BFGS:   17 08:02:56       -5.662086        0.0989
BFGS:   18 08:02:57       -5.661752        0.0928
BFGS:   19 08:02:57       -5.661635        0.0812
BFGS:   20 08:02:57       -5.661467        0.0991
BFGS:   21 08:02:57       -5.661490        0.0975
BFGS:   22 08:02:57       -5.661913        0.0776
BFGS:   23 08:02:57       -5.662585        0.0842
BFGS:   24 08:02:58       -5.663376        0.0965
BFGS:   25 08:02:58       -5.664336        0.0938
BFGS:   26 08:02:58       -5.664751        0.0711
BFGS:   27 08:02:58       -5.665220        0.0551
BFGS:   28 08:02:58       -5.665215        0.0572
BFGS:   29 08:02:58       -5.665417        0.0887
BFGS:   30 08:02:59       -5.665493        0.0858
BFGS:   31 08:02:59       -5.665963        0.0666
BFGS:   32 08:02:59       -5.666902        0.0702
BFGS:   33 08:02:59       -5.667831        0.0612
BFGS:   34 08:02:59       -5.669142        0.0736
BFGS:   35 08:03:00       -5.669806        0.0528
BFGS:   36 08:03:00       -5.670593        0.0392
      Step     Time          Energy         fmax
BFGS:    0 08:03:00       -4.527907       11.8241
BFGS:    1 08:03:00       -5.322067       14.5934
BFGS:    2 08:03:00       -5.265616       10.2010
BFGS:    3 08:03:00       -5.016979        7.2981
BFGS:    4 08:03:01       -5.500913        1.0669
BFGS:    5 08:03:01       -5.513782        0.4587
BFGS:    6 08:03:01       -5.506021        0.3580
BFGS:    7 08:03:01       -5.506510        0.2455
BFGS:    8 08:03:01       -5.507595        0.1332
BFGS:    9 08:03:01       -5.507489        0.1091
BFGS:   10 08:03:01       -5.508224        0.1065
BFGS:   11 08:03:02       -5.509644        0.0665
BFGS:   12 08:03:02       -5.509711        0.0836
BFGS:   13 08:03:02       -5.510271        0.0849
BFGS:   14 08:03:02       -5.511393        0.0867
BFGS:   15 08:03:02       -5.511207        0.0648
BFGS:   16 08:03:02       -5.511010        0.0510
BFGS:   17 08:03:02       -5.510758        0.0577
BFGS:   18 08:03:03       -5.510246        0.0417
      Step     Time          Energy         fmax
BFGS:    0 08:03:03       -4.187695       12.6069
BFGS:    1 08:03:03       -5.147313       15.9460
BFGS:    2 08:03:03       -5.053958       10.3084
BFGS:    3 08:03:03       -4.798960        7.5307
BFGS:    4 08:03:03       -5.315931        1.1090
BFGS:    5 08:03:03       -5.333014        0.4972
BFGS:    6 08:03:04       -5.323544        0.3436
BFGS:    7 08:03:04       -5.323702        0.2501
BFGS:    8 08:03:04       -5.324550        0.1364
BFGS:    9 08:03:04       -5.323862        0.1037
BFGS:   10 08:03:04       -5.324293        0.0934
BFGS:   11 08:03:04       -5.325343        0.1407
BFGS:   12 08:03:04       -5.325666        0.0905
BFGS:   13 08:03:05       -5.325940        0.0760
BFGS:   14 08:03:05       -5.327081        0.0799
BFGS:   15 08:03:05       -5.326547        0.0750
BFGS:   16 08:03:05       -5.325684        0.0757
BFGS:   17 08:03:05       -5.325024        0.0778
BFGS:   18 08:03:05       -5.324162        0.0702
BFGS:   19 08:03:05       -5.323788        0.0650
BFGS:   20 08:03:05       -5.323831        0.0892
BFGS:   21 08:03:05       -5.323946        0.0935
BFGS:   22 08:03:05       -5.324422        0.0817
BFGS:   23 08:03:06       -5.324656        0.0695
BFGS:   24 08:03:06       -5.324930        0.0901
BFGS:   25 08:03:06       -5.325102        0.0970
BFGS:   26 08:03:06       -5.325172        0.0683
BFGS:   27 08:03:06       -5.325815        0.0671
BFGS:   28 08:03:06       -5.326129        0.0630
BFGS:   29 08:03:06       -5.326998        0.1068
BFGS:   30 08:03:06       -5.327363        0.1207
BFGS:   31 08:03:07       -5.328015        0.1060
BFGS:   32 08:03:07       -5.328890        0.1159
BFGS:   33 08:03:07       -5.329420        0.1171
BFGS:   34 08:03:07       -5.331395        0.1355
BFGS:   35 08:03:07       -5.332487        0.1142
BFGS:   36 08:03:07       -5.335356        0.0972
BFGS:   37 08:03:08       -5.337466        0.0795
BFGS:   38 08:03:08       -5.339448        0.0687
BFGS:   39 08:03:08       -5.340693        0.0741
BFGS:   40 08:03:08       -5.341407        0.0717
BFGS:   41 08:03:08       -5.341991        0.0560
BFGS:   42 08:03:08       -5.342182        0.0661
BFGS:   43 08:03:08       -5.342740        0.0722
BFGS:   44 08:03:08       -5.343133        0.1014
BFGS:   45 08:03:08       -5.343953        0.0939
BFGS:   46 08:03:09       -5.344789        0.0767
BFGS:   47 08:03:09       -5.345523        0.0698
BFGS:   48 08:03:09       -5.346180        0.0529
BFGS:   49 08:03:09       -5.346534        0.0524
BFGS:   50 08:03:09       -5.346905        0.0433
      Step     Time          Energy         fmax
BFGS:    0 08:03:09       -3.963911       13.7129
BFGS:    1 08:03:09       -4.890691       16.9479
BFGS:    2 08:03:09       -4.796700       10.5169
BFGS:    3 08:03:09       -4.572279        8.0795
BFGS:    4 08:03:09       -5.159424        1.1385
BFGS:    5 08:03:10       -5.171812        0.5081
BFGS:    6 08:03:10       -5.165127        0.3685
BFGS:    7 08:03:10       -5.168268        0.2381
BFGS:    8 08:03:10       -5.169318        0.1535
BFGS:    9 08:03:10       -5.167505        0.1015
BFGS:   10 08:03:10       -5.167222        0.0810
BFGS:   11 08:03:10       -5.168200        0.0714
BFGS:   12 08:03:10       -5.169117        0.1095
BFGS:   13 08:03:10       -5.170590        0.0761
BFGS:   14 08:03:11       -5.172270        0.0884
BFGS:   15 08:03:11       -5.172443        0.0769
BFGS:   16 08:03:11       -5.171947        0.0720
BFGS:   17 08:03:11       -5.171000        0.0607
BFGS:   18 08:03:11       -5.170426        0.0587
BFGS:   19 08:03:11       -5.170419        0.0437
      Step     Time          Energy         fmax
BFGS:    0 08:03:11       -3.580712       14.5002
BFGS:    1 08:03:11       -4.755617       16.7913
BFGS:    2 08:03:11       -4.569126       10.5781
BFGS:    3 08:03:12       -4.427422        7.5331
BFGS:    4 08:03:12       -4.964480        1.2373
BFGS:    5 08:03:12       -4.977379        0.5416
BFGS:    6 08:03:12       -4.969711        0.3689
BFGS:    7 08:03:12       -4.972829        0.2289
BFGS:    8 08:03:12       -4.973536        0.1409
BFGS:    9 08:03:12       -4.971177        0.0931
BFGS:   10 08:03:12       -4.970548        0.0619
BFGS:   11 08:03:12       -4.971066        0.1142
BFGS:   12 08:03:13       -4.971735        0.0985
BFGS:   13 08:03:13       -4.972735        0.0542
BFGS:   14 08:03:13       -4.974285        0.0768
BFGS:   15 08:03:13       -4.973779        0.0740
BFGS:   16 08:03:13       -4.972292        0.0808
BFGS:   17 08:03:13       -4.970689        0.0682
BFGS:   18 08:03:14       -4.969447        0.0701
BFGS:   19 08:03:14       -4.969163        0.0436
      Step     Time          Energy         fmax
BFGS:    0 08:03:14       -3.229655       14.6948
BFGS:    1 08:03:14       -4.588071       15.9167
BFGS:    2 08:03:14       -4.331102       10.2239
BFGS:    3 08:03:14       -4.290214        6.7627
BFGS:    4 08:03:14       -4.749695        1.3090
BFGS:    5 08:03:14       -4.758425        0.5712
BFGS:    6 08:03:15       -4.751308        0.3723
BFGS:    7 08:03:15       -4.755022        0.2220
BFGS:    8 08:03:15       -4.755401        0.1394
BFGS:    9 08:03:15       -4.752612        0.0907
BFGS:   10 08:03:15       -4.751607        0.0710
BFGS:   11 08:03:16       -4.752188        0.1564
BFGS:   12 08:03:16       -4.753010        0.0597
BFGS:   13 08:03:16       -4.754438        0.0669
BFGS:   14 08:03:16       -4.755728        0.0818
BFGS:   15 08:03:16       -4.755543        0.0818
BFGS:   16 08:03:16       -4.754117        0.0835
BFGS:   17 08:03:16       -4.752191        0.0767
BFGS:   18 08:03:17       -4.750320        0.0862
BFGS:   19 08:03:17       -4.749366        0.0660
BFGS:   20 08:03:17       -4.749671        0.0707
BFGS:   21 08:03:17       -4.750404        0.0954
BFGS:   22 08:03:17       -4.751436        0.1038
BFGS:   23 08:03:17       -4.752234        0.0858
BFGS:   24 08:03:17       -4.751949        0.0802
BFGS:   25 08:03:17       -4.751913        0.0959
BFGS:   26 08:03:18       -4.750652        0.0854
BFGS:   27 08:03:18       -4.751870        0.0871
BFGS:   28 08:03:18       -4.752375        0.0909
BFGS:   29 08:03:18       -4.755222        0.0863
BFGS:   30 08:03:18       -4.757964        0.1187
BFGS:   31 08:03:18       -4.760672        0.1484
BFGS:   32 08:03:18       -4.763601        0.1420
BFGS:   33 08:03:18       -4.764321        0.1686
BFGS:   34 08:03:19       -4.766376        0.1662
BFGS:   35 08:03:19       -4.768017        0.1379
BFGS:   36 08:03:19       -4.772147        0.1379
BFGS:   37 08:03:19       -4.778099        0.1115
BFGS:   38 08:03:19       -4.783304        0.1062
BFGS:   39 08:03:19       -4.788384        0.1044
BFGS:   40 08:03:19       -4.790733        0.0952
BFGS:   41 08:03:20       -4.792509        0.0930
BFGS:   42 08:03:20       -4.792723        0.0815
BFGS:   43 08:03:20       -4.792933        0.0880
BFGS:   44 08:03:20       -4.793851        0.1125
BFGS:   45 08:03:20       -4.795423        0.1373
BFGS:   46 08:03:20       -4.796532        0.1094
BFGS:   47 08:03:20       -4.800486        0.1372
BFGS:   48 08:03:21       -4.801162        0.1278
BFGS:   49 08:03:21       -4.803325        0.0945
BFGS:   50 08:03:21       -4.804328        0.0824
BFGS:   51 08:03:21       -4.804708        0.0784
BFGS:   52 08:03:21       -4.806291        0.0903
BFGS:   53 08:03:21       -4.807128        0.0876
BFGS:   54 08:03:22       -4.809668        0.0795
BFGS:   55 08:03:22       -4.812552        0.1050
BFGS:   56 08:03:22       -4.816095        0.1186
BFGS:   57 08:03:22       -4.820292        0.1118
BFGS:   58 08:03:22       -4.822869        0.1316
BFGS:   59 08:03:22       -4.827681        0.1384
BFGS:   60 08:03:23       -4.832307        0.1306
BFGS:   61 08:03:23       -4.837951        0.1392
BFGS:   62 08:03:23       -4.842745        0.1410
BFGS:   63 08:03:23       -4.847445        0.1393
BFGS:   64 08:03:23       -4.850836        0.1161
BFGS:   65 08:03:24       -4.854168        0.1215
BFGS:   66 08:03:24       -4.856645        0.0824
BFGS:   67 08:03:24       -4.859894        0.0940
BFGS:   68 08:03:24       -4.862372        0.0940
BFGS:   69 08:03:24       -4.864597        0.0820
BFGS:   70 08:03:24       -4.865693        0.0801
BFGS:   71 08:03:25       -4.866342        0.0989
BFGS:   72 08:03:25       -4.866740        0.0859
BFGS:   73 08:03:25       -4.867421        0.0667
BFGS:   74 08:03:25       -4.868199        0.0567
BFGS:   75 08:03:25       -4.869798        0.0872
BFGS:   76 08:03:25       -4.871370        0.1050
BFGS:   77 08:03:25       -4.873564        0.0805
BFGS:   78 08:03:26       -4.876546        0.0503
BFGS:   79 08:03:26       -4.878242        0.0565
BFGS:   80 08:03:26       -4.879836        0.0748
BFGS:   81 08:03:26       -4.880457        0.0645
BFGS:   82 08:03:26       -4.881392        0.0597
BFGS:   83 08:03:26       -4.882051        0.0609
BFGS:   84 08:03:26       -4.883341        0.0663
BFGS:   85 08:03:27       -4.885034        0.0627
BFGS:   86 08:03:27       -4.886817        0.0626
BFGS:   87 08:03:27       -4.889155        0.0681
BFGS:   88 08:03:27       -4.891171        0.0721
BFGS:   89 08:03:27       -4.893900        0.0792
BFGS:   90 08:03:27       -4.895967        0.0781
BFGS:   91 08:03:27       -4.898566        0.1030
BFGS:   92 08:03:27       -4.900535        0.0961
BFGS:   93 08:03:27       -4.902785        0.0719
BFGS:   94 08:03:27       -4.904632        0.0738
BFGS:   95 08:03:27       -4.906145        0.0639
BFGS:   96 08:03:28       -4.907615        0.0768
BFGS:   97 08:03:28       -4.908702        0.0561
BFGS:   98 08:03:28       -4.909608        0.0652
BFGS:   99 08:03:28       -4.910392        0.0612
BFGS:  100 08:03:28       -4.911231        0.0614
BFGS:  101 08:03:28       -4.912527        0.0618
BFGS:  102 08:03:28       -4.913752        0.0583
BFGS:  103 08:03:28       -4.915137        0.0548
BFGS:  104 08:03:29       -4.916145        0.0571
BFGS:  105 08:03:29       -4.917146        0.0552
BFGS:  106 08:03:29       -4.917691        0.0440
      Step     Time          Energy         fmax
BFGS:    0 08:03:29       -3.337995       14.5771
BFGS:    1 08:03:29       -4.539343       13.9930
BFGS:    2 08:03:29       -4.330175        9.4261
BFGS:    3 08:03:29       -4.294442        6.1388
BFGS:    4 08:03:30       -4.720668        1.3410
BFGS:    5 08:03:30       -4.721324        0.7471
BFGS:    6 08:03:30       -4.720834        0.3327
BFGS:    7 08:03:30       -4.724746        0.1892
BFGS:    8 08:03:30       -4.726001        0.1371
BFGS:    9 08:03:30       -4.722080        0.0772
BFGS:   10 08:03:30       -4.719650        0.0724
BFGS:   11 08:03:31       -4.718737        0.0936
BFGS:   12 08:03:31       -4.720007        0.0603
BFGS:   13 08:03:31       -4.722104        0.0562
BFGS:   14 08:03:31       -4.724077        0.0632
BFGS:   15 08:03:31       -4.724679        0.0719
BFGS:   16 08:03:31       -4.723776        0.0571
BFGS:   17 08:03:31       -4.722068        0.1014
BFGS:   18 08:03:31       -4.720726        0.0713
BFGS:   19 08:03:31       -4.720547        0.0667
BFGS:   20 08:03:31       -4.721539        0.0378
      Step     Time          Energy         fmax
BFGS:    0 08:03:31       -3.077199       14.4741
BFGS:    1 08:03:32       -4.342986       12.9614
BFGS:    2 08:03:32       -4.135258        8.6295
BFGS:    3 08:03:32       -4.143230        5.4848
BFGS:    4 08:03:32       -4.500863        1.4200
BFGS:    5 08:03:32       -4.497114        0.8646
BFGS:    6 08:03:32       -4.499093        0.3026
BFGS:    7 08:03:32       -4.501577        0.1839
BFGS:    8 08:03:32       -4.501780        0.1237
BFGS:    9 08:03:32       -4.498814        0.0647
BFGS:   10 08:03:32       -4.496739        0.0665
BFGS:   11 08:03:33       -4.496029        0.0701
BFGS:   12 08:03:33       -4.497027        0.0424
      Step     Time          Energy         fmax
BFGS:    0 08:03:33       -2.925054       13.2952
BFGS:    1 08:03:33       -4.044344        8.8185
BFGS:    2 08:03:33       -3.984493        7.3730
BFGS:    3 08:03:33       -4.038029        4.8237
BFGS:    4 08:03:33       -4.277747        1.2721
BFGS:    5 08:03:33       -4.281751        0.9805
BFGS:    6 08:03:33       -4.291222        0.2378
BFGS:    7 08:03:34       -4.294671        0.1651
BFGS:    8 08:03:34       -4.296032        0.1209
BFGS:    9 08:03:34       -4.292652        0.0847
BFGS:   10 08:03:34       -4.289749        0.0789
BFGS:   11 08:03:34       -4.288123        0.1043
BFGS:   12 08:03:34       -4.289407        0.1318
BFGS:   13 08:03:34       -4.292838        0.1392
BFGS:   14 08:03:35       -4.296095        0.0768
BFGS:   15 08:03:35       -4.299057        0.0844
BFGS:   16 08:03:35       -4.298709        0.0677
BFGS:   17 08:03:35       -4.296797        0.0597
BFGS:   18 08:03:35       -4.295310        0.0655
BFGS:   19 08:03:35       -4.294785        0.0693
BFGS:   20 08:03:35       -4.296021        0.0481
      Step     Time          Energy         fmax
BFGS:    0 08:03:36       -2.864725       12.0021
BFGS:    1 08:03:36       -3.660091        6.3590
BFGS:    2 08:03:36       -3.947174        3.2414
BFGS:    3 08:03:36       -4.028772        3.9312
BFGS:    4 08:03:36       -4.035506        1.0100
BFGS:    5 08:03:36       -4.046034        1.1388
BFGS:    6 08:03:36       -4.057801        0.1747
BFGS:    7 08:03:36       -4.056322        0.1434
BFGS:    8 08:03:37       -4.056507        0.1028
BFGS:    9 08:03:37       -4.055167        0.0546
BFGS:   10 08:03:37       -4.053300        0.0521
BFGS:   11 08:03:37       -4.052354        0.0562
BFGS:   12 08:03:37       -4.052254        0.0706
BFGS:   13 08:03:37       -4.052993        0.0674
BFGS:   14 08:03:37       -4.054734        0.0637
BFGS:   15 08:03:37       -4.057543        0.0707
BFGS:   16 08:03:38       -4.058438        0.0719
BFGS:   17 08:03:38       -4.058262        0.0938
BFGS:   18 08:03:38       -4.057293        0.0859
BFGS:   19 08:03:38       -4.056645        0.0931
BFGS:   20 08:03:38       -4.056707        0.0780
BFGS:   21 08:03:38       -4.057570        0.0641
BFGS:   22 08:03:38       -4.058109        0.0599
BFGS:   23 08:03:38       -4.058406        0.0628
BFGS:   24 08:03:38       -4.057799        0.0497
      Step     Time          Energy         fmax
BFGS:    0 08:03:39       -3.492246        8.0185
BFGS:    1 08:03:39       -3.774688        4.3614
BFGS:    2 08:03:39       -4.041591        1.5327
BFGS:    3 08:03:39       -4.056510        1.9849
BFGS:    4 08:03:39       -4.097649        0.7111
BFGS:    5 08:03:39       -4.083795        0.8167
BFGS:    6 08:03:39       -4.098296        0.2408
BFGS:    7 08:03:39       -4.103304        0.1728
BFGS:    8 08:03:39       -4.103512        0.0747
BFGS:    9 08:03:40       -4.103956        0.0888
BFGS:   10 08:03:40       -4.104858        0.0792
BFGS:   11 08:03:40       -4.106601        0.0598
BFGS:   12 08:03:40       -4.108073        0.0789
BFGS:   13 08:03:40       -4.109658        0.0906
BFGS:   14 08:03:40       -4.111030        0.0758
BFGS:   15 08:03:40       -4.111759        0.0619
BFGS:   16 08:03:40       -4.112135        0.0730
BFGS:   17 08:03:41       -4.113538        0.0900
BFGS:   18 08:03:41       -4.115528        0.1137
BFGS:   19 08:03:41       -4.119351        0.0940
BFGS:   20 08:03:41       -4.123163        0.0998
BFGS:   21 08:03:41       -4.127814        0.1242
BFGS:   22 08:03:41       -4.131575        0.1312
BFGS:   23 08:03:41       -4.134051        0.1136
BFGS:   24 08:03:41       -4.136280        0.0865
BFGS:   25 08:03:42       -4.137539        0.0970
BFGS:   26 08:03:42       -4.140229        0.1010
BFGS:   27 08:03:42       -4.143149        0.0811
BFGS:   28 08:03:42       -4.146502        0.0667
BFGS:   29 08:03:42       -4.150068        0.0714
BFGS:   30 08:03:42       -4.152621        0.0874
BFGS:   31 08:03:43       -4.155467        0.0965
BFGS:   32 08:03:43       -4.157564        0.0860
BFGS:   33 08:03:43       -4.159879        0.0906
BFGS:   34 08:03:43       -4.162624        0.1146
BFGS:   35 08:03:43       -4.165384        0.1285
BFGS:   36 08:03:43       -4.168949        0.0970
BFGS:   37 08:03:43       -4.171915        0.0825
BFGS:   38 08:03:44       -4.174324        0.0819
BFGS:   39 08:03:44       -4.176044        0.0910
BFGS:   40 08:03:44       -4.177275        0.0856
BFGS:   41 08:03:44       -4.178687        0.0594
BFGS:   42 08:03:44       -4.180253        0.0664
BFGS:   43 08:03:44       -4.182034        0.0671
BFGS:   44 08:03:45       -4.184081        0.0740
BFGS:   45 08:03:45       -4.185848        0.0652
BFGS:   46 08:03:45       -4.187276        0.0717
BFGS:   47 08:03:45       -4.188010        0.0743
BFGS:   48 08:03:45       -4.188607        0.1059
BFGS:   49 08:03:45       -4.189327        0.1013
BFGS:   50 08:03:45       -4.190632        0.0639
BFGS:   51 08:03:46       -4.192254        0.0611
BFGS:   52 08:03:46       -4.194548        0.0617
BFGS:   53 08:03:46       -4.196941        0.0914
BFGS:   54 08:03:46       -4.199726        0.0829
BFGS:   55 08:03:46       -4.201467        0.0705
BFGS:   56 08:03:46       -4.202441        0.0594
BFGS:   57 08:03:47       -4.202106        0.0771
BFGS:   58 08:03:47       -4.202929        0.0827
BFGS:   59 08:03:47       -4.203401        0.0774
BFGS:   60 08:03:47       -4.205299        0.0589
BFGS:   61 08:03:47       -4.206819        0.0499
Performing final optimization with tight thresholds...
      Step     Time          Energy         fmax
BFGS:    0 08:03:47       -4.206819        0.0499
Tight optimization complete!
Relaxed scan complete! Trajectory saved to opt.traj. 
Finished in 0 hours, 1 minutes, and 40 seconds
