You need to install the group's fork of aRMSD and put it in your path https://github.mit.edu/MLMat/aRMSD
[  0.        +519.97712176j   0.         +11.90893082j
   0.          +5.46661676j   0.          +4.54704845j
   0.          +1.61214238j   4.59616886  +0.j
   7.78304552  +0.j          26.09804075  +0.j
  48.0586951   +0.j          53.26211971  +0.j
 113.40551277  +0.j         122.84516442  +0.j
 179.19095388  +0.j         199.49931368  +0.j
 222.49962494  +0.j         227.84162103  +0.j
 256.60420632  +0.j         260.97789619  +0.j
 286.54151635  +0.j         340.08848603  +0.j        ]
Entropy components at T = 298.15 K and P = 101325.0 Pa:
=================================================
                           S               T*S
S_trans (1 bar)    0.0018612 eV/K        0.555 eV
S_rot              0.0014774 eV/K        0.440 eV
S_elec             0.0000000 eV/K        0.000 eV
S_vib              0.0021460 eV/K        0.640 eV
S (1 bar -> P)    -0.0000011 eV/K       -0.000 eV
-------------------------------------------------
S                  0.0054834 eV/K        1.635 eV
=================================================
Enthalpy components at T = 298.15 K:
===============================
E_pot                 -0.077 eV
E_ZPE                  3.942 eV
Cv_trans (0->T)        0.039 eV
Cv_rot (0->T)          0.039 eV
Cv_vib (0->T)          0.338 eV
(C_v -> C_p)           0.026 eV
-------------------------------
H                      4.305 eV
===============================
RMS: 0.021190220490098, MAX: 0.22238695621490479
RMS: 0.01289378572255373, MAX: 0.10738857090473175
RMS: 0.009304851293563843, MAX: 0.03845241293311119
RMS: 0.010082576423883438, MAX: 0.048931095749139786
RMS: 0.009518979117274284, MAX: 0.047539159655570984
RMS: 0.00588261429220438, MAX: 0.02813016250729561
RMS: 0.004060107748955488, MAX: 0.021385516971349716
RMS: 0.0023063321132212877, MAX: 0.011126850731670856
RMS: 0.001975340535864234, MAX: 0.009705697186291218
RMS: 0.0020346753299236298, MAX: 0.019638391211628914
RMS: 0.0010900594061240554, MAX: 0.009431656450033188
RMS: 0.001496510929428041, MAX: 0.00882863998413086
RMS: 0.000924960186239332, MAX: 0.006854396313428879
RMS: 0.0010059584164991975, MAX: 0.006612996570765972
RMS: 0.002906977664679289, MAX: 0.015144268982112408
RMS: 0.0006129889516159892, MAX: 0.0031456726137548685
Optimization converged!
Eigenvector following terminated normally.
[  0.        +519.92819615j   0.          +6.84566588j
   0.          +4.0577883j    0.          +3.18930171j
   0.          +1.47256456j   0.          +1.2716125j
   1.5409778   +0.j          27.25986311  +0.j
  48.77555788  +0.j          52.54267272  +0.j
 114.57687857  +0.j         122.67433673  +0.j
 176.81720533  +0.j         204.08989327  +0.j
 222.69901347  +0.j         227.45629237  +0.j
 256.84941474  +0.j         260.22681758  +0.j
 281.08999187  +0.j         340.01559512  +0.j        ]
Flipping all imaginary frequencies except the lowest one
Entropy components at T = 298.15 K and P = 101325.0 Pa:
=================================================
                           S               T*S
S_trans (1 bar)    0.0018612 eV/K        0.555 eV
S_rot              0.0014768 eV/K        0.440 eV
S_elec             0.0000000 eV/K        0.000 eV
S_vib              0.0021441 eV/K        0.639 eV
S (1 bar -> P)    -0.0000011 eV/K       -0.000 eV
-------------------------------------------------
S                  0.0054809 eV/K        1.634 eV
=================================================
Enthalpy components at T = 298.15 K:
===============================
E_pot                 -0.081 eV
E_ZPE                  3.939 eV
Cv_trans (0->T)        0.039 eV
Cv_rot (0->T)          0.039 eV
Cv_vib (0->T)          0.338 eV
(C_v -> C_p)           0.026 eV
-------------------------------
H                      4.299 eV
===============================
