You need to install the group's fork of aRMSD and put it in your path https://github.mit.edu/MLMat/aRMSD
[ 0.        +428.94973095j  0.          +3.08332533j
  0.          +1.19035217j  0.          +0.64535459j
  0.          +0.64122697j  5.42320038  +0.j
  5.77830599  +0.j         15.40930567  +0.j
 20.46848359  +0.j         23.60897297  +0.j
 28.62089114  +0.j         32.69394766  +0.j
 35.52098911  +0.j         40.42301415  +0.j
 44.54724946  +0.j         47.39657979  +0.j
 53.68358509  +0.j         58.6023853   +0.j
 75.01375408  +0.j         85.48724014  +0.j        ]
Entropy components at T = 298.15 K and P = 101325.0 Pa:
=================================================
                           S               T*S
S_trans (1 bar)    0.0019477 eV/K        0.581 eV
S_rot              0.0016590 eV/K        0.495 eV
S_elec             0.0000000 eV/K        0.000 eV
S_vib              0.0068199 eV/K        2.033 eV
S (1 bar -> P)    -0.0000011 eV/K       -0.000 eV
-------------------------------------------------
S                  0.0104255 eV/K        3.108 eV
=================================================
Enthalpy components at T = 298.15 K:
===============================
E_pot                 -2.551 eV
E_ZPE                 17.446 eV
Cv_trans (0->T)        0.039 eV
Cv_rot (0->T)          0.039 eV
Cv_vib (0->T)          0.968 eV
(C_v -> C_p)           0.026 eV
-------------------------------
H                     15.966 eV
===============================
RMS: 0.011648176237940788, MAX: 0.3351709544658661
RMS: 0.007410833612084389, MAX: 0.22000852227210999
RMS: 0.0046619693748652935, MAX: 0.15975011885166168
RMS: 0.005531416740268469, MAX: 0.15222862362861633
RMS: 0.005468615796416998, MAX: 0.09482498466968536
RMS: 0.0038017805200070143, MAX: 0.06149682402610779
RMS: 0.0039054264780133963, MAX: 0.0657392144203186
RMS: 0.0042701889760792255, MAX: 0.10803094506263733
RMS: 0.0044218627735972404, MAX: 0.12804514169692993
RMS: 0.004310389515012503, MAX: 0.1317816972732544
RMS: 0.003979236353188753, MAX: 0.1169755831360817
RMS: 0.0034797536209225655, MAX: 0.08796663582324982
RMS: 0.0028754740487784147, MAX: 0.05314701795578003
RMS: 0.00234299898147583, MAX: 0.026724357157945633
RMS: 0.002171178115531802, MAX: 0.025686178356409073
RMS: 0.00234993826597929, MAX: 0.05749480053782463
RMS: 0.004279823508113623, MAX: 0.09103885293006897
RMS: 0.003627233440056443, MAX: 0.076826311647892
RMS: 0.003112615318968892, MAX: 0.09230034798383713
RMS: 0.0033318630885332823, MAX: 0.08837602287530899
RMS: 0.001660310896113515, MAX: 0.0221251230686903
RMS: 0.0011940943077206612, MAX: 0.030711155384778976
RMS: 0.00238541211001575, MAX: 0.038020748645067215
RMS: 0.0015443864976987243, MAX: 0.037445828318595886
RMS: 0.004089784808456898, MAX: 0.08625006675720215
RMS: 0.0024106858763843775, MAX: 0.0499478280544281
RMS: 0.004087958484888077, MAX: 0.1114751473069191
RMS: 0.0027539285365492105, MAX: 0.08097022026777267
RMS: 0.0024336236529052258, MAX: 0.0531013198196888
RMS: 0.0010022178757935762, MAX: 0.019331350922584534
RMS: 0.0013102752855047584, MAX: 0.016870204359292984
RMS: 0.0010588372824713588, MAX: 0.013583139516413212
RMS: 0.0016550121363252401, MAX: 0.02462918683886528
RMS: 0.004476291127502918, MAX: 0.06806404143571854
RMS: 0.0026153225917369127, MAX: 0.07056105136871338
RMS: 0.005024643149226904, MAX: 0.10211464762687683
RMS: 0.0026274528354406357, MAX: 0.08077044039964676
RMS: 0.003852300811558962, MAX: 0.08553337305784225
RMS: 0.002081541111692786, MAX: 0.023979969322681427
RMS: 0.0035441135987639427, MAX: 0.09662941098213196
RMS: 0.0025050765834748745, MAX: 0.05404573306441307
RMS: 0.002463926561176777, MAX: 0.06415052711963654
RMS: 0.0025713362265378237, MAX: 0.09924225509166718
RMS: 0.002879008185118437, MAX: 0.10483162850141525
RMS: 0.0029988433234393597, MAX: 0.11691392213106155
RMS: 0.0033326258417218924, MAX: 0.16158545017242432
RMS: 0.00401277095079422, MAX: 0.09598066657781601
RMS: 0.003942601382732391, MAX: 0.1910248100757599
RMS: 0.004239434376358986, MAX: 0.14475688338279724
RMS: 0.0040313624776899815, MAX: 0.13280048966407776
RMS: 0.0012132697738707066, MAX: 0.018643811345100403
RMS: 0.00363194290548563, MAX: 0.11910413205623627
RMS: 0.0017290272517129779, MAX: 0.033230531960725784
RMS: 0.0009976522997021675, MAX: 0.017404716461896896
RMS: 0.0015577132580801845, MAX: 0.016711901873350143
RMS: 0.0012505705235525966, MAX: 0.01505617331713438
RMS: 0.0014596530236303806, MAX: 0.024873554706573486
RMS: 0.0008613364188931882, MAX: 0.02365875244140625
RMS: 0.0007724690367467701, MAX: 0.0114750312641263
RMS: 0.0008033306221477687, MAX: 0.018575547263026237
RMS: 0.0014303328935056925, MAX: 0.019046593457460403
RMS: 0.0010568329598754644, MAX: 0.011804447509348392
RMS: 0.0017246620263904333, MAX: 0.0174992848187685
RMS: 0.001407497562468052, MAX: 0.011850476264953613
RMS: 0.0011217229766771197, MAX: 0.020147137343883514
RMS: 0.000858782441355288, MAX: 0.012874922715127468
RMS: 0.000600479485001415, MAX: 0.010369752533733845
RMS: 0.0007456677267327905, MAX: 0.009513074532151222
RMS: 0.0015319272642955184, MAX: 0.015278929844498634
RMS: 0.001935978652909398, MAX: 0.016118532046675682
RMS: 0.0020749124232679605, MAX: 0.017730941995978355
RMS: 0.0022406133357435465, MAX: 0.01840377226471901
RMS: 0.0029337552841752768, MAX: 0.02304239757359028
RMS: 0.0011808992130681872, MAX: 0.016150951385498047
RMS: 0.0031228656880557537, MAX: 0.02483556792140007
RMS: 0.001345812575891614, MAX: 0.016256025061011314
RMS: 0.001760452869348228, MAX: 0.023514240980148315
RMS: 0.002763045020401478, MAX: 0.0317029133439064
RMS: 0.0022826807107776403, MAX: 0.0308163333684206
RMS: 0.002947765402495861, MAX: 0.03716108575463295
RMS: 0.0027579052839428186, MAX: 0.03341224044561386
RMS: 0.0013829884119331837, MAX: 0.033329375088214874
RMS: 0.0026911015156656504, MAX: 0.034933269023895264
RMS: 0.0017769255209714174, MAX: 0.021183118224143982
RMS: 0.0016574579058215022, MAX: 0.019716864451766014
RMS: 0.00138635013718158, MAX: 0.037095505744218826
RMS: 0.0014527988387271762, MAX: 0.016045212745666504
RMS: 0.0014392492594197392, MAX: 0.019071904942393303
RMS: 0.001181103871203959, MAX: 0.03563689440488815
RMS: 0.0014755530282855034, MAX: 0.015133263543248177
RMS: 0.0023698974400758743, MAX: 0.027142634615302086
RMS: 0.0006421509315259755, MAX: 0.021670609712600708
RMS: 0.0006120282923802733, MAX: 0.005247951950877905
RMS: 0.000997374765574932, MAX: 0.00931166298687458
RMS: 0.001759968465194106, MAX: 0.014885703101754189
RMS: 0.001382026239298284, MAX: 0.009268548339605331
RMS: 0.0024167110677808523, MAX: 0.020550232380628586
RMS: 0.001940772868692875, MAX: 0.025133078917860985
RMS: 0.0015289286384359002, MAX: 0.015065683051943779
RMS: 0.0005530203925445676, MAX: 0.0034436453133821487
Optimization converged!
Eigenvector following terminated normally.
[ 0.        +477.13211046j  0.          +1.99220019j
  0.          +1.59384668j  0.          +0.93650174j
  0.          +0.65602233j  0.          +0.53422131j
  0.26995188  +0.j         17.4995791   +0.j
 21.44704428  +0.j         23.81706807  +0.j
 33.0080864   +0.j         37.5861019   +0.j
 39.45263614  +0.j         41.85409178  +0.j
 45.38410355  +0.j         50.12689932  +0.j
 60.33702818  +0.j         62.08458695  +0.j
 79.82365107  +0.j         83.34082259  +0.j        ]
Flipping all imaginary frequencies except the lowest one
Entropy components at T = 298.15 K and P = 101325.0 Pa:
=================================================
                           S               T*S
S_trans (1 bar)    0.0019477 eV/K        0.581 eV
S_rot              0.0016574 eV/K        0.494 eV
S_elec             0.0000000 eV/K        0.000 eV
S_vib              0.0067416 eV/K        2.010 eV
S (1 bar -> P)    -0.0000011 eV/K       -0.000 eV
-------------------------------------------------
S                  0.0103455 eV/K        3.085 eV
=================================================
Enthalpy components at T = 298.15 K:
===============================
E_pot                 -2.580 eV
E_ZPE                 17.455 eV
Cv_trans (0->T)        0.039 eV
Cv_rot (0->T)          0.039 eV
Cv_vib (0->T)          0.967 eV
(C_v -> C_p)           0.026 eV
-------------------------------
H                     15.945 eV
===============================
