You need to install the group's fork of aRMSD and put it in your path https://github.mit.edu/MLMat/aRMSD
[ 0.        +6.66634195e+02j  0.        +7.71038505e+00j
  0.        +2.91146634e+00j  0.        +1.05247934e+00j
  0.        +7.88408451e-01j  0.        +4.88017637e-01j
  4.52442308+0.00000000e+00j 10.27449052+0.00000000e+00j
 12.2033866 +0.00000000e+00j 21.07549157+0.00000000e+00j
 24.41831325+0.00000000e+00j 29.25357241+0.00000000e+00j
 37.97465216+0.00000000e+00j 46.51976978+0.00000000e+00j
 51.96290281+0.00000000e+00j 55.53564211+0.00000000e+00j
 61.47736524+0.00000000e+00j 66.38346795+0.00000000e+00j
 76.71898607+0.00000000e+00j 89.05413081+0.00000000e+00j]
Entropy components at T = 298.15 K and P = 101325.0 Pa:
=================================================
                           S               T*S
S_trans (1 bar)    0.0019505 eV/K        0.582 eV
S_rot              0.0016588 eV/K        0.495 eV
S_elec             0.0000000 eV/K        0.000 eV
S_vib              0.0057848 eV/K        1.725 eV
S (1 bar -> P)    -0.0000011 eV/K       -0.000 eV
-------------------------------------------------
S                  0.0093930 eV/K        2.801 eV
=================================================
Enthalpy components at T = 298.15 K:
===============================
E_pot                 -2.855 eV
E_ZPE                  9.124 eV
Cv_trans (0->T)        0.039 eV
Cv_rot (0->T)          0.039 eV
Cv_vib (0->T)          0.795 eV
(C_v -> C_p)           0.026 eV
-------------------------------
H                      7.166 eV
===============================
RMS: 0.05997341871261597, MAX: 1.2357858419418335
RMS: 0.022672438994050026, MAX: 0.5254281759262085
RMS: 0.01720302738249302, MAX: 0.3859822452068329
RMS: 0.025338320061564445, MAX: 0.3746955990791321
RMS: 0.02952301688492298, MAX: 0.4727860689163208
RMS: 0.013889877125620842, MAX: 0.18072080612182617
RMS: 0.011321051977574825, MAX: 0.16247250139713287
RMS: 0.011641030199825764, MAX: 0.13848625123500824
RMS: 0.010831848718225956, MAX: 0.06923002749681473
RMS: 0.006995231378823519, MAX: 0.043794285506010056
RMS: 0.007956231012940407, MAX: 0.06361562013626099
RMS: 0.0072218310087919235, MAX: 0.05568648502230644
RMS: 0.006441211793571711, MAX: 0.04015636071562767
RMS: 0.005700507666915655, MAX: 0.025747772306203842
RMS: 0.006992979906499386, MAX: 0.049284640699625015
RMS: 0.0049866265617311, MAX: 0.04010054096579552
RMS: 0.004458039067685604, MAX: 0.040746163576841354
RMS: 0.007774914149194956, MAX: 0.09943456947803497
RMS: 0.00779837928712368, MAX: 0.06338868290185928
RMS: 0.0083424411714077, MAX: 0.11857475340366364
RMS: 0.009216866455972195, MAX: 0.12298031151294708
RMS: 0.0054826512932777405, MAX: 0.05572958290576935
RMS: 0.005019884090870619, MAX: 0.03583251312375069
RMS: 0.004158256575465202, MAX: 0.025640111416578293
RMS: 0.0036594169214367867, MAX: 0.013480229303240776
RMS: 0.003375519998371601, MAX: 0.03371336683630943
RMS: 0.0019957467447966337, MAX: 0.018334921449422836
RMS: 0.0039041186682879925, MAX: 0.03639412671327591
RMS: 0.00243183015845716, MAX: 0.027461418882012367
RMS: 0.0018338770605623722, MAX: 0.008149531669914722
RMS: 0.0014726190129294991, MAX: 0.0066238087601959705
RMS: 0.0023523219861090183, MAX: 0.013838289305567741
RMS: 0.0009385799639858305, MAX: 0.004666730295866728
Optimization converged!
Eigenvector following terminated normally.
[ 0.        +9.96014905e+02j  0.        +2.59937422e+00j
  0.        +1.74313030e+00j  0.        +1.59972870e+00j
  0.        +1.21341982e+00j  0.        +1.04142892e+00j
  0.        +7.96992119e-01j 11.23991325+0.00000000e+00j
 12.78864426+0.00000000e+00j 22.46759628+0.00000000e+00j
 24.0661971 +0.00000000e+00j 29.20454902+0.00000000e+00j
 39.55349455+0.00000000e+00j 43.83767411+0.00000000e+00j
 51.03440308+0.00000000e+00j 54.85874125+0.00000000e+00j
 60.16319965+0.00000000e+00j 63.80342599+0.00000000e+00j
 72.79611927+0.00000000e+00j 87.91595544+0.00000000e+00j]
Flipping all imaginary frequencies except the lowest one
Entropy components at T = 298.15 K and P = 101325.0 Pa:
=================================================
                           S               T*S
S_trans (1 bar)    0.0019505 eV/K        0.582 eV
S_rot              0.0016607 eV/K        0.495 eV
S_elec             0.0000000 eV/K        0.000 eV
S_vib              0.0057853 eV/K        1.725 eV
S (1 bar -> P)    -0.0000011 eV/K       -0.000 eV
-------------------------------------------------
S                  0.0093953 eV/K        2.801 eV
=================================================
Enthalpy components at T = 298.15 K:
===============================
E_pot                 -2.836 eV
E_ZPE                  9.121 eV
Cv_trans (0->T)        0.039 eV
Cv_rot (0->T)          0.039 eV
Cv_vib (0->T)          0.795 eV
(C_v -> C_p)           0.026 eV
-------------------------------
H                      7.183 eV
===============================
