Optimizing input structure...
      Step     Time          Energy         fmax
BFGS:    0 13:59:02       -1.405588        4.3616
BFGS:    1 13:59:02       -2.311587        5.1930
BFGS:    2 13:59:03       -2.717003        1.9103
BFGS:    3 13:59:03       -2.882295        1.1950
BFGS:    4 13:59:03       -3.018206        0.5016
BFGS:    5 13:59:03       -3.110219        0.7805
BFGS:    6 13:59:03       -3.162123        0.7553
BFGS:    7 13:59:03       -3.222571        0.5749
BFGS:    8 13:59:03       -3.259656        0.6758
BFGS:    9 13:59:03       -3.286945        0.3442
BFGS:   10 13:59:03       -3.312610        0.3149
BFGS:   11 13:59:03       -3.333348        0.3507
BFGS:   12 13:59:03       -3.354446        0.2871
BFGS:   13 13:59:03       -3.372904        0.2384
BFGS:   14 13:59:03       -3.388660        0.2501
BFGS:   15 13:59:03       -3.406181        0.2458
BFGS:   16 13:59:03       -3.427202        0.2302
BFGS:   17 13:59:03       -3.446044        0.2138
BFGS:   18 13:59:03       -3.461262        0.2408
BFGS:   19 13:59:03       -3.475838        0.2156
BFGS:   20 13:59:03       -3.490866        0.1841
BFGS:   21 13:59:03       -3.504936        0.1526
BFGS:   22 13:59:03       -3.517379        0.1916
BFGS:   23 13:59:03       -3.529384        0.2184
BFGS:   24 13:59:04       -3.542209        0.2233
BFGS:   25 13:59:04       -3.553564        0.1569
BFGS:   26 13:59:04       -3.562612        0.1245
BFGS:   27 13:59:04       -3.571085        0.1501
BFGS:   28 13:59:04       -3.580657        0.1949
BFGS:   29 13:59:04       -3.590950        0.1622
BFGS:   30 13:59:04       -3.599725        0.1846
BFGS:   31 13:59:04       -3.607949        0.1832
BFGS:   32 13:59:04       -3.617115        0.1574
BFGS:   33 13:59:04       -3.626958        0.1552
BFGS:   34 13:59:04       -3.635854        0.1428
BFGS:   35 13:59:04       -3.644060        0.1518
BFGS:   36 13:59:05       -3.651689        0.1620
BFGS:   37 13:59:05       -3.661164        0.1685
BFGS:   38 13:59:05       -3.672238        0.1464
BFGS:   39 13:59:05       -3.681638        0.1513
BFGS:   40 13:59:05       -3.690974        0.1541
BFGS:   41 13:59:05       -3.699909        0.1565
BFGS:   42 13:59:05       -3.707773        0.1694
BFGS:   43 13:59:05       -3.715733        0.1632
BFGS:   44 13:59:06       -3.723949        0.1994
BFGS:   45 13:59:06       -3.732667        0.1748
BFGS:   46 13:59:06       -3.741220        0.1611
BFGS:   47 13:59:06       -3.750550        0.1376
BFGS:   48 13:59:06       -3.759460        0.1377
BFGS:   49 13:59:06       -3.769484        0.1448
BFGS:   50 13:59:06       -3.779007        0.1731
BFGS:   51 13:59:06       -3.788262        0.1655
BFGS:   52 13:59:06       -3.795669        0.1879
BFGS:   53 13:59:06       -3.802332        0.1296
BFGS:   54 13:59:06       -3.808758        0.1085
BFGS:   55 13:59:06       -3.816472        0.1090
BFGS:   56 13:59:06       -3.821698        0.1164
BFGS:   57 13:59:06       -3.829278        0.1166
BFGS:   58 13:59:06       -3.834406        0.1210
BFGS:   59 13:59:06       -3.838544        0.1007
BFGS:   60 13:59:06       -3.842266        0.1109
BFGS:   61 13:59:06       -3.845960        0.1148
BFGS:   62 13:59:06       -3.849072        0.0943
BFGS:   63 13:59:07       -3.851649        0.0784
BFGS:   64 13:59:07       -3.853601        0.1009
BFGS:   65 13:59:07       -3.856172        0.1283
BFGS:   66 13:59:07       -3.858999        0.0767
BFGS:   67 13:59:07       -3.861600        0.0704
BFGS:   68 13:59:07       -3.863787        0.0731
BFGS:   69 13:59:07       -3.866476        0.0969
BFGS:   70 13:59:07       -3.869550        0.0912
BFGS:   71 13:59:07       -3.872596        0.0973
BFGS:   72 13:59:07       -3.875335        0.0995
BFGS:   73 13:59:07       -3.877948        0.0833
BFGS:   74 13:59:07       -3.880568        0.0918
BFGS:   75 13:59:07       -3.883332        0.0935
BFGS:   76 13:59:07       -3.886216        0.0922
BFGS:   77 13:59:07       -3.889127        0.1125
BFGS:   78 13:59:08       -3.891861        0.1045
BFGS:   79 13:59:08       -3.894393        0.0874
BFGS:   80 13:59:08       -3.896680        0.0850
BFGS:   81 13:59:08       -3.899063        0.0913
BFGS:   82 13:59:08       -3.901551        0.0833
BFGS:   83 13:59:08       -3.903978        0.0732
BFGS:   84 13:59:08       -3.906068        0.0862
BFGS:   85 13:59:08       -3.908103        0.0982
BFGS:   86 13:59:08       -3.910031        0.1060
BFGS:   87 13:59:08       -3.911830        0.0786
BFGS:   88 13:59:09       -3.913336        0.0668
BFGS:   89 13:59:09       -3.914518        0.0508
BFGS:   90 13:59:09       -3.915609        0.0646
BFGS:   91 13:59:09       -3.916716        0.0709
BFGS:   92 13:59:09       -3.917752        0.0681
BFGS:   93 13:59:09       -3.918655        0.0440
Optimization complete!
Performing a relaxed scan over 20 steps...
      Step     Time          Energy         fmax
BFGS:    0 13:59:09       -3.731173        5.0296
BFGS:    1 13:59:09       -3.832215        5.1874
BFGS:    2 13:59:09       -3.863458        1.7802
BFGS:    3 13:59:10       -3.885857        1.0212
BFGS:    4 13:59:10       -3.900889        0.2433
BFGS:    5 13:59:10       -3.901328        0.1684
BFGS:    6 13:59:10       -3.902980        0.1463
BFGS:    7 13:59:10       -3.904024        0.0797
BFGS:    8 13:59:10       -3.905028        0.0710
BFGS:    9 13:59:10       -3.906048        0.0755
BFGS:   10 13:59:10       -3.906572        0.0835
BFGS:   11 13:59:10       -3.907331        0.0623
BFGS:   12 13:59:10       -3.908115        0.0581
BFGS:   13 13:59:11       -3.909002        0.0699
BFGS:   14 13:59:11       -3.909851        0.0807
BFGS:   15 13:59:11       -3.910702        0.0598
BFGS:   16 13:59:11       -3.911566        0.0579
BFGS:   17 13:59:11       -3.912355        0.0570
BFGS:   18 13:59:11       -3.913139        0.0605
BFGS:   19 13:59:11       -3.913961        0.0635
BFGS:   20 13:59:11       -3.914774        0.0534
BFGS:   21 13:59:11       -3.915543        0.0604
BFGS:   22 13:59:11       -3.916395        0.0545
BFGS:   23 13:59:11       -3.917285        0.0646
BFGS:   24 13:59:12       -3.918316        0.0639
BFGS:   25 13:59:12       -3.919307        0.0535
BFGS:   26 13:59:12       -3.920424        0.0529
BFGS:   27 13:59:12       -3.921446        0.0642
BFGS:   28 13:59:12       -3.922423        0.0570
BFGS:   29 13:59:12       -3.923250        0.0567
BFGS:   30 13:59:12       -3.924056        0.0607
BFGS:   31 13:59:12       -3.924822        0.0598
BFGS:   32 13:59:12       -3.925465        0.0532
BFGS:   33 13:59:12       -3.926046        0.0442
      Step     Time          Energy         fmax
BFGS:    0 13:59:13       -3.658509        5.9006
BFGS:    1 13:59:13       -3.817911        6.7300
BFGS:    2 13:59:13       -3.837999        1.7746
BFGS:    3 13:59:13       -3.868830        1.1537
BFGS:    4 13:59:13       -3.886648        0.2863
BFGS:    5 13:59:13       -3.886444        0.2195
BFGS:    6 13:59:13       -3.888205        0.1416
BFGS:    7 13:59:13       -3.889074        0.0780
BFGS:    8 13:59:14       -3.890052        0.0696
BFGS:    9 13:59:14       -3.890959        0.0766
BFGS:   10 13:59:14       -3.891105        0.0647
BFGS:   11 13:59:14       -3.891527        0.0489
      Step     Time          Energy         fmax
BFGS:    0 13:59:14       -3.502995        7.0759
BFGS:    1 13:59:14       -3.760259        8.9070
BFGS:    2 13:59:14       -3.760765        1.7560
BFGS:    3 13:59:15       -3.804388        1.2922
BFGS:    4 13:59:15       -3.825885        0.3105
BFGS:    5 13:59:15       -3.824893        0.2545
BFGS:    6 13:59:15       -3.826718        0.1872
BFGS:    7 13:59:15       -3.827418        0.0829
BFGS:    8 13:59:15       -3.828779        0.1087
BFGS:    9 13:59:15       -3.829723        0.1013
BFGS:   10 13:59:16       -3.829540        0.1114
BFGS:   11 13:59:16       -3.830148        0.0705
BFGS:   12 13:59:16       -3.830673        0.0544
BFGS:   13 13:59:16       -3.831255        0.0585
BFGS:   14 13:59:16       -3.831964        0.0658
BFGS:   15 13:59:16       -3.832709        0.0622
BFGS:   16 13:59:16       -3.833268        0.0543
BFGS:   17 13:59:16       -3.833719        0.0564
BFGS:   18 13:59:16       -3.834168        0.0615
BFGS:   19 13:59:17       -3.834545        0.0651
BFGS:   20 13:59:17       -3.834897        0.0549
BFGS:   21 13:59:17       -3.835368        0.0619
BFGS:   22 13:59:17       -3.835898        0.0557
BFGS:   23 13:59:17       -3.836683        0.0758
BFGS:   24 13:59:17       -3.837704        0.0777
BFGS:   25 13:59:17       -3.838959        0.0787
BFGS:   26 13:59:17       -3.840647        0.0867
BFGS:   27 13:59:17       -3.842285        0.0894
BFGS:   28 13:59:17       -3.843889        0.0755
BFGS:   29 13:59:17       -3.845065        0.0689
BFGS:   30 13:59:18       -3.846296        0.0845
BFGS:   31 13:59:18       -3.847547        0.0948
BFGS:   32 13:59:18       -3.848802        0.0984
BFGS:   33 13:59:18       -3.849881        0.0701
BFGS:   34 13:59:18       -3.850914        0.0748
BFGS:   35 13:59:18       -3.852093        0.0736
BFGS:   36 13:59:18       -3.853521        0.0700
BFGS:   37 13:59:18       -3.854825        0.0576
BFGS:   38 13:59:18       -3.855899        0.0536
BFGS:   39 13:59:18       -3.856740        0.0479
      Step     Time          Energy         fmax
BFGS:    0 13:59:19       -3.411878        7.7286
BFGS:    1 13:59:19       -3.706053       10.0957
BFGS:    2 13:59:19       -3.702731        1.8804
BFGS:    3 13:59:19       -3.754231        1.4211
BFGS:    4 13:59:19       -3.781778        0.3413
BFGS:    5 13:59:19       -3.780208        0.2596
BFGS:    6 13:59:19       -3.782233        0.1440
BFGS:    7 13:59:20       -3.783031        0.0830
BFGS:    8 13:59:20       -3.784513        0.0732
BFGS:    9 13:59:20       -3.785565        0.0851
BFGS:   10 13:59:20       -3.785094        0.1039
BFGS:   11 13:59:20       -3.785419        0.0565
BFGS:   12 13:59:20       -3.785852        0.0436
      Step     Time          Energy         fmax
BFGS:    0 13:59:20       -3.207095        8.7650
BFGS:    1 13:59:20       -3.634116       12.2491
BFGS:    2 13:59:20       -3.591306        1.8719
BFGS:    3 13:59:21       -3.655289        1.5737
BFGS:    4 13:59:21       -3.685956        0.4130
BFGS:    5 13:59:21       -3.682483        0.3181
BFGS:    6 13:59:21       -3.685464        0.1545
BFGS:    7 13:59:21       -3.686524        0.0787
BFGS:    8 13:59:21       -3.688006        0.0841
BFGS:    9 13:59:21       -3.688793        0.0864
BFGS:   10 13:59:21       -3.688156        0.1292
BFGS:   11 13:59:21       -3.688314        0.0787
BFGS:   12 13:59:21       -3.688644        0.0517
BFGS:   13 13:59:22       -3.689079        0.0585
BFGS:   14 13:59:22       -3.689667        0.0536
BFGS:   15 13:59:22       -3.690335        0.0434
      Step     Time          Energy         fmax
BFGS:    0 13:59:22       -2.967522        9.8510
BFGS:    1 13:59:22       -3.537810       14.3303
BFGS:    2 13:59:22       -3.451880        2.0895
BFGS:    3 13:59:22       -3.535560        1.6563
BFGS:    4 13:59:22       -3.568642        0.4921
BFGS:    5 13:59:22       -3.563411        0.3506
BFGS:    6 13:59:23       -3.567358        0.1684
BFGS:    7 13:59:23       -3.568483        0.0839
BFGS:    8 13:59:23       -3.569668        0.0772
BFGS:    9 13:59:23       -3.569966        0.0778
BFGS:   10 13:59:23       -3.569134        0.1049
BFGS:   11 13:59:23       -3.568806        0.1019
BFGS:   12 13:59:23       -3.568886        0.0688
BFGS:   13 13:59:23       -3.569282        0.0736
BFGS:   14 13:59:24       -3.570080        0.0680
BFGS:   15 13:59:24       -3.570908        0.0593
BFGS:   16 13:59:24       -3.571186        0.0664
BFGS:   17 13:59:24       -3.571449        0.0861
BFGS:   18 13:59:24       -3.571596        0.0698
BFGS:   19 13:59:24       -3.571707        0.0601
BFGS:   20 13:59:25       -3.572177        0.0592
BFGS:   21 13:59:25       -3.572443        0.0601
BFGS:   22 13:59:25       -3.572860        0.0592
BFGS:   23 13:59:25       -3.573332        0.0782
BFGS:   24 13:59:25       -3.573880        0.0844
BFGS:   25 13:59:25       -3.574767        0.0780
BFGS:   26 13:59:25       -3.575949        0.0950
BFGS:   27 13:59:25       -3.577372        0.0812
BFGS:   28 13:59:26       -3.578675        0.0707
BFGS:   29 13:59:26       -3.579706        0.0644
BFGS:   30 13:59:26       -3.580577        0.0743
BFGS:   31 13:59:26       -3.581319        0.0963
BFGS:   32 13:59:26       -3.581829        0.0989
BFGS:   33 13:59:26       -3.582375        0.0724
BFGS:   34 13:59:26       -3.583018        0.0711
BFGS:   35 13:59:26       -3.584270        0.0710
BFGS:   36 13:59:27       -3.585775        0.0801
BFGS:   37 13:59:27       -3.587509        0.0702
BFGS:   38 13:59:27       -3.588781        0.0565
BFGS:   39 13:59:27       -3.589763        0.0569
BFGS:   40 13:59:27       -3.590638        0.0623
BFGS:   41 13:59:27       -3.591182        0.0647
BFGS:   42 13:59:27       -3.591870        0.0591
BFGS:   43 13:59:27       -3.592311        0.0653
BFGS:   44 13:59:27       -3.593467        0.0789
BFGS:   45 13:59:27       -3.594182        0.0699
BFGS:   46 13:59:28       -3.596051        0.0713
BFGS:   47 13:59:28       -3.597188        0.0603
BFGS:   48 13:59:28       -3.598619        0.0573
BFGS:   49 13:59:28       -3.599737        0.0558
BFGS:   50 13:59:28       -3.601254        0.0619
BFGS:   51 13:59:28       -3.602592        0.0680
BFGS:   52 13:59:28       -3.603944        0.0547
BFGS:   53 13:59:29       -3.604989        0.0608
BFGS:   54 13:59:29       -3.605700        0.0491
      Step     Time          Energy         fmax
BFGS:    0 13:59:29       -2.906453        9.4871
BFGS:    1 13:59:29       -3.476633       13.9760
BFGS:    2 13:59:29       -3.369299        1.9437
BFGS:    3 13:59:29       -3.452494        1.4822
BFGS:    4 13:59:29       -3.480586        0.5088
BFGS:    5 13:59:29       -3.474923        0.3625
BFGS:    6 13:59:30       -3.479597        0.1862
BFGS:    7 13:59:30       -3.481237        0.0967
BFGS:    8 13:59:30       -3.482569        0.0880
BFGS:    9 13:59:30       -3.483073        0.0803
BFGS:   10 13:59:30       -3.482631        0.0702
BFGS:   11 13:59:30       -3.482801        0.0571
BFGS:   12 13:59:31       -3.483063        0.0623
BFGS:   13 13:59:31       -3.483550        0.0519
BFGS:   14 13:59:31       -3.484347        0.0519
BFGS:   15 13:59:31       -3.484955        0.0480
      Step     Time          Energy         fmax
BFGS:    0 13:59:31       -2.670725       10.1608
BFGS:    1 13:59:31       -3.385054       15.4345
BFGS:    2 13:59:31       -3.217445        2.0559
BFGS:    3 13:59:32       -3.314160        1.4126
BFGS:    4 13:59:32       -3.338724        0.5593
BFGS:    5 13:59:32       -3.331334        0.3874
BFGS:    6 13:59:32       -3.337112        0.1958
BFGS:    7 13:59:32       -3.338594        0.0975
BFGS:    8 13:59:32       -3.339259        0.0825
BFGS:    9 13:59:33       -3.339062        0.0826
BFGS:   10 13:59:33       -3.338315        0.0751
BFGS:   11 13:59:33       -3.338082        0.0939
BFGS:   12 13:59:33       -3.338586        0.0814
BFGS:   13 13:59:33       -3.339032        0.0638
BFGS:   14 13:59:34       -3.339890        0.0623
BFGS:   15 13:59:34       -3.340495        0.0543
BFGS:   16 13:59:34       -3.340475        0.0541
BFGS:   17 13:59:34       -3.340507        0.0492
      Step     Time          Energy         fmax
BFGS:    0 13:59:34       -2.439520       10.5267
BFGS:    1 13:59:34       -3.289316       16.4259
BFGS:    2 13:59:34       -3.058853        2.0390
BFGS:    3 13:59:35       -3.159772        1.2647
BFGS:    4 13:59:35       -3.179070        0.5987
BFGS:    5 13:59:35       -3.170219        0.4049
BFGS:    6 13:59:35       -3.177438        0.1945
BFGS:    7 13:59:35       -3.179109        0.1029
BFGS:    8 13:59:36       -3.179093        0.0872
BFGS:    9 13:59:36       -3.178182        0.0815
BFGS:   10 13:59:36       -3.177303        0.1285
BFGS:   11 13:59:36       -3.177035        0.0848
BFGS:   12 13:59:36       -3.177998        0.0580
BFGS:   13 13:59:36       -3.178598        0.0675
BFGS:   14 13:59:37       -3.179077        0.0725
BFGS:   15 13:59:37       -3.179370        0.0677
BFGS:   16 13:59:37       -3.179062        0.0757
BFGS:   17 13:59:37       -3.179010        0.0637
BFGS:   18 13:59:37       -3.178772        0.0788
BFGS:   19 13:59:37       -3.178905        0.0839
BFGS:   20 13:59:37       -3.179465        0.0577
BFGS:   21 13:59:37       -3.179862        0.0556
BFGS:   22 13:59:38       -3.180319        0.0662
BFGS:   23 13:59:38       -3.180399        0.0775
BFGS:   24 13:59:38       -3.180589        0.0799
BFGS:   25 13:59:38       -3.180995        0.0867
BFGS:   26 13:59:38       -3.181914        0.0815
BFGS:   27 13:59:38       -3.183120        0.0665
BFGS:   28 13:59:38       -3.184365        0.0675
BFGS:   29 13:59:38       -3.185215        0.0622
BFGS:   30 13:59:38       -3.185784        0.0751
BFGS:   31 13:59:38       -3.185927        0.0827
BFGS:   32 13:59:39       -3.185835        0.0760
BFGS:   33 13:59:39       -3.185871        0.0797
BFGS:   34 13:59:39       -3.186438        0.0792
BFGS:   35 13:59:39       -3.187617        0.0707
BFGS:   36 13:59:39       -3.189400        0.0782
BFGS:   37 13:59:39       -3.191120        0.0720
BFGS:   38 13:59:39       -3.192562        0.0592
BFGS:   39 13:59:39       -3.193217        0.0669
BFGS:   40 13:59:39       -3.193576        0.0736
BFGS:   41 13:59:39       -3.193509        0.0809
BFGS:   42 13:59:39       -3.193849        0.0630
BFGS:   43 13:59:40       -3.194641        0.0777
BFGS:   44 13:59:40       -3.196087        0.0844
BFGS:   45 13:59:40       -3.198117        0.0743
BFGS:   46 13:59:40       -3.199966        0.0787
BFGS:   47 13:59:40       -3.201512        0.0776
BFGS:   48 13:59:40       -3.202370        0.0713
BFGS:   49 13:59:40       -3.202952        0.0690
BFGS:   50 13:59:40       -3.203562        0.0720
BFGS:   51 13:59:40       -3.204658        0.0675
BFGS:   52 13:59:41       -3.206203        0.0629
BFGS:   53 13:59:41       -3.208193        0.0819
BFGS:   54 13:59:41       -3.209694        0.0700
BFGS:   55 13:59:41       -3.211232        0.0729
BFGS:   56 13:59:41       -3.211253        0.0860
BFGS:   57 13:59:41       -3.211964        0.0691
BFGS:   58 13:59:41       -3.212321        0.0610
BFGS:   59 13:59:41       -3.213147        0.0504
BFGS:   60 13:59:41       -3.214230        0.0670
BFGS:   61 13:59:41       -3.215658        0.0676
BFGS:   62 13:59:42       -3.217087        0.0549
BFGS:   63 13:59:42       -3.218249        0.0601
BFGS:   64 13:59:42       -3.218807        0.0591
BFGS:   65 13:59:42       -3.219195        0.0620
BFGS:   66 13:59:42       -3.219611        0.0598
BFGS:   67 13:59:42       -3.220312        0.0613
BFGS:   68 13:59:42       -3.221377        0.0618
BFGS:   69 13:59:43       -3.222608        0.0646
BFGS:   70 13:59:43       -3.224047        0.0705
BFGS:   71 13:59:43       -3.225445        0.0725
BFGS:   72 13:59:43       -3.226655        0.0617
BFGS:   73 13:59:43       -3.227675        0.0754
BFGS:   74 13:59:43       -3.228651        0.0770
BFGS:   75 13:59:44       -3.230299        0.0672
BFGS:   76 13:59:44       -3.232585        0.0845
BFGS:   77 13:59:44       -3.235451        0.0893
BFGS:   78 13:59:44       -3.237853        0.1060
BFGS:   79 13:59:44       -3.239616        0.0818
BFGS:   80 13:59:44       -3.240796        0.0758
BFGS:   81 13:59:44       -3.241748        0.0737
BFGS:   82 13:59:45       -3.243037        0.1015
BFGS:   83 13:59:45       -3.244872        0.1168
BFGS:   84 13:59:45       -3.247718        0.0909
BFGS:   85 13:59:45       -3.251269        0.0783
BFGS:   86 13:59:45       -3.254851        0.0950
BFGS:   87 13:59:45       -3.257978        0.0815
BFGS:   88 13:59:45       -3.259255        0.0754
BFGS:   89 13:59:45       -3.260637        0.0658
BFGS:   90 13:59:46       -3.260815        0.0681
BFGS:   91 13:59:46       -3.261495        0.0693
BFGS:   92 13:59:46       -3.262201        0.0570
BFGS:   93 13:59:46       -3.263505        0.0607
BFGS:   94 13:59:46       -3.265005        0.0613
BFGS:   95 13:59:46       -3.267016        0.0644
BFGS:   96 13:59:46       -3.268249        0.0642
BFGS:   97 13:59:46       -3.269103        0.0538
BFGS:   98 13:59:47       -3.269582        0.0644
BFGS:   99 13:59:47       -3.270496        0.0691
BFGS:  100 13:59:47       -3.271931        0.0789
BFGS:  101 13:59:47       -3.274281        0.0649
BFGS:  102 13:59:47       -3.276819        0.0655
BFGS:  103 13:59:47       -3.279494        0.0685
BFGS:  104 13:59:47       -3.281493        0.0741
BFGS:  105 13:59:47       -3.282920        0.0712
BFGS:  106 13:59:48       -3.283456        0.0562
BFGS:  107 13:59:48       -3.284155        0.0559
BFGS:  108 13:59:48       -3.284931        0.0631
BFGS:  109 13:59:48       -3.286480        0.0829
BFGS:  110 13:59:48       -3.288602        0.0774
BFGS:  111 13:59:48       -3.291114        0.0748
BFGS:  112 13:59:48       -3.293633        0.0568
BFGS:  113 13:59:49       -3.294464        0.0578
BFGS:  114 13:59:49       -3.295455        0.0579
BFGS:  115 13:59:49       -3.296022        0.0577
BFGS:  116 13:59:49       -3.296889        0.0597
BFGS:  117 13:59:49       -3.298249        0.0564
BFGS:  118 13:59:49       -3.299721        0.0499
      Step     Time          Energy         fmax
BFGS:    0 13:59:49       -2.653632        8.5289
BFGS:    1 13:59:49       -3.248702       13.0870
BFGS:    2 13:59:49       -3.075027        1.5436
BFGS:    3 13:59:49       -3.145924        1.2082
BFGS:    4 13:59:49       -3.164808        0.5454
BFGS:    5 13:59:49       -3.157322        0.3720
BFGS:    6 13:59:50       -3.164216        0.1725
BFGS:    7 13:59:50       -3.167218        0.1175
BFGS:    8 13:59:50       -3.167783        0.1011
BFGS:    9 13:59:50       -3.167458        0.0970
BFGS:   10 13:59:50       -3.167103        0.1293
BFGS:   11 13:59:50       -3.167470        0.0771
BFGS:   12 13:59:50       -3.168520        0.0546
BFGS:   13 13:59:50       -3.169429        0.0625
BFGS:   14 13:59:50       -3.170123        0.0640
BFGS:   15 13:59:50       -3.170583        0.0590
BFGS:   16 13:59:51       -3.170668        0.0699
BFGS:   17 13:59:51       -3.170801        0.0478
      Step     Time          Energy         fmax
BFGS:    0 13:59:51       -2.460306        8.9693
BFGS:    1 13:59:51       -3.148197       14.2805
BFGS:    2 13:59:51       -2.933396        1.5723
BFGS:    3 13:59:51       -3.008182        1.2543
BFGS:    4 13:59:51       -3.025783        0.5981
BFGS:    5 13:59:51       -3.015645        0.3942
BFGS:    6 13:59:51       -3.023703        0.1748
BFGS:    7 13:59:52       -3.026787        0.1101
BFGS:    8 13:59:52       -3.026592        0.1052
BFGS:    9 13:59:52       -3.025393        0.0845
BFGS:   10 13:59:52       -3.024617        0.1155
BFGS:   11 13:59:52       -3.024792        0.0672
BFGS:   12 13:59:52       -3.025723        0.0555
BFGS:   13 13:59:52       -3.026506        0.0570
BFGS:   14 13:59:53       -3.027115        0.0697
BFGS:   15 13:59:53       -3.027407        0.0698
BFGS:   16 13:59:53       -3.027385        0.0853
BFGS:   17 13:59:53       -3.027335        0.0695
BFGS:   18 13:59:53       -3.027369        0.0643
BFGS:   19 13:59:53       -3.027763        0.0667
BFGS:   20 13:59:53       -3.028333        0.0511
BFGS:   21 13:59:53       -3.028724        0.0506
BFGS:   22 13:59:54       -3.029290        0.0614
BFGS:   23 13:59:54       -3.029605        0.0776
BFGS:   24 13:59:54       -3.030259        0.0851
BFGS:   25 13:59:54       -3.030942        0.0705
BFGS:   26 13:59:54       -3.032023        0.0711
BFGS:   27 13:59:54       -3.033089        0.0637
BFGS:   28 13:59:54       -3.034003        0.0748
BFGS:   29 13:59:54       -3.034691        0.0561
BFGS:   30 13:59:55       -3.034972        0.0586
BFGS:   31 13:59:55       -3.035107        0.0641
BFGS:   32 13:59:55       -3.035009        0.0626
BFGS:   33 13:59:55       -3.035126        0.0561
BFGS:   34 13:59:55       -3.035657        0.0555
BFGS:   35 13:59:55       -3.036515        0.0470
      Step     Time          Energy         fmax
BFGS:    0 13:59:55       -2.348866        8.4534
BFGS:    1 13:59:55       -3.030675       13.6630
BFGS:    2 13:59:56       -2.796561        1.4549
BFGS:    3 13:59:56       -2.868033        1.2360
BFGS:    4 13:59:56       -2.888363        0.6485
BFGS:    5 13:59:56       -2.876202        0.4319
BFGS:    6 13:59:56       -2.885325        0.1837
BFGS:    7 13:59:56       -2.888716        0.1256
BFGS:    8 13:59:56       -2.888739        0.1222
BFGS:    9 13:59:56       -2.887819        0.1047
BFGS:   10 13:59:57       -2.887287        0.1248
BFGS:   11 13:59:57       -2.887738        0.0716
BFGS:   12 13:59:57       -2.888796        0.0567
BFGS:   13 13:59:57       -2.889662        0.0504
BFGS:   14 13:59:57       -2.890271        0.0572
BFGS:   15 13:59:57       -2.890565        0.0529
BFGS:   16 13:59:57       -2.890515        0.0543
BFGS:   17 13:59:57       -2.890467        0.0359
      Step     Time          Energy         fmax
BFGS:    0 13:59:58       -2.168901        8.3709
BFGS:    1 13:59:58       -2.880944       12.8385
BFGS:    2 13:59:58       -2.616001        1.5865
BFGS:    3 13:59:58       -2.706663        1.1947
BFGS:    4 13:59:58       -2.732061        0.7727
BFGS:    5 13:59:58       -2.715839        0.5339
BFGS:    6 13:59:58       -2.725885        0.1932
BFGS:    7 13:59:58       -2.728331        0.1301
BFGS:    8 13:59:58       -2.727063        0.1185
BFGS:    9 13:59:58       -2.725300        0.0882
BFGS:   10 13:59:58       -2.724884        0.1083
BFGS:   11 13:59:58       -2.725748        0.0717
BFGS:   12 13:59:59       -2.727308        0.0647
BFGS:   13 13:59:59       -2.728233        0.0582
BFGS:   14 13:59:59       -2.728499        0.0646
BFGS:   15 13:59:59       -2.728314        0.0638
BFGS:   16 13:59:59       -2.727931        0.0747
BFGS:   17 13:59:59       -2.727715        0.0578
BFGS:   18 13:59:59       -2.727609        0.0813
BFGS:   19 13:59:59       -2.728017        0.0690
BFGS:   20 13:59:59       -2.728645        0.0521
BFGS:   21 13:59:59       -2.728899        0.0442
      Step     Time          Energy         fmax
BFGS:    0 13:59:59       -2.072649        7.5036
BFGS:    1 14:00:00       -2.707440       10.6472
BFGS:    2 14:00:00       -2.461654        1.5034
BFGS:    3 14:00:00       -2.528222        1.2180
BFGS:    4 14:00:00       -2.559882        0.7712
BFGS:    5 14:00:00       -2.545303        0.4696
BFGS:    6 14:00:00       -2.554336        0.1624
BFGS:    7 14:00:00       -2.555678        0.1315
BFGS:    8 14:00:00       -2.554140        0.1178
BFGS:    9 14:00:00       -2.552942        0.0948
BFGS:   10 14:00:00       -2.553387        0.1094
BFGS:   11 14:00:01       -2.554669        0.0682
BFGS:   12 14:00:01       -2.556076        0.0621
BFGS:   13 14:00:01       -2.556884        0.0559
BFGS:   14 14:00:01       -2.557148        0.0692
BFGS:   15 14:00:01       -2.557071        0.0920
BFGS:   16 14:00:02       -2.556867        0.1087
BFGS:   17 14:00:02       -2.557096        0.0809
BFGS:   18 14:00:02       -2.557671        0.0730
BFGS:   19 14:00:02       -2.558712        0.0982
BFGS:   20 14:00:02       -2.559635        0.0892
BFGS:   21 14:00:03       -2.559830        0.0655
BFGS:   22 14:00:06       -2.560057        0.0773
BFGS:   23 14:00:07       -2.559995        0.1058
BFGS:   24 14:00:07       -2.560985        0.1177
BFGS:   25 14:00:09       -2.562727        0.0819
BFGS:   26 14:00:09       -2.565354        0.0766
BFGS:   27 14:00:10       -2.567903        0.0841
BFGS:   28 14:00:11       -2.569617        0.0734
BFGS:   29 14:00:11       -2.570497        0.0576
BFGS:   30 14:00:12       -2.570409        0.0690
BFGS:   31 14:00:12       -2.570227        0.0742
BFGS:   32 14:00:12       -2.570103        0.0806
BFGS:   33 14:00:12       -2.570911        0.0656
BFGS:   34 14:00:12       -2.572444        0.0626
BFGS:   35 14:00:13       -2.574533        0.0514
BFGS:   36 14:00:13       -2.576549        0.0565
BFGS:   37 14:00:13       -2.577633        0.0513
BFGS:   38 14:00:13       -2.578024        0.0410
      Step     Time          Energy         fmax
BFGS:    0 14:00:13       -2.154616        5.1801
BFGS:    1 14:00:13       -2.549027        7.5634
BFGS:    2 14:00:13       -2.391541        1.1638
BFGS:    3 14:00:14       -2.409293        1.2176
BFGS:    4 14:00:14       -2.434032        0.5247
BFGS:    5 14:00:14       -2.427473        0.4040
BFGS:    6 14:00:17       -2.435229        0.1919
BFGS:    7 14:00:18       -2.438216        0.1506
BFGS:    8 14:00:18       -2.438790        0.1470
BFGS:    9 14:00:19       -2.438483        0.1034
BFGS:   10 14:00:20       -2.438359        0.0784
BFGS:   11 14:00:21       -2.439011        0.0800
BFGS:   12 14:00:21       -2.440126        0.0571
BFGS:   13 14:00:21       -2.441353        0.0612
BFGS:   14 14:00:21       -2.442357        0.0616
BFGS:   15 14:00:21       -2.442777        0.0704
BFGS:   16 14:00:22       -2.442656        0.0387
      Step     Time          Energy         fmax
BFGS:    0 14:00:22       -2.096855        4.6347
BFGS:    1 14:00:22       -2.407678        6.7555
BFGS:    2 14:00:22       -2.288530        1.0840
BFGS:    3 14:00:22       -2.311586        0.8410
BFGS:    4 14:00:22       -2.325532        0.5991
BFGS:    5 14:00:22       -2.319292        0.3856
BFGS:    6 14:00:23       -2.327120        0.1484
BFGS:    7 14:00:23       -2.329347        0.1357
BFGS:    8 14:00:23       -2.330051        0.1196
BFGS:    9 14:00:23       -2.329645        0.0830
BFGS:   10 14:00:23       -2.329203        0.0623
BFGS:   11 14:00:23       -2.329464        0.0797
BFGS:   12 14:00:23       -2.330287        0.0515
BFGS:   13 14:00:24       -2.331265        0.0528
BFGS:   14 14:00:24       -2.332055        0.0548
BFGS:   15 14:00:24       -2.332373        0.0554
BFGS:   16 14:00:24       -2.332223        0.0360
      Step     Time          Energy         fmax
BFGS:    0 14:00:24       -2.032954        4.1956
BFGS:    1 14:00:24       -2.286225        6.0605
BFGS:    2 14:00:24       -2.193733        1.0282
BFGS:    3 14:00:24       -2.217618        0.7231
BFGS:    4 14:00:24       -2.226253        0.4395
BFGS:    5 14:00:25       -2.221507        0.7739
BFGS:    6 14:00:25       -2.228814        0.1534
BFGS:    7 14:00:25       -2.230287        0.1352
BFGS:    8 14:00:25       -2.231160        0.1573
BFGS:    9 14:00:25       -2.231029        0.0756
BFGS:   10 14:00:25       -2.230780        0.0941
BFGS:   11 14:00:25       -2.231145        0.1141
BFGS:   12 14:00:25       -2.231895        0.0574
BFGS:   13 14:00:25       -2.232662        0.0557
BFGS:   14 14:00:26       -2.233367        0.0884
BFGS:   15 14:00:26       -2.233826        0.0888
BFGS:   16 14:00:26       -2.233963        0.0407
      Step     Time          Energy         fmax
BFGS:    0 14:00:26       -1.983972        3.7296
BFGS:    1 14:00:26       -2.178473        5.1427
BFGS:    2 14:00:26       -2.114779        0.9651
BFGS:    3 14:00:26       -2.136171        0.6605
BFGS:    4 14:00:26       -2.142690        0.2937
BFGS:    5 14:00:26       -2.142948        0.5813
BFGS:    6 14:00:27       -2.145039        0.2744
BFGS:    7 14:00:27       -2.146722        0.1463
BFGS:    8 14:00:27       -2.148050        0.0898
BFGS:    9 14:00:27       -2.148265        0.1086
BFGS:   10 14:00:27       -2.148279        0.0654
BFGS:   11 14:00:28       -2.148607        0.0602
BFGS:   12 14:00:28       -2.149154        0.0528
BFGS:   13 14:00:28       -2.149853        0.0593
BFGS:   14 14:00:28       -2.150677        0.0554
BFGS:   15 14:00:29       -2.151468        0.0637
BFGS:   16 14:00:29       -2.152126        0.0494
      Step     Time          Energy         fmax
BFGS:    0 14:00:30       -1.955976        3.1952
BFGS:    1 14:00:30       -2.089751        3.8851
BFGS:    2 14:00:30       -2.058602        0.8723
BFGS:    3 14:00:30       -2.076084        0.5780
BFGS:    4 14:00:30       -2.080494        0.2693
BFGS:    5 14:00:30       -2.082314        0.2710
BFGS:    6 14:00:31       -2.084145        0.4279
BFGS:    7 14:00:31       -2.085198        0.0985
BFGS:    8 14:00:31       -2.086163        0.1108
BFGS:    9 14:00:31       -2.086711        0.1271
BFGS:   10 14:00:31       -2.087144        0.0714
BFGS:   11 14:00:34       -2.087480        0.0662
BFGS:   12 14:00:35       -2.087963        0.0764
BFGS:   13 14:00:37       -2.088762        0.0674
BFGS:   14 14:00:37       -2.089697        0.0821
BFGS:   15 14:00:38       -2.090913        0.0870
BFGS:   16 14:00:39       -2.092285        0.0998
BFGS:   17 14:00:39       -2.093563        0.0895
BFGS:   18 14:00:40       -2.094732        0.0937
BFGS:   19 14:00:40       -2.096041        0.1041
BFGS:   20 14:00:40       -2.097598        0.0943
BFGS:   21 14:00:40       -2.099684        0.1003
BFGS:   22 14:00:41       -2.102465        0.1233
BFGS:   23 14:00:41       -2.106162        0.1513
BFGS:   24 14:00:41       -2.110387        0.1639
BFGS:   25 14:00:41       -2.114816        0.1284
BFGS:   26 14:00:41       -2.118711        0.1246
BFGS:   27 14:00:41       -2.122043        0.1147
BFGS:   28 14:00:42       -2.124773        0.1073
BFGS:   29 14:00:42       -2.127354        0.1203
BFGS:   30 14:00:42       -2.129915        0.0974
BFGS:   31 14:00:42       -2.132609        0.1137
BFGS:   32 14:00:42       -2.135153        0.0919
BFGS:   33 14:00:42       -2.137371        0.0934
BFGS:   34 14:00:46       -2.139305        0.0778
BFGS:   35 14:00:47       -2.140895        0.0864
BFGS:   36 14:00:49       -2.142211        0.0599
BFGS:   37 14:00:49       -2.143413        0.0659
BFGS:   38 14:00:50       -2.144507        0.0641
BFGS:   39 14:00:51       -2.145798        0.0744
BFGS:   40 14:00:51       -2.147079        0.0660
BFGS:   41 14:00:51       -2.148600        0.0830
BFGS:   42 14:00:51       -2.149817        0.0731
BFGS:   43 14:00:51       -2.151411        0.0745
BFGS:   44 14:00:52       -2.152559        0.0720
BFGS:   45 14:00:52       -2.154284        0.0767
BFGS:   46 14:00:52       -2.155961        0.0764
BFGS:   47 14:00:52       -2.158053        0.0749
BFGS:   48 14:00:52       -2.159926        0.0798
BFGS:   49 14:00:53       -2.161985        0.0697
BFGS:   50 14:00:53       -2.163736        0.0679
BFGS:   51 14:00:53       -2.166111        0.0760
BFGS:   52 14:00:54       -2.168608        0.1081
BFGS:   53 14:00:56       -2.171388        0.1122
BFGS:   54 14:00:57       -2.174139        0.0872
BFGS:   55 14:00:58       -2.176511        0.0803
BFGS:   56 14:00:59       -2.179492        0.0867
BFGS:   57 14:01:00       -2.181787        0.0880
BFGS:   58 14:01:01       -2.185040        0.1111
BFGS:   59 14:01:01       -2.186562        0.0798
BFGS:   60 14:01:02       -2.189238        0.0711
BFGS:   61 14:01:02       -2.191243        0.1004
BFGS:   62 14:01:02       -2.193575        0.0921
BFGS:   63 14:01:02       -2.195683        0.0885
BFGS:   64 14:01:03       -2.197753        0.0883
BFGS:   65 14:01:03       -2.199960        0.0795
BFGS:   66 14:01:03       -2.202232        0.0890
BFGS:   67 14:01:03       -2.204814        0.0888
BFGS:   68 14:01:03       -2.207307        0.0879
BFGS:   69 14:01:03       -2.209809        0.0893
BFGS:   70 14:01:03       -2.212257        0.0834
BFGS:   71 14:01:03       -2.214983        0.1020
BFGS:   72 14:01:03       -2.217847        0.1148
BFGS:   73 14:01:04       -2.221127        0.1030
BFGS:   74 14:01:04       -2.224404        0.1192
BFGS:   75 14:01:04       -2.228148        0.1014
BFGS:   76 14:01:04       -2.231767        0.1158
BFGS:   77 14:01:04       -2.235437        0.1013
BFGS:   78 14:01:04       -2.238359        0.0899
BFGS:   79 14:01:04       -2.241455        0.0914
BFGS:   80 14:01:04       -2.244877        0.1161
BFGS:   81 14:01:04       -2.249288        0.1410
BFGS:   82 14:01:04       -2.254714        0.1542
BFGS:   83 14:01:04       -2.260190        0.1230
BFGS:   84 14:01:05       -2.265110        0.1236
BFGS:   85 14:01:05       -2.270284        0.1436
BFGS:   86 14:01:05       -2.276755        0.1625
BFGS:   87 14:01:07       -2.284296        0.1340
BFGS:   88 14:01:09       -2.291355        0.3356
BFGS:   89 14:01:10       -2.296854        0.3442
BFGS:   90 14:01:11       -2.304846        0.5737
BFGS:   91 14:01:11       -2.309744        0.2902
BFGS:   92 14:01:12       -2.316284        0.2206
BFGS:   93 14:01:13       -2.323587        0.2727
BFGS:   94 14:01:14       -2.325769        0.1804
BFGS:   95 14:01:14       -2.332074        0.2678
BFGS:   96 14:01:14       -2.331853        0.1207
BFGS:   97 14:01:14       -2.333914        0.0996
BFGS:   98 14:01:14       -2.336838        0.1652
BFGS:   99 14:01:14       -2.338492        0.1671
BFGS:  100 14:01:14       -2.340981        0.1507
BFGS:  101 14:01:15       -2.343158        0.1244
BFGS:  102 14:01:15       -2.345704        0.1067
BFGS:  103 14:01:15       -2.347742        0.1097
BFGS:  104 14:01:15       -2.349917        0.0739
BFGS:  105 14:01:15       -2.351352        0.0842
BFGS:  106 14:01:15       -2.353242        0.1110
BFGS:  107 14:01:15       -2.355404        0.1319
BFGS:  108 14:01:15       -2.357096        0.1168
BFGS:  109 14:01:15       -2.358798        0.0830
BFGS:  110 14:01:16       -2.360754        0.0758
BFGS:  111 14:01:16       -2.362851        0.1311
BFGS:  112 14:01:16       -2.365110        0.1659
BFGS:  113 14:01:16       -2.367210        0.1720
BFGS:  114 14:01:16       -2.369494        0.1053
BFGS:  115 14:01:16       -2.371651        0.0530
BFGS:  116 14:01:16       -2.373556        0.1191
BFGS:  117 14:01:20       -2.375177        0.1647
BFGS:  118 14:01:21       -2.376674        0.1559
BFGS:  119 14:01:22       -2.378017        0.0802
BFGS:  120 14:01:22       -2.379262        0.0697
BFGS:  121 14:01:23       -2.380616        0.0843
BFGS:  122 14:01:23       -2.382041        0.1158
BFGS:  123 14:01:24       -2.383816        0.1006
BFGS:  124 14:01:25       -2.385652        0.0554
BFGS:  125 14:01:25       -2.387713        0.0504
BFGS:  126 14:01:25       -2.389236        0.0684
BFGS:  127 14:01:26       -2.390239        0.0640
BFGS:  128 14:01:26       -2.391002        0.0727
BFGS:  129 14:01:26       -2.391533        0.0437
      Step     Time          Energy         fmax
BFGS:    0 14:01:26       -2.184463        4.7655
BFGS:    1 14:01:26       -2.314801        5.8266
BFGS:    2 14:01:26       -2.328500        1.2161
BFGS:    3 14:01:26       -2.349284        0.8192
BFGS:    4 14:01:27       -2.356526        0.4446
BFGS:    5 14:01:27       -2.360987        0.3112
BFGS:    6 14:01:27       -2.362803        0.3597
BFGS:    7 14:01:27       -2.362885        0.1086
BFGS:    8 14:01:27       -2.363355        0.1172
BFGS:    9 14:01:27       -2.364722        0.1189
BFGS:   10 14:01:27       -2.365626        0.0684
BFGS:   11 14:01:28       -2.366292        0.0634
BFGS:   12 14:01:29       -2.366964        0.0768
BFGS:   13 14:01:31       -2.367512        0.1027
BFGS:   14 14:01:32       -2.367799        0.0561
BFGS:   15 14:01:33       -2.368312        0.0498
Performing final optimization with tight thresholds...
      Step     Time          Energy         fmax
BFGS:    0 14:01:33       -2.368312        0.0498
Tight optimization complete!
Relaxed scan complete! Trajectory saved to opt.traj. 
Finished in 0 hours, 2 minutes, and 33 seconds
