[  0.        +7.73147438e+02j   0.        +1.38366211e+00j
   0.        +7.99602818e-01j   0.        +7.25233784e-01j
   0.        +4.25466864e-01j   0.55730765+0.00000000e+00j
   1.52928377+0.00000000e+00j  15.0317538 +0.00000000e+00j
  21.58073415+0.00000000e+00j  30.77077427+0.00000000e+00j
  31.51351191+0.00000000e+00j  33.69022873+0.00000000e+00j
  35.73081137+0.00000000e+00j  43.19773193+0.00000000e+00j
  50.13477858+0.00000000e+00j  50.95011977+0.00000000e+00j
  61.2719023 +0.00000000e+00j  75.48298706+0.00000000e+00j
  97.02359512+0.00000000e+00j 101.98434835+0.00000000e+00j]
Entropy components at T = 298.15 K and P = 101325.0 Pa:
=================================================
                           S               T*S
S_trans (1 bar)    0.0019301 eV/K        0.575 eV
S_rot              0.0016216 eV/K        0.483 eV
S_elec             0.0000000 eV/K        0.000 eV
S_vib              0.0057559 eV/K        1.716 eV
S (1 bar -> P)    -0.0000011 eV/K       -0.000 eV
-------------------------------------------------
S                  0.0093065 eV/K        2.775 eV
=================================================
Enthalpy components at T = 298.15 K:
===============================
E_pot                 -5.106 eV
E_ZPE                 15.304 eV
Cv_trans (0->T)        0.039 eV
Cv_rot (0->T)          0.039 eV
Cv_vib (0->T)          0.818 eV
(C_v -> C_p)           0.026 eV
-------------------------------
H                     11.118 eV
===============================
Generating forward path to find forward triplet crossing
Found a triplet crossing after 10 steps!
Minimizing average (singlet, triplet) energy while keeping the gap as small as possible
      Step     Time          Energy         fmax
BFGS:    0 10:10:28       -5.181114        0.3606
BFGS:    1 10:10:29       -5.184602        0.1410
BFGS:    2 10:10:29       -5.185550        0.1206
BFGS:    3 10:10:30       -5.186022        0.0872
BFGS:    4 10:10:30       -5.186261        0.0868
BFGS:    5 10:10:31       -5.186759        0.0693
BFGS:    6 10:10:32       -5.187621        0.0741
BFGS:    7 10:10:33       -5.188354        0.0373
BFGS:    8 10:10:33       -5.188916        0.0365
BFGS:    9 10:10:34       -5.189318        0.0461
BFGS:   10 10:10:35       -5.189714        0.0611
BFGS:   11 10:10:36       -5.189987        0.0657
BFGS:   12 10:10:37       -5.190170        0.0559
BFGS:   13 10:10:38       -5.190341        0.0422
BFGS:   14 10:10:38       -5.190574        0.0449
BFGS:   15 10:10:39       -5.190897        0.0476
BFGS:   16 10:10:40       -5.191348        0.0551
BFGS:   17 10:10:40       -5.192009        0.0552
BFGS:   18 10:10:41       -5.192803        0.0573
BFGS:   19 10:10:41       -5.193364        0.0453
BFGS:   20 10:10:42       -5.193513        0.0361
BFGS:   21 10:10:44       -5.193404        0.0329
BFGS:   22 10:10:45       -5.193197        0.0428
BFGS:   23 10:10:46       -5.193082        0.0426
BFGS:   24 10:10:47       -5.193203        0.0312
BFGS:   25 10:10:47       -5.193580        0.0283
BFGS:   26 10:10:48       -5.194207        0.0340
BFGS:   27 10:10:48       -5.194954        0.0326
BFGS:   28 10:10:49       -5.195479        0.0251
BFGS:   29 10:10:49       -5.195623        0.0250
BFGS:   30 10:10:50       -5.195466        0.0270
BFGS:   31 10:10:51       -5.195142        0.0224
BFGS:   32 10:10:52       -5.194830        0.0267
BFGS:   33 10:10:53       -5.194666        0.0323
BFGS:   34 10:10:53       -5.194755        0.0367
BFGS:   35 10:10:54       -5.195183        0.0380
BFGS:   36 10:10:54       -5.195871        0.0267
BFGS:   37 10:10:55       -5.196606        0.0256
BFGS:   38 10:10:56       -5.197206        0.0292
BFGS:   39 10:10:57       -5.197583        0.0311
BFGS:   40 10:10:57       -5.197665        0.0296
BFGS:   41 10:10:58       -5.197483        0.0301
BFGS:   42 10:10:59       -5.197212        0.0320
BFGS:   43 10:10:59       -5.197034        0.0275
BFGS:   44 10:11:00       -5.197091        0.0232
BFGS:   45 10:11:00       -5.197418        0.0238
BFGS:   46 10:11:01       -5.197938        0.0264
BFGS:   47 10:11:02       -5.198536        0.0300
BFGS:   48 10:11:02       -5.199012        0.0218
BFGS:   49 10:11:03       -5.199219        0.0177
BFGS:   50 10:11:04       -5.199150        0.0215
BFGS:   51 10:11:05       -5.198915        0.0226
BFGS:   52 10:11:06       -5.198602        0.0243
BFGS:   53 10:11:06       -5.198391        0.0276
BFGS:   54 10:11:07       -5.198426        0.0232
BFGS:   55 10:11:07       -5.198771        0.0239
BFGS:   56 10:11:08       -5.199367        0.0256
BFGS:   57 10:11:09       -5.200030        0.0271
BFGS:   58 10:11:09       -5.200515        0.0238
BFGS:   59 10:11:10       -5.200661        0.0204
BFGS:   60 10:11:10       -5.200529        0.0156
BFGS:   61 10:11:11       -5.200233        0.0172
BFGS:   62 10:11:12       -5.199927        0.0205
BFGS:   63 10:11:12       -5.199781        0.0205
BFGS:   64 10:11:13       -5.199870        0.0167
BFGS:   65 10:11:14       -5.200166        0.0155
BFGS:   66 10:11:14       -5.200580        0.0147
BFGS:   67 10:11:15       -5.200960        0.0134
BFGS:   68 10:11:15       -5.201144        0.0112
BFGS:   69 10:11:16       -5.201120        0.0134
BFGS:   70 10:11:17       -5.200952        0.0129
BFGS:   71 10:11:17       -5.200730        0.0104
BFGS:   72 10:11:18       -5.200572        0.0160
BFGS:   73 10:11:18       -5.200552        0.0169
BFGS:   74 10:11:19       -5.200680        0.0123
BFGS:   75 10:11:19       -5.200937        0.0119
BFGS:   76 10:11:20       -5.201257        0.0121
BFGS:   77 10:11:20       -5.201530        0.0173
BFGS:   78 10:11:21       -5.201663        0.0163
BFGS:   79 10:11:21       -5.201617        0.0126
BFGS:   80 10:11:21       -5.201447        0.0119
BFGS:   81 10:11:22       -5.201244        0.0153
BFGS:   82 10:11:23       -5.201107        0.0174
BFGS:   83 10:11:23       -5.201100        0.0177
BFGS:   84 10:11:23       -5.201257        0.0146
BFGS:   85 10:11:24       -5.201528        0.0131
BFGS:   86 10:11:24       -5.201819        0.0147
BFGS:   87 10:11:24       -5.202067        0.0149
BFGS:   88 10:11:25       -5.202217        0.0155
BFGS:   89 10:11:25       -5.202219        0.0142
BFGS:   90 10:11:26       -5.202105        0.0100
BFGS:   91 10:11:26       -5.201977        0.0083
BFGS:   92 10:11:27       -5.201914        0.0074
BFGS:   93 10:11:27       -5.201924        0.0069
BFGS:   94 10:11:28       -5.201994        0.0071
BFGS:   95 10:11:28       -5.202095        0.0072
BFGS:   96 10:11:28       -5.202190        0.0070
BFGS:   97 10:11:29       -5.202247        0.0057
BFGS:   98 10:11:29       -5.202256        0.0054
BFGS:   99 10:11:29       -5.202235        0.0054
BFGS:  100 10:11:30       -5.202197        0.0066
BFGS:  101 10:11:30       -5.202160        0.0055
BFGS:  102 10:11:31       -5.202142        0.0069
BFGS:  103 10:11:31       -5.202152        0.0085
BFGS:  104 10:11:32       -5.202197        0.0078
BFGS:  105 10:11:32       -5.202269        0.0080
BFGS:  106 10:11:33       -5.202346        0.0067
BFGS:  107 10:11:33       -5.202405        0.0074
BFGS:  108 10:11:33       -5.202432        0.0066
BFGS:  109 10:11:34       -5.202434        0.0062
BFGS:  110 10:11:34       -5.202409        0.0060
BFGS:  111 10:11:35       -5.202376        0.0057
BFGS:  112 10:11:35       -5.202349        0.0071
BFGS:  113 10:11:36       -5.202344        0.0071
BFGS:  114 10:11:36       -5.202375        0.0063
BFGS:  115 10:11:37       -5.202441        0.0072
BFGS:  116 10:11:37       -5.202526        0.0085
BFGS:  117 10:11:37       -5.202604        0.0089
BFGS:  118 10:11:38       -5.202646        0.0074
BFGS:  119 10:11:38       -5.202640        0.0066
BFGS:  120 10:11:39       -5.202594        0.0061
BFGS:  121 10:11:39       -5.202537        0.0072
BFGS:  122 10:11:40       -5.202500        0.0053
BFGS:  123 10:11:40       -5.202504        0.0057
BFGS:  124 10:11:41       -5.202549        0.0054
BFGS:  125 10:11:41       -5.202619        0.0060
BFGS:  126 10:11:42       -5.202680        0.0050
BFGS:  127 10:11:42       -5.202706        0.0041
Generating backward path to find backward triplet crossing
Found a triplet crossing after 14 steps!
Minimizing average (singlet, triplet) energy while keeping the gap as small as possible
      Step     Time          Energy         fmax
BFGS:    0 10:11:46       -5.196416        0.3220
BFGS:    1 10:11:47       -5.201914        0.2033
BFGS:    2 10:11:47       -5.206937        0.1593
BFGS:    3 10:11:48       -5.209023        0.1558
BFGS:    4 10:11:48       -5.210573        0.1956
BFGS:    5 10:11:48       -5.211799        0.0615
BFGS:    6 10:11:49       -5.213205        0.1104
BFGS:    7 10:11:49       -5.214834        0.1241
BFGS:    8 10:11:50       -5.216208        0.0842
BFGS:    9 10:11:50       -5.217553        0.0956
BFGS:   10 10:11:50       -5.218863        0.0919
BFGS:   11 10:11:51       -5.220263        0.0914
BFGS:   12 10:11:51       -5.221683        0.0907
BFGS:   13 10:11:52       -5.223024        0.0674
BFGS:   14 10:11:52       -5.224149        0.0629
BFGS:   15 10:11:53       -5.225082        0.0655
BFGS:   16 10:11:53       -5.225957        0.0659
BFGS:   17 10:11:53       -5.226859        0.0736
BFGS:   18 10:11:54       -5.227717        0.0565
BFGS:   19 10:11:54       -5.228476        0.0535
BFGS:   20 10:11:55       -5.229137        0.0501
BFGS:   21 10:11:55       -5.229775        0.0563
BFGS:   22 10:11:56       -5.230420        0.0498
BFGS:   23 10:11:56       -5.230933        0.0366
BFGS:   24 10:11:56       -5.231289        0.0314
BFGS:   25 10:11:57       -5.231620        0.0368
BFGS:   26 10:11:57       -5.232060        0.0460
BFGS:   27 10:11:58       -5.232629        0.0452
BFGS:   28 10:11:58       -5.233193        0.0445
BFGS:   29 10:11:58       -5.233664        0.0306
BFGS:   30 10:11:59       -5.234080        0.0374
BFGS:   31 10:12:00       -5.234541        0.0501
BFGS:   32 10:12:00       -5.235062        0.0463
BFGS:   33 10:12:01       -5.235578        0.0389
BFGS:   34 10:12:01       -5.236101        0.0421
BFGS:   35 10:12:01       -5.236670        0.0445
BFGS:   36 10:12:02       -5.237280        0.0427
BFGS:   37 10:12:02       -5.237824        0.0325
BFGS:   38 10:12:03       -5.238256        0.0296
BFGS:   39 10:12:03       -5.238602        0.0338
BFGS:   40 10:12:05       -5.238886        0.0347
BFGS:   41 10:12:07       -5.239111        0.0248
BFGS:   42 10:12:08       -5.239317        0.0301
BFGS:   43 10:12:09       -5.239535        0.0358
BFGS:   44 10:12:10       -5.239781        0.0331
BFGS:   45 10:12:10       -5.240047        0.0265
BFGS:   46 10:12:11       -5.240312        0.0245
BFGS:   47 10:12:12       -5.240558        0.0292
BFGS:   48 10:12:12       -5.240784        0.0294
BFGS:   49 10:12:12       -5.240988        0.0240
BFGS:   50 10:12:13       -5.241180        0.0212
BFGS:   51 10:12:14       -5.241365        0.0301
BFGS:   52 10:12:15       -5.241561        0.0358
BFGS:   53 10:12:17       -5.241776        0.0285
BFGS:   54 10:12:18       -5.242022        0.0274
BFGS:   55 10:12:19       -5.242312        0.0289
BFGS:   56 10:12:20       -5.242653        0.0384
BFGS:   57 10:12:21       -5.243011        0.0418
BFGS:   58 10:12:21       -5.243360        0.0310
BFGS:   59 10:12:22       -5.243687        0.0288
BFGS:   60 10:12:22       -5.243982        0.0254
BFGS:   61 10:12:23       -5.244200        0.0224
BFGS:   62 10:12:27       -5.244340        0.0211
BFGS:   63 10:12:27       -5.244443        0.0205
BFGS:   64 10:12:28       -5.244545        0.0188
BFGS:   65 10:12:29       -5.244665        0.0201
BFGS:   66 10:12:30       -5.244800        0.0186
BFGS:   67 10:12:31       -5.244943        0.0169
BFGS:   68 10:12:31       -5.245089        0.0160
BFGS:   69 10:12:32       -5.245238        0.0168
BFGS:   70 10:12:32       -5.245376        0.0169
BFGS:   71 10:12:33       -5.245499        0.0196
BFGS:   72 10:12:34       -5.245604        0.0180
BFGS:   73 10:12:37       -5.245703        0.0162
BFGS:   74 10:12:38       -5.245807        0.0174
BFGS:   75 10:12:39       -5.245930        0.0172
BFGS:   76 10:12:40       -5.246075        0.0226
BFGS:   77 10:12:41       -5.246244        0.0216
BFGS:   78 10:12:42       -5.246429        0.0224
BFGS:   79 10:12:42       -5.246634        0.0256
BFGS:   80 10:12:43       -5.246837        0.0230
BFGS:   81 10:12:43       -5.247005        0.0230
BFGS:   82 10:12:44       -5.247121        0.0168
BFGS:   83 10:12:47       -5.247200        0.0156
BFGS:   84 10:12:48       -5.247279        0.0166
BFGS:   85 10:12:49       -5.247374        0.0230
BFGS:   86 10:12:50       -5.247493        0.0216
BFGS:   87 10:12:51       -5.247637        0.0182
BFGS:   88 10:12:52       -5.247806        0.0193
BFGS:   89 10:12:52       -5.248011        0.0192
BFGS:   90 10:12:53       -5.248223        0.0201
BFGS:   91 10:12:54       -5.248388        0.0172
BFGS:   92 10:12:54       -5.248474        0.0164
BFGS:   93 10:12:56       -5.248508        0.0163
BFGS:   94 10:12:58       -5.248526        0.0150
BFGS:   95 10:12:59       -5.248551        0.0165
BFGS:   96 10:13:00       -5.248613        0.0147
BFGS:   97 10:13:01       -5.248723        0.0164
BFGS:   98 10:13:02       -5.248882        0.0190
BFGS:   99 10:13:02       -5.249068        0.0165
BFGS:  100 10:13:02       -5.249249        0.0184
BFGS:  101 10:13:03       -5.249400        0.0171
BFGS:  102 10:13:04       -5.249510        0.0240
BFGS:  103 10:13:04       -5.249569        0.0241
BFGS:  104 10:13:07       -5.249593        0.0198
BFGS:  105 10:13:08       -5.249624        0.0148
BFGS:  106 10:13:09       -5.249697        0.0147
BFGS:  107 10:13:10       -5.249816        0.0151
BFGS:  108 10:13:11       -5.249975        0.0142
BFGS:  109 10:13:11       -5.250150        0.0131
BFGS:  110 10:13:12       -5.250313        0.0134
BFGS:  111 10:13:13       -5.250436        0.0177
BFGS:  112 10:13:13       -5.250505        0.0177
BFGS:  113 10:13:13       -5.250530        0.0221
BFGS:  114 10:13:14       -5.250550        0.0193
BFGS:  115 10:13:15       -5.250605        0.0174
BFGS:  116 10:13:18       -5.250720        0.0161
BFGS:  117 10:13:19       -5.250893        0.0201
BFGS:  118 10:13:20       -5.251076        0.0158
BFGS:  119 10:13:21       -5.251245        0.0140
BFGS:  120 10:13:22       -5.251387        0.0135
BFGS:  121 10:13:23       -5.251474        0.0151
BFGS:  122 10:13:23       -5.251503        0.0133
BFGS:  123 10:13:23       -5.251495        0.0138
BFGS:  124 10:13:24       -5.251491        0.0138
BFGS:  125 10:13:27       -5.251516        0.0136
BFGS:  126 10:13:28       -5.251576        0.0123
BFGS:  127 10:13:28       -5.251658        0.0116
BFGS:  128 10:13:29       -5.251749        0.0108
BFGS:  129 10:13:30       -5.251842        0.0152
BFGS:  130 10:13:31       -5.251923        0.0169
BFGS:  131 10:13:32       -5.251982        0.0117
BFGS:  132 10:13:32       -5.252013        0.0102
BFGS:  133 10:13:33       -5.252026        0.0106
BFGS:  134 10:13:33       -5.252024        0.0120
BFGS:  135 10:13:34       -5.252023        0.0101
BFGS:  136 10:13:34       -5.252032        0.0100
BFGS:  137 10:13:37       -5.252063        0.0107
BFGS:  138 10:13:38       -5.252117        0.0115
BFGS:  139 10:13:39       -5.252193        0.0117
BFGS:  140 10:13:40       -5.252275        0.0103
BFGS:  141 10:13:41       -5.252340        0.0088
BFGS:  142 10:13:41       -5.252377        0.0102
BFGS:  143 10:13:42       -5.252390        0.0130
BFGS:  144 10:13:42       -5.252382        0.0107
BFGS:  145 10:13:43       -5.252367        0.0107
BFGS:  146 10:13:43       -5.252365        0.0082
BFGS:  147 10:13:43       -5.252390        0.0100
BFGS:  148 10:13:44       -5.252452        0.0113
BFGS:  149 10:13:44       -5.252551        0.0106
BFGS:  150 10:13:45       -5.252666        0.0107
BFGS:  151 10:13:45       -5.252756        0.0108
BFGS:  152 10:13:46       -5.252790        0.0087
BFGS:  153 10:13:46       -5.252782        0.0091
BFGS:  154 10:13:47       -5.252753        0.0105
BFGS:  155 10:13:47       -5.252719        0.0096
BFGS:  156 10:13:47       -5.252705        0.0112
BFGS:  157 10:13:48       -5.252733        0.0082
BFGS:  158 10:13:48       -5.252795        0.0074
BFGS:  159 10:13:49       -5.252872        0.0070
BFGS:  160 10:13:49       -5.252950        0.0086
BFGS:  161 10:13:50       -5.253009        0.0089
BFGS:  162 10:13:50       -5.253027        0.0058
BFGS:  163 10:13:50       -5.253007        0.0067
BFGS:  164 10:13:51       -5.252962        0.0084
BFGS:  165 10:13:51       -5.252908        0.0091
BFGS:  166 10:13:52       -5.252865        0.0083
BFGS:  167 10:13:52       -5.252863        0.0073
BFGS:  168 10:13:52       -5.252921        0.0072
BFGS:  169 10:13:53       -5.253027        0.0077
BFGS:  170 10:13:53       -5.253152        0.0079
BFGS:  171 10:13:54       -5.253267        0.0063
BFGS:  172 10:13:54       -5.253332        0.0066
BFGS:  173 10:13:55       -5.253331        0.0068
BFGS:  174 10:13:55       -5.253276        0.0069
BFGS:  175 10:13:56       -5.253195        0.0070
BFGS:  176 10:13:56       -5.253122        0.0082
BFGS:  177 10:13:56       -5.253091        0.0087
BFGS:  178 10:13:57       -5.253129        0.0101
BFGS:  179 10:13:57       -5.253242        0.0099
BFGS:  180 10:13:58       -5.253394        0.0082
BFGS:  181 10:13:59       -5.253538        0.0072
BFGS:  182 10:13:59       -5.253653        0.0085
BFGS:  183 10:13:59       -5.253721        0.0089
BFGS:  184 10:14:00       -5.253722        0.0091
BFGS:  185 10:14:00       -5.253667        0.0104
BFGS:  186 10:14:00       -5.253593        0.0110
BFGS:  187 10:14:01       -5.253532        0.0108
BFGS:  188 10:14:01       -5.253518        0.0113
BFGS:  189 10:14:02       -5.253590        0.0141
BFGS:  190 10:14:02       -5.253743        0.0118
BFGS:  191 10:14:03       -5.253929        0.0109
BFGS:  192 10:14:03       -5.254091        0.0096
BFGS:  193 10:14:04       -5.254198        0.0106
BFGS:  194 10:14:04       -5.254233        0.0094
BFGS:  195 10:14:05       -5.254204        0.0078
BFGS:  196 10:14:05       -5.254146        0.0077
BFGS:  197 10:14:05       -5.254089        0.0089
BFGS:  198 10:14:06       -5.254061        0.0097
BFGS:  199 10:14:06       -5.254084        0.0088
BFGS:  200 10:14:07       -5.254163        0.0093
BFGS:  201 10:14:07       -5.254273        0.0090
BFGS:  202 10:14:08       -5.254389        0.0085
BFGS:  203 10:14:08       -5.254484        0.0096
BFGS:  204 10:14:09       -5.254534        0.0087
BFGS:  205 10:14:09       -5.254522        0.0077
BFGS:  206 10:14:09       -5.254473        0.0075
BFGS:  207 10:14:10       -5.254408        0.0089
BFGS:  208 10:14:10       -5.254354        0.0096
BFGS:  209 10:14:10       -5.254350        0.0109
BFGS:  210 10:14:11       -5.254430        0.0113
BFGS:  211 10:14:11       -5.254590        0.0117
BFGS:  212 10:14:12       -5.254806        0.0119
BFGS:  213 10:14:12       -5.255038        0.0132
BFGS:  214 10:14:13       -5.255217        0.0141
BFGS:  215 10:14:13       -5.255262        0.0133
BFGS:  216 10:14:13       -5.255192        0.0133
BFGS:  217 10:14:14       -5.255065        0.0123
BFGS:  218 10:14:14       -5.254954        0.0107
BFGS:  219 10:14:15       -5.254916        0.0112
BFGS:  220 10:14:15       -5.254991        0.0096
BFGS:  221 10:14:16       -5.255157        0.0100
BFGS:  222 10:14:16       -5.255356        0.0094
BFGS:  223 10:14:17       -5.255525        0.0089
BFGS:  224 10:14:17       -5.255604        0.0093
BFGS:  225 10:14:17       -5.255606        0.0092
BFGS:  226 10:14:18       -5.255539        0.0091
BFGS:  227 10:14:18       -5.255445        0.0106
BFGS:  228 10:14:18       -5.255380        0.0101
BFGS:  229 10:14:19       -5.255389        0.0082
BFGS:  230 10:14:19       -5.255470        0.0075
BFGS:  231 10:14:20       -5.255591        0.0060
BFGS:  232 10:14:20       -5.255691        0.0050
BFGS:  233 10:14:21       -5.255743        0.0047
Neural IRC terminated normally.
