[ 0.        +686.73835663j  0.          +2.73201097j
  0.          +2.29526002j  0.          +1.54433205j
  0.          +1.18396288j  0.          +0.98107489j
  0.          +0.76142993j  7.86465496  +0.j
 14.76248499  +0.j         19.76307209  +0.j
 20.46506384  +0.j         28.04089779  +0.j
 34.02774693  +0.j         37.41581681  +0.j
 43.73029267  +0.j         47.72183094  +0.j
 55.88949275  +0.j         57.07099834  +0.j
 63.15562598  +0.j         67.20586433  +0.j        ]
Entropy components at T = 298.15 K and P = 101325.0 Pa:
=================================================
                           S               T*S
S_trans (1 bar)    0.0019477 eV/K        0.581 eV
S_rot              0.0016743 eV/K        0.499 eV
S_elec             0.0000000 eV/K        0.000 eV
S_vib              0.0071129 eV/K        2.121 eV
S (1 bar -> P)    -0.0000011 eV/K       -0.000 eV
-------------------------------------------------
S                  0.0107338 eV/K        3.200 eV
=================================================
Enthalpy components at T = 298.15 K:
===============================
E_pot                 -2.508 eV
E_ZPE                 17.342 eV
Cv_trans (0->T)        0.039 eV
Cv_rot (0->T)          0.039 eV
Cv_vib (0->T)          0.984 eV
(C_v -> C_p)           0.026 eV
-------------------------------
H                     15.920 eV
===============================
Generating forward path to find forward triplet crossing
Found a triplet crossing after 14 steps!
Minimizing average (singlet, triplet) energy while keeping the gap as small as possible
      Step     Time          Energy         fmax
BFGS:    0 14:43:05       -2.603703        0.8863
BFGS:    1 14:43:05       -2.638225        0.7261
BFGS:    2 14:43:05       -2.696035        1.2514
BFGS:    3 14:43:06       -2.733951        0.4923
BFGS:    4 14:43:06       -2.743646        0.4057
BFGS:    5 14:43:07       -2.766298        0.4650
BFGS:    6 14:43:07       -2.777529        0.1887
BFGS:    7 14:43:08       -2.785475        0.1728
BFGS:    8 14:43:08       -2.793936        0.2062
BFGS:    9 14:43:09       -2.802329        0.2833
BFGS:   10 14:43:09       -2.808006        0.2076
BFGS:   11 14:43:10       -2.816824        0.1640
BFGS:   12 14:43:11       -2.825659        0.2288
BFGS:   13 14:43:11       -2.835984        0.2861
BFGS:   14 14:43:12       -2.846579        0.2812
BFGS:   15 14:43:12       -2.857624        0.2394
BFGS:   16 14:43:13       -2.867947        0.1588
BFGS:   17 14:43:14       -2.876203        0.2286
BFGS:   18 14:43:14       -2.886837        0.2184
BFGS:   19 14:43:15       -2.894685        0.1991
BFGS:   20 14:43:16       -2.905541        0.1850
BFGS:   21 14:43:16       -2.916485        0.1724
BFGS:   22 14:43:17       -2.925207        0.1550
BFGS:   23 14:43:18       -2.932406        0.1216
BFGS:   24 14:43:18       -2.938099        0.1028
BFGS:   25 14:43:19       -2.943861        0.1352
BFGS:   26 14:43:19       -2.949677        0.1463
BFGS:   27 14:43:20       -2.956080        0.1387
BFGS:   28 14:43:20       -2.962297        0.1338
BFGS:   29 14:43:21       -2.968069        0.1705
BFGS:   30 14:43:21       -2.973702        0.1424
BFGS:   31 14:43:22       -2.979010        0.1676
BFGS:   32 14:43:23       -2.984281        0.1328
BFGS:   33 14:43:24       -2.989722        0.1470
BFGS:   34 14:43:24       -2.996317        0.1454
BFGS:   35 14:43:25       -3.002212        0.1306
BFGS:   36 14:43:26       -3.007210        0.1008
BFGS:   37 14:43:27       -3.010334        0.0824
BFGS:   38 14:43:27       -3.013107        0.1075
BFGS:   39 14:43:27       -3.015844        0.1085
BFGS:   40 14:43:28       -3.019068        0.1018
BFGS:   41 14:43:29       -3.022034        0.0823
BFGS:   42 14:43:29       -3.024590        0.0732
BFGS:   43 14:43:29       -3.026884        0.0815
BFGS:   44 14:43:30       -3.029231        0.0912
BFGS:   45 14:43:30       -3.031619        0.0828
BFGS:   46 14:43:31       -3.034227        0.0761
BFGS:   47 14:43:31       -3.036729        0.0831
BFGS:   48 14:43:32       -3.039563        0.0955
BFGS:   49 14:43:32       -3.042538        0.0922
BFGS:   50 14:43:33       -3.045462        0.0908
BFGS:   51 14:43:33       -3.048417        0.0923
BFGS:   52 14:43:34       -3.051564        0.0933
BFGS:   53 14:43:34       -3.055106        0.1179
BFGS:   54 14:43:35       -3.058067        0.0913
BFGS:   55 14:43:36       -3.060837        0.0888
BFGS:   56 14:43:36       -3.063398        0.0929
BFGS:   57 14:43:37       -3.066394        0.1058
BFGS:   58 14:43:38       -3.069075        0.1055
BFGS:   59 14:43:39       -3.071446        0.0834
BFGS:   60 14:43:39       -3.073571        0.1042
BFGS:   61 14:43:41       -3.075655        0.0854
BFGS:   62 14:43:42       -3.078062        0.0767
BFGS:   63 14:43:43       -3.080596        0.0873
BFGS:   64 14:43:43       -3.082858        0.0984
BFGS:   65 14:43:44       -3.085065        0.0950
BFGS:   66 14:43:45       -3.086059        0.1150
BFGS:   67 14:43:45       -3.087638        0.0585
BFGS:   68 14:43:46       -3.089319        0.0675
BFGS:   69 14:43:46       -3.090923        0.0897
BFGS:   70 14:43:47       -3.092392        0.0985
BFGS:   71 14:43:48       -3.093580        0.0547
BFGS:   72 14:43:48       -3.094543        0.0576
BFGS:   73 14:43:49       -3.095645        0.0698
BFGS:   74 14:43:50       -3.096565        0.0889
BFGS:   75 14:43:50       -3.097566        0.0640
BFGS:   76 14:43:51       -3.098376        0.0434
BFGS:   77 14:43:52       -3.099463        0.0571
BFGS:   78 14:43:53       -3.100245        0.0674
BFGS:   79 14:43:53       -3.101161        0.0615
BFGS:   80 14:43:54       -3.101745        0.0440
BFGS:   81 14:43:55       -3.102548        0.0516
BFGS:   82 14:43:55       -3.103430        0.0661
BFGS:   83 14:43:56       -3.104652        0.0764
BFGS:   84 14:43:56       -3.106029        0.0960
BFGS:   85 14:43:57       -3.107223        0.0667
BFGS:   86 14:43:58       -3.108536        0.0713
BFGS:   87 14:43:59       -3.109670        0.1104
BFGS:   88 14:43:59       -3.111013        0.0656
BFGS:   89 14:44:00       -3.112576        0.0601
BFGS:   90 14:44:00       -3.114157        0.0768
BFGS:   91 14:44:01       -3.115589        0.0704
BFGS:   92 14:44:01       -3.116899        0.0508
BFGS:   93 14:44:02       -3.117961        0.0455
BFGS:   94 14:44:02       -3.118830        0.0624
BFGS:   95 14:44:03       -3.119743        0.0566
BFGS:   96 14:44:03       -3.120468        0.0691
BFGS:   97 14:44:04       -3.121448        0.0468
BFGS:   98 14:44:05       -3.122536        0.0628
BFGS:   99 14:44:05       -3.123354        0.0597
BFGS:  100 14:44:06       -3.124578        0.0538
BFGS:  101 14:44:07       -3.125733        0.0586
BFGS:  102 14:44:08       -3.126989        0.0723
BFGS:  103 14:44:08       -3.127996        0.0839
BFGS:  104 14:44:09       -3.129068        0.0536
BFGS:  105 14:44:10       -3.129821        0.0391
BFGS:  106 14:44:10       -3.130733        0.0408
BFGS:  107 14:44:11       -3.131445        0.0541
BFGS:  108 14:44:11       -3.132363        0.0584
BFGS:  109 14:44:11       -3.133112        0.0439
BFGS:  110 14:44:12       -3.133968        0.0451
BFGS:  111 14:44:13       -3.134658        0.0388
BFGS:  112 14:44:13       -3.135487        0.0392
BFGS:  113 14:44:14       -3.136221        0.0412
BFGS:  114 14:44:14       -3.137164        0.0392
BFGS:  115 14:44:15       -3.138061        0.0485
BFGS:  116 14:44:15       -3.139078        0.0472
BFGS:  117 14:44:16       -3.139902        0.0442
BFGS:  118 14:44:16       -3.140606        0.0382
BFGS:  119 14:44:17       -3.141205        0.0446
BFGS:  120 14:44:17       -3.141798        0.0418
BFGS:  121 14:44:18       -3.142457        0.0457
BFGS:  122 14:44:18       -3.143086        0.0428
BFGS:  123 14:44:19       -3.143768        0.0479
BFGS:  124 14:44:19       -3.144357        0.0581
BFGS:  125 14:44:19       -3.144964        0.0487
BFGS:  126 14:44:20       -3.145390        0.0381
BFGS:  127 14:44:21       -3.145788        0.0326
BFGS:  128 14:44:21       -3.146085        0.0348
BFGS:  129 14:44:22       -3.146460        0.0329
BFGS:  130 14:44:22       -3.146824        0.0247
BFGS:  131 14:44:23       -3.147223        0.0279
BFGS:  132 14:44:23       -3.147614        0.0311
BFGS:  133 14:44:24       -3.147983        0.0284
BFGS:  134 14:44:24       -3.148405        0.0270
BFGS:  135 14:44:24       -3.148698        0.0265
BFGS:  136 14:44:25       -3.149068        0.0357
BFGS:  137 14:44:25       -3.149315        0.0325
BFGS:  138 14:44:25       -3.149777        0.0335
BFGS:  139 14:44:26       -3.150253        0.0395
BFGS:  140 14:44:26       -3.150992        0.0469
BFGS:  141 14:44:27       -3.151739        0.0545
BFGS:  142 14:44:27       -3.152565        0.0442
BFGS:  143 14:44:28       -3.153216        0.0365
BFGS:  144 14:44:28       -3.153736        0.0285
BFGS:  145 14:44:29       -3.154134        0.0323
BFGS:  146 14:44:29       -3.154459        0.0256
BFGS:  147 14:44:30       -3.154840        0.0358
BFGS:  148 14:44:30       -3.155193        0.0331
BFGS:  149 14:44:31       -3.155655        0.0359
BFGS:  150 14:44:31       -3.156085        0.0335
BFGS:  151 14:44:32       -3.156591        0.0304
BFGS:  152 14:44:32       -3.157031        0.0276
BFGS:  153 14:44:33       -3.157459        0.0276
BFGS:  154 14:44:33       -3.157828        0.0322
BFGS:  155 14:44:34       -3.158194        0.0315
BFGS:  156 14:44:35       -3.158567        0.0327
BFGS:  157 14:44:35       -3.158975        0.0295
BFGS:  158 14:44:36       -3.159447        0.0346
BFGS:  159 14:44:37       -3.160058        0.0355
BFGS:  160 14:44:37       -3.160681        0.0362
BFGS:  161 14:44:38       -3.161392        0.0491
BFGS:  162 14:44:39       -3.161833        0.0449
BFGS:  163 14:44:39       -3.162565        0.0377
BFGS:  164 14:44:40       -3.162843        0.0386
BFGS:  165 14:44:41       -3.163540        0.0319
BFGS:  166 14:44:41       -3.164072        0.0325
BFGS:  167 14:44:42       -3.164543        0.0369
BFGS:  168 14:44:43       -3.164968        0.0291
BFGS:  169 14:44:43       -3.165424        0.0294
BFGS:  170 14:44:44       -3.165915        0.0379
BFGS:  171 14:44:45       -3.166503        0.0534
BFGS:  172 14:44:46       -3.167217        0.0574
BFGS:  173 14:44:46       -3.168024        0.0497
BFGS:  174 14:44:47       -3.168737        0.0385
BFGS:  175 14:44:48       -3.169496        0.0466
BFGS:  176 14:44:48       -3.169786        0.0492
BFGS:  177 14:44:48       -3.170603        0.0402
BFGS:  178 14:44:49       -3.171010        0.0433
BFGS:  179 14:44:49       -3.171812        0.0356
BFGS:  180 14:44:50       -3.172514        0.0350
BFGS:  181 14:44:50       -3.173252        0.0376
BFGS:  182 14:44:51       -3.174011        0.0483
BFGS:  183 14:44:52       -3.174495        0.0338
BFGS:  184 14:44:52       -3.174962        0.0340
BFGS:  185 14:44:53       -3.175276        0.0396
BFGS:  186 14:44:53       -3.175721        0.0321
BFGS:  187 14:44:54       -3.176044        0.0613
BFGS:  188 14:44:55       -3.176860        0.0277
BFGS:  189 14:44:55       -3.176933        0.0697
BFGS:  190 14:44:56       -3.178036        0.0331
BFGS:  191 14:44:57       -3.178711        0.0430
BFGS:  192 14:44:57       -3.179048        0.0337
BFGS:  193 14:44:58       -3.179676        0.0444
BFGS:  194 14:44:58       -3.179941        0.0666
BFGS:  195 14:44:59       -3.181490        0.0740
BFGS:  196 14:44:59       -3.182178        0.1103
BFGS:  197 14:45:00       -3.184898        0.1094
BFGS:  198 14:45:00       -3.184872        0.0462
BFGS:  199 14:45:01       -3.185451        0.0681
BFGS:  200 14:45:01       -3.186539        0.0495
BFGS:  201 14:45:02       -3.187843        0.0597
BFGS:  202 14:45:03       -3.188580        0.0409
BFGS:  203 14:45:04       -3.189189        0.0404
BFGS:  204 14:45:05       -3.189697        0.0591
BFGS:  205 14:45:06       -3.190231        0.0590
BFGS:  206 14:45:06       -3.191005        0.0704
BFGS:  207 14:45:07       -3.191665        0.0398
BFGS:  208 14:45:08       -3.192689        0.0391
BFGS:  209 14:45:08       -3.193096        0.0578
BFGS:  210 14:45:09       -3.194132        0.0475
BFGS:  211 14:45:10       -3.194306        0.0471
BFGS:  212 14:45:11       -3.194983        0.0458
BFGS:  213 14:45:11       -3.195597        0.0525
BFGS:  214 14:45:12       -3.196367        0.0416
BFGS:  215 14:45:13       -3.197110        0.0243
BFGS:  216 14:45:14       -3.197588        0.0293
BFGS:  217 14:45:14       -3.198151        0.0464
BFGS:  218 14:45:15       -3.198160        0.0383
BFGS:  219 14:45:15       -3.198470        0.0427
BFGS:  220 14:45:16       -3.198489        0.0291
BFGS:  221 14:45:17       -3.198721        0.0403
BFGS:  222 14:45:18       -3.199051        0.0379
BFGS:  223 14:45:18       -3.199687        0.0348
BFGS:  224 14:45:19       -3.199971        0.0370
BFGS:  225 14:45:20       -3.200733        0.0493
BFGS:  226 14:45:20       -3.200891        0.0384
BFGS:  227 14:45:21       -3.201395        0.0345
BFGS:  228 14:45:21       -3.201474        0.0422
BFGS:  229 14:45:22       -3.202000        0.0417
BFGS:  230 14:45:23       -3.202451        0.0631
BFGS:  231 14:45:24       -3.203271        0.0360
BFGS:  232 14:45:24       -3.203935        0.0306
BFGS:  233 14:45:25       -3.204895        0.0560
BFGS:  234 14:45:26       -3.205079        0.0340
BFGS:  235 14:45:26       -3.205967        0.0644
BFGS:  236 14:45:27       -3.205913        0.0437
BFGS:  237 14:45:27       -3.206508        0.0498
BFGS:  238 14:45:28       -3.206934        0.0863
BFGS:  239 14:45:29       -3.207891        0.0664
BFGS:  240 14:45:29       -3.208477        0.0974
BFGS:  241 14:45:30       -3.209503        0.0541
BFGS:  242 14:45:31       -3.210542        0.0498
BFGS:  243 14:45:32       -3.211211        0.0405
BFGS:  244 14:45:33       -3.211995        0.1053
BFGS:  245 14:45:34       -3.212023        0.0715
BFGS:  246 14:45:34       -3.212737        0.0394
BFGS:  247 14:45:35       -3.212916        0.0377
BFGS:  248 14:45:35       -3.213216        0.0958
BFGS:  249 14:45:36       -3.214109        0.0416
BFGS:  250 14:45:37       -3.214304        0.0342
BFGS:  251 14:45:38       -3.214655        0.0271
BFGS:  252 14:45:38       -3.214594        0.0339
BFGS:  253 14:45:39       -3.214903        0.0350
BFGS:  254 14:45:39       -3.215165        0.0269
BFGS:  255 14:45:40       -3.215554        0.0255
BFGS:  256 14:45:40       -3.215996        0.0281
BFGS:  257 14:45:41       -3.216216        0.0282
BFGS:  258 14:45:42       -3.216527        0.0330
BFGS:  259 14:45:42       -3.216621        0.0310
BFGS:  260 14:45:43       -3.216793        0.0274
BFGS:  261 14:45:44       -3.216899        0.0266
BFGS:  262 14:45:45       -3.217155        0.0254
BFGS:  263 14:45:45       -3.217385        0.0255
BFGS:  264 14:45:46       -3.217779        0.0295
BFGS:  265 14:45:46       -3.218002        0.0204
BFGS:  266 14:45:46       -3.218367        0.0241
BFGS:  267 14:45:47       -3.218492        0.0387
BFGS:  268 14:45:48       -3.218799        0.0363
BFGS:  269 14:45:48       -3.218874        0.0356
BFGS:  270 14:45:49       -3.219261        0.0184
BFGS:  271 14:45:50       -3.219341        0.0279
BFGS:  272 14:45:51       -3.219707        0.0390
BFGS:  273 14:45:51       -3.219862        0.0330
BFGS:  274 14:45:52       -3.220046        0.0186
BFGS:  275 14:45:52       -3.220104        0.0146
BFGS:  276 14:45:53       -3.220175        0.0307
BFGS:  277 14:45:53       -3.220268        0.0406
BFGS:  278 14:45:54       -3.220442        0.0369
BFGS:  279 14:45:54       -3.220691        0.0297
BFGS:  280 14:45:54       -3.220977        0.0162
BFGS:  281 14:45:55       -3.221299        0.0335
BFGS:  282 14:45:55       -3.221521        0.0386
BFGS:  283 14:45:56       -3.221730        0.0391
BFGS:  284 14:45:56       -3.221720        0.0320
BFGS:  285 14:45:56       -3.221915        0.0241
BFGS:  286 14:45:57       -3.221895        0.0207
BFGS:  287 14:45:57       -3.222292        0.0214
BFGS:  288 14:45:58       -3.222418        0.0268
BFGS:  289 14:45:58       -3.222769        0.0230
BFGS:  290 14:45:59       -3.223007        0.0306
BFGS:  291 14:45:59       -3.223196        0.0337
BFGS:  292 14:46:00       -3.223332        0.0301
BFGS:  293 14:46:00       -3.223428        0.0298
BFGS:  294 14:46:01       -3.223544        0.0259
BFGS:  295 14:46:02       -3.223845        0.0363
BFGS:  296 14:46:02       -3.224143        0.0410
BFGS:  297 14:46:03       -3.224632        0.0234
BFGS:  298 14:46:04       -3.225012        0.0238
BFGS:  299 14:46:04       -3.225484        0.0375
BFGS:  300 14:46:05       -3.225818        0.0464
BFGS:  301 14:46:06       -3.226109        0.0405
BFGS:  302 14:46:06       -3.226321        0.0328
BFGS:  303 14:46:07       -3.226596        0.0234
BFGS:  304 14:46:07       -3.227001        0.0298
BFGS:  305 14:46:07       -3.227555        0.0379
BFGS:  306 14:46:08       -3.228118        0.0383
BFGS:  307 14:46:08       -3.228888        0.0323
BFGS:  308 14:46:09       -3.228930        0.0457
BFGS:  309 14:46:09       -3.229722        0.0675
BFGS:  310 14:46:09       -3.229820        0.0406
BFGS:  311 14:46:10       -3.229974        0.0356
BFGS:  312 14:46:11       -3.230217        0.0305
BFGS:  313 14:46:11       -3.230469        0.0350
BFGS:  314 14:46:12       -3.231028        0.0300
BFGS:  315 14:46:12       -3.231263        0.0242
BFGS:  316 14:46:12       -3.231737        0.0317
BFGS:  317 14:46:13       -3.231775        0.0316
BFGS:  318 14:46:13       -3.231848        0.0249
BFGS:  319 14:46:14       -3.231776        0.0227
BFGS:  320 14:46:14       -3.231784        0.0172
BFGS:  321 14:46:15       -3.231831        0.0128
BFGS:  322 14:46:16       -3.231953        0.0128
BFGS:  323 14:46:16       -3.232116        0.0152
BFGS:  324 14:46:17       -3.232268        0.0195
BFGS:  325 14:46:17       -3.232381        0.0197
BFGS:  326 14:46:18       -3.232402        0.0182
BFGS:  327 14:46:19       -3.232391        0.0157
BFGS:  328 14:46:19       -3.232341        0.0126
BFGS:  329 14:46:20       -3.232333        0.0147
BFGS:  330 14:46:21       -3.232357        0.0181
BFGS:  331 14:46:21       -3.232437        0.0158
BFGS:  332 14:46:22       -3.232557        0.0126
BFGS:  333 14:46:22       -3.232669        0.0111
BFGS:  334 14:46:23       -3.232780        0.0116
BFGS:  335 14:46:23       -3.232858        0.0122
BFGS:  336 14:46:24       -3.232947        0.0163
BFGS:  337 14:46:24       -3.233043        0.0132
BFGS:  338 14:46:25       -3.233165        0.0133
BFGS:  339 14:46:25       -3.233309        0.0152
BFGS:  340 14:46:26       -3.233446        0.0130
BFGS:  341 14:46:26       -3.233605        0.0144
BFGS:  342 14:46:27       -3.233691        0.0127
BFGS:  343 14:46:27       -3.233757        0.0118
BFGS:  344 14:46:28       -3.233758        0.0129
BFGS:  345 14:46:28       -3.233777        0.0172
BFGS:  346 14:46:29       -3.233815        0.0225
BFGS:  347 14:46:29       -3.233887        0.0209
BFGS:  348 14:46:30       -3.234013        0.0163
BFGS:  349 14:46:30       -3.234129        0.0125
BFGS:  350 14:46:31       -3.234278        0.0128
BFGS:  351 14:46:32       -3.234351        0.0119
BFGS:  352 14:46:32       -3.234439        0.0112
BFGS:  353 14:46:33       -3.234437        0.0099
BFGS:  354 14:46:33       -3.234480        0.0092
BFGS:  355 14:46:34       -3.234493        0.0090
BFGS:  356 14:46:34       -3.234546        0.0094
BFGS:  357 14:46:35       -3.234581        0.0082
BFGS:  358 14:46:36       -3.234626        0.0084
BFGS:  359 14:46:36       -3.234664        0.0088
BFGS:  360 14:46:37       -3.234704        0.0103
BFGS:  361 14:46:37       -3.234736        0.0135
BFGS:  362 14:46:38       -3.234773        0.0112
BFGS:  363 14:46:38       -3.234816        0.0118
BFGS:  364 14:46:39       -3.234874        0.0110
BFGS:  365 14:46:40       -3.234938        0.0101
BFGS:  366 14:46:40       -3.235003        0.0114
BFGS:  367 14:46:41       -3.235058        0.0100
BFGS:  368 14:46:41       -3.235109        0.0102
BFGS:  369 14:46:42       -3.235164        0.0156
BFGS:  370 14:46:42       -3.235234        0.0222
BFGS:  371 14:46:43       -3.235317        0.0240
BFGS:  372 14:46:44       -3.235434        0.0231
BFGS:  373 14:46:44       -3.235550        0.0214
BFGS:  374 14:46:45       -3.235714        0.0154
BFGS:  375 14:46:45       -3.235769        0.0157
BFGS:  376 14:46:46       -3.236101        0.0246
BFGS:  377 14:46:46       -3.235697        0.0421
BFGS:  378 14:46:47       -3.236124        0.0266
BFGS:  379 14:46:47       -3.236455        0.0201
BFGS:  380 14:46:47       -3.236290        0.0358
BFGS:  381 14:46:48       -3.236385        0.0257
BFGS:  382 14:46:49       -3.236429        0.0378
BFGS:  383 14:46:49       -3.236854        0.0273
BFGS:  384 14:46:49       -3.237250        0.0533
BFGS:  385 14:46:50       -3.236028        0.0946
BFGS:  386 14:46:50       -3.237361        0.0212
BFGS:  387 14:46:51       -3.237374        0.0152
BFGS:  388 14:46:51       -3.237684        0.0179
BFGS:  389 14:46:52       -3.237463        0.0200
BFGS:  390 14:46:52       -3.237868        0.0212
BFGS:  391 14:46:53       -3.238050        0.0218
BFGS:  392 14:46:53       -3.238148        0.0184
BFGS:  393 14:46:54       -3.238299        0.0244
BFGS:  394 14:46:54       -3.238388        0.0226
BFGS:  395 14:46:54       -3.238447        0.0204
BFGS:  396 14:46:55       -3.238636        0.0204
BFGS:  397 14:46:55       -3.238947        0.0202
BFGS:  398 14:46:56       -3.239107        0.0282
BFGS:  399 14:46:56       -3.239771        0.0475
BFGS:  400 14:46:57       -3.239431        0.0335
BFGS:  401 14:46:57       -3.239911        0.0310
BFGS:  402 14:46:58       -3.240206        0.0432
BFGS:  403 14:46:58       -3.240911        0.0369
BFGS:  404 14:46:59       -3.240498        0.0934
BFGS:  405 14:46:59       -3.241843        0.0602
BFGS:  406 14:47:00       -3.242421        0.0764
BFGS:  407 14:47:00       -3.244024        0.0442
BFGS:  408 14:47:00       -3.245288        0.0392
BFGS:  409 14:47:01       -3.246359        0.0421
BFGS:  410 14:47:01       -3.248693        0.1266
BFGS:  411 14:47:02       -3.246707        0.1547
BFGS:  412 14:47:02       -3.248155        0.1314
BFGS:  413 14:47:03       -3.247860        0.3438
BFGS:  414 14:47:04       -3.255509        0.0825
BFGS:  415 14:47:04       -3.255956        0.0626
BFGS:  416 14:47:04       -3.256176        0.0565
BFGS:  417 14:47:05       -3.257478        0.0399
BFGS:  418 14:47:05       -3.259381        0.0496
BFGS:  419 14:47:06       -3.260792        0.0827
BFGS:  420 14:47:06       -3.260929        0.0486
BFGS:  421 14:47:07       -3.262278        0.1000
BFGS:  422 14:47:08       -3.262079        0.0818
BFGS:  423 14:47:08       -3.262373        0.0983
BFGS:  424 14:47:08       -3.265328        0.0651
BFGS:  425 14:47:09       -3.267108        0.0564
BFGS:  426 14:47:09       -3.267987        0.0852
BFGS:  427 14:47:09       -3.271532        0.1116
BFGS:  428 14:47:10       -3.272255        0.1027
BFGS:  429 14:47:10       -3.273764        0.0708
BFGS:  430 14:47:11       -3.275901        0.0636
BFGS:  431 14:47:12       -3.276990        0.0768
BFGS:  432 14:47:12       -3.279573        0.0920
BFGS:  433 14:47:13       -3.280962        0.2154
BFGS:  434 14:47:13       -3.282296        0.0876
BFGS:  435 14:47:14       -3.283242        0.0930
BFGS:  436 14:47:14       -3.283875        0.0522
BFGS:  437 14:47:14       -3.286359        0.1787
BFGS:  438 14:47:15       -3.285810        0.1068
BFGS:  439 14:47:15       -3.287085        0.0660
BFGS:  440 14:47:16       -3.287866        0.0559
BFGS:  441 14:47:17       -3.289443        0.0639
BFGS:  442 14:47:17       -3.289261        0.0362
BFGS:  443 14:47:17       -3.289784        0.0748
BFGS:  444 14:47:18       -3.289778        0.0636
BFGS:  445 14:47:18       -3.290181        0.0672
BFGS:  446 14:47:19       -3.291110        0.0307
BFGS:  447 14:47:20       -3.291484        0.0280
BFGS:  448 14:47:20       -3.291978        0.0251
BFGS:  449 14:47:21       -3.292276        0.0320
BFGS:  450 14:47:22       -3.292162        0.0558
BFGS:  451 14:47:22       -3.292779        0.0590
BFGS:  452 14:47:23       -3.292979        0.0950
BFGS:  453 14:47:24       -3.294976        0.0859
BFGS:  454 14:47:24       -3.294088        0.0951
BFGS:  455 14:47:25       -3.295095        0.0642
BFGS:  456 14:47:25       -3.295933        0.0421
BFGS:  457 14:47:26       -3.296498        0.0420
BFGS:  458 14:47:26       -3.297446        0.0370
BFGS:  459 14:47:27       -3.298120        0.0369
BFGS:  460 14:47:27       -3.298094        0.0289
BFGS:  461 14:47:28       -3.298594        0.0305
BFGS:  462 14:47:29       -3.298984        0.0405
BFGS:  463 14:47:29       -3.299703        0.0363
BFGS:  464 14:47:30       -3.299866        0.0377
BFGS:  465 14:47:31       -3.300565        0.0347
BFGS:  466 14:47:31       -3.300092        0.0548
BFGS:  467 14:47:32       -3.301823        0.0475
BFGS:  468 14:47:33       -3.302232        0.0465
BFGS:  469 14:47:33       -3.302522        0.0644
BFGS:  470 14:47:34       -3.302437        0.0468
BFGS:  471 14:47:35       -3.303164        0.0483
BFGS:  472 14:47:36       -3.303768        0.0615
BFGS:  473 14:47:37       -3.303764        0.0475
BFGS:  474 14:47:37       -3.304203        0.0389
BFGS:  475 14:47:38       -3.304457        0.0460
BFGS:  476 14:47:38       -3.305598        0.0396
BFGS:  477 14:47:39       -3.306720        0.0616
BFGS:  478 14:47:40       -3.307636        0.0772
BFGS:  479 14:47:40       -3.308696        0.1113
BFGS:  480 14:47:41       -3.308515        0.0660
BFGS:  481 14:47:42       -3.308931        0.0580
BFGS:  482 14:47:43       -3.309669        0.0610
BFGS:  483 14:47:43       -3.309280        0.0867
BFGS:  484 14:47:44       -3.310981        0.0665
BFGS:  485 14:47:45       -3.311994        0.0535
BFGS:  486 14:47:45       -3.312170        0.0328
BFGS:  487 14:47:46       -3.312930        0.0352
BFGS:  488 14:47:47       -3.313833        0.0473
BFGS:  489 14:47:47       -3.314785        0.0535
BFGS:  490 14:47:48       -3.316084        0.0467
BFGS:  491 14:47:49       -3.316649        0.0344
BFGS:  492 14:47:49       -3.317358        0.0395
BFGS:  493 14:47:50       -3.317784        0.0393
BFGS:  494 14:47:50       -3.317832        0.0307
BFGS:  495 14:47:51       -3.318211        0.0258
BFGS:  496 14:47:52       -3.318553        0.0237
BFGS:  497 14:47:52       -3.318658        0.0237
BFGS:  498 14:47:53       -3.318917        0.0245
BFGS:  499 14:47:53       -3.319074        0.0283
BFGS:  500 14:47:54       -3.319363        0.0213
BFGS:  501 14:47:54       -3.319420        0.0237
BFGS:  502 14:47:55       -3.319724        0.0261
BFGS:  503 14:47:55       -3.319890        0.0212
BFGS:  504 14:47:56       -3.320028        0.0310
BFGS:  505 14:47:56       -3.320356        0.0318
BFGS:  506 14:47:57       -3.320652        0.0295
BFGS:  507 14:47:57       -3.320876        0.0190
BFGS:  508 14:47:58       -3.321190        0.0246
BFGS:  509 14:47:59       -3.321336        0.0242
BFGS:  510 14:47:59       -3.321584        0.0227
BFGS:  511 14:48:00       -3.321729        0.0221
BFGS:  512 14:48:00       -3.322004        0.0265
BFGS:  513 14:48:01       -3.322219        0.0300
BFGS:  514 14:48:02       -3.322479        0.0237
BFGS:  515 14:48:02       -3.322733        0.0250
BFGS:  516 14:48:02       -3.322990        0.0218
BFGS:  517 14:48:03       -3.323091        0.0337
BFGS:  518 14:48:03       -3.323393        0.0365
BFGS:  519 14:48:04       -3.323451        0.0450
BFGS:  520 14:48:04       -3.323874        0.0433
BFGS:  521 14:48:05       -3.324434        0.0229
BFGS:  522 14:48:05       -3.324825        0.0298
BFGS:  523 14:48:05       -3.325308        0.0271
BFGS:  524 14:48:06       -3.325716        0.0222
BFGS:  525 14:48:06       -3.325797        0.0246
BFGS:  526 14:48:07       -3.326170        0.0261
BFGS:  527 14:48:07       -3.326026        0.0241
BFGS:  528 14:48:08       -3.326420        0.0227
BFGS:  529 14:48:09       -3.326576        0.0284
BFGS:  530 14:48:09       -3.327032        0.0238
BFGS:  531 14:48:10       -3.327454        0.0352
BFGS:  532 14:48:11       -3.327790        0.0331
BFGS:  533 14:48:11       -3.328335        0.0432
BFGS:  534 14:48:12       -3.328548        0.0520
BFGS:  535 14:48:13       -3.329029        0.0650
BFGS:  536 14:48:13       -3.326405        0.2032
BFGS:  537 14:48:14       -3.332233        0.1099
BFGS:  538 14:48:14       -3.333593        0.0750
BFGS:  539 14:48:15       -3.330494        0.1944
BFGS:  540 14:48:15       -3.336295        0.0804
BFGS:  541 14:48:16       -3.338016        0.0504
BFGS:  542 14:48:16       -3.339265        0.0598
BFGS:  543 14:48:17       -3.340895        0.0608
BFGS:  544 14:48:17       -3.341687        0.0492
BFGS:  545 14:48:18       -3.342134        0.0534
BFGS:  546 14:48:18       -3.343066        0.0493
BFGS:  547 14:48:18       -3.342719        0.0537
BFGS:  548 14:48:19       -3.343992        0.0458
BFGS:  549 14:48:19       -3.343863        0.0361
BFGS:  550 14:48:19       -3.344602        0.0316
BFGS:  551 14:48:20       -3.344440        0.0363
BFGS:  552 14:48:20       -3.344805        0.0294
BFGS:  553 14:48:21       -3.345028        0.0266
BFGS:  554 14:48:21       -3.345429        0.0264
BFGS:  555 14:48:21       -3.345896        0.0230
BFGS:  556 14:48:22       -3.346262        0.0241
BFGS:  557 14:48:22       -3.346693        0.0371
BFGS:  558 14:48:22       -3.346688        0.0247
BFGS:  559 14:48:22       -3.346836        0.0281
BFGS:  560 14:48:23       -3.346816        0.0477
BFGS:  561 14:48:23       -3.347212        0.0273
BFGS:  562 14:48:24       -3.347507        0.0264
BFGS:  563 14:48:24       -3.348065        0.0208
BFGS:  564 14:48:24       -3.348447        0.0231
BFGS:  565 14:48:25       -3.348562        0.0312
BFGS:  566 14:48:25       -3.348613        0.0202
BFGS:  567 14:48:25       -3.348571        0.0161
BFGS:  568 14:48:26       -3.348668        0.0154
BFGS:  569 14:48:26       -3.348783        0.0152
BFGS:  570 14:48:26       -3.349037        0.0152
BFGS:  571 14:48:27       -3.349116        0.0145
BFGS:  572 14:48:27       -3.349261        0.0183
BFGS:  573 14:48:28       -3.349206        0.0116
BFGS:  574 14:48:28       -3.349152        0.0128
BFGS:  575 14:48:28       -3.349226        0.0132
BFGS:  576 14:48:29       -3.349325        0.0100
BFGS:  577 14:48:29       -3.349393        0.0093
BFGS:  578 14:48:29       -3.349449        0.0109
BFGS:  579 14:48:30       -3.349484        0.0112
BFGS:  580 14:48:30       -3.349436        0.0089
BFGS:  581 14:48:30       -3.349423        0.0096
BFGS:  582 14:48:31       -3.349398        0.0092
BFGS:  583 14:48:31       -3.349434        0.0122
BFGS:  584 14:48:31       -3.349515        0.0119
BFGS:  585 14:48:32       -3.349618        0.0119
BFGS:  586 14:48:32       -3.349736        0.0130
BFGS:  587 14:48:32       -3.349786        0.0176
BFGS:  588 14:48:33       -3.349808        0.0171
BFGS:  589 14:48:33       -3.349798        0.0124
BFGS:  590 14:48:34       -3.349821        0.0079
BFGS:  591 14:48:34       -3.349886        0.0087
BFGS:  592 14:48:35       -3.349983        0.0081
BFGS:  593 14:48:35       -3.350085        0.0096
BFGS:  594 14:48:35       -3.350153        0.0121
BFGS:  595 14:48:35       -3.350178        0.0127
BFGS:  596 14:48:36       -3.350173        0.0129
BFGS:  597 14:48:36       -3.350134        0.0106
BFGS:  598 14:48:36       -3.350127        0.0100
BFGS:  599 14:48:37       -3.350156        0.0089
BFGS:  600 14:48:37       -3.350203        0.0104
BFGS:  601 14:48:37       -3.350309        0.0112
BFGS:  602 14:48:38       -3.350371        0.0092
BFGS:  603 14:48:38       -3.350413        0.0090
BFGS:  604 14:48:38       -3.350399        0.0081
BFGS:  605 14:48:39       -3.350383        0.0072
BFGS:  606 14:48:39       -3.350378        0.0065
BFGS:  607 14:48:39       -3.350395        0.0063
BFGS:  608 14:48:40       -3.350444        0.0061
BFGS:  609 14:48:40       -3.350495        0.0060
BFGS:  610 14:48:40       -3.350558        0.0070
BFGS:  611 14:48:41       -3.350595        0.0101
BFGS:  612 14:48:41       -3.350624        0.0126
BFGS:  613 14:48:41       -3.350614        0.0127
BFGS:  614 14:48:42       -3.350615        0.0111
BFGS:  615 14:48:42       -3.350621        0.0069
BFGS:  616 14:48:42       -3.350657        0.0083
BFGS:  617 14:48:43       -3.350705        0.0097
BFGS:  618 14:48:43       -3.350761        0.0107
BFGS:  619 14:48:43       -3.350791        0.0110
BFGS:  620 14:48:43       -3.350804        0.0110
BFGS:  621 14:48:44       -3.350808        0.0091
BFGS:  622 14:48:44       -3.350820        0.0105
BFGS:  623 14:48:44       -3.350858        0.0128
BFGS:  624 14:48:45       -3.350915        0.0127
BFGS:  625 14:48:45       -3.351003        0.0106
BFGS:  626 14:48:45       -3.351080        0.0098
BFGS:  627 14:48:46       -3.351147        0.0107
BFGS:  628 14:48:46       -3.351161        0.0091
BFGS:  629 14:48:46       -3.351158        0.0074
BFGS:  630 14:48:46       -3.351145        0.0069
BFGS:  631 14:48:47       -3.351144        0.0070
BFGS:  632 14:48:47       -3.351177        0.0078
BFGS:  633 14:48:47       -3.351219        0.0074
BFGS:  634 14:48:48       -3.351290        0.0067
BFGS:  635 14:48:48       -3.351340        0.0087
BFGS:  636 14:48:48       -3.351395        0.0100
BFGS:  637 14:48:49       -3.351429        0.0114
BFGS:  638 14:48:49       -3.351368        0.0121
BFGS:  639 14:48:49       -3.351452        0.0073
BFGS:  640 14:48:49       -3.351458        0.0049
Generating backward path to find backward triplet crossing
Found a triplet crossing after 10 steps!
Minimizing average (singlet, triplet) energy while keeping the gap as small as possible
      Step     Time          Energy         fmax
BFGS:    0 14:48:52       -2.586476        1.0063
BFGS:    1 14:48:53       -2.631856        0.7494
BFGS:    2 14:48:53       -2.696248        0.5057
BFGS:    3 14:48:53       -2.716908        0.4417
BFGS:    4 14:48:54       -2.739070        0.3778
BFGS:    5 14:48:54       -2.751753        0.2637
BFGS:    6 14:48:54       -2.762465        0.3955
BFGS:    7 14:48:55       -2.770855        0.7649
BFGS:    8 14:48:55       -2.776037        0.3096
BFGS:    9 14:48:55       -2.782829        0.3533
BFGS:   10 14:48:56       -2.787854        0.2875
BFGS:   11 14:48:56       -2.793481        0.1277
BFGS:   12 14:48:56       -2.798694        0.1734
BFGS:   13 14:48:57       -2.802632        0.2114
BFGS:   14 14:48:57       -2.805483        0.1764
BFGS:   15 14:48:58       -2.808686        0.1538
BFGS:   16 14:48:58       -2.813471        0.2109
BFGS:   17 14:48:58       -2.816652        0.1708
BFGS:   18 14:48:59       -2.819837        0.1190
BFGS:   19 14:48:59       -2.822539        0.0723
BFGS:   20 14:48:59       -2.825100        0.1080
BFGS:   21 14:49:00       -2.827168        0.1138
BFGS:   22 14:49:00       -2.829274        0.1151
BFGS:   23 14:49:00       -2.831276        0.0717
BFGS:   24 14:49:01       -2.833144        0.0765
BFGS:   25 14:49:01       -2.834870        0.0776
BFGS:   26 14:49:01       -2.836537        0.0830
BFGS:   27 14:49:02       -2.838520        0.0866
BFGS:   28 14:49:02       -2.840635        0.0798
BFGS:   29 14:49:02       -2.842854        0.0886
BFGS:   30 14:49:02       -2.844772        0.0754
BFGS:   31 14:49:03       -2.846623        0.0843
BFGS:   32 14:49:03       -2.848426        0.0838
BFGS:   33 14:49:04       -2.850350        0.0747
BFGS:   34 14:49:04       -2.852337        0.0844
BFGS:   35 14:49:04       -2.854372        0.0988
BFGS:   36 14:49:05       -2.856353        0.0749
BFGS:   37 14:49:05       -2.858144        0.0671
BFGS:   38 14:49:05       -2.859705        0.0582
BFGS:   39 14:49:06       -2.861131        0.0681
BFGS:   40 14:49:06       -2.862544        0.0672
BFGS:   41 14:49:07       -2.863978        0.0640
BFGS:   42 14:49:07       -2.865369        0.0530
BFGS:   43 14:49:08       -2.866741        0.0606
BFGS:   44 14:49:08       -2.868151        0.0675
BFGS:   45 14:49:08       -2.869730        0.0656
BFGS:   46 14:49:09       -2.871513        0.0628
BFGS:   47 14:49:09       -2.873447        0.0906
BFGS:   48 14:49:09       -2.875604        0.0762
BFGS:   49 14:49:10       -2.877873        0.0889
BFGS:   50 14:49:10       -2.880107        0.0843
BFGS:   51 14:49:10       -2.882147        0.0832
BFGS:   52 14:49:11       -2.884032        0.0717
BFGS:   53 14:49:11       -2.885887        0.0595
BFGS:   54 14:49:11       -2.887806        0.0714
BFGS:   55 14:49:12       -2.889429        0.0679
BFGS:   56 14:49:12       -2.890833        0.0710
BFGS:   57 14:49:12       -2.891901        0.0554
BFGS:   58 14:49:13       -2.892965        0.0520
BFGS:   59 14:49:13       -2.893802        0.0520
BFGS:   60 14:49:13       -2.894593        0.0467
BFGS:   61 14:49:14       -2.895236        0.0454
BFGS:   62 14:49:14       -2.895847        0.0393
BFGS:   63 14:49:15       -2.896332        0.0345
BFGS:   64 14:49:15       -2.896827        0.0349
BFGS:   65 14:49:15       -2.897316        0.0371
BFGS:   66 14:49:15       -2.897846        0.0366
BFGS:   67 14:49:16       -2.898381        0.0321
BFGS:   68 14:49:16       -2.898907        0.0361
BFGS:   69 14:49:16       -2.899402        0.0312
BFGS:   70 14:49:17       -2.899854        0.0279
BFGS:   71 14:49:17       -2.900234        0.0299
BFGS:   72 14:49:18       -2.900565        0.0278
BFGS:   73 14:49:18       -2.900833        0.0317
BFGS:   74 14:49:18       -2.901078        0.0306
BFGS:   75 14:49:19       -2.901319        0.0234
BFGS:   76 14:49:19       -2.901581        0.0240
BFGS:   77 14:49:19       -2.901881        0.0243
BFGS:   78 14:49:20       -2.902180        0.0293
BFGS:   79 14:49:20       -2.902457        0.0260
BFGS:   80 14:49:20       -2.902676        0.0258
BFGS:   81 14:49:21       -2.902915        0.0229
BFGS:   82 14:49:21       -2.903193        0.0364
BFGS:   83 14:49:21       -2.903547        0.0369
BFGS:   84 14:49:22       -2.903948        0.0373
BFGS:   85 14:49:22       -2.904389        0.0376
BFGS:   86 14:49:22       -2.904855        0.0363
BFGS:   87 14:49:23       -2.905356        0.0433
BFGS:   88 14:49:23       -2.905864        0.0329
BFGS:   89 14:49:23       -2.906330        0.0304
BFGS:   90 14:49:24       -2.906800        0.0331
BFGS:   91 14:49:24       -2.907261        0.0424
BFGS:   92 14:49:25       -2.907726        0.0363
BFGS:   93 14:49:25       -2.908128        0.0402
BFGS:   94 14:49:25       -2.908481        0.0332
BFGS:   95 14:49:26       -2.908781        0.0303
BFGS:   96 14:49:26       -2.909082        0.0267
BFGS:   97 14:49:26       -2.909329        0.0288
BFGS:   98 14:49:27       -2.909556        0.0239
BFGS:   99 14:49:27       -2.909744        0.0248
BFGS:  100 14:49:27       -2.909956        0.0259
BFGS:  101 14:49:28       -2.910181        0.0286
BFGS:  102 14:49:28       -2.910449        0.0277
BFGS:  103 14:49:29       -2.910725        0.0239
BFGS:  104 14:49:29       -2.911018        0.0238
BFGS:  105 14:49:29       -2.911285        0.0243
BFGS:  106 14:49:30       -2.911545        0.0259
BFGS:  107 14:49:30       -2.911793        0.0262
BFGS:  108 14:49:30       -2.912068        0.0303
BFGS:  109 14:49:31       -2.912362        0.0316
BFGS:  110 14:49:31       -2.912678        0.0305
BFGS:  111 14:49:32       -2.912999        0.0255
BFGS:  112 14:49:32       -2.913339        0.0261
BFGS:  113 14:49:32       -2.913715        0.0304
BFGS:  114 14:49:33       -2.914148        0.0305
BFGS:  115 14:49:33       -2.914617        0.0371
BFGS:  116 14:49:33       -2.915127        0.0352
BFGS:  117 14:49:34       -2.915665        0.0381
BFGS:  118 14:49:34       -2.916248        0.0395
BFGS:  119 14:49:34       -2.916867        0.0360
BFGS:  120 14:49:35       -2.917545        0.0403
BFGS:  121 14:49:35       -2.918336        0.0428
BFGS:  122 14:49:36       -2.919331        0.0465
BFGS:  123 14:49:36       -2.920475        0.0584
BFGS:  124 14:49:36       -2.921563        0.0502
BFGS:  125 14:49:37       -2.922354        0.0365
BFGS:  126 14:49:37       -2.922948        0.0343
BFGS:  127 14:49:37       -2.923455        0.0339
BFGS:  128 14:49:38       -2.924064        0.0445
BFGS:  129 14:49:38       -2.924637        0.0381
BFGS:  130 14:49:38       -2.925165        0.0295
BFGS:  131 14:49:39       -2.925490        0.0255
BFGS:  132 14:49:39       -2.925797        0.0272
BFGS:  133 14:49:39       -2.926097        0.0304
BFGS:  134 14:49:40       -2.926373        0.0241
BFGS:  135 14:49:40       -2.926620        0.0248
BFGS:  136 14:49:40       -2.926877        0.0212
BFGS:  137 14:49:41       -2.927154        0.0274
BFGS:  138 14:49:41       -2.927442        0.0287
BFGS:  139 14:49:41       -2.927715        0.0223
BFGS:  140 14:49:42       -2.927999        0.0238
BFGS:  141 14:49:42       -2.928334        0.0300
BFGS:  142 14:49:42       -2.928769        0.0352
BFGS:  143 14:49:43       -2.929269        0.0391
BFGS:  144 14:49:43       -2.929795        0.0374
BFGS:  145 14:49:43       -2.930302        0.0324
BFGS:  146 14:49:44       -2.930837        0.0370
BFGS:  147 14:49:44       -2.931285        0.0377
BFGS:  148 14:49:44       -2.931792        0.0450
BFGS:  149 14:49:45       -2.932164        0.0350
BFGS:  150 14:49:45       -2.932574        0.0373
BFGS:  151 14:49:46       -2.932950        0.0414
BFGS:  152 14:49:46       -2.933373        0.0348
BFGS:  153 14:49:46       -2.933801        0.0402
BFGS:  154 14:49:46       -2.934255        0.0350
BFGS:  155 14:49:47       -2.934706        0.0297
BFGS:  156 14:49:47       -2.935145        0.0272
BFGS:  157 14:49:47       -2.935578        0.0330
BFGS:  158 14:49:48       -2.936029        0.0310
BFGS:  159 14:49:48       -2.936480        0.0324
BFGS:  160 14:49:48       -2.936937        0.0239
BFGS:  161 14:49:49       -2.937317        0.0301
BFGS:  162 14:49:49       -2.937674        0.0326
BFGS:  163 14:49:49       -2.937986        0.0306
BFGS:  164 14:49:50       -2.938293        0.0268
BFGS:  165 14:49:50       -2.938560        0.0260
BFGS:  166 14:49:50       -2.938861        0.0242
BFGS:  167 14:49:51       -2.939207        0.0346
BFGS:  168 14:49:51       -2.939641        0.0318
BFGS:  169 14:49:51       -2.940075        0.0284
BFGS:  170 14:49:51       -2.940500        0.0357
BFGS:  171 14:49:52       -2.940788        0.0273
BFGS:  172 14:49:52       -2.941095        0.0289
BFGS:  173 14:49:53       -2.941382        0.0299
BFGS:  174 14:49:53       -2.941721        0.0292
BFGS:  175 14:49:53       -2.942123        0.0353
BFGS:  176 14:49:54       -2.942569        0.0407
BFGS:  177 14:49:54       -2.943082        0.0363
BFGS:  178 14:49:54       -2.943557        0.0342
BFGS:  179 14:49:55       -2.944045        0.0532
BFGS:  180 14:49:55       -2.944448        0.0348
BFGS:  181 14:49:56       -2.944908        0.0331
BFGS:  182 14:49:56       -2.945380        0.0325
BFGS:  183 14:49:56       -2.945940        0.0456
BFGS:  184 14:49:57       -2.946519        0.0728
BFGS:  185 14:49:57       -2.947110        0.0654
BFGS:  186 14:49:57       -2.947671        0.0431
BFGS:  187 14:49:58       -2.948298        0.0292
BFGS:  188 14:49:58       -2.948888        0.0383
BFGS:  189 14:49:58       -2.949564        0.0692
BFGS:  190 14:49:59       -2.949950        0.0455
BFGS:  191 14:49:59       -2.950436        0.0403
BFGS:  192 14:50:00       -2.950769        0.0281
BFGS:  193 14:50:00       -2.951184        0.0412
BFGS:  194 14:50:00       -2.951604        0.0583
BFGS:  195 14:50:01       -2.952067        0.0364
BFGS:  196 14:50:01       -2.952541        0.0287
BFGS:  197 14:50:01       -2.952989        0.0265
BFGS:  198 14:50:02       -2.953394        0.0424
BFGS:  199 14:50:02       -2.953771        0.0508
BFGS:  200 14:50:02       -2.954061        0.0363
BFGS:  201 14:50:03       -2.954393        0.0284
BFGS:  202 14:50:03       -2.954632        0.0257
BFGS:  203 14:50:04       -2.954971        0.0231
BFGS:  204 14:50:04       -2.955288        0.0269
BFGS:  205 14:50:04       -2.955613        0.0279
BFGS:  206 14:50:05       -2.955881        0.0272
BFGS:  207 14:50:05       -2.956137        0.0249
BFGS:  208 14:50:05       -2.956398        0.0242
BFGS:  209 14:50:06       -2.956702        0.0439
BFGS:  210 14:50:06       -2.957033        0.0354
BFGS:  211 14:50:06       -2.957340        0.0319
BFGS:  212 14:50:07       -2.957661        0.0204
BFGS:  213 14:50:07       -2.957980        0.0235
BFGS:  214 14:50:07       -2.958372        0.0452
BFGS:  215 14:50:08       -2.958723        0.0377
BFGS:  216 14:50:08       -2.959102        0.0467
BFGS:  217 14:50:08       -2.959322        0.0268
BFGS:  218 14:50:09       -2.959663        0.0284
BFGS:  219 14:50:09       -2.959832        0.0343
BFGS:  220 14:50:09       -2.960143        0.0278
BFGS:  221 14:50:10       -2.960474        0.0295
BFGS:  222 14:50:10       -2.960830        0.0262
BFGS:  223 14:50:10       -2.961177        0.0280
BFGS:  224 14:50:11       -2.961484        0.0235
BFGS:  225 14:50:11       -2.961725        0.0225
BFGS:  226 14:50:12       -2.961961        0.0259
BFGS:  227 14:50:12       -2.962214        0.0264
BFGS:  228 14:50:12       -2.962484        0.0282
BFGS:  229 14:50:13       -2.962752        0.0257
BFGS:  230 14:50:13       -2.962962        0.0201
BFGS:  231 14:50:14       -2.963151        0.0179
BFGS:  232 14:50:14       -2.963321        0.0198
BFGS:  233 14:50:14       -2.963500        0.0218
BFGS:  234 14:50:15       -2.963671        0.0200
BFGS:  235 14:50:15       -2.963817        0.0164
BFGS:  236 14:50:15       -2.963947        0.0163
BFGS:  237 14:50:16       -2.964043        0.0147
BFGS:  238 14:50:16       -2.964164        0.0168
BFGS:  239 14:50:16       -2.964211        0.0174
BFGS:  240 14:50:16       -2.964322        0.0148
BFGS:  241 14:50:17       -2.964390        0.0135
BFGS:  242 14:50:17       -2.964499        0.0132
BFGS:  243 14:50:17       -2.964608        0.0123
BFGS:  244 14:50:18       -2.964723        0.0142
BFGS:  245 14:50:18       -2.964838        0.0196
BFGS:  246 14:50:18       -2.964938        0.0266
BFGS:  247 14:50:18       -2.965032        0.0265
BFGS:  248 14:50:19       -2.965101        0.0148
BFGS:  249 14:50:19       -2.965165        0.0149
BFGS:  250 14:50:19       -2.965242        0.0176
BFGS:  251 14:50:20       -2.965330        0.0255
BFGS:  252 14:50:20       -2.965464        0.0207
BFGS:  253 14:50:20       -2.965572        0.0130
BFGS:  254 14:50:21       -2.965712        0.0129
BFGS:  255 14:50:21       -2.965795        0.0186
BFGS:  256 14:50:21       -2.965890        0.0234
BFGS:  257 14:50:22       -2.965928        0.0126
BFGS:  258 14:50:22       -2.965975        0.0129
BFGS:  259 14:50:22       -2.966010        0.0123
BFGS:  260 14:50:22       -2.966068        0.0135
BFGS:  261 14:50:23       -2.966127        0.0107
BFGS:  262 14:50:23       -2.966191        0.0073
BFGS:  263 14:50:23       -2.966246        0.0091
BFGS:  264 14:50:24       -2.966293        0.0127
BFGS:  265 14:50:24       -2.966331        0.0107
BFGS:  266 14:50:24       -2.966361        0.0099
BFGS:  267 14:50:25       -2.966386        0.0093
BFGS:  268 14:50:25       -2.966414        0.0117
BFGS:  269 14:50:25       -2.966450        0.0135
BFGS:  270 14:50:25       -2.966497        0.0087
BFGS:  271 14:50:26       -2.966549        0.0083
BFGS:  272 14:50:26       -2.966600        0.0084
BFGS:  273 14:50:26       -2.966639        0.0099
BFGS:  274 14:50:27       -2.966671        0.0104
BFGS:  275 14:50:27       -2.966693        0.0092
BFGS:  276 14:50:27       -2.966723        0.0106
BFGS:  277 14:50:28       -2.966765        0.0122
BFGS:  278 14:50:28       -2.966816        0.0114
BFGS:  279 14:50:28       -2.966880        0.0097
BFGS:  280 14:50:28       -2.966938        0.0106
BFGS:  281 14:50:29       -2.966991        0.0117
BFGS:  282 14:50:29       -2.967024        0.0097
BFGS:  283 14:50:30       -2.967053        0.0082
BFGS:  284 14:50:30       -2.967070        0.0078
BFGS:  285 14:50:30       -2.967100        0.0076
BFGS:  286 14:50:30       -2.967131        0.0069
BFGS:  287 14:50:31       -2.967173        0.0062
BFGS:  288 14:50:31       -2.967208        0.0062
BFGS:  289 14:50:31       -2.967249        0.0088
BFGS:  290 14:50:32       -2.967283        0.0088
BFGS:  291 14:50:32       -2.967311        0.0079
BFGS:  292 14:50:32       -2.967328        0.0077
BFGS:  293 14:50:33       -2.967342        0.0070
BFGS:  294 14:50:33       -2.967364        0.0067
BFGS:  295 14:50:33       -2.967397        0.0090
BFGS:  296 14:50:33       -2.967437        0.0079
BFGS:  297 14:50:34       -2.967474        0.0076
BFGS:  298 14:50:34       -2.967502        0.0075
BFGS:  299 14:50:34       -2.967529        0.0084
BFGS:  300 14:50:35       -2.967551        0.0091
BFGS:  301 14:50:35       -2.967572        0.0086
BFGS:  302 14:50:35       -2.967588        0.0090
BFGS:  303 14:50:36       -2.967613        0.0074
BFGS:  304 14:50:36       -2.967642        0.0091
BFGS:  305 14:50:36       -2.967687        0.0086
BFGS:  306 14:50:37       -2.967732        0.0081
BFGS:  307 14:50:37       -2.967768        0.0078
BFGS:  308 14:50:37       -2.967793        0.0073
BFGS:  309 14:50:37       -2.967817        0.0086
BFGS:  310 14:50:38       -2.967839        0.0099
BFGS:  311 14:50:38       -2.967870        0.0092
BFGS:  312 14:50:38       -2.967894        0.0089
BFGS:  313 14:50:39       -2.967921        0.0066
BFGS:  314 14:50:39       -2.967942        0.0064
BFGS:  315 14:50:39       -2.967964        0.0062
BFGS:  316 14:50:40       -2.967986        0.0060
BFGS:  317 14:50:40       -2.968011        0.0065
BFGS:  318 14:50:40       -2.968027        0.0050
BFGS:  319 14:50:40       -2.968045        0.0062
BFGS:  320 14:50:41       -2.968059        0.0062
BFGS:  321 14:50:41       -2.968077        0.0057
BFGS:  322 14:50:42       -2.968090        0.0063
BFGS:  323 14:50:42       -2.968104        0.0058
BFGS:  324 14:50:42       -2.968115        0.0068
BFGS:  325 14:50:42       -2.968131        0.0069
BFGS:  326 14:50:43       -2.968151        0.0061
BFGS:  327 14:50:43       -2.968173        0.0062
BFGS:  328 14:50:43       -2.968199        0.0058
BFGS:  329 14:50:43       -2.968226        0.0066
BFGS:  330 14:50:44       -2.968261        0.0068
BFGS:  331 14:50:44       -2.968297        0.0092
BFGS:  332 14:50:45       -2.968325        0.0089
BFGS:  333 14:50:45       -2.968342        0.0070
BFGS:  334 14:50:45       -2.968356        0.0056
BFGS:  335 14:50:45       -2.968371        0.0067
BFGS:  336 14:50:46       -2.968394        0.0081
BFGS:  337 14:50:46       -2.968425        0.0070
BFGS:  338 14:50:46       -2.968457        0.0054
BFGS:  339 14:50:46       -2.968484        0.0055
BFGS:  340 14:50:47       -2.968513        0.0080
BFGS:  341 14:50:47       -2.968540        0.0086
BFGS:  342 14:50:48       -2.968561        0.0073
BFGS:  343 14:50:48       -2.968581        0.0082
BFGS:  344 14:50:48       -2.968602        0.0086
BFGS:  345 14:50:48       -2.968639        0.0108
BFGS:  346 14:50:49       -2.968685        0.0129
BFGS:  347 14:50:49       -2.968742        0.0121
BFGS:  348 14:50:49       -2.968786        0.0097
BFGS:  349 14:50:49       -2.968835        0.0110
BFGS:  350 14:50:50       -2.968879        0.0117
BFGS:  351 14:50:50       -2.968934        0.0157
BFGS:  352 14:50:50       -2.968985        0.0155
BFGS:  353 14:50:50       -2.969036        0.0103
BFGS:  354 14:50:51       -2.969084        0.0105
BFGS:  355 14:50:51       -2.969136        0.0136
BFGS:  356 14:50:51       -2.969190        0.0154
BFGS:  357 14:50:52       -2.969239        0.0139
BFGS:  358 14:50:52       -2.969280        0.0111
BFGS:  359 14:50:52       -2.969317        0.0103
BFGS:  360 14:50:52       -2.969351        0.0103
BFGS:  361 14:50:53       -2.969390        0.0104
BFGS:  362 14:50:53       -2.969432        0.0102
BFGS:  363 14:50:53       -2.969481        0.0103
BFGS:  364 14:50:54       -2.969524        0.0083
BFGS:  365 14:50:54       -2.969560        0.0083
BFGS:  366 14:50:54       -2.969578        0.0071
BFGS:  367 14:50:54       -2.969593        0.0070
BFGS:  368 14:50:55       -2.969606        0.0065
BFGS:  369 14:50:55       -2.969622        0.0076
BFGS:  370 14:50:55       -2.969646        0.0075
BFGS:  371 14:50:55       -2.969674        0.0082
BFGS:  372 14:50:56       -2.969711        0.0067
BFGS:  373 14:50:56       -2.969747        0.0076
BFGS:  374 14:50:56       -2.969782        0.0088
BFGS:  375 14:50:56       -2.969807        0.0084
BFGS:  376 14:50:56       -2.969831        0.0090
BFGS:  377 14:50:57       -2.969850        0.0099
BFGS:  378 14:50:57       -2.969879        0.0119
BFGS:  379 14:50:57       -2.969910        0.0092
BFGS:  380 14:50:57       -2.969952        0.0075
BFGS:  381 14:50:58       -2.969987        0.0076
BFGS:  382 14:50:58       -2.970021        0.0068
BFGS:  383 14:50:58       -2.970042        0.0069
BFGS:  384 14:50:58       -2.970058        0.0055
BFGS:  385 14:50:59       -2.970057        0.0051
BFGS:  386 14:50:59       -2.970060        0.0054
BFGS:  387 14:50:59       -2.970061        0.0053
BFGS:  388 14:50:59       -2.970068        0.0061
BFGS:  389 14:50:59       -2.970087        0.0059
BFGS:  390 14:51:00       -2.970111        0.0053
BFGS:  391 14:51:00       -2.970138        0.0063
BFGS:  392 14:51:00       -2.970155        0.0057
BFGS:  393 14:51:00       -2.970171        0.0063
BFGS:  394 14:51:01       -2.970180        0.0060
BFGS:  395 14:51:01       -2.970185        0.0069
BFGS:  396 14:51:01       -2.970185        0.0056
BFGS:  397 14:51:01       -2.970184        0.0043
Neural IRC terminated normally.
