[ 0.        +9.96391559e+02j  0.        +2.39811495e+00j
  0.        +1.49352168e+00j  0.        +1.23921114e+00j
  0.        +9.27799974e-01j  0.        +7.04189964e-01j
  0.        +3.57000561e-01j 11.28853979+0.00000000e+00j
 12.46002104+0.00000000e+00j 22.42245639+0.00000000e+00j
 24.20253711+0.00000000e+00j 29.28907437+0.00000000e+00j
 39.71032621+0.00000000e+00j 44.09097373+0.00000000e+00j
 51.4347055 +0.00000000e+00j 54.96370038+0.00000000e+00j
 60.29683817+0.00000000e+00j 63.99648108+0.00000000e+00j
 72.41042164+0.00000000e+00j 88.0249095 +0.00000000e+00j]
Entropy components at T = 298.15 K and P = 101325.0 Pa:
=================================================
                           S               T*S
S_trans (1 bar)    0.0019505 eV/K        0.582 eV
S_rot              0.0016607 eV/K        0.495 eV
S_elec             0.0000000 eV/K        0.000 eV
S_vib              0.0057849 eV/K        1.725 eV
S (1 bar -> P)    -0.0000011 eV/K       -0.000 eV
-------------------------------------------------
S                  0.0093949 eV/K        2.801 eV
=================================================
Enthalpy components at T = 298.15 K:
===============================
E_pot                 -2.836 eV
E_ZPE                  9.121 eV
Cv_trans (0->T)        0.039 eV
Cv_rot (0->T)          0.039 eV
Cv_vib (0->T)          0.795 eV
(C_v -> C_p)           0.026 eV
-------------------------------
H                      7.183 eV
===============================
Generating initial displacements from TS... 
Generated displacements!
Generating forward IRC path
IRC converged after 22 steps!
Generating backward IRC path
IRC converged after 44 steps!
IRC saved to ./irc.pickle
Neural IRC terminated normally.
