You need to install the group's fork of aRMSD and put it in your path https://github.mit.edu/MLMat/aRMSD
[ 0.        +4.25462765e+02j  0.        +2.85439819e+00j
  0.        +1.16621985e+00j  0.        +7.09122314e-01j
  0.        +2.08372348e-01j  1.3456808 +0.00000000e+00j
  2.17167853+0.00000000e+00j 17.57853178+0.00000000e+00j
 22.09933193+0.00000000e+00j 24.30902681+0.00000000e+00j
 34.56663701+0.00000000e+00j 37.01898153+0.00000000e+00j
 39.70128851+0.00000000e+00j 46.36761025+0.00000000e+00j
 52.37444548+0.00000000e+00j 57.07002323+0.00000000e+00j
 61.49850479+0.00000000e+00j 67.46736846+0.00000000e+00j
 78.24905204+0.00000000e+00j 79.8821146 +0.00000000e+00j]
Entropy components at T = 298.15 K and P = 101325.0 Pa:
=================================================
                           S               T*S
S_trans (1 bar)    0.0019477 eV/K        0.581 eV
S_rot              0.0016648 eV/K        0.496 eV
S_elec             0.0000000 eV/K        0.000 eV
S_vib              0.0067465 eV/K        2.011 eV
S (1 bar -> P)    -0.0000011 eV/K       -0.000 eV
-------------------------------------------------
S                  0.0103578 eV/K        3.088 eV
=================================================
Enthalpy components at T = 298.15 K:
===============================
E_pot                 -2.488 eV
E_ZPE                 17.413 eV
Cv_trans (0->T)        0.039 eV
Cv_rot (0->T)          0.039 eV
Cv_vib (0->T)          0.973 eV
(C_v -> C_p)           0.026 eV
-------------------------------
H                     16.002 eV
===============================
RMS: 0.005886778235435486, MAX: 0.3471856415271759
RMS: 0.0040166666731238365, MAX: 0.22398334741592407
RMS: 0.002864416688680649, MAX: 0.08421877771615982
RMS: 0.003908373881131411, MAX: 0.065920390188694
RMS: 0.004462447017431259, MAX: 0.0997750461101532
RMS: 0.004689694382250309, MAX: 0.12123294919729233
RMS: 0.004643033724278212, MAX: 0.109903484582901
RMS: 0.002374101895838976, MAX: 0.027261022478342056
RMS: 0.00199139304459095, MAX: 0.04104099050164223
RMS: 0.0027043521404266357, MAX: 0.05353830009698868
RMS: 0.002477744361385703, MAX: 0.02319282479584217
RMS: 0.001840665121562779, MAX: 0.009973800741136074
RMS: 0.0007618640083819628, MAX: 0.0037931452970951796
Optimization converged!
Eigenvector following terminated normally.
[ 0.        +4.62480329e+02j  0.        +1.65145402e+00j
  0.        +9.49266220e-01j  0.        +8.11298415e-01j
  0.        +6.45343535e-01j  0.        +2.90570172e-01j
  1.08111574+0.00000000e+00j 15.41504471+0.00000000e+00j
 22.27718084+0.00000000e+00j 26.25086694+0.00000000e+00j
 29.57776855+0.00000000e+00j 37.1961272 +0.00000000e+00j
 39.9839719 +0.00000000e+00j 47.46288824+0.00000000e+00j
 54.76641743+0.00000000e+00j 57.54692587+0.00000000e+00j
 62.01363503+0.00000000e+00j 63.68408034+0.00000000e+00j
 76.76054296+0.00000000e+00j 78.7112815 +0.00000000e+00j]
Flipping all imaginary frequencies except the lowest one
Entropy components at T = 298.15 K and P = 101325.0 Pa:
=================================================
                           S               T*S
S_trans (1 bar)    0.0019477 eV/K        0.581 eV
S_rot              0.0016645 eV/K        0.496 eV
S_elec             0.0000000 eV/K        0.000 eV
S_vib              0.0067929 eV/K        2.025 eV
S (1 bar -> P)    -0.0000011 eV/K       -0.000 eV
-------------------------------------------------
S                  0.0104039 eV/K        3.102 eV
=================================================
Enthalpy components at T = 298.15 K:
===============================
E_pot                 -2.494 eV
E_ZPE                 17.412 eV
Cv_trans (0->T)        0.039 eV
Cv_rot (0->T)          0.039 eV
Cv_vib (0->T)          0.977 eV
(C_v -> C_p)           0.026 eV
-------------------------------
H                     15.997 eV
===============================
