You need to install the group's fork of aRMSD and put it in your path https://github.mit.edu/MLMat/aRMSD
[ 0.        +1.75753817j  0.        +1.68500412j  0.        +1.15560522j
  0.        +0.59819573j  0.        +0.40726651j  0.35980045+0.j
 19.74760374+0.j         23.29205962+0.j         27.67561921+0.j
 32.38000865+0.j         37.62576878+0.j         46.11324666+0.j
 49.95986288+0.j         60.99669869+0.j         70.85118389+0.j
 74.72906603+0.j         75.91849871+0.j         83.77136066+0.j
 91.7377781 +0.j         94.98453751+0.j        ]
Entropy components at T = 298.15 K and P = 101325.0 Pa:
=================================================
                           S               T*S
S_trans (1 bar)    0.0019477 eV/K        0.581 eV
S_rot              0.0016287 eV/K        0.486 eV
S_elec             0.0000000 eV/K        0.000 eV
S_vib              0.0064311 eV/K        1.917 eV
S (1 bar -> P)    -0.0000011 eV/K       -0.000 eV
-------------------------------------------------
S                  0.0100064 eV/K        2.983 eV
=================================================
Enthalpy components at T = 298.15 K:
===============================
E_pot                 -4.051 eV
E_ZPE                 17.546 eV
Cv_trans (0->T)        0.039 eV
Cv_rot (0->T)          0.039 eV
Cv_vib (0->T)          0.945 eV
(C_v -> C_p)           0.026 eV
-------------------------------
H                     14.543 eV
===============================
