You need to install the group's fork of aRMSD and put it in your path https://github.mit.edu/MLMat/aRMSD
[  0.        +530.49558218j   0.          +9.49084348j
   0.          +5.61532815j   0.          +3.37696426j
   0.          +2.69812267j   0.          +1.91133814j
   0.          +1.71814702j  26.80771164  +0.j
  40.0671238   +0.j          50.48023674  +0.j
 106.24201962  +0.j         113.05753645  +0.j
 172.77600227  +0.j         211.58688753  +0.j
 223.64274716  +0.j         226.82684432  +0.j
 258.47854922  +0.j         262.62378939  +0.j
 285.38070231  +0.j         340.19834384  +0.j        ]
Entropy components at T = 298.15 K and P = 101325.0 Pa:
=================================================
                           S               T*S
S_trans (1 bar)    0.0018612 eV/K        0.555 eV
S_rot              0.0014765 eV/K        0.440 eV
S_elec             0.0000000 eV/K        0.000 eV
S_vib              0.0021755 eV/K        0.649 eV
S (1 bar -> P)    -0.0000011 eV/K       -0.000 eV
-------------------------------------------------
S                  0.0055121 eV/K        1.643 eV
=================================================
Enthalpy components at T = 298.15 K:
===============================
E_pot                 -0.082 eV
E_ZPE                  3.944 eV
Cv_trans (0->T)        0.039 eV
Cv_rot (0->T)          0.039 eV
Cv_vib (0->T)          0.339 eV
(C_v -> C_p)           0.026 eV
-------------------------------
H                      4.304 eV
===============================
RMS: 0.04263440892100334, MAX: 0.5128950476646423
RMS: 0.026206141337752342, MAX: 0.31350553035736084
RMS: 0.018395042046904564, MAX: 0.19398705661296844
RMS: 0.01935492269694805, MAX: 0.22529803216457367
RMS: 0.013344940729439259, MAX: 0.14743712544441223
RMS: 0.015705706551671028, MAX: 0.09073830395936966
RMS: 0.01571829989552498, MAX: 0.0625566691160202
RMS: 0.013861524872481823, MAX: 0.07486642897129059
RMS: 0.017422650009393692, MAX: 0.08453833311796188
RMS: 0.010483290068805218, MAX: 0.050771474838256836
RMS: 0.010417822748422623, MAX: 0.06169181317090988
RMS: 0.007404800038784742, MAX: 0.04715631157159805
RMS: 0.006430213805288076, MAX: 0.04091757908463478
RMS: 0.004605702590197325, MAX: 0.042584702372550964
RMS: 0.004470712039619684, MAX: 0.042348287999629974
RMS: 0.0032445795368403196, MAX: 0.015274030156433582
RMS: 0.002908669877797365, MAX: 0.014906623400747776
RMS: 0.0036682982463389635, MAX: 0.022621773183345795
RMS: 0.00437264796346426, MAX: 0.044120822101831436
RMS: 0.006539575289934874, MAX: 0.045823100954294205
RMS: 0.009303669445216656, MAX: 0.05592106655240059
RMS: 0.005556913558393717, MAX: 0.04052184522151947
RMS: 0.0035442146472632885, MAX: 0.012875462882220745
RMS: 0.0074209654703736305, MAX: 0.042989786714315414
RMS: 0.006626784801483154, MAX: 0.02605324424803257
RMS: 0.0046308101154863834, MAX: 0.024615123867988586
RMS: 0.007201394531875849, MAX: 0.03668968752026558
RMS: 0.005656925030052662, MAX: 0.02608533948659897
RMS: 0.004606745205819607, MAX: 0.018136117607355118
RMS: 0.006242198403924704, MAX: 0.0230356827378273
RMS: 0.0043107010424137115, MAX: 0.017923839390277863
RMS: 0.004361301194876432, MAX: 0.028555653989315033
RMS: 0.004591355100274086, MAX: 0.032799988985061646
RMS: 0.002621792256832123, MAX: 0.014243162237107754
RMS: 0.003998204134404659, MAX: 0.015526976436376572
RMS: 0.0017447748687118292, MAX: 0.008085206151008606
RMS: 0.0016284333541989326, MAX: 0.00492495484650135
Optimization converged!
Eigenvector following terminated normally.
[  0.        +519.80549924j   0.          +6.69857548j
   0.          +4.78637394j   0.          +3.9213858j
   0.          +2.66237913j   0.          +1.75754032j
   0.          +1.39670896j  27.06592677  +0.j
  48.46131356  +0.j          52.58534005  +0.j
 114.56669996  +0.j         122.33680522  +0.j
 176.79772168  +0.j         204.07033356  +0.j
 222.70064155  +0.j         227.42042039  +0.j
 256.67171244  +0.j         260.21823641  +0.j
 281.26563219  +0.j         340.0166618   +0.j        ]
Flipping all imaginary frequencies except the lowest one
Entropy components at T = 298.15 K and P = 101325.0 Pa:
=================================================
                           S               T*S
S_trans (1 bar)    0.0018612 eV/K        0.555 eV
S_rot              0.0014768 eV/K        0.440 eV
S_elec             0.0000000 eV/K        0.000 eV
S_vib              0.0021455 eV/K        0.640 eV
S (1 bar -> P)    -0.0000011 eV/K       -0.000 eV
-------------------------------------------------
S                  0.0054824 eV/K        1.635 eV
=================================================
Enthalpy components at T = 298.15 K:
===============================
E_pot                 -0.081 eV
E_ZPE                  3.939 eV
Cv_trans (0->T)        0.039 eV
Cv_rot (0->T)          0.039 eV
Cv_vib (0->T)          0.338 eV
(C_v -> C_p)           0.026 eV
-------------------------------
H                      4.299 eV
===============================
