You need to install the group's fork of aRMSD and put it in your path https://github.mit.edu/MLMat/aRMSD
[  0.        +522.00094809j   0.          +6.6465599j
   0.          +4.7388738j    0.          +3.93646321j
   0.          +2.62408321j   0.          +1.28862723j
   2.15714649  +0.j           3.59986491  +0.j
  10.96025222  +0.j          16.75144817  +0.j
  27.27676829  +0.j          37.41564215  +0.j
  44.35630151  +0.j          54.918095    +0.j
  60.74033611  +0.j          72.45678689  +0.j
  76.30653971  +0.j          84.37183724  +0.j
  98.53604032  +0.j         117.47926068  +0.j        ]
Entropy components at T = 298.15 K and P = 101325.0 Pa:
=================================================
                           S               T*S
S_trans (1 bar)    0.0019060 eV/K        0.568 eV
S_rot              0.0016329 eV/K        0.487 eV
S_elec             0.0000000 eV/K        0.000 eV
S_vib              0.0054033 eV/K        1.611 eV
S (1 bar -> P)    -0.0000011 eV/K       -0.000 eV
-------------------------------------------------
S                  0.0089411 eV/K        2.666 eV
=================================================
Enthalpy components at T = 298.15 K:
===============================
E_pot                  0.728 eV
E_ZPE                 16.250 eV
Cv_trans (0->T)        0.039 eV
Cv_rot (0->T)          0.039 eV
Cv_vib (0->T)          0.747 eV
(C_v -> C_p)           0.026 eV
-------------------------------
H                     17.828 eV
===============================
RMS: 0.006828287150710821, MAX: 0.24752222001552582
RMS: 0.0036359988152980804, MAX: 0.1231134831905365
RMS: 0.0013662653509527445, MAX: 0.006923757027834654
RMS: 0.0016310677165165544, MAX: 0.011188128963112831
RMS: 0.002234969288110733, MAX: 0.01994769647717476
RMS: 0.0027000505942851305, MAX: 0.025320952758193016
RMS: 0.002955137984827161, MAX: 0.028437718749046326
RMS: 0.0029758026357740164, MAX: 0.03260043263435364
RMS: 0.0024080281145870686, MAX: 0.024430550634860992
RMS: 0.002699425909668207, MAX: 0.03638700395822525
RMS: 0.0017348675755783916, MAX: 0.015950515866279602
RMS: 0.0022769179195165634, MAX: 0.0375145860016346
RMS: 0.0026115127839148045, MAX: 0.011599532328546047
RMS: 0.001996962819248438, MAX: 0.028586849570274353
RMS: 0.0018656729953363538, MAX: 0.01285927090793848
RMS: 0.001999300206080079, MAX: 0.024153221398591995
RMS: 0.0015790303004905581, MAX: 0.01251303032040596
RMS: 0.002924134023487568, MAX: 0.04811849445104599
RMS: 0.004370348062366247, MAX: 0.06112992390990257
RMS: 0.0037534814327955246, MAX: 0.025980984792113304
RMS: 0.002478171605616808, MAX: 0.03111136704683304
RMS: 0.003340149996802211, MAX: 0.042436324059963226
RMS: 0.0029437595512717962, MAX: 0.05843156948685646
RMS: 0.0024685836397111416, MAX: 0.013487246818840504
RMS: 0.0019089409615844488, MAX: 0.035947803407907486
RMS: 0.0017932922346517444, MAX: 0.01582849584519863
RMS: 0.0018849769840016961, MAX: 0.033796895295381546
RMS: 0.0013656615046784282, MAX: 0.0056083835661411285
RMS: 0.0009979003807529807, MAX: 0.006173077039420605
RMS: 0.0013535304460674524, MAX: 0.012576717883348465
RMS: 0.0014420212246477604, MAX: 0.007628829684108496
RMS: 0.0009605666273273528, MAX: 0.012058747932314873
RMS: 0.0008210661471821368, MAX: 0.004795307293534279
Optimization converged!
Eigenvector following terminated normally.
[  0.        +521.57419641j   0.          +5.16707021j
   0.          +4.68168748j   0.          +2.49575225j
   0.          +1.80944999j   0.          +1.25839248j
   0.          +1.1015031j    4.29567789  +0.j
  14.67574954  +0.j          16.72403059  +0.j
  26.17485084  +0.j          38.00598186  +0.j
  45.04259236  +0.j          51.87262929  +0.j
  61.31816187  +0.j          71.82169526  +0.j
  76.16914687  +0.j          81.94684187  +0.j
  97.01304279  +0.j         109.82019552  +0.j        ]
Flipping all imaginary frequencies except the lowest one
Entropy components at T = 298.15 K and P = 101325.0 Pa:
=================================================
                           S               T*S
S_trans (1 bar)    0.0019060 eV/K        0.568 eV
S_rot              0.0016334 eV/K        0.487 eV
S_elec             0.0000000 eV/K        0.000 eV
S_vib              0.0054041 eV/K        1.611 eV
S (1 bar -> P)    -0.0000011 eV/K       -0.000 eV
-------------------------------------------------
S                  0.0089424 eV/K        2.666 eV
=================================================
Enthalpy components at T = 298.15 K:
===============================
E_pot                  0.722 eV
E_ZPE                 16.238 eV
Cv_trans (0->T)        0.039 eV
Cv_rot (0->T)          0.039 eV
Cv_vib (0->T)          0.748 eV
(C_v -> C_p)           0.026 eV
-------------------------------
H                     17.811 eV
===============================
