You need to install the group's fork of aRMSD and put it in your path https://github.mit.edu/MLMat/aRMSD
[  0.        +2.47785148j   0.        +2.13660503j
   0.        +1.76801663j   0.        +1.22431244j
   0.        +0.77402314j   0.        +0.50346924j
   2.79000034+0.j          10.08930872+0.j
  11.95607542+0.j          20.48390403+0.j
  38.29066633+0.j          47.43463699+0.j
  52.09709882+0.j          60.66688481+0.j
  68.88030904+0.j          74.05563253+0.j
  81.50198827+0.j          91.8973503 +0.j
 112.73382859+0.j         115.24734309+0.j        ]
Entropy components at T = 298.15 K and P = 101325.0 Pa:
=================================================
                           S               T*S
S_trans (1 bar)    0.0019060 eV/K        0.568 eV
S_rot              0.0016190 eV/K        0.483 eV
S_elec             0.0000000 eV/K        0.000 eV
S_vib              0.0055436 eV/K        1.653 eV
S (1 bar -> P)    -0.0000011 eV/K       -0.000 eV
-------------------------------------------------
S                  0.0090675 eV/K        2.703 eV
=================================================
Enthalpy components at T = 298.15 K:
===============================
E_pot                 -0.843 eV
E_ZPE                 16.313 eV
Cv_trans (0->T)        0.039 eV
Cv_rot (0->T)          0.039 eV
Cv_vib (0->T)          0.749 eV
(C_v -> C_p)           0.026 eV
-------------------------------
H                     16.322 eV
===============================
