You need to install the group's fork of aRMSD and put it in your path https://github.mit.edu/MLMat/aRMSD
[  0.        +2.22716236j   0.        +1.04871858j
   0.        +0.61044076j   0.        +0.35831981j
   1.0778668 +0.j           2.5637153 +0.j
  13.80474412+0.j          17.31422486+0.j
  24.21023809+0.j          28.16296539+0.j
  33.09397776+0.j          43.71920125+0.j
  49.72682779+0.j          56.1575344 +0.j
  59.34272294+0.j          60.2145424 +0.j
  70.67080052+0.j          77.08391665+0.j
  92.741729  +0.j         101.32719582+0.j        ]
Entropy components at T = 298.15 K and P = 101325.0 Pa:
=================================================
                           S               T*S
S_trans (1 bar)    0.0019505 eV/K        0.582 eV
S_rot              0.0016561 eV/K        0.494 eV
S_elec             0.0000000 eV/K        0.000 eV
S_vib              0.0056447 eV/K        1.683 eV
S (1 bar -> P)    -0.0000011 eV/K       -0.000 eV
-------------------------------------------------
S                  0.0092501 eV/K        2.758 eV
=================================================
Enthalpy components at T = 298.15 K:
===============================
E_pot                 -4.430 eV
E_ZPE                  9.252 eV
Cv_trans (0->T)        0.039 eV
Cv_rot (0->T)          0.039 eV
Cv_vib (0->T)          0.791 eV
(C_v -> C_p)           0.026 eV
-------------------------------
H                      5.716 eV
===============================
