Optimizing input structure...
      Step     Time          Energy         fmax
BFGS:    0 08:02:09       -1.146948        2.7858
BFGS:    1 08:02:09       -1.477857        1.5153
BFGS:    2 08:02:09       -1.630619        0.8658
BFGS:    3 08:02:10       -1.723126        0.8131
BFGS:    4 08:02:10       -1.750953        0.5368
BFGS:    5 08:02:10       -1.774351        0.3425
BFGS:    6 08:02:10       -1.789075        0.2709
BFGS:    7 08:02:10       -1.796649        0.2213
BFGS:    8 08:02:10       -1.802572        0.2260
BFGS:    9 08:02:10       -1.808498        0.2570
BFGS:   10 08:02:10       -1.814482        0.2039
BFGS:   11 08:02:10       -1.821211        0.1933
BFGS:   12 08:02:10       -1.827515        0.1667
BFGS:   13 08:02:10       -1.832049        0.1517
BFGS:   14 08:02:10       -1.835517        0.1489
BFGS:   15 08:02:10       -1.839383        0.1498
BFGS:   16 08:02:10       -1.844706        0.1594
BFGS:   17 08:02:10       -1.848591        0.1357
BFGS:   18 08:02:10       -1.850672        0.1000
BFGS:   19 08:02:10       -1.852320        0.1032
BFGS:   20 08:02:10       -1.854286        0.1274
BFGS:   21 08:02:10       -1.856770        0.1286
BFGS:   22 08:02:11       -1.858475        0.0932
BFGS:   23 08:02:11       -1.859387        0.0610
BFGS:   24 08:02:11       -1.860154        0.0728
BFGS:   25 08:02:11       -1.861011        0.0686
BFGS:   26 08:02:11       -1.861778        0.0589
BFGS:   27 08:02:11       -1.862329        0.0548
BFGS:   28 08:02:11       -1.862759        0.0442
Optimization complete!
Performing a relaxed scan over 20 steps...
      Step     Time          Energy         fmax
BFGS:    0 08:02:11       -1.625888        5.4030
BFGS:    1 08:02:11       -1.772456        4.1477
BFGS:    2 08:02:11       -1.819371        4.4415
BFGS:    3 08:02:11       -1.749481        3.4177
BFGS:    4 08:02:11       -1.842270        0.3766
BFGS:    5 08:02:12       -1.845252        0.2032
BFGS:    6 08:02:12       -1.846265        0.2323
BFGS:    7 08:02:12       -1.847075        0.0647
BFGS:    8 08:02:12       -1.847706        0.0693
BFGS:    9 08:02:12       -1.848805        0.0931
BFGS:   10 08:02:12       -1.849574        0.0539
BFGS:   11 08:02:12       -1.850067        0.0406
      Step     Time          Energy         fmax
BFGS:    0 08:02:12       -1.479210        6.6556
BFGS:    1 08:02:12       -1.715577        5.2473
BFGS:    2 08:02:12       -1.763800        6.0531
BFGS:    3 08:02:12       -1.655609        3.8380
BFGS:    4 08:02:12       -1.801027        0.5698
BFGS:    5 08:02:12       -1.804528        0.2618
BFGS:    6 08:02:12       -1.803778        0.2622
BFGS:    7 08:02:12       -1.803855        0.1234
BFGS:    8 08:02:12       -1.804561        0.1036
BFGS:    9 08:02:13       -1.805529        0.1117
BFGS:   10 08:02:13       -1.807231        0.0998
BFGS:   11 08:02:13       -1.808672        0.0829
BFGS:   12 08:02:13       -1.810249        0.0903
BFGS:   13 08:02:13       -1.811608        0.1087
BFGS:   14 08:02:13       -1.813814        0.1585
BFGS:   15 08:02:13       -1.815409        0.1547
BFGS:   16 08:02:13       -1.817755        0.1423
BFGS:   17 08:02:13       -1.819526        0.1133
BFGS:   18 08:02:13       -1.820780        0.1083
BFGS:   19 08:02:13       -1.821727        0.0759
BFGS:   20 08:02:13       -1.822533        0.0899
BFGS:   21 08:02:13       -1.823632        0.1035
BFGS:   22 08:02:13       -1.825344        0.1191
BFGS:   23 08:02:13       -1.826625        0.0928
BFGS:   24 08:02:13       -1.828071        0.0806
BFGS:   25 08:02:14       -1.829159        0.1056
BFGS:   26 08:02:14       -1.830831        0.1574
BFGS:   27 08:02:14       -1.832528        0.1609
BFGS:   28 08:02:14       -1.833913        0.0868
BFGS:   29 08:02:14       -1.834986        0.0816
BFGS:   30 08:02:14       -1.835914        0.0853
BFGS:   31 08:02:14       -1.837429        0.1171
BFGS:   32 08:02:14       -1.839400        0.1376
BFGS:   33 08:02:14       -1.841743        0.1569
BFGS:   34 08:02:14       -1.844040        0.1469
BFGS:   35 08:02:14       -1.846278        0.1365
BFGS:   36 08:02:14       -1.848510        0.1509
BFGS:   37 08:02:14       -1.850821        0.1268
BFGS:   38 08:02:14       -1.853139        0.1316
BFGS:   39 08:02:14       -1.855223        0.0898
BFGS:   40 08:02:14       -1.856862        0.0925
BFGS:   41 08:02:15       -1.858327        0.0794
BFGS:   42 08:02:15       -1.859746        0.1050
BFGS:   43 08:02:15       -1.861630        0.1035
BFGS:   44 08:02:15       -1.863020        0.1163
BFGS:   45 08:02:15       -1.864338        0.1003
BFGS:   46 08:02:15       -1.864825        0.0505
BFGS:   47 08:02:15       -1.865256        0.0509
BFGS:   48 08:02:15       -1.865683        0.0660
BFGS:   49 08:02:15       -1.866336        0.0597
BFGS:   50 08:02:15       -1.866951        0.0530
BFGS:   51 08:02:15       -1.867528        0.0518
BFGS:   52 08:02:15       -1.867996        0.0554
BFGS:   53 08:02:15       -1.868519        0.0637
BFGS:   54 08:02:15       -1.869141        0.0608
BFGS:   55 08:02:16       -1.869977        0.0816
BFGS:   56 08:02:16       -1.871129        0.0952
BFGS:   57 08:02:16       -1.872725        0.0909
BFGS:   58 08:02:16       -1.874664        0.0953
BFGS:   59 08:02:16       -1.876527        0.0920
BFGS:   60 08:02:16       -1.878401        0.0937
BFGS:   61 08:02:16       -1.880244        0.1110
BFGS:   62 08:02:16       -1.883049        0.1333
BFGS:   63 08:02:16       -1.887052        0.1373
BFGS:   64 08:02:16       -1.891254        0.1237
BFGS:   65 08:02:16       -1.893755        0.1124
BFGS:   66 08:02:16       -1.895667        0.1023
BFGS:   67 08:02:16       -1.896946        0.1190
BFGS:   68 08:02:16       -1.898709        0.1045
BFGS:   69 08:02:16       -1.900991        0.1009
BFGS:   70 08:02:16       -1.902738        0.0774
BFGS:   71 08:02:16       -1.903712        0.0640
BFGS:   72 08:02:17       -1.904719        0.0711
BFGS:   73 08:02:17       -1.905914        0.0728
BFGS:   74 08:02:17       -1.907391        0.0846
BFGS:   75 08:02:17       -1.909033        0.1020
BFGS:   76 08:02:17       -1.910459        0.1211
BFGS:   77 08:02:17       -1.912022        0.1143
BFGS:   78 08:02:17       -1.913396        0.0859
BFGS:   79 08:02:17       -1.914392        0.0806
BFGS:   80 08:02:17       -1.915134        0.0555
BFGS:   81 08:02:17       -1.915917        0.0684
BFGS:   82 08:02:17       -1.916713        0.0584
BFGS:   83 08:02:17       -1.917587        0.0632
BFGS:   84 08:02:17       -1.918316        0.0614
BFGS:   85 08:02:17       -1.918865        0.0800
BFGS:   86 08:02:17       -1.919441        0.0747
BFGS:   87 08:02:18       -1.920081        0.0655
BFGS:   88 08:02:18       -1.920601        0.0541
BFGS:   89 08:02:18       -1.921270        0.0575
BFGS:   90 08:02:18       -1.922025        0.0606
BFGS:   91 08:02:18       -1.922591        0.0470
      Step     Time          Energy         fmax
BFGS:    0 08:02:18       -1.757506        3.2216
BFGS:    1 08:02:18       -1.858911        2.0349
BFGS:    2 08:02:18       -1.878101        3.3862
BFGS:    3 08:02:18       -1.859136        1.2364
BFGS:    4 08:02:18       -1.876883        0.4827
BFGS:    5 08:02:18       -1.885272        0.1999
BFGS:    6 08:02:18       -1.886961        0.2411
BFGS:    7 08:02:18       -1.887092        0.1457
BFGS:    8 08:02:18       -1.888105        0.1440
BFGS:    9 08:02:18       -1.889309        0.0907
BFGS:   10 08:02:18       -1.890227        0.0520
BFGS:   11 08:02:18       -1.891183        0.0480
      Step     Time          Energy         fmax
BFGS:    0 08:02:18       -1.643297        3.8560
BFGS:    1 08:02:19       -1.802797        3.0137
BFGS:    2 08:02:19       -1.820990        4.8998
BFGS:    3 08:02:19       -1.800502        1.3620
BFGS:    4 08:02:19       -1.817424        0.6238
BFGS:    5 08:02:19       -1.828383        0.2169
BFGS:    6 08:02:19       -1.829398        0.2643
BFGS:    7 08:02:19       -1.829017        0.1959
BFGS:    8 08:02:19       -1.829508        0.1686
BFGS:    9 08:02:19       -1.830400        0.1131
BFGS:   10 08:02:19       -1.832208        0.1049
BFGS:   11 08:02:19       -1.834503        0.0727
BFGS:   12 08:02:19       -1.836198        0.0793
BFGS:   13 08:02:19       -1.838326        0.1302
BFGS:   14 08:02:19       -1.839486        0.1314
BFGS:   15 08:02:19       -1.839628        0.0970
BFGS:   16 08:02:19       -1.839098        0.0749
BFGS:   17 08:02:19       -1.839061        0.0686
BFGS:   18 08:02:19       -1.839361        0.1046
BFGS:   19 08:02:19       -1.840181        0.1062
BFGS:   20 08:02:19       -1.841272        0.1070
BFGS:   21 08:02:20       -1.842758        0.1033
BFGS:   22 08:02:20       -1.844092        0.1036
BFGS:   23 08:02:20       -1.844975        0.0887
BFGS:   24 08:02:20       -1.845494        0.0766
BFGS:   25 08:02:20       -1.846129        0.0880
BFGS:   26 08:02:20       -1.847015        0.1089
BFGS:   27 08:02:20       -1.848146        0.1076
BFGS:   28 08:02:20       -1.849030        0.0941
BFGS:   29 08:02:20       -1.849895        0.0826
BFGS:   30 08:02:20       -1.850634        0.0971
BFGS:   31 08:02:20       -1.851630        0.1018
BFGS:   32 08:02:20       -1.852652        0.1094
BFGS:   33 08:02:20       -1.853895        0.1076
BFGS:   34 08:02:20       -1.855212        0.1083
BFGS:   35 08:02:20       -1.856678        0.0930
BFGS:   36 08:02:20       -1.858161        0.1131
BFGS:   37 08:02:20       -1.859505        0.1085
BFGS:   38 08:02:21       -1.860468        0.0776
BFGS:   39 08:02:21       -1.860855        0.0550
BFGS:   40 08:02:21       -1.860899        0.0273
      Step     Time          Energy         fmax
BFGS:    0 08:02:21       -1.641001        3.7282
BFGS:    1 08:02:21       -1.778620        3.6380
BFGS:    2 08:02:21       -1.792307        4.7981
BFGS:    3 08:02:21       -1.775202        1.5237
BFGS:    4 08:02:21       -1.796295        0.5847
BFGS:    5 08:02:21       -1.806279        0.2027
BFGS:    6 08:02:21       -1.806767        0.2758
BFGS:    7 08:02:21       -1.806179        0.1594
BFGS:    8 08:02:21       -1.807046        0.1334
BFGS:    9 08:02:21       -1.807950        0.0890
BFGS:   10 08:02:21       -1.809176        0.0813
BFGS:   11 08:02:21       -1.810477        0.0498
      Step     Time          Energy         fmax
BFGS:    0 08:02:21       -1.485733        4.5330
BFGS:    1 08:02:22       -1.703548        5.1800
BFGS:    2 08:02:22       -1.711526        5.7980
BFGS:    3 08:02:22       -1.680290        1.9584
BFGS:    4 08:02:22       -1.716227        0.6950
BFGS:    5 08:02:22       -1.729945        0.2494
BFGS:    6 08:02:22       -1.728332        0.3055
BFGS:    7 08:02:22       -1.726130        0.1975
BFGS:    8 08:02:22       -1.727273        0.1640
BFGS:    9 08:02:22       -1.728635        0.1213
BFGS:   10 08:02:22       -1.730747        0.1263
BFGS:   11 08:02:22       -1.733285        0.0724
BFGS:   12 08:02:22       -1.734258        0.0765
BFGS:   13 08:02:22       -1.735752        0.1096
BFGS:   14 08:02:22       -1.736603        0.1100
BFGS:   15 08:02:22       -1.736471        0.0883
BFGS:   16 08:02:22       -1.736194        0.0689
BFGS:   17 08:02:22       -1.736112        0.0652
BFGS:   18 08:02:22       -1.736171        0.0808
BFGS:   19 08:02:23       -1.736717        0.0832
BFGS:   20 08:02:23       -1.737255        0.0872
BFGS:   21 08:02:23       -1.738183        0.0913
BFGS:   22 08:02:23       -1.738964        0.0798
BFGS:   23 08:02:23       -1.739643        0.0654
BFGS:   24 08:02:23       -1.739994        0.0712
BFGS:   25 08:02:23       -1.740492        0.0821
BFGS:   26 08:02:23       -1.741071        0.1134
BFGS:   27 08:02:23       -1.741565        0.1079
BFGS:   28 08:02:23       -1.741692        0.0695
BFGS:   29 08:02:23       -1.741706        0.0719
BFGS:   30 08:02:23       -1.741911        0.0933
BFGS:   31 08:02:23       -1.742178        0.0951
BFGS:   32 08:02:23       -1.742853        0.0940
BFGS:   33 08:02:23       -1.743519        0.0765
BFGS:   34 08:02:24       -1.744481        0.0836
BFGS:   35 08:02:24       -1.745442        0.0812
BFGS:   36 08:02:24       -1.746496        0.1003
BFGS:   37 08:02:24       -1.747409        0.1020
BFGS:   38 08:02:24       -1.748055        0.0680
BFGS:   39 08:02:24       -1.748345        0.0501
BFGS:   40 08:02:24       -1.748418        0.0293
      Step     Time          Energy         fmax
BFGS:    0 08:02:24       -1.419908        4.6584
BFGS:    1 08:02:24       -1.638155        5.8659
BFGS:    2 08:02:24       -1.639400        5.4612
BFGS:    3 08:02:24       -1.604035        2.2813
BFGS:    4 08:02:24       -1.652643        0.6593
BFGS:    5 08:02:24       -1.666319        0.2459
BFGS:    6 08:02:24       -1.664772        0.3143
BFGS:    7 08:02:24       -1.662178        0.1706
BFGS:    8 08:02:25       -1.663505        0.1349
BFGS:    9 08:02:25       -1.665052        0.0947
BFGS:   10 08:02:25       -1.666267        0.0899
BFGS:   11 08:02:25       -1.667826        0.0485
      Step     Time          Energy         fmax
BFGS:    0 08:02:25       -1.237916        5.2795
BFGS:    1 08:02:25       -1.540580        7.1494
BFGS:    2 08:02:25       -1.536940        5.8646
BFGS:    3 08:02:25       -1.480824        2.5811
BFGS:    4 08:02:25       -1.544367        0.7328
BFGS:    5 08:02:25       -1.562398        0.2773
BFGS:    6 08:02:25       -1.559070        0.3367
BFGS:    7 08:02:25       -1.554399        0.1966
BFGS:    8 08:02:25       -1.556172        0.1677
BFGS:    9 08:02:25       -1.558621        0.1341
BFGS:   10 08:02:26       -1.560871        0.1301
BFGS:   11 08:02:26       -1.563651        0.0749
BFGS:   12 08:02:26       -1.564350        0.0754
BFGS:   13 08:02:26       -1.565336        0.1066
BFGS:   14 08:02:26       -1.566117        0.1107
BFGS:   15 08:02:26       -1.565936        0.0864
BFGS:   16 08:02:26       -1.565746        0.0720
BFGS:   17 08:02:26       -1.565825        0.0637
BFGS:   18 08:02:26       -1.565707        0.0799
BFGS:   19 08:02:26       -1.566129        0.0865
BFGS:   20 08:02:26       -1.566427        0.0911
BFGS:   21 08:02:26       -1.567186        0.0906
BFGS:   22 08:02:26       -1.567900        0.0757
BFGS:   23 08:02:26       -1.568670        0.0617
BFGS:   24 08:02:27       -1.569172        0.0667
BFGS:   25 08:02:27       -1.569823        0.0777
BFGS:   26 08:02:27       -1.570244        0.1203
BFGS:   27 08:02:27       -1.570357        0.1101
BFGS:   28 08:02:27       -1.569804        0.0707
BFGS:   29 08:02:27       -1.569334        0.0743
BFGS:   30 08:02:27       -1.569203        0.0951
BFGS:   31 08:02:27       -1.569223        0.0943
BFGS:   32 08:02:27       -1.569971        0.1058
BFGS:   33 08:02:27       -1.570653        0.0769
BFGS:   34 08:02:27       -1.571942        0.0911
BFGS:   35 08:02:27       -1.573137        0.0933
BFGS:   36 08:02:27       -1.574404        0.1165
BFGS:   37 08:02:27       -1.575308        0.1192
BFGS:   38 08:02:27       -1.575927        0.0796
BFGS:   39 08:02:28       -1.576228        0.0521
BFGS:   40 08:02:28       -1.576415        0.0314
      Step     Time          Energy         fmax
BFGS:    0 08:02:28       -1.171484        5.1699
BFGS:    1 08:02:28       -1.455887        7.6461
BFGS:    2 08:02:28       -1.445621        5.0617
BFGS:    3 08:02:28       -1.387882        2.7158
BFGS:    4 08:02:28       -1.457972        0.6471
BFGS:    5 08:02:28       -1.474930        0.2751
BFGS:    6 08:02:28       -1.472672        0.3186
BFGS:    7 08:02:28       -1.467935        0.1553
BFGS:    8 08:02:28       -1.469797        0.1318
BFGS:    9 08:02:28       -1.472352        0.1039
BFGS:   10 08:02:28       -1.473278        0.0731
BFGS:   11 08:02:28       -1.474712        0.0495
      Step     Time          Energy         fmax
BFGS:    0 08:02:28       -0.966057        5.7629
BFGS:    1 08:02:29       -1.344398        8.9209
BFGS:    2 08:02:29       -1.326221        5.2524
BFGS:    3 08:02:29       -1.244828        2.9479
BFGS:    4 08:02:29       -1.329356        0.7094
BFGS:    5 08:02:29       -1.351509        0.3325
BFGS:    6 08:02:29       -1.347537        0.3320
BFGS:    7 08:02:29       -1.340059        0.1675
BFGS:    8 08:02:29       -1.342618        0.1610
BFGS:    9 08:02:29       -1.346406        0.1395
BFGS:   10 08:02:29       -1.348287        0.1024
BFGS:   11 08:02:29       -1.350635        0.0756
BFGS:   12 08:02:29       -1.351342        0.0695
BFGS:   13 08:02:29       -1.351967        0.1085
BFGS:   14 08:02:29       -1.352491        0.0953
BFGS:   15 08:02:29       -1.352375        0.0751
BFGS:   16 08:02:30       -1.352031        0.0698
BFGS:   17 08:02:30       -1.352313        0.0595
BFGS:   18 08:02:30       -1.352043        0.0747
BFGS:   19 08:02:30       -1.352334        0.0855
BFGS:   20 08:02:30       -1.352617        0.0879
BFGS:   21 08:02:30       -1.353047        0.0840
BFGS:   22 08:02:30       -1.353992        0.0771
BFGS:   23 08:02:30       -1.354309        0.0594
BFGS:   24 08:02:30       -1.355152        0.0612
BFGS:   25 08:02:30       -1.355649        0.0878
BFGS:   26 08:02:30       -1.355996        0.1145
BFGS:   27 08:02:30       -1.355696        0.0944
BFGS:   28 08:02:30       -1.354553        0.0669
BFGS:   29 08:02:30       -1.354023        0.0806
BFGS:   30 08:02:30       -1.353433        0.0956
BFGS:   31 08:02:30       -1.353564        0.0992
BFGS:   32 08:02:30       -1.354088        0.1106
BFGS:   33 08:02:30       -1.355042        0.0760
BFGS:   34 08:02:30       -1.356396        0.0951
BFGS:   35 08:02:30       -1.357857        0.0969
BFGS:   36 08:02:30       -1.359302        0.1337
BFGS:   37 08:02:30       -1.360335        0.1363
BFGS:   38 08:02:30       -1.361049        0.0926
BFGS:   39 08:02:31       -1.361404        0.0569
BFGS:   40 08:02:31       -1.361700        0.0398
      Step     Time          Energy         fmax
BFGS:    0 08:02:31       -0.891208        5.5527
BFGS:    1 08:02:31       -1.243343        9.2833
BFGS:    2 08:02:31       -1.215744        4.3522
BFGS:    3 08:02:31       -1.142578        2.8871
BFGS:    4 08:02:31       -1.223239        0.6309
BFGS:    5 08:02:31       -1.243788        0.3156
BFGS:    6 08:02:31       -1.241878        0.3007
BFGS:    7 08:02:31       -1.234878        0.1303
BFGS:    8 08:02:31       -1.237227        0.1360
BFGS:    9 08:02:31       -1.240427        0.0996
BFGS:   10 08:02:31       -1.240993        0.0611
BFGS:   11 08:02:31       -1.242165        0.0487
      Step     Time          Energy         fmax
BFGS:    0 08:02:31       -0.667218        6.1266
BFGS:    1 08:02:31       -1.121626       10.5225
BFGS:    2 08:02:31       -1.079798        4.4330
BFGS:    3 08:02:32       -0.986735        3.0308
BFGS:    4 08:02:32       -1.077502        0.6950
BFGS:    5 08:02:32       -1.103814        0.3837
BFGS:    6 08:02:32       -1.100219        0.3143
BFGS:    7 08:02:32       -1.090236        0.1447
BFGS:    8 08:02:32       -1.093479        0.1617
BFGS:    9 08:02:32       -1.098147        0.1284
BFGS:   10 08:02:32       -1.099365        0.0884
BFGS:   11 08:02:32       -1.101190        0.0745
BFGS:   12 08:02:32       -1.102086        0.0705
BFGS:   13 08:02:32       -1.102654        0.0997
BFGS:   14 08:02:32       -1.102932        0.0901
BFGS:   15 08:02:32       -1.102805        0.0705
BFGS:   16 08:02:32       -1.102238        0.0646
BFGS:   17 08:02:32       -1.102474        0.0525
BFGS:   18 08:02:32       -1.102117        0.0714
BFGS:   19 08:02:32       -1.102399        0.0860
BFGS:   20 08:02:32       -1.102806        0.0776
BFGS:   21 08:02:32       -1.103114        0.0695
BFGS:   22 08:02:33       -1.104023        0.0558
BFGS:   23 08:02:33       -1.104207        0.0549
BFGS:   24 08:02:33       -1.104868        0.0591
BFGS:   25 08:02:33       -1.105180        0.0864
BFGS:   26 08:02:33       -1.105255        0.1015
BFGS:   27 08:02:33       -1.104766        0.0790
BFGS:   28 08:02:33       -1.103574        0.0640
BFGS:   29 08:02:33       -1.102995        0.0786
BFGS:   30 08:02:33       -1.102287        0.0939
BFGS:   31 08:02:33       -1.102255        0.1003
BFGS:   32 08:02:33       -1.102688        0.1095
BFGS:   33 08:02:33       -1.103569        0.0865
BFGS:   34 08:02:33       -1.105107        0.0935
BFGS:   35 08:02:33       -1.106731        0.1056
BFGS:   36 08:02:33       -1.108553        0.1449
BFGS:   37 08:02:33       -1.109811        0.1537
BFGS:   38 08:02:34       -1.110780        0.1121
BFGS:   39 08:02:34       -1.111231        0.0689
BFGS:   40 08:02:34       -1.111379        0.0603
BFGS:   41 08:02:34       -1.111808        0.0453
      Step     Time          Energy         fmax
BFGS:    0 08:02:34       -0.607529        5.5713
BFGS:    1 08:02:34       -1.013689       10.3823
BFGS:    2 08:02:34       -0.959710        3.3695
BFGS:    3 08:02:34       -0.887418        2.6131
BFGS:    4 08:02:34       -0.957130        0.6369
BFGS:    5 08:02:34       -0.981190        0.3515
BFGS:    6 08:02:34       -0.979938        0.2696
BFGS:    7 08:02:35       -0.971085        0.1316
BFGS:    8 08:02:35       -0.973578        0.1374
BFGS:    9 08:02:35       -0.976773        0.1003
BFGS:   10 08:02:35       -0.977435        0.0609
BFGS:   11 08:02:35       -0.978375        0.0468
      Step     Time          Energy         fmax
BFGS:    0 08:02:35       -0.367878        6.1762
BFGS:    1 08:02:35       -0.880598       11.4490
BFGS:    2 08:02:35       -0.805163        3.4702
BFGS:    3 08:02:35       -0.723338        2.7198
BFGS:    4 08:02:35       -0.797775        0.7078
BFGS:    5 08:02:35       -0.827672        0.4152
BFGS:    6 08:02:35       -0.824832        0.2917
BFGS:    7 08:02:35       -0.813482        0.1480
BFGS:    8 08:02:35       -0.816954        0.1629
BFGS:    9 08:02:35       -0.821478        0.1203
BFGS:   10 08:02:35       -0.822698        0.0851
BFGS:   11 08:02:35       -0.824217        0.0721
BFGS:   12 08:02:35       -0.825116        0.0717
BFGS:   13 08:02:35       -0.825782        0.0919
BFGS:   14 08:02:36       -0.825900        0.0853
BFGS:   15 08:02:36       -0.825629        0.0647
BFGS:   16 08:02:36       -0.825127        0.0586
BFGS:   17 08:02:36       -0.825136        0.0455
      Step     Time          Energy         fmax
BFGS:    0 08:02:36       -0.134778        6.7615
BFGS:    1 08:02:36       -0.730571       12.3255
BFGS:    2 08:02:36       -0.627742        3.4674
BFGS:    3 08:02:36       -0.553391        2.8198
BFGS:    4 08:02:36       -0.630023        0.7181
BFGS:    5 08:02:36       -0.661992        0.4262
BFGS:    6 08:02:36       -0.659715        0.2905
BFGS:    7 08:02:36       -0.647510        0.1412
BFGS:    8 08:02:36       -0.651970        0.1491
BFGS:    9 08:02:36       -0.656678        0.0947
BFGS:   10 08:02:36       -0.656912        0.0695
BFGS:   11 08:02:36       -0.657672        0.0575
BFGS:   12 08:02:36       -0.657921        0.0745
BFGS:   13 08:02:37       -0.658187        0.0988
BFGS:   14 08:02:37       -0.658360        0.0965
BFGS:   15 08:02:37       -0.658150        0.0907
BFGS:   16 08:02:37       -0.657604        0.0895
BFGS:   17 08:02:37       -0.657239        0.0815
BFGS:   18 08:02:37       -0.656510        0.0903
BFGS:   19 08:02:37       -0.656665        0.1321
BFGS:   20 08:02:37       -0.656725        0.1241
BFGS:   21 08:02:37       -0.657863        0.1194
BFGS:   22 08:02:37       -0.659547        0.0930
BFGS:   23 08:02:37       -0.660914        0.0918
BFGS:   24 08:02:37       -0.662868        0.0884
BFGS:   25 08:02:37       -0.664446        0.1198
BFGS:   26 08:02:37       -0.665956        0.1652
BFGS:   27 08:02:37       -0.666265        0.1402
BFGS:   28 08:02:37       -0.665291        0.1017
BFGS:   29 08:02:37       -0.665444        0.1378
BFGS:   30 08:02:37       -0.665336        0.1405
BFGS:   31 08:02:37       -0.667359        0.1414
BFGS:   32 08:02:37       -0.669298        0.1436
BFGS:   33 08:02:38       -0.671666        0.1137
BFGS:   34 08:02:38       -0.673714        0.0971
BFGS:   35 08:02:38       -0.675266        0.1081
BFGS:   36 08:02:38       -0.676597        0.1082
BFGS:   37 08:02:38       -0.676944        0.1280
BFGS:   38 08:02:38       -0.677867        0.1019
BFGS:   39 08:02:38       -0.676726        0.0877
BFGS:   40 08:02:38       -0.678257        0.0834
BFGS:   41 08:02:38       -0.678979        0.0474
      Step     Time          Energy         fmax
BFGS:    0 08:02:38       -0.148466        5.5456
BFGS:    1 08:02:38       -0.614254       11.1325
BFGS:    2 08:02:38       -0.504944        2.1704
BFGS:    3 08:02:38       -0.465553        2.0016
BFGS:    4 08:02:38       -0.505075        0.6838
BFGS:    5 08:02:38       -0.531136        0.3513
BFGS:    6 08:02:38       -0.530438        0.2177
BFGS:    7 08:02:38       -0.522650        0.1275
BFGS:    8 08:02:38       -0.524667        0.1366
BFGS:    9 08:02:38       -0.527010        0.0862
BFGS:   10 08:02:39       -0.528572        0.0472
      Step     Time          Energy         fmax
BFGS:    0 08:02:39        0.067703        5.9006
BFGS:    1 08:02:39       -0.456968       11.2275
BFGS:    2 08:02:39       -0.328322        2.1163
BFGS:    3 08:02:39       -0.306368        1.9690
BFGS:    4 08:02:39       -0.339827        0.6920
BFGS:    5 08:02:39       -0.365389        0.3614
BFGS:    6 08:02:39       -0.364704        0.2341
BFGS:    7 08:02:39       -0.357041        0.1409
BFGS:    8 08:02:39       -0.359666        0.1571
BFGS:    9 08:02:39       -0.362088        0.1035
BFGS:   10 08:02:39       -0.364187        0.0746
BFGS:   11 08:02:39       -0.365443        0.0665
BFGS:   12 08:02:39       -0.366855        0.0822
BFGS:   13 08:02:39       -0.367743        0.0885
BFGS:   14 08:02:39       -0.367874        0.0821
BFGS:   15 08:02:40       -0.367264        0.0620
BFGS:   16 08:02:40       -0.366968        0.0552
BFGS:   17 08:02:40       -0.366396        0.0495
      Step     Time          Energy         fmax
BFGS:    0 08:02:40        0.242063        5.9687
BFGS:    1 08:02:40       -0.264796       10.2708
BFGS:    2 08:02:40       -0.134127        1.9050
BFGS:    3 08:02:40       -0.144204        1.8622
BFGS:    4 08:02:40       -0.166417        0.6429
BFGS:    5 08:02:40       -0.185099        0.3095
BFGS:    6 08:02:40       -0.186554        0.2200
BFGS:    7 08:02:40       -0.180534        0.1344
BFGS:    8 08:02:40       -0.183194        0.1357
BFGS:    9 08:02:40       -0.185650        0.0775
BFGS:   10 08:02:40       -0.186217        0.0617
BFGS:   11 08:02:40       -0.186992        0.0549
BFGS:   12 08:02:40       -0.187732        0.0782
BFGS:   13 08:02:41       -0.188128        0.0898
BFGS:   14 08:02:41       -0.188492        0.1059
BFGS:   15 08:02:41       -0.187225        0.0991
BFGS:   16 08:02:41       -0.186669        0.0879
BFGS:   17 08:02:41       -0.185176        0.0935
BFGS:   18 08:02:41       -0.184875        0.0869
BFGS:   19 08:02:41       -0.184487        0.1211
BFGS:   20 08:02:41       -0.184996        0.1152
BFGS:   21 08:02:41       -0.185612        0.1075
BFGS:   22 08:02:41       -0.186749        0.0982
BFGS:   23 08:02:41       -0.187797        0.0944
BFGS:   24 08:02:41       -0.188930        0.0908
BFGS:   25 08:02:41       -0.190470        0.1294
BFGS:   26 08:02:41       -0.191871        0.1566
BFGS:   27 08:02:41       -0.192996        0.1791
BFGS:   28 08:02:41       -0.193449        0.1247
BFGS:   29 08:02:42       -0.194510        0.1942
BFGS:   30 08:02:42       -0.196779        0.1766
BFGS:   31 08:02:42       -0.200057        0.1567
BFGS:   32 08:02:42       -0.203789        0.1670
BFGS:   33 08:02:42       -0.208130        0.1600
BFGS:   34 08:02:42       -0.211703        0.1571
BFGS:   35 08:02:42       -0.218040        0.1872
BFGS:   36 08:02:42       -0.218857        0.2306
BFGS:   37 08:02:42       -0.226445        0.1789
BFGS:   38 08:02:42       -0.233889        0.1471
BFGS:   39 08:02:42       -0.236672        0.1531
BFGS:   40 08:02:42       -0.240089        0.1454
BFGS:   41 08:02:42       -0.240588        0.0753
BFGS:   42 08:02:42       -0.241459        0.0751
BFGS:   43 08:02:42       -0.242474        0.0956
BFGS:   44 08:02:42       -0.244148        0.0982
BFGS:   45 08:02:42       -0.246156        0.0761
BFGS:   46 08:02:42       -0.248121        0.0888
BFGS:   47 08:02:42       -0.248811        0.0709
BFGS:   48 08:02:42       -0.250298        0.0648
BFGS:   49 08:02:42       -0.252144        0.0729
BFGS:   50 08:02:43       -0.252967        0.0521
BFGS:   51 08:02:43       -0.253734        0.0422
      Step     Time          Energy         fmax
BFGS:    0 08:02:43        0.015767        2.8249
BFGS:    1 08:02:43       -0.136897        4.6126
BFGS:    2 08:02:43       -0.102699        0.7801
BFGS:    3 08:02:43       -0.117154        0.7091
BFGS:    4 08:02:43       -0.121375        0.4353
BFGS:    5 08:02:43       -0.128261        0.1372
BFGS:    6 08:02:43       -0.128393        0.1165
BFGS:    7 08:02:43       -0.127233        0.1203
BFGS:    8 08:02:43       -0.128487        0.0850
BFGS:    9 08:02:43       -0.130110        0.0636
BFGS:   10 08:02:43       -0.131450        0.0602
BFGS:   11 08:02:43       -0.132776        0.0758
BFGS:   12 08:02:43       -0.133593        0.1045
BFGS:   13 08:02:43       -0.133705        0.1202
BFGS:   14 08:02:43       -0.133475        0.1061
BFGS:   15 08:02:43       -0.133009        0.0848
BFGS:   16 08:02:43       -0.133396        0.0782
BFGS:   17 08:02:43       -0.133917        0.0812
BFGS:   18 08:02:43       -0.134756        0.0821
BFGS:   19 08:02:44       -0.135484        0.0726
BFGS:   20 08:02:44       -0.136226        0.0843
BFGS:   21 08:02:44       -0.136826        0.0760
BFGS:   22 08:02:44       -0.137488        0.0595
BFGS:   23 08:02:44       -0.138121        0.0617
BFGS:   24 08:02:44       -0.138988        0.0875
BFGS:   25 08:02:44       -0.139988        0.0942
BFGS:   26 08:02:44       -0.141009        0.0689
BFGS:   27 08:02:44       -0.141784        0.0858
BFGS:   28 08:02:44       -0.142317        0.0767
BFGS:   29 08:02:44       -0.142803        0.0816
BFGS:   30 08:02:44       -0.143386        0.0905
BFGS:   31 08:02:44       -0.144358        0.0920
BFGS:   32 08:02:44       -0.145917        0.1289
BFGS:   33 08:02:44       -0.148454        0.1244
BFGS:   34 08:02:44       -0.151765        0.1231
BFGS:   35 08:02:44       -0.155186        0.1203
BFGS:   36 08:02:44       -0.158320        0.1152
BFGS:   37 08:02:44       -0.161017        0.1060
BFGS:   38 08:02:44       -0.163386        0.0984
BFGS:   39 08:02:44       -0.164431        0.0870
BFGS:   40 08:02:45       -0.165393        0.0748
BFGS:   41 08:02:45       -0.165544        0.0549
BFGS:   42 08:02:45       -0.166191        0.0551
BFGS:   43 08:02:45       -0.167433        0.0576
BFGS:   44 08:02:45       -0.167896        0.0490
      Step     Time          Energy         fmax
BFGS:    0 08:02:45       -0.121451        1.1981
BFGS:    1 08:02:45       -0.155289        0.7605
BFGS:    2 08:02:45       -0.175759        0.8397
BFGS:    3 08:02:45       -0.176956        0.3712
BFGS:    4 08:02:45       -0.181551        0.1392
BFGS:    5 08:02:45       -0.182073        0.1644
BFGS:    6 08:02:45       -0.188147        0.3978
BFGS:    7 08:02:45       -0.187330        0.1885
BFGS:    8 08:02:46       -0.188843        0.1176
BFGS:    9 08:02:46       -0.190289        0.0878
BFGS:   10 08:02:46       -0.191643        0.1155
BFGS:   11 08:02:46       -0.192413        0.1096
BFGS:   12 08:02:46       -0.193300        0.1045
BFGS:   13 08:02:46       -0.194779        0.0980
BFGS:   14 08:02:46       -0.196437        0.0971
BFGS:   15 08:02:46       -0.198757        0.0802
BFGS:   16 08:02:46       -0.199918        0.0534
BFGS:   17 08:02:46       -0.200806        0.0487
Performing final optimization with tight thresholds...
      Step     Time          Energy         fmax
BFGS:    0 08:02:46       -0.200806        0.0487
Tight optimization complete!
Relaxed scan complete! Trajectory saved to opt.traj. 
Finished in 0 hours, 0 minutes, and 39 seconds
