[ 0.        +6.76255315e+02j  0.        +2.75133442e+00j
  0.        +1.16677849e+00j  0.        +7.45012471e-01j
  0.        +6.17636896e-01j  0.        +4.96383619e-01j
  1.12549238+0.00000000e+00j 10.28025261+0.00000000e+00j
 18.63784673+0.00000000e+00j 21.02965114+0.00000000e+00j
 23.04107927+0.00000000e+00j 29.97938962+0.00000000e+00j
 36.33102349+0.00000000e+00j 37.09312048+0.00000000e+00j
 47.20915692+0.00000000e+00j 48.64080092+0.00000000e+00j
 55.86935336+0.00000000e+00j 57.66180902+0.00000000e+00j
 63.61257659+0.00000000e+00j 67.26056702+0.00000000e+00j]
Entropy components at T = 298.15 K and P = 101325.0 Pa:
=================================================
                           S               T*S
S_trans (1 bar)    0.0019477 eV/K        0.581 eV
S_rot              0.0016730 eV/K        0.499 eV
S_elec             0.0000000 eV/K        0.000 eV
S_vib              0.0069542 eV/K        2.073 eV
S (1 bar -> P)    -0.0000011 eV/K       -0.000 eV
-------------------------------------------------
S                  0.0105738 eV/K        3.153 eV
=================================================
Enthalpy components at T = 298.15 K:
===============================
E_pot                 -2.538 eV
E_ZPE                 17.347 eV
Cv_trans (0->T)        0.039 eV
Cv_rot (0->T)          0.039 eV
Cv_vib (0->T)          0.974 eV
(C_v -> C_p)           0.026 eV
-------------------------------
H                     15.885 eV
===============================
Generating initial displacements from TS... 
Generated displacements!
Generating forward IRC path
IRC converged after 12 steps!
Generating backward IRC path
IRC converged after 35 steps!
IRC saved to ./irc.pickle
Neural IRC terminated normally.
