[  0.        +521.57444693j   0.          +5.16902341j
   0.          +4.6408397j    0.          +2.53474992j
   0.          +1.81182675j   0.          +1.12512173j
   0.          +1.00627672j   4.32286376  +0.j
  14.68401178  +0.j          16.72691569  +0.j
  26.17725062  +0.j          38.00374592  +0.j
  45.0427213   +0.j          51.87316625  +0.j
  61.31957006  +0.j          71.82178677  +0.j
  76.16730052  +0.j          81.94668335  +0.j
  97.01624535  +0.j         109.81902127  +0.j        ]
Entropy components at T = 298.15 K and P = 101325.0 Pa:
=================================================
                           S               T*S
S_trans (1 bar)    0.0019060 eV/K        0.568 eV
S_rot              0.0016334 eV/K        0.487 eV
S_elec             0.0000000 eV/K        0.000 eV
S_vib              0.0054033 eV/K        1.611 eV
S (1 bar -> P)    -0.0000011 eV/K       -0.000 eV
-------------------------------------------------
S                  0.0089416 eV/K        2.666 eV
=================================================
Enthalpy components at T = 298.15 K:
===============================
E_pot                  0.722 eV
E_ZPE                 16.238 eV
Cv_trans (0->T)        0.039 eV
Cv_rot (0->T)          0.039 eV
Cv_vib (0->T)          0.748 eV
(C_v -> C_p)           0.026 eV
-------------------------------
H                     17.811 eV
===============================
Generating initial displacements from TS... 
Generated displacements!
Generating forward IRC path
IRC converged after 18 steps!
Generating backward IRC path
IRC converged after 34 steps!
IRC saved to ./irc.pickle
Neural IRC terminated normally.
