You need to install the group's fork of aRMSD and put it in your path https://github.mit.edu/MLMat/aRMSD
[  0.        +499.10639405j   0.          +5.91409155j
   0.          +1.0947179j    0.          +0.82135973j
   0.          +0.74124199j   4.8572373   +0.j
   5.28902152  +0.j          19.48677305  +0.j
  26.97074177  +0.j          36.21524192  +0.j
  40.14902535  +0.j          47.13935648  +0.j
  52.94537721  +0.j          59.98717322  +0.j
  68.42079315  +0.j          70.46441325  +0.j
  81.22608283  +0.j          84.85178804  +0.j
  86.68983574  +0.j         101.69916639  +0.j        ]
Entropy components at T = 298.15 K and P = 101325.0 Pa:
=================================================
                           S               T*S
S_trans (1 bar)    0.0019301 eV/K        0.575 eV
S_rot              0.0015937 eV/K        0.475 eV
S_elec             0.0000000 eV/K        0.000 eV
S_vib              0.0054556 eV/K        1.627 eV
S (1 bar -> P)    -0.0000011 eV/K       -0.000 eV
-------------------------------------------------
S                  0.0089782 eV/K        2.677 eV
=================================================
Enthalpy components at T = 298.15 K:
===============================
E_pot                 -4.892 eV
E_ZPE                 15.333 eV
Cv_trans (0->T)        0.039 eV
Cv_rot (0->T)          0.039 eV
Cv_vib (0->T)          0.805 eV
(C_v -> C_p)           0.026 eV
-------------------------------
H                     11.350 eV
===============================
RMS: 0.018166780471801758, MAX: 0.7579437494277954
RMS: 0.0060345809906721115, MAX: 0.2293013036251068
RMS: 0.0035541595425456762, MAX: 0.08829902857542038
RMS: 0.005445558577775955, MAX: 0.07695705443620682
RMS: 0.008715180680155754, MAX: 0.15828393399715424
RMS: 0.008297068066895008, MAX: 0.14856398105621338
RMS: 0.002837145933881402, MAX: 0.01878834143280983
RMS: 0.0035137252416461706, MAX: 0.038867369294166565
RMS: 0.00399533286690712, MAX: 0.05817874148488045
RMS: 0.004680972546339035, MAX: 0.04344583675265312
RMS: 0.002153568435460329, MAX: 0.016495350748300552
RMS: 0.0016263405559584498, MAX: 0.017277367413043976
RMS: 0.002341659041121602, MAX: 0.03204449266195297
RMS: 0.0020601507276296616, MAX: 0.027682099491357803
RMS: 0.002264762530103326, MAX: 0.02647215500473976
RMS: 0.0013903587823733687, MAX: 0.01238257810473442
RMS: 0.0013918867334723473, MAX: 0.007739281747490168
RMS: 0.0013294038362801075, MAX: 0.01004369929432869
RMS: 0.0014004511758685112, MAX: 0.01130455918610096
RMS: 0.0015636037569493055, MAX: 0.01490604318678379
RMS: 0.0014315886655822396, MAX: 0.008256344124674797
RMS: 0.001749236835166812, MAX: 0.011164726689457893
RMS: 0.0013322163140401244, MAX: 0.011929614469408989
RMS: 0.0008961046696640551, MAX: 0.005172020755708218
RMS: 0.000923463492654264, MAX: 0.007304840721189976
RMS: 0.0009918289724737406, MAX: 0.007703548297286034
RMS: 0.0006382146384567022, MAX: 0.00408576475456357
Optimization converged!
Eigenvector following terminated normally.
[ 0.        +509.49247675j  0.          +1.21133141j
  0.          +1.15733392j  0.          +0.64184478j
  0.          +0.52045713j  0.94129253  +0.j
  1.0796828   +0.j         19.83823629  +0.j
 23.74714301  +0.j         35.06606408  +0.j
 36.38487526  +0.j         40.11107991  +0.j
 50.31905829  +0.j         57.52159724  +0.j
 60.37661008  +0.j         71.99940366  +0.j
 74.32962475  +0.j         77.97112344  +0.j
 85.32412554  +0.j         94.5845477   +0.j        ]
Flipping all imaginary frequencies except the lowest one
Entropy components at T = 298.15 K and P = 101325.0 Pa:
=================================================
                           S               T*S
S_trans (1 bar)    0.0019301 eV/K        0.575 eV
S_rot              0.0015945 eV/K        0.475 eV
S_elec             0.0000000 eV/K        0.000 eV
S_vib              0.0055899 eV/K        1.667 eV
S (1 bar -> P)    -0.0000011 eV/K       -0.000 eV
-------------------------------------------------
S                  0.0091133 eV/K        2.717 eV
=================================================
Enthalpy components at T = 298.15 K:
===============================
E_pot                 -4.890 eV
E_ZPE                 15.312 eV
Cv_trans (0->T)        0.039 eV
Cv_rot (0->T)          0.039 eV
Cv_vib (0->T)          0.815 eV
(C_v -> C_p)           0.026 eV
-------------------------------
H                     11.339 eV
===============================
