The smiles strings that will be run are:
CCN(c1ccccc1)c1cc(C(=O)NOC)ccc1/N=N/c1ccc(C(=O)NOC)cc1N(CC)c1ccccc1
Analysing smiles string CCN(c1ccccc1)c1cc(C(=O)NOC)ccc1/N=N/c1ccc(C(=O)NOC)cc1N(CC)c1ccccc1
Generating initial conformations
Minimising conformations using the mmff force field
Generated 1434 initial confs
WARNING: Smiles string contains slashes, which specify cis/trans stereochemistry.
Bypassing force-field minimization to avoid generating incorrect isomer.
Minimisation complete, generated conformations with the following energies:
238.0275741796836
241.9703799877123
244.14182588728337
244.32452529971522
244.55845436160823
245.8926194063503
246.5425092366469
247.12152583262662
247.19159957082252
247.50509633669344
247.60562682004021
247.98224861578214
248.01770875930418
248.18770903282274
248.56551017987454
248.57309636268448
248.92025933907928
249.15998361398724
249.24167952920408
249.3393743308615
249.50434434158518
250.06622638083223
250.4490902954711
250.655692288137
250.96605686182423
250.96611186447257
250.98377354448192
251.05006561012863
251.06985102480138
251.1236512818482
251.12954608446358
251.51056691860435
251.56838714423588
251.64446608091504
251.68285327616516
252.063153830007
252.07271139477982
252.14037723957745
252.2159538450821
252.34090173721003
252.41563542686066
252.47305723573615
252.52079195726847
252.54440741614096
252.5827969900471
252.6302721606495
252.8838299397199
252.92307082531036
253.09419600281439
253.10132548001505
253.15606120953322
253.5474128942287
253.63859822255023
253.69183186246073
253.75821219135563
253.82950546141947
253.86459607234343
254.0983960465022
254.18013610787702
254.30777102275925
254.32487308140446
254.38477009620667
254.44860739433906
254.49249440005363
254.50755295564034
254.5624730476493
254.62864662265943
254.66819341727356
254.75759431155626
254.78967604367503
254.92264967948176
255.0373418794494
255.0522043972089
255.05266886013786
255.0668321189747
255.08738931702607
255.0915196970651
255.1069412578686
255.12093649273146
255.16595916037198
255.3649841739362
255.3783345056787
255.52836140229465
255.8283919816045
255.84821534248056
255.86926124237684
256.0844466980969
256.5184894511252
256.5269295076373
256.5505971601139
256.56245931745065
256.5771952883757
257.02777028803683
257.0931220822869
257.16594011569225
257.25919651267316
257.35458837921476
257.3750511202177
257.3936756283866
257.41058434239375
257.42117381951357
257.4302886379135
257.4493451697643
257.4974128269318
257.54197715313677
257.76968056546576
257.78324784135356
257.90034286543846
257.94776916446403
257.95921233540696
258.39052197959296
258.41322313030446
258.41783450123677
258.47512677655754
258.48155248956266
258.48601710151195
258.5064125834553
258.5228669642959
258.6227070683744
258.80840070570946
258.8150373248583
258.84421098962804
258.97487593453246
259.04146029462953
259.0565002548702
259.0664187758968
259.0712637390547
259.0827420209599
259.1366328077055
259.14984117279533
259.16008849535945
259.17180439949755
259.2991316238373
259.3436132301026
259.4049769410976
259.58205686973974
259.64078320763207
259.6447060767454
259.7229742065994
259.8154013439763
259.8673919945803
259.95370044118494
260.1086961709684
260.16222523897187
260.181833431605
260.22629544185276
260.2270074096912
260.2439621666306
260.2620187550546
260.3263663735816
260.3814269981021
260.40983943677094
260.4257462302901
260.43209608015763
260.44620442687375
260.49853136549063
260.5109872423167
260.5471781587359
260.6880621945662
260.73773153696015
260.78180331817464
260.8095068979434
260.8249538735854
260.85137039442475
261.14181574893723
261.15447209887594
261.2653263428953
261.28319094636663
261.3312849446823
261.352056562496
261.4133543434625
261.41405774981604
261.4592525270486
261.58321537503787
261.6163379898424
261.66931168421814
261.68215473556063
261.81612500592587
261.84648437177344
261.89178422697375
262.1247982824781
262.19511715609593
262.3404600779688
262.342815820461
262.4067162716088
262.4136036034625
262.44772226885186
262.5357853471715
262.5841184906167
262.58539404337193
262.75133539871007
262.82279977124205
262.8343563971681
262.87901555918216
262.90642178327016
262.9333561953494
262.96915405715737
262.9699709132361
263.01254602133
263.06649224770484
263.21471258227365
263.2354724977427
263.3259591118021
263.39358222348704
263.43592056860575
263.4593977819551
263.47838109451885
263.49519039315226
263.6520101352264
263.70393226784836
263.7168169136623
263.89467069161793
264.02030348560703
264.0996864819967
264.1751699388794
264.1987426633833
264.21039301155463
264.21264837999644
264.25257850606874
264.3400554208954
264.3830282037755
264.39854446671626
264.40644057512657
264.4188559020796
264.4467291706137
264.48745799470225
264.52039194574326
264.57963337729916
264.59053178681216
264.691265511077
264.6981805831092
264.7472007001256
264.82315266709634
264.8527797355827
264.9577324555524
264.95923960779356
265.003984700395
265.0622336418705
265.0708555983265
265.0767401682515
265.1028173712979
265.10914657619105
265.12723349043
265.1725729776108
265.1737181593247
265.2674867855045
265.3687949063246
265.50823169020214
265.6178917371283
265.6440700162945
265.67805464850295
265.7282171482048
265.7624831787058
265.8263376633902
265.84957585122686
265.8714259199017
265.8994915422195
265.9346104797626
266.0695416912333
266.13157523584306
266.18643650109976
266.25580825303297
266.3063626628877
266.3611211804019
266.4229433225961
266.44867914441426
266.6825095937441
266.73096118781086
266.732911309644
266.76317118218446
266.845402787766
266.85703927013657
266.8836022971041
266.93242563573324
266.94462756160846
267.01230798677193
267.04193068282916
267.2990908083241
267.4237231977061
267.46408527029064
267.51521353987704
267.5899030592389
267.61044925614334
267.6164765284004
267.6606868171124
267.6895685690981
267.714877234817
267.75643788621954
268.0578252856612
268.0839388629267
268.1503348266651
268.19006178432954
268.2290301880535
268.2912862591872
268.47188330045884
268.4823431569484
268.5594909030108
268.60698029912373
268.64191721422327
268.6885824530155
268.7396814745056
268.7633972581649
268.88403159653456
268.9260930509014
269.12630597878126
269.2020721690584
269.2023128056404
269.3190766048892
269.3593734568244
269.3815187190531
269.38658077516516
269.43964886266633
269.4785499905269
269.4829271563657
269.49995494851873
269.54044226674773
269.5740524206673
269.5766651167189
269.6229454392602
269.64438469358043
269.7296946892933
269.81030324515007
269.8592674832123
269.9536289927752
270.02506729525805
270.0442026822755
270.1023682776819
270.15309234442276
270.3280286031193
270.34377789104076
270.3441631448747
270.47116538893243
270.5565046806815
270.68757464659546
270.68853552348315
270.7227807956567
270.76972811778825
270.8486626775113
270.8992912977735
271.0849264597563
271.17474586502635
271.21723182418
271.3279212928288
271.39669989019023
271.40018545686837
271.4212028471355
271.44816097652836
271.55490514505635
271.66226310440345
272.1078971480891
272.1598652577911
272.1736773773675
272.4532363459596
272.46544981475387
272.50058103331537
272.57628588866226
272.5896384480013
272.5900201580891
272.67634481526557
272.6882976169581
272.7234919239337
272.80386403127375
272.8462470314994
272.9054658837891
272.91078116541127
272.9330326627403
273.0182815953696
273.17192005518734
273.17346181561254
273.23031377193234
273.2534893925444
273.2753171981533
273.31929237619573
273.3509033958442
273.40625430757683
273.4333435439854
273.6522071784447
273.65295207834174
273.67520782986435
273.68069488051606
273.7270988961689
273.78591342796994
273.7938932430208
273.79832229571184
273.8297139339001
274.0610169943435
274.4410985700156
274.51898491340495
274.77105874161686
275.0208806915454
275.1071471103204
275.1454991960924
275.27893862973355
275.40049776324383
275.4907442699451
275.6140374352595
275.62008285092503
275.9236327384674
276.03983068084915
276.0536840507891
276.0823163136336
276.3031236627676
276.41409650284675
276.469447971621
276.7082437426377
276.76165091089564
276.7741066039837
276.967218002148
277.33570924259504
277.6143658201274
277.75818419962064
277.8359138856938
277.96154383440273
278.1926976687251
278.3082430414171
278.347961450843
278.4149102164582
278.47364133409735
278.5800223556294
278.6683227726388
278.774565895795
278.7824444674319
278.79688093331265
279.08028905430757
279.09666981550265
279.09777398117353
279.1197395588577
279.4052645255043
279.4949916722794
279.50087923972546
279.573050079417
279.5756547931712
279.61385623713846
279.7083289851561
279.7661883482685
279.78255784830367
279.9136778544488
280.18478622465614
280.32467078795355
280.4523579030321
280.4699983702078
280.5226000802278
280.73000827885403
280.9276134757334
280.96068843188243
281.0534613671996
281.2155532739152
281.26581268250357
281.38096370929856
281.54621073805976
281.97066150996335
282.13467757436786
282.3502340334125
282.40465946311195
282.5331856021262
282.557478586919
282.57407535559804
282.5958035939481
282.684789724948
282.8109437230396
282.85830183944995
283.4332263210164
283.4885087880103
283.53326642334264
283.5698506253926
283.60110466194027
283.6549122464292
284.1281620529835
284.1705479956317
284.35293555252787
284.5642981988343
284.7567435082481
284.80991111031295
284.8100128139446
284.9800755498695
285.02798992195085
285.1491504170732
285.5603687139856
285.600892963011
285.6521380407892
285.8585715972088
286.36890442413016
286.38872569100045
286.4364036722871
286.4545591980822
286.4692461083858
286.6238381054513
286.7998766746808
286.97654567234656
287.2076644307792
287.4134296922727
287.53875641117116
287.60228157101903
288.0425497802394
288.1028032418525
288.46066309864517
288.797524137737
288.8509699859783
289.3087849640712
289.57988939574363
289.91173179647836
290.1237868017102
290.2099974765619
290.27667162825384
290.3384554478838
290.6545042169421
290.68557631961704
290.93703228909646
291.04786990914096
291.13264903824427
291.8298490988725
292.054198910985
292.44084129895737
292.7972791529963
292.8139455489279
293.0697566527939
293.3475339941597
293.4372908756774
293.49759859360114
294.0418597196644
294.16899444400866
294.3100396937991
294.34798068731317
294.69283934516943
294.71723326370835
294.77288838705454
294.81309307920134
295.674222672236
296.8000316921257
296.93002103596893
297.64473808738774
298.4775922049837
298.5926065145253
298.8782176412276
298.8797722660108
299.43823544054845
299.61343904380675
299.64250666016034
299.9315686613882
299.98018265439015
300.37518986822346
300.52477214430235
300.8032351478207
301.7566369234226
301.7875817365653
302.10525574000263
302.44610638226294
302.69041452027403
303.2865720914348
303.5649122118578
303.70838332269403
303.78127747927607
304.06305355800674
304.24418855508776
304.2979635198873
304.7339572864486
304.74709965686117
304.85322680680133
305.4061869039554
305.8597737447965
306.02217807486267
306.1371805808729
306.5483926174278
306.6684028074492
306.7606649793328
306.78307424927175
306.8526980010367
306.90324919462785
307.46361366849095
307.9858995418159
308.0054417010962
308.1149099314303
308.2129023721699
308.5755640158607
308.8947245647462
308.9779491218977
309.10028525728586
309.11650321198937
309.6478865903291
309.7586686673848
310.12881766271187
310.1516633473082
310.1940934267265
310.21433047035435
310.3563513167587
310.5384951579327
310.60118568510745
310.7882800624292
311.2752537061628
311.2771934224485
311.6354913077553
311.66508333407546
311.8454966932219
311.9807690705831
312.03652984124915
312.0920073244394
312.09880615105294
312.1222629865474
312.2944239302822
312.31044153541603
312.4864638745692
312.4972877790711
312.67269097990044
312.7250086155126
312.93617669336095
313.23687368440864
313.27664377618265
313.34264701411803
313.599103679138
313.8309364383054
313.8673394047358
314.0402584378176
314.0471197658943
314.2004533424244
314.38920557414565
314.38943903254426
314.48977472485774
314.51552866076287
314.5393346522305
314.63009538998773
314.7084600246959
314.82061616224934
314.8226954119238
314.86156686816963
314.9238880267945
315.0202952877212
315.1135084016069
315.29609934382455
315.47491176675305
315.52101910783824
315.59522713215136
315.6376954285013
315.72244849621785
315.78690151610965
315.89740908984595
316.1912687203361
316.1943951743861
316.2491627473553
316.27160210927264
316.37733895629657
316.39792403611796
316.5056803926479
316.6474533475597
316.72865983680646
316.7537738739355
316.8796260844653
316.93644634516
317.00730427919507
317.04361166267023
317.1423906844522
317.1664446051679
317.3450037011573
317.5438597376593
317.60424167513804
317.64315996261274
317.66373066532594
317.9696191440525
317.9913767449258
318.0198644877227
318.0294581128884
318.09762672921016
318.1323054650477
318.47273785052965
318.62140866506877
318.77738660506606
318.9042257510859
318.9197891350815
319.18515190102863
319.31843628540355
319.41087243319316
319.5932733190899
319.63439113787314
319.6534391385995
319.7152672717409
319.7409971946874
319.906137659033
319.94224604812854
320.0785633346037
320.13474942460243
320.25486398768294
320.2699823636006
320.32045892326005
320.32796912667806
320.40947388828124
320.4835902019811
320.5413050645147
320.5745736535628
320.70428021908253
320.7599891206753
320.84561808685254
320.9151261295937
320.97656974011056
321.0493547339417
321.15547941767886
321.42863646694155
321.4675399486976
321.46876746729384
321.48932229376913
321.6053017745595
321.78084453817974
321.79240725278885
321.8870405852198
321.90863748404087
322.03503626341484
322.077339335395
322.13686889971035
322.19449622307263
322.20357900135815
322.5727182424387
322.6513366749614
322.7416242313333
322.76256947959064
323.0877583027651
323.1448502347965
323.17987040295975
323.23988712677385
323.30698740941824
323.3075289292256
323.3352308652083
323.3514930967788
323.363983736863
323.3946965295919
323.5027815843306
323.56109745244277
323.69425896114944
323.7332615526119
323.79803492739626
323.8713071528713
323.94627531021274
323.97801657958007
323.99551439207517
324.4238536258265
324.50159279733253
324.678443013696
324.70024040380184
324.75759258259075
324.7911804481371
324.86989294101807
325.0085825455069
325.06059232377083
325.09126130206744
325.12351098082587
325.32213400618616
325.3289098796236
325.3886031498113
325.46199915774633
325.5397720238185
325.55944301399956
325.5638981389882
325.6657285849658
325.70209104912476
325.7155922077926
325.723250454677
325.77738206559087
326.1631920235191
326.22220825014904
326.281511996265
326.63786399995575
326.7651361677008
326.7831538971079
326.78481259049755
326.8002709284157
326.817427387471
326.9603624760926
327.0984328539392
327.2130942027439
327.23543768391374
327.261762501496
327.28080061323743
327.3715292490639
327.42771111098375
327.54949897258854
327.62973755615025
327.65526965534195
327.6929230125813
328.0616377158126
328.10150867957765
328.12910588247456
328.25510598701453
328.2788423693157
328.4591367530691
328.47559874852914
328.4991652314644
328.57449888609864
328.6905215054726
328.7835380245259
328.86775763143953
328.8720464561203
328.9009390757049
328.92206673418144
329.0966451855263
329.12866060794124
329.2037035111114
329.3657077694639
329.4696006248847
329.47772428300306
329.492021565644
329.58837150808586
329.62788189916995
329.7631474273149
329.9122506491204
330.02578020812155
330.0595115872478
330.0787912250727
330.1654483259035
330.1669516441088
330.45791185946723
330.45811306710004
330.471985523091
330.4871428880716
330.49462424841073
330.525910239522
330.53312129852577
330.71911462818076
330.7847395275205
331.0097426328482
331.0165195124807
331.0219261088223
331.1004888884279
331.20461651854
331.2660769526838
331.3078578235896
331.3157981284472
331.3294369049863
331.3774410431336
331.4048318969891
331.4433481617833
331.47364561674397
331.5718887917018
331.5856621925537
331.7012517314268
331.7154573607286
331.7351375364743
331.746051907572
331.75340592550424
331.8030334275634
331.8798253198007
331.9551946636169
331.9625893638426
332.0391586279633
332.04173106084585
332.2348359364935
332.28827726140656
332.3378297809535
332.3535920688803
332.52115922519573
332.57453998288105
332.62020433914455
332.63167548548574
332.73836684462975
332.7437181197029
332.8356842375717
332.85184841316084
332.8889800601186
332.9410217153072
332.97731307237524
332.9911647049345
333.0304176461262
333.1959280633499
333.3048826338744
333.32510621388883
333.34346090528487
333.42993767635176
333.47742865504813
333.4946459463253
333.5414762521947
333.62150831786937
333.7057014015516
333.73614604916713
333.7649265072741
333.85764229306045
333.9159128666454
333.95998388604335
334.105798730936
334.14355590702564
334.1709395717387
334.20027794505273
334.26281182088195
334.2793502057737
334.28523568642635
334.3355117279306
334.3947493722461
334.43627805182234
334.4544383636173
334.5124968879031
334.5140514051013
334.64786738241685
334.7622306221446
334.77711351170456
334.8176148634018
334.9061003648122
334.9353357817985
334.94188326634685
334.9526288942778
334.96439754075396
335.00806178577085
335.03356405630285
335.08675361365573
335.1511014884683
335.2444927771369
335.37219035445287
335.41414326623755
335.4607102096583
335.57368879366646
335.5879506038251
335.6951349020553
335.723854594604
335.7552801284381
335.9526212856548
336.0509850730906
336.10903338279684
336.24936311261973
336.2685365096667
336.2730312477391
336.3189700106813
336.343932054601
336.3707117399462
336.4037310348969
336.41236925048054
336.4354284176283
336.456403446175
336.48299702202434
336.58914797282046
336.60185650400496
336.6245528711531
336.7108099312328
336.7570553969915
336.81503825079056
336.88919939724445
337.0507038490679
337.08166639376964
337.10716494623995
337.1079215735314
337.12874882952906
337.194711088107
337.21047727116115
337.25161530106715
337.3003174591871
337.33910080725525
337.5403890485166
337.56181823456217
337.6966941347769
337.73075649029516
337.7842966178973
337.8438737058087
338.0151236435758
338.0447771154656
338.05457294716825
338.06004852979413
338.172958080898
338.20437727204484
338.2759721759177
338.2932018247323
338.3495016942256
338.3715646320123
338.4006820765927
338.453073371904
338.4770181973136
338.512679632581
338.5202285842008
338.52730312628836
338.5312876234957
338.5611217179637
338.57054520482785
338.6310335757217
338.64461616384057
338.6859141863475
338.8184164894649
338.869344169953
338.9838683859729
339.0227517843443
339.08245085977705
339.0869019358122
339.09527135786396
339.3560695371928
339.3761346736065
339.5025739994135
339.5296688798059
339.5431113780624
339.5837526632111
339.61049330050014
339.7784576909575
339.90633312709394
339.9156184735908
339.9463530700781
339.97062218595903
339.99914879922915
340.0768371680764
340.0958550845566
340.1415257524113
340.14923241751137
340.17632195334113
340.21786891410653
340.5206058135855
340.5206088549101
340.5259241186845
340.5315288961326
340.60203723303965
340.68629838474544
340.75593354385495
340.77105254630175
340.8013623015704
340.85137474825694
340.89755660533876
340.92501192199114
340.96610633985216
340.99171050010574
341.0264295330544
341.08839023095254
341.1833012883764
341.2233873554312
341.2396277675808
341.24904703625094
341.34737188676576
341.3799275673773
341.53728813496707
341.5393309235222
341.57224428008203
341.65723087811693
341.7180913489967
341.87365634934105
341.88496403896823
341.91219672442287
342.16812477784396
342.2247178437353
342.2552649891879
342.2648028867503
342.32951835537017
342.33649484251936
342.42930997181674
342.44893675730816
342.4556338992002
342.52580767613773
342.7865320194379
342.81687241332634
342.8424058137475
342.91370818935127
342.9892784209251
343.1253011030886
343.2097565719611
343.2130545831493
343.2375011242848
343.2476926708172
343.3369990498273
343.3477091676103
343.35507862983286
343.42342818321845
343.5595116940892
343.62051347097906
343.66426083487295
343.8787102085684
343.92855228291927
343.9339688208033
344.0520127444286
344.074511116567
344.2527413371124
344.33495495049743
344.4157830301761
344.42023917264265
344.4435600413754
344.4532492000065
344.6085565356001
344.653792353106
344.677083944947
344.81570463953
344.8178460515579
344.82591758742734
345.0111075683343
345.16332403996535
345.26829159434976
345.27054202793533
345.3986048341778
345.4981061654468
345.5982765592653
345.6507822701359
345.7163055307369
346.0141891903905
346.15152377082813
346.1953490576917
346.2022632384755
346.2849038799972
346.2875587086676
346.2940182287
346.4181778659544
346.4320210250157
346.470014151105
346.6153862051318
346.6154475813247
346.89413548928366
346.96405170467705
346.9994397470703
347.12127727576063
347.1276842422151
347.2197718072791
347.2992650959801
347.30768676032005
347.49172330575556
347.49356443414786
347.49683278360305
347.5811767368122
347.8563517936918
347.9494250425571
348.00387137399025
348.05674159328635
348.0838537412592
348.13264455595333
348.14436765547157
348.2124323154458
348.25001912431276
348.27499162187945
348.3561842477299
348.56682602254574
348.6250153823376
348.72373197265597
348.7646493587092
349.13010233776475
349.14853138783377
349.1576478457788
349.37310430780707
349.4147271236946
349.42620879569955
349.4420720619101
349.4893728889541
349.55318360130343
349.63480014134507
349.8242228137595
349.84585923081363
349.93358429910495
350.004427130879
350.0338874944845
350.31895528095146
350.3520562333831
350.39191023208724
350.45190230455023
350.5170428091207
350.6797031229417
350.75822353836656
350.78202284486736
350.88467586979357
350.8909307728504
350.89382900248347
350.90138216723204
351.41200327968716
351.4337148733711
351.6286086849682
351.65708281662614
351.83618676832214
352.0785157999744
352.1508872317889
352.33310360802767
352.48828847599526
352.5787334548514
352.8738240620528
352.8955662881549
352.9930994770576
353.3107232191677
353.33775662197826
353.3957237422679
353.6859251520514
353.70992698630096
353.7947745658908
353.9436999028293
354.1627218972527
354.4139697028582
354.51534742068594
354.61363940892807
354.7486370509073
354.85907623829274
354.9422295979712
355.0628052486974
355.0719112436027
355.2894069834495
355.29388841352716
355.40508272648844
355.5457919543818
355.57376912135567
355.7277604355528
355.82323938842956
356.1261024392342
356.2443340852726
356.30578361979855
356.3464810297211
356.48120538210367
356.5433519441366
356.9226008537464
357.2137592594859
357.48400183327857
357.5908380912288
357.7114040263291
357.7288420132097
357.737708139287
358.40319209951934
358.7624672254626
359.8053159487238
360.0921684816267
360.2378154919914
360.2448980737243
360.50964139634016
361.5056922639409
361.79417533515465
361.86562962746336
362.1177437017422
362.92736718984327
362.96017073714245
362.9933122843077
363.88843064356
364.31646065914845
365.03165092187817
365.03832725220695
366.14421350066453
366.6582505044623
366.71711580381765
366.9110857395282
367.1196488908853
367.22425819863145
367.2660957332322
367.3815947428126
367.5497644210905
367.6098610450269
367.8380835798925
368.0143769146919
368.3145943828262
368.3549373646289
368.4987528107314
368.56793079582974
368.7953828175449
369.6129675123391
369.70751167317616
370.10881558763623
370.7927130845945
371.18719092049463
371.5430608918082
371.82495015876395
371.8656696505691
372.08028719517733
372.82100922296854
373.2154516115991
373.57600084753
374.1129774930506
374.82383644893974
375.06016863015606
377.20230764835605
378.7894883448342
379.2800297505642
380.5662624889891
381.8763374508781
382.17629099322403
383.784171149283
384.5672470667448
385.2707011310931
388.3608339844881
389.6924891770583
390.39394588954826
391.3968602569635
391.4783112338683
391.7938306175379
392.06766231366873
392.10459397326395
393.0733201257332
393.13319812598854
393.8322046368919
394.062431476341
394.2275784768361
395.88455010242257
397.7881880275152
398.43145027811005
400.15078466556884
400.64130580470953
402.0980934818096
402.7728098195685
403.50625903844434
404.5059542378268
406.3390531698063
406.90219010721535
407.14882222966105
409.68298631006013
410.2313073120738
410.62784525525757
410.94176115636554
411.0418119544638
411.15747759536276
411.5372955950876
412.5739928025304
413.48059274928266
414.16068190234455
414.69536293048014
414.88171508333863
415.11859201538607
415.7871975436936
416.5038746351191
417.72723454267674
417.75241020904616
418.7307406081117
419.3079708803543
419.5350802153949
420.242398841625
420.46202586314183
421.84537464874865
422.00340330313963
422.9969879901751
423.0051147935503
423.0781249818011
424.44277487366253
424.5640578111631
424.5894599464322
425.90869320657305
426.7720730409908
427.0715319481245
427.1451608734507
428.82199576726396
428.88635862297184
428.9008501585589
429.04448718389006
429.3179464440186
429.4223297420362
430.09014342929737
431.8870919746196
432.1667714977319
432.1762373218326
432.2012572583126
432.669774820576
432.94154536581846
434.05036894145206
434.9404653657771
435.0760311817997
435.7375827120543
435.9256601479386
437.09171525979934
437.3491295118756
437.60404196073875
438.2301367386521
438.6514680109604
438.85972309750576
441.3507246055864
441.3815749350215
441.6320948512432
441.8953355563136
442.1893842276011
442.36728369631606
443.1172599565795
443.48674581554917
443.56362203955484
444.16990698067616
444.2954059076554
445.20403038389304
445.37160786950227
446.2266324078738
447.7253975400579
447.8807709722679
448.5714837059541
450.0930956400824
450.495752654435
450.8541074468348
451.91362523582234
453.1970865709819
453.2644155060038
454.4577479509459
455.8024404352977
457.6829345738856
458.085199003487
458.14599624678186
458.8686987144808
459.6109746439524
460.5901788186271
460.9949491308183
462.1605676012045
463.1557817075241
463.2317714737924
463.3660129795113
464.09382885163086
464.2865688019341
465.73399155541364
465.8895118957877
465.9775988476962
466.1811320046055
467.71991220348735
468.6524227199899
470.5580771681807
472.2069740684553
473.77464144027005
474.0791195499612
474.9085966533271
475.0881289211031
475.60601787210805
477.2532695285936
477.27582804389294
477.39690776288177
478.2611802627322
479.78038075925815
480.4551741329017
481.4638016113918
481.5415105603406
482.43791070469683
483.2676349732256
484.9759185848455
485.50066527240637
488.19408942487934
489.09547630757044
489.45423412576196
489.5581722085619
489.927320715732
490.69648939406557
491.75826482339465
491.9389619685814
494.01271763701675
494.93100970038586
501.8211446818186
502.42441265618686
506.0684122301288
508.0194671459754
508.6130780978937
508.8081938385179
509.9115105393563
514.4678462319174
515.667544368404
516.1505528030573
516.4332031806849
518.2609472373331
520.5635014273797
523.061328219982
524.3419676721659
525.4907943651983
529.0367532318194
536.1970187492154
540.6185466069967
540.893014878278
563.7910044000245
564.4191665244281
573.3986343712779
580.8578803035675
583.5263593228108
599.4458302676402
610.4548370918004
648.1403211246292
Clustering structures using an energy window of 5.0  and an rms tolerance of 0.1 and a Report Energy Window of 5.0
clustering cluster 0 of 1434
clustering cluster 1 of 1434
clustering cluster 2 of 1434
Breaking because hit Report Energy Window, E was 244.14182588728337 kcal/mol and minimum was 238.0275741796836 
0 ignore passes made
0 overlays needed out of a possible 2056356
Cluster 0 has energy 238.0275741796836
Cluster 1 has energy 241.9703799877123
fockisback
gen time  110.658049  sec
min time  6.189718  sec
cluster time  0.005859  sec
recluster time  0.044175  sec
total time  116.897853  sec
Terminated successfully
