You need to install the group's fork of aRMSD and put it in your path https://github.mit.edu/MLMat/aRMSD
[ 0.        +7.17934571e+02j  0.        +6.58384766e+00j
  0.        +1.62918374e+00j  0.        +1.17005660e+00j
  0.        +8.12053041e-01j  0.        +6.25052242e-01j
  4.45794754+0.00000000e+00j  9.81223332+0.00000000e+00j
 12.29821264+0.00000000e+00j 20.20341672+0.00000000e+00j
 22.98671494+0.00000000e+00j 27.31859662+0.00000000e+00j
 38.95800058+0.00000000e+00j 43.99010285+0.00000000e+00j
 52.38684386+0.00000000e+00j 57.9157649 +0.00000000e+00j
 61.01673261+0.00000000e+00j 66.57975998+0.00000000e+00j
 74.01467844+0.00000000e+00j 90.50528526+0.00000000e+00j]
Entropy components at T = 298.15 K and P = 101325.0 Pa:
=================================================
                           S               T*S
S_trans (1 bar)    0.0019505 eV/K        0.582 eV
S_rot              0.0016601 eV/K        0.495 eV
S_elec             0.0000000 eV/K        0.000 eV
S_vib              0.0058078 eV/K        1.732 eV
S (1 bar -> P)    -0.0000011 eV/K       -0.000 eV
-------------------------------------------------
S                  0.0094173 eV/K        2.808 eV
=================================================
Enthalpy components at T = 298.15 K:
===============================
E_pot                 -2.870 eV
E_ZPE                  9.126 eV
Cv_trans (0->T)        0.039 eV
Cv_rot (0->T)          0.039 eV
Cv_vib (0->T)          0.795 eV
(C_v -> C_p)           0.026 eV
-------------------------------
H                      7.154 eV
===============================
RMS: 0.05540219694375992, MAX: 1.0992764234542847
RMS: 0.01946207322180271, MAX: 0.5289048552513123
RMS: 0.013662411831319332, MAX: 0.33051398396492004
RMS: 0.020908616483211517, MAX: 0.33827149868011475
RMS: 0.024969840422272682, MAX: 0.40943074226379395
RMS: 0.008015509694814682, MAX: 0.10332152247428894
RMS: 0.009774146601557732, MAX: 0.1539829969406128
RMS: 0.006835067644715309, MAX: 0.08728260546922684
RMS: 0.0074827722273766994, MAX: 0.04461032152175903
RMS: 0.008088687434792519, MAX: 0.06993117183446884
RMS: 0.004629839211702347, MAX: 0.03396979719400406
RMS: 0.004535934422165155, MAX: 0.0344102680683136
RMS: 0.005926500074565411, MAX: 0.0580587200820446
RMS: 0.0029378936160355806, MAX: 0.034131210297346115
RMS: 0.00262084580026567, MAX: 0.018508370965719223
RMS: 0.0011302047641947865, MAX: 0.007349873892962933
RMS: 0.0008907986921258271, MAX: 0.007298372220247984
RMS: 0.0007858656463213265, MAX: 0.0054848529398441315
RMS: 0.0005125825991854072, MAX: 0.0032678116112947464
Optimization converged!
Eigenvector following terminated normally.
[ 0.        +9.96025825e+02j  0.        +2.21526650e+00j
  0.        +1.67849324e+00j  0.        +1.34085485e+00j
  0.        +1.00748794e+00j  0.        +9.12826008e-01j
  0.        +8.38371169e-01j 11.38350734+0.00000000e+00j
 12.76795159+0.00000000e+00j 22.57261852+0.00000000e+00j
 24.16970944+0.00000000e+00j 29.26304327+0.00000000e+00j
 39.85014907+0.00000000e+00j 44.11896632+0.00000000e+00j
 51.43342919+0.00000000e+00j 54.98282216+0.00000000e+00j
 60.29387552+0.00000000e+00j 63.87880699+0.00000000e+00j
 72.70639287+0.00000000e+00j 88.07005784+0.00000000e+00j]
Flipping all imaginary frequencies except the lowest one
Entropy components at T = 298.15 K and P = 101325.0 Pa:
=================================================
                           S               T*S
S_trans (1 bar)    0.0019505 eV/K        0.582 eV
S_rot              0.0016607 eV/K        0.495 eV
S_elec             0.0000000 eV/K        0.000 eV
S_vib              0.0057811 eV/K        1.724 eV
S (1 bar -> P)    -0.0000011 eV/K       -0.000 eV
-------------------------------------------------
S                  0.0093911 eV/K        2.800 eV
=================================================
Enthalpy components at T = 298.15 K:
===============================
E_pot                 -2.836 eV
E_ZPE                  9.121 eV
Cv_trans (0->T)        0.039 eV
Cv_rot (0->T)          0.039 eV
Cv_vib (0->T)          0.795 eV
(C_v -> C_p)           0.026 eV
-------------------------------
H                      7.183 eV
===============================
