You need to install the group's fork of aRMSD and put it in your path https://github.mit.edu/MLMat/aRMSD
[ 0.        +3.00079176j  0.        +1.81875263j  0.        +1.50598562j
  0.        +0.97558191j  0.        +0.41654933j  0.        +0.31318865j
 16.98374294+0.j         24.58957613+0.j         25.62486621+0.j
 37.29233017+0.j         39.54577992+0.j         42.63885283+0.j
 43.54127616+0.j         53.49001639+0.j         57.45332305+0.j
 64.75860991+0.j         66.53109888+0.j         74.03791293+0.j
 79.2465961 +0.j         86.07193538+0.j        ]
Entropy components at T = 298.15 K and P = 101325.0 Pa:
=================================================
                           S               T*S
S_trans (1 bar)    0.0019477 eV/K        0.581 eV
S_rot              0.0016567 eV/K        0.494 eV
S_elec             0.0000000 eV/K        0.000 eV
S_vib              0.0066277 eV/K        1.976 eV
S (1 bar -> P)    -0.0000011 eV/K       -0.000 eV
-------------------------------------------------
S                  0.0102310 eV/K        3.050 eV
=================================================
Enthalpy components at T = 298.15 K:
===============================
E_pot                 -4.289 eV
E_ZPE                 17.534 eV
Cv_trans (0->T)        0.039 eV
Cv_rot (0->T)          0.039 eV
Cv_vib (0->T)          0.960 eV
(C_v -> C_p)           0.026 eV
-------------------------------
H                     14.309 eV
===============================
