[  0.        +718.14152786j   0.          +2.53131178j
   0.          +2.34497984j   0.          +1.19914972j
   0.          +1.0003537j    0.          +0.72202955j
   0.7155188   +0.j           7.8665786   +0.j
  15.32153822  +0.j          21.21874938  +0.j
  26.51766896  +0.j          47.44892781  +0.j
  57.01878673  +0.j          58.7970836   +0.j
  74.4105319   +0.j          79.05188867  +0.j
  86.84752158  +0.j          95.55361505  +0.j
 105.54757913  +0.j         112.24073722  +0.j        ]
Entropy components at T = 298.15 K and P = 101325.0 Pa:
=================================================
                           S               T*S
S_trans (1 bar)    0.0019060 eV/K        0.568 eV
S_rot              0.0016320 eV/K        0.487 eV
S_elec             0.0000000 eV/K        0.000 eV
S_vib              0.0051997 eV/K        1.550 eV
S (1 bar -> P)    -0.0000011 eV/K       -0.000 eV
-------------------------------------------------
S                  0.0087366 eV/K        2.605 eV
=================================================
Enthalpy components at T = 298.15 K:
===============================
E_pot                  0.407 eV
E_ZPE                 16.218 eV
Cv_trans (0->T)        0.039 eV
Cv_rot (0->T)          0.039 eV
Cv_vib (0->T)          0.741 eV
(C_v -> C_p)           0.026 eV
-------------------------------
H                     17.468 eV
===============================
Generating initial displacements from TS... 
Generated displacements!
Generating forward IRC path
IRC converged after 11 steps!
Generating backward IRC path
IRC converged after 19 steps!
IRC saved to ./irc.pickle
Neural IRC terminated normally.
