Optimizing input structure...
      Step     Time          Energy         fmax
BFGS:    0 00:46:34       -2.021746        3.6014
BFGS:    1 00:46:34       -3.323146        4.0165
BFGS:    2 00:46:34       -3.631598        2.4528
BFGS:    3 00:46:34       -3.819486        0.8982
BFGS:    4 00:46:34       -3.909268        0.5193
BFGS:    5 00:46:34       -3.966004        0.5787
BFGS:    6 00:46:34       -4.036724        0.6063
BFGS:    7 00:46:34       -4.103498        0.6128
BFGS:    8 00:46:34       -4.153972        0.4179
BFGS:    9 00:46:35       -4.183932        0.3280
BFGS:   10 00:46:35       -4.204681        0.4257
BFGS:   11 00:46:35       -4.225045        0.3926
BFGS:   12 00:46:35       -4.239834        0.2425
BFGS:   13 00:46:35       -4.252911        0.2004
BFGS:   14 00:46:35       -4.266153        0.2794
BFGS:   15 00:46:35       -4.279506        0.3781
BFGS:   16 00:46:35       -4.292699        0.3343
BFGS:   17 00:46:35       -4.305634        0.2516
BFGS:   18 00:46:35       -4.317319        0.2099
BFGS:   19 00:46:35       -4.326258        0.2010
BFGS:   20 00:46:35       -4.332093        0.1482
BFGS:   21 00:46:35       -4.335996        0.1166
BFGS:   22 00:46:35       -4.339224        0.1133
BFGS:   23 00:46:35       -4.343499        0.1785
BFGS:   24 00:46:35       -4.349770        0.2157
BFGS:   25 00:46:35       -4.357323        0.1878
BFGS:   26 00:46:35       -4.364031        0.1526
BFGS:   27 00:46:35       -4.369475        0.1249
BFGS:   28 00:46:35       -4.374890        0.1561
BFGS:   29 00:46:35       -4.381685        0.1846
BFGS:   30 00:46:35       -4.388394        0.1485
BFGS:   31 00:46:36       -4.393301        0.2827
BFGS:   32 00:46:36       -4.396978        0.1500
BFGS:   33 00:46:36       -4.399954        0.1391
BFGS:   34 00:46:36       -4.402859        0.0935
BFGS:   35 00:46:36       -4.405532        0.0847
BFGS:   36 00:46:36       -4.407336        0.0785
BFGS:   37 00:46:36       -4.409300        0.0836
BFGS:   38 00:46:36       -4.411212        0.0613
BFGS:   39 00:46:36       -4.413048        0.0750
BFGS:   40 00:46:36       -4.414669        0.0680
BFGS:   41 00:46:36       -4.416214        0.0571
BFGS:   42 00:46:36       -4.417804        0.0546
BFGS:   43 00:46:36       -4.419428        0.0807
BFGS:   44 00:46:36       -4.421177        0.0839
BFGS:   45 00:46:36       -4.423067        0.0974
BFGS:   46 00:46:36       -4.425128        0.1243
BFGS:   47 00:46:36       -4.427392        0.1156
BFGS:   48 00:46:36       -4.429928        0.0969
BFGS:   49 00:46:36       -4.432583        0.0871
BFGS:   50 00:46:36       -4.435203        0.0840
BFGS:   51 00:46:36       -4.437571        0.0835
BFGS:   52 00:46:36       -4.439596        0.0814
BFGS:   53 00:46:36       -4.441295        0.0796
BFGS:   54 00:46:36       -4.442698        0.0650
BFGS:   55 00:46:36       -4.443920        0.0781
BFGS:   56 00:46:36       -4.445087        0.0786
BFGS:   57 00:46:36       -4.446143        0.0596
BFGS:   58 00:46:36       -4.446967        0.0789
BFGS:   59 00:46:36       -4.447654        0.0704
BFGS:   60 00:46:36       -4.448289        0.0636
BFGS:   61 00:46:36       -4.448945        0.0419
Optimization complete!
Performing a relaxed scan over 20 steps...
      Step     Time          Energy         fmax
BFGS:    0 00:46:37       -4.326961        3.2131
BFGS:    1 00:46:37       -4.395007        2.3399
BFGS:    2 00:46:37       -4.426737        1.8563
BFGS:    3 00:46:37       -4.395084        3.3270
BFGS:    4 00:46:37       -4.431039        0.2910
BFGS:    5 00:46:37       -4.434142        0.1881
BFGS:    6 00:46:37       -4.436504        0.1634
BFGS:    7 00:46:37       -4.436658        0.0747
BFGS:    8 00:46:37       -4.436986        0.1050
BFGS:    9 00:46:37       -4.437875        0.1045
BFGS:   10 00:46:37       -4.438461        0.0449
      Step     Time          Energy         fmax
BFGS:    0 00:46:37       -4.224267        4.1302
BFGS:    1 00:46:37       -4.352550        2.7706
BFGS:    2 00:46:37       -4.394119        1.3452
BFGS:    3 00:46:37       -4.363189        3.6168
BFGS:    4 00:46:37       -4.393315        0.3933
BFGS:    5 00:46:37       -4.398776        0.2416
BFGS:    6 00:46:37       -4.401051        0.2025
BFGS:    7 00:46:37       -4.400260        0.1012
BFGS:    8 00:46:37       -4.400154        0.1143
BFGS:    9 00:46:37       -4.401486        0.1258
BFGS:   10 00:46:37       -4.402387        0.0675
BFGS:   11 00:46:37       -4.403861        0.0578
BFGS:   12 00:46:37       -4.404879        0.0738
BFGS:   13 00:46:38       -4.405576        0.1126
BFGS:   14 00:46:38       -4.406015        0.0958
BFGS:   15 00:46:38       -4.406486        0.0506
BFGS:   16 00:46:38       -4.406691        0.0426
      Step     Time          Energy         fmax
BFGS:    0 00:46:38       -4.107232        4.8716
BFGS:    1 00:46:38       -4.300488        3.0841
BFGS:    2 00:46:38       -4.343629        0.7016
BFGS:    3 00:46:38       -4.333539        1.3304
BFGS:    4 00:46:38       -4.332324        0.8100
BFGS:    5 00:46:38       -4.347182        0.2803
BFGS:    6 00:46:38       -4.350112        0.1218
BFGS:    7 00:46:38       -4.349638        0.1749
BFGS:    8 00:46:38       -4.348446        0.1093
BFGS:    9 00:46:38       -4.349595        0.0685
BFGS:   10 00:46:38       -4.350231        0.0687
BFGS:   11 00:46:38       -4.351271        0.0730
BFGS:   12 00:46:38       -4.352031        0.1003
BFGS:   13 00:46:38       -4.353169        0.1609
BFGS:   14 00:46:38       -4.354319        0.1657
BFGS:   15 00:46:38       -4.355723        0.1233
BFGS:   16 00:46:38       -4.356357        0.0904
BFGS:   17 00:46:38       -4.357100        0.0883
BFGS:   18 00:46:38       -4.357713        0.1540
BFGS:   19 00:46:38       -4.358558        0.1849
BFGS:   20 00:46:38       -4.360261        0.1760
BFGS:   21 00:46:39       -4.361839        0.1231
BFGS:   22 00:46:39       -4.364126        0.0996
BFGS:   23 00:46:39       -4.366868        0.1242
BFGS:   24 00:46:39       -4.369668        0.1131
BFGS:   25 00:46:39       -4.372716        0.0773
BFGS:   26 00:46:39       -4.374168        0.0772
BFGS:   27 00:46:39       -4.375510        0.0780
BFGS:   28 00:46:39       -4.376361        0.0968
BFGS:   29 00:46:39       -4.376974        0.0826
BFGS:   30 00:46:39       -4.377391        0.0531
BFGS:   31 00:46:39       -4.377730        0.0425
      Step     Time          Energy         fmax
BFGS:    0 00:46:39       -4.122460        3.9638
BFGS:    1 00:46:39       -4.290562        2.0431
BFGS:    2 00:46:39       -4.308575        1.3593
BFGS:    3 00:46:39       -4.288713        3.4619
BFGS:    4 00:46:39       -4.310080        0.4595
BFGS:    5 00:46:39       -4.319202        0.1986
BFGS:    6 00:46:39       -4.321661        0.1803
BFGS:    7 00:46:39       -4.319826        0.1114
BFGS:    8 00:46:39       -4.319769        0.1095
BFGS:    9 00:46:39       -4.321012        0.0828
BFGS:   10 00:46:39       -4.321391        0.0619
BFGS:   11 00:46:39       -4.322885        0.0447
      Step     Time          Energy         fmax
BFGS:    0 00:46:39       -3.961911        4.6043
BFGS:    1 00:46:39       -4.218699        2.7230
BFGS:    2 00:46:39       -4.224311        2.6860
BFGS:    3 00:46:40       -4.162352        3.8856
BFGS:    4 00:46:40       -4.229352        0.5015
BFGS:    5 00:46:40       -4.241086        0.2328
BFGS:    6 00:46:40       -4.242699        0.2385
BFGS:    7 00:46:40       -4.238792        0.1278
BFGS:    8 00:46:40       -4.238299        0.1156
BFGS:    9 00:46:40       -4.239314        0.1004
BFGS:   10 00:46:40       -4.239897        0.1124
BFGS:   11 00:46:40       -4.242507        0.0696
BFGS:   12 00:46:40       -4.244170        0.0831
BFGS:   13 00:46:40       -4.245189        0.1338
BFGS:   14 00:46:40       -4.245319        0.1136
BFGS:   15 00:46:40       -4.245232        0.0638
BFGS:   16 00:46:40       -4.245186        0.0568
BFGS:   17 00:46:40       -4.245609        0.0823
BFGS:   18 00:46:40       -4.246090        0.1222
BFGS:   19 00:46:40       -4.246855        0.1463
BFGS:   20 00:46:40       -4.247691        0.1470
BFGS:   21 00:46:40       -4.248116        0.1058
BFGS:   22 00:46:40       -4.248675        0.0980
BFGS:   23 00:46:40       -4.249413        0.1097
BFGS:   24 00:46:40       -4.251130        0.1107
BFGS:   25 00:46:40       -4.253951        0.1213
BFGS:   26 00:46:41       -4.256505        0.1184
BFGS:   27 00:46:41       -4.258926        0.1089
BFGS:   28 00:46:41       -4.260384        0.1327
BFGS:   29 00:46:41       -4.260870        0.1232
BFGS:   30 00:46:41       -4.260253        0.0981
BFGS:   31 00:46:41       -4.259860        0.0755
BFGS:   32 00:46:41       -4.260444        0.0715
BFGS:   33 00:46:41       -4.261528        0.0666
BFGS:   34 00:46:41       -4.263192        0.0573
BFGS:   35 00:46:41       -4.264222        0.0423
      Step     Time          Energy         fmax
BFGS:    0 00:46:41       -3.957857        3.7111
BFGS:    1 00:46:41       -4.180902        3.4761
BFGS:    2 00:46:41       -4.165733        4.2013
BFGS:    3 00:46:41       -4.137358        2.0376
BFGS:    4 00:46:41       -4.173587        0.6857
BFGS:    5 00:46:41       -4.186727        0.2294
BFGS:    6 00:46:41       -4.185284        0.2378
BFGS:    7 00:46:41       -4.182919        0.1474
BFGS:    8 00:46:41       -4.183371        0.0952
BFGS:    9 00:46:41       -4.183777        0.0761
BFGS:   10 00:46:41       -4.184766        0.0654
BFGS:   11 00:46:42       -4.186300        0.0518
BFGS:   12 00:46:42       -4.186546        0.0558
BFGS:   13 00:46:42       -4.186916        0.0937
BFGS:   14 00:46:42       -4.186599        0.0810
BFGS:   15 00:46:42       -4.186365        0.0510
BFGS:   16 00:46:42       -4.186310        0.0338
      Step     Time          Energy         fmax
BFGS:    0 00:46:42       -3.798060        4.1355
BFGS:    1 00:46:42       -4.096853        4.3723
BFGS:    2 00:46:42       -4.068037        5.0028
BFGS:    3 00:46:42       -4.025752        2.0959
BFGS:    4 00:46:42       -4.073718        0.8219
BFGS:    5 00:46:42       -4.090016        0.2546
BFGS:    6 00:46:42       -4.086295        0.2425
BFGS:    7 00:46:42       -4.082715        0.1741
BFGS:    8 00:46:42       -4.083264        0.1036
BFGS:    9 00:46:42       -4.083544        0.0851
BFGS:   10 00:46:42       -4.084740        0.0800
BFGS:   11 00:46:42       -4.086452        0.0605
BFGS:   12 00:46:42       -4.086620        0.0555
BFGS:   13 00:46:42       -4.087169        0.1110
BFGS:   14 00:46:42       -4.086673        0.1122
BFGS:   15 00:46:43       -4.086154        0.0920
BFGS:   16 00:46:43       -4.085687        0.0523
BFGS:   17 00:46:43       -4.085813        0.0491
      Step     Time          Energy         fmax
BFGS:    0 00:46:43       -3.635708        4.2945
BFGS:    1 00:46:43       -3.997217        5.4205
BFGS:    2 00:46:43       -3.964419        5.4779
BFGS:    3 00:46:43       -3.904439        1.8335
BFGS:    4 00:46:43       -3.957640        0.9017
BFGS:    5 00:46:43       -3.976471        0.2842
BFGS:    6 00:46:43       -3.970315        0.2382
BFGS:    7 00:46:43       -3.966088        0.1886
BFGS:    8 00:46:43       -3.966274        0.1117
BFGS:    9 00:46:43       -3.966631        0.0903
BFGS:   10 00:46:43       -3.968350        0.0885
BFGS:   11 00:46:43       -3.970526        0.0667
BFGS:   12 00:46:43       -3.970913        0.0765
BFGS:   13 00:46:44       -3.971747        0.1269
BFGS:   14 00:46:44       -3.971251        0.1619
BFGS:   15 00:46:44       -3.970375        0.1679
BFGS:   16 00:46:44       -3.969318        0.0986
BFGS:   17 00:46:44       -3.969334        0.0885
BFGS:   18 00:46:44       -3.970045        0.1199
BFGS:   19 00:46:44       -3.971453        0.1748
BFGS:   20 00:46:44       -3.972947        0.2015
BFGS:   21 00:46:44       -3.974356        0.1800
BFGS:   22 00:46:44       -3.975194        0.1224
BFGS:   23 00:46:44       -3.975652        0.1163
BFGS:   24 00:46:44       -3.977347        0.1105
BFGS:   25 00:46:44       -3.979862        0.1171
BFGS:   26 00:46:44       -3.982936        0.1003
BFGS:   27 00:46:44       -3.985429        0.0730
BFGS:   28 00:46:44       -3.986644        0.0948
BFGS:   29 00:46:44       -3.986835        0.1016
BFGS:   30 00:46:44       -3.985596        0.0954
BFGS:   31 00:46:45       -3.984488        0.0565
BFGS:   32 00:46:45       -3.984024        0.0573
BFGS:   33 00:46:45       -3.984320        0.0623
BFGS:   34 00:46:45       -3.985544        0.0706
BFGS:   35 00:46:45       -3.987233        0.0409
      Step     Time          Energy         fmax
BFGS:    0 00:46:45       -3.580117        3.8395
BFGS:    1 00:46:45       -3.910277        6.3003
BFGS:    2 00:46:45       -3.900766        4.1779
BFGS:    3 00:46:45       -3.816025        1.3189
BFGS:    4 00:46:45       -3.868107        0.6785
BFGS:    5 00:46:45       -3.886194        0.3560
BFGS:    6 00:46:45       -3.877856        0.2375
BFGS:    7 00:46:45       -3.872724        0.1831
BFGS:    8 00:46:45       -3.872391        0.1116
BFGS:    9 00:46:45       -3.873502        0.0934
BFGS:   10 00:46:45       -3.876252        0.0745
BFGS:   11 00:46:45       -3.878754        0.0652
BFGS:   12 00:46:45       -3.879655        0.0744
BFGS:   13 00:46:45       -3.879821        0.1080
BFGS:   14 00:46:45       -3.878991        0.1028
BFGS:   15 00:46:45       -3.878148        0.0625
BFGS:   16 00:46:46       -3.878140        0.0405
      Step     Time          Energy         fmax
BFGS:    0 00:46:46       -3.392456        4.2106
BFGS:    1 00:46:46       -3.800995        7.3174
BFGS:    2 00:46:46       -3.795924        4.0799
BFGS:    3 00:46:46       -3.674525        1.3395
BFGS:    4 00:46:46       -3.743956        0.6522
BFGS:    5 00:46:46       -3.763712        0.4113
BFGS:    6 00:46:46       -3.751987        0.2396
BFGS:    7 00:46:46       -3.743461        0.1712
BFGS:    8 00:46:46       -3.743564        0.1171
BFGS:    9 00:46:46       -3.745325        0.0833
BFGS:   10 00:46:46       -3.748015        0.0677
BFGS:   11 00:46:46       -3.750083        0.0648
BFGS:   12 00:46:46       -3.750890        0.0692
BFGS:   13 00:46:46       -3.750550        0.1131
BFGS:   14 00:46:46       -3.749258        0.1260
BFGS:   15 00:46:46       -3.747502        0.0927
BFGS:   16 00:46:46       -3.746883        0.0647
BFGS:   17 00:46:47       -3.747331        0.0639
BFGS:   18 00:46:47       -3.748544        0.1104
BFGS:   19 00:46:47       -3.750032        0.1369
BFGS:   20 00:46:47       -3.751341        0.1448
BFGS:   21 00:46:47       -3.751362        0.1285
BFGS:   22 00:46:47       -3.750544        0.1034
BFGS:   23 00:46:47       -3.749438        0.1205
BFGS:   24 00:46:47       -3.750126        0.1081
BFGS:   25 00:46:47       -3.752275        0.1110
BFGS:   26 00:46:47       -3.755702        0.1015
BFGS:   27 00:46:47       -3.759286        0.1012
BFGS:   28 00:46:47       -3.761465        0.1240
BFGS:   29 00:46:47       -3.761634        0.1245
BFGS:   30 00:46:47       -3.758987        0.1019
BFGS:   31 00:46:47       -3.756927        0.0701
BFGS:   32 00:46:47       -3.756509        0.0769
BFGS:   33 00:46:47       -3.757299        0.0828
BFGS:   34 00:46:47       -3.759295        0.0739
BFGS:   35 00:46:47       -3.761411        0.0612
BFGS:   36 00:46:47       -3.763401        0.0528
BFGS:   37 00:46:47       -3.764765        0.0476
      Step     Time          Energy         fmax
BFGS:    0 00:46:47       -3.309938        4.1103
BFGS:    1 00:46:48       -3.694413        8.1391
BFGS:    2 00:46:48       -3.687736        2.9495
BFGS:    3 00:46:48       -3.572221        1.2558
BFGS:    4 00:46:48       -3.637096        0.4069
BFGS:    5 00:46:48       -3.652187        0.3793
BFGS:    6 00:46:48       -3.647320        0.2060
BFGS:    7 00:46:48       -3.638436        0.1286
BFGS:    8 00:46:48       -3.634678        0.1469
BFGS:    9 00:46:48       -3.636666        0.0876
BFGS:   10 00:46:48       -3.641483        0.0696
BFGS:   11 00:46:48       -3.644821        0.0645
BFGS:   12 00:46:48       -3.646142        0.0829
BFGS:   13 00:46:48       -3.645040        0.1049
BFGS:   14 00:46:48       -3.643148        0.0907
BFGS:   15 00:46:48       -3.641882        0.0550
BFGS:   16 00:46:48       -3.642369        0.0337
      Step     Time          Energy         fmax
BFGS:    0 00:46:49       -3.113331        4.5485
BFGS:    1 00:46:49       -3.575273        9.0337
BFGS:    2 00:46:49       -3.558139        3.0406
BFGS:    3 00:46:49       -3.424522        1.3815
BFGS:    4 00:46:49       -3.497585        0.4614
BFGS:    5 00:46:49       -3.514900        0.3579
BFGS:    6 00:46:49       -3.509360        0.2054
BFGS:    7 00:46:49       -3.502394        0.1391
BFGS:    8 00:46:49       -3.496315        0.1466
BFGS:    9 00:46:49       -3.498023        0.1191
BFGS:   10 00:46:49       -3.501036        0.0701
BFGS:   11 00:46:49       -3.505574        0.0637
BFGS:   12 00:46:49       -3.507484        0.0776
BFGS:   13 00:46:49       -3.506793        0.1017
BFGS:   14 00:46:49       -3.503923        0.1003
BFGS:   15 00:46:49       -3.501321        0.0701
BFGS:   16 00:46:49       -3.500528        0.0540
BFGS:   17 00:46:49       -3.501957        0.0625
BFGS:   18 00:46:49       -3.503921        0.0909
BFGS:   19 00:46:49       -3.505998        0.1096
BFGS:   20 00:46:49       -3.507220        0.1199
BFGS:   21 00:46:49       -3.506004        0.1004
BFGS:   22 00:46:49       -3.503881        0.0858
BFGS:   23 00:46:50       -3.501405        0.0958
BFGS:   24 00:46:50       -3.501137        0.0963
BFGS:   25 00:46:50       -3.503211        0.0965
BFGS:   26 00:46:50       -3.506368        0.0849
BFGS:   27 00:46:50       -3.510484        0.1023
BFGS:   28 00:46:50       -3.512569        0.1179
BFGS:   29 00:46:50       -3.511275        0.1213
BFGS:   30 00:46:50       -3.507521        0.0824
BFGS:   31 00:46:50       -3.504142        0.0722
BFGS:   32 00:46:50       -3.503221        0.0994
BFGS:   33 00:46:50       -3.503894        0.0971
BFGS:   34 00:46:50       -3.506612        0.0807
BFGS:   35 00:46:50       -3.510266        0.0772
BFGS:   36 00:46:50       -3.513822        0.0643
BFGS:   37 00:46:50       -3.516018        0.0648
BFGS:   38 00:46:50       -3.516683        0.0696
BFGS:   39 00:46:50       -3.516309        0.0709
BFGS:   40 00:46:50       -3.515939        0.0730
BFGS:   41 00:46:50       -3.516281        0.0724
BFGS:   42 00:46:50       -3.517508        0.0641
BFGS:   43 00:46:50       -3.519301        0.0658
BFGS:   44 00:46:50       -3.521096        0.0647
BFGS:   45 00:46:50       -3.522405        0.0795
BFGS:   46 00:46:51       -3.522820        0.0664
BFGS:   47 00:46:51       -3.522557        0.0650
BFGS:   48 00:46:51       -3.522557        0.0580
BFGS:   49 00:46:51       -3.522754        0.0598
BFGS:   50 00:46:51       -3.524347        0.0752
BFGS:   51 00:46:51       -3.525177        0.0743
BFGS:   52 00:46:51       -3.527125        0.0646
BFGS:   53 00:46:51       -3.529402        0.0823
BFGS:   54 00:46:51       -3.529703        0.0758
BFGS:   55 00:46:51       -3.529487        0.0834
BFGS:   56 00:46:51       -3.529381        0.0786
BFGS:   57 00:46:51       -3.530271        0.0736
BFGS:   58 00:46:51       -3.531949        0.0655
BFGS:   59 00:46:51       -3.534131        0.0636
BFGS:   60 00:46:51       -3.535259        0.0486
      Step     Time          Energy         fmax
BFGS:    0 00:46:51       -3.074665        4.1505
BFGS:    1 00:46:51       -3.489515        9.0844
BFGS:    2 00:46:51       -3.441601        2.2444
BFGS:    3 00:46:51       -3.340321        1.2653
BFGS:    4 00:46:51       -3.398391        0.4691
BFGS:    5 00:46:51       -3.415247        0.3043
BFGS:    6 00:46:51       -3.411821        0.2040
BFGS:    7 00:46:51       -3.406139        0.1421
BFGS:    8 00:46:51       -3.401770        0.1185
BFGS:    9 00:46:52       -3.402508        0.0846
BFGS:   10 00:46:52       -3.406265        0.0656
BFGS:   11 00:46:52       -3.409467        0.0561
BFGS:   12 00:46:52       -3.412001        0.1025
BFGS:   13 00:46:52       -3.411130        0.1116
BFGS:   14 00:46:52       -3.409326        0.0882
BFGS:   15 00:46:52       -3.407341        0.0576
BFGS:   16 00:46:52       -3.407722        0.0406
      Step     Time          Energy         fmax
BFGS:    0 00:46:52       -2.883109        4.4769
BFGS:    1 00:46:52       -3.368222        9.6322
BFGS:    2 00:46:52       -3.304642        2.3181
BFGS:    3 00:46:52       -3.195453        1.2977
BFGS:    4 00:46:52       -3.254463        0.5429
BFGS:    5 00:46:52       -3.279641        0.3626
BFGS:    6 00:46:52       -3.270132        0.2574
BFGS:    7 00:46:52       -3.263877        0.1442
BFGS:    8 00:46:52       -3.258141        0.1283
BFGS:    9 00:46:52       -3.260134        0.1092
BFGS:   10 00:46:52       -3.264760        0.0663
BFGS:   11 00:46:52       -3.267963        0.0597
BFGS:   12 00:46:52       -3.269155        0.0803
BFGS:   13 00:46:53       -3.268076        0.1122
BFGS:   14 00:46:53       -3.265577        0.1102
BFGS:   15 00:46:53       -3.263555        0.0808
BFGS:   16 00:46:53       -3.263561        0.0503
BFGS:   17 00:46:53       -3.265004        0.0585
BFGS:   18 00:46:53       -3.266848        0.0824
BFGS:   19 00:46:53       -3.268317        0.0932
BFGS:   20 00:46:53       -3.268712        0.0896
BFGS:   21 00:46:53       -3.267392        0.0657
BFGS:   22 00:46:53       -3.265610        0.0581
BFGS:   23 00:46:53       -3.264648        0.0534
BFGS:   24 00:46:53       -3.264958        0.0564
BFGS:   25 00:46:53       -3.266657        0.0441
      Step     Time          Energy         fmax
BFGS:    0 00:46:53       -2.700831        4.6858
BFGS:    1 00:46:53       -3.233011       10.1866
BFGS:    2 00:46:53       -3.147606        2.1355
BFGS:    3 00:46:53       -3.047453        1.2792
BFGS:    4 00:46:53       -3.096329        0.6492
BFGS:    5 00:46:53       -3.133595        0.4876
BFGS:    6 00:46:54       -3.117778        0.2105
BFGS:    7 00:46:54       -3.107044        0.1311
BFGS:    8 00:46:54       -3.102930        0.1565
BFGS:    9 00:46:54       -3.106519        0.0866
BFGS:   10 00:46:54       -3.112068        0.0634
BFGS:   11 00:46:54       -3.115195        0.0592
BFGS:   12 00:46:54       -3.115779        0.0618
BFGS:   13 00:46:54       -3.114280        0.0799
BFGS:   14 00:46:54       -3.111901        0.0716
BFGS:   15 00:46:54       -3.110693        0.0609
BFGS:   16 00:46:54       -3.111293        0.0441
      Step     Time          Energy         fmax
BFGS:    0 00:46:54       -2.495205        4.8553
BFGS:    1 00:46:54       -3.052568        9.6466
BFGS:    2 00:46:54       -2.969114        2.0560
BFGS:    3 00:46:55       -2.888183        1.3242
BFGS:    4 00:46:55       -2.922028        0.7654
BFGS:    5 00:46:55       -2.966366        0.4383
BFGS:    6 00:46:55       -2.949673        0.1717
BFGS:    7 00:46:55       -2.937280        0.1305
BFGS:    8 00:46:55       -2.935746        0.1473
BFGS:    9 00:46:55       -2.939025        0.0898
BFGS:   10 00:46:55       -2.944739        0.0816
BFGS:   11 00:46:55       -2.948699        0.0798
BFGS:   12 00:46:55       -2.950015        0.0924
BFGS:   13 00:46:55       -2.948869        0.1323
BFGS:   14 00:46:55       -2.945380        0.1325
BFGS:   15 00:46:55       -2.942770        0.1071
BFGS:   16 00:46:55       -2.942649        0.0694
BFGS:   17 00:46:55       -2.944581        0.0903
BFGS:   18 00:46:55       -2.947660        0.1275
BFGS:   19 00:46:55       -2.950013        0.1497
BFGS:   20 00:46:55       -2.951530        0.1601
BFGS:   21 00:46:55       -2.950038        0.1268
BFGS:   22 00:46:55       -2.947123        0.0942
BFGS:   23 00:46:56       -2.945018        0.0975
BFGS:   24 00:46:56       -2.945051        0.0980
BFGS:   25 00:46:56       -2.948141        0.0826
BFGS:   26 00:46:56       -2.951772        0.0780
BFGS:   27 00:46:56       -2.954966        0.0951
BFGS:   28 00:46:56       -2.955443        0.0905
BFGS:   29 00:46:56       -2.953378        0.0850
BFGS:   30 00:46:56       -2.950455        0.0606
BFGS:   31 00:46:56       -2.948822        0.0665
BFGS:   32 00:46:56       -2.948379        0.0812
BFGS:   33 00:46:56       -2.949734        0.0664
BFGS:   34 00:46:56       -2.952296        0.0740
BFGS:   35 00:46:56       -2.955180        0.0543
BFGS:   36 00:46:56       -2.957026        0.0446
      Step     Time          Energy         fmax
BFGS:    0 00:46:56       -2.409683        4.6964
BFGS:    1 00:46:56       -2.885031        9.3115
BFGS:    2 00:46:56       -2.790315        1.5794
BFGS:    3 00:46:56       -2.761692        1.2911
BFGS:    4 00:46:57       -2.770069        0.7001
BFGS:    5 00:46:57       -2.795638        0.2370
BFGS:    6 00:46:57       -2.794399        0.1408
BFGS:    7 00:46:57       -2.788146        0.1189
BFGS:    8 00:46:57       -2.787654        0.0899
BFGS:    9 00:46:57       -2.788781        0.0828
BFGS:   10 00:46:57       -2.791520        0.0714
BFGS:   11 00:46:57       -2.794095        0.0600
BFGS:   12 00:46:57       -2.794872        0.0884
BFGS:   13 00:46:57       -2.794839        0.1041
BFGS:   14 00:46:57       -2.794352        0.0786
BFGS:   15 00:46:57       -2.794060        0.0478
      Step     Time          Energy         fmax
BFGS:    0 00:46:58       -2.277512        4.6516
BFGS:    1 00:46:58       -2.704049        8.4229
BFGS:    2 00:46:58       -2.623259        1.5120
BFGS:    3 00:46:58       -2.602728        1.3954
BFGS:    4 00:46:58       -2.609183        0.6697
BFGS:    5 00:46:58       -2.634160        0.2458
BFGS:    6 00:46:58       -2.632847        0.1538
BFGS:    7 00:46:58       -2.627177        0.1172
BFGS:    8 00:46:58       -2.627995        0.0925
BFGS:    9 00:46:58       -2.628884        0.0815
BFGS:   10 00:46:58       -2.630607        0.0713
BFGS:   11 00:46:58       -2.632349        0.0628
BFGS:   12 00:46:58       -2.632736        0.0782
BFGS:   13 00:46:58       -2.632861        0.1049
BFGS:   14 00:46:58       -2.632679        0.0960
BFGS:   15 00:46:59       -2.632078        0.0731
BFGS:   16 00:46:59       -2.632462        0.0602
BFGS:   17 00:46:59       -2.632915        0.0744
BFGS:   18 00:46:59       -2.633424        0.0990
BFGS:   19 00:46:59       -2.634186        0.1130
BFGS:   20 00:46:59       -2.634241        0.1175
BFGS:   21 00:46:59       -2.634276        0.0962
BFGS:   22 00:46:59       -2.634054        0.0857
BFGS:   23 00:46:59       -2.634161        0.0925
BFGS:   24 00:46:59       -2.635604        0.0796
BFGS:   25 00:46:59       -2.637328        0.0815
BFGS:   26 00:46:59       -2.639492        0.0836
BFGS:   27 00:46:59       -2.641293        0.1022
BFGS:   28 00:46:59       -2.641802        0.1274
BFGS:   29 00:46:59       -2.641969        0.1229
BFGS:   30 00:46:59       -2.640908        0.0909
BFGS:   31 00:46:59       -2.641375        0.0989
BFGS:   32 00:46:59       -2.641970        0.1073
BFGS:   33 00:47:00       -2.643694        0.1185
BFGS:   34 00:47:00       -2.646183        0.1366
BFGS:   35 00:47:00       -2.649081        0.1386
BFGS:   36 00:47:00       -2.652388        0.0970
BFGS:   37 00:47:00       -2.654420        0.0697
BFGS:   38 00:47:00       -2.655696        0.0754
BFGS:   39 00:47:00       -2.656807        0.0794
BFGS:   40 00:47:00       -2.657576        0.0792
BFGS:   41 00:47:00       -2.659149        0.0848
BFGS:   42 00:47:00       -2.659833        0.0897
BFGS:   43 00:47:00       -2.660946        0.0558
BFGS:   44 00:47:00       -2.662135        0.0662
BFGS:   45 00:47:00       -2.662636        0.0643
BFGS:   46 00:47:00       -2.663418        0.0741
BFGS:   47 00:47:00       -2.664201        0.0654
BFGS:   48 00:47:00       -2.665017        0.0496
      Step     Time          Energy         fmax
BFGS:    0 00:47:00       -2.329567        3.6713
BFGS:    1 00:47:00       -2.565295        5.6338
BFGS:    2 00:47:01       -2.516445        1.0330
BFGS:    3 00:47:01       -2.536247        1.3891
BFGS:    4 00:47:01       -2.546968        0.3387
BFGS:    5 00:47:01       -2.548658        0.1971
BFGS:    6 00:47:01       -2.550092        0.1462
BFGS:    7 00:47:01       -2.549552        0.1025
BFGS:    8 00:47:01       -2.551087        0.0813
BFGS:    9 00:47:01       -2.552669        0.0640
BFGS:   10 00:47:01       -2.553795        0.0540
BFGS:   11 00:47:01       -2.554864        0.0793
BFGS:   12 00:47:01       -2.555185        0.1074
BFGS:   13 00:47:01       -2.555370        0.1198
BFGS:   14 00:47:01       -2.555935        0.0865
BFGS:   15 00:47:01       -2.556421        0.0474
      Step     Time          Energy         fmax
BFGS:    0 00:47:01       -2.335053        2.8357
BFGS:    1 00:47:01       -2.426006        2.4593
BFGS:    2 00:47:01       -2.450476        0.9232
BFGS:    3 00:47:01       -2.468665        0.6577
BFGS:    4 00:47:02       -2.475588        0.6869
BFGS:    5 00:47:02       -2.480939        0.2318
BFGS:    6 00:47:02       -2.485010        0.1418
BFGS:    7 00:47:02       -2.489917        0.1247
BFGS:    8 00:47:02       -2.491895        0.0931
BFGS:    9 00:47:02       -2.493277        0.0608
BFGS:   10 00:47:02       -2.494061        0.0582
BFGS:   11 00:47:02       -2.495051        0.1008
BFGS:   12 00:47:02       -2.497079        0.1461
BFGS:   13 00:47:02       -2.500649        0.1625
BFGS:   14 00:47:02       -2.505063        0.1292
BFGS:   15 00:47:02       -2.509495        0.0635
BFGS:   16 00:47:02       -2.511609        0.0723
BFGS:   17 00:47:02       -2.512447        0.0726
BFGS:   18 00:47:02       -2.513410        0.0828
BFGS:   19 00:47:02       -2.514215        0.0727
BFGS:   20 00:47:02       -2.516194        0.0676
BFGS:   21 00:47:02       -2.517789        0.0646
BFGS:   22 00:47:02       -2.519156        0.0529
BFGS:   23 00:47:02       -2.519726        0.0543
BFGS:   24 00:47:02       -2.519047        0.0510
BFGS:   25 00:47:02       -2.518849        0.0448
Performing final optimization with tight thresholds...
      Step     Time          Energy         fmax
BFGS:    0 00:47:02       -2.518849        0.0448
Tight optimization complete!
Relaxed scan complete! Trajectory saved to opt.traj. 
Finished in 0 hours, 0 minutes, and 31 seconds
