You need to install the group's fork of aRMSD and put it in your path https://github.mit.edu/MLMat/aRMSD
[ 0.        +6.49797014e+02j  0.        +9.13211047e+00j
  0.        +1.39366672e+00j  0.        +7.02271192e-01j
  0.        +4.05034011e-01j  2.28968886+0.00000000e+00j
  5.58362423+0.00000000e+00j  9.29799298+0.00000000e+00j
 14.48067997+0.00000000e+00j 21.7402815 +0.00000000e+00j
 25.35653171+0.00000000e+00j 26.46663324+0.00000000e+00j
 37.77861435+0.00000000e+00j 41.78575642+0.00000000e+00j
 45.6239381 +0.00000000e+00j 49.85701473+0.00000000e+00j
 54.54318737+0.00000000e+00j 73.54279498+0.00000000e+00j
 78.84314392+0.00000000e+00j 89.06290857+0.00000000e+00j]
Entropy components at T = 298.15 K and P = 101325.0 Pa:
=================================================
                           S               T*S
S_trans (1 bar)    0.0019505 eV/K        0.582 eV
S_rot              0.0016617 eV/K        0.495 eV
S_elec             0.0000000 eV/K        0.000 eV
S_vib              0.0058099 eV/K        1.732 eV
S (1 bar -> P)    -0.0000011 eV/K       -0.000 eV
-------------------------------------------------
S                  0.0094209 eV/K        2.809 eV
=================================================
Enthalpy components at T = 298.15 K:
===============================
E_pot                 -2.862 eV
E_ZPE                  9.128 eV
Cv_trans (0->T)        0.039 eV
Cv_rot (0->T)          0.039 eV
Cv_vib (0->T)          0.794 eV
(C_v -> C_p)           0.026 eV
-------------------------------
H                      7.162 eV
===============================
RMS: 0.06710286438465118, MAX: 1.6443859338760376
RMS: 0.030214542523026466, MAX: 0.5153837203979492
RMS: 0.017485909163951874, MAX: 0.32773640751838684
RMS: 0.023107444867491722, MAX: 0.5554735064506531
RMS: 0.03090386837720871, MAX: 0.7490584850311279
RMS: 0.012651944532990456, MAX: 0.24753817915916443
RMS: 0.014113442040979862, MAX: 0.22791635990142822
RMS: 0.005324611905962229, MAX: 0.03931434452533722
RMS: 0.008024091832339764, MAX: 0.10983838886022568
RMS: 0.0063084326684474945, MAX: 0.13073013722896576
RMS: 0.004533730447292328, MAX: 0.07363271713256836
RMS: 0.004687449429184198, MAX: 0.04866495728492737
RMS: 0.004122503101825714, MAX: 0.0251911710947752
RMS: 0.0047110202722251415, MAX: 0.059547170996665955
RMS: 0.0027297891210764647, MAX: 0.01907503418624401
RMS: 0.0027166649233549833, MAX: 0.027170173823833466
RMS: 0.0014911799225956202, MAX: 0.012243859469890594
RMS: 0.002356858691200614, MAX: 0.034747473895549774
RMS: 0.005388265009969473, MAX: 0.08772210031747818
RMS: 0.004002860281616449, MAX: 0.0722503662109375
RMS: 0.006166141014546156, MAX: 0.11078715324401855
RMS: 0.0032606685999780893, MAX: 0.057368624955415726
RMS: 0.003490913426503539, MAX: 0.07365411520004272
RMS: 0.0024707310367375612, MAX: 0.03740860894322395
RMS: 0.0019311319338157773, MAX: 0.01804622821509838
RMS: 0.0027747945860028267, MAX: 0.028039321303367615
RMS: 0.005401952192187309, MAX: 0.05826277285814285
RMS: 0.00389301311224699, MAX: 0.041708894073963165
RMS: 0.005367695819586515, MAX: 0.052628763020038605
RMS: 0.0059148152358829975, MAX: 0.06228376179933548
RMS: 0.00265093264169991, MAX: 0.032423634082078934
RMS: 0.0035250347573310137, MAX: 0.041802339255809784
RMS: 0.0017416442278772593, MAX: 0.026130102574825287
RMS: 0.0022273901849985123, MAX: 0.018531057983636856
RMS: 0.0026777791790664196, MAX: 0.022117210552096367
RMS: 0.002584278816357255, MAX: 0.02303485758602619
RMS: 0.0027298424392938614, MAX: 0.025481373071670532
RMS: 0.0031270498875528574, MAX: 0.02765541709959507
RMS: 0.0026779226027429104, MAX: 0.0363258421421051
RMS: 0.003954444546252489, MAX: 0.03569510206580162
RMS: 0.0030285788234323263, MAX: 0.033310435712337494
RMS: 0.004530254751443863, MAX: 0.06349727511405945
RMS: 0.0021927880588918924, MAX: 0.026371998712420464
RMS: 0.004603694658726454, MAX: 0.0643230676651001
RMS: 0.003387734992429614, MAX: 0.04484449326992035
RMS: 0.003272030968219042, MAX: 0.04394916817545891
RMS: 0.00316664413549006, MAX: 0.03861788287758827
RMS: 0.0036302865482866764, MAX: 0.04764445498585701
RMS: 0.003602159908041358, MAX: 0.037847280502319336
RMS: 0.0038377135060727596, MAX: 0.04013655334711075
RMS: 0.0033273131120949984, MAX: 0.06518974900245667
RMS: 0.004291624296456575, MAX: 0.08846217393875122
RMS: 0.0026767023373395205, MAX: 0.03290366381406784
RMS: 0.0018591328989714384, MAX: 0.020309656858444214
RMS: 0.0013767017517238855, MAX: 0.020125694572925568
RMS: 0.0033457570243626833, MAX: 0.06565175950527191
RMS: 0.0027703726664185524, MAX: 0.05256880447268486
RMS: 0.00393620366230607, MAX: 0.07814634591341019
RMS: 0.0027573546394705772, MAX: 0.030328257009387016
RMS: 0.003166257869452238, MAX: 0.06807936728000641
RMS: 0.0030428441241383553, MAX: 0.063115194439888
RMS: 0.001228173146955669, MAX: 0.022083353251218796
RMS: 0.0030040901619940996, MAX: 0.0706406906247139
RMS: 0.0017327185487374663, MAX: 0.03833379969000816
RMS: 0.002546855481341481, MAX: 0.06324834376573563
RMS: 0.0011460843961685896, MAX: 0.0065642474219202995
RMS: 0.0025587647687643766, MAX: 0.0631616860628128
RMS: 0.0015409275656566024, MAX: 0.020727386698126793
RMS: 0.0018288418650627136, MAX: 0.03964494541287422
RMS: 0.001030964427627623, MAX: 0.006483322475105524
RMS: 0.0017395345494151115, MAX: 0.03570985049009323
RMS: 0.0014495166251435876, MAX: 0.024243788793683052
RMS: 0.00018481926235836, MAX: 0.002443632809445262
Optimization converged!
Eigenvector following terminated normally.
[ 0.        +9.43839328e+02j  0.        +2.16099951e+00j
  0.        +1.85529915e+00j  0.        +1.19868035e+00j
  0.        +9.07315336e-01j  0.        +7.22490236e-01j
  0.        +4.96032572e-01j  8.82620114+0.00000000e+00j
 13.41089867+0.00000000e+00j 18.49117287+0.00000000e+00j
 23.8127172 +0.00000000e+00j 25.43944915+0.00000000e+00j
 36.22064588+0.00000000e+00j 38.8216177 +0.00000000e+00j
 44.3737991 +0.00000000e+00j 45.78317373+0.00000000e+00j
 54.95051154+0.00000000e+00j 72.08313021+0.00000000e+00j
 74.04799479+0.00000000e+00j 85.7590096 +0.00000000e+00j]
Flipping all imaginary frequencies except the lowest one
Entropy components at T = 298.15 K and P = 101325.0 Pa:
=================================================
                           S               T*S
S_trans (1 bar)    0.0019505 eV/K        0.582 eV
S_rot              0.0016625 eV/K        0.496 eV
S_elec             0.0000000 eV/K        0.000 eV
S_vib              0.0058780 eV/K        1.753 eV
S (1 bar -> P)    -0.0000011 eV/K       -0.000 eV
-------------------------------------------------
S                  0.0094897 eV/K        2.829 eV
=================================================
Enthalpy components at T = 298.15 K:
===============================
E_pot                 -2.820 eV
E_ZPE                  9.118 eV
Cv_trans (0->T)        0.039 eV
Cv_rot (0->T)          0.039 eV
Cv_vib (0->T)          0.797 eV
(C_v -> C_p)           0.026 eV
-------------------------------
H                      7.198 eV
===============================
