[ 0.        +8.49953880e+02j  0.        +3.34582726e+00j
  0.        +2.20264103e+00j  0.        +1.42542496e+00j
  0.        +9.61488823e-01j  0.        +7.57874986e-01j
  0.        +6.35520485e-01j 12.04044273+0.00000000e+00j
 19.65849553+0.00000000e+00j 21.08111069+0.00000000e+00j
 25.18208475+0.00000000e+00j 29.95621067+0.00000000e+00j
 34.62171901+0.00000000e+00j 39.72427752+0.00000000e+00j
 48.89546656+0.00000000e+00j 53.28833709+0.00000000e+00j
 59.96052155+0.00000000e+00j 63.14175826+0.00000000e+00j
 66.54693903+0.00000000e+00j 73.21784423+0.00000000e+00j]
Entropy components at T = 298.15 K and P = 101325.0 Pa:
=================================================
                           S               T*S
S_trans (1 bar)    0.0019477 eV/K        0.581 eV
S_rot              0.0016786 eV/K        0.500 eV
S_elec             0.0000000 eV/K        0.000 eV
S_vib              0.0068967 eV/K        2.056 eV
S (1 bar -> P)    -0.0000011 eV/K       -0.000 eV
-------------------------------------------------
S                  0.0105219 eV/K        3.137 eV
=================================================
Enthalpy components at T = 298.15 K:
===============================
E_pot                 -2.531 eV
E_ZPE                 17.354 eV
Cv_trans (0->T)        0.039 eV
Cv_rot (0->T)          0.039 eV
Cv_vib (0->T)          0.972 eV
(C_v -> C_p)           0.026 eV
-------------------------------
H                     15.898 eV
===============================
Generating initial displacements from TS... 
Generated displacements!
Generating forward IRC path
IRC converged after 13 steps!
Generating backward IRC path
IRC converged after 11 steps!
IRC saved to ./irc.pickle
Neural IRC terminated normally.
