You need to install the group's fork of aRMSD and put it in your path https://github.mit.edu/MLMat/aRMSD
[ 0.        +6.39660729e+02j  0.        +3.12092116e+00j
  0.        +9.72665012e-01j  0.        +7.84449495e-01j
  0.        +5.58206394e-01j  0.        +2.42636054e-01j
  5.76404168+0.00000000e+00j 15.08195317+0.00000000e+00j
 21.98305762+0.00000000e+00j 24.11211162+0.00000000e+00j
 28.176136  +0.00000000e+00j 30.82226099+0.00000000e+00j
 37.7943735 +0.00000000e+00j 40.50522627+0.00000000e+00j
 50.25583595+0.00000000e+00j 56.75969334+0.00000000e+00j
 63.2082177 +0.00000000e+00j 64.94491904+0.00000000e+00j
 67.85254251+0.00000000e+00j 79.78548666+0.00000000e+00j]
Entropy components at T = 298.15 K and P = 101325.0 Pa:
=================================================
                           S               T*S
S_trans (1 bar)    0.0019477 eV/K        0.581 eV
S_rot              0.0016704 eV/K        0.498 eV
S_elec             0.0000000 eV/K        0.000 eV
S_vib              0.0068337 eV/K        2.037 eV
S (1 bar -> P)    -0.0000011 eV/K       -0.000 eV
-------------------------------------------------
S                  0.0104507 eV/K        3.116 eV
=================================================
Enthalpy components at T = 298.15 K:
===============================
E_pot                 -2.554 eV
E_ZPE                 17.372 eV
Cv_trans (0->T)        0.039 eV
Cv_rot (0->T)          0.039 eV
Cv_vib (0->T)          0.972 eV
(C_v -> C_p)           0.026 eV
-------------------------------
H                     15.893 eV
===============================
RMS: 0.02820703759789467, MAX: 1.3537750244140625
RMS: 0.01592447981238365, MAX: 0.6952067613601685
RMS: 0.020846961066126823, MAX: 0.947871744632721
RMS: 0.02426096796989441, MAX: 1.063679575920105
RMS: 0.029856903478503227, MAX: 0.8040465712547302
RMS: 0.029108883813023567, MAX: 0.5103190541267395
RMS: 0.03373577073216438, MAX: 0.7796362042427063
RMS: 0.04149418696761131, MAX: 1.0694085359573364
RMS: 0.019681934267282486, MAX: 0.4827512204647064
RMS: 0.00421421742066741, MAX: 0.05573336407542229
RMS: 0.00726315239444375, MAX: 0.2094154953956604
RMS: 0.007510141469538212, MAX: 0.12616361677646637
RMS: 0.006051960401237011, MAX: 0.09513519704341888
RMS: 0.003557784017175436, MAX: 0.021178003400564194
RMS: 0.0031858221627771854, MAX: 0.022998984903097153
RMS: 0.002755319932475686, MAX: 0.02841273322701454
RMS: 0.0027480439748615026, MAX: 0.020139062777161598
RMS: 0.003032715292647481, MAX: 0.05549091100692749
RMS: 0.003913544584065676, MAX: 0.05289261415600777
RMS: 0.004208944737911224, MAX: 0.09054150432348251
RMS: 0.002251047408208251, MAX: 0.03714025020599365
RMS: 0.004147489555180073, MAX: 0.09697308391332626
RMS: 0.0031919991597533226, MAX: 0.053731802850961685
RMS: 0.005283805541694164, MAX: 0.1178983598947525
RMS: 0.003962640184909105, MAX: 0.08039447665214539
RMS: 0.009217731654644012, MAX: 0.20097893476486206
RMS: 0.011283431202173233, MAX: 0.24512238800525665
RMS: 0.004742603749036789, MAX: 0.10528161376714706
RMS: 0.003543781116604805, MAX: 0.06535003334283829
RMS: 0.003211071714758873, MAX: 0.07056870311498642
RMS: 0.006699342746287584, MAX: 0.14278747141361237
RMS: 0.0020766558591276407, MAX: 0.04121841862797737
RMS: 0.002880062209442258, MAX: 0.030306845903396606
RMS: 0.0027254754677414894, MAX: 0.04191828891634941
RMS: 0.0023981952108442783, MAX: 0.01625954732298851
RMS: 0.0017475751228630543, MAX: 0.015795229002833366
RMS: 0.0021488990169018507, MAX: 0.012989534996449947
RMS: 0.0011954772053286433, MAX: 0.010313531383872032
RMS: 0.00173425383400172, MAX: 0.012075199745595455
RMS: 0.0011292914859950542, MAX: 0.013034770265221596
RMS: 0.0015401554992422462, MAX: 0.017599720507860184
RMS: 0.00196957984007895, MAX: 0.02025970257818699
RMS: 0.0021938723511993885, MAX: 0.017453910782933235
RMS: 0.0021707576233893633, MAX: 0.010170579887926579
RMS: 0.002158607356250286, MAX: 0.011278985999524593
RMS: 0.0020919241942465305, MAX: 0.014548410661518574
RMS: 0.0015980175230652094, MAX: 0.008482291363179684
RMS: 0.001387550961226225, MAX: 0.015285260044038296
RMS: 0.0012034876272082329, MAX: 0.012731307186186314
RMS: 0.0008022128022275865, MAX: 0.010234646499156952
RMS: 0.0011166053591296077, MAX: 0.009282689541578293
RMS: 0.0008773927111178637, MAX: 0.006690785754472017
RMS: 0.0008621722809039056, MAX: 0.004823346622288227
Optimization converged!
Eigenvector following terminated normally.
[ 0.        +8.15848650e+02j  0.        +7.94729230e-01j
  0.        +5.48644524e-01j  0.        +5.07704841e-01j
  0.49361939+0.00000000e+00j  1.22024601+0.00000000e+00j
  1.91251077+0.00000000e+00j 12.82875916+0.00000000e+00j
 20.38748765+0.00000000e+00j 22.30280872+0.00000000e+00j
 26.3191501 +0.00000000e+00j 28.33231988+0.00000000e+00j
 31.92603695+0.00000000e+00j 38.18756397+0.00000000e+00j
 43.77702227+0.00000000e+00j 53.37367433+0.00000000e+00j
 59.1220503 +0.00000000e+00j 63.8039273 +0.00000000e+00j
 67.83173132+0.00000000e+00j 74.79573728+0.00000000e+00j]
Flipping all imaginary frequencies except the lowest one
Entropy components at T = 298.15 K and P = 101325.0 Pa:
=================================================
                           S               T*S
S_trans (1 bar)    0.0019477 eV/K        0.581 eV
S_rot              0.0016700 eV/K        0.498 eV
S_elec             0.0000000 eV/K        0.000 eV
S_vib              0.0069320 eV/K        2.067 eV
S (1 bar -> P)    -0.0000011 eV/K       -0.000 eV
-------------------------------------------------
S                  0.0105486 eV/K        3.145 eV
=================================================
Enthalpy components at T = 298.15 K:
===============================
E_pot                 -2.492 eV
E_ZPE                 17.378 eV
Cv_trans (0->T)        0.039 eV
Cv_rot (0->T)          0.039 eV
Cv_vib (0->T)          0.975 eV
(C_v -> C_p)           0.026 eV
-------------------------------
H                     15.963 eV
===============================
