You need to install the group's fork of aRMSD and put it in your path https://github.mit.edu/MLMat/aRMSD
[ 0.        +2.30266381j  0.        +1.39756031j  0.        +1.16671005j
  0.        +0.89185555j  0.        +0.26944555j  1.31501213+0.j
 15.98536698+0.j         25.40638434+0.j         27.55358391+0.j
 34.02978422+0.j         39.63370422+0.j         45.48406948+0.j
 49.33708349+0.j         54.22624412+0.j         57.55072952+0.j
 63.71374934+0.j         72.76583024+0.j         76.32040442+0.j
 77.31479179+0.j         87.99214147+0.j        ]
Entropy components at T = 298.15 K and P = 101325.0 Pa:
=================================================
                           S               T*S
S_trans (1 bar)    0.0019477 eV/K        0.581 eV
S_rot              0.0016508 eV/K        0.492 eV
S_elec             0.0000000 eV/K        0.000 eV
S_vib              0.0066013 eV/K        1.968 eV
S (1 bar -> P)    -0.0000011 eV/K       -0.000 eV
-------------------------------------------------
S                  0.0101986 eV/K        3.041 eV
=================================================
Enthalpy components at T = 298.15 K:
===============================
E_pot                 -4.035 eV
E_ZPE                 17.491 eV
Cv_trans (0->T)        0.039 eV
Cv_rot (0->T)          0.039 eV
Cv_vib (0->T)          0.959 eV
(C_v -> C_p)           0.026 eV
-------------------------------
H                     14.517 eV
===============================
