[ 0.        +405.56287967j  0.          +2.49235812j
  0.          +1.93738682j  0.          +1.44861426j
  0.          +1.01475056j  0.          +0.96950826j
  0.          +0.61514482j 16.46080318  +0.j
 18.36570008  +0.j         20.13401618  +0.j
 27.03407193  +0.j         28.19680046  +0.j
 39.43455831  +0.j         50.54250261  +0.j
 56.94416662  +0.j         63.86120213  +0.j
 65.5861488   +0.j         70.41731207  +0.j
 75.20143115  +0.j         85.46103353  +0.j        ]
Entropy components at T = 298.15 K and P = 101325.0 Pa:
=================================================
                           S               T*S
S_trans (1 bar)    0.0019505 eV/K        0.582 eV
S_rot              0.0016506 eV/K        0.492 eV
S_elec             0.0000000 eV/K        0.000 eV
S_vib              0.0056637 eV/K        1.689 eV
S (1 bar -> P)    -0.0000011 eV/K       -0.000 eV
-------------------------------------------------
S                  0.0092636 eV/K        2.762 eV
=================================================
Enthalpy components at T = 298.15 K:
===============================
E_pot                 -3.051 eV
E_ZPE                  9.169 eV
Cv_trans (0->T)        0.039 eV
Cv_rot (0->T)          0.039 eV
Cv_vib (0->T)          0.792 eV
(C_v -> C_p)           0.026 eV
-------------------------------
H                      7.013 eV
===============================
Generating initial displacements from TS... 
Generated displacements!
Generating forward IRC path
IRC converged after 32 steps!
Generating backward IRC path
IRC converged after 52 steps!
IRC saved to ./irc.pickle
Neural IRC terminated normally.
