Optimizing input structure...
      Step     Time          Energy         fmax
BFGS:    0 13:15:13       -1.753485        5.2143
BFGS:    1 13:15:14       -2.528740        6.2442
BFGS:    2 13:15:14       -3.076595        2.3693
BFGS:    3 13:15:14       -3.234305        0.9167
BFGS:    4 13:15:14       -3.331082        0.5491
BFGS:    5 13:15:14       -3.407897        0.9531
BFGS:    6 13:15:15       -3.437464        0.9409
BFGS:    7 13:15:15       -3.461056        0.2822
BFGS:    8 13:15:15       -3.484654        0.3729
BFGS:    9 13:15:15       -3.500418        0.3107
BFGS:   10 13:15:15       -3.518618        0.1964
BFGS:   11 13:15:15       -3.529745        0.2293
BFGS:   12 13:15:15       -3.541598        0.2329
BFGS:   13 13:15:15       -3.550970        0.2474
BFGS:   14 13:15:15       -3.558556        0.2500
BFGS:   15 13:15:16       -3.565159        0.2307
BFGS:   16 13:15:16       -3.572457        0.1655
BFGS:   17 13:15:16       -3.580582        0.1373
BFGS:   18 13:15:16       -3.587235        0.1574
BFGS:   19 13:15:16       -3.593487        0.1173
BFGS:   20 13:15:16       -3.598980        0.1329
BFGS:   21 13:15:16       -3.603462        0.1166
BFGS:   22 13:15:17       -3.607187        0.0984
BFGS:   23 13:15:17       -3.611232        0.1028
BFGS:   24 13:15:17       -3.615933        0.1203
BFGS:   25 13:15:17       -3.620249        0.1168
BFGS:   26 13:15:17       -3.623484        0.0826
BFGS:   27 13:15:17       -3.626080        0.0953
BFGS:   28 13:15:18       -3.628697        0.0942
BFGS:   29 13:15:18       -3.631647        0.1091
BFGS:   30 13:15:18       -3.634413        0.0921
BFGS:   31 13:15:18       -3.637008        0.0876
BFGS:   32 13:15:18       -3.639512        0.0929
BFGS:   33 13:15:18       -3.641941        0.0867
BFGS:   34 13:15:19       -3.644119        0.0759
BFGS:   35 13:15:19       -3.646302        0.0678
BFGS:   36 13:15:19       -3.648792        0.0753
BFGS:   37 13:15:19       -3.651538        0.0900
BFGS:   38 13:15:19       -3.654194        0.1016
BFGS:   39 13:15:19       -3.656724        0.1006
BFGS:   40 13:15:20       -3.659492        0.0968
BFGS:   41 13:15:20       -3.662937        0.1045
BFGS:   42 13:15:20       -3.667119        0.1225
BFGS:   43 13:15:20       -3.671447        0.0954
BFGS:   44 13:15:20       -3.675470        0.0872
BFGS:   45 13:15:20       -3.679061        0.1225
BFGS:   46 13:15:20       -3.682053        0.1438
BFGS:   47 13:15:20       -3.685283        0.1018
BFGS:   48 13:15:20       -3.688597        0.0722
BFGS:   49 13:15:21       -3.691256        0.0688
BFGS:   50 13:15:21       -3.693727        0.0873
BFGS:   51 13:15:21       -3.695909        0.0907
BFGS:   52 13:15:21       -3.697997        0.0877
BFGS:   53 13:15:21       -3.700283        0.0743
BFGS:   54 13:15:21       -3.702677        0.0717
BFGS:   55 13:15:21       -3.704860        0.0728
BFGS:   56 13:15:21       -3.706782        0.0826
BFGS:   57 13:15:21       -3.708718        0.0702
BFGS:   58 13:15:21       -3.710915        0.0746
BFGS:   59 13:15:21       -3.713350        0.0919
BFGS:   60 13:15:22       -3.715866        0.0884
BFGS:   61 13:15:22       -3.718212        0.0736
BFGS:   62 13:15:22       -3.720503        0.0776
BFGS:   63 13:15:22       -3.722715        0.0655
BFGS:   64 13:15:22       -3.725095        0.0832
BFGS:   65 13:15:22       -3.727475        0.0703
BFGS:   66 13:15:22       -3.729825        0.0700
BFGS:   67 13:15:22       -3.731918        0.0753
BFGS:   68 13:15:22       -3.733873        0.0729
BFGS:   69 13:15:22       -3.735889        0.0659
BFGS:   70 13:15:22       -3.738217        0.0765
BFGS:   71 13:15:22       -3.740901        0.0849
BFGS:   72 13:15:23       -3.743838        0.0792
BFGS:   73 13:15:23       -3.746968        0.0783
BFGS:   74 13:15:23       -3.750016        0.1098
BFGS:   75 13:15:23       -3.752836        0.1907
BFGS:   76 13:15:23       -3.756551        0.0897
BFGS:   77 13:15:23       -3.761883        0.1113
BFGS:   78 13:15:23       -3.765322        0.1086
BFGS:   79 13:15:23       -3.770792        0.1373
BFGS:   80 13:15:23       -3.775822        0.1052
BFGS:   81 13:15:23       -3.780601        0.1249
BFGS:   82 13:15:23       -3.784478        0.1019
BFGS:   83 13:15:24       -3.787935        0.1152
BFGS:   84 13:15:24       -3.791819        0.1029
BFGS:   85 13:15:24       -3.797127        0.0897
BFGS:   86 13:15:24       -3.800731        0.0927
BFGS:   87 13:15:24       -3.804819        0.1178
BFGS:   88 13:15:24       -3.807791        0.1031
BFGS:   89 13:15:24       -3.810900        0.0887
BFGS:   90 13:15:24       -3.814347        0.0931
BFGS:   91 13:15:24       -3.817712        0.1278
BFGS:   92 13:15:24       -3.819735        0.1115
BFGS:   93 13:15:24       -3.823217        0.0872
BFGS:   94 13:15:24       -3.827046        0.0945
BFGS:   95 13:15:24       -3.830225        0.0865
BFGS:   96 13:15:25       -3.833712        0.0731
BFGS:   97 13:15:25       -3.836340        0.0676
BFGS:   98 13:15:25       -3.838701        0.0809
BFGS:   99 13:15:25       -3.840599        0.0656
BFGS:  100 13:15:25       -3.842339        0.0535
BFGS:  101 13:15:25       -3.844102        0.0496
Optimization complete!
Performing a relaxed scan over 20 steps...
      Step     Time          Energy         fmax
BFGS:    0 13:15:25       -3.566392        6.0840
BFGS:    1 13:15:25       -3.732773        4.0923
BFGS:    2 13:15:25       -3.810742        2.8062
BFGS:    3 13:15:26       -3.726062        5.5359
BFGS:    4 13:15:26       -3.823468        0.3517
BFGS:    5 13:15:26       -3.826385        0.1820
BFGS:    6 13:15:26       -3.829268        0.2377
BFGS:    7 13:15:26       -3.829702        0.1412
BFGS:    8 13:15:26       -3.830368        0.1189
BFGS:    9 13:15:26       -3.832015        0.1170
BFGS:   10 13:15:26       -3.834438        0.0940
BFGS:   11 13:15:26       -3.835778        0.0813
BFGS:   12 13:15:27       -3.837546        0.0953
BFGS:   13 13:15:27       -3.838680        0.0999
BFGS:   14 13:15:27       -3.839523        0.1051
BFGS:   15 13:15:27       -3.840481        0.0553
BFGS:   16 13:15:27       -3.841713        0.0660
BFGS:   17 13:15:27       -3.842624        0.0685
BFGS:   18 13:15:27       -3.843426        0.0589
BFGS:   19 13:15:27       -3.844023        0.0809
BFGS:   20 13:15:27       -3.844536        0.0846
BFGS:   21 13:15:27       -3.845135        0.0630
BFGS:   22 13:15:27       -3.845924        0.0579
BFGS:   23 13:15:28       -3.846891        0.0464
      Step     Time          Energy         fmax
BFGS:    0 13:15:28       -3.461795        7.2919
BFGS:    1 13:15:28       -3.693415        5.0447
BFGS:    2 13:15:28       -3.790452        4.0332
BFGS:    3 13:15:28       -3.631717        6.3592
BFGS:    4 13:15:28       -3.812027        0.3169
BFGS:    5 13:15:28       -3.814062        0.2133
BFGS:    6 13:15:28       -3.815933        0.2377
BFGS:    7 13:15:28       -3.815398        0.1616
BFGS:    8 13:15:29       -3.815781        0.1236
BFGS:    9 13:15:29       -3.816779        0.1130
BFGS:   10 13:15:29       -3.817812        0.0576
BFGS:   11 13:15:29       -3.818367        0.0498
      Step     Time          Energy         fmax
BFGS:    0 13:15:29       -3.236988        9.1820
BFGS:    1 13:15:29       -3.578993        6.5530
BFGS:    2 13:15:29       -3.716282        5.7779
BFGS:    3 13:15:29       -3.424578        7.3429
BFGS:    4 13:15:29       -3.759325        0.5349
BFGS:    5 13:15:29       -3.760706        0.3256
BFGS:    6 13:15:29       -3.762208        0.2664
BFGS:    7 13:15:29       -3.762019        0.1344
BFGS:    8 13:15:29       -3.761738        0.1663
BFGS:    9 13:15:29       -3.762337        0.1031
BFGS:   10 13:15:30       -3.762980        0.1004
BFGS:   11 13:15:30       -3.764585        0.1052
BFGS:   12 13:15:30       -3.766334        0.1015
BFGS:   13 13:15:30       -3.768586        0.1186
BFGS:   14 13:15:30       -3.770530        0.0942
BFGS:   15 13:15:30       -3.771600        0.0978
BFGS:   16 13:15:30       -3.772914        0.0702
BFGS:   17 13:15:30       -3.773760        0.0946
BFGS:   18 13:15:30       -3.774861        0.0919
BFGS:   19 13:15:30       -3.775910        0.1009
BFGS:   20 13:15:30       -3.777026        0.1096
BFGS:   21 13:15:31       -3.778464        0.0730
BFGS:   22 13:15:31       -3.780159        0.0960
BFGS:   23 13:15:31       -3.781933        0.0928
BFGS:   24 13:15:31       -3.783740        0.0770
BFGS:   25 13:15:31       -3.785431        0.0803
BFGS:   26 13:15:31       -3.787556        0.0865
BFGS:   27 13:15:31       -3.789536        0.0911
BFGS:   28 13:15:31       -3.791480        0.0854
BFGS:   29 13:15:31       -3.793114        0.0624
BFGS:   30 13:15:31       -3.794513        0.0758
BFGS:   31 13:15:32       -3.796055        0.0959
BFGS:   32 13:15:32       -3.797605        0.0925
BFGS:   33 13:15:32       -3.799145        0.0731
BFGS:   34 13:15:32       -3.800691        0.0544
BFGS:   35 13:15:32       -3.802088        0.0808
BFGS:   36 13:15:32       -3.803655        0.0675
BFGS:   37 13:15:32       -3.804784        0.0626
BFGS:   38 13:15:32       -3.805722        0.0430
      Step     Time          Energy         fmax
BFGS:    0 13:15:32       -3.226969        9.2252
BFGS:    1 13:15:32       -3.560525        6.9475
BFGS:    2 13:15:32       -3.682807        6.7357
BFGS:    3 13:15:32       -3.386295        6.8354
BFGS:    4 13:15:32       -3.748758        0.6511
BFGS:    5 13:15:33       -3.748928        0.2945
BFGS:    6 13:15:33       -3.750351        0.2612
BFGS:    7 13:15:33       -3.750882        0.1440
BFGS:    8 13:15:33       -3.750624        0.1531
BFGS:    9 13:15:33       -3.750953        0.0730
BFGS:   10 13:15:33       -3.751090        0.1112
BFGS:   11 13:15:33       -3.751959        0.1056
BFGS:   12 13:15:34       -3.752722        0.0853
BFGS:   13 13:15:34       -3.753603        0.0681
BFGS:   14 13:15:34       -3.754650        0.0554
BFGS:   15 13:15:34       -3.754937        0.0589
BFGS:   16 13:15:34       -3.755195        0.0369
      Step     Time          Energy         fmax
BFGS:    0 13:15:34       -2.977892       10.8668
BFGS:    1 13:15:34       -3.419363        8.4588
BFGS:    2 13:15:34       -3.569794        8.3071
BFGS:    3 13:15:35       -3.147484        7.5966
BFGS:    4 13:15:35       -3.676667        0.8669
BFGS:    5 13:15:35       -3.676431        0.3590
BFGS:    6 13:15:35       -3.677698        0.2702
BFGS:    7 13:15:35       -3.678579        0.1729
BFGS:    8 13:15:35       -3.677798        0.1992
BFGS:    9 13:15:35       -3.677303        0.0700
BFGS:   10 13:15:35       -3.676465        0.1370
BFGS:   11 13:15:36       -3.676445        0.1575
BFGS:   12 13:15:36       -3.676450        0.1476
BFGS:   13 13:15:36       -3.677276        0.0669
BFGS:   14 13:15:36       -3.678739        0.0787
BFGS:   15 13:15:36       -3.679250        0.1092
BFGS:   16 13:15:36       -3.679676        0.0645
BFGS:   17 13:15:36       -3.679173        0.0564
BFGS:   18 13:15:37       -3.678677        0.0708
BFGS:   19 13:15:37       -3.678471        0.0929
BFGS:   20 13:15:37       -3.678659        0.0664
BFGS:   21 13:15:37       -3.679671        0.0439
      Step     Time          Energy         fmax
BFGS:    0 13:15:37       -2.791402       11.6047
BFGS:    1 13:15:37       -3.305641        9.3145
BFGS:    2 13:15:37       -3.440339        9.5761
BFGS:    3 13:15:37       -2.991983        7.5226
BFGS:    4 13:15:37       -3.588485        1.0702
BFGS:    5 13:15:38       -3.587848        0.3811
BFGS:    6 13:15:38       -3.588961        0.2707
BFGS:    7 13:15:38       -3.590532        0.1784
BFGS:    8 13:15:38       -3.590149        0.2055
BFGS:    9 13:15:38       -3.589362        0.0878
BFGS:   10 13:15:38       -3.588470        0.1063
BFGS:   11 13:15:38       -3.588466        0.1156
BFGS:   12 13:15:38       -3.588690        0.0990
BFGS:   13 13:15:39       -3.589668        0.0728
BFGS:   14 13:15:39       -3.591137        0.0885
BFGS:   15 13:15:39       -3.591555        0.1190
BFGS:   16 13:15:39       -3.591776        0.0857
BFGS:   17 13:15:39       -3.590735        0.0787
BFGS:   18 13:15:39       -3.589597        0.0997
BFGS:   19 13:15:39       -3.588748        0.1369
BFGS:   20 13:15:39       -3.588579        0.1468
BFGS:   21 13:15:40       -3.590208        0.1139
BFGS:   22 13:15:40       -3.592378        0.0803
BFGS:   23 13:15:40       -3.594056        0.1217
BFGS:   24 13:15:40       -3.595175        0.1050
BFGS:   25 13:15:40       -3.595192        0.0634
BFGS:   26 13:15:40       -3.595684        0.0999
BFGS:   27 13:15:40       -3.596370        0.1074
BFGS:   28 13:15:41       -3.598052        0.0865
BFGS:   29 13:15:41       -3.599865        0.0575
BFGS:   30 13:15:41       -3.601559        0.0578
BFGS:   31 13:15:41       -3.602562        0.0821
BFGS:   32 13:15:41       -3.603162        0.0646
BFGS:   33 13:15:41       -3.603071        0.0579
BFGS:   34 13:15:41       -3.603310        0.0538
BFGS:   35 13:15:41       -3.603806        0.0712
BFGS:   36 13:15:42       -3.605095        0.0852
BFGS:   37 13:15:42       -3.607001        0.0677
BFGS:   38 13:15:42       -3.608688        0.0462
      Step     Time          Energy         fmax
BFGS:    0 13:15:42       -2.800770       10.8327
BFGS:    1 13:15:42       -3.294453        9.9439
BFGS:    2 13:15:42       -3.348720        9.6693
BFGS:    3 13:15:42       -3.027027        7.0419
BFGS:    4 13:15:43       -3.515814        1.0925
BFGS:    5 13:15:43       -3.512953        0.3852
BFGS:    6 13:15:43       -3.512825        0.3020
BFGS:    7 13:15:43       -3.514770        0.2152
BFGS:    8 13:15:43       -3.515252        0.1941
BFGS:    9 13:15:43       -3.515019        0.1039
BFGS:   10 13:15:44       -3.514880        0.0911
BFGS:   11 13:15:44       -3.515782        0.0917
BFGS:   12 13:15:44       -3.516605        0.0947
BFGS:   13 13:15:44       -3.517718        0.0753
BFGS:   14 13:15:44       -3.519202        0.0723
BFGS:   15 13:15:44       -3.519426        0.0619
BFGS:   16 13:15:45       -3.519287        0.0416
      Step     Time          Energy         fmax
BFGS:    0 13:15:45       -2.535273       12.0036
BFGS:    1 13:15:45       -3.139394       11.5365
BFGS:    2 13:15:45       -3.188586       10.7646
BFGS:    3 13:15:46       -2.800163        7.8085
BFGS:    4 13:15:46       -3.405226        1.2790
BFGS:    5 13:15:46       -3.404065        0.4356
BFGS:    6 13:15:46       -3.403162        0.2970
BFGS:    7 13:15:46       -3.405236        0.2115
BFGS:    8 13:15:46       -3.405509        0.2170
BFGS:    9 13:15:47       -3.404527        0.0936
BFGS:   10 13:15:47       -3.403331        0.1144
BFGS:   11 13:15:47       -3.402788        0.1357
BFGS:   12 13:15:47       -3.403306        0.1229
BFGS:   13 13:15:47       -3.404141        0.0713
BFGS:   14 13:15:48       -3.405948        0.0876
BFGS:   15 13:15:48       -3.406286        0.0968
BFGS:   16 13:15:48       -3.406014        0.0552
BFGS:   17 13:15:48       -3.405100        0.0718
BFGS:   18 13:15:48       -3.404273        0.0882
BFGS:   19 13:15:48       -3.404480        0.0946
BFGS:   20 13:15:48       -3.405219        0.0594
BFGS:   21 13:15:49       -3.406569        0.0601
BFGS:   22 13:15:49       -3.407745        0.0829
BFGS:   23 13:15:49       -3.408280        0.0802
BFGS:   24 13:15:49       -3.408585        0.0595
BFGS:   25 13:15:49       -3.408353        0.0772
BFGS:   26 13:15:50       -3.409056        0.0763
BFGS:   27 13:15:50       -3.410069        0.0875
BFGS:   28 13:15:50       -3.412280        0.0864
BFGS:   29 13:15:50       -3.414674        0.0905
BFGS:   30 13:15:50       -3.417156        0.0909
BFGS:   31 13:15:51       -3.419180        0.1119
BFGS:   32 13:15:51       -3.420378        0.1191
BFGS:   33 13:15:51       -3.420720        0.1093
BFGS:   34 13:15:51       -3.421483        0.0982
BFGS:   35 13:15:51       -3.422476        0.1181
BFGS:   36 13:15:51       -3.424824        0.1533
BFGS:   37 13:15:51       -3.427752        0.1259
BFGS:   38 13:15:52       -3.430712        0.0813
BFGS:   39 13:15:52       -3.433305        0.0971
BFGS:   40 13:15:52       -3.435403        0.1075
BFGS:   41 13:15:52       -3.437583        0.1064
BFGS:   42 13:15:52       -3.439838        0.0898
BFGS:   43 13:15:52       -3.441722        0.0662
BFGS:   44 13:15:53       -3.443334        0.0856
BFGS:   45 13:15:53       -3.444610        0.0828
BFGS:   46 13:15:53       -3.445667        0.0655
BFGS:   47 13:15:53       -3.446595        0.0619
BFGS:   48 13:15:53       -3.447336        0.0606
BFGS:   49 13:15:53       -3.448039        0.0716
BFGS:   50 13:15:53       -3.449152        0.0632
BFGS:   51 13:15:54       -3.449775        0.0584
BFGS:   52 13:15:54       -3.451354        0.0632
BFGS:   53 13:15:54       -3.451699        0.0668
BFGS:   54 13:15:54       -3.452932        0.0639
BFGS:   55 13:15:54       -3.453924        0.0562
BFGS:   56 13:15:54       -3.454468        0.0517
BFGS:   57 13:15:55       -3.455169        0.0504
BFGS:   58 13:15:55       -3.455970        0.0513
BFGS:   59 13:15:55       -3.456903        0.0596
BFGS:   60 13:15:55       -3.458121        0.0578
BFGS:   61 13:15:55       -3.459213        0.0571
BFGS:   62 13:15:55       -3.460349        0.0611
BFGS:   63 13:15:55       -3.461373        0.0686
BFGS:   64 13:15:56       -3.462319        0.0701
BFGS:   65 13:15:56       -3.463688        0.0799
BFGS:   66 13:15:56       -3.465362        0.0827
BFGS:   67 13:15:56       -3.468145        0.0811
BFGS:   68 13:15:56       -3.471224        0.0914
BFGS:   69 13:15:56       -3.473851        0.0600
BFGS:   70 13:15:56       -3.475577        0.0512
BFGS:   71 13:15:56       -3.476616        0.0684
BFGS:   72 13:15:56       -3.477445        0.0725
BFGS:   73 13:15:56       -3.477725        0.0563
BFGS:   74 13:15:57       -3.478439        0.0497
      Step     Time          Energy         fmax
BFGS:    0 13:15:57       -2.582173       11.4056
BFGS:    1 13:15:57       -3.139052       11.1876
BFGS:    2 13:15:57       -3.166446        9.8719
BFGS:    3 13:15:57       -2.846062        7.3851
BFGS:    4 13:15:57       -3.371989        1.0899
BFGS:    5 13:15:57       -3.370300        0.4510
BFGS:    6 13:15:57       -3.369167        0.3100
BFGS:    7 13:15:58       -3.371238        0.2083
BFGS:    8 13:15:58       -3.372026        0.2066
BFGS:    9 13:15:58       -3.371066        0.1045
BFGS:   10 13:15:58       -3.369819        0.1161
BFGS:   11 13:15:59       -3.369867        0.1136
BFGS:   12 13:15:59       -3.371032        0.1130
BFGS:   13 13:15:59       -3.372109        0.0734
BFGS:   14 13:15:59       -3.374095        0.0814
BFGS:   15 13:15:59       -3.374424        0.0942
BFGS:   16 13:16:00       -3.374324        0.0536
BFGS:   17 13:16:00       -3.373713        0.0619
BFGS:   18 13:16:00       -3.373390        0.0786
BFGS:   19 13:16:00       -3.373634        0.0808
BFGS:   20 13:16:00       -3.374314        0.0546
BFGS:   21 13:16:00       -3.375687        0.0469
      Step     Time          Energy         fmax
BFGS:    0 13:16:00       -2.326128       12.3436
BFGS:    1 13:16:01       -2.987869       12.6946
BFGS:    2 13:16:01       -2.994666       10.5120
BFGS:    3 13:16:01       -2.656497        7.8020
BFGS:    4 13:16:01       -3.248423        1.2247
BFGS:    5 13:16:01       -3.248944        0.5176
BFGS:    6 13:16:01       -3.246858        0.3027
BFGS:    7 13:16:01       -3.249391        0.2109
BFGS:    8 13:16:01       -3.250552        0.1939
BFGS:    9 13:16:02       -3.249074        0.0937
BFGS:   10 13:16:02       -3.247335        0.1037
BFGS:   11 13:16:02       -3.247097        0.0906
BFGS:   12 13:16:02       -3.248165        0.0658
BFGS:   13 13:16:02       -3.248911        0.0522
BFGS:   14 13:16:02       -3.250092        0.0682
BFGS:   15 13:16:03       -3.249904        0.0645
BFGS:   16 13:16:03       -3.249158        0.0444
      Step     Time          Energy         fmax
BFGS:    0 13:16:03       -2.011818       13.3566
BFGS:    1 13:16:03       -2.814237       14.0436
BFGS:    2 13:16:03       -2.795960       11.0380
BFGS:    3 13:16:03       -2.434799        8.1698
BFGS:    4 13:16:03       -3.097100        1.3505
BFGS:    5 13:16:03       -3.101739        0.6110
BFGS:    6 13:16:04       -3.098464        0.3234
BFGS:    7 13:16:04       -3.101381        0.2237
BFGS:    8 13:16:04       -3.102804        0.2069
BFGS:    9 13:16:04       -3.100748        0.0973
BFGS:   10 13:16:04       -3.098246        0.1169
BFGS:   11 13:16:04       -3.097086        0.1327
BFGS:   12 13:16:04       -3.098017        0.1066
BFGS:   13 13:16:05       -3.098981        0.0751
BFGS:   14 13:16:06       -3.100925        0.0828
BFGS:   15 13:16:08       -3.100867        0.0923
BFGS:   16 13:16:09       -3.100088        0.0530
BFGS:   17 13:16:11       -3.098862        0.0635
BFGS:   18 13:16:12       -3.097858        0.0789
BFGS:   19 13:16:12       -3.098000        0.0825
BFGS:   20 13:16:13       -3.098901        0.0505
BFGS:   21 13:16:14       -3.100446        0.0577
BFGS:   22 13:16:14       -3.100957        0.0647
BFGS:   23 13:16:14       -3.101043        0.0603
BFGS:   24 13:16:15       -3.100365        0.0521
BFGS:   25 13:16:15       -3.099635        0.0554
BFGS:   26 13:16:15       -3.099854        0.0546
BFGS:   27 13:16:15       -3.100492        0.0546
BFGS:   28 13:16:15       -3.101988        0.0448
      Step     Time          Energy         fmax
BFGS:    0 13:16:16       -1.753310       13.9346
BFGS:    1 13:16:16       -2.646748       15.2097
BFGS:    2 13:16:16       -2.592071       10.9757
BFGS:    3 13:16:16       -2.264702        8.2038
BFGS:    4 13:16:17       -2.934449        1.3686
BFGS:    5 13:16:19       -2.942125        0.6699
BFGS:    6 13:16:20       -2.938458        0.3364
BFGS:    7 13:16:21       -2.941556        0.2291
BFGS:    8 13:16:22       -2.943506        0.2097
BFGS:    9 13:16:23       -2.941129        0.1062
BFGS:   10 13:16:23       -2.938409        0.0978
BFGS:   11 13:16:25       -2.937951        0.0988
BFGS:   12 13:16:25       -2.939330        0.0686
BFGS:   13 13:16:26       -2.940310        0.0548
BFGS:   14 13:16:26       -2.941668        0.0582
BFGS:   15 13:16:26       -2.941443        0.0521
BFGS:   16 13:16:26       -2.940709        0.0304
      Step     Time          Energy         fmax
BFGS:    0 13:16:26       -1.407782       14.7764
BFGS:    1 13:16:26       -2.541211       15.1550
BFGS:    2 13:16:26       -2.384976       11.0267
BFGS:    3 13:16:26       -2.171918        7.2357
BFGS:    4 13:16:27       -2.749650        1.5108
BFGS:    5 13:16:27       -2.761492        0.7488
BFGS:    6 13:16:27       -2.756490        0.3321
BFGS:    7 13:16:27       -2.759045        0.2376
BFGS:    8 13:16:27       -2.760728        0.1750
BFGS:    9 13:16:27       -2.758555        0.0979
BFGS:   10 13:16:27       -2.755843        0.1034
BFGS:   11 13:16:28       -2.755080        0.1090
BFGS:   12 13:16:28       -2.756213        0.0808
BFGS:   13 13:16:29       -2.756940        0.0720
BFGS:   14 13:16:32       -2.758446        0.0739
BFGS:   15 13:16:33       -2.758168        0.0813
BFGS:   16 13:16:34       -2.757133        0.0477
      Step     Time          Energy         fmax
BFGS:    0 13:16:34       -1.054653       15.6421
BFGS:    1 13:16:34       -2.408601       14.9660
BFGS:    2 13:16:35       -2.164136       10.8866
BFGS:    3 13:16:35       -2.068291        6.1931
BFGS:    4 13:16:35       -2.547849        1.6814
BFGS:    5 13:16:35       -2.564376        0.8286
BFGS:    6 13:16:36       -2.557633        0.3184
BFGS:    7 13:16:36       -2.559578        0.2365
BFGS:    8 13:16:36       -2.561164        0.1569
BFGS:    9 13:16:36       -2.559300        0.0903
BFGS:   10 13:16:36       -2.556751        0.1026
BFGS:   11 13:16:37       -2.555816        0.1135
BFGS:   12 13:16:37       -2.556609        0.0885
BFGS:   13 13:16:37       -2.556937        0.0821
BFGS:   14 13:16:37       -2.558236        0.0830
BFGS:   15 13:16:37       -2.557909        0.1018
BFGS:   16 13:16:38       -2.556859        0.0697
BFGS:   17 13:16:38       -2.555653        0.0724
BFGS:   18 13:16:38       -2.554739        0.0809
BFGS:   19 13:16:38       -2.554951        0.0917
BFGS:   20 13:16:38       -2.555657        0.0872
BFGS:   21 13:16:38       -2.557538        0.0941
BFGS:   22 13:16:39       -2.559428        0.0797
BFGS:   23 13:16:39       -2.559934        0.0970
BFGS:   24 13:16:39       -2.560113        0.0837
BFGS:   25 13:16:39       -2.558848        0.0999
BFGS:   26 13:16:39       -2.559346        0.0836
BFGS:   27 13:16:40       -2.560391        0.0914
BFGS:   28 13:16:40       -2.562698        0.0822
BFGS:   29 13:16:40       -2.565820        0.0743
BFGS:   30 13:16:40       -2.567127        0.0763
BFGS:   31 13:16:40       -2.569185        0.0932
BFGS:   32 13:16:40       -2.568235        0.0981
BFGS:   33 13:16:40       -2.567564        0.0853
BFGS:   34 13:16:40       -2.566939        0.0788
BFGS:   35 13:16:41       -2.566912        0.1033
BFGS:   36 13:16:41       -2.568839        0.1373
BFGS:   37 13:16:41       -2.571117        0.1085
BFGS:   38 13:16:41       -2.574010        0.0777
BFGS:   39 13:16:41       -2.576755        0.0716
BFGS:   40 13:16:42       -2.578290        0.0856
BFGS:   41 13:16:42       -2.580780        0.0833
BFGS:   42 13:16:42       -2.582316        0.0869
BFGS:   43 13:16:42       -2.584316        0.0912
BFGS:   44 13:16:42       -2.585958        0.0881
BFGS:   45 13:16:42       -2.587337        0.0931
BFGS:   46 13:16:42       -2.589233        0.0673
BFGS:   47 13:16:43       -2.589967        0.0925
BFGS:   48 13:16:43       -2.591447        0.0811
BFGS:   49 13:16:43       -2.591794        0.0890
BFGS:   50 13:16:43       -2.593387        0.1001
BFGS:   51 13:16:43       -2.594949        0.0879
BFGS:   52 13:16:43       -2.597122        0.0891
BFGS:   53 13:16:43       -2.599141        0.0927
BFGS:   54 13:16:44       -2.601243        0.0923
BFGS:   55 13:16:44       -2.602732        0.0849
BFGS:   56 13:16:44       -2.603898        0.0833
BFGS:   57 13:16:44       -2.605056        0.0753
BFGS:   58 13:16:44       -2.605875        0.0719
BFGS:   59 13:16:44       -2.608069        0.1017
BFGS:   60 13:16:44       -2.609735        0.1013
BFGS:   61 13:16:45       -2.612747        0.0853
BFGS:   62 13:16:45       -2.615561        0.0891
BFGS:   63 13:16:45       -2.617438        0.0876
BFGS:   64 13:16:45       -2.619891        0.0859
BFGS:   65 13:16:45       -2.620718        0.0754
BFGS:   66 13:16:45       -2.622776        0.0754
BFGS:   67 13:16:45       -2.624592        0.0768
BFGS:   68 13:16:45       -2.627347        0.0937
BFGS:   69 13:16:46       -2.630408        0.0846
BFGS:   70 13:16:46       -2.632624        0.0806
BFGS:   71 13:16:46       -2.635222        0.0755
BFGS:   72 13:16:46       -2.636288        0.0952
BFGS:   73 13:16:46       -2.638004        0.0875
BFGS:   74 13:16:47       -2.638824        0.1065
BFGS:   75 13:16:47       -2.640804        0.1067
BFGS:   76 13:16:47       -2.644038        0.1174
BFGS:   77 13:16:47       -2.648285        0.1266
BFGS:   78 13:16:47       -2.653529        0.1238
BFGS:   79 13:16:47       -2.658875        0.1870
BFGS:   80 13:16:47       -2.662752        0.1890
BFGS:   81 13:16:47       -2.668648        0.1373
BFGS:   82 13:16:47       -2.671637        0.1197
BFGS:   83 13:16:47       -2.677944        0.1467
BFGS:   84 13:16:47       -2.682553        0.1801
BFGS:   85 13:16:48       -2.688497        0.1363
BFGS:   86 13:16:48       -2.692476        0.0732
BFGS:   87 13:16:48       -2.695845        0.0702
BFGS:   88 13:16:48       -2.697461        0.1124
BFGS:   89 13:16:48       -2.699410        0.1169
BFGS:   90 13:16:48       -2.701149        0.0741
BFGS:   91 13:16:48       -2.703321        0.0717
BFGS:   92 13:16:48       -2.705143        0.0932
BFGS:   93 13:16:48       -2.707645        0.1011
BFGS:   94 13:16:48       -2.708786        0.0751
BFGS:   95 13:16:48       -2.710622        0.0733
BFGS:   96 13:16:49       -2.711052        0.0751
BFGS:   97 13:16:49       -2.711725        0.0606
BFGS:   98 13:16:49       -2.712460        0.0576
BFGS:   99 13:16:49       -2.713532        0.0687
BFGS:  100 13:16:49       -2.714932        0.0662
BFGS:  101 13:16:49       -2.716222        0.0673
BFGS:  102 13:16:50       -2.717348        0.0520
BFGS:  103 13:16:50       -2.718197        0.0533
BFGS:  104 13:16:50       -2.718632        0.0665
BFGS:  105 13:16:50       -2.719182        0.0695
BFGS:  106 13:16:51       -2.719800        0.0550
BFGS:  107 13:16:51       -2.720856        0.0507
BFGS:  108 13:16:51       -2.722255        0.0612
BFGS:  109 13:16:51       -2.723582        0.0759
BFGS:  110 13:16:51       -2.724706        0.0655
BFGS:  111 13:16:51       -2.725029        0.0501
BFGS:  112 13:16:51       -2.725176        0.0418
      Step     Time          Energy         fmax
BFGS:    0 13:16:51       -1.437472       13.9608
BFGS:    1 13:16:52       -2.319434       15.5482
BFGS:    2 13:16:52       -2.198592        9.0259
BFGS:    3 13:16:52       -2.095224        6.5337
BFGS:    4 13:16:52       -2.557900        1.2445
BFGS:    5 13:16:52       -2.560919        0.7451
BFGS:    6 13:16:52       -2.559868        0.2992
BFGS:    7 13:16:52       -2.562464        0.1837
BFGS:    8 13:16:52       -2.564380        0.1393
BFGS:    9 13:16:52       -2.561856        0.0846
BFGS:   10 13:16:52       -2.559259        0.0773
BFGS:   11 13:16:53       -2.559194        0.0800
BFGS:   12 13:16:53       -2.560335        0.0662
BFGS:   13 13:16:53       -2.561744        0.0548
BFGS:   14 13:16:53       -2.563215        0.0604
BFGS:   15 13:16:53       -2.563312        0.0625
BFGS:   16 13:16:53       -2.562605        0.0424
      Step     Time          Energy         fmax
BFGS:    0 13:16:53       -1.156691       14.3289
BFGS:    1 13:16:53       -2.177138       14.3611
BFGS:    2 13:16:53       -1.999835        8.8525
BFGS:    3 13:16:54       -1.983302        5.6815
BFGS:    4 13:16:54       -2.376522        1.3889
BFGS:    5 13:16:54       -2.385158        0.8666
BFGS:    6 13:16:54       -2.384818        0.2821
BFGS:    7 13:16:54       -2.387159        0.1729
BFGS:    8 13:16:54       -2.388687        0.1231
BFGS:    9 13:16:54       -2.385968        0.0680
BFGS:   10 13:16:54       -2.383612        0.0772
BFGS:   11 13:16:54       -2.383057        0.0888
BFGS:   12 13:16:54       -2.383542        0.0700
BFGS:   13 13:16:54       -2.384721        0.0596
BFGS:   14 13:16:55       -2.386168        0.0594
BFGS:   15 13:16:55       -2.386195        0.0686
BFGS:   16 13:16:55       -2.385507        0.0486
      Step     Time          Energy         fmax
BFGS:    0 13:16:55       -0.891024       14.4178
BFGS:    1 13:16:55       -1.982648       12.9138
BFGS:    2 13:16:55       -1.802337        8.4652
BFGS:    3 13:16:55       -1.857580        5.3521
BFGS:    4 13:16:55       -2.189036        1.6557
BFGS:    5 13:16:55       -2.181904        0.9572
BFGS:    6 13:16:55       -2.182611        0.3071
BFGS:    7 13:16:55       -2.187494        0.1587
BFGS:    8 13:16:56       -2.188550        0.1347
BFGS:    9 13:16:56       -2.185661        0.0618
BFGS:   10 13:16:56       -2.183392        0.0721
BFGS:   11 13:16:56       -2.182035        0.0927
BFGS:   12 13:16:56       -2.182214        0.0755
BFGS:   13 13:16:56       -2.183105        0.0618
BFGS:   14 13:16:56       -2.184700        0.0648
BFGS:   15 13:16:56       -2.184681        0.0759
BFGS:   16 13:16:56       -2.184041        0.0600
BFGS:   17 13:16:56       -2.182981        0.0553
BFGS:   18 13:16:56       -2.182203        0.0687
BFGS:   19 13:16:56       -2.182251        0.0793
BFGS:   20 13:16:57       -2.183503        0.0663
BFGS:   21 13:16:57       -2.185236        0.0609
BFGS:   22 13:16:57       -2.186397        0.0643
BFGS:   23 13:16:57       -2.186440        0.0566
BFGS:   24 13:16:57       -2.185754        0.0449
      Step     Time          Energy         fmax
BFGS:    0 13:16:57       -0.846898       13.1260
BFGS:    1 13:16:57       -1.725214        9.3357
BFGS:    2 13:16:57       -1.683464        7.2680
BFGS:    3 13:16:57       -1.743569        4.7939
BFGS:    4 13:16:57       -1.971169        1.4592
BFGS:    5 13:16:57       -1.985435        1.0620
BFGS:    6 13:16:58       -1.994294        0.1944
BFGS:    7 13:16:58       -1.996037        0.1421
BFGS:    8 13:16:58       -1.997582        0.1210
BFGS:    9 13:16:58       -1.995170        0.0671
BFGS:   10 13:16:58       -1.992128        0.0721
BFGS:   11 13:16:58       -1.990683        0.0700
BFGS:   12 13:16:58       -1.991884        0.0449
      Step     Time          Energy         fmax
BFGS:    0 13:16:58       -0.832083       11.7414
BFGS:    1 13:16:59       -1.436485        6.2112
BFGS:    2 13:16:59       -1.684355        3.7056
BFGS:    3 13:16:59       -1.711833        2.9590
BFGS:    4 13:16:59       -1.768677        1.1030
BFGS:    5 13:16:59       -1.772002        1.1213
BFGS:    6 13:16:59       -1.779485        0.1473
BFGS:    7 13:16:59       -1.779732        0.1272
BFGS:    8 13:17:00       -1.779076        0.1588
BFGS:    9 13:17:00       -1.777799        0.0866
BFGS:   10 13:17:00       -1.776154        0.0776
BFGS:   11 13:17:00       -1.775643        0.0920
BFGS:   12 13:17:00       -1.776217        0.0607
BFGS:   13 13:17:00       -1.777164        0.0474
      Step     Time          Energy         fmax
BFGS:    0 13:17:00       -1.442741        6.4169
BFGS:    1 13:17:00       -1.636013        3.1921
BFGS:    2 13:17:01       -1.788844        1.5004
BFGS:    3 13:17:01       -1.781976        1.6640
BFGS:    4 13:17:01       -1.808212        0.3917
BFGS:    5 13:17:01       -1.802164        0.6330
BFGS:    6 13:17:01       -1.812186        0.1662
BFGS:    7 13:17:01       -1.814442        0.1159
BFGS:    8 13:17:01       -1.815109        0.0672
BFGS:    9 13:17:01       -1.815663        0.0916
BFGS:   10 13:17:01       -1.816744        0.1174
BFGS:   11 13:17:01       -1.818946        0.0900
BFGS:   12 13:17:02       -1.821597        0.0635
BFGS:   13 13:17:02       -1.823318        0.0705
BFGS:   14 13:17:02       -1.824925        0.0693
BFGS:   15 13:17:02       -1.825860        0.0636
BFGS:   16 13:17:02       -1.826862        0.0653
BFGS:   17 13:17:02       -1.828311        0.0911
BFGS:   18 13:17:02       -1.830315        0.0878
BFGS:   19 13:17:02       -1.833027        0.1053
BFGS:   20 13:17:02       -1.835832        0.1087
BFGS:   21 13:17:02       -1.838046        0.0790
BFGS:   22 13:17:03       -1.840229        0.0639
BFGS:   23 13:17:03       -1.841667        0.0663
BFGS:   24 13:17:03       -1.842686        0.0677
BFGS:   25 13:17:03       -1.844278        0.0695
BFGS:   26 13:17:03       -1.845322        0.0752
BFGS:   27 13:17:03       -1.847297        0.0624
BFGS:   28 13:17:03       -1.848668        0.0509
BFGS:   29 13:17:03       -1.850129        0.0641
BFGS:   30 13:17:03       -1.851641        0.0605
BFGS:   31 13:17:03       -1.852363        0.0607
BFGS:   32 13:17:04       -1.853688        0.0624
BFGS:   33 13:17:04       -1.854509        0.0655
BFGS:   34 13:17:04       -1.856023        0.0883
BFGS:   35 13:17:04       -1.857698        0.0916
BFGS:   36 13:17:04       -1.859503        0.0827
BFGS:   37 13:17:04       -1.861155        0.0633
BFGS:   38 13:17:04       -1.862343        0.0637
BFGS:   39 13:17:04       -1.863752        0.0664
BFGS:   40 13:17:04       -1.865079        0.0897
BFGS:   41 13:17:04       -1.866847        0.0724
BFGS:   42 13:17:05       -1.868736        0.0730
BFGS:   43 13:17:05       -1.870654        0.0769
BFGS:   44 13:17:05       -1.872700        0.0594
BFGS:   45 13:17:05       -1.874377        0.0620
BFGS:   46 13:17:05       -1.876610        0.0713
BFGS:   47 13:17:05       -1.878430        0.0936
BFGS:   48 13:17:05       -1.880715        0.0821
BFGS:   49 13:17:05       -1.882324        0.0618
BFGS:   50 13:17:05       -1.884155        0.0692
BFGS:   51 13:17:06       -1.885827        0.0627
BFGS:   52 13:17:06       -1.887504        0.0644
BFGS:   53 13:17:06       -1.889828        0.0641
BFGS:   54 13:17:06       -1.891607        0.0704
BFGS:   55 13:17:06       -1.894154        0.0740
BFGS:   56 13:17:06       -1.895667        0.0746
BFGS:   57 13:17:06       -1.897763        0.0977
BFGS:   58 13:17:06       -1.899507        0.0802
BFGS:   59 13:17:07       -1.901529        0.0737
BFGS:   60 13:17:07       -1.903609        0.0601
BFGS:   61 13:17:07       -1.906261        0.0900
BFGS:   62 13:17:07       -1.908973        0.1266
BFGS:   63 13:17:07       -1.912074        0.1118
BFGS:   64 13:17:07       -1.914638        0.0771
BFGS:   65 13:17:07       -1.916826        0.0671
BFGS:   66 13:17:07       -1.918594        0.0790
BFGS:   67 13:17:07       -1.920030        0.0841
BFGS:   68 13:17:07       -1.921525        0.0688
BFGS:   69 13:17:08       -1.923169        0.0780
BFGS:   70 13:17:08       -1.925312        0.0916
BFGS:   71 13:17:08       -1.928164        0.1117
BFGS:   72 13:17:08       -1.930750        0.0858
BFGS:   73 13:17:08       -1.933885        0.0889
BFGS:   74 13:17:08       -1.936046        0.1082
BFGS:   75 13:17:08       -1.939745        0.1278
BFGS:   76 13:17:08       -1.944033        0.1352
BFGS:   77 13:17:08       -1.948831        0.0971
BFGS:   78 13:17:08       -1.953221        0.1150
BFGS:   79 13:17:08       -1.957290        0.1214
BFGS:   80 13:17:08       -1.960643        0.0893
BFGS:   81 13:17:08       -1.963307        0.0744
BFGS:   82 13:17:08       -1.965401        0.0830
BFGS:   83 13:17:08       -1.967077        0.1147
BFGS:   84 13:17:08       -1.969003        0.1078
BFGS:   85 13:17:08       -1.971099        0.0806
BFGS:   86 13:17:09       -1.973652        0.0843
BFGS:   87 13:17:09       -1.976567        0.0881
BFGS:   88 13:17:09       -1.979279        0.1178
BFGS:   89 13:17:09       -1.981933        0.0919
BFGS:   90 13:17:09       -1.984467        0.0851
BFGS:   91 13:17:09       -1.986657        0.0921
BFGS:   92 13:17:09       -1.988980        0.0894
BFGS:   93 13:17:09       -1.991147        0.0725
BFGS:   94 13:17:09       -1.993428        0.0660
BFGS:   95 13:17:09       -1.995219        0.0950
BFGS:   96 13:17:09       -1.997408        0.0919
BFGS:   97 13:17:09       -1.999290        0.0704
BFGS:   98 13:17:09       -2.001166        0.0653
BFGS:   99 13:17:09       -2.002970        0.0595
BFGS:  100 13:17:09       -2.004275        0.0651
BFGS:  101 13:17:09       -2.006074        0.0642
BFGS:  102 13:17:09       -2.007633        0.0661
BFGS:  103 13:17:09       -2.009409        0.0647
BFGS:  104 13:17:09       -2.011065        0.0682
BFGS:  105 13:17:09       -2.012631        0.0707
BFGS:  106 13:17:09       -2.014673        0.0714
BFGS:  107 13:17:10       -2.016357        0.0597
BFGS:  108 13:17:10       -2.018471        0.0660
BFGS:  109 13:17:10       -2.020345        0.0591
BFGS:  110 13:17:10       -2.022278        0.0498
Performing final optimization with tight thresholds...
      Step     Time          Energy         fmax
BFGS:    0 13:17:10       -2.022278        0.0498
Tight optimization complete!
Relaxed scan complete! Trajectory saved to opt.traj. 
Finished in 0 hours, 2 minutes, and 0 seconds
