Optimizing input structure...
      Step     Time          Energy         fmax
BFGS:    0 08:03:57       -1.146948        2.7858
BFGS:    1 08:03:57       -1.477857        1.5153
BFGS:    2 08:03:57       -1.630619        0.8658
BFGS:    3 08:03:57       -1.723126        0.8131
BFGS:    4 08:03:57       -1.750952        0.5368
BFGS:    5 08:03:57       -1.774351        0.3425
BFGS:    6 08:03:57       -1.789075        0.2709
BFGS:    7 08:03:57       -1.796649        0.2213
BFGS:    8 08:03:57       -1.802572        0.2260
BFGS:    9 08:03:57       -1.808497        0.2570
BFGS:   10 08:03:57       -1.814483        0.2039
BFGS:   11 08:03:57       -1.821211        0.1932
BFGS:   12 08:03:57       -1.827515        0.1667
BFGS:   13 08:03:57       -1.832048        0.1518
BFGS:   14 08:03:57       -1.835517        0.1488
BFGS:   15 08:03:57       -1.839383        0.1498
BFGS:   16 08:03:57       -1.844707        0.1594
BFGS:   17 08:03:57       -1.848591        0.1357
BFGS:   18 08:03:58       -1.850672        0.0999
BFGS:   19 08:03:58       -1.852320        0.1032
BFGS:   20 08:03:58       -1.854286        0.1275
BFGS:   21 08:03:58       -1.856770        0.1286
BFGS:   22 08:03:58       -1.858476        0.0932
BFGS:   23 08:03:58       -1.859387        0.0610
BFGS:   24 08:03:58       -1.860154        0.0728
BFGS:   25 08:03:58       -1.861011        0.0686
BFGS:   26 08:03:58       -1.861778        0.0589
BFGS:   27 08:03:58       -1.862328        0.0548
BFGS:   28 08:03:58       -1.862759        0.0442
Optimization complete!
Performing a relaxed scan over 20 steps...
      Step     Time          Energy         fmax
BFGS:    0 08:03:58       -1.716164        4.3916
BFGS:    1 08:03:58       -1.802591        4.1289
BFGS:    2 08:03:58       -1.815956        1.6444
BFGS:    3 08:03:58       -1.833073        0.9191
BFGS:    4 08:03:58       -1.844395        0.2105
BFGS:    5 08:03:59       -1.844816        0.1868
BFGS:    6 08:03:59       -1.846062        0.1167
BFGS:    7 08:03:59       -1.847262        0.0763
BFGS:    8 08:03:59       -1.848202        0.0814
BFGS:    9 08:03:59       -1.849188        0.0864
BFGS:   10 08:03:59       -1.849769        0.0814
BFGS:   11 08:03:59       -1.850132        0.0569
BFGS:   12 08:03:59       -1.850631        0.0692
BFGS:   13 08:03:59       -1.851387        0.0782
BFGS:   14 08:03:59       -1.852120        0.0691
BFGS:   15 08:03:59       -1.852706        0.0801
BFGS:   16 08:04:00       -1.853232        0.0693
BFGS:   17 08:04:00       -1.853855        0.0828
BFGS:   18 08:04:00       -1.854561        0.0862
BFGS:   19 08:04:00       -1.855217        0.1016
BFGS:   20 08:04:00       -1.855778        0.0843
BFGS:   21 08:04:00       -1.856553        0.0821
BFGS:   22 08:04:00       -1.857522        0.1002
BFGS:   23 08:04:00       -1.859200        0.1140
BFGS:   24 08:04:00       -1.861488        0.1657
BFGS:   25 08:04:00       -1.864547        0.1554
BFGS:   26 08:04:00       -1.867136        0.1534
BFGS:   27 08:04:00       -1.869120        0.1411
BFGS:   28 08:04:00       -1.870781        0.0932
BFGS:   29 08:04:00       -1.872859        0.1264
BFGS:   30 08:04:00       -1.875496        0.1236
BFGS:   31 08:04:01       -1.878443        0.1549
BFGS:   32 08:04:01       -1.881508        0.1710
BFGS:   33 08:04:01       -1.884592        0.1611
BFGS:   34 08:04:01       -1.887921        0.1494
BFGS:   35 08:04:01       -1.890627        0.1302
BFGS:   36 08:04:01       -1.892554        0.1196
BFGS:   37 08:04:01       -1.893826        0.1013
BFGS:   38 08:04:01       -1.894895        0.0836
BFGS:   39 08:04:01       -1.896389        0.1084
BFGS:   40 08:04:01       -1.897839        0.1151
BFGS:   41 08:04:01       -1.899491        0.0855
BFGS:   42 08:04:01       -1.900837        0.0666
BFGS:   43 08:04:01       -1.902066        0.0756
BFGS:   44 08:04:01       -1.903450        0.0806
BFGS:   45 08:04:01       -1.905078        0.0811
BFGS:   46 08:04:01       -1.906523        0.1187
BFGS:   47 08:04:02       -1.907906        0.1131
BFGS:   48 08:04:02       -1.908882        0.0527
BFGS:   49 08:04:02       -1.909587        0.0435
      Step     Time          Energy         fmax
BFGS:    0 08:04:02       -1.685224        5.8298
BFGS:    1 08:04:02       -1.809833        6.0527
BFGS:    2 08:04:02       -1.842470        2.2309
BFGS:    3 08:04:02       -1.868645        1.2163
BFGS:    4 08:04:02       -1.890255        0.2471
BFGS:    5 08:04:02       -1.890029        0.1399
BFGS:    6 08:04:02       -1.890825        0.0995
BFGS:    7 08:04:02       -1.891848        0.0592
BFGS:    8 08:04:02       -1.892258        0.0604
BFGS:    9 08:04:02       -1.892805        0.0559
BFGS:   10 08:04:02       -1.893129        0.0542
BFGS:   11 08:04:02       -1.893404        0.0451
      Step     Time          Energy         fmax
BFGS:    0 08:04:02       -1.547861        7.1905
BFGS:    1 08:04:02       -1.753876        8.5366
BFGS:    2 08:04:02       -1.777845        2.2373
BFGS:    3 08:04:02       -1.819305        1.3386
BFGS:    4 08:04:02       -1.847256        0.2772
BFGS:    5 08:04:02       -1.846102        0.1749
BFGS:    6 08:04:02       -1.846726        0.1196
BFGS:    7 08:04:03       -1.847729        0.0661
BFGS:    8 08:04:03       -1.848455        0.0688
BFGS:    9 08:04:03       -1.849058        0.0817
BFGS:   10 08:04:03       -1.849612        0.1012
BFGS:   11 08:04:03       -1.849988        0.0700
BFGS:   12 08:04:03       -1.850475        0.0764
BFGS:   13 08:04:03       -1.851371        0.0778
BFGS:   14 08:04:03       -1.852039        0.0847
BFGS:   15 08:04:03       -1.852664        0.0735
BFGS:   16 08:04:03       -1.852931        0.0635
BFGS:   17 08:04:03       -1.853247        0.0658
BFGS:   18 08:04:03       -1.853319        0.0497
      Step     Time          Energy         fmax
BFGS:    0 08:04:03       -1.393755        8.3116
BFGS:    1 08:04:03       -1.685790       10.6350
BFGS:    2 08:04:03       -1.697804        2.2590
BFGS:    3 08:04:04       -1.753180        1.4604
BFGS:    4 08:04:04       -1.786466        0.3185
BFGS:    5 08:04:04       -1.784361        0.1988
BFGS:    6 08:04:04       -1.785132        0.1292
BFGS:    7 08:04:04       -1.786078        0.0704
BFGS:    8 08:04:04       -1.786870        0.0640
BFGS:    9 08:04:04       -1.787087        0.0688
BFGS:   10 08:04:04       -1.787039        0.0647
BFGS:   11 08:04:04       -1.787169        0.0569
BFGS:   12 08:04:04       -1.787374        0.0675
BFGS:   13 08:04:04       -1.788034        0.0744
BFGS:   14 08:04:04       -1.788507        0.1060
BFGS:   15 08:04:04       -1.789165        0.0883
BFGS:   16 08:04:04       -1.789428        0.0827
BFGS:   17 08:04:04       -1.789825        0.0979
BFGS:   18 08:04:05       -1.789859        0.0816
BFGS:   19 08:04:05       -1.789868        0.0602
BFGS:   20 08:04:05       -1.789935        0.0492
      Step     Time          Energy         fmax
BFGS:    0 08:04:05       -1.228422        9.1803
BFGS:    1 08:04:05       -1.607470       12.4051
BFGS:    2 08:04:05       -1.601966        2.2548
BFGS:    3 08:04:05       -1.668883        1.5408
BFGS:    4 08:04:05       -1.706864        0.3449
BFGS:    5 08:04:05       -1.703974        0.2251
BFGS:    6 08:04:05       -1.704941        0.1352
BFGS:    7 08:04:05       -1.705867        0.0832
BFGS:    8 08:04:05       -1.706847        0.0601
BFGS:    9 08:04:05       -1.707007        0.0716
BFGS:   10 08:04:05       -1.706631        0.0547
BFGS:   11 08:04:06       -1.706672        0.0497
      Step     Time          Energy         fmax
BFGS:    0 08:04:06       -0.989518       10.3461
BFGS:    1 08:04:06       -1.507873       14.7063
BFGS:    2 08:04:06       -1.470394        2.2646
BFGS:    3 08:04:06       -1.556054        1.6471
BFGS:    4 08:04:06       -1.596293        0.3813
BFGS:    5 08:04:06       -1.592536        0.2702
BFGS:    6 08:04:06       -1.593870        0.1618
BFGS:    7 08:04:06       -1.594886        0.1096
BFGS:    8 08:04:06       -1.596369        0.0862
BFGS:    9 08:04:06       -1.597214        0.1325
BFGS:   10 08:04:06       -1.596971        0.1310
BFGS:   11 08:04:06       -1.597071        0.0966
BFGS:   12 08:04:06       -1.597384        0.0893
BFGS:   13 08:04:06       -1.598734        0.1182
BFGS:   14 08:04:06       -1.600154        0.1857
BFGS:   15 08:04:06       -1.601595        0.1612
BFGS:   16 08:04:06       -1.602453        0.1450
BFGS:   17 08:04:07       -1.603382        0.1407
BFGS:   18 08:04:07       -1.603729        0.1275
BFGS:   19 08:04:07       -1.603822        0.1201
BFGS:   20 08:04:07       -1.603843        0.1004
BFGS:   21 08:04:07       -1.604323        0.0814
BFGS:   22 08:04:07       -1.605612        0.0782
BFGS:   23 08:04:07       -1.607064        0.0852
BFGS:   24 08:04:07       -1.609156        0.1091
BFGS:   25 08:04:07       -1.610520        0.1175
BFGS:   26 08:04:07       -1.611353        0.1333
BFGS:   27 08:04:07       -1.611230        0.0937
BFGS:   28 08:04:07       -1.611522        0.0805
BFGS:   29 08:04:07       -1.611920        0.0925
BFGS:   30 08:04:07       -1.613218        0.1176
BFGS:   31 08:04:07       -1.614394        0.0876
BFGS:   32 08:04:07       -1.615671        0.0737
BFGS:   33 08:04:07       -1.616807        0.0888
BFGS:   34 08:04:07       -1.618053        0.0995
BFGS:   35 08:04:07       -1.619621        0.1016
BFGS:   36 08:04:07       -1.621361        0.1025
BFGS:   37 08:04:07       -1.623112        0.0830
BFGS:   38 08:04:07       -1.624547        0.0828
BFGS:   39 08:04:08       -1.625479        0.0785
BFGS:   40 08:04:08       -1.625945        0.0561
BFGS:   41 08:04:08       -1.626117        0.0496
      Step     Time          Energy         fmax
BFGS:    0 08:04:08       -0.864343       11.0310
BFGS:    1 08:04:08       -1.382565       15.7054
BFGS:    2 08:04:08       -1.370585        2.5988
BFGS:    3 08:04:08       -1.470658        1.8887
BFGS:    4 08:04:08       -1.521202        0.4127
BFGS:    5 08:04:08       -1.516916        0.2473
BFGS:    6 08:04:08       -1.518151        0.1424
BFGS:    7 08:04:08       -1.518721        0.1072
BFGS:    8 08:04:08       -1.519555        0.0723
BFGS:    9 08:04:08       -1.519533        0.0884
BFGS:   10 08:04:08       -1.518905        0.0689
BFGS:   11 08:04:08       -1.519069        0.0592
BFGS:   12 08:04:08       -1.519367        0.0540
BFGS:   13 08:04:08       -1.520100        0.0552
BFGS:   14 08:04:09       -1.520486        0.0687
BFGS:   15 08:04:09       -1.520677        0.0507
BFGS:   16 08:04:09       -1.520536        0.0460
      Step     Time          Energy         fmax
BFGS:    0 08:04:09       -0.624473       11.8999
BFGS:    1 08:04:09       -1.277664       17.3310
BFGS:    2 08:04:09       -1.221077        2.8260
BFGS:    3 08:04:09       -1.340243        1.9212
BFGS:    4 08:04:09       -1.393332        0.4670
BFGS:    5 08:04:09       -1.387958        0.2856
BFGS:    6 08:04:09       -1.389824        0.1526
BFGS:    7 08:04:09       -1.390457        0.1076
BFGS:    8 08:04:09       -1.391325        0.0713
BFGS:    9 08:04:09       -1.391124        0.0827
BFGS:   10 08:04:09       -1.390127        0.0742
BFGS:   11 08:04:09       -1.390114        0.0721
BFGS:   12 08:04:09       -1.390286        0.0741
BFGS:   13 08:04:09       -1.391139        0.0851
BFGS:   14 08:04:09       -1.391804        0.1037
BFGS:   15 08:04:10       -1.392231        0.0843
BFGS:   16 08:04:10       -1.392092        0.0753
BFGS:   17 08:04:10       -1.391838        0.0695
BFGS:   18 08:04:10       -1.391307        0.0574
BFGS:   19 08:04:10       -1.390988        0.0526
BFGS:   20 08:04:10       -1.391098        0.0535
BFGS:   21 08:04:10       -1.391323        0.0528
BFGS:   22 08:04:10       -1.392086        0.0434
      Step     Time          Energy         fmax
BFGS:    0 08:04:10       -0.410631       12.3524
BFGS:    1 08:04:10       -1.166441       18.2309
BFGS:    2 08:04:10       -1.064935        2.9586
BFGS:    3 08:04:10       -1.196864        1.9343
BFGS:    4 08:04:10       -1.252017        0.5046
BFGS:    5 08:04:10       -1.245721        0.3080
BFGS:    6 08:04:10       -1.248486        0.1594
BFGS:    7 08:04:10       -1.249415        0.1140
BFGS:    8 08:04:10       -1.250362        0.0721
BFGS:    9 08:04:10       -1.250108        0.0824
BFGS:   10 08:04:11       -1.249185        0.0608
BFGS:   11 08:04:11       -1.249217        0.0553
BFGS:   12 08:04:11       -1.249508        0.0547
BFGS:   13 08:04:11       -1.250249        0.0701
BFGS:   14 08:04:11       -1.250969        0.0996
BFGS:   15 08:04:11       -1.251411        0.1015
BFGS:   16 08:04:11       -1.251139        0.1046
BFGS:   17 08:04:11       -1.250622        0.1107
BFGS:   18 08:04:11       -1.249460        0.1014
BFGS:   19 08:04:11       -1.248811        0.1007
BFGS:   20 08:04:11       -1.248419        0.0992
BFGS:   21 08:04:11       -1.249179        0.0875
BFGS:   22 08:04:11       -1.249898        0.0701
BFGS:   23 08:04:11       -1.250895        0.0606
BFGS:   24 08:04:12       -1.251149        0.0579
BFGS:   25 08:04:12       -1.251058        0.0590
BFGS:   26 08:04:12       -1.250734        0.0561
BFGS:   27 08:04:12       -1.250498        0.0612
BFGS:   28 08:04:12       -1.250786        0.0646
BFGS:   29 08:04:12       -1.251434        0.0554
BFGS:   30 08:04:12       -1.252447        0.0783
BFGS:   31 08:04:12       -1.253277        0.0607
BFGS:   32 08:04:12       -1.253753        0.0587
BFGS:   33 08:04:12       -1.253780        0.0603
BFGS:   34 08:04:12       -1.253866        0.0615
BFGS:   35 08:04:12       -1.254174        0.0677
BFGS:   36 08:04:12       -1.254908        0.0422
      Step     Time          Energy         fmax
BFGS:    0 08:04:12       -0.239603       12.6058
BFGS:    1 08:04:12       -1.038677       18.5547
BFGS:    2 08:04:12       -0.913937        3.0345
BFGS:    3 08:04:12       -1.057876        1.9405
BFGS:    4 08:04:12       -1.111883        0.4972
BFGS:    5 08:04:12       -1.105790        0.3029
BFGS:    6 08:04:12       -1.108370        0.1582
BFGS:    7 08:04:12       -1.109367        0.1093
BFGS:    8 08:04:13       -1.110321        0.0694
BFGS:    9 08:04:13       -1.110005        0.0900
BFGS:   10 08:04:13       -1.109068        0.0690
BFGS:   11 08:04:13       -1.109218        0.0581
BFGS:   12 08:04:13       -1.109712        0.0562
BFGS:   13 08:04:13       -1.110719        0.0540
BFGS:   14 08:04:13       -1.111413        0.0514
BFGS:   15 08:04:13       -1.111583        0.0407
      Step     Time          Energy         fmax
BFGS:    0 08:04:13        0.017270       13.2241
BFGS:    1 08:04:13       -0.908184       18.8556
BFGS:    2 08:04:13       -0.708938        3.2343
BFGS:    3 08:04:13       -0.884057        2.0334
BFGS:    4 08:04:13       -0.946115        0.5233
BFGS:    5 08:04:13       -0.940788        0.3463
BFGS:    6 08:04:13       -0.945741        0.1508
BFGS:    7 08:04:13       -0.946143        0.1118
BFGS:    8 08:04:13       -0.946239        0.0691
BFGS:    9 08:04:13       -0.945157        0.0703
BFGS:   10 08:04:13       -0.943362        0.0751
BFGS:   11 08:04:13       -0.943152        0.0707
BFGS:   12 08:04:13       -0.943597        0.0697
BFGS:   13 08:04:13       -0.945070        0.0798
BFGS:   14 08:04:13       -0.946485        0.0908
BFGS:   15 08:04:13       -0.947091        0.0954
BFGS:   16 08:04:13       -0.946307        0.0871
BFGS:   17 08:04:13       -0.945200        0.0683
BFGS:   18 08:04:13       -0.943724        0.0743
BFGS:   19 08:04:13       -0.942995        0.0680
BFGS:   20 08:04:13       -0.942766        0.0615
BFGS:   21 08:04:14       -0.943318        0.0572
BFGS:   22 08:04:14       -0.944048        0.0514
BFGS:   23 08:04:14       -0.944455        0.0493
      Step     Time          Energy         fmax
BFGS:    0 08:04:14        0.175289       13.1433
BFGS:    1 08:04:14       -0.750931       17.6194
BFGS:    2 08:04:14       -0.540161        3.1556
BFGS:    3 08:04:14       -0.702717        1.8835
BFGS:    4 08:04:14       -0.759562        0.6107
BFGS:    5 08:04:14       -0.753786        0.4065
BFGS:    6 08:04:14       -0.759165        0.1534
BFGS:    7 08:04:14       -0.759404        0.1218
BFGS:    8 08:04:14       -0.759497        0.0800
BFGS:    9 08:04:14       -0.759069        0.0686
BFGS:   10 08:04:14       -0.758406        0.0658
BFGS:   11 08:04:14       -0.758824        0.0590
BFGS:   12 08:04:14       -0.759680        0.0577
BFGS:   13 08:04:14       -0.761218        0.0685
BFGS:   14 08:04:14       -0.762894        0.0806
BFGS:   15 08:04:14       -0.764123        0.0996
BFGS:   16 08:04:14       -0.764397        0.1041
BFGS:   17 08:04:14       -0.764430        0.1218
BFGS:   18 08:04:14       -0.763475        0.1523
BFGS:   19 08:04:14       -0.762900        0.1511
BFGS:   20 08:04:14       -0.762440        0.1320
BFGS:   21 08:04:14       -0.763381        0.1219
BFGS:   22 08:04:14       -0.765195        0.0925
BFGS:   23 08:04:14       -0.766171        0.0750
BFGS:   24 08:04:15       -0.766621        0.0634
BFGS:   25 08:04:15       -0.766387        0.0589
BFGS:   26 08:04:15       -0.766335        0.0696
BFGS:   27 08:04:15       -0.766294        0.0852
BFGS:   28 08:04:15       -0.766971        0.0929
BFGS:   29 08:04:15       -0.767768        0.0789
BFGS:   30 08:04:15       -0.768759        0.0640
BFGS:   31 08:04:15       -0.769311        0.0489
      Step     Time          Energy         fmax
BFGS:    0 08:04:15        0.106703       11.5400
BFGS:    1 08:04:15       -0.597116       13.8687
BFGS:    2 08:04:15       -0.467665        2.5925
BFGS:    3 08:04:15       -0.596543        1.7890
BFGS:    4 08:04:15       -0.629546        0.6341
BFGS:    5 08:04:15       -0.619555        0.4368
BFGS:    6 08:04:15       -0.624400        0.1521
BFGS:    7 08:04:15       -0.626988        0.0995
BFGS:    8 08:04:15       -0.627542        0.0871
BFGS:    9 08:04:15       -0.627109        0.0627
BFGS:   10 08:04:15       -0.626735        0.0527
BFGS:   11 08:04:16       -0.626993        0.0439
      Step     Time          Energy         fmax
BFGS:    0 08:04:16        0.178782       10.8528
BFGS:    1 08:04:16       -0.531669       14.2023
BFGS:    2 08:04:16       -0.360749        2.3413
BFGS:    3 08:04:16       -0.471423        1.5604
BFGS:    4 08:04:16       -0.494596        0.5800
BFGS:    5 08:04:16       -0.486177        0.4789
BFGS:    6 08:04:16       -0.491708        0.1401
BFGS:    7 08:04:16       -0.493883        0.1027
BFGS:    8 08:04:16       -0.494224        0.1068
BFGS:    9 08:04:16       -0.493853        0.0876
BFGS:   10 08:04:16       -0.493219        0.0982
BFGS:   11 08:04:16       -0.493428        0.0911
BFGS:   12 08:04:16       -0.493995        0.0733
BFGS:   13 08:04:16       -0.495407        0.0691
BFGS:   14 08:04:16       -0.497204        0.0887
BFGS:   15 08:04:16       -0.498703        0.0972
BFGS:   16 08:04:16       -0.499024        0.1042
BFGS:   17 08:04:16       -0.498984        0.1077
BFGS:   18 08:04:16       -0.498243        0.0922
BFGS:   19 08:04:16       -0.497953        0.1057
BFGS:   20 08:04:16       -0.498064        0.0681
BFGS:   21 08:04:16       -0.498798        0.0667
BFGS:   22 08:04:16       -0.499990        0.0674
BFGS:   23 08:04:17       -0.500828        0.0693
BFGS:   24 08:04:17       -0.501490        0.0770
BFGS:   25 08:04:17       -0.501537        0.0852
BFGS:   26 08:04:17       -0.501833        0.1046
BFGS:   27 08:04:17       -0.502090        0.0834
BFGS:   28 08:04:17       -0.502887        0.0636
BFGS:   29 08:04:17       -0.503706        0.0478
      Step     Time          Energy         fmax
BFGS:    0 08:04:17        0.249727       10.3885
BFGS:    1 08:04:17       -0.384367       13.5862
BFGS:    2 08:04:17       -0.234454        2.4558
BFGS:    3 08:04:17       -0.348535        1.5121
BFGS:    4 08:04:17       -0.379909        0.6674
BFGS:    5 08:04:17       -0.371893        0.6209
BFGS:    6 08:04:17       -0.377915        0.1153
BFGS:    7 08:04:17       -0.379285        0.1028
BFGS:    8 08:04:17       -0.378982        0.0918
BFGS:    9 08:04:17       -0.378408        0.0577
BFGS:   10 08:04:17       -0.377863        0.0632
BFGS:   11 08:04:17       -0.378208        0.0544
BFGS:   12 08:04:17       -0.378897        0.0525
BFGS:   13 08:04:17       -0.380092        0.0445
      Step     Time          Energy         fmax
BFGS:    0 08:04:17        0.363566       10.0148
BFGS:    1 08:04:17       -0.270550       12.2360
BFGS:    2 08:04:17       -0.113829        2.3815
BFGS:    3 08:04:17       -0.221052        1.3663
BFGS:    4 08:04:17       -0.247805        0.6352
BFGS:    5 08:04:17       -0.241160        0.5662
BFGS:    6 08:04:17       -0.246332        0.1246
BFGS:    7 08:04:17       -0.247465        0.0912
BFGS:    8 08:04:17       -0.247058        0.0856
BFGS:    9 08:04:17       -0.246425        0.0730
BFGS:   10 08:04:18       -0.245705        0.0825
BFGS:   11 08:04:18       -0.245871        0.0864
BFGS:   12 08:04:18       -0.246564        0.0890
BFGS:   13 08:04:18       -0.248253        0.0764
BFGS:   14 08:04:18       -0.250191        0.0999
BFGS:   15 08:04:18       -0.251751        0.0926
BFGS:   16 08:04:18       -0.252412        0.0810
BFGS:   17 08:04:18       -0.252300        0.0942
BFGS:   18 08:04:18       -0.251855        0.1059
BFGS:   19 08:04:18       -0.251650        0.0729
BFGS:   20 08:04:18       -0.252245        0.0637
BFGS:   21 08:04:18       -0.252953        0.0683
BFGS:   22 08:04:18       -0.254126        0.0723
BFGS:   23 08:04:18       -0.254813        0.0646
BFGS:   24 08:04:18       -0.255202        0.0684
BFGS:   25 08:04:18       -0.255296        0.0738
BFGS:   26 08:04:18       -0.255563        0.0884
BFGS:   27 08:04:18       -0.256224        0.0926
BFGS:   28 08:04:18       -0.257043        0.0692
BFGS:   29 08:04:18       -0.257977        0.0480
      Step     Time          Energy         fmax
BFGS:    0 08:04:18        0.293444        8.4779
BFGS:    1 08:04:18       -0.160091        9.5226
BFGS:    2 08:04:18       -0.073424        1.9883
BFGS:    3 08:04:18       -0.143967        1.0817
BFGS:    4 08:04:18       -0.159288        0.4856
BFGS:    5 08:04:18       -0.155193        0.4437
BFGS:    6 08:04:18       -0.158318        0.1112
BFGS:    7 08:04:18       -0.159449        0.0796
BFGS:    8 08:04:18       -0.159542        0.0872
BFGS:    9 08:04:18       -0.159433        0.0549
BFGS:   10 08:04:18       -0.159531        0.0541
BFGS:   11 08:04:18       -0.159971        0.0582
BFGS:   12 08:04:18       -0.160505        0.0547
BFGS:   13 08:04:18       -0.161417        0.0531
BFGS:   14 08:04:19       -0.162083        0.0444
      Step     Time          Energy         fmax
BFGS:    0 08:04:19        0.300538        7.5427
BFGS:    1 08:04:19       -0.070839        8.0091
BFGS:    2 08:04:19       -0.012008        1.8576
BFGS:    3 08:04:19       -0.069414        0.8832
BFGS:    4 08:04:19       -0.078894        0.2928
BFGS:    5 08:04:19       -0.077879        0.2949
BFGS:    6 08:04:19       -0.078916        0.1295
BFGS:    7 08:04:19       -0.079406        0.0846
BFGS:    8 08:04:19       -0.079941        0.0641
BFGS:    9 08:04:19       -0.080639        0.0775
BFGS:   10 08:04:19       -0.080867        0.0803
BFGS:   11 08:04:19       -0.081303        0.0861
BFGS:   12 08:04:19       -0.081841        0.0817
BFGS:   13 08:04:19       -0.083146        0.0996
BFGS:   14 08:04:19       -0.084578        0.0841
BFGS:   15 08:04:19       -0.085925        0.0823
BFGS:   16 08:04:19       -0.086901        0.0842
BFGS:   17 08:04:19       -0.087869        0.0928
BFGS:   18 08:04:19       -0.088498        0.0816
BFGS:   19 08:04:19       -0.089023        0.0823
BFGS:   20 08:04:19       -0.089489        0.0719
BFGS:   21 08:04:19       -0.090220        0.0827
BFGS:   22 08:04:19       -0.091374        0.0780
BFGS:   23 08:04:19       -0.092584        0.0757
BFGS:   24 08:04:19       -0.094110        0.0932
BFGS:   25 08:04:19       -0.096124        0.1438
BFGS:   26 08:04:19       -0.098908        0.1656
BFGS:   27 08:04:19       -0.101283        0.1231
BFGS:   28 08:04:19       -0.102473        0.0853
BFGS:   29 08:04:19       -0.102925        0.0528
BFGS:   30 08:04:19       -0.103298        0.0552
BFGS:   31 08:04:19       -0.104022        0.0548
BFGS:   32 08:04:19       -0.104771        0.0632
BFGS:   33 08:04:20       -0.105461        0.0716
BFGS:   34 08:04:20       -0.106115        0.0659
BFGS:   35 08:04:20       -0.106747        0.0682
BFGS:   36 08:04:20       -0.107318        0.0529
BFGS:   37 08:04:20       -0.107806        0.0433
      Step     Time          Energy         fmax
BFGS:    0 08:04:20        0.170689        5.7533
BFGS:    1 08:04:20       -0.026958        5.0718
BFGS:    2 08:04:20       -0.041502        1.8310
BFGS:    3 08:04:20       -0.064053        0.6846
BFGS:    4 08:04:20       -0.070819        0.1916
BFGS:    5 08:04:20       -0.071460        0.1407
BFGS:    6 08:04:20       -0.072301        0.1256
BFGS:    7 08:04:20       -0.072830        0.1589
BFGS:    8 08:04:20       -0.073430        0.0467
      Step     Time          Energy         fmax
BFGS:    0 08:04:20        0.132903        4.9166
BFGS:    1 08:04:20       -0.010570        4.1451
BFGS:    2 08:04:20       -0.040052        0.8467
BFGS:    3 08:04:20       -0.051503        0.6311
BFGS:    4 08:04:20       -0.055997        0.6510
BFGS:    5 08:04:20       -0.057120        0.2525
BFGS:    6 08:04:20       -0.058742        0.1099
BFGS:    7 08:04:20       -0.060051        0.2142
BFGS:    8 08:04:20       -0.060962        0.2133
BFGS:    9 08:04:20       -0.062173        0.0753
BFGS:   10 08:04:20       -0.063190        0.0763
BFGS:   11 08:04:20       -0.063995        0.0945
BFGS:   12 08:04:20       -0.064781        0.1265
BFGS:   13 08:04:20       -0.065828        0.2464
BFGS:   14 08:04:20       -0.066815        0.1751
BFGS:   15 08:04:20       -0.067682        0.1324
BFGS:   16 08:04:20       -0.068951        0.1247
BFGS:   17 08:04:20       -0.069181        0.1058
BFGS:   18 08:04:20       -0.070577        0.2885
BFGS:   19 08:04:21       -0.070514        0.0894
BFGS:   20 08:04:21       -0.070768        0.0636
BFGS:   21 08:04:21       -0.071246        0.1008
BFGS:   22 08:04:21       -0.071855        0.1173
BFGS:   23 08:04:21       -0.072509        0.1030
BFGS:   24 08:04:21       -0.073314        0.0955
BFGS:   25 08:04:21       -0.074532        0.1017
BFGS:   26 08:04:21       -0.076388        0.1213
BFGS:   27 08:04:21       -0.078462        0.1495
BFGS:   28 08:04:21       -0.080185        0.1317
BFGS:   29 08:04:21       -0.081221        0.0629
BFGS:   30 08:04:21       -0.081965        0.0701
BFGS:   31 08:04:21       -0.082558        0.0591
BFGS:   32 08:04:21       -0.083149        0.0538
BFGS:   33 08:04:21       -0.083873        0.0546
BFGS:   34 08:04:21       -0.084792        0.0655
BFGS:   35 08:04:21       -0.085712        0.0508
BFGS:   36 08:04:21       -0.086416        0.0576
BFGS:   37 08:04:21       -0.087058        0.0530
BFGS:   38 08:04:21       -0.087861        0.0699
BFGS:   39 08:04:21       -0.088732        0.0673
BFGS:   40 08:04:21       -0.089576        0.0471
Performing final optimization with tight thresholds...
      Step     Time          Energy         fmax
BFGS:    0 08:04:21       -0.089576        0.0471
Tight optimization complete!
Relaxed scan complete! Trajectory saved to opt.traj. 
Finished in 0 hours, 0 minutes, and 29 seconds
