You need to install the group's fork of aRMSD and put it in your path https://github.mit.edu/MLMat/aRMSD
[ 0.        +8.43001565e+02j  0.        +5.91796728e+00j
  0.        +2.61618751e+00j  0.        +2.15518411e+00j
  0.        +6.16328905e-01j  3.91104782+0.00000000e+00j
  7.16937118+0.00000000e+00j  9.99026516+0.00000000e+00j
 16.64553694+0.00000000e+00j 21.1391209 +0.00000000e+00j
 25.87845532+0.00000000e+00j 28.07502381+0.00000000e+00j
 34.64016533+0.00000000e+00j 37.24330411+0.00000000e+00j
 45.92978462+0.00000000e+00j 49.5195726 +0.00000000e+00j
 54.04261439+0.00000000e+00j 60.37813701+0.00000000e+00j
 68.45588988+0.00000000e+00j 74.76805938+0.00000000e+00j]
Entropy components at T = 298.15 K and P = 101325.0 Pa:
=================================================
                           S               T*S
S_trans (1 bar)    0.0019477 eV/K        0.581 eV
S_rot              0.0016656 eV/K        0.497 eV
S_elec             0.0000000 eV/K        0.000 eV
S_vib              0.0069100 eV/K        2.060 eV
S (1 bar -> P)    -0.0000011 eV/K       -0.000 eV
-------------------------------------------------
S                  0.0105222 eV/K        3.137 eV
=================================================
Enthalpy components at T = 298.15 K:
===============================
E_pot                 -2.467 eV
E_ZPE                 17.382 eV
Cv_trans (0->T)        0.039 eV
Cv_rot (0->T)          0.039 eV
Cv_vib (0->T)          0.967 eV
(C_v -> C_p)           0.026 eV
-------------------------------
H                     15.985 eV
===============================
RMS: 0.037268951535224915, MAX: 1.6493070125579834
RMS: 0.008569324389100075, MAX: 0.230481818318367
RMS: 0.005578654818236828, MAX: 0.08939094096422195
RMS: 0.005822327919304371, MAX: 0.0954592302441597
RMS: 0.004975283518433571, MAX: 0.07680413872003555
RMS: 0.005155026447027922, MAX: 0.1133834645152092
RMS: 0.0059442417696118355, MAX: 0.11871066689491272
RMS: 0.0063745249062776566, MAX: 0.10028218477964401
RMS: 0.005419440101832151, MAX: 0.08654177188873291
RMS: 0.0046376315876841545, MAX: 0.0824429914355278
RMS: 0.004638535436242819, MAX: 0.06497272104024887
RMS: 0.004540868103504181, MAX: 0.09041281044483185
RMS: 0.004574989899992943, MAX: 0.10155398398637772
RMS: 0.0045826914720237255, MAX: 0.08270570635795593
RMS: 0.0041913664899766445, MAX: 0.04721101000905037
RMS: 0.00398393627256155, MAX: 0.04855530709028244
RMS: 0.0044676014222204685, MAX: 0.04398231953382492
RMS: 0.004942707251757383, MAX: 0.05619363859295845
RMS: 0.005191372241824865, MAX: 0.07061734795570374
RMS: 0.0050893197767436504, MAX: 0.06926855444908142
RMS: 0.004549433942884207, MAX: 0.05108760669827461
RMS: 0.004487655591219664, MAX: 0.0347323976457119
RMS: 0.004064491484314203, MAX: 0.019213413819670677
RMS: 0.004206579178571701, MAX: 0.025906886905431747
RMS: 0.002940316451713443, MAX: 0.016148820519447327
RMS: 0.001833734568208456, MAX: 0.011835310608148575
RMS: 0.00202748691663146, MAX: 0.013403758406639099
RMS: 0.0017492506885901093, MAX: 0.015696411952376366
RMS: 0.0018214633455500007, MAX: 0.01893816515803337
RMS: 0.0017254308331757784, MAX: 0.024310020729899406
RMS: 0.002009341726079583, MAX: 0.014982336200773716
RMS: 0.001593188033439219, MAX: 0.007608609274029732
RMS: 0.0033496245741844177, MAX: 0.02693610079586506
RMS: 0.0027638697065413, MAX: 0.028691545128822327
RMS: 0.004505257587879896, MAX: 0.040529459714889526
RMS: 0.004653683863580227, MAX: 0.052297621965408325
RMS: 0.0030396878719329834, MAX: 0.016041185706853867
RMS: 0.00337583152577281, MAX: 0.05907544121146202
RMS: 0.0018534826813265681, MAX: 0.02096650004386902
RMS: 0.0023251723032444715, MAX: 0.0334787517786026
RMS: 0.0014241401804611087, MAX: 0.011951347813010216
RMS: 0.002230047946795821, MAX: 0.03393624350428581
RMS: 0.0013516978360712528, MAX: 0.011690018698573112
RMS: 0.0005570948123931885, MAX: 0.00483687175437808
Optimization converged!
Eigenvector following terminated normally.
[ 0.        +7.19302153e+02j  0.        +1.64665541e+00j
  0.        +1.35938053e+00j  0.        +1.02390332e+00j
  0.        +7.90642774e-01j  0.        +4.11847307e-01j
  0.        +6.54133379e-02j 10.68532191+0.00000000e+00j
 14.32488735+0.00000000e+00j 19.4592234 +0.00000000e+00j
 25.57941899+0.00000000e+00j 27.92334703+0.00000000e+00j
 34.77307777+0.00000000e+00j 37.34323351+0.00000000e+00j
 46.25525287+0.00000000e+00j 49.0559573 +0.00000000e+00j
 51.48515489+0.00000000e+00j 60.72595282+0.00000000e+00j
 67.13682494+0.00000000e+00j 71.8016875 +0.00000000e+00j]
Flipping all imaginary frequencies except the lowest one
Entropy components at T = 298.15 K and P = 101325.0 Pa:
=================================================
                           S               T*S
S_trans (1 bar)    0.0019477 eV/K        0.581 eV
S_rot              0.0016655 eV/K        0.497 eV
S_elec             0.0000000 eV/K        0.000 eV
S_vib              0.0069478 eV/K        2.071 eV
S (1 bar -> P)    -0.0000011 eV/K       -0.000 eV
-------------------------------------------------
S                  0.0105598 eV/K        3.148 eV
=================================================
Enthalpy components at T = 298.15 K:
===============================
E_pot                 -2.480 eV
E_ZPE                 17.392 eV
Cv_trans (0->T)        0.039 eV
Cv_rot (0->T)          0.039 eV
Cv_vib (0->T)          0.968 eV
(C_v -> C_p)           0.026 eV
-------------------------------
H                     15.983 eV
===============================
