You need to install the group's fork of aRMSD and put it in your path https://github.mit.edu/MLMat/aRMSD
[  0.        +8.93084467e+02j   0.        +8.91400765e+00j
   0.        +1.14184682e+00j   0.        +1.11198228e+00j
   0.        +7.07173139e-01j   2.88723117+0.00000000e+00j
   4.28236688+0.00000000e+00j   7.01152072+0.00000000e+00j
  13.85949034+0.00000000e+00j  17.03737493+0.00000000e+00j
  21.76602014+0.00000000e+00j  40.98415576+0.00000000e+00j
  48.87872535+0.00000000e+00j  51.83751446+0.00000000e+00j
  59.51289333+0.00000000e+00j  67.29284128+0.00000000e+00j
  80.36321032+0.00000000e+00j  87.39745964+0.00000000e+00j
 109.15391585+0.00000000e+00j 117.69004394+0.00000000e+00j]
Entropy components at T = 298.15 K and P = 101325.0 Pa:
=================================================
                           S               T*S
S_trans (1 bar)    0.0019060 eV/K        0.568 eV
S_rot              0.0016326 eV/K        0.487 eV
S_elec             0.0000000 eV/K        0.000 eV
S_vib              0.0053366 eV/K        1.591 eV
S (1 bar -> P)    -0.0000011 eV/K       -0.000 eV
-------------------------------------------------
S                  0.0088742 eV/K        2.646 eV
=================================================
Enthalpy components at T = 298.15 K:
===============================
E_pot                  0.441 eV
E_ZPE                 16.240 eV
Cv_trans (0->T)        0.039 eV
Cv_rot (0->T)          0.039 eV
Cv_vib (0->T)          0.742 eV
(C_v -> C_p)           0.026 eV
-------------------------------
H                     17.526 eV
===============================
RMS: 0.015848707407712936, MAX: 0.5063698887825012
RMS: 0.009090488776564598, MAX: 0.262915700674057
RMS: 0.0032886050175875425, MAX: 0.05474120005965233
RMS: 0.00387836922891438, MAX: 0.09712968021631241
RMS: 0.0037416310515254736, MAX: 0.06385236233472824
RMS: 0.004173650871962309, MAX: 0.04906989261507988
RMS: 0.004742858465760946, MAX: 0.05377313122153282
RMS: 0.005223547574132681, MAX: 0.05546388775110245
RMS: 0.005373772233724594, MAX: 0.05787353962659836
RMS: 0.005272536538541317, MAX: 0.05322660878300667
RMS: 0.004795340821146965, MAX: 0.042415961623191833
RMS: 0.0039555407129228115, MAX: 0.02684877999126911
RMS: 0.003242260543629527, MAX: 0.023962203413248062
RMS: 0.0026178620755672455, MAX: 0.015388185158371925
RMS: 0.0038485864643007517, MAX: 0.047364503145217896
RMS: 0.0028561633080244064, MAX: 0.026638060808181763
RMS: 0.004382598679512739, MAX: 0.09822270274162292
RMS: 0.0026141454000025988, MAX: 0.011407575570046902
RMS: 0.003484682645648718, MAX: 0.08965342491865158
RMS: 0.002577568171545863, MAX: 0.020372407510876656
RMS: 0.004406243097037077, MAX: 0.038523439317941666
RMS: 0.0028633775655180216, MAX: 0.027650674805045128
RMS: 0.001529726549051702, MAX: 0.00793765764683485
RMS: 0.0013658428797498345, MAX: 0.0190927442163229
RMS: 0.0028132363222539425, MAX: 0.03324831649661064
RMS: 0.0017401392105966806, MAX: 0.022494522854685783
RMS: 0.0021492440719157457, MAX: 0.03868439048528671
RMS: 0.0016487593529745936, MAX: 0.009940330870449543
RMS: 0.0012024159077554941, MAX: 0.010898680426180363
RMS: 0.001314309542067349, MAX: 0.01956743560731411
RMS: 0.0032512687612324953, MAX: 0.05342268943786621
RMS: 0.0038348508533090353, MAX: 0.09997016936540604
RMS: 0.0043370360508561134, MAX: 0.10931162536144257
RMS: 0.0052683474496006966, MAX: 0.13341030478477478
RMS: 0.004209277220070362, MAX: 0.04607528820633888
RMS: 0.001723832101561129, MAX: 0.02710135653614998
RMS: 0.0032715557608753443, MAX: 0.03527894988656044
RMS: 0.0036568630021065474, MAX: 0.03961324319243431
RMS: 0.0028887290973216295, MAX: 0.015924442559480667
RMS: 0.00216302159242332, MAX: 0.017473699524998665
RMS: 0.0022265349980443716, MAX: 0.021860014647245407
RMS: 0.0026845368556678295, MAX: 0.0342726856470108
RMS: 0.00232822191901505, MAX: 0.024406563490629196
RMS: 0.0019032309064641595, MAX: 0.010285946540534496
RMS: 0.0021266089752316475, MAX: 0.03169906884431839
RMS: 0.0009374981746077538, MAX: 0.01654280722141266
RMS: 0.002612700453028083, MAX: 0.017471538856625557
RMS: 0.002565538976341486, MAX: 0.03259703516960144
RMS: 0.0036837405059486628, MAX: 0.03345575928688049
RMS: 0.003579017473384738, MAX: 0.03883341699838638
RMS: 0.0022363828029483557, MAX: 0.022186478599905968
RMS: 0.0015029121423140168, MAX: 0.010290540754795074
RMS: 0.0025713033974170685, MAX: 0.014680647291243076
RMS: 0.0013473330764099956, MAX: 0.006837452761828899
RMS: 0.0027310275472700596, MAX: 0.021372990682721138
RMS: 0.00423951493576169, MAX: 0.035070568323135376
RMS: 0.002310045063495636, MAX: 0.02418726496398449
RMS: 0.004330604337155819, MAX: 0.04830818995833397
RMS: 0.0031341814901679754, MAX: 0.03988388553261757
RMS: 0.0034674026537686586, MAX: 0.029088472947478294
RMS: 0.003244638442993164, MAX: 0.01879957690834999
RMS: 0.0013455244479700923, MAX: 0.015070591121912003
RMS: 0.0032277016434818506, MAX: 0.018717527389526367
RMS: 0.004367900546640158, MAX: 0.03431322053074837
RMS: 0.001424383488483727, MAX: 0.015008880756795406
RMS: 0.004547876305878162, MAX: 0.04349823668599129
RMS: 0.0027477219700813293, MAX: 0.025446085259318352
RMS: 0.003516728524118662, MAX: 0.051690731197595596
RMS: 0.0027804579585790634, MAX: 0.03988296538591385
RMS: 0.003925603348761797, MAX: 0.07223029434680939
RMS: 0.0035731804091483355, MAX: 0.061024412512779236
RMS: 0.003435207763686776, MAX: 0.0330980159342289
RMS: 0.0019359710859134793, MAX: 0.030769117176532745
RMS: 0.003014142392203212, MAX: 0.05065491795539856
RMS: 0.0016200615791603923, MAX: 0.017875513061881065
RMS: 0.003092320868745446, MAX: 0.05850891023874283
RMS: 0.0026204604655504227, MAX: 0.048124294728040695
RMS: 0.0018193504074588418, MAX: 0.020989270880818367
RMS: 0.0016207338776439428, MAX: 0.02691660448908806
RMS: 0.0014437891077250242, MAX: 0.029270939528942108
RMS: 0.0013053232105448842, MAX: 0.017258424311876297
RMS: 0.001795841846615076, MAX: 0.03690807893872261
RMS: 0.002526423428207636, MAX: 0.04125435650348663
RMS: 0.0011682756012305617, MAX: 0.005318254232406616
RMS: 0.0022043902426958084, MAX: 0.03669561445713043
RMS: 0.0037629399448633194, MAX: 0.08187384903430939
RMS: 0.004176693502813578, MAX: 0.09879638254642487
RMS: 0.004808094352483749, MAX: 0.11699415743350983
RMS: 0.0049448697827756405, MAX: 0.11734654009342194
RMS: 0.0023321807384490967, MAX: 0.055083017796278
RMS: 0.0009527337970212102, MAX: 0.005261640064418316
RMS: 0.0020529907196760178, MAX: 0.052784208208322525
RMS: 0.0015818100655451417, MAX: 0.026626979932188988
RMS: 0.0015590803232043982, MAX: 0.02531103976070881
RMS: 0.0013493680162355304, MAX: 0.01342508289963007
RMS: 0.00173518608789891, MAX: 0.012686127796769142
RMS: 0.0010838964954018593, MAX: 0.004959029611200094
Optimization converged!
Eigenvector following terminated normally.
[  0.        +7.28701908e+02j   0.        +4.78716039e+00j
   0.        +2.55969074e+00j   0.        +1.82570190e+00j
   0.        +1.09102254e+00j   0.        +9.19851029e-01j
   0.        +5.45485064e-01j   4.16815727+0.00000000e+00j
  12.8867041 +0.00000000e+00j  17.45884029+0.00000000e+00j
  20.76205649+0.00000000e+00j  41.66876971+0.00000000e+00j
  46.63897644+0.00000000e+00j  49.1204787 +0.00000000e+00j
  59.10909799+0.00000000e+00j  66.68464879+0.00000000e+00j
  79.73828465+0.00000000e+00j  88.79483679+0.00000000e+00j
 110.4071003 +0.00000000e+00j 118.79553176+0.00000000e+00j]
Flipping all imaginary frequencies except the lowest one
Entropy components at T = 298.15 K and P = 101325.0 Pa:
=================================================
                           S               T*S
S_trans (1 bar)    0.0019060 eV/K        0.568 eV
S_rot              0.0016306 eV/K        0.486 eV
S_elec             0.0000000 eV/K        0.000 eV
S_vib              0.0054018 eV/K        1.611 eV
S (1 bar -> P)    -0.0000011 eV/K       -0.000 eV
-------------------------------------------------
S                  0.0089373 eV/K        2.665 eV
=================================================
Enthalpy components at T = 298.15 K:
===============================
E_pot                  0.412 eV
E_ZPE                 16.241 eV
Cv_trans (0->T)        0.039 eV
Cv_rot (0->T)          0.039 eV
Cv_vib (0->T)          0.742 eV
(C_v -> C_p)           0.026 eV
-------------------------------
H                     17.498 eV
===============================
