You need to install the group's fork of aRMSD and put it in your path https://github.mit.edu/MLMat/aRMSD
[ 0.        +8.13569640e+02j  0.        +3.43688080e+00j
  0.        +2.09670176e+00j  0.        +7.69503740e-01j
  2.70887759+0.00000000e+00j  7.35817999+0.00000000e+00j
  7.99586294+0.00000000e+00j 11.86957384+0.00000000e+00j
 17.04022632+0.00000000e+00j 21.28421538+0.00000000e+00j
 24.3200898 +0.00000000e+00j 29.78046984+0.00000000e+00j
 32.59020667+0.00000000e+00j 40.60450556+0.00000000e+00j
 46.51401074+0.00000000e+00j 54.98505045+0.00000000e+00j
 60.51014684+0.00000000e+00j 64.02482432+0.00000000e+00j
 70.27078286+0.00000000e+00j 79.05994223+0.00000000e+00j]
Entropy components at T = 298.15 K and P = 101325.0 Pa:
=================================================
                           S               T*S
S_trans (1 bar)    0.0019477 eV/K        0.581 eV
S_rot              0.0016670 eV/K        0.497 eV
S_elec             0.0000000 eV/K        0.000 eV
S_vib              0.0068517 eV/K        2.043 eV
S (1 bar -> P)    -0.0000011 eV/K       -0.000 eV
-------------------------------------------------
S                  0.0104653 eV/K        3.120 eV
=================================================
Enthalpy components at T = 298.15 K:
===============================
E_pot                 -2.487 eV
E_ZPE                 17.402 eV
Cv_trans (0->T)        0.039 eV
Cv_rot (0->T)          0.039 eV
Cv_vib (0->T)          0.963 eV
(C_v -> C_p)           0.026 eV
-------------------------------
H                     15.981 eV
===============================
RMS: 0.0521637424826622, MAX: 1.6531145572662354
RMS: 0.01282612606883049, MAX: 0.2754864990711212
RMS: 0.005515879951417446, MAX: 0.10326704382896423
RMS: 0.008902867324650288, MAX: 0.13888603448867798
RMS: 0.0031993745360523462, MAX: 0.055263400077819824
RMS: 0.0029680912848562002, MAX: 0.03726111724972725
RMS: 0.004424741491675377, MAX: 0.04086266830563545
RMS: 0.004959453828632832, MAX: 0.05096575245261192
RMS: 0.004548132885247469, MAX: 0.04856942221522331
RMS: 0.003909926395863295, MAX: 0.042689599096775055
RMS: 0.002851553726941347, MAX: 0.029051098972558975
RMS: 0.0017862293170765042, MAX: 0.012440156191587448
RMS: 0.0017029002774506807, MAX: 0.011873382143676281
RMS: 0.00108106539119035, MAX: 0.012816885486245155
RMS: 0.0010730818612501025, MAX: 0.008967671543359756
RMS: 0.001184577471576631, MAX: 0.011125314980745316
RMS: 0.0011575125390663743, MAX: 0.007331969682127237
RMS: 0.00157824472989887, MAX: 0.011041359044611454
RMS: 0.001081203925423324, MAX: 0.009552369825541973
RMS: 0.001227791071869433, MAX: 0.012102030217647552
RMS: 0.0006458685384131968, MAX: 0.005693236831575632
RMS: 0.0005671922699548304, MAX: 0.005829259753227234
RMS: 0.00044109238660894334, MAX: 0.003318392438814044
Optimization converged!
Eigenvector following terminated normally.
[ 0.        +728.16730764j  0.          +4.30488346j
  0.          +2.90059755j  0.          +1.81468502j
  0.          +1.37893156j  0.          +1.13953915j
  0.          +0.75300914j 10.39480505  +0.j
 18.02661582  +0.j         22.53468759  +0.j
 24.43564875  +0.j         28.92144454  +0.j
 34.33025698  +0.j         40.63437547  +0.j
 47.26011514  +0.j         51.80090821  +0.j
 59.35035499  +0.j         64.8722423   +0.j
 66.98012896  +0.j         77.66405777  +0.j        ]
Flipping all imaginary frequencies except the lowest one
Entropy components at T = 298.15 K and P = 101325.0 Pa:
=================================================
                           S               T*S
S_trans (1 bar)    0.0019477 eV/K        0.581 eV
S_rot              0.0016673 eV/K        0.497 eV
S_elec             0.0000000 eV/K        0.000 eV
S_vib              0.0068480 eV/K        2.042 eV
S (1 bar -> P)    -0.0000011 eV/K       -0.000 eV
-------------------------------------------------
S                  0.0104619 eV/K        3.119 eV
=================================================
Enthalpy components at T = 298.15 K:
===============================
E_pot                 -2.534 eV
E_ZPE                 17.419 eV
Cv_trans (0->T)        0.039 eV
Cv_rot (0->T)          0.039 eV
Cv_vib (0->T)          0.963 eV
(C_v -> C_p)           0.026 eV
-------------------------------
H                     15.951 eV
===============================
