You need to install the group's fork of aRMSD and put it in your path https://github.mit.edu/MLMat/aRMSD
[ 0.        +8.84551723e+02j  0.        +5.35693322e+00j
  0.        +4.29986946e+00j  0.        +1.36718572e+00j
  0.        +6.84131263e-01j  0.        +4.73265093e-01j
  1.7378827 +0.00000000e+00j  6.70394919+0.00000000e+00j
 18.70384101+0.00000000e+00j 26.82077808+0.00000000e+00j
 30.22492964+0.00000000e+00j 32.49283518+0.00000000e+00j
 34.1954881 +0.00000000e+00j 41.44077784+0.00000000e+00j
 47.22601087+0.00000000e+00j 51.03843297+0.00000000e+00j
 59.65019302+0.00000000e+00j 73.51471306+0.00000000e+00j
 94.82172841+0.00000000e+00j 98.4271664 +0.00000000e+00j]
Entropy components at T = 298.15 K and P = 101325.0 Pa:
=================================================
                           S               T*S
S_trans (1 bar)    0.0019301 eV/K        0.575 eV
S_rot              0.0016214 eV/K        0.483 eV
S_elec             0.0000000 eV/K        0.000 eV
S_vib              0.0058893 eV/K        1.756 eV
S (1 bar -> P)    -0.0000011 eV/K       -0.000 eV
-------------------------------------------------
S                  0.0094396 eV/K        2.814 eV
=================================================
Enthalpy components at T = 298.15 K:
===============================
E_pot                 -5.097 eV
E_ZPE                 15.295 eV
Cv_trans (0->T)        0.039 eV
Cv_rot (0->T)          0.039 eV
Cv_vib (0->T)          0.821 eV
(C_v -> C_p)           0.026 eV
-------------------------------
H                     11.121 eV
===============================
RMS: 0.009622752666473389, MAX: 0.5594339966773987
RMS: 0.0031002892646938562, MAX: 0.14228208363056183
RMS: 0.0011475627543404698, MAX: 0.013576607219874859
RMS: 0.001250069821253419, MAX: 0.008775097317993641
RMS: 0.0013090119464322925, MAX: 0.012147122994065285
RMS: 0.0018488826462998986, MAX: 0.01839262992143631
RMS: 0.002034902572631836, MAX: 0.020502913743257523
RMS: 0.0020199797581881285, MAX: 0.015962300822138786
RMS: 0.0014557713875547051, MAX: 0.013354824855923653
RMS: 0.0009144990472123027, MAX: 0.0068721226416528225
RMS: 0.0006202815566211939, MAX: 0.003694851417094469
Optimization converged!
Eigenvector following terminated normally.
[  0.        +7.73146550e+02j   0.        +1.35075702e+00j
   0.        +7.47517805e-01j   0.        +7.14781814e-01j
   0.        +3.86862761e-01j   0.        +7.68365702e-02j
   1.49120836+0.00000000e+00j  15.03594153+0.00000000e+00j
  21.57415168+0.00000000e+00j  30.77120321+0.00000000e+00j
  31.50788531+0.00000000e+00j  33.6883848 +0.00000000e+00j
  35.72982909+0.00000000e+00j  43.19485251+0.00000000e+00j
  50.13343089+0.00000000e+00j  50.951647  +0.00000000e+00j
  61.27097505+0.00000000e+00j  75.48318495+0.00000000e+00j
  97.02313536+0.00000000e+00j 101.98077131+0.00000000e+00j]
Flipping all imaginary frequencies except the lowest one
Entropy components at T = 298.15 K and P = 101325.0 Pa:
=================================================
                           S               T*S
S_trans (1 bar)    0.0019301 eV/K        0.575 eV
S_rot              0.0016216 eV/K        0.483 eV
S_elec             0.0000000 eV/K        0.000 eV
S_vib              0.0057560 eV/K        1.716 eV
S (1 bar -> P)    -0.0000011 eV/K       -0.000 eV
-------------------------------------------------
S                  0.0093066 eV/K        2.775 eV
=================================================
Enthalpy components at T = 298.15 K:
===============================
E_pot                 -5.106 eV
E_ZPE                 15.304 eV
Cv_trans (0->T)        0.039 eV
Cv_rot (0->T)          0.039 eV
Cv_vib (0->T)          0.818 eV
(C_v -> C_p)           0.026 eV
-------------------------------
H                     11.118 eV
===============================
