[ 0.        +686.73874084j  0.          +2.72421487j
  0.          +2.3492092j   0.          +1.54709355j
  0.          +1.17240461j  0.          +1.01125564j
  0.          +0.8296308j   7.8598577   +0.j
 14.7706089   +0.j         19.76395455  +0.j
 20.46711222  +0.j         28.04109549  +0.j
 34.03064136  +0.j         37.41696538  +0.j
 43.73332117  +0.j         47.72428747  +0.j
 55.88850951  +0.j         57.06959648  +0.j
 63.15592243  +0.j         67.20490206  +0.j        ]
Entropy components at T = 298.15 K and P = 101325.0 Pa:
=================================================
                           S               T*S
S_trans (1 bar)    0.0019477 eV/K        0.581 eV
S_rot              0.0016743 eV/K        0.499 eV
S_elec             0.0000000 eV/K        0.000 eV
S_vib              0.0071129 eV/K        2.121 eV
S (1 bar -> P)    -0.0000011 eV/K       -0.000 eV
-------------------------------------------------
S                  0.0107338 eV/K        3.200 eV
=================================================
Enthalpy components at T = 298.15 K:
===============================
E_pot                 -2.508 eV
E_ZPE                 17.342 eV
Cv_trans (0->T)        0.039 eV
Cv_rot (0->T)          0.039 eV
Cv_vib (0->T)          0.984 eV
(C_v -> C_p)           0.026 eV
-------------------------------
H                     15.920 eV
===============================
Generating initial displacements from TS... 
Generated displacements!
Generating forward IRC path
IRC converged after 17 steps!
Generating backward IRC path
IRC converged after 11 steps!
IRC saved to ./irc.pickle
Neural IRC terminated normally.
