You need to install the group's fork of aRMSD and put it in your path https://github.mit.edu/MLMat/aRMSD
[ 0.        +6.53673304e+02j  0.        +9.02497814e+00j
  0.        +1.48505063e+00j  0.        +8.57097397e-01j
  0.        +6.27829512e-01j  1.68098302+0.00000000e+00j
  5.76157348+0.00000000e+00j  9.76313547+0.00000000e+00j
 14.48467012+0.00000000e+00j 21.77866334+0.00000000e+00j
 25.80484929+0.00000000e+00j 27.0365935 +0.00000000e+00j
 37.41911178+0.00000000e+00j 41.02529343+0.00000000e+00j
 46.33366815+0.00000000e+00j 51.0322091 +0.00000000e+00j
 54.63527132+0.00000000e+00j 74.11101456+0.00000000e+00j
 78.9195169 +0.00000000e+00j 87.50917519+0.00000000e+00j]
Entropy components at T = 298.15 K and P = 101325.0 Pa:
=================================================
                           S               T*S
S_trans (1 bar)    0.0019505 eV/K        0.582 eV
S_rot              0.0016616 eV/K        0.495 eV
S_elec             0.0000000 eV/K        0.000 eV
S_vib              0.0058014 eV/K        1.730 eV
S (1 bar -> P)    -0.0000011 eV/K       -0.000 eV
-------------------------------------------------
S                  0.0094123 eV/K        2.806 eV
=================================================
Enthalpy components at T = 298.15 K:
===============================
E_pot                 -2.861 eV
E_ZPE                  9.129 eV
Cv_trans (0->T)        0.039 eV
Cv_rot (0->T)          0.039 eV
Cv_vib (0->T)          0.794 eV
(C_v -> C_p)           0.026 eV
-------------------------------
H                      7.165 eV
===============================
RMS: 0.06575979292392731, MAX: 1.6705535650253296
RMS: 0.028866568580269814, MAX: 0.4947194755077362
RMS: 0.01604599319398403, MAX: 0.2885949909687042
RMS: 0.023419195786118507, MAX: 0.5515163540840149
RMS: 0.030439767986536026, MAX: 0.6476062536239624
RMS: 0.008173178881406784, MAX: 0.15010520815849304
RMS: 0.007966771721839905, MAX: 0.10433647036552429
RMS: 0.008709895424544811, MAX: 0.08006766438484192
RMS: 0.006796348374336958, MAX: 0.05063258484005928
RMS: 0.0038573015481233597, MAX: 0.02125958725810051
RMS: 0.002422623336315155, MAX: 0.017002953216433525
RMS: 0.0018026507459580898, MAX: 0.006496896501630545
RMS: 0.0017961589619517326, MAX: 0.010513846762478352
RMS: 0.0019004580099135637, MAX: 0.010228579863905907
RMS: 0.0017961780540645123, MAX: 0.008391615003347397
RMS: 0.0016221344703808427, MAX: 0.012092765420675278
RMS: 0.0009228456183336675, MAX: 0.005031986627727747
RMS: 0.0007586044375784695, MAX: 0.005639294162392616
RMS: 0.0004727185005322099, MAX: 0.002522563561797142
Optimization converged!
Eigenvector following terminated normally.
[ 0.        +9.42768406e+02j  0.        +2.19505791e+00j
  0.        +1.77193522e+00j  0.        +1.13367086e+00j
  0.        +8.70284783e-01j  0.        +7.08344238e-01j
  0.        +4.89404143e-01j  8.82131712+0.00000000e+00j
 13.41845032+0.00000000e+00j 18.57300017+0.00000000e+00j
 23.88298249+0.00000000e+00j 25.41345629+0.00000000e+00j
 36.32692262+0.00000000e+00j 38.77832436+0.00000000e+00j
 44.48379719+0.00000000e+00j 45.77822331+0.00000000e+00j
 55.03282865+0.00000000e+00j 72.0610224 +0.00000000e+00j
 74.03179412+0.00000000e+00j 85.78145063+0.00000000e+00j]
Flipping all imaginary frequencies except the lowest one
Entropy components at T = 298.15 K and P = 101325.0 Pa:
=================================================
                           S               T*S
S_trans (1 bar)    0.0019505 eV/K        0.582 eV
S_rot              0.0016625 eV/K        0.496 eV
S_elec             0.0000000 eV/K        0.000 eV
S_vib              0.0058771 eV/K        1.752 eV
S (1 bar -> P)    -0.0000011 eV/K       -0.000 eV
-------------------------------------------------
S                  0.0094888 eV/K        2.829 eV
=================================================
Enthalpy components at T = 298.15 K:
===============================
E_pot                 -2.820 eV
E_ZPE                  9.118 eV
Cv_trans (0->T)        0.039 eV
Cv_rot (0->T)          0.039 eV
Cv_vib (0->T)          0.797 eV
(C_v -> C_p)           0.026 eV
-------------------------------
H                      7.198 eV
===============================
