You need to install the group's fork of aRMSD and put it in your path https://github.mit.edu/MLMat/aRMSD
[ 0.        +8.47299810e+02j  0.        +5.44081696e+00j
  0.        +1.81328678e+00j  0.        +8.52346018e-01j
  0.        +7.18773593e-01j  2.94102075+0.00000000e+00j
  6.4919492 +0.00000000e+00j  9.86182571+0.00000000e+00j
 14.01580071+0.00000000e+00j 17.27113689+0.00000000e+00j
 24.27754179+0.00000000e+00j 25.65801838+0.00000000e+00j
 32.82628252+0.00000000e+00j 36.1626676 +0.00000000e+00j
 42.4267853 +0.00000000e+00j 48.17484139+0.00000000e+00j
 51.79812775+0.00000000e+00j 60.82253233+0.00000000e+00j
 70.00107388+0.00000000e+00j 74.02527554+0.00000000e+00j]
Entropy components at T = 298.15 K and P = 101325.0 Pa:
=================================================
                           S               T*S
S_trans (1 bar)    0.0019477 eV/K        0.581 eV
S_rot              0.0016653 eV/K        0.497 eV
S_elec             0.0000000 eV/K        0.000 eV
S_vib              0.0069836 eV/K        2.082 eV
S (1 bar -> P)    -0.0000011 eV/K       -0.000 eV
-------------------------------------------------
S                  0.0105954 eV/K        3.159 eV
=================================================
Enthalpy components at T = 298.15 K:
===============================
E_pot                 -2.474 eV
E_ZPE                 17.383 eV
Cv_trans (0->T)        0.039 eV
Cv_rot (0->T)          0.039 eV
Cv_vib (0->T)          0.969 eV
(C_v -> C_p)           0.026 eV
-------------------------------
H                     15.981 eV
===============================
RMS: 0.0371587835252285, MAX: 1.6473865509033203
RMS: 0.009208489209413528, MAX: 0.30923038721084595
RMS: 0.006193764507770538, MAX: 0.1188337579369545
RMS: 0.0066538709215819836, MAX: 0.12379854917526245
RMS: 0.004868736490607262, MAX: 0.07344504445791245
RMS: 0.006811833940446377, MAX: 0.10075852274894714
RMS: 0.007830995135009289, MAX: 0.1540573537349701
RMS: 0.008707107044756413, MAX: 0.17633600533008575
RMS: 0.00798102468252182, MAX: 0.13272157311439514
RMS: 0.006627111230045557, MAX: 0.08428210020065308
RMS: 0.00511785177513957, MAX: 0.0813981294631958
RMS: 0.005074203014373779, MAX: 0.05661961808800697
RMS: 0.005704147275537252, MAX: 0.11735880374908447
RMS: 0.0056481086649000645, MAX: 0.1244269460439682
RMS: 0.0022081874776631594, MAX: 0.03419456258416176
RMS: 0.003926412668079138, MAX: 0.037193045020103455
RMS: 0.003970719873905182, MAX: 0.05185697600245476
RMS: 0.0028763199225068092, MAX: 0.030187314376235008
RMS: 0.002915767952799797, MAX: 0.02853158861398697
RMS: 0.002140947850421071, MAX: 0.017990797758102417
RMS: 0.0014555198140442371, MAX: 0.008525386452674866
RMS: 0.0012411338975653052, MAX: 0.010712318122386932
RMS: 0.0015771705657243729, MAX: 0.017998505383729935
RMS: 0.0014756334712728858, MAX: 0.009224106557667255
RMS: 0.0022418315056711435, MAX: 0.02178279682993889
RMS: 0.000943436985835433, MAX: 0.008426841348409653
RMS: 0.0007108631543815136, MAX: 0.00969840120524168
RMS: 0.0007227691821753979, MAX: 0.011792444624006748
RMS: 0.0009420936112292111, MAX: 0.009488405659794807
RMS: 0.001912556472234428, MAX: 0.01898287609219551
RMS: 0.0022178729996085167, MAX: 0.02357105351984501
RMS: 0.0038770162500441074, MAX: 0.03803935647010803
RMS: 0.0018567016813904047, MAX: 0.02137088030576706
RMS: 0.0019156592898070812, MAX: 0.014408125542104244
RMS: 0.0010405989596620202, MAX: 0.014082067646086216
RMS: 0.0008297633030451834, MAX: 0.010226703248918056
RMS: 0.0007659514667466283, MAX: 0.007160465233027935
RMS: 0.0010034780716523528, MAX: 0.009322241879999638
RMS: 0.0004162000841461122, MAX: 0.0038514859043061733
Optimization converged!
Eigenvector following terminated normally.
[ 0.        +7.15974461e+02j  0.        +1.39727957e+00j
  0.        +8.63893112e-01j  0.        +8.03565006e-01j
  0.        +6.30993397e-01j  0.31625328+0.00000000e+00j
  0.69805371+0.00000000e+00j 10.47330251+0.00000000e+00j
 14.48711162+0.00000000e+00j 19.87928849+0.00000000e+00j
 25.66702647+0.00000000e+00j 28.14022541+0.00000000e+00j
 35.00079119+0.00000000e+00j 37.26092809+0.00000000e+00j
 46.04278743+0.00000000e+00j 49.00012723+0.00000000e+00j
 51.77303158+0.00000000e+00j 60.93833132+0.00000000e+00j
 67.30832473+0.00000000e+00j 71.92961417+0.00000000e+00j]
Flipping all imaginary frequencies except the lowest one
Entropy components at T = 298.15 K and P = 101325.0 Pa:
=================================================
                           S               T*S
S_trans (1 bar)    0.0019477 eV/K        0.581 eV
S_rot              0.0016654 eV/K        0.497 eV
S_elec             0.0000000 eV/K        0.000 eV
S_vib              0.0069420 eV/K        2.070 eV
S (1 bar -> P)    -0.0000011 eV/K       -0.000 eV
-------------------------------------------------
S                  0.0105540 eV/K        3.147 eV
=================================================
Enthalpy components at T = 298.15 K:
===============================
E_pot                 -2.480 eV
E_ZPE                 17.392 eV
Cv_trans (0->T)        0.039 eV
Cv_rot (0->T)          0.039 eV
Cv_vib (0->T)          0.968 eV
(C_v -> C_p)           0.026 eV
-------------------------------
H                     15.982 eV
===============================
