You need to install the group's fork of aRMSD and put it in your path https://github.mit.edu/MLMat/aRMSD
[ 0.        +419.21795234j  0.          +9.9480963j
  0.          +2.73879638j  0.          +1.94030491j
  0.          +0.82430379j  1.47792269  +0.j
  5.79487788  +0.j          8.23716627  +0.j
 20.75415175  +0.j         25.26799286  +0.j
 30.12554228  +0.j         35.98416238  +0.j
 45.49855419  +0.j         46.86600694  +0.j
 55.69191379  +0.j         58.96576522  +0.j
 64.88221104  +0.j         76.53235962  +0.j
 79.72420872  +0.j         90.21100085  +0.j        ]
Entropy components at T = 298.15 K and P = 101325.0 Pa:
=================================================
                           S               T*S
S_trans (1 bar)    0.0019477 eV/K        0.581 eV
S_rot              0.0016575 eV/K        0.494 eV
S_elec             0.0000000 eV/K        0.000 eV
S_vib              0.0066734 eV/K        1.990 eV
S (1 bar -> P)    -0.0000011 eV/K       -0.000 eV
-------------------------------------------------
S                  0.0102774 eV/K        3.064 eV
=================================================
Enthalpy components at T = 298.15 K:
===============================
E_pot                 -2.558 eV
E_ZPE                 17.471 eV
Cv_trans (0->T)        0.039 eV
Cv_rot (0->T)          0.039 eV
Cv_vib (0->T)          0.957 eV
(C_v -> C_p)           0.026 eV
-------------------------------
H                     15.972 eV
===============================
RMS: 0.023930126801133156, MAX: 0.721917986869812
RMS: 0.014967747032642365, MAX: 0.43551668524742126
RMS: 0.006378753110766411, MAX: 0.1296897530555725
RMS: 0.005400090012699366, MAX: 0.12438882887363434
RMS: 0.005236535333096981, MAX: 0.12369731813669205
RMS: 0.005383712705224752, MAX: 0.11014371365308762
RMS: 0.005309701897203922, MAX: 0.08069919049739838
RMS: 0.00478716567158699, MAX: 0.06126005947589874
RMS: 0.003740232205018401, MAX: 0.056014519184827805
RMS: 0.0026034002657979727, MAX: 0.031204447150230408
RMS: 0.0018420672276988626, MAX: 0.007785352878272533
RMS: 0.0014227613573893905, MAX: 0.01127066370099783
RMS: 0.001949397730641067, MAX: 0.013065068982541561
RMS: 0.0010526487603783607, MAX: 0.009611577726900578
RMS: 0.0010747003834694624, MAX: 0.012239065952599049
RMS: 0.0007380997412838042, MAX: 0.00840253010392189
RMS: 0.000760113587602973, MAX: 0.009238727390766144
RMS: 0.0006769878091290593, MAX: 0.009128006175160408
RMS: 0.0005808606510981917, MAX: 0.009274264797568321
RMS: 0.0007342440076172352, MAX: 0.007407790515571833
RMS: 0.0006383651634678245, MAX: 0.005277588963508606
RMS: 0.0006719388766214252, MAX: 0.003874105866998434
Optimization converged!
Eigenvector following terminated normally.
[ 0.        +431.35995794j  0.          +4.23262029j
  0.          +3.33107788j  0.          +2.69639563j
  0.          +1.948138j    0.          +1.60333302j
  0.          +1.11613392j 14.39168791  +0.j
 20.45652038  +0.j         25.47680377  +0.j
 29.38948129  +0.j         40.81458738  +0.j
 45.15130011  +0.j         48.85974286  +0.j
 53.22526845  +0.j         60.34642746  +0.j
 67.32821338  +0.j         75.96387144  +0.j
 79.9638662   +0.j         87.73160244  +0.j        ]
Flipping all imaginary frequencies except the lowest one
Entropy components at T = 298.15 K and P = 101325.0 Pa:
=================================================
                           S               T*S
S_trans (1 bar)    0.0019477 eV/K        0.581 eV
S_rot              0.0016565 eV/K        0.494 eV
S_elec             0.0000000 eV/K        0.000 eV
S_vib              0.0065866 eV/K        1.964 eV
S (1 bar -> P)    -0.0000011 eV/K       -0.000 eV
-------------------------------------------------
S                  0.0101896 eV/K        3.038 eV
=================================================
Enthalpy components at T = 298.15 K:
===============================
E_pot                 -2.604 eV
E_ZPE                 17.469 eV
Cv_trans (0->T)        0.039 eV
Cv_rot (0->T)          0.039 eV
Cv_vib (0->T)          0.955 eV
(C_v -> C_p)           0.026 eV
-------------------------------
H                     15.922 eV
===============================
