You need to install the group's fork of aRMSD and put it in your path https://github.mit.edu/MLMat/aRMSD
[ 0.        +517.29597675j  0.          +1.50337007j
  0.          +1.15071337j  0.          +0.78474849j
  1.68090147  +0.j          3.48450768  +0.j
  5.84697043  +0.j          8.33011121  +0.j
 13.97692708  +0.j         15.05397636  +0.j
 19.11886087  +0.j         25.38469186  +0.j
 30.1617184   +0.j         38.1111374   +0.j
 44.73285412  +0.j         53.6562157   +0.j
 60.42349748  +0.j         63.29840911  +0.j
 72.21314385  +0.j         75.88464735  +0.j        ]
Entropy components at T = 298.15 K and P = 101325.0 Pa:
=================================================
                           S               T*S
S_trans (1 bar)    0.0019505 eV/K        0.582 eV
S_rot              0.0016640 eV/K        0.496 eV
S_elec             0.0000000 eV/K        0.000 eV
S_vib              0.0059889 eV/K        1.786 eV
S (1 bar -> P)    -0.0000011 eV/K       -0.000 eV
-------------------------------------------------
S                  0.0096023 eV/K        2.863 eV
=================================================
Enthalpy components at T = 298.15 K:
===============================
E_pot                 -2.613 eV
E_ZPE                  9.128 eV
Cv_trans (0->T)        0.039 eV
Cv_rot (0->T)          0.039 eV
Cv_vib (0->T)          0.805 eV
(C_v -> C_p)           0.026 eV
-------------------------------
H                      7.423 eV
===============================
RMS: 0.015686217695474625, MAX: 0.4120681583881378
RMS: 0.008573769591748714, MAX: 0.21506331861019135
RMS: 0.0040988074615597725, MAX: 0.0482490099966526
RMS: 0.006512653082609177, MAX: 0.07585277408361435
RMS: 0.010064559057354927, MAX: 0.1497785449028015
RMS: 0.01101282425224781, MAX: 0.166499525308609
RMS: 0.009305688552558422, MAX: 0.1263619363307953
RMS: 0.005839760880917311, MAX: 0.054771121591329575
RMS: 0.004383292514830828, MAX: 0.02956250309944153
RMS: 0.0070568411611020565, MAX: 0.05197123438119888
RMS: 0.010604755021631718, MAX: 0.08064363896846771
RMS: 0.010897534899413586, MAX: 0.07915741205215454
RMS: 0.006194397807121277, MAX: 0.07142291218042374
RMS: 0.004472659435123205, MAX: 0.02688322402536869
RMS: 0.0035496014170348644, MAX: 0.013754849322140217
RMS: 0.005112542305141687, MAX: 0.033382222056388855
RMS: 0.0038044508546590805, MAX: 0.037550073117017746
RMS: 0.0018752609612420201, MAX: 0.007157911546528339
RMS: 0.002220914699137211, MAX: 0.016190437600016594
RMS: 0.002297111554071307, MAX: 0.020317554473876953
RMS: 0.0014176511904224753, MAX: 0.0070185549557209015
RMS: 0.0010389514500275254, MAX: 0.005215650424361229
RMS: 0.0012618788750842214, MAX: 0.006505483295768499
RMS: 0.0012215378228574991, MAX: 0.007953156717121601
RMS: 0.003101684618741274, MAX: 0.010852163657546043
RMS: 0.003012115601450205, MAX: 0.01747952774167061
RMS: 0.00435964111238718, MAX: 0.021052226424217224
RMS: 0.00520896865054965, MAX: 0.028776362538337708
RMS: 0.0029619389679282904, MAX: 0.012823572382330894
RMS: 0.002844742499291897, MAX: 0.01882867142558098
RMS: 0.004326187539845705, MAX: 0.03105434775352478
RMS: 0.0025534206070005894, MAX: 0.009947382844984531
RMS: 0.004113796632736921, MAX: 0.03912653774023056
RMS: 0.0018605440855026245, MAX: 0.009591853246092796
RMS: 0.001540829543955624, MAX: 0.008419242687523365
RMS: 0.00327852345071733, MAX: 0.02798103541135788
RMS: 0.002761028939858079, MAX: 0.01966683752834797
RMS: 0.0035930792801082134, MAX: 0.035208702087402344
RMS: 0.0029834150336682796, MAX: 0.029229773208498955
RMS: 0.002533006714656949, MAX: 0.017397640272974968
RMS: 0.002795810578390956, MAX: 0.015278196893632412
RMS: 0.0016362442402169108, MAX: 0.009892377071082592
RMS: 0.0028191646561026573, MAX: 0.020754996687173843
RMS: 0.0017305533401668072, MAX: 0.013894837349653244
RMS: 0.00226902705617249, MAX: 0.022664664313197136
RMS: 0.003488329704850912, MAX: 0.029861759394407272
RMS: 0.003234475152567029, MAX: 0.030772650614380836
RMS: 0.0038709959480911493, MAX: 0.03561094403266907
RMS: 0.0030556651763617992, MAX: 0.032557979226112366
RMS: 0.0011366436956450343, MAX: 0.005813715048134327
RMS: 0.0010716525139287114, MAX: 0.012888234108686447
RMS: 0.003794125746935606, MAX: 0.04494459927082062
RMS: 0.0026500304229557514, MAX: 0.033213503658771515
RMS: 0.004368346184492111, MAX: 0.05284211412072182
RMS: 0.002422640100121498, MAX: 0.02901356853544712
RMS: 0.002335549332201481, MAX: 0.011543702334165573
RMS: 0.00277360319159925, MAX: 0.013120166026055813
RMS: 0.004310827236622572, MAX: 0.02958272024989128
RMS: 0.002845530863851309, MAX: 0.017186634242534637
RMS: 0.004694644827395678, MAX: 0.033244505524635315
RMS: 0.003543678903952241, MAX: 0.025565577670931816
RMS: 0.005053327884525061, MAX: 0.03943808004260063
RMS: 0.0028180107474327087, MAX: 0.020801357924938202
RMS: 0.0050005679950118065, MAX: 0.04223238676786423
RMS: 0.0032828093972057104, MAX: 0.029192274436354637
RMS: 0.0039532980881631374, MAX: 0.03558744490146637
RMS: 0.0019874407444149256, MAX: 0.009222445078194141
RMS: 0.003377847373485565, MAX: 0.031666986644268036
RMS: 0.0019668948370963335, MAX: 0.0145785016939044
RMS: 0.0028193602338433266, MAX: 0.015928154811263084
RMS: 0.001460344297811389, MAX: 0.008047769777476788
RMS: 0.0018576938891783357, MAX: 0.010831031017005444
RMS: 0.0015187333337962627, MAX: 0.006021065171808004
RMS: 0.0016229543834924698, MAX: 0.011320470832288265
RMS: 0.0027429345063865185, MAX: 0.02073676325380802
RMS: 0.002201695227995515, MAX: 0.02502511441707611
RMS: 0.003037391696125269, MAX: 0.031169816851615906
RMS: 0.00294135301373899, MAX: 0.03583640232682228
RMS: 0.0033244420774281025, MAX: 0.021569881588220596
RMS: 0.0014312638668343425, MAX: 0.005362546071410179
RMS: 0.000993233290500939, MAX: 0.005524548701941967
RMS: 0.0012289436999708414, MAX: 0.008237685076892376
RMS: 0.003443506546318531, MAX: 0.025249721482396126
RMS: 0.0021442905999720097, MAX: 0.016571203246712685
RMS: 0.0036939787678420544, MAX: 0.02853587083518505
RMS: 0.0012031832011416554, MAX: 0.005470882635563612
RMS: 0.001288296771235764, MAX: 0.006062645465135574
RMS: 0.0016074227169156075, MAX: 0.006183726247400045
RMS: 0.0007932906155474484, MAX: 0.002961932448670268
Optimization converged!
Eigenvector following terminated normally.
[ 0.        +5.18021209e+02j  0.        +1.73694519e+00j
  0.        +1.58138533e+00j  0.        +1.28671038e+00j
  0.        +1.03033065e+00j  0.        +7.09625770e-01j
  0.        +4.75689899e-01j  5.10679629+0.00000000e+00j
  7.65238086+0.00000000e+00j 13.76548921+0.00000000e+00j
 16.90597962+0.00000000e+00j 23.50876443+0.00000000e+00j
 26.87650636+0.00000000e+00j 36.40497337+0.00000000e+00j
 40.93229473+0.00000000e+00j 45.72549085+0.00000000e+00j
 60.30716398+0.00000000e+00j 63.83389978+0.00000000e+00j
 71.39220006+0.00000000e+00j 75.21255998+0.00000000e+00j]
Flipping all imaginary frequencies except the lowest one
Entropy components at T = 298.15 K and P = 101325.0 Pa:
=================================================
                           S               T*S
S_trans (1 bar)    0.0019505 eV/K        0.582 eV
S_rot              0.0016644 eV/K        0.496 eV
S_elec             0.0000000 eV/K        0.000 eV
S_vib              0.0061547 eV/K        1.835 eV
S (1 bar -> P)    -0.0000011 eV/K       -0.000 eV
-------------------------------------------------
S                  0.0097684 eV/K        2.912 eV
=================================================
Enthalpy components at T = 298.15 K:
===============================
E_pot                 -2.617 eV
E_ZPE                  9.124 eV
Cv_trans (0->T)        0.039 eV
Cv_rot (0->T)          0.039 eV
Cv_vib (0->T)          0.808 eV
(C_v -> C_p)           0.026 eV
-------------------------------
H                      7.418 eV
===============================
