[  0.        +7.73147880e+02j   0.        +1.40701254e+00j
   0.        +9.04285614e-01j   0.        +6.43774701e-01j
   0.        +2.93258630e-01j   0.36176731+0.00000000e+00j
   1.49600833+0.00000000e+00j  15.03879662+0.00000000e+00j
  21.57462753+0.00000000e+00j  30.77343489+0.00000000e+00j
  31.51261734+0.00000000e+00j  33.68770717+0.00000000e+00j
  35.7303738 +0.00000000e+00j  43.19476208+0.00000000e+00j
  50.13299464+0.00000000e+00j  50.95253417+0.00000000e+00j
  61.27327768+0.00000000e+00j  75.4831502 +0.00000000e+00j
  97.02291557+0.00000000e+00j 101.9826461 +0.00000000e+00j]
Entropy components at T = 298.15 K and P = 101325.0 Pa:
=================================================
                           S               T*S
S_trans (1 bar)    0.0019301 eV/K        0.575 eV
S_rot              0.0016216 eV/K        0.483 eV
S_elec             0.0000000 eV/K        0.000 eV
S_vib              0.0057559 eV/K        1.716 eV
S (1 bar -> P)    -0.0000011 eV/K       -0.000 eV
-------------------------------------------------
S                  0.0093065 eV/K        2.775 eV
=================================================
Enthalpy components at T = 298.15 K:
===============================
E_pot                 -5.106 eV
E_ZPE                 15.304 eV
Cv_trans (0->T)        0.039 eV
Cv_rot (0->T)          0.039 eV
Cv_vib (0->T)          0.818 eV
(C_v -> C_p)           0.026 eV
-------------------------------
H                     11.118 eV
===============================
Generating initial displacements from TS... 
Generated displacements!
Generating forward IRC path
IRC converged after 13 steps!
Generating backward IRC path
IRC converged after 30 steps!
IRC saved to ./irc.pickle
Neural IRC terminated normally.
