You need to install the group's fork of aRMSD and put it in your path https://github.mit.edu/MLMat/aRMSD
[ 0.        +516.74135545j  0.          +5.08269611j
  0.          +1.69387691j  0.          +1.1035304j
  0.          +0.81510054j  6.50084132  +0.j
  6.73227549  +0.j         15.41782824  +0.j
 23.89202487  +0.j         25.11358152  +0.j
 27.57118853  +0.j         35.24606652  +0.j
 47.7156403   +0.j         53.71828249  +0.j
 56.03380863  +0.j         64.18141423  +0.j
 68.98883297  +0.j         80.55047544  +0.j
 92.56444427  +0.j         98.537085    +0.j        ]
Entropy components at T = 298.15 K and P = 101325.0 Pa:
=================================================
                           S               T*S
S_trans (1 bar)    0.0019301 eV/K        0.575 eV
S_rot              0.0016032 eV/K        0.478 eV
S_elec             0.0000000 eV/K        0.000 eV
S_vib              0.0056281 eV/K        1.678 eV
S (1 bar -> P)    -0.0000011 eV/K       -0.000 eV
-------------------------------------------------
S                  0.0091602 eV/K        2.731 eV
=================================================
Enthalpy components at T = 298.15 K:
===============================
E_pot                 -4.911 eV
E_ZPE                 15.341 eV
Cv_trans (0->T)        0.039 eV
Cv_rot (0->T)          0.039 eV
Cv_vib (0->T)          0.808 eV
(C_v -> C_p)           0.026 eV
-------------------------------
H                     11.341 eV
===============================
RMS: 0.015293451026082039, MAX: 0.7203224301338196
RMS: 0.0050086528062820435, MAX: 0.2217588871717453
RMS: 0.0031738001853227615, MAX: 0.09141601622104645
RMS: 0.0031180570367723703, MAX: 0.042224057018756866
RMS: 0.004121742676943541, MAX: 0.03741757571697235
RMS: 0.0022132270969450474, MAX: 0.013021305203437805
RMS: 0.001611243118532002, MAX: 0.008017057552933693
RMS: 0.0009087955695576966, MAX: 0.007241575978696346
RMS: 0.0006844486924819648, MAX: 0.008347726427018642
RMS: 0.0007120284717530012, MAX: 0.006753989495337009
RMS: 0.0006846687756478786, MAX: 0.005994084291160107
RMS: 0.0005813001189380884, MAX: 0.007368572987616062
RMS: 0.000762836541980505, MAX: 0.007425852585583925
RMS: 0.000712345470674336, MAX: 0.011756557039916515
RMS: 0.0004548391734715551, MAX: 0.003598312847316265
Optimization converged!
Eigenvector following terminated normally.
[ 0.        +520.25316293j  0.          +2.65956376j
  0.          +2.05132215j  0.          +1.53547944j
  0.          +1.10140615j  0.          +1.00319185j
  0.          +0.77668115j 14.60685924  +0.j
 21.39165139  +0.j         23.91335064  +0.j
 24.51060192  +0.j         32.63325075  +0.j
 46.81512725  +0.j         54.54392371  +0.j
 56.83365609  +0.j         64.07498046  +0.j
 70.0671706   +0.j         83.42569966  +0.j
 93.22985473  +0.j         97.73794585  +0.j        ]
Flipping all imaginary frequencies except the lowest one
Entropy components at T = 298.15 K and P = 101325.0 Pa:
=================================================
                           S               T*S
S_trans (1 bar)    0.0019301 eV/K        0.575 eV
S_rot              0.0016025 eV/K        0.478 eV
S_elec             0.0000000 eV/K        0.000 eV
S_vib              0.0056710 eV/K        1.691 eV
S (1 bar -> P)    -0.0000011 eV/K       -0.000 eV
-------------------------------------------------
S                  0.0092024 eV/K        2.744 eV
=================================================
Enthalpy components at T = 298.15 K:
===============================
E_pot                 -4.927 eV
E_ZPE                 15.345 eV
Cv_trans (0->T)        0.039 eV
Cv_rot (0->T)          0.039 eV
Cv_vib (0->T)          0.809 eV
(C_v -> C_p)           0.026 eV
-------------------------------
H                     11.331 eV
===============================
