Optimizing input structure...
      Step     Time          Energy         fmax
BFGS:    0 08:03:41       -1.146948        2.7858
BFGS:    1 08:03:41       -1.477857        1.5153
BFGS:    2 08:03:41       -1.630619        0.8658
BFGS:    3 08:03:41       -1.723126        0.8131
BFGS:    4 08:03:41       -1.750953        0.5368
BFGS:    5 08:03:41       -1.774351        0.3425
BFGS:    6 08:03:42       -1.789075        0.2709
BFGS:    7 08:03:42       -1.796649        0.2213
BFGS:    8 08:03:42       -1.802572        0.2260
BFGS:    9 08:03:42       -1.808497        0.2570
BFGS:   10 08:03:42       -1.814482        0.2039
BFGS:   11 08:03:42       -1.821211        0.1933
BFGS:   12 08:03:42       -1.827515        0.1667
BFGS:   13 08:03:42       -1.832048        0.1518
BFGS:   14 08:03:42       -1.835516        0.1489
BFGS:   15 08:03:42       -1.839382        0.1497
BFGS:   16 08:03:42       -1.844707        0.1594
BFGS:   17 08:03:42       -1.848591        0.1358
BFGS:   18 08:03:42       -1.850672        0.0999
BFGS:   19 08:03:42       -1.852321        0.1033
BFGS:   20 08:03:42       -1.854288        0.1275
BFGS:   21 08:03:42       -1.856768        0.1287
BFGS:   22 08:03:42       -1.858476        0.0932
BFGS:   23 08:03:42       -1.859387        0.0610
BFGS:   24 08:03:43       -1.860154        0.0728
BFGS:   25 08:03:43       -1.861011        0.0686
BFGS:   26 08:03:43       -1.861778        0.0589
BFGS:   27 08:03:43       -1.862329        0.0548
BFGS:   28 08:03:43       -1.862759        0.0442
Optimization complete!
Performing a relaxed scan over 20 steps...
      Step     Time          Energy         fmax
BFGS:    0 08:03:43       -1.653311        5.1206
BFGS:    1 08:03:43       -1.779713        3.6740
BFGS:    2 08:03:43       -1.836951        3.2301
BFGS:    3 08:03:43       -1.764917        4.5302
BFGS:    4 08:03:43       -1.843626        0.2295
BFGS:    5 08:03:43       -1.846301        0.2108
BFGS:    6 08:03:43       -1.847689        0.1342
BFGS:    7 08:03:43       -1.847928        0.0816
BFGS:    8 08:03:43       -1.848640        0.0748
BFGS:    9 08:03:44       -1.849555        0.0789
BFGS:   10 08:03:44       -1.850614        0.0576
BFGS:   11 08:03:44       -1.851365        0.0567
BFGS:   12 08:03:44       -1.852239        0.0661
BFGS:   13 08:03:44       -1.853230        0.1027
BFGS:   14 08:03:44       -1.854597        0.1020
BFGS:   15 08:03:44       -1.856146        0.1157
BFGS:   16 08:03:44       -1.858192        0.1042
BFGS:   17 08:03:44       -1.860334        0.1203
BFGS:   18 08:03:44       -1.862207        0.1085
BFGS:   19 08:03:44       -1.863566        0.0826
BFGS:   20 08:03:44       -1.864649        0.1002
BFGS:   21 08:03:44       -1.865881        0.0985
BFGS:   22 08:03:44       -1.867091        0.1038
BFGS:   23 08:03:44       -1.868132        0.0719
BFGS:   24 08:03:44       -1.869058        0.0744
BFGS:   25 08:03:44       -1.870254        0.1050
BFGS:   26 08:03:44       -1.871675        0.1336
BFGS:   27 08:03:44       -1.872911        0.0648
BFGS:   28 08:03:45       -1.873742        0.0549
BFGS:   29 08:03:45       -1.874502        0.0695
BFGS:   30 08:03:45       -1.875620        0.1090
BFGS:   31 08:03:45       -1.877301        0.1302
BFGS:   32 08:03:45       -1.879304        0.1221
BFGS:   33 08:03:45       -1.881392        0.1067
BFGS:   34 08:03:45       -1.883463        0.0962
BFGS:   35 08:03:45       -1.885403        0.1149
BFGS:   36 08:03:45       -1.887256        0.1272
BFGS:   37 08:03:45       -1.888980        0.1360
BFGS:   38 08:03:45       -1.890450        0.0891
BFGS:   39 08:03:45       -1.891472        0.0726
BFGS:   40 08:03:46       -1.892194        0.0708
BFGS:   41 08:03:46       -1.892812        0.0658
BFGS:   42 08:03:46       -1.893467        0.0548
BFGS:   43 08:03:46       -1.894170        0.0612
BFGS:   44 08:03:46       -1.894756        0.0520
BFGS:   45 08:03:46       -1.895130        0.0479
      Step     Time          Energy         fmax
BFGS:    0 08:03:46       -1.732780        4.3519
BFGS:    1 08:03:46       -1.830130        3.1735
BFGS:    2 08:03:46       -1.873547        2.8636
BFGS:    3 08:03:46       -1.820359        3.8451
BFGS:    4 08:03:46       -1.878912        0.2617
BFGS:    5 08:03:46       -1.882102        0.1845
BFGS:    6 08:03:47       -1.883635        0.1191
BFGS:    7 08:03:47       -1.883852        0.0637
BFGS:    8 08:03:47       -1.884335        0.0717
BFGS:    9 08:03:47       -1.884907        0.0807
BFGS:   10 08:03:47       -1.885506        0.0442
      Step     Time          Energy         fmax
BFGS:    0 08:03:47       -1.634842        5.1960
BFGS:    1 08:03:47       -1.791666        3.6210
BFGS:    2 08:03:47       -1.844848        2.7052
BFGS:    3 08:03:47       -1.764661        5.1312
BFGS:    4 08:03:47       -1.842764        0.3398
BFGS:    5 08:03:47       -1.847895        0.2275
BFGS:    6 08:03:47       -1.849160        0.1488
BFGS:    7 08:03:47       -1.848504        0.0828
BFGS:    8 08:03:47       -1.849088        0.0981
BFGS:    9 08:03:48       -1.849756        0.1008
BFGS:   10 08:03:48       -1.850994        0.0647
BFGS:   11 08:03:48       -1.852005        0.0527
BFGS:   12 08:03:48       -1.853001        0.0694
BFGS:   13 08:03:48       -1.853969        0.1046
BFGS:   14 08:03:48       -1.855151        0.1017
BFGS:   15 08:03:48       -1.855636        0.0979
BFGS:   16 08:03:48       -1.856241        0.0775
BFGS:   17 08:03:48       -1.856194        0.0630
BFGS:   18 08:03:48       -1.856646        0.0675
BFGS:   19 08:03:48       -1.856872        0.0539
BFGS:   20 08:03:48       -1.857361        0.0599
BFGS:   21 08:03:48       -1.857944        0.0734
BFGS:   22 08:03:48       -1.858490        0.0575
BFGS:   23 08:03:48       -1.858828        0.0473
      Step     Time          Energy         fmax
BFGS:    0 08:03:48       -1.564930        5.2590
BFGS:    1 08:03:49       -1.758952        3.3573
BFGS:    2 08:03:49       -1.803690        1.2558
BFGS:    3 08:03:49       -1.768120        3.6159
BFGS:    4 08:03:49       -1.796738        0.4509
BFGS:    5 08:03:49       -1.806942        0.2975
BFGS:    6 08:03:49       -1.807255        0.1826
BFGS:    7 08:03:49       -1.805598        0.0863
BFGS:    8 08:03:49       -1.806151        0.1104
BFGS:    9 08:03:49       -1.806930        0.0938
BFGS:   10 08:03:49       -1.807933        0.0451
      Step     Time          Energy         fmax
BFGS:    0 08:03:49       -1.413962        5.9924
BFGS:    1 08:03:49       -1.689236        3.6343
BFGS:    2 08:03:49       -1.730468        0.7198
BFGS:    3 08:03:49       -1.709611        1.5986
BFGS:    4 08:03:49       -1.712864        0.9893
BFGS:    5 08:03:50       -1.733472        0.3557
BFGS:    6 08:03:50       -1.732243        0.1660
BFGS:    7 08:03:50       -1.730296        0.1526
BFGS:    8 08:03:50       -1.730758        0.1526
BFGS:    9 08:03:50       -1.732135        0.1426
BFGS:   10 08:03:50       -1.733857        0.0768
BFGS:   11 08:03:50       -1.736380        0.0697
BFGS:   12 08:03:50       -1.737742        0.1201
BFGS:   13 08:03:50       -1.740447        0.1581
BFGS:   14 08:03:50       -1.742269        0.1515
BFGS:   15 08:03:50       -1.744142        0.1468
BFGS:   16 08:03:50       -1.745307        0.1312
BFGS:   17 08:03:50       -1.745453        0.1136
BFGS:   18 08:03:50       -1.746732        0.1495
BFGS:   19 08:03:50       -1.747700        0.1457
BFGS:   20 08:03:50       -1.749639        0.1602
BFGS:   21 08:03:50       -1.751988        0.1612
BFGS:   22 08:03:51       -1.754738        0.1402
BFGS:   23 08:03:51       -1.756771        0.1130
BFGS:   24 08:03:51       -1.758127        0.1137
BFGS:   25 08:03:51       -1.759225        0.1094
BFGS:   26 08:03:51       -1.760421        0.1076
BFGS:   27 08:03:51       -1.761324        0.0843
BFGS:   28 08:03:51       -1.762042        0.0717
BFGS:   29 08:03:51       -1.762577        0.0589
BFGS:   30 08:03:51       -1.763428        0.0838
BFGS:   31 08:03:51       -1.764309        0.0868
BFGS:   32 08:03:51       -1.765057        0.0761
BFGS:   33 08:03:51       -1.765608        0.0679
BFGS:   34 08:03:51       -1.766255        0.0661
BFGS:   35 08:03:51       -1.767152        0.0889
BFGS:   36 08:03:51       -1.768258        0.1173
BFGS:   37 08:03:51       -1.769444        0.1053
BFGS:   38 08:03:51       -1.770296        0.0622
BFGS:   39 08:03:51       -1.770890        0.0454
      Step     Time          Energy         fmax
BFGS:    0 08:03:51       -1.456857        5.1009
BFGS:    1 08:03:52       -1.671162        2.9140
BFGS:    2 08:03:52       -1.694166        0.8738
BFGS:    3 08:03:52       -1.688361        2.5167
BFGS:    4 08:03:52       -1.688783        0.5373
BFGS:    5 08:03:52       -1.705257        0.3394
BFGS:    6 08:03:52       -1.704522        0.1631
BFGS:    7 08:03:52       -1.702927        0.0977
BFGS:    8 08:03:52       -1.703606        0.1276
BFGS:    9 08:03:52       -1.704832        0.0997
BFGS:   10 08:03:52       -1.705708        0.0488
      Step     Time          Energy         fmax
BFGS:    0 08:03:52       -1.305214        5.6248
BFGS:    1 08:03:52       -1.596528        3.0417
BFGS:    2 08:03:52       -1.603283        1.6254
BFGS:    3 08:03:52       -1.570024        4.1346
BFGS:    4 08:03:52       -1.602563        0.5155
BFGS:    5 08:03:52       -1.617383        0.2893
BFGS:    6 08:03:52       -1.617998        0.2170
BFGS:    7 08:03:52       -1.615156        0.1247
BFGS:    8 08:03:52       -1.615255        0.1412
BFGS:    9 08:03:53       -1.616653        0.1053
BFGS:   10 08:03:53       -1.617892        0.0714
BFGS:   11 08:03:53       -1.620135        0.0637
BFGS:   12 08:03:53       -1.621708        0.0813
BFGS:   13 08:03:53       -1.623502        0.1134
BFGS:   14 08:03:53       -1.624663        0.1052
BFGS:   15 08:03:53       -1.624209        0.0871
BFGS:   16 08:03:53       -1.623782        0.0698
BFGS:   17 08:03:53       -1.622795        0.0737
BFGS:   18 08:03:53       -1.622944        0.0907
BFGS:   19 08:03:53       -1.623422        0.0991
BFGS:   20 08:03:53       -1.624482        0.1064
BFGS:   21 08:03:53       -1.625801        0.1066
BFGS:   22 08:03:53       -1.627040        0.1116
BFGS:   23 08:03:53       -1.627413        0.0844
BFGS:   24 08:03:53       -1.627551        0.1037
BFGS:   25 08:03:53       -1.627488        0.1146
BFGS:   26 08:03:53       -1.627489        0.0974
BFGS:   27 08:03:54       -1.627422        0.1006
BFGS:   28 08:03:54       -1.627558        0.0605
BFGS:   29 08:03:54       -1.627808        0.0510
BFGS:   30 08:03:54       -1.628082        0.0709
BFGS:   31 08:03:54       -1.628138        0.0737
BFGS:   32 08:03:54       -1.628034        0.0585
BFGS:   33 08:03:54       -1.627989        0.0521
BFGS:   34 08:03:54       -1.628201        0.0623
BFGS:   35 08:03:54       -1.628794        0.0957
BFGS:   36 08:03:54       -1.629747        0.1128
BFGS:   37 08:03:54       -1.630790        0.0998
BFGS:   38 08:03:54       -1.631578        0.0664
BFGS:   39 08:03:54       -1.631897        0.0437
      Step     Time          Energy         fmax
BFGS:    0 08:03:54       -1.276849        4.8905
BFGS:    1 08:03:54       -1.538288        3.2913
BFGS:    2 08:03:54       -1.518103        2.7958
BFGS:    3 08:03:54       -1.451165        4.0192
BFGS:    4 08:03:54       -1.531284        0.4697
BFGS:    5 08:03:54       -1.544771        0.2941
BFGS:    6 08:03:55       -1.545477        0.2427
BFGS:    7 08:03:55       -1.542841        0.1220
BFGS:    8 08:03:55       -1.542884        0.1286
BFGS:    9 08:03:55       -1.544155        0.0839
BFGS:   10 08:03:55       -1.545264        0.0463
      Step     Time          Energy         fmax
BFGS:    0 08:03:55       -1.106611        5.3179
BFGS:    1 08:03:55       -1.448699        3.9934
BFGS:    2 08:03:55       -1.403569        3.5001
BFGS:    3 08:03:55       -1.316633        4.2278
BFGS:    4 08:03:55       -1.421511        0.4991
BFGS:    5 08:03:55       -1.437923        0.3442
BFGS:    6 08:03:55       -1.436821        0.2920
BFGS:    7 08:03:55       -1.433190        0.1484
BFGS:    8 08:03:55       -1.434186        0.1596
BFGS:    9 08:03:55       -1.436288        0.1087
BFGS:   10 08:03:55       -1.437552        0.0649
BFGS:   11 08:03:55       -1.439559        0.0633
BFGS:   12 08:03:55       -1.441411        0.0734
BFGS:   13 08:03:55       -1.443127        0.0969
BFGS:   14 08:03:56       -1.443934        0.1004
BFGS:   15 08:03:56       -1.443131        0.0767
BFGS:   16 08:03:56       -1.442448        0.0804
BFGS:   17 08:03:56       -1.441314        0.0891
BFGS:   18 08:03:56       -1.441483        0.0949
BFGS:   19 08:03:56       -1.441909        0.1101
BFGS:   20 08:03:56       -1.443177        0.1053
BFGS:   21 08:03:56       -1.444438        0.1458
BFGS:   22 08:03:56       -1.445687        0.1137
BFGS:   23 08:03:56       -1.445814        0.0897
BFGS:   24 08:03:56       -1.445848        0.1199
BFGS:   25 08:03:56       -1.445665        0.1405
BFGS:   26 08:03:56       -1.445462        0.1525
BFGS:   27 08:03:56       -1.445115        0.1127
BFGS:   28 08:03:56       -1.445155        0.0608
BFGS:   29 08:03:56       -1.445340        0.0555
BFGS:   30 08:03:57       -1.445476        0.0796
BFGS:   31 08:03:57       -1.445224        0.0737
BFGS:   32 08:03:57       -1.444900        0.0602
BFGS:   33 08:03:57       -1.444701        0.0611
BFGS:   34 08:03:57       -1.444931        0.0786
BFGS:   35 08:03:57       -1.445640        0.0902
BFGS:   36 08:03:57       -1.446734        0.0914
BFGS:   37 08:03:57       -1.447829        0.0860
BFGS:   38 08:03:57       -1.448577        0.0750
BFGS:   39 08:03:57       -1.448733        0.0533
BFGS:   40 08:03:57       -1.448540        0.0424
      Step     Time          Energy         fmax
BFGS:    0 08:03:57       -1.061022        4.5927
BFGS:    1 08:03:57       -1.366953        4.6096
BFGS:    2 08:03:57       -1.302006        3.9450
BFGS:    3 08:03:57       -1.244676        3.2579
BFGS:    4 08:03:58       -1.330644        0.4532
BFGS:    5 08:03:58       -1.345271        0.3827
BFGS:    6 08:03:58       -1.341599        0.3143
BFGS:    7 08:03:58       -1.338901        0.1317
BFGS:    8 08:03:58       -1.341059        0.1349
BFGS:    9 08:03:58       -1.343322        0.0848
BFGS:   10 08:03:58       -1.343742        0.0413
      Step     Time          Energy         fmax
BFGS:    0 08:03:58       -0.878387        4.9246
BFGS:    1 08:03:58       -1.262635        5.3055
BFGS:    2 08:03:58       -1.172926        4.3146
BFGS:    3 08:03:58       -1.102286        3.2888
BFGS:    4 08:03:58       -1.203796        0.5368
BFGS:    5 08:03:58       -1.221065        0.4374
BFGS:    6 08:03:58       -1.215192        0.3442
BFGS:    7 08:03:58       -1.211046        0.1554
BFGS:    8 08:03:58       -1.214488        0.1737
BFGS:    9 08:03:59       -1.218122        0.1233
BFGS:   10 08:03:59       -1.219173        0.0673
BFGS:   11 08:03:59       -1.220562        0.0643
BFGS:   12 08:03:59       -1.221340        0.0644
BFGS:   13 08:03:59       -1.222687        0.1053
BFGS:   14 08:03:59       -1.223672        0.0988
BFGS:   15 08:03:59       -1.223445        0.0660
BFGS:   16 08:03:59       -1.223476        0.0638
BFGS:   17 08:03:59       -1.222535        0.0748
BFGS:   18 08:03:59       -1.222317        0.0917
BFGS:   19 08:03:59       -1.222034        0.1111
BFGS:   20 08:03:59       -1.222438        0.1058
BFGS:   21 08:03:59       -1.223201        0.1121
BFGS:   22 08:03:59       -1.224435        0.0960
BFGS:   23 08:03:59       -1.225328        0.0862
BFGS:   24 08:03:59       -1.226050        0.1075
BFGS:   25 08:03:59       -1.226404        0.1239
BFGS:   26 08:03:59       -1.226153        0.1279
BFGS:   27 08:04:00       -1.224867        0.1006
BFGS:   28 08:04:00       -1.223734        0.0598
BFGS:   29 08:04:00       -1.223120        0.0544
BFGS:   30 08:04:00       -1.223104        0.0559
BFGS:   31 08:04:00       -1.223088        0.0597
BFGS:   32 08:04:00       -1.223049        0.0616
BFGS:   33 08:04:00       -1.223088        0.0644
BFGS:   34 08:04:00       -1.223345        0.0665
BFGS:   35 08:04:00       -1.223897        0.0628
BFGS:   36 08:04:00       -1.224672        0.0627
BFGS:   37 08:04:00       -1.225501        0.0687
BFGS:   38 08:04:00       -1.226188        0.0665
BFGS:   39 08:04:00       -1.226507        0.0488
      Step     Time          Energy         fmax
BFGS:    0 08:04:00       -0.806941        4.2760
BFGS:    1 08:04:00       -1.158801        5.8489
BFGS:    2 08:04:00       -1.063677        3.8978
BFGS:    3 08:04:01       -1.005092        2.6156
BFGS:    4 08:04:01       -1.092239        0.5438
BFGS:    5 08:04:01       -1.108440        0.4330
BFGS:    6 08:04:01       -1.102726        0.3248
BFGS:    7 08:04:01       -1.098617        0.1446
BFGS:    8 08:04:01       -1.101397        0.1432
BFGS:    9 08:04:01       -1.104166        0.0956
BFGS:   10 08:04:01       -1.104661        0.0440
      Step     Time          Energy         fmax
BFGS:    0 08:04:01       -0.623973        4.5164
BFGS:    1 08:04:01       -1.039712        6.3914
BFGS:    2 08:04:01       -0.926829        3.8758
BFGS:    3 08:04:01       -0.849623        2.7147
BFGS:    4 08:04:01       -0.950432        0.5513
BFGS:    5 08:04:02       -0.969167        0.4805
BFGS:    6 08:04:02       -0.962584        0.3393
BFGS:    7 08:04:02       -0.956608        0.1675
BFGS:    8 08:04:02       -0.960285        0.1743
BFGS:    9 08:04:02       -0.964354        0.1191
BFGS:   10 08:04:02       -0.965418        0.0690
BFGS:   11 08:04:02       -0.966928        0.0645
BFGS:   12 08:04:02       -0.968210        0.0797
BFGS:   13 08:04:02       -0.969672        0.1106
BFGS:   14 08:04:02       -0.970404        0.0889
BFGS:   15 08:04:02       -0.969715        0.0609
BFGS:   16 08:04:02       -0.969361        0.0543
BFGS:   17 08:04:02       -0.968386        0.0729
BFGS:   18 08:04:02       -0.968173        0.0932
BFGS:   19 08:04:02       -0.968124        0.1100
BFGS:   20 08:04:02       -0.968747        0.1020
BFGS:   21 08:04:02       -0.969695        0.1080
BFGS:   22 08:04:02       -0.970799        0.0898
BFGS:   23 08:04:02       -0.971495        0.0835
BFGS:   24 08:04:03       -0.971924        0.1178
BFGS:   25 08:04:03       -0.971956        0.1476
BFGS:   26 08:04:03       -0.971350        0.1488
BFGS:   27 08:04:03       -0.969955        0.1166
BFGS:   28 08:04:03       -0.968861        0.0675
BFGS:   29 08:04:03       -0.968177        0.0658
BFGS:   30 08:04:03       -0.968198        0.0513
BFGS:   31 08:04:03       -0.968251        0.0507
BFGS:   32 08:04:03       -0.968186        0.0621
BFGS:   33 08:04:03       -0.968244        0.0719
BFGS:   34 08:04:03       -0.968421        0.0680
BFGS:   35 08:04:03       -0.969072        0.0499
      Step     Time          Energy         fmax
BFGS:    0 08:04:03       -0.546769        3.8644
BFGS:    1 08:04:03       -0.918766        6.8943
BFGS:    2 08:04:04       -0.811533        2.8707
BFGS:    3 08:04:04       -0.733339        2.2659
BFGS:    4 08:04:04       -0.821572        0.4926
BFGS:    5 08:04:04       -0.838631        0.4524
BFGS:    6 08:04:04       -0.835967        0.2548
BFGS:    7 08:04:04       -0.829895        0.1664
BFGS:    8 08:04:04       -0.831048        0.1463
BFGS:    9 08:04:04       -0.833347        0.0991
BFGS:   10 08:04:04       -0.834939        0.0446
      Step     Time          Energy         fmax
BFGS:    0 08:04:04       -0.358650        4.1073
BFGS:    1 08:04:04       -0.785979        7.2791
BFGS:    2 08:04:04       -0.666289        2.8750
BFGS:    3 08:04:04       -0.573254        2.3156
BFGS:    4 08:04:04       -0.669965        0.5311
BFGS:    5 08:04:04       -0.689512        0.4964
BFGS:    6 08:04:04       -0.686991        0.2571
BFGS:    7 08:04:04       -0.679398        0.1861
BFGS:    8 08:04:05       -0.680297        0.1712
BFGS:    9 08:04:05       -0.683082        0.1302
BFGS:   10 08:04:05       -0.685607        0.0663
BFGS:   11 08:04:05       -0.688249        0.0613
BFGS:   12 08:04:05       -0.691152        0.0835
BFGS:   13 08:04:05       -0.692687        0.0971
BFGS:   14 08:04:05       -0.692442        0.0769
BFGS:   15 08:04:05       -0.690668        0.0509
BFGS:   16 08:04:05       -0.689414        0.0603
BFGS:   17 08:04:05       -0.688560        0.0638
BFGS:   18 08:04:05       -0.688916        0.0948
BFGS:   19 08:04:05       -0.689867        0.1066
BFGS:   20 08:04:06       -0.691393        0.1010
BFGS:   21 08:04:06       -0.692798        0.1027
BFGS:   22 08:04:06       -0.693518        0.0888
BFGS:   23 08:04:06       -0.693289        0.0885
BFGS:   24 08:04:06       -0.692735        0.1463
BFGS:   25 08:04:06       -0.692037        0.1969
BFGS:   26 08:04:06       -0.691468        0.2027
BFGS:   27 08:04:06       -0.691089        0.1489
BFGS:   28 08:04:06       -0.691270        0.0811
BFGS:   29 08:04:06       -0.691361        0.0661
BFGS:   30 08:04:06       -0.691464        0.0566
BFGS:   31 08:04:06       -0.691042        0.0547
BFGS:   32 08:04:06       -0.690601        0.0570
BFGS:   33 08:04:07       -0.690407        0.0639
BFGS:   34 08:04:07       -0.690719        0.0538
BFGS:   35 08:04:07       -0.691731        0.0398
      Step     Time          Energy         fmax
BFGS:    0 08:04:07       -0.283328        3.4723
BFGS:    1 08:04:07       -0.648572        7.3372
BFGS:    2 08:04:07       -0.541941        2.0662
BFGS:    3 08:04:07       -0.468661        1.7622
BFGS:    4 08:04:07       -0.539987        0.4755
BFGS:    5 08:04:07       -0.555197        0.3985
BFGS:    6 08:04:07       -0.555783        0.2982
BFGS:    7 08:04:07       -0.550458        0.1642
BFGS:    8 08:04:07       -0.548269        0.1487
BFGS:    9 08:04:07       -0.549357        0.1198
BFGS:   10 08:04:07       -0.552336        0.0454
      Step     Time          Energy         fmax
BFGS:    0 08:04:07       -0.128233        3.3646
BFGS:    1 08:04:07       -0.465516        6.0573
BFGS:    2 08:04:07       -0.378764        1.9822
BFGS:    3 08:04:07       -0.331311        1.3684
BFGS:    4 08:04:08       -0.382641        0.4701
BFGS:    5 08:04:08       -0.400288        0.4367
BFGS:    6 08:04:08       -0.399518        0.3091
BFGS:    7 08:04:08       -0.391667        0.1789
BFGS:    8 08:04:08       -0.387267        0.1637
BFGS:    9 08:04:08       -0.390017        0.1138
BFGS:   10 08:04:08       -0.394731        0.0614
BFGS:   11 08:04:08       -0.399025        0.0603
BFGS:   12 08:04:08       -0.402641        0.0864
BFGS:   13 08:04:08       -0.403307        0.0789
BFGS:   14 08:04:08       -0.401376        0.0645
BFGS:   15 08:04:08       -0.398417        0.0470
      Step     Time          Energy         fmax
BFGS:    0 08:04:08       -0.038551        2.6760
BFGS:    1 08:04:08       -0.238657        3.4410
BFGS:    2 08:04:08       -0.224530        1.8066
BFGS:    3 08:04:08       -0.218694        0.6142
BFGS:    4 08:04:08       -0.236360        0.2892
BFGS:    5 08:04:09       -0.244283        0.3785
BFGS:    6 08:04:09       -0.240036        0.1986
BFGS:    7 08:04:09       -0.236631        0.1392
BFGS:    8 08:04:09       -0.237238        0.1195
BFGS:    9 08:04:09       -0.240744        0.0649
BFGS:   10 08:04:09       -0.244246        0.0639
BFGS:   11 08:04:09       -0.246913        0.0946
BFGS:   12 08:04:09       -0.247849        0.0913
BFGS:   13 08:04:09       -0.247077        0.0994
BFGS:   14 08:04:09       -0.245081        0.0768
BFGS:   15 08:04:09       -0.243062        0.0789
BFGS:   16 08:04:09       -0.242265        0.0779
BFGS:   17 08:04:09       -0.242485        0.0798
BFGS:   18 08:04:09       -0.243281        0.0933
BFGS:   19 08:04:09       -0.244036        0.0823
BFGS:   20 08:04:09       -0.244540        0.0678
BFGS:   21 08:04:09       -0.244434        0.0602
BFGS:   22 08:04:09       -0.244304        0.0554
BFGS:   23 08:04:10       -0.244296        0.0663
BFGS:   24 08:04:10       -0.244635        0.0808
BFGS:   25 08:04:10       -0.245255        0.0793
BFGS:   26 08:04:10       -0.245834        0.0593
BFGS:   27 08:04:10       -0.245964        0.0542
BFGS:   28 08:04:10       -0.245682        0.0365
      Step     Time          Energy         fmax
BFGS:    0 08:04:10       -0.078566        1.6441
BFGS:    1 08:04:10       -0.139726        1.7319
BFGS:    2 08:04:10       -0.154018        0.9477
BFGS:    3 08:04:10       -0.158159        0.3125
BFGS:    4 08:04:10       -0.159321        0.2774
BFGS:    5 08:04:10       -0.160948        0.2459
BFGS:    6 08:04:10       -0.162092        0.1426
BFGS:    7 08:04:10       -0.163469        0.0680
BFGS:    8 08:04:10       -0.164474        0.0535
BFGS:    9 08:04:10       -0.165249        0.0419
      Step     Time          Energy         fmax
BFGS:    0 08:04:11       -0.122230        0.9017
BFGS:    1 08:04:11       -0.154168        0.7200
BFGS:    2 08:04:11       -0.157323        1.2524
BFGS:    3 08:04:11       -0.175054        0.4013
BFGS:    4 08:04:11       -0.175087        0.3146
BFGS:    5 08:04:11       -0.176457        0.1919
BFGS:    6 08:04:11       -0.178117        0.1873
BFGS:    7 08:04:11       -0.182424        0.1178
BFGS:    8 08:04:11       -0.186004        0.0905
BFGS:    9 08:04:11       -0.187937        0.0884
BFGS:   10 08:04:11       -0.190656        0.1159
BFGS:   11 08:04:11       -0.191760        0.1208
BFGS:   12 08:04:11       -0.193242        0.1376
BFGS:   13 08:04:12       -0.195029        0.1164
BFGS:   14 08:04:12       -0.197445        0.0923
BFGS:   15 08:04:12       -0.200758        0.0716
BFGS:   16 08:04:12       -0.202257        0.0644
BFGS:   17 08:04:12       -0.203919        0.0714
BFGS:   18 08:04:12       -0.204758        0.0612
BFGS:   19 08:04:12       -0.205443        0.0655
BFGS:   20 08:04:12       -0.205769        0.0529
BFGS:   21 08:04:12       -0.205885        0.0427
Performing final optimization with tight thresholds...
      Step     Time          Energy         fmax
BFGS:    0 08:04:12       -0.205885        0.0427
Tight optimization complete!
Relaxed scan complete! Trajectory saved to opt.traj. 
Finished in 0 hours, 0 minutes, and 36 seconds
