You need to install the group's fork of aRMSD and put it in your path https://github.mit.edu/MLMat/aRMSD
[ 0.        +7.96622118e+02j  0.        +6.66183404e+00j
  0.        +1.27983017e+00j  0.        +9.51379566e-01j
  0.        +7.49997163e-01j  1.11438568+0.00000000e+00j
  5.94761477+0.00000000e+00j  7.69102932+0.00000000e+00j
 12.23448123+0.00000000e+00j 18.49612746+0.00000000e+00j
 20.20917189+0.00000000e+00j 27.9248918 +0.00000000e+00j
 37.27729154+0.00000000e+00j 38.85249884+0.00000000e+00j
 43.85206628+0.00000000e+00j 49.66326239+0.00000000e+00j
 52.16010597+0.00000000e+00j 55.1611323 +0.00000000e+00j
 65.82216019+0.00000000e+00j 72.46106539+0.00000000e+00j]
Entropy components at T = 298.15 K and P = 101325.0 Pa:
=================================================
                           S               T*S
S_trans (1 bar)    0.0019477 eV/K        0.581 eV
S_rot              0.0016817 eV/K        0.501 eV
S_elec             0.0000000 eV/K        0.000 eV
S_vib              0.0070961 eV/K        2.116 eV
S (1 bar -> P)    -0.0000011 eV/K       -0.000 eV
-------------------------------------------------
S                  0.0107243 eV/K        3.197 eV
=================================================
Enthalpy components at T = 298.15 K:
===============================
E_pot                 -2.468 eV
E_ZPE                 17.329 eV
Cv_trans (0->T)        0.039 eV
Cv_rot (0->T)          0.039 eV
Cv_vib (0->T)          0.975 eV
(C_v -> C_p)           0.026 eV
-------------------------------
H                     15.939 eV
===============================
RMS: 0.04265422001481056, MAX: 1.7043801546096802
RMS: 0.01890541799366474, MAX: 0.4958321154117584
RMS: 0.007791837677359581, MAX: 0.14956124126911163
RMS: 0.018494518473744392, MAX: 0.4900173842906952
RMS: 0.010930565185844898, MAX: 0.16284164786338806
RMS: 0.00840896088629961, MAX: 0.12040159851312637
RMS: 0.004007816314697266, MAX: 0.03900213539600372
RMS: 0.002731604501605034, MAX: 0.019243020564317703
RMS: 0.003986164927482605, MAX: 0.04765729978680611
RMS: 0.005500716622918844, MAX: 0.07387790083885193
RMS: 0.006396191660314798, MAX: 0.08240382373332977
RMS: 0.006100823171436787, MAX: 0.06856835633516312
RMS: 0.004572068341076374, MAX: 0.05291471257805824
RMS: 0.0037249710876494646, MAX: 0.04982415586709976
RMS: 0.0031034080311656, MAX: 0.03302696347236633
RMS: 0.0037964379880577326, MAX: 0.04420439153909683
RMS: 0.0044171069748699665, MAX: 0.05855796858668327
RMS: 0.00561903603374958, MAX: 0.03490342199802399
RMS: 0.004921171348541975, MAX: 0.03788314014673233
RMS: 0.0038844135124236345, MAX: 0.027487313374876976
RMS: 0.0017153546214103699, MAX: 0.014192664995789528
RMS: 0.0016096857143566012, MAX: 0.016904599964618683
RMS: 0.0009682369418442249, MAX: 0.008458305150270462
RMS: 0.0008576704422011971, MAX: 0.004665580112487078
Optimization converged!
Eigenvector following terminated normally.
[ 0.        +6.49861118e+02j  0.        +2.20447347e+00j
  0.        +1.66908788e+00j  0.        +1.26926129e+00j
  0.        +1.01912458e+00j  0.        +1.81350809e-01j
  0.55959307+0.00000000e+00j 10.12694703+0.00000000e+00j
 18.22457621+0.00000000e+00j 19.83673991+0.00000000e+00j
 22.21738084+0.00000000e+00j 28.65405169+0.00000000e+00j
 37.71504609+0.00000000e+00j 38.91279564+0.00000000e+00j
 43.70571694+0.00000000e+00j 50.38186985+0.00000000e+00j
 54.40705282+0.00000000e+00j 56.31148559+0.00000000e+00j
 62.84116167+0.00000000e+00j 71.43777518+0.00000000e+00j]
Flipping all imaginary frequencies except the lowest one
Entropy components at T = 298.15 K and P = 101325.0 Pa:
=================================================
                           S               T*S
S_trans (1 bar)    0.0019477 eV/K        0.581 eV
S_rot              0.0016820 eV/K        0.501 eV
S_elec             0.0000000 eV/K        0.000 eV
S_vib              0.0069693 eV/K        2.078 eV
S (1 bar -> P)    -0.0000011 eV/K       -0.000 eV
-------------------------------------------------
S                  0.0105978 eV/K        3.160 eV
=================================================
Enthalpy components at T = 298.15 K:
===============================
E_pot                 -2.507 eV
E_ZPE                 17.348 eV
Cv_trans (0->T)        0.039 eV
Cv_rot (0->T)          0.039 eV
Cv_vib (0->T)          0.974 eV
(C_v -> C_p)           0.026 eV
-------------------------------
H                     15.918 eV
===============================
