[  0.        +482.94244951j   0.          +2.17041326j
   0.          +1.8981301j    0.          +1.65568253j
   0.          +1.13853608j   0.          +0.79118232j
   1.01959303  +0.j           5.70826706  +0.j
  13.37685353  +0.j          18.7276924   +0.j
  22.16886935  +0.j          29.54843873  +0.j
  50.734726    +0.j          56.98104957  +0.j
  68.27000816  +0.j          70.46472508  +0.j
  74.08009956  +0.j          83.04313482  +0.j
  99.2190816   +0.j         115.69995422  +0.j        ]
Entropy components at T = 298.15 K and P = 101325.0 Pa:
=================================================
                           S               T*S
S_trans (1 bar)    0.0019060 eV/K        0.568 eV
S_rot              0.0016347 eV/K        0.487 eV
S_elec             0.0000000 eV/K        0.000 eV
S_vib              0.0053982 eV/K        1.609 eV
S (1 bar -> P)    -0.0000011 eV/K       -0.000 eV
-------------------------------------------------
S                  0.0089378 eV/K        2.665 eV
=================================================
Enthalpy components at T = 298.15 K:
===============================
E_pot                  0.692 eV
E_ZPE                 16.245 eV
Cv_trans (0->T)        0.039 eV
Cv_rot (0->T)          0.039 eV
Cv_vib (0->T)          0.750 eV
(C_v -> C_p)           0.026 eV
-------------------------------
H                     17.789 eV
===============================
Generating initial displacements from TS... 
Generated displacements!
Generating forward IRC path
IRC converged after 38 steps!
Generating backward IRC path
IRC converged after 20 steps!
IRC saved to ./irc.pickle
Neural IRC terminated normally.
