[  0.        +718.14271306j   0.          +2.55124511j
   0.          +2.33912069j   0.          +1.26573909j
   0.          +1.05218746j   0.          +0.82468202j
   0.79532205  +0.j           7.86751749  +0.j
  15.32179703  +0.j          21.22016826  +0.j
  26.51297843  +0.j          47.44703739  +0.j
  57.0176074   +0.j          58.79688998  +0.j
  74.41059572  +0.j          79.04964666  +0.j
  86.8476792   +0.j          95.55244485  +0.j
 105.54714475  +0.j         112.24067405  +0.j        ]
Entropy components at T = 298.15 K and P = 101325.0 Pa:
=================================================
                           S               T*S
S_trans (1 bar)    0.0019060 eV/K        0.568 eV
S_rot              0.0016320 eV/K        0.487 eV
S_elec             0.0000000 eV/K        0.000 eV
S_vib              0.0051997 eV/K        1.550 eV
S (1 bar -> P)    -0.0000011 eV/K       -0.000 eV
-------------------------------------------------
S                  0.0087366 eV/K        2.605 eV
=================================================
Enthalpy components at T = 298.15 K:
===============================
E_pot                  0.407 eV
E_ZPE                 16.218 eV
Cv_trans (0->T)        0.039 eV
Cv_rot (0->T)          0.039 eV
Cv_vib (0->T)          0.741 eV
(C_v -> C_p)           0.026 eV
-------------------------------
H                     17.468 eV
===============================
Generating forward path to find forward triplet crossing
Found a triplet crossing after 11 steps!
Minimizing average (singlet, triplet) energy while keeping the gap as small as possible
      Step     Time          Energy         fmax
BFGS:    0 19:05:18        0.286739        0.3877
BFGS:    1 19:05:18        0.280424        0.2426
BFGS:    2 19:05:18        0.275215        0.1834
BFGS:    3 19:05:18        0.272849        0.1350
BFGS:    4 19:05:19        0.271949        0.0716
BFGS:    5 19:05:19        0.271431        0.0590
BFGS:    6 19:05:19        0.270831        0.0807
BFGS:    7 19:05:19        0.270132        0.0632
BFGS:    8 19:05:20        0.269402        0.0513
BFGS:    9 19:05:20        0.268795        0.0557
BFGS:   10 19:05:20        0.268348        0.0610
BFGS:   11 19:05:21        0.267847        0.0569
BFGS:   12 19:05:21        0.267373        0.0519
BFGS:   13 19:05:21        0.266906        0.0445
BFGS:   14 19:05:21        0.266467        0.0403
BFGS:   15 19:05:22        0.266071        0.0368
BFGS:   16 19:05:22        0.265726        0.0428
BFGS:   17 19:05:22        0.265383        0.0446
BFGS:   18 19:05:22        0.265036        0.0353
BFGS:   19 19:05:23        0.264728        0.0340
BFGS:   20 19:05:23        0.264476        0.0345
BFGS:   21 19:05:23        0.264255        0.0324
BFGS:   22 19:05:24        0.264010        0.0272
BFGS:   23 19:05:24        0.263727        0.0281
BFGS:   24 19:05:24        0.263423        0.0282
BFGS:   25 19:05:25        0.263129        0.0337
BFGS:   26 19:05:25        0.262861        0.0263
BFGS:   27 19:05:25        0.262648        0.0266
BFGS:   28 19:05:25        0.262481        0.0255
BFGS:   29 19:05:26        0.262323        0.0239
BFGS:   30 19:05:26        0.262132        0.0237
BFGS:   31 19:05:26        0.261903        0.0260
BFGS:   32 19:05:27        0.261660        0.0243
BFGS:   33 19:05:27        0.261429        0.0247
BFGS:   34 19:05:27        0.261197        0.0267
BFGS:   35 19:05:28        0.260960        0.0315
BFGS:   36 19:05:28        0.260748        0.0249
BFGS:   37 19:05:28        0.260582        0.0230
BFGS:   38 19:05:28        0.260429        0.0247
BFGS:   39 19:05:29        0.260245        0.0231
BFGS:   40 19:05:29        0.260012        0.0262
BFGS:   41 19:05:29        0.259780        0.0266
BFGS:   42 19:05:30        0.259614        0.0178
BFGS:   43 19:05:30        0.259506        0.0172
BFGS:   44 19:05:30        0.259417        0.0193
BFGS:   45 19:05:30        0.259321        0.0199
BFGS:   46 19:05:31        0.259225        0.0168
BFGS:   47 19:05:31        0.259136        0.0123
BFGS:   48 19:05:31        0.259056        0.0130
BFGS:   49 19:05:32        0.258977        0.0121
BFGS:   50 19:05:32        0.258890        0.0142
BFGS:   51 19:05:32        0.258794        0.0166
BFGS:   52 19:05:33        0.258685        0.0183
BFGS:   53 19:05:33        0.258573        0.0218
BFGS:   54 19:05:33        0.258475        0.0156
BFGS:   55 19:05:33        0.258390        0.0139
BFGS:   56 19:05:34        0.258311        0.0148
BFGS:   57 19:05:34        0.258223        0.0171
BFGS:   58 19:05:34        0.258137        0.0140
BFGS:   59 19:05:34        0.258072        0.0133
BFGS:   60 19:05:35        0.258024        0.0134
BFGS:   61 19:05:35        0.257987        0.0137
BFGS:   62 19:05:35        0.257944        0.0139
BFGS:   63 19:05:36        0.257892        0.0123
BFGS:   64 19:05:36        0.257837        0.0150
BFGS:   65 19:05:36        0.257778        0.0127
BFGS:   66 19:05:36        0.257722        0.0112
BFGS:   67 19:05:37        0.257673        0.0115
BFGS:   68 19:05:37        0.257635        0.0110
BFGS:   69 19:05:37        0.257602        0.0134
BFGS:   70 19:05:37        0.257570        0.0116
BFGS:   71 19:05:38        0.257535        0.0102
BFGS:   72 19:05:38        0.257494        0.0110
BFGS:   73 19:05:38        0.257448        0.0123
BFGS:   74 19:05:38        0.257397        0.0118
BFGS:   75 19:05:39        0.257346        0.0132
BFGS:   76 19:05:39        0.257298        0.0131
BFGS:   77 19:05:39        0.257248        0.0133
BFGS:   78 19:05:39        0.257188        0.0176
BFGS:   79 19:05:40        0.257112        0.0186
BFGS:   80 19:05:40        0.257015        0.0185
BFGS:   81 19:05:40        0.256919        0.0147
BFGS:   82 19:05:40        0.256835        0.0141
BFGS:   83 19:05:41        0.256769        0.0134
BFGS:   84 19:05:41        0.256712        0.0119
BFGS:   85 19:05:41        0.256661        0.0120
BFGS:   86 19:05:41        0.256617        0.0093
BFGS:   87 19:05:41        0.256579        0.0098
BFGS:   88 19:05:42        0.256543        0.0097
BFGS:   89 19:05:42        0.256502        0.0120
BFGS:   90 19:05:42        0.256462        0.0112
BFGS:   91 19:05:43        0.256424        0.0104
BFGS:   92 19:05:43        0.256387        0.0101
BFGS:   93 19:05:43        0.256354        0.0097
BFGS:   94 19:05:43        0.256320        0.0109
BFGS:   95 19:05:44        0.256287        0.0097
BFGS:   96 19:05:44        0.256254        0.0104
BFGS:   97 19:05:44        0.256217        0.0091
BFGS:   98 19:05:44        0.256177        0.0106
BFGS:   99 19:05:45        0.256130        0.0121
BFGS:  100 19:05:45        0.256085        0.0099
BFGS:  101 19:05:45        0.256044        0.0098
BFGS:  102 19:05:46        0.256015        0.0085
BFGS:  103 19:05:46        0.255988        0.0110
BFGS:  104 19:05:46        0.255960        0.0101
BFGS:  105 19:05:46        0.255930        0.0090
BFGS:  106 19:05:47        0.255897        0.0079
BFGS:  107 19:05:47        0.255862        0.0113
BFGS:  108 19:05:47        0.255825        0.0139
BFGS:  109 19:05:47        0.255787        0.0125
BFGS:  110 19:05:47        0.255751        0.0132
BFGS:  111 19:05:48        0.255714        0.0106
BFGS:  112 19:05:48        0.255672        0.0113
BFGS:  113 19:05:48        0.255625        0.0146
BFGS:  114 19:05:49        0.255569        0.0155
BFGS:  115 19:05:49        0.255514        0.0131
BFGS:  116 19:05:49        0.255457        0.0104
BFGS:  117 19:05:49        0.255403        0.0105
BFGS:  118 19:05:50        0.255349        0.0104
BFGS:  119 19:05:50        0.255303        0.0113
BFGS:  120 19:05:50        0.255262        0.0090
BFGS:  121 19:05:50        0.255221        0.0098
BFGS:  122 19:05:51        0.255175        0.0116
BFGS:  123 19:05:51        0.255119        0.0121
BFGS:  124 19:05:51        0.255042        0.0144
BFGS:  125 19:05:51        0.254945        0.0173
BFGS:  126 19:05:52        0.254823        0.0200
BFGS:  127 19:05:52        0.254692        0.0206
BFGS:  128 19:05:52        0.254584        0.0168
BFGS:  129 19:05:53        0.254493        0.0149
BFGS:  130 19:05:53        0.254407        0.0120
BFGS:  131 19:05:53        0.254321        0.0136
BFGS:  132 19:05:54        0.254243        0.0119
BFGS:  133 19:05:54        0.254179        0.0106
BFGS:  134 19:05:54        0.254128        0.0101
BFGS:  135 19:05:54        0.254080        0.0120
BFGS:  136 19:05:55        0.254040        0.0099
BFGS:  137 19:05:55        0.254002        0.0096
BFGS:  138 19:05:55        0.253962        0.0095
BFGS:  139 19:05:55        0.253922        0.0100
BFGS:  140 19:05:56        0.253880        0.0087
BFGS:  141 19:05:56        0.253846        0.0088
BFGS:  142 19:05:56        0.253813        0.0114
BFGS:  143 19:05:56        0.253776        0.0112
BFGS:  144 19:05:57        0.253728        0.0130
BFGS:  145 19:05:57        0.253681        0.0098
BFGS:  146 19:05:57        0.253639        0.0101
BFGS:  147 19:05:57        0.253603        0.0102
BFGS:  148 19:05:58        0.253562        0.0110
BFGS:  149 19:05:58        0.253514        0.0117
BFGS:  150 19:05:58        0.253458        0.0111
BFGS:  151 19:05:59        0.253406        0.0087
BFGS:  152 19:05:59        0.253354        0.0110
BFGS:  153 19:05:59        0.253305        0.0120
BFGS:  154 19:05:59        0.253252        0.0125
BFGS:  155 19:06:00        0.253193        0.0118
BFGS:  156 19:06:00        0.253138        0.0136
BFGS:  157 19:06:00        0.253077        0.0124
BFGS:  158 19:06:00        0.253012        0.0108
BFGS:  159 19:06:01        0.252946        0.0124
BFGS:  160 19:06:01        0.252890        0.0092
BFGS:  161 19:06:01        0.252844        0.0090
BFGS:  162 19:06:01        0.252802        0.0101
BFGS:  163 19:06:02        0.252763        0.0115
BFGS:  164 19:06:02        0.252724        0.0107
BFGS:  165 19:06:02        0.252687        0.0086
BFGS:  166 19:06:02        0.252648        0.0097
BFGS:  167 19:06:03        0.252605        0.0092
BFGS:  168 19:06:03        0.252562        0.0111
BFGS:  169 19:06:03        0.252522        0.0101
BFGS:  170 19:06:03        0.252489        0.0101
BFGS:  171 19:06:04        0.252462        0.0098
BFGS:  172 19:06:04        0.252435        0.0083
BFGS:  173 19:06:05        0.252405        0.0067
BFGS:  174 19:06:05        0.252376        0.0085
BFGS:  175 19:06:06        0.252345        0.0072
BFGS:  176 19:06:06        0.252319        0.0067
BFGS:  177 19:06:07        0.252296        0.0079
BFGS:  178 19:06:07        0.252275        0.0071
BFGS:  179 19:06:08        0.252254        0.0076
BFGS:  180 19:06:08        0.252229        0.0074
BFGS:  181 19:06:09        0.252204        0.0072
BFGS:  182 19:06:09        0.252180        0.0070
BFGS:  183 19:06:10        0.252156        0.0069
BFGS:  184 19:06:10        0.252130        0.0069
BFGS:  185 19:06:11        0.252101        0.0075
BFGS:  186 19:06:11        0.252074        0.0079
BFGS:  187 19:06:11        0.252047        0.0078
BFGS:  188 19:06:11        0.252019        0.0073
BFGS:  189 19:06:12        0.251989        0.0099
BFGS:  190 19:06:12        0.251956        0.0105
BFGS:  191 19:06:12        0.251925        0.0088
BFGS:  192 19:06:13        0.251899        0.0073
BFGS:  193 19:06:13        0.251878        0.0061
BFGS:  194 19:06:13        0.251863        0.0058
BFGS:  195 19:06:13        0.251843        0.0079
BFGS:  196 19:06:14        0.251822        0.0100
BFGS:  197 19:06:15        0.251794        0.0100
BFGS:  198 19:06:15        0.251759        0.0107
BFGS:  199 19:06:16        0.251716        0.0111
BFGS:  200 19:06:16        0.251672        0.0092
BFGS:  201 19:06:17        0.251632        0.0095
BFGS:  202 19:06:18        0.251593        0.0085
BFGS:  203 19:06:18        0.251561        0.0092
BFGS:  204 19:06:19        0.251527        0.0096
BFGS:  205 19:06:19        0.251493        0.0095
BFGS:  206 19:06:19        0.251456        0.0100
BFGS:  207 19:06:20        0.251419        0.0077
BFGS:  208 19:06:20        0.251381        0.0089
BFGS:  209 19:06:21        0.251346        0.0081
BFGS:  210 19:06:21        0.251319        0.0068
BFGS:  211 19:06:21        0.251296        0.0061
BFGS:  212 19:06:22        0.251279        0.0067
BFGS:  213 19:06:22        0.251266        0.0062
BFGS:  214 19:06:22        0.251252        0.0059
BFGS:  215 19:06:22        0.251234        0.0051
BFGS:  216 19:06:23        0.251218        0.0063
BFGS:  217 19:06:23        0.251200        0.0064
BFGS:  218 19:06:23        0.251185        0.0062
BFGS:  219 19:06:24        0.251170        0.0070
BFGS:  220 19:06:24        0.251157        0.0066
BFGS:  221 19:06:26        0.251143        0.0080
BFGS:  222 19:06:26        0.251131        0.0063
BFGS:  223 19:06:27        0.251120        0.0043
Generating backward path to find backward triplet crossing
Found a triplet crossing after 12 steps!
Minimizing average (singlet, triplet) energy while keeping the gap as small as possible
      Step     Time          Energy         fmax
BFGS:    0 19:06:31        0.276776        0.4089
BFGS:    1 19:06:31        0.271916        0.2410
BFGS:    2 19:06:32        0.268274        0.1373
BFGS:    3 19:06:32        0.266089        0.1415
BFGS:    4 19:06:32        0.263448        0.0928
BFGS:    5 19:06:32        0.261012        0.0906
BFGS:    6 19:06:33        0.258635        0.0811
BFGS:    7 19:06:34        0.257303        0.0671
BFGS:    8 19:06:34        0.257312        0.0663
BFGS:    9 19:06:35        0.257685        0.0764
BFGS:   10 19:06:35        0.257795        0.0784
BFGS:   11 19:06:36        0.257050        0.0667
BFGS:   12 19:06:36        0.255366        0.0723
BFGS:   13 19:06:37        0.253257        0.0645
BFGS:   14 19:06:37        0.251511        0.0751
BFGS:   15 19:06:37        0.250689        0.0707
BFGS:   16 19:06:38        0.250541        0.0588
BFGS:   17 19:06:38        0.250661        0.0724
BFGS:   18 19:06:39        0.250456        0.0698
BFGS:   19 19:06:39        0.249469        0.0510
BFGS:   20 19:06:39        0.247879        0.0441
BFGS:   21 19:06:40        0.246028        0.0486
BFGS:   22 19:06:40        0.244251        0.0453
BFGS:   23 19:06:40        0.243427        0.0513
BFGS:   24 19:06:41        0.243738        0.0410
BFGS:   25 19:06:41        0.244427        0.0373
BFGS:   26 19:06:41        0.244855        0.0414
BFGS:   27 19:06:41        0.244503        0.0512
BFGS:   28 19:06:42        0.243243        0.0396
BFGS:   29 19:06:43        0.241729        0.0314
BFGS:   30 19:06:43        0.240540        0.0312
BFGS:   31 19:06:44        0.239837        0.0380
BFGS:   32 19:06:45        0.239825        0.0397
BFGS:   33 19:06:45        0.240300        0.0364
BFGS:   34 19:06:46        0.240752        0.0320
BFGS:   35 19:06:46        0.240750        0.0357
BFGS:   36 19:06:46        0.240084        0.0382
BFGS:   37 19:06:47        0.238832        0.0370
BFGS:   38 19:06:47        0.237400        0.0429
BFGS:   39 19:06:47        0.236362        0.0394
BFGS:   40 19:06:48        0.236138        0.0321
BFGS:   41 19:06:48        0.236540        0.0257
BFGS:   42 19:06:48        0.236988        0.0250
BFGS:   43 19:06:49        0.237102        0.0293
BFGS:   44 19:06:49        0.236687        0.0379
BFGS:   45 19:06:49        0.235789        0.0325
BFGS:   46 19:06:50        0.234827        0.0263
BFGS:   47 19:06:50        0.234257        0.0230
BFGS:   48 19:06:50        0.234144        0.0244
BFGS:   49 19:06:50        0.234346        0.0259
BFGS:   50 19:06:51        0.234639        0.0293
BFGS:   51 19:06:51        0.234748        0.0263
BFGS:   52 19:06:52        0.234463        0.0269
BFGS:   53 19:06:52        0.233858        0.0229
BFGS:   54 19:06:53        0.233181        0.0213
BFGS:   55 19:06:54        0.232648        0.0220
BFGS:   56 19:06:54        0.232386        0.0251
BFGS:   57 19:06:54        0.232466        0.0255
BFGS:   58 19:06:55        0.232737        0.0215
BFGS:   59 19:06:55        0.232903        0.0203
BFGS:   60 19:06:56        0.232796        0.0271
BFGS:   61 19:06:56        0.232446        0.0241
BFGS:   62 19:06:57        0.232016        0.0186
BFGS:   63 19:06:57        0.231701        0.0142
BFGS:   64 19:06:57        0.231600        0.0155
BFGS:   65 19:06:58        0.231689        0.0171
BFGS:   66 19:06:58        0.231870        0.0162
BFGS:   67 19:06:58        0.231988        0.0146
BFGS:   68 19:06:59        0.231939        0.0143
BFGS:   69 19:06:59        0.231704        0.0194
BFGS:   70 19:06:59        0.231346        0.0227
BFGS:   71 19:07:00        0.231026        0.0219
BFGS:   72 19:07:00        0.230880        0.0167
BFGS:   73 19:07:00        0.230916        0.0176
BFGS:   74 19:07:01        0.231059        0.0173
BFGS:   75 19:07:01        0.231181        0.0208
BFGS:   76 19:07:01        0.231157        0.0186
BFGS:   77 19:07:02        0.230936        0.0162
BFGS:   78 19:07:02        0.230552        0.0212
BFGS:   79 19:07:02        0.230130        0.0261
BFGS:   80 19:07:03        0.229858        0.0236
BFGS:   81 19:07:04        0.229818        0.0193
BFGS:   82 19:07:04        0.229939        0.0213
BFGS:   83 19:07:05        0.230091        0.0248
BFGS:   84 19:07:05        0.230111        0.0296
BFGS:   85 19:07:05        0.229882        0.0214
BFGS:   86 19:07:06        0.229462        0.0212
BFGS:   87 19:07:06        0.228963        0.0258
BFGS:   88 19:07:06        0.228502        0.0282
BFGS:   89 19:07:07        0.228245        0.0255
BFGS:   90 19:07:07        0.228288        0.0224
BFGS:   91 19:07:08        0.228496        0.0196
BFGS:   92 19:07:08        0.228639        0.0180
BFGS:   93 19:07:08        0.228581        0.0176
BFGS:   94 19:07:08        0.228318        0.0185
BFGS:   95 19:07:09        0.227947        0.0151
BFGS:   96 19:07:09        0.227611        0.0160
BFGS:   97 19:07:09        0.227438        0.0163
BFGS:   98 19:07:10        0.227455        0.0178
BFGS:   99 19:07:10        0.227598        0.0168
BFGS:  100 19:07:11        0.227728        0.0181
BFGS:  101 19:07:12        0.227712        0.0172
BFGS:  102 19:07:12        0.227523        0.0133
BFGS:  103 19:07:12        0.227237        0.0135
BFGS:  104 19:07:13        0.226971        0.0134
BFGS:  105 19:07:13        0.226814        0.0139
BFGS:  106 19:07:14        0.226814        0.0118
BFGS:  107 19:07:14        0.226934        0.0120
BFGS:  108 19:07:14        0.227072        0.0136
BFGS:  109 19:07:15        0.227111        0.0149
BFGS:  110 19:07:15        0.226999        0.0180
BFGS:  111 19:07:16        0.226757        0.0158
BFGS:  112 19:07:16        0.226459        0.0163
BFGS:  113 19:07:16        0.226242        0.0157
BFGS:  114 19:07:17        0.226208        0.0128
BFGS:  115 19:07:17        0.226321        0.0115
BFGS:  116 19:07:17        0.226478        0.0126
BFGS:  117 19:07:18        0.226574        0.0167
BFGS:  118 19:07:18        0.226523        0.0139
BFGS:  119 19:07:18        0.226312        0.0163
BFGS:  120 19:07:18        0.226019        0.0135
BFGS:  121 19:07:19        0.225741        0.0157
BFGS:  122 19:07:19        0.225568        0.0180
BFGS:  123 19:07:19        0.225548        0.0224
BFGS:  124 19:07:20        0.225667        0.0225
BFGS:  125 19:07:20        0.225823        0.0212
BFGS:  126 19:07:21        0.225861        0.0225
BFGS:  127 19:07:21        0.225643        0.0200
BFGS:  128 19:07:22        0.225185        0.0242
BFGS:  129 19:07:22        0.224618        0.0241
BFGS:  130 19:07:22        0.224062        0.0271
BFGS:  131 19:07:23        0.223682        0.0320
BFGS:  132 19:07:24        0.223635        0.0236
BFGS:  133 19:07:24        0.223834        0.0264
BFGS:  134 19:07:24        0.224019        0.0183
BFGS:  135 19:07:25        0.224012        0.0225
BFGS:  136 19:07:25        0.223754        0.0201
BFGS:  137 19:07:25        0.223334        0.0190
BFGS:  138 19:07:26        0.222931        0.0154
BFGS:  139 19:07:26        0.222715        0.0131
BFGS:  140 19:07:26        0.222744        0.0144
BFGS:  141 19:07:27        0.222915        0.0152
BFGS:  142 19:07:27        0.223093        0.0138
BFGS:  143 19:07:27        0.223179        0.0145
BFGS:  144 19:07:28        0.223088        0.0142
BFGS:  145 19:07:28        0.222834        0.0136
BFGS:  146 19:07:28        0.222541        0.0126
BFGS:  147 19:07:28        0.222319        0.0135
BFGS:  148 19:07:29        0.222216        0.0131
BFGS:  149 19:07:29        0.222293        0.0126
BFGS:  150 19:07:29        0.222443        0.0118
BFGS:  151 19:07:29        0.222581        0.0118
BFGS:  152 19:07:30        0.222584        0.0134
BFGS:  153 19:07:30        0.222473        0.0102
BFGS:  154 19:07:30        0.222246        0.0115
BFGS:  155 19:07:30        0.222040        0.0131
BFGS:  156 19:07:30        0.221907        0.0136
BFGS:  157 19:07:31        0.221902        0.0109
BFGS:  158 19:07:31        0.222002        0.0118
BFGS:  159 19:07:31        0.222124        0.0113
BFGS:  160 19:07:31        0.222167        0.0139
BFGS:  161 19:07:32        0.222071        0.0135
BFGS:  162 19:07:32        0.221849        0.0118
BFGS:  163 19:07:32        0.221617        0.0104
BFGS:  164 19:07:32        0.221479        0.0099
BFGS:  165 19:07:33        0.221471        0.0088
BFGS:  166 19:07:33        0.221544        0.0104
BFGS:  167 19:07:33        0.221649        0.0107
BFGS:  168 19:07:34        0.221711        0.0121
BFGS:  169 19:07:34        0.221683        0.0119
BFGS:  170 19:07:35        0.221534        0.0078
BFGS:  171 19:07:35        0.221347        0.0096
BFGS:  172 19:07:36        0.221177        0.0096
BFGS:  173 19:07:36        0.221086        0.0130
BFGS:  174 19:07:36        0.221094        0.0101
BFGS:  175 19:07:37        0.221185        0.0124
BFGS:  176 19:07:37        0.221268        0.0105
BFGS:  177 19:07:37        0.221283        0.0123
BFGS:  178 19:07:37        0.221211        0.0111
BFGS:  179 19:07:37        0.221076        0.0089
BFGS:  180 19:07:38        0.220927        0.0122
BFGS:  181 19:07:38        0.220822        0.0119
BFGS:  182 19:07:38        0.220786        0.0129
BFGS:  183 19:07:38        0.220829        0.0100
BFGS:  184 19:07:39        0.220900        0.0098
BFGS:  185 19:07:39        0.220938        0.0088
BFGS:  186 19:07:39        0.220902        0.0133
BFGS:  187 19:07:39        0.220784        0.0125
BFGS:  188 19:07:39        0.220614        0.0110
BFGS:  189 19:07:40        0.220482        0.0123
BFGS:  190 19:07:40        0.220422        0.0114
BFGS:  191 19:07:40        0.220436        0.0103
BFGS:  192 19:07:41        0.220487        0.0097
BFGS:  193 19:07:41        0.220526        0.0116
BFGS:  194 19:07:41        0.220509        0.0095
BFGS:  195 19:07:41        0.220435        0.0089
BFGS:  196 19:07:42        0.220319        0.0120
BFGS:  197 19:07:42        0.220202        0.0105
BFGS:  198 19:07:42        0.220127        0.0096
BFGS:  199 19:07:42        0.220124        0.0099
BFGS:  200 19:07:43        0.220168        0.0102
BFGS:  201 19:07:43        0.220220        0.0122
BFGS:  202 19:07:43        0.220234        0.0106
BFGS:  203 19:07:44        0.220185        0.0105
BFGS:  204 19:07:44        0.220067        0.0127
BFGS:  205 19:07:44        0.219905        0.0166
BFGS:  206 19:07:44        0.219750        0.0189
BFGS:  207 19:07:45        0.219673        0.0151
BFGS:  208 19:07:45        0.219691        0.0088
BFGS:  209 19:07:45        0.219746        0.0088
BFGS:  210 19:07:45        0.219783        0.0108
BFGS:  211 19:07:46        0.219774        0.0113
BFGS:  212 19:07:46        0.219702        0.0121
BFGS:  213 19:07:46        0.219593        0.0113
BFGS:  214 19:07:46        0.219501        0.0071
BFGS:  215 19:07:47        0.219457        0.0085
BFGS:  216 19:07:47        0.219450        0.0105
BFGS:  217 19:07:47        0.219470        0.0098
BFGS:  218 19:07:47        0.219495        0.0075
BFGS:  219 19:07:48        0.219494        0.0068
BFGS:  220 19:07:48        0.219459        0.0068
BFGS:  221 19:07:48        0.219394        0.0099
BFGS:  222 19:07:48        0.219323        0.0104
BFGS:  223 19:07:49        0.219276        0.0074
BFGS:  224 19:07:49        0.219271        0.0056
BFGS:  225 19:07:49        0.219289        0.0051
BFGS:  226 19:07:49        0.219309        0.0059
BFGS:  227 19:07:49        0.219318        0.0053
BFGS:  228 19:07:50        0.219303        0.0054
BFGS:  229 19:07:50        0.219263        0.0077
BFGS:  230 19:07:50        0.219213        0.0106
BFGS:  231 19:07:50        0.219176        0.0093
BFGS:  232 19:07:51        0.219162        0.0055
BFGS:  233 19:07:51        0.219167        0.0057
BFGS:  234 19:07:51        0.219180        0.0092
BFGS:  235 19:07:51        0.219187        0.0116
BFGS:  236 19:07:52        0.219172        0.0080
BFGS:  237 19:07:52        0.219129        0.0057
BFGS:  238 19:07:52        0.219079        0.0070
BFGS:  239 19:07:52        0.219031        0.0107
BFGS:  240 19:07:53        0.219002        0.0101
BFGS:  241 19:07:53        0.219002        0.0051
BFGS:  242 19:07:53        0.219021        0.0048
Neural IRC terminated normally.
