[  0.        +933.75808934j   0.          +5.40917117j
   0.          +4.02902278j   0.          +2.79635319j
   0.          +2.16347876j   0.          +1.73807821j
   0.          +1.51547028j  31.31357889  +0.j
  40.78949275  +0.j          41.19839159  +0.j
  95.13045477  +0.j         109.38355873  +0.j
 191.39946389  +0.j         219.19337356  +0.j
 220.50455669  +0.j         250.23514583  +0.j
 251.42790266  +0.j         264.91301354  +0.j
 301.90543974  +0.j         342.19984702  +0.j        ]
Entropy components at T = 298.15 K and P = 101325.0 Pa:
=================================================
                           S               T*S
S_trans (1 bar)    0.0018612 eV/K        0.555 eV
S_rot              0.0014718 eV/K        0.439 eV
S_elec             0.0000000 eV/K        0.000 eV
S_vib              0.0021664 eV/K        0.646 eV
S (1 bar -> P)    -0.0000011 eV/K       -0.000 eV
-------------------------------------------------
S                  0.0054982 eV/K        1.639 eV
=================================================
Enthalpy components at T = 298.15 K:
===============================
E_pot                 -0.175 eV
E_ZPE                  3.896 eV
Cv_trans (0->T)        0.039 eV
Cv_rot (0->T)          0.039 eV
Cv_vib (0->T)          0.338 eV
(C_v -> C_p)           0.026 eV
-------------------------------
H                      4.161 eV
===============================
Generating initial displacements from TS... 
Generated displacements!
Generating forward IRC path
IRC converged after 116 steps!
Generating backward IRC path
IRC converged after 26 steps!
IRC saved to ./irc.pickle
Neural IRC terminated normally.
