Optimizing input structure...
      Step     Time          Energy         fmax
BFGS:    0 15:57:20        1.643636        4.7551
BFGS:    1 15:57:20        0.562022        4.9565
BFGS:    2 15:57:20        0.222893        2.4488
BFGS:    3 15:57:20        0.057405        1.6996
BFGS:    4 15:57:20        0.062594        7.9857
BFGS:    5 15:57:20       -0.008619        2.9262
BFGS:    6 15:57:20       -0.140713        1.9142
BFGS:    7 15:57:21       -0.210163        1.0765
BFGS:    8 15:57:21       -0.274737        0.9673
BFGS:    9 15:57:21       -0.339258        0.8306
BFGS:   10 15:57:21       -0.375156        0.5781
BFGS:   11 15:57:21       -0.402972        0.6283
BFGS:   12 15:57:21       -0.428887        0.4629
BFGS:   13 15:57:22       -0.455554        0.5196
BFGS:   14 15:57:22       -0.477612        0.4815
BFGS:   15 15:57:22       -0.502904        0.3814
BFGS:   16 15:57:22       -0.522218        0.4604
BFGS:   17 15:57:22       -0.538317        0.4808
BFGS:   18 15:57:22       -0.552517        0.4849
BFGS:   19 15:57:22       -0.570833        0.4634
BFGS:   20 15:57:23       -0.590135        0.2942
BFGS:   21 15:57:23       -0.602085        0.1949
BFGS:   22 15:57:23       -0.614165        0.2861
BFGS:   23 15:57:23       -0.628042        0.2917
BFGS:   24 15:57:23       -0.646157        0.4014
BFGS:   25 15:57:23       -0.664157        0.2891
BFGS:   26 15:57:24       -0.680323        0.2887
BFGS:   27 15:57:24       -0.695351        0.2135
BFGS:   28 15:57:24       -0.710428        0.3657
BFGS:   29 15:57:24       -0.726148        0.4018
BFGS:   30 15:57:24       -0.740521        0.3321
BFGS:   31 15:57:24       -0.752189        0.1842
BFGS:   32 15:57:24       -0.762791        0.2821
BFGS:   33 15:57:24       -0.770343        0.2797
BFGS:   34 15:57:25       -0.779975        0.2301
BFGS:   35 15:57:25       -0.786095        0.1862
BFGS:   36 15:57:25       -0.791256        0.1022
BFGS:   37 15:57:25       -0.795849        0.1459
BFGS:   38 15:57:25       -0.800564        0.2063
BFGS:   39 15:57:25       -0.805458        0.1767
BFGS:   40 15:57:25       -0.810317        0.1192
BFGS:   41 15:57:25       -0.815358        0.1580
BFGS:   42 15:57:25       -0.820420        0.2008
BFGS:   43 15:57:25       -0.825538        0.2665
BFGS:   44 15:57:25       -0.830346        0.2607
BFGS:   45 15:57:25       -0.834781        0.1491
BFGS:   46 15:57:25       -0.838497        0.1194
BFGS:   47 15:57:26       -0.841900        0.1720
BFGS:   48 15:57:26       -0.844583        0.1881
BFGS:   49 15:57:26       -0.847171        0.0970
BFGS:   50 15:57:26       -0.849589        0.0815
BFGS:   51 15:57:26       -0.851561        0.1271
BFGS:   52 15:57:26       -0.853603        0.0945
BFGS:   53 15:57:26       -0.855260        0.0585
BFGS:   54 15:57:26       -0.856679        0.0761
BFGS:   55 15:57:26       -0.858136        0.1128
BFGS:   56 15:57:26       -0.859788        0.1311
BFGS:   57 15:57:26       -0.861890        0.0786
BFGS:   58 15:57:27       -0.863593        0.0718
BFGS:   59 15:57:27       -0.865162        0.0579
BFGS:   60 15:57:27       -0.866593        0.0561
BFGS:   61 15:57:27       -0.868093        0.0764
BFGS:   62 15:57:27       -0.869656        0.0755
BFGS:   63 15:57:27       -0.871220        0.0642
BFGS:   64 15:57:27       -0.872778        0.0866
BFGS:   65 15:57:28       -0.874296        0.0666
BFGS:   66 15:57:28       -0.875813        0.0669
BFGS:   67 15:57:28       -0.877424        0.0797
BFGS:   68 15:57:28       -0.879404        0.1392
BFGS:   69 15:57:28       -0.881605        0.1125
BFGS:   70 15:57:28       -0.884074        0.0777
BFGS:   71 15:57:28       -0.886379        0.0762
BFGS:   72 15:57:28       -0.888792        0.1014
BFGS:   73 15:57:28       -0.891125        0.0893
BFGS:   74 15:57:29       -0.893312        0.0892
BFGS:   75 15:57:29       -0.895424        0.0847
BFGS:   76 15:57:29       -0.897500        0.1067
BFGS:   77 15:57:29       -0.899396        0.0922
BFGS:   78 15:57:29       -0.901332        0.0762
BFGS:   79 15:57:29       -0.903275        0.0744
BFGS:   80 15:57:29       -0.905596        0.0661
BFGS:   81 15:57:29       -0.906962        0.0636
BFGS:   82 15:57:30       -0.908487        0.0631
BFGS:   83 15:57:30       -0.909656        0.0696
BFGS:   84 15:57:30       -0.910891        0.0713
BFGS:   85 15:57:30       -0.912193        0.0662
BFGS:   86 15:57:30       -0.913740        0.0589
BFGS:   87 15:57:30       -0.915466        0.0685
BFGS:   88 15:57:30       -0.917352        0.0770
BFGS:   89 15:57:30       -0.919128        0.0853
BFGS:   90 15:57:31       -0.920566        0.0808
BFGS:   91 15:57:31       -0.921996        0.0656
BFGS:   92 15:57:31       -0.923567        0.0736
BFGS:   93 15:57:31       -0.924781        0.0633
BFGS:   94 15:57:31       -0.926065        0.0531
BFGS:   95 15:57:31       -0.927251        0.0494
Optimization complete!
Performing a relaxed scan over 20 steps...
      Step     Time          Energy         fmax
BFGS:    0 15:57:32       -0.818854        3.2137
BFGS:    1 15:57:32       -0.905282        4.9421
BFGS:    2 15:57:32       -0.890862        0.9025
BFGS:    3 15:57:32       -0.902638        0.6247
BFGS:    4 15:57:32       -0.910642        0.2528
BFGS:    5 15:57:32       -0.912796        0.2068
BFGS:    6 15:57:33       -0.913690        0.1616
BFGS:    7 15:57:33       -0.913831        0.0638
BFGS:    8 15:57:33       -0.914205        0.0510
BFGS:    9 15:57:33       -0.914684        0.0568
BFGS:   10 15:57:33       -0.915340        0.0652
BFGS:   11 15:57:33       -0.916189        0.0677
BFGS:   12 15:57:34       -0.917277        0.0876
BFGS:   13 15:57:34       -0.918671        0.0799
BFGS:   14 15:57:34       -0.919542        0.0750
BFGS:   15 15:57:34       -0.920552        0.0680
BFGS:   16 15:57:34       -0.921362        0.0646
BFGS:   17 15:57:34       -0.922314        0.0595
BFGS:   18 15:57:35       -0.923073        0.0704
BFGS:   19 15:57:35       -0.923976        0.0589
BFGS:   20 15:57:35       -0.924744        0.0506
BFGS:   21 15:57:35       -0.925346        0.0523
BFGS:   22 15:57:35       -0.925948        0.0537
BFGS:   23 15:57:35       -0.926743        0.0767
BFGS:   24 15:57:36       -0.927804        0.0874
BFGS:   25 15:57:36       -0.928844        0.0596
BFGS:   26 15:57:36       -0.929732        0.0467
      Step     Time          Energy         fmax
BFGS:    0 15:57:36       -0.716727        4.9166
BFGS:    1 15:57:36       -0.890761        8.4981
BFGS:    2 15:57:36       -0.856748        1.2108
BFGS:    3 15:57:36       -0.869068        0.9851
BFGS:    4 15:57:37       -0.886148        0.2758
BFGS:    5 15:57:37       -0.888595        0.2685
BFGS:    6 15:57:37       -0.888265        0.2132
BFGS:    7 15:57:37       -0.889045        0.1413
BFGS:    8 15:57:37       -0.889340        0.0689
BFGS:    9 15:57:38       -0.889359        0.0735
BFGS:   10 15:57:38       -0.889608        0.0719
BFGS:   11 15:57:38       -0.890135        0.0393
      Step     Time          Energy         fmax
BFGS:    0 15:57:38       -0.506997        7.6531
BFGS:    1 15:57:38       -0.778756       14.6336
BFGS:    2 15:57:38       -0.768675        1.4862
BFGS:    3 15:57:39       -0.788346        0.9477
BFGS:    4 15:57:39       -0.813327        0.3050
BFGS:    5 15:57:39       -0.815289        0.2510
BFGS:    6 15:57:39       -0.815836        0.1595
BFGS:    7 15:57:39       -0.815815        0.0865
BFGS:    8 15:57:39       -0.815400        0.0581
BFGS:    9 15:57:39       -0.815375        0.0628
BFGS:   10 15:57:39       -0.815656        0.0590
BFGS:   11 15:57:40       -0.816133        0.0686
BFGS:   12 15:57:40       -0.816649        0.0878
BFGS:   13 15:57:40       -0.817727        0.0974
BFGS:   14 15:57:40       -0.818630        0.1146
BFGS:   15 15:57:40       -0.819677        0.1101
BFGS:   16 15:57:40       -0.821338        0.1021
BFGS:   17 15:57:40       -0.822454        0.1172
BFGS:   18 15:57:41       -0.824091        0.1280
BFGS:   19 15:57:41       -0.825219        0.1072
BFGS:   20 15:57:41       -0.826048        0.0859
BFGS:   21 15:57:41       -0.826510        0.0852
BFGS:   22 15:57:41       -0.826880        0.0933
BFGS:   23 15:57:41       -0.827717        0.1020
BFGS:   24 15:57:41       -0.829184        0.1035
BFGS:   25 15:57:41       -0.831237        0.1664
BFGS:   26 15:57:41       -0.833818        0.1122
BFGS:   27 15:57:41       -0.836221        0.1051
BFGS:   28 15:57:42       -0.838141        0.0802
BFGS:   29 15:57:42       -0.840866        0.1324
BFGS:   30 15:57:42       -0.843067        0.1202
BFGS:   31 15:57:42       -0.845176        0.0917
BFGS:   32 15:57:42       -0.846195        0.0843
BFGS:   33 15:57:42       -0.847467        0.0868
BFGS:   34 15:57:42       -0.849249        0.1116
BFGS:   35 15:57:42       -0.851541        0.0933
BFGS:   36 15:57:43       -0.853952        0.0907
BFGS:   37 15:57:43       -0.856193        0.0775
BFGS:   38 15:57:43       -0.857872        0.0879
BFGS:   39 15:57:43       -0.859883        0.0928
BFGS:   40 15:57:43       -0.861633        0.1108
BFGS:   41 15:57:43       -0.864174        0.0884
BFGS:   42 15:57:43       -0.866299        0.1050
BFGS:   43 15:57:43       -0.868951        0.0931
BFGS:   44 15:57:43       -0.871313        0.0953
BFGS:   45 15:57:44       -0.874715        0.1071
BFGS:   46 15:57:44       -0.877578        0.1169
BFGS:   47 15:57:44       -0.881068        0.0975
BFGS:   48 15:57:44       -0.883563        0.1057
BFGS:   49 15:57:44       -0.886695        0.1208
BFGS:   50 15:57:45       -0.890163        0.1281
BFGS:   51 15:57:45       -0.893232        0.1024
BFGS:   52 15:57:45       -0.896888        0.1059
BFGS:   53 15:57:45       -0.900260        0.1361
BFGS:   54 15:57:45       -0.903445        0.1062
BFGS:   55 15:57:45       -0.907067        0.0974
BFGS:   56 15:57:45       -0.910244        0.1309
BFGS:   57 15:57:46       -0.914847        0.1555
BFGS:   58 15:57:46       -0.919680        0.1543
BFGS:   59 15:57:46       -0.925518        0.1111
BFGS:   60 15:57:46       -0.929473        0.0860
BFGS:   61 15:57:46       -0.931404        0.1534
BFGS:   62 15:57:46       -0.935516        0.1025
BFGS:   63 15:57:46       -0.938109        0.0979
BFGS:   64 15:57:47       -0.942315        0.1220
BFGS:   65 15:57:47       -0.944865        0.1089
BFGS:   66 15:57:47       -0.948312        0.1116
BFGS:   67 15:57:47       -0.952074        0.0939
BFGS:   68 15:57:47       -0.957746        0.1267
BFGS:   69 15:57:47       -0.962337        0.0961
BFGS:   70 15:57:47       -0.967694        0.1016
BFGS:   71 15:57:47       -0.972472        0.1233
BFGS:   72 15:57:48       -0.979024        0.1313
BFGS:   73 15:57:48       -0.981615        0.8198
BFGS:   74 15:57:48       -0.981665        0.7845
BFGS:   75 15:57:48       -0.990232        0.2407
BFGS:   76 15:57:48       -0.999022        0.4032
BFGS:   77 15:57:48       -1.002592        0.7530
BFGS:   78 15:57:48       -1.006053        0.1954
BFGS:   79 15:57:48       -1.010358        0.1060
BFGS:   80 15:57:48       -1.015965        0.2244
BFGS:   81 15:57:49       -1.018984        0.1140
BFGS:   82 15:57:49       -1.023982        0.2039
BFGS:   83 15:57:49       -1.027326        0.2290
BFGS:   84 15:57:49       -1.032064        0.2539
BFGS:   85 15:57:49       -1.035550        0.0863
BFGS:   86 15:57:49       -1.038485        0.1100
BFGS:   87 15:57:49       -1.041170        0.2302
BFGS:   88 15:57:49       -1.044614        0.1625
BFGS:   89 15:57:49       -1.047492        0.2183
BFGS:   90 15:57:50       -1.050993        0.1403
BFGS:   91 15:57:50       -1.053918        0.0909
BFGS:   92 15:57:50       -1.057184        0.1767
BFGS:   93 15:57:50       -1.060167        0.2013
BFGS:   94 15:57:50       -1.060043        0.2505
BFGS:   95 15:57:50       -1.063125        0.0933
BFGS:   96 15:57:50       -1.064876        0.1717
BFGS:   97 15:57:50       -1.066174        0.1383
BFGS:   98 15:57:50       -1.067211        0.0906
BFGS:   99 15:57:51       -1.068237        0.0785
BFGS:  100 15:57:51       -1.069757        0.0787
BFGS:  101 15:57:51       -1.070929        0.0885
BFGS:  102 15:57:51       -1.072855        0.1194
BFGS:  103 15:57:51       -1.074194        0.0818
BFGS:  104 15:57:51       -1.075655        0.0545
BFGS:  105 15:57:52       -1.077195        0.0678
BFGS:  106 15:57:52       -1.078400        0.0646
BFGS:  107 15:57:52       -1.079991        0.0854
BFGS:  108 15:57:52       -1.081163        0.0766
BFGS:  109 15:57:52       -1.082843        0.0725
BFGS:  110 15:57:52       -1.084135        0.1046
BFGS:  111 15:57:52       -1.086017        0.0887
BFGS:  112 15:57:52       -1.086943        0.1135
BFGS:  113 15:57:53       -1.088223        0.0603
BFGS:  114 15:57:53       -1.089024        0.0477
      Step     Time          Energy         fmax
BFGS:    0 15:57:53       -0.734305        6.3323
BFGS:    1 15:57:53       -0.947545       12.6293
BFGS:    2 15:57:53       -0.977986        1.1346
BFGS:    3 15:57:53       -1.005114        1.4424
BFGS:    4 15:57:53       -1.023434        1.0692
BFGS:    5 15:57:53       -1.021305        0.6715
BFGS:    6 15:57:54       -1.030038        0.3778
BFGS:    7 15:57:54       -1.019795        1.4540
BFGS:    8 15:57:54       -1.035813        0.1583
BFGS:    9 15:57:54       -1.035664        0.1018
BFGS:   10 15:57:54       -1.035912        0.0663
BFGS:   11 15:57:54       -1.035540        0.0746
BFGS:   12 15:57:54       -1.035433        0.0600
BFGS:   13 15:57:54       -1.035699        0.0830
BFGS:   14 15:57:55       -1.036957        0.0855
BFGS:   15 15:57:55       -1.038047        0.1004
BFGS:   16 15:57:55       -1.039422        0.0869
BFGS:   17 15:57:55       -1.040450        0.0738
BFGS:   18 15:57:55       -1.040802        0.0591
BFGS:   19 15:57:55       -1.041019        0.0737
BFGS:   20 15:57:55       -1.041085        0.0623
BFGS:   21 15:57:56       -1.041357        0.0627
BFGS:   22 15:57:56       -1.041933        0.0527
BFGS:   23 15:57:56       -1.042590        0.0423
      Step     Time          Energy         fmax
BFGS:    0 15:57:56       -0.541765        7.4498
BFGS:    1 15:57:56       -0.934282       14.1130
BFGS:    2 15:57:56       -0.854393        2.5398
BFGS:    3 15:57:56       -0.896943        2.8308
BFGS:    4 15:57:57       -0.938247        0.5013
BFGS:    5 15:57:57       -0.947924        0.7926
BFGS:    6 15:57:57       -0.943400        0.6542
BFGS:    7 15:57:57       -0.947518        0.4870
BFGS:    8 15:57:57       -0.940442        1.4850
BFGS:    9 15:57:57       -0.949498        0.2746
BFGS:   10 15:57:57       -0.949891        0.1135
BFGS:   11 15:57:57       -0.949822        0.2385
BFGS:   12 15:57:57       -0.950197        0.1288
BFGS:   13 15:57:57       -0.951074        0.0999
BFGS:   14 15:57:58       -0.951492        0.0896
BFGS:   15 15:57:58       -0.952186        0.1010
BFGS:   16 15:57:58       -0.953105        0.0508
BFGS:   17 15:57:58       -0.953676        0.0800
BFGS:   18 15:57:58       -0.954161        0.1073
BFGS:   19 15:57:58       -0.954672        0.1086
BFGS:   20 15:57:58       -0.955076        0.0552
BFGS:   21 15:57:58       -0.955674        0.0639
BFGS:   22 15:57:58       -0.955947        0.0693
BFGS:   23 15:57:58       -0.956472        0.0891
BFGS:   24 15:57:59       -0.956635        0.0792
BFGS:   25 15:57:59       -0.957199        0.0620
BFGS:   26 15:57:59       -0.957739        0.1018
BFGS:   27 15:57:59       -0.958721        0.0854
BFGS:   28 15:57:59       -0.959754        0.1026
BFGS:   29 15:57:59       -0.960851        0.0478
      Step     Time          Energy         fmax
BFGS:    0 15:57:59       -0.393999        7.5168
BFGS:    1 15:57:59       -0.905674       15.1300
BFGS:    2 15:57:59       -0.772779        1.5576
BFGS:    3 15:57:59       -0.800566        1.4068
BFGS:    4 15:57:59       -0.827272        0.9001
BFGS:    5 15:58:00       -0.748336        5.5337
BFGS:    6 15:58:00       -0.837629        0.9985
BFGS:    7 15:58:00       -0.815479        0.9044
BFGS:    8 15:58:00       -0.834171        0.8963
BFGS:    9 15:58:00       -0.789051        1.1339
BFGS:   10 15:58:00       -0.826703        1.4163
BFGS:   11 15:58:00        5.140728       16.8996
BFGS:   12 15:58:00       -0.815809        2.7889
BFGS:   13 15:58:00       -0.641955        3.8672
BFGS:   14 15:58:01       -0.822666        1.4236
BFGS:   15 15:58:01       -0.786993        2.9106
BFGS:   16 15:58:01       -0.846111        0.7328
BFGS:   17 15:58:01       -0.839083        1.2545
BFGS:   18 15:58:01       -0.847715        0.4993
BFGS:   19 15:58:01       -0.849356        0.3519
BFGS:   20 15:58:01       -0.850455        0.4404
BFGS:   21 15:58:01       -0.847690        0.1101
BFGS:   22 15:58:01       -0.847126        0.1186
BFGS:   23 15:58:02       -0.845690        0.0925
BFGS:   24 15:58:02       -0.845471        0.1143
BFGS:   25 15:58:02       -0.846386        0.0898
BFGS:   26 15:58:02       -0.847786        0.0747
BFGS:   27 15:58:02       -0.848709        0.0759
BFGS:   28 15:58:02       -0.849703        0.0764
BFGS:   29 15:58:02       -0.850148        0.0827
BFGS:   30 15:58:03       -0.849825        0.0747
BFGS:   31 15:58:03       -0.849647        0.0589
BFGS:   32 15:58:03       -0.849533        0.0517
BFGS:   33 15:58:03       -0.850296        0.0391
      Step     Time          Energy         fmax
BFGS:    0 15:58:03       -0.166166        8.6765
BFGS:    1 15:58:03       -0.828999       18.1444
BFGS:    2 15:58:04       -0.665101        1.7952
BFGS:    3 15:58:04       -0.648436        1.4210
BFGS:    4 15:58:04       -0.703963        1.2518
BFGS:    5 15:58:04       -0.290882        4.6247
BFGS:    6 15:58:04       -0.694473        1.7141
BFGS:    7 15:58:04       -0.634214        2.8381
BFGS:    8 15:58:04       -0.699743        0.8908
BFGS:    9 15:58:04       -0.689820        1.7992
BFGS:   10 15:58:04       -0.708444        1.1637
BFGS:   11 15:58:04       -0.710229        0.3262
BFGS:   12 15:58:05       -0.710795        0.1907
BFGS:   13 15:58:05       -0.710478        0.1649
BFGS:   14 15:58:05       -0.710685        0.1121
BFGS:   15 15:58:05       -0.711450        0.0911
BFGS:   16 15:58:05       -0.712083        0.0909
BFGS:   17 15:58:05       -0.712487        0.1084
BFGS:   18 15:58:05       -0.712154        0.0813
BFGS:   19 15:58:05       -0.711571        0.0730
BFGS:   20 15:58:05       -0.711011        0.0856
BFGS:   21 15:58:06       -0.711022        0.1137
BFGS:   22 15:58:06       -0.711086        0.0882
BFGS:   23 15:58:06       -0.711909        0.0753
BFGS:   24 15:58:06       -0.712004        0.0821
BFGS:   25 15:58:06       -0.712405        0.1282
BFGS:   26 15:58:06       -0.711553        0.0635
BFGS:   27 15:58:06       -0.711149        0.0514
BFGS:   28 15:58:06       -0.710794        0.0571
BFGS:   29 15:58:07       -0.711246        0.0929
BFGS:   30 15:58:07       -0.711823        0.0922
BFGS:   31 15:58:07       -0.713196        0.0657
BFGS:   32 15:58:07       -0.714073        0.0989
BFGS:   33 15:58:07       -0.715508        0.0638
BFGS:   34 15:58:07       -0.715886        0.0586
BFGS:   35 15:58:08       -0.716623        0.0498
      Step     Time          Energy         fmax
BFGS:    0 15:58:08        0.009916        8.6781
BFGS:    1 15:58:08       -0.763449       18.1995
BFGS:    2 15:58:08       -0.538145        1.6511
BFGS:    3 15:58:08       -0.538260        1.8719
BFGS:    4 15:58:08       -0.553439        1.8308
BFGS:    5 15:58:09       -0.586157        1.0656
BFGS:    6 15:58:09       -0.584036        0.4640
BFGS:    7 15:58:09       -0.578515        0.4142
BFGS:    8 15:58:09       -0.581206        0.1503
BFGS:    9 15:58:09       -0.582274        0.0600
BFGS:   10 15:58:09       -0.581424        0.0627
BFGS:   11 15:58:10       -0.581502        0.0459
      Step     Time          Energy         fmax
BFGS:    0 15:58:10        0.298516        9.1606
BFGS:    1 15:58:10       -0.684950       18.9134
BFGS:    2 15:58:10       -0.324804        1.8103
BFGS:    3 15:58:10       -0.392928        1.3218
BFGS:    4 15:58:10       -0.439355        0.6347
BFGS:    5 15:58:10       -0.420409        0.8375
BFGS:    6 15:58:11       -0.433781        0.6605
BFGS:    7 15:58:11       -0.424079        0.3969
BFGS:    8 15:58:11       -0.430774        0.1818
BFGS:    9 15:58:11       -0.433857        0.2861
BFGS:   10 15:58:11       -0.430351        0.0745
BFGS:   11 15:58:11       -0.428110        0.0602
BFGS:   12 15:58:11       -0.426260        0.1122
BFGS:   13 15:58:12       -0.425732        0.0952
BFGS:   14 15:58:12       -0.426064        0.0847
BFGS:   15 15:58:12       -0.427062        0.0882
BFGS:   16 15:58:12       -0.428315        0.1344
BFGS:   17 15:58:12       -0.428174        0.0959
BFGS:   18 15:58:12       -0.427418        0.0706
BFGS:   19 15:58:12       -0.426059        0.0757
BFGS:   20 15:58:12       -0.424445        0.0812
BFGS:   21 15:58:13       -0.423779        0.0952
BFGS:   22 15:58:13       -0.423399        0.0692
BFGS:   23 15:58:13       -0.424713        0.0858
BFGS:   24 15:58:13       -0.425509        0.1504
BFGS:   25 15:58:13       -0.427617        0.0993
BFGS:   26 15:58:13       -0.428246        0.0952
BFGS:   27 15:58:14       -0.428990        0.0819
BFGS:   28 15:58:14       -0.428947        0.0954
BFGS:   29 15:58:14       -0.428968        0.1057
BFGS:   30 15:58:14       -0.428735        0.0954
BFGS:   31 15:58:14       -0.428963        0.0637
BFGS:   32 15:58:14       -0.428747        0.0685
BFGS:   33 15:58:14       -0.429111        0.0686
BFGS:   34 15:58:15       -0.428825        0.0775
BFGS:   35 15:58:15       -0.429378        0.0647
BFGS:   36 15:58:15       -0.429799        0.0708
BFGS:   37 15:58:15       -0.431103        0.0726
BFGS:   38 15:58:15       -0.432651        0.0673
BFGS:   39 15:58:15       -0.434618        0.0800
BFGS:   40 15:58:15       -0.436734        0.0926
BFGS:   41 15:58:16       -0.438140        0.1040
BFGS:   42 15:58:16       -0.438475        0.0949
BFGS:   43 15:58:16       -0.437893        0.0723
BFGS:   44 15:58:16       -0.437335        0.0595
BFGS:   45 15:58:16       -0.437581        0.0845
BFGS:   46 15:58:16       -0.438320        0.0844
BFGS:   47 15:58:16       -0.440713        0.0723
BFGS:   48 15:58:17       -0.442451        0.0606
BFGS:   49 15:58:17       -0.444970        0.0706
BFGS:   50 15:58:17       -0.445901        0.1025
BFGS:   51 15:58:17       -0.446583        0.0922
BFGS:   52 15:58:17       -0.445618        0.0673
BFGS:   53 15:58:17       -0.444997        0.0530
BFGS:   54 15:58:17       -0.443978        0.0453
      Step     Time          Energy         fmax
BFGS:    0 15:58:18        0.406799        8.9772
BFGS:    1 15:58:18       -0.615808       17.3801
BFGS:    2 15:58:18       -0.182444        1.6144
BFGS:    3 15:58:18       -0.224917        1.1537
BFGS:    4 15:58:18       -0.255950        0.5337
BFGS:    5 15:58:18       -0.261265        0.2832
BFGS:    6 15:58:18       -0.255582        0.2781
BFGS:    7 15:58:18       -0.253173        0.1304
BFGS:    8 15:58:18       -0.250501        0.0865
BFGS:    9 15:58:19       -0.250220        0.0941
BFGS:   10 15:58:19       -0.252398        0.0651
BFGS:   11 15:58:19       -0.253752        0.0882
BFGS:   12 15:58:19       -0.255401        0.0972
BFGS:   13 15:58:19       -0.255886        0.1007
BFGS:   14 15:58:19       -0.256027        0.0737
BFGS:   15 15:58:19       -0.256676        0.0928
BFGS:   16 15:58:19       -0.257416        0.0736
BFGS:   17 15:58:20       -0.258411        0.0559
BFGS:   18 15:58:20       -0.259439        0.0520
BFGS:   19 15:58:20       -0.259459        0.0624
BFGS:   20 15:58:20       -0.259519        0.0768
BFGS:   21 15:58:20       -0.258998        0.0607
BFGS:   22 15:58:20       -0.258222        0.0537
BFGS:   23 15:58:21       -0.259072        0.0791
BFGS:   24 15:58:21       -0.259507        0.0523
BFGS:   25 15:58:21       -0.260985        0.0366
      Step     Time          Energy         fmax
BFGS:    0 15:58:21        0.564653        8.9028
BFGS:    1 15:58:21       -0.468717       17.0942
BFGS:    2 15:58:21       -0.023032        1.6978
BFGS:    3 15:58:21       -0.054978        1.0871
BFGS:    4 15:58:21       -0.085201        0.5290
BFGS:    5 15:58:21       -0.089286        0.2769
BFGS:    6 15:58:22       -0.085235        0.2432
BFGS:    7 15:58:22       -0.082818        0.0965
BFGS:    8 15:58:22       -0.081609        0.0816
BFGS:    9 15:58:22       -0.082502        0.0566
BFGS:   10 15:58:22       -0.083933        0.0381
      Step     Time          Energy         fmax
BFGS:    0 15:58:22        0.821130        9.1822
BFGS:    1 15:58:22       -0.334026       17.2741
BFGS:    2 15:58:22        0.188633        1.7464
BFGS:    3 15:58:22        0.149439        1.1485
BFGS:    4 15:58:23        0.117239        0.5565
BFGS:    5 15:58:23        0.111714        0.3291
BFGS:    6 15:58:23        0.119136        0.2769
BFGS:    7 15:58:23        0.123028        0.1158
BFGS:    8 15:58:23        0.123375        0.0874
BFGS:    9 15:58:23        0.122835        0.0675
BFGS:   10 15:58:23        0.120422        0.0504
BFGS:   11 15:58:23        0.119829        0.0583
BFGS:   12 15:58:23        0.119507        0.0654
BFGS:   13 15:58:23        0.119974        0.0739
BFGS:   14 15:58:23        0.120634        0.0696
BFGS:   15 15:58:23        0.120653        0.0802
BFGS:   16 15:58:24        0.120083        0.0937
BFGS:   17 15:58:24        0.118973        0.1001
BFGS:   18 15:58:24        0.117596        0.0884
BFGS:   19 15:58:24        0.117177        0.1130
BFGS:   20 15:58:24        0.116994        0.0908
BFGS:   21 15:58:24        0.117382        0.0843
BFGS:   22 15:58:24        0.118169        0.0661
BFGS:   23 15:58:24        0.117918        0.0783
BFGS:   24 15:58:24        0.116970        0.0802
BFGS:   25 15:58:24        0.114901        0.0702
BFGS:   26 15:58:24        0.113001        0.0709
BFGS:   27 15:58:25        0.111398        0.0665
BFGS:   28 15:58:25        0.110144        0.0839
BFGS:   29 15:58:25        0.109616        0.1038
BFGS:   30 15:58:25        0.109437        0.0910
BFGS:   31 15:58:25        0.109544        0.0831
BFGS:   32 15:58:25        0.108497        0.0743
BFGS:   33 15:58:25        0.106788        0.0944
BFGS:   34 15:58:26        0.103995        0.0758
BFGS:   35 15:58:26        0.100944        0.0926
BFGS:   36 15:58:26        0.098464        0.0796
BFGS:   37 15:58:26        0.097203        0.0962
BFGS:   38 15:58:26        0.096704        0.1152
BFGS:   39 15:58:26        0.096303        0.1045
BFGS:   40 15:58:27        0.095079        0.1017
BFGS:   41 15:58:27        0.092748        0.0939
BFGS:   42 15:58:27        0.089449        0.1084
BFGS:   43 15:58:27        0.085983        0.1075
BFGS:   44 15:58:27        0.082731        0.0930
BFGS:   45 15:58:27        0.080182        0.0885
BFGS:   46 15:58:27        0.078636        0.1005
BFGS:   47 15:58:28        0.078189        0.0745
BFGS:   48 15:58:28        0.077856        0.0714
BFGS:   49 15:58:28        0.077389        0.0791
BFGS:   50 15:58:28        0.075817        0.0841
BFGS:   51 15:58:28        0.074477        0.0653
BFGS:   52 15:58:28        0.071950        0.0708
BFGS:   53 15:58:28        0.071197        0.0621
BFGS:   54 15:58:29        0.069689        0.0617
BFGS:   55 15:58:29        0.068278        0.0732
BFGS:   56 15:58:29        0.067406        0.0863
BFGS:   57 15:58:29        0.066360        0.0820
BFGS:   58 15:58:29        0.065488        0.0620
BFGS:   59 15:58:29        0.064190        0.0713
BFGS:   60 15:58:29        0.062990        0.0815
BFGS:   61 15:58:30        0.061659        0.0955
BFGS:   62 15:58:30        0.060906        0.0813
BFGS:   63 15:58:30        0.060348        0.0768
BFGS:   64 15:58:30        0.059738        0.0788
BFGS:   65 15:58:30        0.058806        0.0757
BFGS:   66 15:58:30        0.057060        0.0769
BFGS:   67 15:58:31        0.055751        0.0786
BFGS:   68 15:58:31        0.053693        0.0635
BFGS:   69 15:58:31        0.053255        0.0556
BFGS:   70 15:58:31        0.052635        0.0546
BFGS:   71 15:58:31        0.052481        0.0512
BFGS:   72 15:58:31        0.052294        0.0509
BFGS:   73 15:58:31        0.052046        0.0438
      Step     Time          Energy         fmax
BFGS:    0 15:58:31        0.729120        8.0546
BFGS:    1 15:58:31       -0.134497       15.4431
BFGS:    2 15:58:31        0.251032        1.4145
BFGS:    3 15:58:32        0.229401        0.9334
BFGS:    4 15:58:32        0.208925        0.4857
BFGS:    5 15:58:32        0.203566        0.2278
BFGS:    6 15:58:32        0.204250        0.1917
BFGS:    7 15:58:32        0.203565        0.0887
BFGS:    8 15:58:32        0.204702        0.0655
BFGS:    9 15:58:32        0.204219        0.0436
      Step     Time          Energy         fmax
BFGS:    0 15:58:32        0.928285        8.0275
BFGS:    1 15:58:33        0.036982       13.7030
BFGS:    2 15:58:33        0.445344        1.4747
BFGS:    3 15:58:33        0.403919        0.9461
BFGS:    4 15:58:33        0.380698        0.4538
BFGS:    5 15:58:33        0.375942        0.3315
BFGS:    6 15:58:33        0.384605        0.2207
BFGS:    7 15:58:33        0.389367        0.0996
BFGS:    8 15:58:34        0.391513        0.0776
BFGS:    9 15:58:34        0.390036        0.0686
BFGS:   10 15:58:34        0.387661        0.0564
BFGS:   11 15:58:34        0.385942        0.0674
BFGS:   12 15:58:34        0.385134        0.0685
BFGS:   13 15:58:34        0.385423        0.0689
BFGS:   14 15:58:34        0.386629        0.0598
BFGS:   15 15:58:34        0.387123        0.0700
BFGS:   16 15:58:35        0.386879        0.0851
BFGS:   17 15:58:35        0.385610        0.0630
BFGS:   18 15:58:35        0.384069        0.0508
BFGS:   19 15:58:35        0.383623        0.0455
      Step     Time          Energy         fmax
BFGS:    0 15:58:35        1.037807        7.5423
BFGS:    1 15:58:35        0.223073       13.0526
BFGS:    2 15:58:35        0.596405        1.3095
BFGS:    3 15:58:35        0.570646        0.8981
BFGS:    4 15:58:36        0.551343        0.4788
BFGS:    5 15:58:36        0.549144        0.2718
BFGS:    6 15:58:36        0.551552        0.3341
BFGS:    7 15:58:36        0.553030        0.0901
BFGS:    8 15:58:36        0.551818        0.0802
BFGS:    9 15:58:36        0.551988        0.0710
BFGS:   10 15:58:37        0.551091        0.0329
      Step     Time          Energy         fmax
BFGS:    0 15:58:37        1.144573        6.9508
BFGS:    1 15:58:37        0.429935       11.0835
BFGS:    2 15:58:37        0.751353        1.1089
BFGS:    3 15:58:37        0.728995        0.9032
BFGS:    4 15:58:37        0.708551        0.4637
BFGS:    5 15:58:37        0.707977        0.4017
BFGS:    6 15:58:37        0.709574        0.3554
BFGS:    7 15:58:38        0.710354        0.0976
BFGS:    8 15:58:38        0.710039        0.1070
BFGS:    9 15:58:38        0.710503        0.1168
BFGS:   10 15:58:38        0.709199        0.0635
BFGS:   11 15:58:38        0.708413        0.0739
BFGS:   12 15:58:38        0.707741        0.1085
BFGS:   13 15:58:38        0.707182        0.0913
BFGS:   14 15:58:39        0.706915        0.0799
BFGS:   15 15:58:39        0.706116        0.0882
BFGS:   16 15:58:39        0.705075        0.1388
BFGS:   17 15:58:39        0.704221        0.1417
BFGS:   18 15:58:39        0.702963        0.0811
BFGS:   19 15:58:39        0.702938        0.0665
BFGS:   20 15:58:39        0.702536        0.0682
BFGS:   21 15:58:39        0.702779        0.0555
BFGS:   22 15:58:40        0.702479        0.0478
      Step     Time          Energy         fmax
BFGS:    0 15:58:40        1.187283        6.1511
BFGS:    1 15:58:40        0.631256        9.6433
BFGS:    2 15:58:40        0.875691        0.9826
BFGS:    3 15:58:40        0.856596        0.8030
BFGS:    4 15:58:40        0.841338        0.4182
BFGS:    5 15:58:40        0.839333        0.2991
BFGS:    6 15:58:40        0.839010        0.3383
BFGS:    7 15:58:41        0.839301        0.0895
BFGS:    8 15:58:41        0.838234        0.0868
BFGS:    9 15:58:41        0.838641        0.0919
BFGS:   10 15:58:41        0.838085        0.0336
      Step     Time          Energy         fmax
BFGS:    0 15:58:41        1.252719        5.4815
BFGS:    1 15:58:41        0.806553        8.1460
BFGS:    2 15:58:41        0.991242        0.8885
BFGS:    3 15:58:41        0.972698        0.7409
BFGS:    4 15:58:42        0.959400        0.3666
BFGS:    5 15:58:42        0.957785        0.2602
BFGS:    6 15:58:42        0.957846        0.3027
BFGS:    7 15:58:42        0.958461        0.0922
BFGS:    8 15:58:42        0.957126        0.0818
BFGS:    9 15:58:42        0.957251        0.0812
BFGS:   10 15:58:42        0.956608        0.0464
      Step     Time          Energy         fmax
BFGS:    0 15:58:43        1.288978        4.7234
BFGS:    1 15:58:43        0.967865        6.4556
BFGS:    2 15:58:43        1.087761        0.8521
BFGS:    3 15:58:43        1.070552        0.6980
BFGS:    4 15:58:43        1.058632        0.3444
BFGS:    5 15:58:43        1.055546        0.2323
BFGS:    6 15:58:44        1.054970        0.2598
BFGS:    7 15:58:44        1.055525        0.0931
BFGS:    8 15:58:44        1.054062        0.0880
BFGS:    9 15:58:44        1.053804        0.0789
BFGS:   10 15:58:44        1.052628        0.0667
BFGS:   11 15:58:44        1.051720        0.0968
BFGS:   12 15:58:44        1.050675        0.1002
BFGS:   13 15:58:45        1.049213        0.0943
BFGS:   14 15:58:45        1.047331        0.1152
BFGS:   15 15:58:45        1.044807        0.1333
BFGS:   16 15:58:45        1.041656        0.1268
BFGS:   17 15:58:45        1.038613        0.1314
BFGS:   18 15:58:45        1.036130        0.1145
BFGS:   19 15:58:45        1.034476        0.0913
BFGS:   20 15:58:45        1.032675        0.0873
BFGS:   21 15:58:46        1.031112        0.0770
BFGS:   22 15:58:46        1.029103        0.1038
BFGS:   23 15:58:46        1.027054        0.1073
BFGS:   24 15:58:46        1.024414        0.0937
BFGS:   25 15:58:46        1.021646        0.1090
BFGS:   26 15:58:46        1.018636        0.1392
BFGS:   27 15:58:47        1.015499        0.1526
BFGS:   28 15:58:47        1.011955        0.1386
BFGS:   29 15:58:47        1.008005        0.1264
BFGS:   30 15:58:47        1.004109        0.1212
BFGS:   31 15:58:47        1.000406        0.1149
BFGS:   32 15:58:47        0.997238        0.1187
BFGS:   33 15:58:47        0.994048        0.1040
BFGS:   34 15:58:48        0.991271        0.0930
BFGS:   35 15:58:48        0.988919        0.1006
BFGS:   36 15:58:48        0.986857        0.1096
BFGS:   37 15:58:48        0.984994        0.1057
BFGS:   38 15:58:48        0.982440        0.1099
BFGS:   39 15:58:48        0.979719        0.1097
BFGS:   40 15:58:48        0.976720        0.0923
BFGS:   41 15:58:48        0.974157        0.0830
BFGS:   42 15:58:49        0.971788        0.0749
BFGS:   43 15:58:49        0.969825        0.0844
BFGS:   44 15:58:49        0.968209        0.0617
BFGS:   45 15:58:49        0.966942        0.0813
BFGS:   46 15:58:49        0.965917        0.0526
BFGS:   47 15:58:49        0.964838        0.0562
BFGS:   48 15:58:50        0.963620        0.0621
BFGS:   49 15:58:50        0.961993        0.0699
BFGS:   50 15:58:50        0.960199        0.0735
BFGS:   51 15:58:50        0.958396        0.0727
BFGS:   52 15:58:50        0.956860        0.0743
BFGS:   53 15:58:50        0.955310        0.0801
BFGS:   54 15:58:50        0.953643        0.1030
BFGS:   55 15:58:50        0.951760        0.0963
BFGS:   56 15:58:51        0.949861        0.0748
BFGS:   57 15:58:51        0.947923        0.0837
BFGS:   58 15:58:51        0.945807        0.0969
BFGS:   59 15:58:51        0.943329        0.1054
BFGS:   60 15:58:51        0.940704        0.0951
BFGS:   61 15:58:51        0.938445        0.0798
BFGS:   62 15:58:51        0.936708        0.0670
BFGS:   63 15:58:52        0.935241        0.0607
BFGS:   64 15:58:52        0.933623        0.0688
BFGS:   65 15:58:52        0.931753        0.0692
BFGS:   66 15:58:52        0.929363        0.0767
BFGS:   67 15:58:52        0.927004        0.0847
BFGS:   68 15:58:52        0.924375        0.0869
BFGS:   69 15:58:52        0.922166        0.0949
BFGS:   70 15:58:52        0.919797        0.0824
BFGS:   71 15:58:52        0.917579        0.0880
BFGS:   72 15:58:52        0.915336        0.0676
BFGS:   73 15:58:53        0.913237        0.0831
BFGS:   74 15:58:53        0.911308        0.0679
BFGS:   75 15:58:53        0.909577        0.0694
BFGS:   76 15:58:53        0.908001        0.0634
BFGS:   77 15:58:53        0.906561        0.0772
BFGS:   78 15:58:53        0.905245        0.0703
BFGS:   79 15:58:53        0.904060        0.0556
BFGS:   80 15:58:53        0.902919        0.0524
BFGS:   81 15:58:53        0.901810        0.0594
BFGS:   82 15:58:53        0.900535        0.0621
BFGS:   83 15:58:53        0.899296        0.0610
BFGS:   84 15:58:54        0.898066        0.0565
BFGS:   85 15:58:54        0.897169        0.0510
BFGS:   86 15:58:54        0.896335        0.0496
      Step     Time          Energy         fmax
BFGS:    0 15:58:54        1.034543        2.9916
BFGS:    1 15:58:54        0.931186        3.1379
BFGS:    2 15:58:54        0.943940        0.9984
BFGS:    3 15:58:54        0.929047        0.4390
BFGS:    4 15:58:54        0.922628        0.2708
BFGS:    5 15:58:54        0.918409        0.2931
BFGS:    6 15:58:55        0.918178        0.2174
BFGS:    7 15:58:55        0.917270        0.0595
BFGS:    8 15:58:55        0.916503        0.0780
BFGS:    9 15:58:55        0.916027        0.0783
BFGS:   10 15:58:55        0.915579        0.0459
Performing final optimization with tight thresholds...
      Step     Time          Energy         fmax
BFGS:    0 15:58:55        0.915579        0.0459
Tight optimization complete!
Relaxed scan complete! Trajectory saved to opt.traj. 
Finished in 0 hours, 1 minutes, and 38 seconds
