You need to install the group's fork of aRMSD and put it in your path https://github.mit.edu/MLMat/aRMSD
[  0.        +782.15520488j   0.          +6.19643805j
   0.          +5.18326159j   0.          +3.10290913j
   0.          +1.20784763j   0.          +0.86024542j
   3.04099042  +0.j          12.45306221  +0.j
  19.53803192  +0.j          22.60596802  +0.j
  28.62252318  +0.j          34.86829204  +0.j
  40.29087389  +0.j          42.06267415  +0.j
  52.89723062  +0.j          59.59574048  +0.j
  68.4929825   +0.j          76.10203531  +0.j
  85.59645999  +0.j         101.80191991  +0.j        ]
Entropy components at T = 298.15 K and P = 101325.0 Pa:
=================================================
                           S               T*S
S_trans (1 bar)    0.0019301 eV/K        0.575 eV
S_rot              0.0016246 eV/K        0.484 eV
S_elec             0.0000000 eV/K        0.000 eV
S_vib              0.0057471 eV/K        1.713 eV
S (1 bar -> P)    -0.0000011 eV/K       -0.000 eV
-------------------------------------------------
S                  0.0093007 eV/K        2.773 eV
=================================================
Enthalpy components at T = 298.15 K:
===============================
E_pot                 -5.090 eV
E_ZPE                 15.308 eV
Cv_trans (0->T)        0.039 eV
Cv_rot (0->T)          0.039 eV
Cv_vib (0->T)          0.812 eV
(C_v -> C_p)           0.026 eV
-------------------------------
H                     11.132 eV
===============================
RMS: 0.020937159657478333, MAX: 0.6172387599945068
RMS: 0.00884475838392973, MAX: 0.2521001994609833
RMS: 0.0025625634007155895, MAX: 0.04862472414970398
RMS: 0.00289108045399189, MAX: 0.04618142172694206
RMS: 0.0022176047787070274, MAX: 0.028856616467237473
RMS: 0.002982256468385458, MAX: 0.06250692903995514
RMS: 0.0038735046982765198, MAX: 0.06671726703643799
RMS: 0.0022663373965770006, MAX: 0.04189921170473099
RMS: 0.0027961686719208956, MAX: 0.048635661602020264
RMS: 0.003071757033467293, MAX: 0.04927727207541466
RMS: 0.0029705322813242674, MAX: 0.053258396685123444
RMS: 0.001994591671973467, MAX: 0.03397046774625778
RMS: 0.0019661509431898594, MAX: 0.036470334976911545
RMS: 0.0009951360989362001, MAX: 0.008550447411835194
RMS: 0.0018169357208535075, MAX: 0.032157376408576965
RMS: 0.0011508724419400096, MAX: 0.02902468480169773
RMS: 0.0018813384231179953, MAX: 0.041477303951978683
RMS: 0.0005855212802998722, MAX: 0.005997020751237869
RMS: 0.0010084316600114107, MAX: 0.02123643271625042
RMS: 0.0005629405495710671, MAX: 0.008148443885147572
RMS: 0.0008750305860303342, MAX: 0.017974629998207092
RMS: 0.0005034204223193228, MAX: 0.010094726458191872
RMS: 0.0006871760124340653, MAX: 0.009807712398469448
RMS: 0.0006337214726954699, MAX: 0.010093547403812408
RMS: 0.0007414132705889642, MAX: 0.007007562089711428
RMS: 0.0008550614002160728, MAX: 0.010569022037088871
RMS: 0.0008948953473009169, MAX: 0.012974593788385391
RMS: 0.00034352540387772024, MAX: 0.0033844723366200924
Optimization converged!
Eigenvector following terminated normally.
[ 0.        +7.68498288e+02j  0.        +4.62371309e+00j
  0.        +1.90352289e+00j  0.        +1.19028919e+00j
  0.        +6.35353221e-01j  0.        +2.98517847e-01j
  0.82082794+0.00000000e+00j 14.50194848+0.00000000e+00j
 20.87572565+0.00000000e+00j 23.89263562+0.00000000e+00j
 28.35719285+0.00000000e+00j 34.23518641+0.00000000e+00j
 40.56777941+0.00000000e+00j 41.35461816+0.00000000e+00j
 51.90281506+0.00000000e+00j 58.30775373+0.00000000e+00j
 68.86010472+0.00000000e+00j 74.45754039+0.00000000e+00j
 88.41492099+0.00000000e+00j 99.74710234+0.00000000e+00j]
Flipping all imaginary frequencies except the lowest one
Entropy components at T = 298.15 K and P = 101325.0 Pa:
=================================================
                           S               T*S
S_trans (1 bar)    0.0019301 eV/K        0.575 eV
S_rot              0.0016240 eV/K        0.484 eV
S_elec             0.0000000 eV/K        0.000 eV
S_vib              0.0057291 eV/K        1.708 eV
S (1 bar -> P)    -0.0000011 eV/K       -0.000 eV
-------------------------------------------------
S                  0.0092821 eV/K        2.767 eV
=================================================
Enthalpy components at T = 298.15 K:
===============================
E_pot                 -5.092 eV
E_ZPE                 15.307 eV
Cv_trans (0->T)        0.039 eV
Cv_rot (0->T)          0.039 eV
Cv_vib (0->T)          0.812 eV
(C_v -> C_p)           0.026 eV
-------------------------------
H                     11.131 eV
===============================
