You need to install the group's fork of aRMSD and put it in your path https://github.mit.edu/MLMat/aRMSD
[ 0.        +422.63382588j  0.          +4.4258494j
  0.          +4.10286265j  0.          +1.25188331j
  0.          +1.06232005j  3.30454048  +0.j
  3.97378016  +0.j         16.01906594  +0.j
 18.26290728  +0.j         23.37538484  +0.j
 29.77878544  +0.j         32.83021509  +0.j
 37.87983322  +0.j         42.30547555  +0.j
 46.42786818  +0.j         55.89249183  +0.j
 60.71214891  +0.j         66.3048919   +0.j
 76.48047029  +0.j         77.33794474  +0.j        ]
Entropy components at T = 298.15 K and P = 101325.0 Pa:
=================================================
                           S               T*S
S_trans (1 bar)    0.0019477 eV/K        0.581 eV
S_rot              0.0016739 eV/K        0.499 eV
S_elec             0.0000000 eV/K        0.000 eV
S_vib              0.0067966 eV/K        2.026 eV
S (1 bar -> P)    -0.0000011 eV/K       -0.000 eV
-------------------------------------------------
S                  0.0104171 eV/K        3.106 eV
=================================================
Enthalpy components at T = 298.15 K:
===============================
E_pot                 -2.537 eV
E_ZPE                 17.396 eV
Cv_trans (0->T)        0.039 eV
Cv_rot (0->T)          0.039 eV
Cv_vib (0->T)          0.971 eV
(C_v -> C_p)           0.026 eV
-------------------------------
H                     15.934 eV
===============================
RMS: 0.007813094183802605, MAX: 0.3059045374393463
RMS: 0.0033504231832921505, MAX: 0.12382781505584717
RMS: 0.001438853214494884, MAX: 0.03109271451830864
RMS: 0.0015889890491962433, MAX: 0.02733430080115795
RMS: 0.0017317774472758174, MAX: 0.022696029394865036
RMS: 0.0016496882308274508, MAX: 0.017649829387664795
RMS: 0.001645915792323649, MAX: 0.010817859321832657
RMS: 0.001272979541681707, MAX: 0.008478190749883652
RMS: 0.0009559360332787037, MAX: 0.005787521135061979
RMS: 0.000505194766446948, MAX: 0.003496819408610463
Optimization converged!
Eigenvector following terminated normally.
[ 0.        +4.28463474e+02j  0.        +4.54510182e+00j
  0.        +2.07996676e+00j  0.        +1.64083745e+00j
  0.        +1.55808315e+00j  0.        +1.00847383e+00j
  0.        +3.05359984e-01j 16.03762785+0.00000000e+00j
 18.30570113+0.00000000e+00j 23.66570274+0.00000000e+00j
 29.00355974+0.00000000e+00j 33.335463  +0.00000000e+00j
 37.04055053+0.00000000e+00j 41.5596619 +0.00000000e+00j
 45.87246694+0.00000000e+00j 55.32941485+0.00000000e+00j
 60.62512913+0.00000000e+00j 66.26757179+0.00000000e+00j
 75.92156768+0.00000000e+00j 78.1470798 +0.00000000e+00j]
Flipping all imaginary frequencies except the lowest one
Entropy components at T = 298.15 K and P = 101325.0 Pa:
=================================================
                           S               T*S
S_trans (1 bar)    0.0019477 eV/K        0.581 eV
S_rot              0.0016733 eV/K        0.499 eV
S_elec             0.0000000 eV/K        0.000 eV
S_vib              0.0068014 eV/K        2.028 eV
S (1 bar -> P)    -0.0000011 eV/K       -0.000 eV
-------------------------------------------------
S                  0.0104212 eV/K        3.107 eV
=================================================
Enthalpy components at T = 298.15 K:
===============================
E_pot                 -2.544 eV
E_ZPE                 17.399 eV
Cv_trans (0->T)        0.039 eV
Cv_rot (0->T)          0.039 eV
Cv_vib (0->T)          0.971 eV
(C_v -> C_p)           0.026 eV
-------------------------------
H                     15.929 eV
===============================
