[ 0.        +9.96391910e+02j  0.        +2.40138250e+00j
  0.        +1.52545645e+00j  0.        +1.20243130e+00j
  0.        +9.72375585e-01j  0.        +7.09891405e-01j
  0.        +4.02737786e-01j 11.28999038+0.00000000e+00j
 12.46136922+0.00000000e+00j 22.42133185+0.00000000e+00j
 24.20300166+0.00000000e+00j 29.28807606+0.00000000e+00j
 39.70954473+0.00000000e+00j 44.09217436+0.00000000e+00j
 51.43353174+0.00000000e+00j 54.96186668+0.00000000e+00j
 60.29749371+0.00000000e+00j 63.99643745+0.00000000e+00j
 72.41002892+0.00000000e+00j 88.0236046 +0.00000000e+00j]
Entropy components at T = 298.15 K and P = 101325.0 Pa:
=================================================
                           S               T*S
S_trans (1 bar)    0.0019505 eV/K        0.582 eV
S_rot              0.0016607 eV/K        0.495 eV
S_elec             0.0000000 eV/K        0.000 eV
S_vib              0.0057849 eV/K        1.725 eV
S (1 bar -> P)    -0.0000011 eV/K       -0.000 eV
-------------------------------------------------
S                  0.0093949 eV/K        2.801 eV
=================================================
Enthalpy components at T = 298.15 K:
===============================
E_pot                 -2.836 eV
E_ZPE                  9.121 eV
Cv_trans (0->T)        0.039 eV
Cv_rot (0->T)          0.039 eV
Cv_vib (0->T)          0.795 eV
(C_v -> C_p)           0.026 eV
-------------------------------
H                      7.183 eV
===============================
Generating forward path to find forward triplet crossing
Did not find a triplet crossing after 500 steps
Generating backward path to find backward triplet crossing
Did not find a triplet crossing after 500 steps
Neural IRC terminated normally.
