You need to install the group's fork of aRMSD and put it in your path https://github.mit.edu/MLMat/aRMSD
[ 0.        +6.60521408e+02j  0.        +6.99421139e-01j
  0.        +4.69885959e-01j  0.        +2.50166562e-01j
  1.06168414+0.00000000e+00j  2.47659574+0.00000000e+00j
  6.39518541+0.00000000e+00j 13.57897954+0.00000000e+00j
 20.81399787+0.00000000e+00j 23.68636379+0.00000000e+00j
 28.3771447 +0.00000000e+00j 30.46102495+0.00000000e+00j
 37.90700038+0.00000000e+00j 40.18175682+0.00000000e+00j
 50.15793399+0.00000000e+00j 56.27615347+0.00000000e+00j
 59.89982874+0.00000000e+00j 64.49524666+0.00000000e+00j
 65.04797165+0.00000000e+00j 76.82780293+0.00000000e+00j]
Entropy components at T = 298.15 K and P = 101325.0 Pa:
=================================================
                           S               T*S
S_trans (1 bar)    0.0019477 eV/K        0.581 eV
S_rot              0.0016706 eV/K        0.498 eV
S_elec             0.0000000 eV/K        0.000 eV
S_vib              0.0068898 eV/K        2.054 eV
S (1 bar -> P)    -0.0000011 eV/K       -0.000 eV
-------------------------------------------------
S                  0.0105069 eV/K        3.133 eV
=================================================
Enthalpy components at T = 298.15 K:
===============================
E_pot                 -2.538 eV
E_ZPE                 17.354 eV
Cv_trans (0->T)        0.039 eV
Cv_rot (0->T)          0.039 eV
Cv_vib (0->T)          0.976 eV
(C_v -> C_p)           0.026 eV
-------------------------------
H                     15.894 eV
===============================
RMS: 0.032901130616664886, MAX: 1.3298527002334595
RMS: 0.019627319648861885, MAX: 0.7679035067558289
RMS: 0.025413956493139267, MAX: 1.0095473527908325
RMS: 0.027112387120723724, MAX: 1.0661901235580444
RMS: 0.018162380903959274, MAX: 0.7040495872497559
RMS: 0.022588610649108887, MAX: 0.8741390705108643
RMS: 0.024096740409731865, MAX: 0.9039450883865356
RMS: 0.019397079944610596, MAX: 0.7202428579330444
RMS: 0.021502595394849777, MAX: 0.7806384563446045
RMS: 0.01845480129122734, MAX: 0.5985923409461975
RMS: 0.020579248666763306, MAX: 0.6965663433074951
RMS: 0.02277478016912937, MAX: 0.503495454788208
RMS: 0.02650725282728672, MAX: 0.6052954196929932
RMS: 0.02971695549786091, MAX: 0.6567699909210205
RMS: 0.03193464130163193, MAX: 0.7014809250831604
RMS: 0.027911119163036346, MAX: 0.6389145255088806
RMS: 0.030646145343780518, MAX: 0.7108210921287537
RMS: 0.03786730766296387, MAX: 0.9505705237388611
RMS: 0.031849317252635956, MAX: 0.6765329837799072
RMS: 0.03166494518518448, MAX: 1.0989593267440796
RMS: 0.03355256840586662, MAX: 0.7827713489532471
RMS: 0.04957163333892822, MAX: 1.1561756134033203
RMS: 0.043355632573366165, MAX: 1.0107948780059814
RMS: 0.021918460726737976, MAX: 0.5715558528900146
RMS: 0.018983447924256325, MAX: 0.46292757987976074
RMS: 0.012395068071782589, MAX: 0.325144499540329
RMS: 0.007380293682217598, MAX: 0.13614477217197418
RMS: 0.0070860730484128, MAX: 0.10736493021249771
RMS: 0.006938498932868242, MAX: 0.09460156410932541
RMS: 0.004687300883233547, MAX: 0.030175667256116867
RMS: 0.0055174860171973705, MAX: 0.05283237621188164
RMS: 0.005069138016551733, MAX: 0.04970955476164818
RMS: 0.004031549207866192, MAX: 0.02369411289691925
RMS: 0.00400393595919013, MAX: 0.02243020571768284
RMS: 0.003723978064954281, MAX: 0.019206540659070015
RMS: 0.0031232228502631187, MAX: 0.01631494238972664
RMS: 0.0029108435846865177, MAX: 0.019485166296362877
RMS: 0.002069506561383605, MAX: 0.022447077557444572
RMS: 0.00149090017657727, MAX: 0.016551334410905838
RMS: 0.0019153490429744124, MAX: 0.01897270977497101
RMS: 0.0014918657252565026, MAX: 0.007852562703192234
RMS: 0.002526382450014353, MAX: 0.020948760211467743
RMS: 0.0018301982199773192, MAX: 0.01260168757289648
RMS: 0.0026427172124385834, MAX: 0.03448411077260971
RMS: 0.005246810615062714, MAX: 0.06960979849100113
RMS: 0.002561901230365038, MAX: 0.015169140882790089
RMS: 0.0029210420325398445, MAX: 0.030246762558817863
RMS: 0.0019340453436598182, MAX: 0.011121218092739582
RMS: 0.00358336023055017, MAX: 0.03780953586101532
RMS: 0.0031029502861201763, MAX: 0.022193774580955505
RMS: 0.00230229739099741, MAX: 0.015264967456459999
RMS: 0.001074496190994978, MAX: 0.005270264111459255
RMS: 0.0015151227125898004, MAX: 0.012548832222819328
RMS: 0.0017958307871595025, MAX: 0.010204068385064602
RMS: 0.00203967047855258, MAX: 0.010925853624939919
RMS: 0.0022955164313316345, MAX: 0.01160984393209219
RMS: 0.0023229087237268686, MAX: 0.013003653846681118
RMS: 0.00200384808704257, MAX: 0.011642469093203545
RMS: 0.0015032872324809432, MAX: 0.006858260370790958
RMS: 0.0017022539395838976, MAX: 0.015473959036171436
RMS: 0.0021717201452702284, MAX: 0.01174248568713665
RMS: 0.0021130135282874107, MAX: 0.0198572538793087
RMS: 0.0025396537967026234, MAX: 0.018095899373292923
RMS: 0.001659046858549118, MAX: 0.01031765341758728
RMS: 0.0023493976332247257, MAX: 0.020596954971551895
RMS: 0.0018678916385397315, MAX: 0.018948398530483246
RMS: 0.002096058102324605, MAX: 0.011702032759785652
RMS: 0.0017203926108777523, MAX: 0.013425059616565704
RMS: 0.0007988113211467862, MAX: 0.005262626335024834
RMS: 0.0017855347832664847, MAX: 0.010606039315462112
RMS: 0.0016439665341749787, MAX: 0.011021432466804981
RMS: 0.0022683029528707266, MAX: 0.012699637562036514
RMS: 0.0024364087730646133, MAX: 0.01301947608590126
RMS: 0.0016888463869690895, MAX: 0.010768448002636433
RMS: 0.0023229504004120827, MAX: 0.012132474221289158
RMS: 0.0025777488481253386, MAX: 0.018834998831152916
RMS: 0.0029491782188415527, MAX: 0.016077693551778793
RMS: 0.002897515194490552, MAX: 0.01802019029855728
RMS: 0.003676036139950156, MAX: 0.023693107068538666
RMS: 0.0026988820172846317, MAX: 0.022110193967819214
RMS: 0.004154861904680729, MAX: 0.028351586312055588
RMS: 0.0030647313687950373, MAX: 0.02440677396953106
RMS: 0.004009871277958155, MAX: 0.031736813485622406
RMS: 0.004557515494525433, MAX: 0.07820199429988861
RMS: 0.005145371425896883, MAX: 0.04372084140777588
RMS: 0.005540167912840843, MAX: 0.08956942707300186
RMS: 0.005220073740929365, MAX: 0.0492563433945179
RMS: 0.005025886464864016, MAX: 0.10689842700958252
RMS: 0.0051648723892867565, MAX: 0.11447317898273468
RMS: 0.0029254367109388113, MAX: 0.026344483718276024
RMS: 0.004940679296851158, MAX: 0.11373116075992584
RMS: 0.009852387011051178, MAX: 0.2077343910932541
RMS: 0.0067987022921442986, MAX: 0.12767669558525085
RMS: 0.018869396299123764, MAX: 0.4324885308742523
RMS: 0.01819864846765995, MAX: 0.37781476974487305
RMS: 0.0038018994964659214, MAX: 0.09039963036775589
RMS: 0.008373348042368889, MAX: 0.14086759090423584
RMS: 0.00381432450376451, MAX: 0.06853652000427246
RMS: 0.008161709643900394, MAX: 0.09007786214351654
RMS: 0.00418385723605752, MAX: 0.07366618514060974
RMS: 0.004634815268218517, MAX: 0.06077466905117035
RMS: 0.004863339941948652, MAX: 0.0855870321393013
RMS: 0.004529193043708801, MAX: 0.07114117592573166
RMS: 0.0037988913245499134, MAX: 0.05330313369631767
RMS: 0.003979269415140152, MAX: 0.05893455073237419
RMS: 0.002637336263433099, MAX: 0.025376180186867714
RMS: 0.001538835116662085, MAX: 0.02405465580523014
RMS: 0.001610776293091476, MAX: 0.018335269764065742
RMS: 0.0017533325590193272, MAX: 0.026802826672792435
RMS: 0.002339485567063093, MAX: 0.014512934722006321
RMS: 0.0019868058152496815, MAX: 0.01769205369055271
RMS: 0.0029681252781301737, MAX: 0.018194012343883514
RMS: 0.002524430165067315, MAX: 0.020685270428657532
RMS: 0.0034905103966593742, MAX: 0.028879506513476372
RMS: 0.0018018429400399327, MAX: 0.025685790926218033
RMS: 0.0037774627562612295, MAX: 0.03643890470266342
RMS: 0.0022556870244443417, MAX: 0.031304698437452316
RMS: 0.0034587241243571043, MAX: 0.04416394233703613
RMS: 0.001694314880296588, MAX: 0.012364800088107586
RMS: 0.0032715946435928345, MAX: 0.047420237213373184
RMS: 0.0016942949732765555, MAX: 0.02146330289542675
RMS: 0.0023305239155888557, MAX: 0.03450853005051613
RMS: 0.0015877059195190668, MAX: 0.009843332692980766
RMS: 0.0024499406572431326, MAX: 0.03558740392327309
RMS: 0.002527690725401044, MAX: 0.030409904196858406
RMS: 0.0017698048613965511, MAX: 0.018083762377500534
RMS: 0.0005867858417332172, MAX: 0.0035378809552639723
Optimization converged!
Eigenvector following terminated normally.
[ 0.        +8.15629820e+02j  0.        +1.05700209e+00j
  0.        +7.89967164e-01j  0.        +4.86345212e-01j
  0.        +2.95312228e-01j  0.27703616+0.00000000e+00j
  1.18414131+0.00000000e+00j 12.75125563+0.00000000e+00j
 20.2535233 +0.00000000e+00j 22.12979301+0.00000000e+00j
 26.29396725+0.00000000e+00j 28.2010437 +0.00000000e+00j
 32.40824842+0.00000000e+00j 38.23259472+0.00000000e+00j
 44.67051443+0.00000000e+00j 53.75191817+0.00000000e+00j
 58.96050093+0.00000000e+00j 63.73647012+0.00000000e+00j
 67.55659983+0.00000000e+00j 74.78532169+0.00000000e+00j]
Flipping all imaginary frequencies except the lowest one
Entropy components at T = 298.15 K and P = 101325.0 Pa:
=================================================
                           S               T*S
S_trans (1 bar)    0.0019477 eV/K        0.581 eV
S_rot              0.0016700 eV/K        0.498 eV
S_elec             0.0000000 eV/K        0.000 eV
S_vib              0.0069305 eV/K        2.066 eV
S (1 bar -> P)    -0.0000011 eV/K       -0.000 eV
-------------------------------------------------
S                  0.0105470 eV/K        3.145 eV
=================================================
Enthalpy components at T = 298.15 K:
===============================
E_pot                 -2.492 eV
E_ZPE                 17.379 eV
Cv_trans (0->T)        0.039 eV
Cv_rot (0->T)          0.039 eV
Cv_vib (0->T)          0.975 eV
(C_v -> C_p)           0.026 eV
-------------------------------
H                     15.964 eV
===============================
