[  0.        +933.75827346j   0.          +5.41826799j
   0.          +4.04685559j   0.          +2.7821929j
   0.          +2.18218071j   0.          +1.72843674j
   0.          +1.53480237j  31.31226092  +0.j
  40.78941977  +0.j          41.19727108  +0.j
  95.13024115  +0.j         109.38282141  +0.j
 191.39879566  +0.j         219.19344349  +0.j
 220.50470376  +0.j         250.23485565  +0.j
 251.42810163  +0.j         264.91288029  +0.j
 301.90531482  +0.j         342.19975387  +0.j        ]
Entropy components at T = 298.15 K and P = 101325.0 Pa:
=================================================
                           S               T*S
S_trans (1 bar)    0.0018612 eV/K        0.555 eV
S_rot              0.0014718 eV/K        0.439 eV
S_elec             0.0000000 eV/K        0.000 eV
S_vib              0.0021664 eV/K        0.646 eV
S (1 bar -> P)    -0.0000011 eV/K       -0.000 eV
-------------------------------------------------
S                  0.0054982 eV/K        1.639 eV
=================================================
Enthalpy components at T = 298.15 K:
===============================
E_pot                 -0.175 eV
E_ZPE                  3.896 eV
Cv_trans (0->T)        0.039 eV
Cv_rot (0->T)          0.039 eV
Cv_vib (0->T)          0.338 eV
(C_v -> C_p)           0.026 eV
-------------------------------
H                      4.161 eV
===============================
Generating forward path to find forward triplet crossing
Found a triplet crossing after 15 steps!
Minimizing average (singlet, triplet) energy while keeping the gap as small as possible
      Step     Time          Energy         fmax
BFGS:    0 10:10:17       -0.334777        0.3849
BFGS:    1 10:10:17       -0.340067        0.2286
BFGS:    2 10:10:18       -0.343784        0.1769
BFGS:    3 10:10:18       -0.345754        0.1323
BFGS:    4 10:10:19       -0.347547        0.0952
BFGS:    5 10:10:19       -0.349742        0.0614
BFGS:    6 10:10:20       -0.352664        0.0780
BFGS:    7 10:10:20       -0.354726        0.0797
BFGS:    8 10:10:21       -0.355470        0.0757
BFGS:    9 10:10:21       -0.355294        0.0875
BFGS:   10 10:10:22       -0.354992        0.0888
BFGS:   11 10:10:23       -0.355357        0.0837
BFGS:   12 10:10:23       -0.357013        0.0901
BFGS:   13 10:10:24       -0.359733        0.0611
BFGS:   14 10:10:24       -0.362364        0.0659
BFGS:   15 10:10:25       -0.364150        0.0579
BFGS:   16 10:10:25       -0.364950        0.0555
BFGS:   17 10:10:26       -0.364840        0.0587
BFGS:   18 10:10:26       -0.364356        0.0527
BFGS:   19 10:10:27       -0.364178        0.0561
BFGS:   20 10:10:27       -0.364694        0.0529
BFGS:   21 10:10:28       -0.366004        0.0816
BFGS:   22 10:10:28       -0.367822        0.0840
BFGS:   23 10:10:29       -0.369236        0.0468
BFGS:   24 10:10:29       -0.369516        0.0460
BFGS:   25 10:10:29       -0.369093        0.0420
BFGS:   26 10:10:30       -0.368417        0.0490
BFGS:   27 10:10:30       -0.367966        0.0606
BFGS:   28 10:10:31       -0.368361        0.0627
BFGS:   29 10:10:31       -0.369909        0.0672
BFGS:   30 10:10:32       -0.372292        0.0723
BFGS:   31 10:10:32       -0.375051        0.0702
BFGS:   32 10:10:33       -0.377837        0.0762
BFGS:   33 10:10:33       -0.379601        0.0954
BFGS:   34 10:10:34       -0.379455        0.1049
BFGS:   35 10:10:34       -0.378328        0.0784
BFGS:   36 10:10:35       -0.377969        0.0532
BFGS:   37 10:10:35       -0.378694        0.0573
BFGS:   38 10:10:36       -0.380605        0.0607
BFGS:   39 10:10:36       -0.383430        0.0674
BFGS:   40 10:10:36       -0.385830        0.0575
BFGS:   41 10:10:37       -0.386280        0.0423
BFGS:   42 10:10:38       -0.385380        0.0326
BFGS:   43 10:10:38       -0.384386        0.0322
BFGS:   44 10:10:38       -0.383919        0.0278
BFGS:   45 10:10:39       -0.384163        0.0215
BFGS:   46 10:10:39       -0.384938        0.0169
BFGS:   47 10:10:40       -0.385634        0.0142
BFGS:   48 10:10:40       -0.385939        0.0117
BFGS:   49 10:10:41       -0.385839        0.0073
BFGS:   50 10:10:41       -0.385577        0.0058
BFGS:   51 10:10:42       -0.385402        0.0040
Generating backward path to find backward triplet crossing
Found a triplet crossing after 13 steps!
Minimizing average (singlet, triplet) energy while keeping the gap as small as possible
      Step     Time          Energy         fmax
BFGS:    0 10:10:48       -0.313130        0.5061
BFGS:    1 10:10:49       -0.318943        0.1654
BFGS:    2 10:10:49       -0.320863        0.1061
BFGS:    3 10:10:50       -0.323953        0.0654
BFGS:    4 10:10:50       -0.324127        0.0547
BFGS:    5 10:10:51       -0.324217        0.0537
BFGS:    6 10:10:51       -0.324326        0.0339
BFGS:    7 10:10:52       -0.324676        0.0335
BFGS:    8 10:10:53       -0.325317        0.0308
BFGS:    9 10:10:53       -0.325973        0.0413
BFGS:   10 10:10:54       -0.326661        0.0470
BFGS:   11 10:10:55       -0.326979        0.0499
BFGS:   12 10:10:55       -0.326888        0.0443
BFGS:   13 10:10:56       -0.326634        0.0489
BFGS:   14 10:10:57       -0.326599        0.0451
BFGS:   15 10:10:57       -0.327053        0.0421
BFGS:   16 10:10:58       -0.327864        0.0387
BFGS:   17 10:10:58       -0.328689        0.0281
BFGS:   18 10:10:59       -0.329323        0.0304
BFGS:   19 10:10:59       -0.329621        0.0338
BFGS:   20 10:11:00       -0.329524        0.0342
BFGS:   21 10:11:01       -0.329179        0.0347
BFGS:   22 10:11:02       -0.328901        0.0522
BFGS:   23 10:11:02       -0.329056        0.0533
BFGS:   24 10:11:03       -0.329704        0.0330
BFGS:   25 10:11:04       -0.330558        0.0301
BFGS:   26 10:11:04       -0.331407        0.0283
BFGS:   27 10:11:05       -0.332019        0.0373
BFGS:   28 10:11:06       -0.332025        0.0357
BFGS:   29 10:11:06       -0.331575        0.0277
BFGS:   30 10:11:07       -0.331073        0.0291
BFGS:   31 10:11:08       -0.330843        0.0334
BFGS:   32 10:11:09       -0.331156        0.0397
BFGS:   33 10:11:09       -0.332167        0.0488
BFGS:   34 10:11:10       -0.333758        0.0544
BFGS:   35 10:11:10       -0.335230        0.0518
BFGS:   36 10:11:11       -0.335665        0.0465
BFGS:   37 10:11:11       -0.335082        0.0333
BFGS:   38 10:11:12       -0.334398        0.0255
BFGS:   39 10:11:13       -0.333877        0.0267
BFGS:   40 10:11:13       -0.333741        0.0304
BFGS:   41 10:11:14       -0.334271        0.0201
BFGS:   42 10:11:14       -0.335001        0.0135
BFGS:   43 10:11:15       -0.335408        0.0107
BFGS:   44 10:11:16       -0.335707        0.0108
BFGS:   45 10:11:16       -0.335901        0.0129
BFGS:   46 10:11:17       -0.335798        0.0110
BFGS:   47 10:11:17       -0.335496        0.0074
BFGS:   48 10:11:18       -0.335291        0.0052
BFGS:   49 10:11:18       -0.335231        0.0045
Neural IRC terminated normally.
