You need to install the group's fork of aRMSD and put it in your path https://github.mit.edu/MLMat/aRMSD
[ 0.        +415.99263193j  0.          +2.64993861j
  0.          +1.75354418j  0.          +0.71546692j
  2.75625241  +0.j          7.88405454  +0.j
  8.64601534  +0.j         16.28480426  +0.j
 19.38411132  +0.j         23.54565682  +0.j
 28.25645169  +0.j         30.00997571  +0.j
 37.24504302  +0.j         40.38869829  +0.j
 52.58787139  +0.j         60.43315431  +0.j
 62.80897699  +0.j         64.10216282  +0.j
 71.25710026  +0.j         73.49514433  +0.j        ]
Entropy components at T = 298.15 K and P = 101325.0 Pa:
=================================================
                           S               T*S
S_trans (1 bar)    0.0019477 eV/K        0.581 eV
S_rot              0.0016641 eV/K        0.496 eV
S_elec             0.0000000 eV/K        0.000 eV
S_vib              0.0067280 eV/K        2.006 eV
S (1 bar -> P)    -0.0000011 eV/K       -0.000 eV
-------------------------------------------------
S                  0.0103387 eV/K        3.082 eV
=================================================
Enthalpy components at T = 298.15 K:
===============================
E_pot                 -2.469 eV
E_ZPE                 17.421 eV
Cv_trans (0->T)        0.039 eV
Cv_rot (0->T)          0.039 eV
Cv_vib (0->T)          0.959 eV
(C_v -> C_p)           0.026 eV
-------------------------------
H                     16.013 eV
===============================
RMS: 0.06682728976011276, MAX: 2.0224239826202393
RMS: 0.0322595089673996, MAX: 0.9072625041007996
RMS: 0.012013153173029423, MAX: 0.1877146065235138
RMS: 0.006306035909801722, MAX: 0.11731554567813873
RMS: 0.004760913550853729, MAX: 0.10340951383113861
RMS: 0.007388134021311998, MAX: 0.09886521846055984
RMS: 0.0035141059197485447, MAX: 0.044904448091983795
RMS: 0.0029695306438952684, MAX: 0.022901589050889015
RMS: 0.0033259978517889977, MAX: 0.03247927874326706
RMS: 0.0032136912923306227, MAX: 0.028028257191181183
RMS: 0.002282398287206888, MAX: 0.01788116805255413
RMS: 0.0016789129003882408, MAX: 0.01572193205356598
RMS: 0.0011550060007721186, MAX: 0.015626074746251106
RMS: 0.0008469042368233204, MAX: 0.010838477872312069
RMS: 0.0009288675501011312, MAX: 0.011678041890263557
RMS: 0.0008704268839210272, MAX: 0.010732907801866531
RMS: 0.0010271024657413363, MAX: 0.009464453905820847
RMS: 0.0010511825093999505, MAX: 0.011136173270642757
RMS: 0.00109270925167948, MAX: 0.012969003058969975
RMS: 0.0008638467406854033, MAX: 0.008551416918635368
RMS: 0.001080513233318925, MAX: 0.012948546558618546
RMS: 0.002337655983865261, MAX: 0.030368585139513016
RMS: 0.0012307185679674149, MAX: 0.020445730537176132
RMS: 0.0036946781910955906, MAX: 0.056773263961076736
RMS: 0.0029574267100542784, MAX: 0.038048114627599716
RMS: 0.001336934044957161, MAX: 0.012481948360800743
RMS: 0.0010429199319332838, MAX: 0.009457641281187534
RMS: 0.001723872497677803, MAX: 0.018359607085585594
RMS: 0.0016015575965866446, MAX: 0.019269360229372978
RMS: 0.0009118926827795804, MAX: 0.006945297587662935
RMS: 0.0008215589332394302, MAX: 0.012549720704555511
RMS: 0.0014435348566621542, MAX: 0.018589604645967484
RMS: 0.0012447780463844538, MAX: 0.00996134988963604
RMS: 0.00042953836964443326, MAX: 0.0034859376028180122
Optimization converged!
Eigenvector following terminated normally.
[ 0.        +576.75711209j  0.          +4.37403548j
  0.          +2.51807048j  0.          +1.86969554j
  0.          +1.15011074j  0.          +1.04350004j
  0.          +0.80656482j 13.08336375  +0.j
 20.26667377  +0.j         24.2076776   +0.j
 28.41003761  +0.j         30.27574351  +0.j
 36.61550473  +0.j         38.83691614  +0.j
 53.27680184  +0.j         57.39748693  +0.j
 59.49631373  +0.j         61.09112325  +0.j
 69.98679163  +0.j         73.95865856  +0.j        ]
Flipping all imaginary frequencies except the lowest one
Entropy components at T = 298.15 K and P = 101325.0 Pa:
=================================================
                           S               T*S
S_trans (1 bar)    0.0019477 eV/K        0.581 eV
S_rot              0.0016649 eV/K        0.496 eV
S_elec             0.0000000 eV/K        0.000 eV
S_vib              0.0067762 eV/K        2.020 eV
S (1 bar -> P)    -0.0000011 eV/K       -0.000 eV
-------------------------------------------------
S                  0.0103877 eV/K        3.097 eV
=================================================
Enthalpy components at T = 298.15 K:
===============================
E_pot                 -2.489 eV
E_ZPE                 17.420 eV
Cv_trans (0->T)        0.039 eV
Cv_rot (0->T)          0.039 eV
Cv_vib (0->T)          0.962 eV
(C_v -> C_p)           0.026 eV
-------------------------------
H                     15.996 eV
===============================
