You need to install the group's fork of aRMSD and put it in your path https://github.mit.edu/MLMat/aRMSD
[  0.        +874.41147826j   0.         +11.08785042j
   0.          +1.9275404j    0.          +1.37662998j
   0.          +1.20111742j   2.10525519  +0.j
   2.97561541  +0.j           7.66235466  +0.j
  14.91656494  +0.j          21.60986619  +0.j
  25.77248536  +0.j          46.09398908  +0.j
  54.36456658  +0.j          58.5383398   +0.j
  73.62605191  +0.j          79.53187017  +0.j
  86.69712493  +0.j          95.9767988   +0.j
 104.52131019  +0.j         111.88030146  +0.j        ]
Entropy components at T = 298.15 K and P = 101325.0 Pa:
=================================================
                           S               T*S
S_trans (1 bar)    0.0019060 eV/K        0.568 eV
S_rot              0.0016326 eV/K        0.487 eV
S_elec             0.0000000 eV/K        0.000 eV
S_vib              0.0052264 eV/K        1.558 eV
S (1 bar -> P)    -0.0000011 eV/K       -0.000 eV
-------------------------------------------------
S                  0.0087640 eV/K        2.613 eV
=================================================
Enthalpy components at T = 298.15 K:
===============================
E_pot                  0.435 eV
E_ZPE                 16.218 eV
Cv_trans (0->T)        0.039 eV
Cv_rot (0->T)          0.039 eV
Cv_vib (0->T)          0.742 eV
(C_v -> C_p)           0.026 eV
-------------------------------
H                     17.498 eV
===============================
RMS: 0.017013514414429665, MAX: 0.5715325474739075
RMS: 0.00936318188905716, MAX: 0.29352712631225586
RMS: 0.0026920349337160587, MAX: 0.03979308530688286
RMS: 0.0047676097601652145, MAX: 0.13440631330013275
RMS: 0.004095318727195263, MAX: 0.09645753353834152
RMS: 0.0036544078029692173, MAX: 0.058444101363420486
RMS: 0.0035072360187768936, MAX: 0.04707103222608566
RMS: 0.003590001491829753, MAX: 0.047171127051115036
RMS: 0.00371336517855525, MAX: 0.04858268052339554
RMS: 0.0035450768191367388, MAX: 0.04111136496067047
RMS: 0.004164944402873516, MAX: 0.047101184725761414
RMS: 0.0029620444402098656, MAX: 0.028839563950896263
RMS: 0.002629076363518834, MAX: 0.022932516410946846
RMS: 0.0024336872156709433, MAX: 0.009774439968168736
RMS: 0.002781017916277051, MAX: 0.017242882400751114
RMS: 0.002553276252001524, MAX: 0.0179291982203722
RMS: 0.0014743133215233684, MAX: 0.013012154027819633
RMS: 0.001314194523729384, MAX: 0.01008074451237917
RMS: 0.0007969425641931593, MAX: 0.006558156572282314
RMS: 0.0007841956103220582, MAX: 0.003695524064823985
Optimization converged!
Eigenvector following terminated normally.
[  0.        +7.18022820e+02j   0.        +3.43061594e+00j
   0.        +2.95229910e+00j   0.        +1.57681657e+00j
   0.        +1.05877705e+00j   0.        +7.61041993e-01j
   0.        +3.84431761e-01j   8.53812762+0.00000000e+00j
  15.27313936+0.00000000e+00j  21.25574914+0.00000000e+00j
  26.16759511+0.00000000e+00j  47.46950636+0.00000000e+00j
  56.95250824+0.00000000e+00j  58.94769607+0.00000000e+00j
  74.50212879+0.00000000e+00j  78.95295443+0.00000000e+00j
  87.04050921+0.00000000e+00j  95.67986961+0.00000000e+00j
 105.53585592+0.00000000e+00j 112.24259318+0.00000000e+00j]
Flipping all imaginary frequencies except the lowest one
Entropy components at T = 298.15 K and P = 101325.0 Pa:
=================================================
                           S               T*S
S_trans (1 bar)    0.0019060 eV/K        0.568 eV
S_rot              0.0016320 eV/K        0.487 eV
S_elec             0.0000000 eV/K        0.000 eV
S_vib              0.0051951 eV/K        1.549 eV
S (1 bar -> P)    -0.0000011 eV/K       -0.000 eV
-------------------------------------------------
S                  0.0087320 eV/K        2.603 eV
=================================================
Enthalpy components at T = 298.15 K:
===============================
E_pot                  0.407 eV
E_ZPE                 16.217 eV
Cv_trans (0->T)        0.039 eV
Cv_rot (0->T)          0.039 eV
Cv_vib (0->T)          0.741 eV
(C_v -> C_p)           0.026 eV
-------------------------------
H                     17.468 eV
===============================
